[2.752s] Invoking command in '/home/vedant/OdriveCANControl/src/odrive_control_py': PYTHONPATH=/home/vedant/OdriveCANControl/build/odrive_control_py/prefix_override:/usr/lib/python3/dist-packages/colcon_core/task/python/colcon_distutils_commands:/home/vedant/OdriveCANControl/install/odrive_control_py/lib/python3.10/site-packages:${PYTHONPATH} /usr/bin/python3 -W ignore:setup.py install is deprecated -W ignore:easy_install command is deprecated setup.py egg_info --egg-base ../../build/odrive_control_py build --build-base /home/vedant/OdriveCANControl/build/odrive_control_py/build install --record /home/vedant/OdriveCANControl/build/odrive_control_py/install.log --single-version-externally-managed install_data
[3.826s] running egg_info
[3.829s] writing ../../build/odrive_control_py/odrive_control_py.egg-info/PKG-INFO
[3.830s] writing dependency_links to ../../build/odrive_control_py/odrive_control_py.egg-info/dependency_links.txt
[3.832s] writing entry points to ../../build/odrive_control_py/odrive_control_py.egg-info/entry_points.txt
[3.833s] writing requirements to ../../build/odrive_control_py/odrive_control_py.egg-info/requires.txt
[3.834s] writing top-level names to ../../build/odrive_control_py/odrive_control_py.egg-info/top_level.txt
[3.842s] reading manifest file '../../build/odrive_control_py/odrive_control_py.egg-info/SOURCES.txt'
[3.846s] writing manifest file '../../build/odrive_control_py/odrive_control_py.egg-info/SOURCES.txt'
[3.847s] running build
[3.847s] running build_py
[3.850s] copying odrive_control_py/app_server_node.py -> /home/vedant/OdriveCANControl/build/odrive_control_py/build/lib/odrive_control_py
[3.852s] running install
[3.853s] running install_lib
[3.859s] copying /home/vedant/OdriveCANControl/build/odrive_control_py/build/lib/odrive_control_py/app_server_node.py -> /home/vedant/OdriveCANControl/install/odrive_control_py/lib/python3.10/site-packages/odrive_control_py
[3.864s] byte-compiling /home/vedant/OdriveCANControl/install/odrive_control_py/lib/python3.10/site-packages/odrive_control_py/app_server_node.py to app_server_node.cpython-310.pyc
[3.868s] running install_data
[3.869s] running install_egg_info
[3.876s] removing '/home/vedant/OdriveCANControl/install/odrive_control_py/lib/python3.10/site-packages/odrive_control_py-0.0.0-py3.10.egg-info' (and everything under it)
[3.878s] Copying ../../build/odrive_control_py/odrive_control_py.egg-info to /home/vedant/OdriveCANControl/install/odrive_control_py/lib/python3.10/site-packages/odrive_control_py-0.0.0-py3.10.egg-info
[3.885s] running install_scripts
[3.967s] Installing FCR_node script to /home/vedant/OdriveCANControl/install/odrive_control_py/lib/odrive_control_py
[3.968s] Installing app script to /home/vedant/OdriveCANControl/install/odrive_control_py/lib/odrive_control_py
[3.968s] Installing data_recording_node script to /home/vedant/OdriveCANControl/install/odrive_control_py/lib/odrive_control_py
[3.969s] Installing encoder_read_node script to /home/vedant/OdriveCANControl/install/odrive_control_py/lib/odrive_control_py
[3.970s] Installing odrive_control_node script to /home/vedant/OdriveCANControl/install/odrive_control_py/lib/odrive_control_py
[3.971s] Installing trial_odrive_control_node script to /home/vedant/OdriveCANControl/install/odrive_control_py/lib/odrive_control_py
[3.974s] writing list of installed files to '/home/vedant/OdriveCANControl/build/odrive_control_py/install.log'
[4.091s] Invoked command in '/home/vedant/OdriveCANControl/src/odrive_control_py' returned '0': PYTHONPATH=/home/vedant/OdriveCANControl/build/odrive_control_py/prefix_override:/usr/lib/python3/dist-packages/colcon_core/task/python/colcon_distutils_commands:/home/vedant/OdriveCANControl/install/odrive_control_py/lib/python3.10/site-packages:${PYTHONPATH} /usr/bin/python3 -W ignore:setup.py install is deprecated -W ignore:easy_install command is deprecated setup.py egg_info --egg-base ../../build/odrive_control_py build --build-base /home/vedant/OdriveCANControl/build/odrive_control_py/build install --record /home/vedant/OdriveCANControl/build/odrive_control_py/install.log --single-version-externally-managed install_data
