[2.419s] Invoking command in '/home/vedant/OdriveCANControl/src/odrive_control_py': PYTHONPATH=/home/vedant/OdriveCANControl/build/odrive_control_py/prefix_override:/usr/lib/python3/dist-packages/colcon_core/task/python/colcon_distutils_commands:/home/vedant/OdriveCANControl/install/odrive_control_py/lib/python3.10/site-packages:${PYTHONPATH} /usr/bin/python3 -W ignore:setup.py install is deprecated -W ignore:easy_install command is deprecated setup.py egg_info --egg-base ../../build/odrive_control_py build --build-base /home/vedant/OdriveCANControl/build/odrive_control_py/build install --record /home/vedant/OdriveCANControl/build/odrive_control_py/install.log --single-version-externally-managed install_data
[3.375s] running egg_info
[3.378s] writing ../../build/odrive_control_py/odrive_control_py.egg-info/PKG-INFO
[3.380s] writing dependency_links to ../../build/odrive_control_py/odrive_control_py.egg-info/dependency_links.txt
[3.381s] writing entry points to ../../build/odrive_control_py/odrive_control_py.egg-info/entry_points.txt
[3.382s] writing requirements to ../../build/odrive_control_py/odrive_control_py.egg-info/requires.txt
[3.382s] writing top-level names to ../../build/odrive_control_py/odrive_control_py.egg-info/top_level.txt
[3.390s] reading manifest file '../../build/odrive_control_py/odrive_control_py.egg-info/SOURCES.txt'
[3.395s] writing manifest file '../../build/odrive_control_py/odrive_control_py.egg-info/SOURCES.txt'
[3.395s] running build
[3.395s] running build_py
[3.398s] copying odrive_control_py/FCM_test2_node.py -> /home/vedant/OdriveCANControl/build/odrive_control_py/build/lib/odrive_control_py
[3.400s] running install
[3.401s] running install_lib
[3.406s] copying /home/vedant/OdriveCANControl/build/odrive_control_py/build/lib/odrive_control_py/FCM_test2_node.py -> /home/vedant/OdriveCANControl/install/odrive_control_py/lib/python3.10/site-packages/odrive_control_py
[3.410s] byte-compiling /home/vedant/OdriveCANControl/install/odrive_control_py/lib/python3.10/site-packages/odrive_control_py/FCM_test2_node.py to FCM_test2_node.cpython-310.pyc
[3.414s] running install_data
[3.415s] running install_egg_info
[3.422s] removing '/home/vedant/OdriveCANControl/install/odrive_control_py/lib/python3.10/site-packages/odrive_control_py-0.0.0-py3.10.egg-info' (and everything under it)
[3.424s] Copying ../../build/odrive_control_py/odrive_control_py.egg-info to /home/vedant/OdriveCANControl/install/odrive_control_py/lib/python3.10/site-packages/odrive_control_py-0.0.0-py3.10.egg-info
[3.429s] running install_scripts
[3.507s] Installing FCR_node script to /home/vedant/OdriveCANControl/install/odrive_control_py/lib/odrive_control_py
[3.508s] Installing data_recording_node script to /home/vedant/OdriveCANControl/install/odrive_control_py/lib/odrive_control_py
[3.509s] Installing encoder_read_node script to /home/vedant/OdriveCANControl/install/odrive_control_py/lib/odrive_control_py
[3.509s] Installing odrive_control_node script to /home/vedant/OdriveCANControl/install/odrive_control_py/lib/odrive_control_py
[3.512s] writing list of installed files to '/home/vedant/OdriveCANControl/build/odrive_control_py/install.log'
[3.626s] Invoked command in '/home/vedant/OdriveCANControl/src/odrive_control_py' returned '0': PYTHONPATH=/home/vedant/OdriveCANControl/build/odrive_control_py/prefix_override:/usr/lib/python3/dist-packages/colcon_core/task/python/colcon_distutils_commands:/home/vedant/OdriveCANControl/install/odrive_control_py/lib/python3.10/site-packages:${PYTHONPATH} /usr/bin/python3 -W ignore:setup.py install is deprecated -W ignore:easy_install command is deprecated setup.py egg_info --egg-base ../../build/odrive_control_py build --build-base /home/vedant/OdriveCANControl/build/odrive_control_py/build install --record /home/vedant/OdriveCANControl/build/odrive_control_py/install.log --single-version-externally-managed install_data
