[0.071s] Invoking command in '/home/vedant/OdriveCANControl/build/custom_msgs': CMAKE_PREFIX_PATH=${CMAKE_PREFIX_PATH}:/home/vedant/OdriveCANControl/install/odrive_control_py:/home/vedant/OdriveCANControl/install/encoder:/home/vedant/OdriveCANControl/install/data_logging:/home/vedant/OdriveCANControl/install/controller:/opt/ros/humble /usr/bin/cmake /home/vedant/OdriveCANControl/src/custom_msgs -DCMAKE_INSTALL_PREFIX=/home/vedant/OdriveCANControl/install/custom_msgs
[4.048s] -- The C compiler identification is GNU 11.4.0
[6.519s] -- The CXX compiler identification is GNU 11.4.0
[6.640s] -- Detecting C compiler ABI info
[7.166s] -- Detecting C compiler ABI info - done
[7.191s] -- Check for working C compiler: /usr/bin/cc - skipped
[7.197s] -- Detecting C compile features
[7.208s] -- Detecting C compile features - done
[7.240s] -- Detecting CXX compiler ABI info
[7.656s] -- Detecting CXX compiler ABI info - done
[7.683s] -- Check for working CXX compiler: /usr/bin/c++ - skipped
[7.684s] -- Detecting CXX compile features
[7.686s] -- Detecting CXX compile features - done
[7.820s] -- Found ament_cmake: 1.3.11 (/opt/ros/humble/share/ament_cmake/cmake)
[8.761s] -- Found Python3: /usr/bin/python3 (found version "3.10.12") found components: Interpreter 
[9.776s] [31mCMake Error at CMakeLists.txt:14 (rosidl_generate_interfaces):
[9.777s]   Unknown CMake command "rosidl_generate_interfaces".
[9.777s] 
[9.778s] [0m
[9.778s] -- Configuring incomplete, errors occurred!
[9.779s] See also "/home/vedant/OdriveCANControl/build/custom_msgs/CMakeFiles/CMakeOutput.log".
[9.797s] Invoked command in '/home/vedant/OdriveCANControl/build/custom_msgs' returned '1': CMAKE_PREFIX_PATH=${CMAKE_PREFIX_PATH}:/home/vedant/OdriveCANControl/install/odrive_control_py:/home/vedant/OdriveCANControl/install/encoder:/home/vedant/OdriveCANControl/install/data_logging:/home/vedant/OdriveCANControl/install/controller:/opt/ros/humble /usr/bin/cmake /home/vedant/OdriveCANControl/src/custom_msgs -DCMAKE_INSTALL_PREFIX=/home/vedant/OdriveCANControl/install/custom_msgs
