[0.106s] Invoking command in '/home/vedant/OdriveCANControl/build/custom_msgs': CMAKE_PREFIX_PATH=${CMAKE_PREFIX_PATH}:/home/vedant/OdriveCANControl/install/odrive_control_py:/home/vedant/OdriveCANControl/install/encoder:/home/vedant/OdriveCANControl/install/data_logging:/home/vedant/OdriveCANControl/install/controller:/opt/ros/humble /usr/bin/cmake --build /home/vedant/OdriveCANControl/build/custom_msgs -- -j4 -l4
[1.857s] [  1%] Built target custom_msgs__cpp
[1.858s] [ 12%] Built target custom_msgs__rosidl_generator_c
[1.858s] [ 12%] Built target ament_cmake_python_copy_custom_msgs
[1.859s] [ 23%] Built target custom_msgs__rosidl_typesupport_fastrtps_cpp
[1.859s] [ 34%] Built target custom_msgs__rosidl_typesupport_cpp
[1.860s] [ 45%] Built target custom_msgs__rosidl_typesupport_introspection_cpp
[1.860s] [ 56%] Built target custom_msgs__rosidl_typesupport_fastrtps_c
[1.860s] [ 67%] Built target custom_msgs__rosidl_typesupport_introspection_c
[1.861s] [ 78%] Built target custom_msgs__rosidl_typesupport_c
[1.861s] [ 78%] Built target custom_msgs
[1.862s] [ 80%] Built target custom_msgs__py
[1.862s] [ 89%] Built target custom_msgs__rosidl_generator_py
[1.863s] [ 92%] Built target custom_msgs__rosidl_typesupport_fastrtps_c__pyext
[1.863s] [ 96%] Built target custom_msgs__rosidl_typesupport_c__pyext
[1.865s] [100%] Built target custom_msgs__rosidl_typesupport_introspection_c__pyext
[2.156s] running egg_info
[2.160s] writing custom_msgs.egg-info/PKG-INFO
[2.161s] writing dependency_links to custom_msgs.egg-info/dependency_links.txt
[2.163s] writing top-level names to custom_msgs.egg-info/top_level.txt
[2.177s] reading manifest file 'custom_msgs.egg-info/SOURCES.txt'
[2.180s] writing manifest file 'custom_msgs.egg-info/SOURCES.txt'
[2.329s] [100%] Built target ament_cmake_python_build_custom_msgs_egg
[3.199s] Invoked command in '/home/vedant/OdriveCANControl/build/custom_msgs' returned '0': CMAKE_PREFIX_PATH=${CMAKE_PREFIX_PATH}:/home/vedant/OdriveCANControl/install/odrive_control_py:/home/vedant/OdriveCANControl/install/encoder:/home/vedant/OdriveCANControl/install/data_logging:/home/vedant/OdriveCANControl/install/controller:/opt/ros/humble /usr/bin/cmake --build /home/vedant/OdriveCANControl/build/custom_msgs -- -j4 -l4
[3.244s] Invoking command in '/home/vedant/OdriveCANControl/build/custom_msgs': CMAKE_PREFIX_PATH=${CMAKE_PREFIX_PATH}:/home/vedant/OdriveCANControl/install/odrive_control_py:/home/vedant/OdriveCANControl/install/encoder:/home/vedant/OdriveCANControl/install/data_logging:/home/vedant/OdriveCANControl/install/controller:/opt/ros/humble /usr/bin/cmake --install /home/vedant/OdriveCANControl/build/custom_msgs
[3.278s] -- Install configuration: ""
[3.279s] -- Up-to-date: /home/vedant/OdriveCANControl/install/custom_msgs/share/ament_index/resource_index/rosidl_interfaces/custom_msgs
[3.280s] -- Up-to-date: /home/vedant/OdriveCANControl/install/custom_msgs/include/custom_msgs/custom_msgs
[3.282s] -- Up-to-date: /home/vedant/OdriveCANControl/install/custom_msgs/include/custom_msgs/custom_msgs/srv
[3.283s] -- Up-to-date: /home/vedant/OdriveCANControl/install/custom_msgs/include/custom_msgs/custom_msgs/srv/detail
[3.285s] -- Up-to-date: /home/vedant/OdriveCANControl/install/custom_msgs/include/custom_msgs/custom_msgs/srv/detail/o_drive_command__functions.h
[3.286s] -- Up-to-date: /home/vedant/OdriveCANControl/install/custom_msgs/include/custom_msgs/custom_msgs/srv/detail/o_drive_command__type_support.h
[3.288s] -- Up-to-date: /home/vedant/OdriveCANControl/install/custom_msgs/include/custom_msgs/custom_msgs/srv/detail/o_drive_command__struct.h
[3.289s] -- Up-to-date: /home/vedant/OdriveCANControl/install/custom_msgs/include/custom_msgs/custom_msgs/srv/detail/o_drive_command__functions.c
[3.290s] -- Up-to-date: /home/vedant/OdriveCANControl/install/custom_msgs/include/custom_msgs/custom_msgs/srv/o_drive_command.h
[3.292s] -- Up-to-date: /home/vedant/OdriveCANControl/install/custom_msgs/include/custom_msgs/custom_msgs/msg
[3.294s] -- Up-to-date: /home/vedant/OdriveCANControl/install/custom_msgs/include/custom_msgs/custom_msgs/msg/impedance_torque.h
[3.295s] -- Up-to-date: /home/vedant/OdriveCANControl/install/custom_msgs/include/custom_msgs/custom_msgs/msg/friction_comp.h
[3.296s] -- Up-to-date: /home/vedant/OdriveCANControl/install/custom_msgs/include/custom_msgs/custom_msgs/msg/motion_state.h
[3.298s] -- Up-to-date: /home/vedant/OdriveCANControl/install/custom_msgs/include/custom_msgs/custom_msgs/msg/rosidl_generator_c__visibility_control.h
[3.299s] -- Up-to-date: /home/vedant/OdriveCANControl/install/custom_msgs/include/custom_msgs/custom_msgs/msg/detail
[3.300s] -- Up-to-date: /home/vedant/OdriveCANControl/install/custom_msgs/include/custom_msgs/custom_msgs/msg/detail/motion_state__struct.h
[3.302s] -- Up-to-date: /home/vedant/OdriveCANControl/install/custom_msgs/include/custom_msgs/custom_msgs/msg/detail/motion_state__functions.c
[3.303s] -- Up-to-date: /home/vedant/OdriveCANControl/install/custom_msgs/include/custom_msgs/custom_msgs/msg/detail/impedance_torque__functions.h
[3.305s] -- Up-to-date: /home/vedant/OdriveCANControl/install/custom_msgs/include/custom_msgs/custom_msgs/msg/detail/motion_state__type_support.h
[3.306s] -- Up-to-date: /home/vedant/OdriveCANControl/install/custom_msgs/include/custom_msgs/custom_msgs/msg/detail/impedance_torque__type_support.h
[3.308s] -- Up-to-date: /home/vedant/OdriveCANControl/install/custom_msgs/include/custom_msgs/custom_msgs/msg/detail/impedance_torque__struct.h
[3.309s] -- Up-to-date: /home/vedant/OdriveCANControl/install/custom_msgs/include/custom_msgs/custom_msgs/msg/detail/impedance_torque__functions.c
[3.311s] -- Up-to-date: /home/vedant/OdriveCANControl/install/custom_msgs/include/custom_msgs/custom_msgs/msg/detail/friction_comp__struct.h
[3.312s] -- Up-to-date: /home/vedant/OdriveCANControl/install/custom_msgs/include/custom_msgs/custom_msgs/msg/detail/friction_comp__functions.c
[3.313s] -- Up-to-date: /home/vedant/OdriveCANControl/install/custom_msgs/include/custom_msgs/custom_msgs/msg/detail/motion_state__functions.h
[3.315s] -- Up-to-date: /home/vedant/OdriveCANControl/install/custom_msgs/include/custom_msgs/custom_msgs/msg/detail/friction_comp__functions.h
[3.316s] -- Up-to-date: /home/vedant/OdriveCANControl/install/custom_msgs/include/custom_msgs/custom_msgs/msg/detail/friction_comp__type_support.h
[3.318s] -- Up-to-date: /home/vedant/OdriveCANControl/install/custom_msgs/share/custom_msgs/environment/library_path.sh
[3.320s] -- Up-to-date: /home/vedant/OdriveCANControl/install/custom_msgs/share/custom_msgs/environment/library_path.dsv
[3.324s] -- Up-to-date: /home/vedant/OdriveCANControl/install/custom_msgs/lib/libcustom_msgs__rosidl_generator_c.so
[3.327s] -- Up-to-date: /home/vedant/OdriveCANControl/install/custom_msgs/include/custom_msgs/custom_msgs
[3.342s] -- Up-to-date: /home/vedant/OdriveCANControl/install/custom_msgs/include/custom_msgs/custom_msgs/srv
[3.350s] -- Up-to-date: /home/vedant/OdriveCANControl/install/custom_msgs/include/custom_msgs/custom_msgs/srv/detail
[3.363s] -- Up-to-date: /home/vedant/OdriveCANControl/install/custom_msgs/include/custom_msgs/custom_msgs/srv/detail/o_drive_command__rosidl_typesupport_fastrtps_c.h
[3.373s] -- Up-to-date: /home/vedant/OdriveCANControl/install/custom_msgs/include/custom_msgs/custom_msgs/msg
[3.374s] -- Up-to-date: /home/vedant/OdriveCANControl/install/custom_msgs/include/custom_msgs/custom_msgs/msg/detail
[3.392s] -- Up-to-date: /home/vedant/OdriveCANControl/install/custom_msgs/include/custom_msgs/custom_msgs/msg/detail/friction_comp__rosidl_typesupport_fastrtps_c.h
[3.393s] -- Up-to-date: /home/vedant/OdriveCANControl/install/custom_msgs/include/custom_msgs/custom_msgs/msg/detail/motion_state__rosidl_typesupport_fastrtps_c.h
[3.394s] -- Up-to-date: /home/vedant/OdriveCANControl/install/custom_msgs/include/custom_msgs/custom_msgs/msg/detail/impedance_torque__rosidl_typesupport_fastrtps_c.h
[3.394s] -- Up-to-date: /home/vedant/OdriveCANControl/install/custom_msgs/include/custom_msgs/custom_msgs/msg/rosidl_typesupport_fastrtps_c__visibility_control.h
[3.395s] -- Up-to-date: /home/vedant/OdriveCANControl/install/custom_msgs/lib/libcustom_msgs__rosidl_typesupport_fastrtps_c.so
[3.395s] -- Up-to-date: /home/vedant/OdriveCANControl/install/custom_msgs/include/custom_msgs/custom_msgs
[3.396s] -- Up-to-date: /home/vedant/OdriveCANControl/install/custom_msgs/include/custom_msgs/custom_msgs/srv
[3.397s] -- Up-to-date: /home/vedant/OdriveCANControl/install/custom_msgs/include/custom_msgs/custom_msgs/srv/detail
[3.397s] -- Up-to-date: /home/vedant/OdriveCANControl/install/custom_msgs/include/custom_msgs/custom_msgs/srv/detail/o_drive_command__type_support.c
[3.398s] -- Up-to-date: /home/vedant/OdriveCANControl/install/custom_msgs/include/custom_msgs/custom_msgs/srv/detail/o_drive_command__rosidl_typesupport_introspection_c.h
[3.398s] -- Up-to-date: /home/vedant/OdriveCANControl/install/custom_msgs/include/custom_msgs/custom_msgs/msg
[3.399s] -- Up-to-date: /home/vedant/OdriveCANControl/install/custom_msgs/include/custom_msgs/custom_msgs/msg/detail
[3.399s] -- Up-to-date: /home/vedant/OdriveCANControl/install/custom_msgs/include/custom_msgs/custom_msgs/msg/detail/motion_state__rosidl_typesupport_introspection_c.h
[3.400s] -- Up-to-date: /home/vedant/OdriveCANControl/install/custom_msgs/include/custom_msgs/custom_msgs/msg/detail/friction_comp__type_support.c
[3.400s] -- Up-to-date: /home/vedant/OdriveCANControl/install/custom_msgs/include/custom_msgs/custom_msgs/msg/detail/motion_state__type_support.c
[3.401s] -- Up-to-date: /home/vedant/OdriveCANControl/install/custom_msgs/include/custom_msgs/custom_msgs/msg/detail/impedance_torque__type_support.c
[3.401s] -- Up-to-date: /home/vedant/OdriveCANControl/install/custom_msgs/include/custom_msgs/custom_msgs/msg/detail/friction_comp__rosidl_typesupport_introspection_c.h
[3.402s] -- Up-to-date: /home/vedant/OdriveCANControl/install/custom_msgs/include/custom_msgs/custom_msgs/msg/detail/impedance_torque__rosidl_typesupport_introspection_c.h
[3.403s] -- Up-to-date: /home/vedant/OdriveCANControl/install/custom_msgs/include/custom_msgs/custom_msgs/msg/rosidl_typesupport_introspection_c__visibility_control.h
[3.403s] -- Up-to-date: /home/vedant/OdriveCANControl/install/custom_msgs/lib/libcustom_msgs__rosidl_typesupport_introspection_c.so
[3.403s] -- Up-to-date: /home/vedant/OdriveCANControl/install/custom_msgs/lib/libcustom_msgs__rosidl_typesupport_c.so
[3.404s] -- Up-to-date: /home/vedant/OdriveCANControl/install/custom_msgs/include/custom_msgs/custom_msgs
[3.404s] -- Up-to-date: /home/vedant/OdriveCANControl/install/custom_msgs/include/custom_msgs/custom_msgs/srv
[3.405s] -- Up-to-date: /home/vedant/OdriveCANControl/install/custom_msgs/include/custom_msgs/custom_msgs/srv/o_drive_command.hpp
[3.405s] -- Up-to-date: /home/vedant/OdriveCANControl/install/custom_msgs/include/custom_msgs/custom_msgs/srv/detail
[3.406s] -- Up-to-date: /home/vedant/OdriveCANControl/install/custom_msgs/include/custom_msgs/custom_msgs/srv/detail/o_drive_command__struct.hpp
[3.406s] -- Up-to-date: /home/vedant/OdriveCANControl/install/custom_msgs/include/custom_msgs/custom_msgs/srv/detail/o_drive_command__traits.hpp
[3.407s] -- Up-to-date: /home/vedant/OdriveCANControl/install/custom_msgs/include/custom_msgs/custom_msgs/srv/detail/o_drive_command__builder.hpp
[3.407s] -- Up-to-date: /home/vedant/OdriveCANControl/install/custom_msgs/include/custom_msgs/custom_msgs/srv/detail/o_drive_command__type_support.hpp
[3.408s] -- Up-to-date: /home/vedant/OdriveCANControl/install/custom_msgs/include/custom_msgs/custom_msgs/msg
[3.408s] -- Up-to-date: /home/vedant/OdriveCANControl/install/custom_msgs/include/custom_msgs/custom_msgs/msg/rosidl_generator_cpp__visibility_control.hpp
[3.408s] -- Up-to-date: /home/vedant/OdriveCANControl/install/custom_msgs/include/custom_msgs/custom_msgs/msg/friction_comp.hpp
[3.409s] -- Up-to-date: /home/vedant/OdriveCANControl/install/custom_msgs/include/custom_msgs/custom_msgs/msg/detail
[3.409s] -- Up-to-date: /home/vedant/OdriveCANControl/install/custom_msgs/include/custom_msgs/custom_msgs/msg/detail/impedance_torque__traits.hpp
[3.410s] -- Up-to-date: /home/vedant/OdriveCANControl/install/custom_msgs/include/custom_msgs/custom_msgs/msg/detail/friction_comp__type_support.hpp
[3.411s] -- Up-to-date: /home/vedant/OdriveCANControl/install/custom_msgs/include/custom_msgs/custom_msgs/msg/detail/motion_state__type_support.hpp
[3.412s] -- Up-to-date: /home/vedant/OdriveCANControl/install/custom_msgs/include/custom_msgs/custom_msgs/msg/detail/motion_state__traits.hpp
[3.419s] -- Up-to-date: /home/vedant/OdriveCANControl/install/custom_msgs/include/custom_msgs/custom_msgs/msg/detail/impedance_torque__builder.hpp
[3.420s] -- Up-to-date: /home/vedant/OdriveCANControl/install/custom_msgs/include/custom_msgs/custom_msgs/msg/detail/motion_state__builder.hpp
[3.421s] -- Up-to-date: /home/vedant/OdriveCANControl/install/custom_msgs/include/custom_msgs/custom_msgs/msg/detail/impedance_torque__type_support.hpp
[3.425s] -- Up-to-date: /home/vedant/OdriveCANControl/install/custom_msgs/include/custom_msgs/custom_msgs/msg/detail/friction_comp__traits.hpp
[3.428s] -- Up-to-date: /home/vedant/OdriveCANControl/install/custom_msgs/include/custom_msgs/custom_msgs/msg/detail/impedance_torque__struct.hpp
[3.431s] -- Up-to-date: /home/vedant/OdriveCANControl/install/custom_msgs/include/custom_msgs/custom_msgs/msg/detail/motion_state__struct.hpp
[3.433s] -- Up-to-date: /home/vedant/OdriveCANControl/install/custom_msgs/include/custom_msgs/custom_msgs/msg/detail/friction_comp__struct.hpp
[3.436s] -- Up-to-date: /home/vedant/OdriveCANControl/install/custom_msgs/include/custom_msgs/custom_msgs/msg/detail/friction_comp__builder.hpp
[3.438s] -- Up-to-date: /home/vedant/OdriveCANControl/install/custom_msgs/include/custom_msgs/custom_msgs/msg/impedance_torque.hpp
[3.441s] -- Up-to-date: /home/vedant/OdriveCANControl/install/custom_msgs/include/custom_msgs/custom_msgs/msg/motion_state.hpp
[3.443s] -- Up-to-date: /home/vedant/OdriveCANControl/install/custom_msgs/include/custom_msgs/custom_msgs
[3.445s] -- Up-to-date: /home/vedant/OdriveCANControl/install/custom_msgs/include/custom_msgs/custom_msgs/srv
[3.448s] -- Up-to-date: /home/vedant/OdriveCANControl/install/custom_msgs/include/custom_msgs/custom_msgs/srv/detail
[3.450s] -- Up-to-date: /home/vedant/OdriveCANControl/install/custom_msgs/include/custom_msgs/custom_msgs/srv/detail/o_drive_command__rosidl_typesupport_fastrtps_cpp.hpp
[3.452s] -- Up-to-date: /home/vedant/OdriveCANControl/install/custom_msgs/include/custom_msgs/custom_msgs/srv/detail/dds_fastrtps
[3.457s] -- Up-to-date: /home/vedant/OdriveCANControl/install/custom_msgs/include/custom_msgs/custom_msgs/msg
[3.461s] -- Up-to-date: /home/vedant/OdriveCANControl/install/custom_msgs/include/custom_msgs/custom_msgs/msg/rosidl_typesupport_fastrtps_cpp__visibility_control.h
[3.465s] -- Up-to-date: /home/vedant/OdriveCANControl/install/custom_msgs/include/custom_msgs/custom_msgs/msg/detail
[3.469s] -- Up-to-date: /home/vedant/OdriveCANControl/install/custom_msgs/include/custom_msgs/custom_msgs/msg/detail/friction_comp__rosidl_typesupport_fastrtps_cpp.hpp
[3.471s] -- Up-to-date: /home/vedant/OdriveCANControl/install/custom_msgs/include/custom_msgs/custom_msgs/msg/detail/motion_state__rosidl_typesupport_fastrtps_cpp.hpp
[3.474s] -- Up-to-date: /home/vedant/OdriveCANControl/install/custom_msgs/include/custom_msgs/custom_msgs/msg/detail/impedance_torque__rosidl_typesupport_fastrtps_cpp.hpp
[3.476s] -- Up-to-date: /home/vedant/OdriveCANControl/install/custom_msgs/include/custom_msgs/custom_msgs/msg/detail/dds_fastrtps
[3.479s] -- Up-to-date: /home/vedant/OdriveCANControl/install/custom_msgs/lib/libcustom_msgs__rosidl_typesupport_fastrtps_cpp.so
[3.480s] -- Up-to-date: /home/vedant/OdriveCANControl/install/custom_msgs/include/custom_msgs/custom_msgs
[3.482s] -- Up-to-date: /home/vedant/OdriveCANControl/install/custom_msgs/include/custom_msgs/custom_msgs/srv
[3.483s] -- Up-to-date: /home/vedant/OdriveCANControl/install/custom_msgs/include/custom_msgs/custom_msgs/srv/detail
[3.484s] -- Up-to-date: /home/vedant/OdriveCANControl/install/custom_msgs/include/custom_msgs/custom_msgs/srv/detail/o_drive_command__rosidl_typesupport_introspection_cpp.hpp
[3.484s] -- Up-to-date: /home/vedant/OdriveCANControl/install/custom_msgs/include/custom_msgs/custom_msgs/srv/detail/o_drive_command__type_support.cpp
[3.485s] -- Up-to-date: /home/vedant/OdriveCANControl/install/custom_msgs/include/custom_msgs/custom_msgs/msg
[3.490s] -- Up-to-date: /home/vedant/OdriveCANControl/install/custom_msgs/include/custom_msgs/custom_msgs/msg/detail
[3.491s] -- Up-to-date: /home/vedant/OdriveCANControl/install/custom_msgs/include/custom_msgs/custom_msgs/msg/detail/motion_state__rosidl_typesupport_introspection_cpp.hpp
[3.492s] -- Up-to-date: /home/vedant/OdriveCANControl/install/custom_msgs/include/custom_msgs/custom_msgs/msg/detail/impedance_torque__rosidl_typesupport_introspection_cpp.hpp
[3.493s] -- Up-to-date: /home/vedant/OdriveCANControl/install/custom_msgs/include/custom_msgs/custom_msgs/msg/detail/friction_comp__type_support.cpp
[3.496s] -- Up-to-date: /home/vedant/OdriveCANControl/install/custom_msgs/include/custom_msgs/custom_msgs/msg/detail/motion_state__type_support.cpp
[3.497s] -- Up-to-date: /home/vedant/OdriveCANControl/install/custom_msgs/include/custom_msgs/custom_msgs/msg/detail/friction_comp__rosidl_typesupport_introspection_cpp.hpp
[3.499s] -- Up-to-date: /home/vedant/OdriveCANControl/install/custom_msgs/include/custom_msgs/custom_msgs/msg/detail/impedance_torque__type_support.cpp
[3.499s] -- Up-to-date: /home/vedant/OdriveCANControl/install/custom_msgs/lib/libcustom_msgs__rosidl_typesupport_introspection_cpp.so
[3.500s] -- Up-to-date: /home/vedant/OdriveCANControl/install/custom_msgs/lib/libcustom_msgs__rosidl_typesupport_cpp.so
[3.501s] -- Up-to-date: /home/vedant/OdriveCANControl/install/custom_msgs/share/custom_msgs/environment/pythonpath.sh
[3.506s] -- Up-to-date: /home/vedant/OdriveCANControl/install/custom_msgs/share/custom_msgs/environment/pythonpath.dsv
[3.507s] -- Up-to-date: /home/vedant/OdriveCANControl/install/custom_msgs/local/lib/python3.10/dist-packages/custom_msgs-0.0.0-py3.10.egg-info
[3.509s] -- Installing: /home/vedant/OdriveCANControl/install/custom_msgs/local/lib/python3.10/dist-packages/custom_msgs-0.0.0-py3.10.egg-info/PKG-INFO
[3.513s] -- Installing: /home/vedant/OdriveCANControl/install/custom_msgs/local/lib/python3.10/dist-packages/custom_msgs-0.0.0-py3.10.egg-info/top_level.txt
[3.516s] -- Installing: /home/vedant/OdriveCANControl/install/custom_msgs/local/lib/python3.10/dist-packages/custom_msgs-0.0.0-py3.10.egg-info/dependency_links.txt
[3.517s] -- Installing: /home/vedant/OdriveCANControl/install/custom_msgs/local/lib/python3.10/dist-packages/custom_msgs-0.0.0-py3.10.egg-info/SOURCES.txt
[3.520s] -- Up-to-date: /home/vedant/OdriveCANControl/install/custom_msgs/local/lib/python3.10/dist-packages/custom_msgs
[3.521s] -- Up-to-date: /home/vedant/OdriveCANControl/install/custom_msgs/local/lib/python3.10/dist-packages/custom_msgs/srv
[3.526s] -- Up-to-date: /home/vedant/OdriveCANControl/install/custom_msgs/local/lib/python3.10/dist-packages/custom_msgs/srv/_o_drive_command.py
[3.528s] -- Up-to-date: /home/vedant/OdriveCANControl/install/custom_msgs/local/lib/python3.10/dist-packages/custom_msgs/srv/__init__.py
[3.531s] -- Up-to-date: /home/vedant/OdriveCANControl/install/custom_msgs/local/lib/python3.10/dist-packages/custom_msgs/srv/_o_drive_command_s.c
[3.534s] -- Up-to-date: /home/vedant/OdriveCANControl/install/custom_msgs/local/lib/python3.10/dist-packages/custom_msgs/libcustom_msgs__rosidl_generator_py.so
[3.537s] -- Up-to-date: /home/vedant/OdriveCANControl/install/custom_msgs/local/lib/python3.10/dist-packages/custom_msgs/msg
[3.540s] -- Up-to-date: /home/vedant/OdriveCANControl/install/custom_msgs/local/lib/python3.10/dist-packages/custom_msgs/msg/_motion_state.py
[3.542s] -- Up-to-date: /home/vedant/OdriveCANControl/install/custom_msgs/local/lib/python3.10/dist-packages/custom_msgs/msg/_friction_comp.py
[3.545s] -- Up-to-date: /home/vedant/OdriveCANControl/install/custom_msgs/local/lib/python3.10/dist-packages/custom_msgs/msg/__init__.py
[3.547s] -- Up-to-date: /home/vedant/OdriveCANControl/install/custom_msgs/local/lib/python3.10/dist-packages/custom_msgs/msg/_friction_comp_s.c
[3.550s] -- Up-to-date: /home/vedant/OdriveCANControl/install/custom_msgs/local/lib/python3.10/dist-packages/custom_msgs/msg/_motion_state_s.c
[3.553s] -- Up-to-date: /home/vedant/OdriveCANControl/install/custom_msgs/local/lib/python3.10/dist-packages/custom_msgs/msg/_impedance_torque.py
[3.556s] -- Up-to-date: /home/vedant/OdriveCANControl/install/custom_msgs/local/lib/python3.10/dist-packages/custom_msgs/msg/_impedance_torque_s.c
[3.559s] -- Up-to-date: /home/vedant/OdriveCANControl/install/custom_msgs/local/lib/python3.10/dist-packages/custom_msgs/_custom_msgs_s.ep.rosidl_typesupport_introspection_c.c
[3.562s] -- Up-to-date: /home/vedant/OdriveCANControl/install/custom_msgs/local/lib/python3.10/dist-packages/custom_msgs/__init__.py
[3.566s] -- Up-to-date: /home/vedant/OdriveCANControl/install/custom_msgs/local/lib/python3.10/dist-packages/custom_msgs/custom_msgs_s__rosidl_typesupport_introspection_c.cpython-310-aarch64-linux-gnu.so
[3.570s] -- Up-to-date: /home/vedant/OdriveCANControl/install/custom_msgs/local/lib/python3.10/dist-packages/custom_msgs/custom_msgs_s__rosidl_typesupport_c.cpython-310-aarch64-linux-gnu.so
[3.573s] -- Up-to-date: /home/vedant/OdriveCANControl/install/custom_msgs/local/lib/python3.10/dist-packages/custom_msgs/_custom_msgs_s.ep.rosidl_typesupport_c.c
[3.575s] -- Up-to-date: /home/vedant/OdriveCANControl/install/custom_msgs/local/lib/python3.10/dist-packages/custom_msgs/_custom_msgs_s.ep.rosidl_typesupport_fastrtps_c.c
[3.578s] -- Up-to-date: /home/vedant/OdriveCANControl/install/custom_msgs/local/lib/python3.10/dist-packages/custom_msgs/custom_msgs_s__rosidl_typesupport_fastrtps_c.cpython-310-aarch64-linux-gnu.so
[3.642s] Listing '/home/vedant/OdriveCANControl/install/custom_msgs/local/lib/python3.10/dist-packages/custom_msgs'...
[3.646s] Listing '/home/vedant/OdriveCANControl/install/custom_msgs/local/lib/python3.10/dist-packages/custom_msgs/msg'...
[3.651s] Listing '/home/vedant/OdriveCANControl/install/custom_msgs/local/lib/python3.10/dist-packages/custom_msgs/srv'...
[3.675s] -- Up-to-date: /home/vedant/OdriveCANControl/install/custom_msgs/local/lib/python3.10/dist-packages/custom_msgs/custom_msgs_s__rosidl_typesupport_fastrtps_c.cpython-310-aarch64-linux-gnu.so
[3.680s] -- Up-to-date: /home/vedant/OdriveCANControl/install/custom_msgs/local/lib/python3.10/dist-packages/custom_msgs/custom_msgs_s__rosidl_typesupport_introspection_c.cpython-310-aarch64-linux-gnu.so
[3.685s] -- Up-to-date: /home/vedant/OdriveCANControl/install/custom_msgs/local/lib/python3.10/dist-packages/custom_msgs/custom_msgs_s__rosidl_typesupport_c.cpython-310-aarch64-linux-gnu.so
[3.690s] -- Up-to-date: /home/vedant/OdriveCANControl/install/custom_msgs/lib/libcustom_msgs__rosidl_generator_py.so
[3.696s] -- Up-to-date: /home/vedant/OdriveCANControl/install/custom_msgs/share/custom_msgs/msg/MotionState.idl
[3.706s] -- Up-to-date: /home/vedant/OdriveCANControl/install/custom_msgs/share/custom_msgs/msg/FrictionComp.idl
[3.711s] -- Up-to-date: /home/vedant/OdriveCANControl/install/custom_msgs/share/custom_msgs/msg/ImpedanceTorque.idl
[3.718s] -- Up-to-date: /home/vedant/OdriveCANControl/install/custom_msgs/share/custom_msgs/srv/ODriveCommand.idl
[3.721s] -- Up-to-date: /home/vedant/OdriveCANControl/install/custom_msgs/share/custom_msgs/msg/MotionState.msg
[3.722s] -- Up-to-date: /home/vedant/OdriveCANControl/install/custom_msgs/share/custom_msgs/msg/FrictionComp.msg
[3.723s] -- Up-to-date: /home/vedant/OdriveCANControl/install/custom_msgs/share/custom_msgs/msg/ImpedanceTorque.msg
[3.724s] -- Up-to-date: /home/vedant/OdriveCANControl/install/custom_msgs/share/custom_msgs/srv/ODriveCommand.srv
[3.725s] -- Up-to-date: /home/vedant/OdriveCANControl/install/custom_msgs/share/custom_msgs/srv/ODriveCommand_Request.msg
[3.746s] -- Up-to-date: /home/vedant/OdriveCANControl/install/custom_msgs/share/custom_msgs/srv/ODriveCommand_Response.msg
[3.747s] -- Up-to-date: /home/vedant/OdriveCANControl/install/custom_msgs/share/ament_index/resource_index/package_run_dependencies/custom_msgs
[3.748s] -- Up-to-date: /home/vedant/OdriveCANControl/install/custom_msgs/share/ament_index/resource_index/parent_prefix_path/custom_msgs
[3.748s] -- Up-to-date: /home/vedant/OdriveCANControl/install/custom_msgs/share/custom_msgs/environment/ament_prefix_path.sh
[3.749s] -- Up-to-date: /home/vedant/OdriveCANControl/install/custom_msgs/share/custom_msgs/environment/ament_prefix_path.dsv
[3.749s] -- Up-to-date: /home/vedant/OdriveCANControl/install/custom_msgs/share/custom_msgs/environment/path.sh
[3.749s] -- Up-to-date: /home/vedant/OdriveCANControl/install/custom_msgs/share/custom_msgs/environment/path.dsv
[3.750s] -- Up-to-date: /home/vedant/OdriveCANControl/install/custom_msgs/share/custom_msgs/local_setup.bash
[3.750s] -- Up-to-date: /home/vedant/OdriveCANControl/install/custom_msgs/share/custom_msgs/local_setup.sh
[3.751s] -- Up-to-date: /home/vedant/OdriveCANControl/install/custom_msgs/share/custom_msgs/local_setup.zsh
[3.751s] -- Up-to-date: /home/vedant/OdriveCANControl/install/custom_msgs/share/custom_msgs/local_setup.dsv
[3.752s] -- Installing: /home/vedant/OdriveCANControl/install/custom_msgs/share/custom_msgs/package.dsv
[3.752s] -- Up-to-date: /home/vedant/OdriveCANControl/install/custom_msgs/share/ament_index/resource_index/packages/custom_msgs
[3.753s] -- Up-to-date: /home/vedant/OdriveCANControl/install/custom_msgs/share/custom_msgs/cmake/export_custom_msgs__rosidl_generator_cExport.cmake
[3.753s] -- Up-to-date: /home/vedant/OdriveCANControl/install/custom_msgs/share/custom_msgs/cmake/export_custom_msgs__rosidl_generator_cExport-noconfig.cmake
[3.754s] -- Up-to-date: /home/vedant/OdriveCANControl/install/custom_msgs/share/custom_msgs/cmake/export_custom_msgs__rosidl_typesupport_fastrtps_cExport.cmake
[3.754s] -- Up-to-date: /home/vedant/OdriveCANControl/install/custom_msgs/share/custom_msgs/cmake/export_custom_msgs__rosidl_typesupport_fastrtps_cExport-noconfig.cmake
[3.755s] -- Up-to-date: /home/vedant/OdriveCANControl/install/custom_msgs/share/custom_msgs/cmake/custom_msgs__rosidl_typesupport_introspection_cExport.cmake
[3.755s] -- Up-to-date: /home/vedant/OdriveCANControl/install/custom_msgs/share/custom_msgs/cmake/custom_msgs__rosidl_typesupport_introspection_cExport-noconfig.cmake
[3.756s] -- Up-to-date: /home/vedant/OdriveCANControl/install/custom_msgs/share/custom_msgs/cmake/custom_msgs__rosidl_typesupport_cExport.cmake
[3.756s] -- Up-to-date: /home/vedant/OdriveCANControl/install/custom_msgs/share/custom_msgs/cmake/custom_msgs__rosidl_typesupport_cExport-noconfig.cmake
[3.757s] -- Up-to-date: /home/vedant/OdriveCANControl/install/custom_msgs/share/custom_msgs/cmake/export_custom_msgs__rosidl_generator_cppExport.cmake
[3.761s] -- Up-to-date: /home/vedant/OdriveCANControl/install/custom_msgs/share/custom_msgs/cmake/export_custom_msgs__rosidl_typesupport_fastrtps_cppExport.cmake
[3.762s] -- Up-to-date: /home/vedant/OdriveCANControl/install/custom_msgs/share/custom_msgs/cmake/export_custom_msgs__rosidl_typesupport_fastrtps_cppExport-noconfig.cmake
[3.764s] -- Up-to-date: /home/vedant/OdriveCANControl/install/custom_msgs/share/custom_msgs/cmake/custom_msgs__rosidl_typesupport_introspection_cppExport.cmake
[3.764s] -- Up-to-date: /home/vedant/OdriveCANControl/install/custom_msgs/share/custom_msgs/cmake/custom_msgs__rosidl_typesupport_introspection_cppExport-noconfig.cmake
[3.765s] -- Up-to-date: /home/vedant/OdriveCANControl/install/custom_msgs/share/custom_msgs/cmake/custom_msgs__rosidl_typesupport_cppExport.cmake
[3.765s] -- Up-to-date: /home/vedant/OdriveCANControl/install/custom_msgs/share/custom_msgs/cmake/custom_msgs__rosidl_typesupport_cppExport-noconfig.cmake
[3.766s] -- Up-to-date: /home/vedant/OdriveCANControl/install/custom_msgs/share/custom_msgs/cmake/export_custom_msgs__rosidl_generator_pyExport.cmake
[3.766s] -- Up-to-date: /home/vedant/OdriveCANControl/install/custom_msgs/share/custom_msgs/cmake/export_custom_msgs__rosidl_generator_pyExport-noconfig.cmake
[3.767s] -- Up-to-date: /home/vedant/OdriveCANControl/install/custom_msgs/share/custom_msgs/cmake/rosidl_cmake-extras.cmake
[3.767s] -- Up-to-date: /home/vedant/OdriveCANControl/install/custom_msgs/share/custom_msgs/cmake/ament_cmake_export_dependencies-extras.cmake
[3.768s] -- Up-to-date: /home/vedant/OdriveCANControl/install/custom_msgs/share/custom_msgs/cmake/ament_cmake_export_include_directories-extras.cmake
[3.768s] -- Up-to-date: /home/vedant/OdriveCANControl/install/custom_msgs/share/custom_msgs/cmake/ament_cmake_export_libraries-extras.cmake
[3.769s] -- Up-to-date: /home/vedant/OdriveCANControl/install/custom_msgs/share/custom_msgs/cmake/ament_cmake_export_targets-extras.cmake
[3.770s] -- Up-to-date: /home/vedant/OdriveCANControl/install/custom_msgs/share/custom_msgs/cmake/rosidl_cmake_export_typesupport_targets-extras.cmake
[3.771s] -- Up-to-date: /home/vedant/OdriveCANControl/install/custom_msgs/share/custom_msgs/cmake/rosidl_cmake_export_typesupport_libraries-extras.cmake
[3.771s] -- Up-to-date: /home/vedant/OdriveCANControl/install/custom_msgs/share/custom_msgs/cmake/custom_msgsConfig.cmake
[3.774s] -- Up-to-date: /home/vedant/OdriveCANControl/install/custom_msgs/share/custom_msgs/cmake/custom_msgsConfig-version.cmake
[3.778s] -- Up-to-date: /home/vedant/OdriveCANControl/install/custom_msgs/share/custom_msgs/package.xml
[3.779s] Invoked command in '/home/vedant/OdriveCANControl/build/custom_msgs' returned '0': CMAKE_PREFIX_PATH=${CMAKE_PREFIX_PATH}:/home/vedant/OdriveCANControl/install/odrive_control_py:/home/vedant/OdriveCANControl/install/encoder:/home/vedant/OdriveCANControl/install/data_logging:/home/vedant/OdriveCANControl/install/controller:/opt/ros/humble /usr/bin/cmake --install /home/vedant/OdriveCANControl/build/custom_msgs
