[1.028s] [34mcolcon[0m [1;30mDEBUG[0m [32mCommand line arguments: ['/usr/local/bin/colcon', 'build', '--packages-select', 'controller'][0m
[1.028s] [34mcolcon[0m [1;30mDEBUG[0m [32mParsed command line arguments: Namespace(log_base=None, log_level=None, verb_name='build', build_base='build', install_base='install', merge_install=False, symlink_install=False, test_result_base=None, continue_on_error=False, executor='parallel', parallel_workers=20, event_handlers=None, ignore_user_meta=False, metas=['./colcon.meta'], base_paths=['.'], packages_ignore=None, packages_ignore_regex=None, paths=None, packages_up_to=None, packages_up_to_regex=None, packages_above=None, packages_above_and_dependencies=None, packages_above_depth=None, packages_select_by_dep=None, packages_skip_by_dep=None, packages_skip_up_to=None, packages_select_build_failed=False, packages_skip_build_finished=False, packages_select_test_failures=False, packages_skip_test_passed=False, packages_select=['controller'], packages_skip=None, packages_select_regex=None, packages_skip_regex=None, packages_start=None, packages_end=None, allow_overriding=[], cmake_args=None, cmake_target=None, cmake_target_skip_unavailable=False, cmake_clean_cache=False, cmake_clean_first=False, cmake_force_configure=False, ament_cmake_args=None, catkin_cmake_args=None, catkin_skip_building_tests=False, mixin_files=None, mixin=None, verb_parser=<colcon_mixin.mixin.mixin_argument.MixinArgumentDecorator object at 0x7f596dc69cc0>, verb_extension=<colcon_core.verb.build.BuildVerb object at 0x7f596dddeb30>, main=<bound method BuildVerb.main of <colcon_core.verb.build.BuildVerb object at 0x7f596dddeb30>>, mixin_verb=('build',))[0m
[1.136s] [34mcolcon.colcon_core.package_discovery[0m [1;30mLevel 1[0m discover_packages(colcon_meta) check parameters
[1.136s] [34mcolcon.colcon_core.package_discovery[0m [1;30mLevel 1[0m discover_packages(recursive) check parameters
[1.136s] [34mcolcon.colcon_core.package_discovery[0m [1;30mLevel 1[0m discover_packages(ignore) check parameters
[1.136s] [34mcolcon.colcon_core.package_discovery[0m [1;30mLevel 1[0m discover_packages(path) check parameters
[1.136s] [34mcolcon.colcon_core.package_discovery[0m [1;30mLevel 1[0m discover_packages(colcon_meta) discover
[1.136s] [34mcolcon.colcon_core.package_discovery[0m [1;30mLevel 1[0m discover_packages(recursive) discover
[1.137s] [34mcolcon.colcon_core.package_discovery[0m [1;30mINFO[0m Crawling recursively for packages in '/home/vedant/gaitlab_ws/OdriveCANControl'
[1.137s] [34mcolcon.colcon_core.package_identification[0m [1;30mLevel 1[0m _identify(.) by extensions ['ignore', 'ignore_ament_install']
[1.137s] [34mcolcon.colcon_core.package_identification[0m [1;30mLevel 1[0m _identify(.) by extension 'ignore'
[1.137s] [34mcolcon.colcon_core.package_identification[0m [1;30mLevel 1[0m _identify(.) by extension 'ignore_ament_install'
[1.137s] [34mcolcon.colcon_core.package_identification[0m [1;30mLevel 1[0m _identify(.) by extensions ['colcon_pkg']
[1.137s] [34mcolcon.colcon_core.package_identification[0m [1;30mLevel 1[0m _identify(.) by extension 'colcon_pkg'
[1.137s] [34mcolcon.colcon_core.package_identification[0m [1;30mLevel 1[0m _identify(.) by extensions ['colcon_meta']
[1.137s] [34mcolcon.colcon_core.package_identification[0m [1;30mLevel 1[0m _identify(.) by extension 'colcon_meta'
[1.137s] [34mcolcon.colcon_core.package_identification[0m [1;30mLevel 1[0m _identify(.) by extensions ['ros']
[1.137s] [34mcolcon.colcon_core.package_identification[0m [1;30mLevel 1[0m _identify(.) by extension 'ros'
[1.161s] [34mcolcon.colcon_core.package_identification[0m [1;30mLevel 1[0m _identify(.) by extensions ['cmake', 'python']
[1.161s] [34mcolcon.colcon_core.package_identification[0m [1;30mLevel 1[0m _identify(.) by extension 'cmake'
[1.161s] [34mcolcon.colcon_core.package_identification[0m [1;30mLevel 1[0m _identify(.) by extension 'python'
[1.161s] [34mcolcon.colcon_core.package_identification[0m [1;30mLevel 1[0m _identify(.) by extensions ['python_setup_py']
[1.162s] [34mcolcon.colcon_core.package_identification[0m [1;30mLevel 1[0m _identify(.) by extension 'python_setup_py'
[1.162s] [34mcolcon.colcon_core.package_identification[0m [1;30mLevel 1[0m _identify(build) by extensions ['ignore', 'ignore_ament_install']
[1.162s] [34mcolcon.colcon_core.package_identification[0m [1;30mLevel 1[0m _identify(build) by extension 'ignore'
[1.162s] [34mcolcon.colcon_core.package_identification[0m [1;30mLevel 1[0m _identify(build) ignored
[1.162s] [34mcolcon.colcon_core.package_identification[0m [1;30mLevel 1[0m _identify(install) by extensions ['ignore', 'ignore_ament_install']
[1.162s] [34mcolcon.colcon_core.package_identification[0m [1;30mLevel 1[0m _identify(install) by extension 'ignore'
[1.162s] [34mcolcon.colcon_core.package_identification[0m [1;30mLevel 1[0m _identify(install) ignored
[1.162s] [34mcolcon.colcon_core.package_identification[0m [1;30mLevel 1[0m _identify(log) by extensions ['ignore', 'ignore_ament_install']
[1.162s] [34mcolcon.colcon_core.package_identification[0m [1;30mLevel 1[0m _identify(log) by extension 'ignore'
[1.162s] [34mcolcon.colcon_core.package_identification[0m [1;30mLevel 1[0m _identify(log) ignored
[1.163s] [34mcolcon.colcon_core.package_identification[0m [1;30mLevel 1[0m _identify(src) by extensions ['ignore', 'ignore_ament_install']
[1.163s] [34mcolcon.colcon_core.package_identification[0m [1;30mLevel 1[0m _identify(src) by extension 'ignore'
[1.163s] [34mcolcon.colcon_core.package_identification[0m [1;30mLevel 1[0m _identify(src) by extension 'ignore_ament_install'
[1.163s] [34mcolcon.colcon_core.package_identification[0m [1;30mLevel 1[0m _identify(src) by extensions ['colcon_pkg']
[1.163s] [34mcolcon.colcon_core.package_identification[0m [1;30mLevel 1[0m _identify(src) by extension 'colcon_pkg'
[1.163s] [34mcolcon.colcon_core.package_identification[0m [1;30mLevel 1[0m _identify(src) by extensions ['colcon_meta']
[1.163s] [34mcolcon.colcon_core.package_identification[0m [1;30mLevel 1[0m _identify(src) by extension 'colcon_meta'
[1.163s] [34mcolcon.colcon_core.package_identification[0m [1;30mLevel 1[0m _identify(src) by extensions ['ros']
[1.163s] [34mcolcon.colcon_core.package_identification[0m [1;30mLevel 1[0m _identify(src) by extension 'ros'
[1.163s] [34mcolcon.colcon_core.package_identification[0m [1;30mLevel 1[0m _identify(src) by extensions ['cmake', 'python']
[1.163s] [34mcolcon.colcon_core.package_identification[0m [1;30mLevel 1[0m _identify(src) by extension 'cmake'
[1.163s] [34mcolcon.colcon_core.package_identification[0m [1;30mLevel 1[0m _identify(src) by extension 'python'
[1.163s] [34mcolcon.colcon_core.package_identification[0m [1;30mLevel 1[0m _identify(src) by extensions ['python_setup_py']
[1.163s] [34mcolcon.colcon_core.package_identification[0m [1;30mLevel 1[0m _identify(src) by extension 'python_setup_py'
[1.164s] [34mcolcon.colcon_core.package_identification[0m [1;30mLevel 1[0m _identify(src/app_server) by extensions ['ignore', 'ignore_ament_install']
[1.164s] [34mcolcon.colcon_core.package_identification[0m [1;30mLevel 1[0m _identify(src/app_server) by extension 'ignore'
[1.164s] [34mcolcon.colcon_core.package_identification[0m [1;30mLevel 1[0m _identify(src/app_server) by extension 'ignore_ament_install'
[1.164s] [34mcolcon.colcon_core.package_identification[0m [1;30mLevel 1[0m _identify(src/app_server) by extensions ['colcon_pkg']
[1.164s] [34mcolcon.colcon_core.package_identification[0m [1;30mLevel 1[0m _identify(src/app_server) by extension 'colcon_pkg'
[1.164s] [34mcolcon.colcon_core.package_identification[0m [1;30mLevel 1[0m _identify(src/app_server) by extensions ['colcon_meta']
[1.164s] [34mcolcon.colcon_core.package_identification[0m [1;30mLevel 1[0m _identify(src/app_server) by extension 'colcon_meta'
[1.164s] [34mcolcon.colcon_core.package_identification[0m [1;30mLevel 1[0m _identify(src/app_server) by extensions ['ros']
[1.164s] [34mcolcon.colcon_core.package_identification[0m [1;30mLevel 1[0m _identify(src/app_server) by extension 'ros'
[1.169s] [34mcolcon.colcon_core.package_identification[0m [1;30mDEBUG[0m [32mPackage 'src/app_server' with type 'ros.ament_python' and name 'app_server'[0m
[1.169s] [34mcolcon.colcon_core.package_identification[0m [1;30mLevel 1[0m _identify(src/controller) by extensions ['ignore', 'ignore_ament_install']
[1.169s] [34mcolcon.colcon_core.package_identification[0m [1;30mLevel 1[0m _identify(src/controller) by extension 'ignore'
[1.169s] [34mcolcon.colcon_core.package_identification[0m [1;30mLevel 1[0m _identify(src/controller) by extension 'ignore_ament_install'
[1.169s] [34mcolcon.colcon_core.package_identification[0m [1;30mLevel 1[0m _identify(src/controller) by extensions ['colcon_pkg']
[1.169s] [34mcolcon.colcon_core.package_identification[0m [1;30mLevel 1[0m _identify(src/controller) by extension 'colcon_pkg'
[1.169s] [34mcolcon.colcon_core.package_identification[0m [1;30mLevel 1[0m _identify(src/controller) by extensions ['colcon_meta']
[1.169s] [34mcolcon.colcon_core.package_identification[0m [1;30mLevel 1[0m _identify(src/controller) by extension 'colcon_meta'
[1.170s] [34mcolcon.colcon_core.package_identification[0m [1;30mLevel 1[0m _identify(src/controller) by extensions ['ros']
[1.170s] [34mcolcon.colcon_core.package_identification[0m [1;30mLevel 1[0m _identify(src/controller) by extension 'ros'
[1.170s] [34mcolcon.colcon_core.package_identification[0m [1;30mDEBUG[0m [32mPackage 'src/controller' with type 'ros.ament_python' and name 'controller'[0m
[1.171s] [34mcolcon.colcon_core.package_identification[0m [1;30mLevel 1[0m _identify(src/custom_msgs) by extensions ['ignore', 'ignore_ament_install']
[1.171s] [34mcolcon.colcon_core.package_identification[0m [1;30mLevel 1[0m _identify(src/custom_msgs) by extension 'ignore'
[1.171s] [34mcolcon.colcon_core.package_identification[0m [1;30mLevel 1[0m _identify(src/custom_msgs) by extension 'ignore_ament_install'
[1.171s] [34mcolcon.colcon_core.package_identification[0m [1;30mLevel 1[0m _identify(src/custom_msgs) by extensions ['colcon_pkg']
[1.171s] [34mcolcon.colcon_core.package_identification[0m [1;30mLevel 1[0m _identify(src/custom_msgs) by extension 'colcon_pkg'
[1.171s] [34mcolcon.colcon_core.package_identification[0m [1;30mLevel 1[0m _identify(src/custom_msgs) by extensions ['colcon_meta']
[1.171s] [34mcolcon.colcon_core.package_identification[0m [1;30mLevel 1[0m _identify(src/custom_msgs) by extension 'colcon_meta'
[1.171s] [34mcolcon.colcon_core.package_identification[0m [1;30mLevel 1[0m _identify(src/custom_msgs) by extensions ['ros']
[1.171s] [34mcolcon.colcon_core.package_identification[0m [1;30mLevel 1[0m _identify(src/custom_msgs) by extension 'ros'
[1.172s] [34mcolcon.colcon_core.package_identification[0m [1;30mDEBUG[0m [32mPackage 'src/custom_msgs' with type 'ros.ament_cmake' and name 'custom_msgs'[0m
[1.173s] [34mcolcon.colcon_core.package_identification[0m [1;30mLevel 1[0m _identify(src/data_logging) by extensions ['ignore', 'ignore_ament_install']
[1.173s] [34mcolcon.colcon_core.package_identification[0m [1;30mLevel 1[0m _identify(src/data_logging) by extension 'ignore'
[1.173s] [34mcolcon.colcon_core.package_identification[0m [1;30mLevel 1[0m _identify(src/data_logging) by extension 'ignore_ament_install'
[1.173s] [34mcolcon.colcon_core.package_identification[0m [1;30mLevel 1[0m _identify(src/data_logging) by extensions ['colcon_pkg']
[1.173s] [34mcolcon.colcon_core.package_identification[0m [1;30mLevel 1[0m _identify(src/data_logging) by extension 'colcon_pkg'
[1.173s] [34mcolcon.colcon_core.package_identification[0m [1;30mLevel 1[0m _identify(src/data_logging) by extensions ['colcon_meta']
[1.173s] [34mcolcon.colcon_core.package_identification[0m [1;30mLevel 1[0m _identify(src/data_logging) by extension 'colcon_meta'
[1.173s] [34mcolcon.colcon_core.package_identification[0m [1;30mLevel 1[0m _identify(src/data_logging) by extensions ['ros']
[1.173s] [34mcolcon.colcon_core.package_identification[0m [1;30mLevel 1[0m _identify(src/data_logging) by extension 'ros'
[1.174s] [34mcolcon.colcon_core.package_identification[0m [1;30mDEBUG[0m [32mPackage 'src/data_logging' with type 'ros.ament_python' and name 'data_logging'[0m
[1.174s] [34mcolcon.colcon_core.package_identification[0m [1;30mLevel 1[0m _identify(src/encoder) by extensions ['ignore', 'ignore_ament_install']
[1.175s] [34mcolcon.colcon_core.package_identification[0m [1;30mLevel 1[0m _identify(src/encoder) by extension 'ignore'
[1.175s] [34mcolcon.colcon_core.package_identification[0m [1;30mLevel 1[0m _identify(src/encoder) by extension 'ignore_ament_install'
[1.175s] [34mcolcon.colcon_core.package_identification[0m [1;30mLevel 1[0m _identify(src/encoder) by extensions ['colcon_pkg']
[1.175s] [34mcolcon.colcon_core.package_identification[0m [1;30mLevel 1[0m _identify(src/encoder) by extension 'colcon_pkg'
[1.175s] [34mcolcon.colcon_core.package_identification[0m [1;30mLevel 1[0m _identify(src/encoder) by extensions ['colcon_meta']
[1.175s] [34mcolcon.colcon_core.package_identification[0m [1;30mLevel 1[0m _identify(src/encoder) by extension 'colcon_meta'
[1.175s] [34mcolcon.colcon_core.package_identification[0m [1;30mLevel 1[0m _identify(src/encoder) by extensions ['ros']
[1.175s] [34mcolcon.colcon_core.package_identification[0m [1;30mLevel 1[0m _identify(src/encoder) by extension 'ros'
[1.176s] [34mcolcon.colcon_core.package_identification[0m [1;30mDEBUG[0m [32mPackage 'src/encoder' with type 'ros.ament_python' and name 'encoder'[0m
[1.176s] [34mcolcon.colcon_core.package_identification[0m [1;30mLevel 1[0m _identify(src/odrive_control_py) by extensions ['ignore', 'ignore_ament_install']
[1.177s] [34mcolcon.colcon_core.package_identification[0m [1;30mLevel 1[0m _identify(src/odrive_control_py) by extension 'ignore'
[1.177s] [34mcolcon.colcon_core.package_identification[0m [1;30mLevel 1[0m _identify(src/odrive_control_py) by extension 'ignore_ament_install'
[1.177s] [34mcolcon.colcon_core.package_identification[0m [1;30mLevel 1[0m _identify(src/odrive_control_py) by extensions ['colcon_pkg']
[1.177s] [34mcolcon.colcon_core.package_identification[0m [1;30mLevel 1[0m _identify(src/odrive_control_py) by extension 'colcon_pkg'
[1.177s] [34mcolcon.colcon_core.package_identification[0m [1;30mLevel 1[0m _identify(src/odrive_control_py) by extensions ['colcon_meta']
[1.177s] [34mcolcon.colcon_core.package_identification[0m [1;30mLevel 1[0m _identify(src/odrive_control_py) by extension 'colcon_meta'
[1.177s] [34mcolcon.colcon_core.package_identification[0m [1;30mLevel 1[0m _identify(src/odrive_control_py) by extensions ['ros']
[1.177s] [34mcolcon.colcon_core.package_identification[0m [1;30mLevel 1[0m _identify(src/odrive_control_py) by extension 'ros'
[1.178s] [34mcolcon.colcon_core.package_identification[0m [1;30mDEBUG[0m [32mPackage 'src/odrive_control_py' with type 'ros.ament_python' and name 'odrive_control_py'[0m
[1.178s] [34mcolcon.colcon_core.package_identification[0m [1;30mLevel 1[0m _identify(src/robot_launch) by extensions ['ignore', 'ignore_ament_install']
[1.179s] [34mcolcon.colcon_core.package_identification[0m [1;30mLevel 1[0m _identify(src/robot_launch) by extension 'ignore'
[1.179s] [34mcolcon.colcon_core.package_identification[0m [1;30mLevel 1[0m _identify(src/robot_launch) by extension 'ignore_ament_install'
[1.179s] [34mcolcon.colcon_core.package_identification[0m [1;30mLevel 1[0m _identify(src/robot_launch) by extensions ['colcon_pkg']
[1.179s] [34mcolcon.colcon_core.package_identification[0m [1;30mLevel 1[0m _identify(src/robot_launch) by extension 'colcon_pkg'
[1.179s] [34mcolcon.colcon_core.package_identification[0m [1;30mLevel 1[0m _identify(src/robot_launch) by extensions ['colcon_meta']
[1.179s] [34mcolcon.colcon_core.package_identification[0m [1;30mLevel 1[0m _identify(src/robot_launch) by extension 'colcon_meta'
[1.179s] [34mcolcon.colcon_core.package_identification[0m [1;30mLevel 1[0m _identify(src/robot_launch) by extensions ['ros']
[1.179s] [34mcolcon.colcon_core.package_identification[0m [1;30mLevel 1[0m _identify(src/robot_launch) by extension 'ros'
[1.180s] [34mcolcon.colcon_core.package_identification[0m [1;30mDEBUG[0m [32mPackage 'src/robot_launch' with type 'ros.ament_cmake' and name 'robot_launch'[0m
[1.180s] [34mcolcon.colcon_core.package_identification[0m [1;30mLevel 1[0m _identify(src/ros_odrive) by extensions ['ignore', 'ignore_ament_install']
[1.180s] [34mcolcon.colcon_core.package_identification[0m [1;30mLevel 1[0m _identify(src/ros_odrive) by extension 'ignore'
[1.180s] [34mcolcon.colcon_core.package_identification[0m [1;30mLevel 1[0m _identify(src/ros_odrive) by extension 'ignore_ament_install'
[1.181s] [34mcolcon.colcon_core.package_identification[0m [1;30mLevel 1[0m _identify(src/ros_odrive) by extensions ['colcon_pkg']
[1.181s] [34mcolcon.colcon_core.package_identification[0m [1;30mLevel 1[0m _identify(src/ros_odrive) by extension 'colcon_pkg'
[1.181s] [34mcolcon.colcon_core.package_identification[0m [1;30mLevel 1[0m _identify(src/ros_odrive) by extensions ['colcon_meta']
[1.181s] [34mcolcon.colcon_core.package_identification[0m [1;30mLevel 1[0m _identify(src/ros_odrive) by extension 'colcon_meta'
[1.181s] [34mcolcon.colcon_core.package_identification[0m [1;30mLevel 1[0m _identify(src/ros_odrive) by extensions ['ros']
[1.181s] [34mcolcon.colcon_core.package_identification[0m [1;30mLevel 1[0m _identify(src/ros_odrive) by extension 'ros'
[1.181s] [34mcolcon.colcon_core.package_identification[0m [1;30mLevel 1[0m _identify(src/ros_odrive) by extensions ['cmake', 'python']
[1.181s] [34mcolcon.colcon_core.package_identification[0m [1;30mLevel 1[0m _identify(src/ros_odrive) by extension 'cmake'
[1.181s] [34mcolcon.colcon_core.package_identification[0m [1;30mLevel 1[0m _identify(src/ros_odrive) by extension 'python'
[1.181s] [34mcolcon.colcon_core.package_identification[0m [1;30mLevel 1[0m _identify(src/ros_odrive) by extensions ['python_setup_py']
[1.181s] [34mcolcon.colcon_core.package_identification[0m [1;30mLevel 1[0m _identify(src/ros_odrive) by extension 'python_setup_py'
[1.182s] [34mcolcon.colcon_core.package_identification[0m [1;30mLevel 1[0m _identify(src/ros_odrive/odrive_base) by extensions ['ignore', 'ignore_ament_install']
[1.182s] [34mcolcon.colcon_core.package_identification[0m [1;30mLevel 1[0m _identify(src/ros_odrive/odrive_base) by extension 'ignore'
[1.182s] [34mcolcon.colcon_core.package_identification[0m [1;30mLevel 1[0m _identify(src/ros_odrive/odrive_base) by extension 'ignore_ament_install'
[1.182s] [34mcolcon.colcon_core.package_identification[0m [1;30mLevel 1[0m _identify(src/ros_odrive/odrive_base) by extensions ['colcon_pkg']
[1.182s] [34mcolcon.colcon_core.package_identification[0m [1;30mLevel 1[0m _identify(src/ros_odrive/odrive_base) by extension 'colcon_pkg'
[1.182s] [34mcolcon.colcon_core.package_identification[0m [1;30mLevel 1[0m _identify(src/ros_odrive/odrive_base) by extensions ['colcon_meta']
[1.182s] [34mcolcon.colcon_core.package_identification[0m [1;30mLevel 1[0m _identify(src/ros_odrive/odrive_base) by extension 'colcon_meta'
[1.182s] [34mcolcon.colcon_core.package_identification[0m [1;30mLevel 1[0m _identify(src/ros_odrive/odrive_base) by extensions ['ros']
[1.182s] [34mcolcon.colcon_core.package_identification[0m [1;30mLevel 1[0m _identify(src/ros_odrive/odrive_base) by extension 'ros'
[1.182s] [34mcolcon.colcon_core.package_identification[0m [1;30mLevel 1[0m _identify(src/ros_odrive/odrive_base) by extensions ['cmake', 'python']
[1.182s] [34mcolcon.colcon_core.package_identification[0m [1;30mLevel 1[0m _identify(src/ros_odrive/odrive_base) by extension 'cmake'
[1.182s] [34mcolcon.colcon_core.package_identification[0m [1;30mLevel 1[0m _identify(src/ros_odrive/odrive_base) by extension 'python'
[1.182s] [34mcolcon.colcon_core.package_identification[0m [1;30mLevel 1[0m _identify(src/ros_odrive/odrive_base) by extensions ['python_setup_py']
[1.182s] [34mcolcon.colcon_core.package_identification[0m [1;30mLevel 1[0m _identify(src/ros_odrive/odrive_base) by extension 'python_setup_py'
[1.183s] [34mcolcon.colcon_core.package_identification[0m [1;30mLevel 1[0m _identify(src/ros_odrive/odrive_base/include) by extensions ['ignore', 'ignore_ament_install']
[1.183s] [34mcolcon.colcon_core.package_identification[0m [1;30mLevel 1[0m _identify(src/ros_odrive/odrive_base/include) by extension 'ignore'
[1.183s] [34mcolcon.colcon_core.package_identification[0m [1;30mLevel 1[0m _identify(src/ros_odrive/odrive_base/include) by extension 'ignore_ament_install'
[1.183s] [34mcolcon.colcon_core.package_identification[0m [1;30mLevel 1[0m _identify(src/ros_odrive/odrive_base/include) by extensions ['colcon_pkg']
[1.183s] [34mcolcon.colcon_core.package_identification[0m [1;30mLevel 1[0m _identify(src/ros_odrive/odrive_base/include) by extension 'colcon_pkg'
[1.183s] [34mcolcon.colcon_core.package_identification[0m [1;30mLevel 1[0m _identify(src/ros_odrive/odrive_base/include) by extensions ['colcon_meta']
[1.183s] [34mcolcon.colcon_core.package_identification[0m [1;30mLevel 1[0m _identify(src/ros_odrive/odrive_base/include) by extension 'colcon_meta'
[1.183s] [34mcolcon.colcon_core.package_identification[0m [1;30mLevel 1[0m _identify(src/ros_odrive/odrive_base/include) by extensions ['ros']
[1.183s] [34mcolcon.colcon_core.package_identification[0m [1;30mLevel 1[0m _identify(src/ros_odrive/odrive_base/include) by extension 'ros'
[1.183s] [34mcolcon.colcon_core.package_identification[0m [1;30mLevel 1[0m _identify(src/ros_odrive/odrive_base/include) by extensions ['cmake', 'python']
[1.183s] [34mcolcon.colcon_core.package_identification[0m [1;30mLevel 1[0m _identify(src/ros_odrive/odrive_base/include) by extension 'cmake'
[1.183s] [34mcolcon.colcon_core.package_identification[0m [1;30mLevel 1[0m _identify(src/ros_odrive/odrive_base/include) by extension 'python'
[1.183s] [34mcolcon.colcon_core.package_identification[0m [1;30mLevel 1[0m _identify(src/ros_odrive/odrive_base/include) by extensions ['python_setup_py']
[1.183s] [34mcolcon.colcon_core.package_identification[0m [1;30mLevel 1[0m _identify(src/ros_odrive/odrive_base/include) by extension 'python_setup_py'
[1.184s] [34mcolcon.colcon_core.package_identification[0m [1;30mLevel 1[0m _identify(src/ros_odrive/odrive_base/src) by extensions ['ignore', 'ignore_ament_install']
[1.184s] [34mcolcon.colcon_core.package_identification[0m [1;30mLevel 1[0m _identify(src/ros_odrive/odrive_base/src) by extension 'ignore'
[1.184s] [34mcolcon.colcon_core.package_identification[0m [1;30mLevel 1[0m _identify(src/ros_odrive/odrive_base/src) by extension 'ignore_ament_install'
[1.184s] [34mcolcon.colcon_core.package_identification[0m [1;30mLevel 1[0m _identify(src/ros_odrive/odrive_base/src) by extensions ['colcon_pkg']
[1.184s] [34mcolcon.colcon_core.package_identification[0m [1;30mLevel 1[0m _identify(src/ros_odrive/odrive_base/src) by extension 'colcon_pkg'
[1.184s] [34mcolcon.colcon_core.package_identification[0m [1;30mLevel 1[0m _identify(src/ros_odrive/odrive_base/src) by extensions ['colcon_meta']
[1.184s] [34mcolcon.colcon_core.package_identification[0m [1;30mLevel 1[0m _identify(src/ros_odrive/odrive_base/src) by extension 'colcon_meta'
[1.184s] [34mcolcon.colcon_core.package_identification[0m [1;30mLevel 1[0m _identify(src/ros_odrive/odrive_base/src) by extensions ['ros']
[1.184s] [34mcolcon.colcon_core.package_identification[0m [1;30mLevel 1[0m _identify(src/ros_odrive/odrive_base/src) by extension 'ros'
[1.184s] [34mcolcon.colcon_core.package_identification[0m [1;30mLevel 1[0m _identify(src/ros_odrive/odrive_base/src) by extensions ['cmake', 'python']
[1.184s] [34mcolcon.colcon_core.package_identification[0m [1;30mLevel 1[0m _identify(src/ros_odrive/odrive_base/src) by extension 'cmake'
[1.184s] [34mcolcon.colcon_core.package_identification[0m [1;30mLevel 1[0m _identify(src/ros_odrive/odrive_base/src) by extension 'python'
[1.184s] [34mcolcon.colcon_core.package_identification[0m [1;30mLevel 1[0m _identify(src/ros_odrive/odrive_base/src) by extensions ['python_setup_py']
[1.184s] [34mcolcon.colcon_core.package_identification[0m [1;30mLevel 1[0m _identify(src/ros_odrive/odrive_base/src) by extension 'python_setup_py'
[1.184s] [34mcolcon.colcon_core.package_identification[0m [1;30mLevel 1[0m _identify(src/ros_odrive/odrive_botwheel_explorer) by extensions ['ignore', 'ignore_ament_install']
[1.185s] [34mcolcon.colcon_core.package_identification[0m [1;30mLevel 1[0m _identify(src/ros_odrive/odrive_botwheel_explorer) by extension 'ignore'
[1.185s] [34mcolcon.colcon_core.package_identification[0m [1;30mLevel 1[0m _identify(src/ros_odrive/odrive_botwheel_explorer) by extension 'ignore_ament_install'
[1.185s] [34mcolcon.colcon_core.package_identification[0m [1;30mLevel 1[0m _identify(src/ros_odrive/odrive_botwheel_explorer) by extensions ['colcon_pkg']
[1.185s] [34mcolcon.colcon_core.package_identification[0m [1;30mLevel 1[0m _identify(src/ros_odrive/odrive_botwheel_explorer) by extension 'colcon_pkg'
[1.185s] [34mcolcon.colcon_core.package_identification[0m [1;30mLevel 1[0m _identify(src/ros_odrive/odrive_botwheel_explorer) by extensions ['colcon_meta']
[1.185s] [34mcolcon.colcon_core.package_identification[0m [1;30mLevel 1[0m _identify(src/ros_odrive/odrive_botwheel_explorer) by extension 'colcon_meta'
[1.185s] [34mcolcon.colcon_core.package_identification[0m [1;30mLevel 1[0m _identify(src/ros_odrive/odrive_botwheel_explorer) by extensions ['ros']
[1.185s] [34mcolcon.colcon_core.package_identification[0m [1;30mLevel 1[0m _identify(src/ros_odrive/odrive_botwheel_explorer) by extension 'ros'
[1.185s] [34mcolcon.colcon_core.package_identification[0m [1;30mDEBUG[0m [32mPackage 'src/ros_odrive/odrive_botwheel_explorer' with type 'ros.ament_cmake' and name 'odrive_botwheel_explorer'[0m
[1.186s] [34mcolcon.colcon_core.package_identification[0m [1;30mLevel 1[0m _identify(src/ros_odrive/odrive_node) by extensions ['ignore', 'ignore_ament_install']
[1.186s] [34mcolcon.colcon_core.package_identification[0m [1;30mLevel 1[0m _identify(src/ros_odrive/odrive_node) by extension 'ignore'
[1.186s] [34mcolcon.colcon_core.package_identification[0m [1;30mLevel 1[0m _identify(src/ros_odrive/odrive_node) by extension 'ignore_ament_install'
[1.186s] [34mcolcon.colcon_core.package_identification[0m [1;30mLevel 1[0m _identify(src/ros_odrive/odrive_node) by extensions ['colcon_pkg']
[1.186s] [34mcolcon.colcon_core.package_identification[0m [1;30mLevel 1[0m _identify(src/ros_odrive/odrive_node) by extension 'colcon_pkg'
[1.186s] [34mcolcon.colcon_core.package_identification[0m [1;30mLevel 1[0m _identify(src/ros_odrive/odrive_node) by extensions ['colcon_meta']
[1.186s] [34mcolcon.colcon_core.package_identification[0m [1;30mLevel 1[0m _identify(src/ros_odrive/odrive_node) by extension 'colcon_meta'
[1.186s] [34mcolcon.colcon_core.package_identification[0m [1;30mLevel 1[0m _identify(src/ros_odrive/odrive_node) by extensions ['ros']
[1.186s] [34mcolcon.colcon_core.package_identification[0m [1;30mLevel 1[0m _identify(src/ros_odrive/odrive_node) by extension 'ros'
[1.187s] [34mcolcon.colcon_core.package_identification[0m [1;30mDEBUG[0m [32mPackage 'src/ros_odrive/odrive_node' with type 'ros.ament_cmake' and name 'odrive_can'[0m
[1.188s] [34mcolcon.colcon_core.package_identification[0m [1;30mLevel 1[0m _identify(src/ros_odrive/odrive_ros2_control) by extensions ['ignore', 'ignore_ament_install']
[1.188s] [34mcolcon.colcon_core.package_identification[0m [1;30mLevel 1[0m _identify(src/ros_odrive/odrive_ros2_control) by extension 'ignore'
[1.188s] [34mcolcon.colcon_core.package_identification[0m [1;30mLevel 1[0m _identify(src/ros_odrive/odrive_ros2_control) by extension 'ignore_ament_install'
[1.188s] [34mcolcon.colcon_core.package_identification[0m [1;30mLevel 1[0m _identify(src/ros_odrive/odrive_ros2_control) by extensions ['colcon_pkg']
[1.188s] [34mcolcon.colcon_core.package_identification[0m [1;30mLevel 1[0m _identify(src/ros_odrive/odrive_ros2_control) by extension 'colcon_pkg'
[1.188s] [34mcolcon.colcon_core.package_identification[0m [1;30mLevel 1[0m _identify(src/ros_odrive/odrive_ros2_control) by extensions ['colcon_meta']
[1.188s] [34mcolcon.colcon_core.package_identification[0m [1;30mLevel 1[0m _identify(src/ros_odrive/odrive_ros2_control) by extension 'colcon_meta'
[1.188s] [34mcolcon.colcon_core.package_identification[0m [1;30mLevel 1[0m _identify(src/ros_odrive/odrive_ros2_control) by extensions ['ros']
[1.188s] [34mcolcon.colcon_core.package_identification[0m [1;30mLevel 1[0m _identify(src/ros_odrive/odrive_ros2_control) by extension 'ros'
[1.189s] [34mcolcon.colcon_core.package_identification[0m [1;30mDEBUG[0m [32mPackage 'src/ros_odrive/odrive_ros2_control' with type 'ros.ament_cmake' and name 'odrive_ros2_control'[0m
[1.190s] [34mcolcon.colcon_core.package_identification[0m [1;30mLevel 1[0m _identify(src/testing) by extensions ['ignore', 'ignore_ament_install']
[1.190s] [34mcolcon.colcon_core.package_identification[0m [1;30mLevel 1[0m _identify(src/testing) by extension 'ignore'
[1.190s] [34mcolcon.colcon_core.package_identification[0m [1;30mLevel 1[0m _identify(src/testing) by extension 'ignore_ament_install'
[1.190s] [34mcolcon.colcon_core.package_identification[0m [1;30mLevel 1[0m _identify(src/testing) by extensions ['colcon_pkg']
[1.190s] [34mcolcon.colcon_core.package_identification[0m [1;30mLevel 1[0m _identify(src/testing) by extension 'colcon_pkg'
[1.190s] [34mcolcon.colcon_core.package_identification[0m [1;30mLevel 1[0m _identify(src/testing) by extensions ['colcon_meta']
[1.190s] [34mcolcon.colcon_core.package_identification[0m [1;30mLevel 1[0m _identify(src/testing) by extension 'colcon_meta'
[1.190s] [34mcolcon.colcon_core.package_identification[0m [1;30mLevel 1[0m _identify(src/testing) by extensions ['ros']
[1.190s] [34mcolcon.colcon_core.package_identification[0m [1;30mLevel 1[0m _identify(src/testing) by extension 'ros'
[1.191s] [34mcolcon.colcon_core.package_identification[0m [1;30mDEBUG[0m [32mPackage 'src/testing' with type 'ros.ament_python' and name 'testing'[0m
[1.191s] [34mcolcon.colcon_core.package_discovery[0m [1;30mLevel 1[0m discover_packages(recursive) using defaults
[1.191s] [34mcolcon.colcon_core.package_discovery[0m [1;30mLevel 1[0m discover_packages(ignore) discover
[1.191s] [34mcolcon.colcon_core.package_discovery[0m [1;30mLevel 1[0m discover_packages(ignore) using defaults
[1.191s] [34mcolcon.colcon_core.package_discovery[0m [1;30mLevel 1[0m discover_packages(path) discover
[1.191s] [34mcolcon.colcon_core.package_discovery[0m [1;30mLevel 1[0m discover_packages(path) using defaults
[1.215s] [34mcolcon.colcon_core.package_selection[0m [1;30mINFO[0m Skipping not selected package 'custom_msgs' in 'src/custom_msgs'
[1.215s] [34mcolcon.colcon_core.package_selection[0m [1;30mINFO[0m Skipping not selected package 'data_logging' in 'src/data_logging'
[1.215s] [34mcolcon.colcon_core.package_selection[0m [1;30mINFO[0m Skipping not selected package 'encoder' in 'src/encoder'
[1.215s] [34mcolcon.colcon_core.package_selection[0m [1;30mINFO[0m Skipping not selected package 'odrive_can' in 'src/ros_odrive/odrive_node'
[1.215s] [34mcolcon.colcon_core.package_selection[0m [1;30mINFO[0m Skipping not selected package 'odrive_ros2_control' in 'src/ros_odrive/odrive_ros2_control'
[1.215s] [34mcolcon.colcon_core.package_selection[0m [1;30mINFO[0m Skipping not selected package 'testing' in 'src/testing'
[1.215s] [34mcolcon.colcon_core.package_selection[0m [1;30mINFO[0m Skipping not selected package 'app_server' in 'src/app_server'
[1.215s] [34mcolcon.colcon_core.package_selection[0m [1;30mINFO[0m Skipping not selected package 'odrive_botwheel_explorer' in 'src/ros_odrive/odrive_botwheel_explorer'
[1.215s] [34mcolcon.colcon_core.package_selection[0m [1;30mINFO[0m Skipping not selected package 'odrive_control_py' in 'src/odrive_control_py'
[1.215s] [34mcolcon.colcon_core.package_selection[0m [1;30mINFO[0m Skipping not selected package 'robot_launch' in 'src/robot_launch'
[1.216s] [34mcolcon.colcon_core.package_discovery[0m [1;30mLevel 1[0m discover_packages(prefix_path) check parameters
[1.216s] [34mcolcon.colcon_core.package_discovery[0m [1;30mLevel 1[0m discover_packages(prefix_path) discover
[1.221s] [34mcolcon.colcon_installed_package_information.package_discovery[0m [1;30mDEBUG[0m [32mFound 479 installed packages in /opt/ros/humble[0m
[1.223s] [34mcolcon.colcon_core.package_discovery[0m [1;30mLevel 1[0m discover_packages(prefix_path) using defaults
[1.498s] [34mcolcon.colcon_core.verb[0m [1;30mLevel 5[0m set package 'controller' build argument 'cmake_args' from command line to 'None'
[1.498s] [34mcolcon.colcon_core.verb[0m [1;30mLevel 5[0m set package 'controller' build argument 'cmake_target' from command line to 'None'
[1.498s] [34mcolcon.colcon_core.verb[0m [1;30mLevel 5[0m set package 'controller' build argument 'cmake_target_skip_unavailable' from command line to 'False'
[1.498s] [34mcolcon.colcon_core.verb[0m [1;30mLevel 5[0m set package 'controller' build argument 'cmake_clean_cache' from command line to 'False'
[1.498s] [34mcolcon.colcon_core.verb[0m [1;30mLevel 5[0m set package 'controller' build argument 'cmake_clean_first' from command line to 'False'
[1.498s] [34mcolcon.colcon_core.verb[0m [1;30mLevel 5[0m set package 'controller' build argument 'cmake_force_configure' from command line to 'False'
[1.498s] [34mcolcon.colcon_core.verb[0m [1;30mLevel 5[0m set package 'controller' build argument 'ament_cmake_args' from command line to 'None'
[1.498s] [34mcolcon.colcon_core.verb[0m [1;30mLevel 5[0m set package 'controller' build argument 'catkin_cmake_args' from command line to 'None'
[1.498s] [34mcolcon.colcon_core.verb[0m [1;30mLevel 5[0m set package 'controller' build argument 'catkin_skip_building_tests' from command line to 'False'
[1.498s] [34mcolcon.colcon_core.verb[0m [1;30mDEBUG[0m [32mBuilding package 'controller' with the following arguments: {'ament_cmake_args': None, 'build_base': '/home/vedant/gaitlab_ws/OdriveCANControl/build/controller', 'catkin_cmake_args': None, 'catkin_skip_building_tests': False, 'cmake_args': None, 'cmake_clean_cache': False, 'cmake_clean_first': False, 'cmake_force_configure': False, 'cmake_target': None, 'cmake_target_skip_unavailable': False, 'install_base': '/home/vedant/gaitlab_ws/OdriveCANControl/install/controller', 'merge_install': False, 'path': '/home/vedant/gaitlab_ws/OdriveCANControl/src/controller', 'symlink_install': False, 'test_result_base': None}[0m
[1.499s] [34mcolcon.colcon_core.executor[0m [1;30mINFO[0m Executing jobs using 'parallel' executor
[1.500s] [34mcolcon.colcon_parallel_executor.executor.parallel[0m [1;30mDEBUG[0m [32mrun_until_complete[0m
[1.500s] [34mcolcon.colcon_ros.task.ament_python.build[0m [1;30mINFO[0m Building ROS package in '/home/vedant/gaitlab_ws/OdriveCANControl/src/controller' with build type 'ament_python'
[1.500s] [34mcolcon.colcon_core.shell[0m [1;30mLevel 1[0m create_environment_hook('controller', 'ament_prefix_path')
[1.507s] [34mcolcon.colcon_core.plugin_system[0m [1;30mINFO[0m Skipping extension 'colcon_core.shell.bat': Not used on non-Windows systems
[1.508s] [34mcolcon.colcon_core.shell[0m [1;30mINFO[0m Creating environment hook '/home/vedant/gaitlab_ws/OdriveCANControl/install/controller/share/controller/hook/ament_prefix_path.ps1'
[1.510s] [34mcolcon.colcon_core.shell[0m [1;30mINFO[0m Creating environment descriptor '/home/vedant/gaitlab_ws/OdriveCANControl/install/controller/share/controller/hook/ament_prefix_path.dsv'
[1.511s] [34mcolcon.colcon_core.shell[0m [1;30mINFO[0m Creating environment hook '/home/vedant/gaitlab_ws/OdriveCANControl/install/controller/share/controller/hook/ament_prefix_path.sh'
[1.512s] [34mcolcon.colcon_core.shell[0m [1;30mINFO[0m Skip shell extension 'powershell' for command environment: Not usable outside of PowerShell
[1.512s] [34mcolcon.colcon_core.shell[0m [1;30mDEBUG[0m [32mSkip shell extension 'dsv' for command environment[0m
[1.514s] [34mcolcon.colcon_ros.task.ament_python.build[0m [1;30mERROR[0m [31mFailed to find the following files:
- /home/vedant/gaitlab_ws/OdriveCANControl/install/custom_msgs/share/custom_msgs/package.sh
- /home/vedant/gaitlab_ws/OdriveCANControl/install/odrive_can/share/odrive_can/package.sh
Check that the following packages have been built:
- custom_msgs
- odrive_can[0m
[1.525s] [34mcolcon.colcon_parallel_executor.executor.parallel[0m [1;30mDEBUG[0m [32mclosing loop[0m
[1.525s] [34mcolcon.colcon_parallel_executor.executor.parallel[0m [1;30mDEBUG[0m [32mloop closed[0m
[1.525s] [34mcolcon.colcon_parallel_executor.executor.parallel[0m [1;30mDEBUG[0m [32mrun_until_complete finished with '1'[0m
[1.525s] [34mcolcon.colcon_core.event_reactor[0m [1;30mDEBUG[0m [32mjoining thread[0m
[1.731s] [34mcolcon.colcon_core.plugin_system[0m [1;30mINFO[0m Skipping extension 'colcon_notification.desktop_notification.notify_send': Could not find 'notify-send'
[1.731s] [34mcolcon.colcon_core.plugin_system[0m [1;30mINFO[0m Skipping extension 'colcon_notification.desktop_notification.terminal_notifier': Not used on non-Darwin systems
[1.731s] [34mcolcon.colcon_core.plugin_system[0m [1;30mINFO[0m Skipping extension 'colcon_notification.desktop_notification.win32': Not used on non-Windows systems
[1.731s] [34mcolcon.colcon_notification.desktop_notification[0m [1;30mINFO[0m Sending desktop notification using 'notify2'
[1.731s] [34mcolcon.colcon_notification.desktop_notification.notify2[0m [1;30mDEBUG[0m [32mFailed to initialize notify2: org.freedesktop.DBus.Error.FileNotFound: Failed to connect to socket /run/user/1000/bus: No such file or directory[0m
[1.731s] [34mcolcon.colcon_core.event_reactor[0m [1;30mDEBUG[0m [32mjoined thread[0m
[1.731s] [34mcolcon.colcon_core.shell[0m [1;30mINFO[0m Creating prefix script '/home/vedant/gaitlab_ws/OdriveCANControl/install/local_setup.ps1'
[1.735s] [34mcolcon.colcon_core.shell[0m [1;30mINFO[0m Creating prefix util module '/home/vedant/gaitlab_ws/OdriveCANControl/install/_local_setup_util_ps1.py'
[1.736s] [34mcolcon.colcon_core.shell[0m [1;30mINFO[0m Creating prefix chain script '/home/vedant/gaitlab_ws/OdriveCANControl/install/setup.ps1'
[1.738s] [34mcolcon.colcon_core.shell[0m [1;30mINFO[0m Creating prefix script '/home/vedant/gaitlab_ws/OdriveCANControl/install/local_setup.sh'
[1.738s] [34mcolcon.colcon_core.shell[0m [1;30mINFO[0m Creating prefix util module '/home/vedant/gaitlab_ws/OdriveCANControl/install/_local_setup_util_sh.py'
[1.738s] [34mcolcon.colcon_core.shell[0m [1;30mINFO[0m Creating prefix chain script '/home/vedant/gaitlab_ws/OdriveCANControl/install/setup.sh'
[1.739s] [34mcolcon.colcon_core.shell[0m [1;30mINFO[0m Creating prefix script '/home/vedant/gaitlab_ws/OdriveCANControl/install/local_setup.bash'
[1.740s] [34mcolcon.colcon_core.shell[0m [1;30mINFO[0m Creating prefix chain script '/home/vedant/gaitlab_ws/OdriveCANControl/install/setup.bash'
[1.741s] [34mcolcon.colcon_core.shell[0m [1;30mINFO[0m Creating prefix script '/home/vedant/gaitlab_ws/OdriveCANControl/install/local_setup.zsh'
[1.741s] [34mcolcon.colcon_core.shell[0m [1;30mINFO[0m Creating prefix chain script '/home/vedant/gaitlab_ws/OdriveCANControl/install/setup.zsh'
