[0.012s] Invoking command in '/home/vedant/gaitlab_ws/OdriveCANControl/build/data_sync': CMAKE_PREFIX_PATH=/opt/ros/humble /usr/bin/cmake --build /home/vedant/gaitlab_ws/OdriveCANControl/build/data_sync -- -j20 -l20
[0.033s] [35m[1mConsolidate compiler generated dependencies of target data_sync__rosidl_generator_c[0m
[0.038s] [  9%] Built target data_sync__rosidl_generator_c
[0.039s] [ 12%] Built target data_sync__cpp
[0.044s] [ 12%] Built target ament_cmake_python_copy_data_sync
[0.044s] [35m[1mConsolidate compiler generated dependencies of target data_sync__rosidl_typesupport_fastrtps_c[0m
[0.044s] [35m[1mConsolidate compiler generated dependencies of target data_sync__rosidl_typesupport_c[0m
[0.047s] [35m[1mConsolidate compiler generated dependencies of target data_sync__rosidl_typesupport_introspection_c[0m
[0.048s] [35m[1mConsolidate compiler generated dependencies of target data_sync__rosidl_typesupport_introspection_cpp[0m
[0.048s] [35m[1mConsolidate compiler generated dependencies of target data_sync__rosidl_typesupport_fastrtps_cpp[0m
[0.049s] [35m[1mConsolidate compiler generated dependencies of target data_sync__rosidl_typesupport_cpp[0m
[0.054s] [ 22%] Built target data_sync__rosidl_typesupport_fastrtps_c
[0.054s] [ 32%] Built target data_sync__rosidl_typesupport_c
[0.054s] [ 41%] Built target data_sync__rosidl_typesupport_introspection_c
[0.054s] [ 51%] Built target data_sync__rosidl_typesupport_fastrtps_cpp
[0.057s] [ 61%] Built target data_sync__rosidl_typesupport_cpp
[0.057s] [ 70%] Built target data_sync__rosidl_typesupport_introspection_cpp
[0.067s] [ 70%] Built target data_sync
[0.079s] [ 74%] Built target data_sync__py
[0.085s] [35m[1mConsolidate compiler generated dependencies of target data_sync__rosidl_generator_py[0m
[0.092s] [ 80%] Built target data_sync__rosidl_generator_py
[0.099s] [35m[1mConsolidate compiler generated dependencies of target data_sync__rosidl_typesupport_fastrtps_c__pyext[0m
[0.100s] [35m[1mConsolidate compiler generated dependencies of target data_sync__rosidl_typesupport_introspection_c__pyext[0m
[0.100s] [35m[1mConsolidate compiler generated dependencies of target data_sync__rosidl_typesupport_c__pyext[0m
[0.107s] [ 93%] Built target data_sync__rosidl_typesupport_introspection_c__pyext
[0.107s] [ 93%] Built target data_sync__rosidl_typesupport_c__pyext
[0.108s] [100%] Built target data_sync__rosidl_typesupport_fastrtps_c__pyext
[0.190s] running egg_info
[0.202s] writing data_sync.egg-info/PKG-INFO
[0.203s] writing dependency_links to data_sync.egg-info/dependency_links.txt
[0.203s] writing top-level names to data_sync.egg-info/top_level.txt
[0.236s] reading manifest file 'data_sync.egg-info/SOURCES.txt'
[0.237s] writing manifest file 'data_sync.egg-info/SOURCES.txt'
[0.253s] [100%] Built target ament_cmake_python_build_data_sync_egg
[0.259s] Invoked command in '/home/vedant/gaitlab_ws/OdriveCANControl/build/data_sync' returned '0': CMAKE_PREFIX_PATH=/opt/ros/humble /usr/bin/cmake --build /home/vedant/gaitlab_ws/OdriveCANControl/build/data_sync -- -j20 -l20
[0.295s] Invoking command in '/home/vedant/gaitlab_ws/OdriveCANControl/build/data_sync': CMAKE_PREFIX_PATH=/opt/ros/humble /usr/bin/cmake --install /home/vedant/gaitlab_ws/OdriveCANControl/build/data_sync
[0.299s] -- Install configuration: ""
[0.299s] -- Up-to-date: /home/vedant/gaitlab_ws/OdriveCANControl/install/data_sync/share/ament_index/resource_index/rosidl_interfaces/data_sync
[0.299s] -- Up-to-date: /home/vedant/gaitlab_ws/OdriveCANControl/install/data_sync/include/data_sync/data_sync
[0.299s] -- Up-to-date: /home/vedant/gaitlab_ws/OdriveCANControl/install/data_sync/include/data_sync/data_sync/srv
[0.299s] -- Up-to-date: /home/vedant/gaitlab_ws/OdriveCANControl/install/data_sync/include/data_sync/data_sync/srv/trigger.h
[0.299s] -- Up-to-date: /home/vedant/gaitlab_ws/OdriveCANControl/install/data_sync/include/data_sync/data_sync/srv/detail
[0.300s] -- Up-to-date: /home/vedant/gaitlab_ws/OdriveCANControl/install/data_sync/include/data_sync/data_sync/srv/detail/trigger__struct.h
[0.300s] -- Up-to-date: /home/vedant/gaitlab_ws/OdriveCANControl/install/data_sync/include/data_sync/data_sync/srv/detail/trigger__type_support.h
[0.300s] -- Up-to-date: /home/vedant/gaitlab_ws/OdriveCANControl/install/data_sync/include/data_sync/data_sync/srv/detail/trigger__functions.c
[0.300s] -- Up-to-date: /home/vedant/gaitlab_ws/OdriveCANControl/install/data_sync/include/data_sync/data_sync/srv/detail/trigger__functions.h
[0.300s] -- Up-to-date: /home/vedant/gaitlab_ws/OdriveCANControl/install/data_sync/include/data_sync/data_sync/msg
[0.300s] -- Up-to-date: /home/vedant/gaitlab_ws/OdriveCANControl/install/data_sync/include/data_sync/data_sync/msg/rosidl_generator_c__visibility_control.h
[0.300s] -- Up-to-date: /home/vedant/gaitlab_ws/OdriveCANControl/install/data_sync/share/data_sync/environment/library_path.sh
[0.300s] -- Up-to-date: /home/vedant/gaitlab_ws/OdriveCANControl/install/data_sync/share/data_sync/environment/library_path.dsv
[0.300s] -- Up-to-date: /home/vedant/gaitlab_ws/OdriveCANControl/install/data_sync/lib/libdata_sync__rosidl_generator_c.so
[0.300s] -- Up-to-date: /home/vedant/gaitlab_ws/OdriveCANControl/install/data_sync/include/data_sync/data_sync
[0.300s] -- Up-to-date: /home/vedant/gaitlab_ws/OdriveCANControl/install/data_sync/include/data_sync/data_sync/srv
[0.301s] -- Up-to-date: /home/vedant/gaitlab_ws/OdriveCANControl/install/data_sync/include/data_sync/data_sync/srv/detail
[0.301s] -- Up-to-date: /home/vedant/gaitlab_ws/OdriveCANControl/install/data_sync/include/data_sync/data_sync/srv/detail/trigger__rosidl_typesupport_fastrtps_c.h
[0.301s] -- Up-to-date: /home/vedant/gaitlab_ws/OdriveCANControl/install/data_sync/include/data_sync/data_sync/msg
[0.301s] -- Up-to-date: /home/vedant/gaitlab_ws/OdriveCANControl/install/data_sync/include/data_sync/data_sync/msg/rosidl_typesupport_fastrtps_c__visibility_control.h
[0.301s] -- Up-to-date: /home/vedant/gaitlab_ws/OdriveCANControl/install/data_sync/lib/libdata_sync__rosidl_typesupport_fastrtps_c.so
[0.301s] -- Up-to-date: /home/vedant/gaitlab_ws/OdriveCANControl/install/data_sync/include/data_sync/data_sync
[0.301s] -- Up-to-date: /home/vedant/gaitlab_ws/OdriveCANControl/install/data_sync/include/data_sync/data_sync/srv
[0.301s] -- Up-to-date: /home/vedant/gaitlab_ws/OdriveCANControl/install/data_sync/include/data_sync/data_sync/srv/detail
[0.301s] -- Up-to-date: /home/vedant/gaitlab_ws/OdriveCANControl/install/data_sync/include/data_sync/data_sync/srv/detail/trigger__type_support.c
[0.301s] -- Up-to-date: /home/vedant/gaitlab_ws/OdriveCANControl/install/data_sync/include/data_sync/data_sync/srv/detail/trigger__rosidl_typesupport_introspection_c.h
[0.301s] -- Up-to-date: /home/vedant/gaitlab_ws/OdriveCANControl/install/data_sync/include/data_sync/data_sync/msg
[0.301s] -- Up-to-date: /home/vedant/gaitlab_ws/OdriveCANControl/install/data_sync/include/data_sync/data_sync/msg/rosidl_typesupport_introspection_c__visibility_control.h
[0.302s] -- Up-to-date: /home/vedant/gaitlab_ws/OdriveCANControl/install/data_sync/lib/libdata_sync__rosidl_typesupport_introspection_c.so
[0.302s] -- Up-to-date: /home/vedant/gaitlab_ws/OdriveCANControl/install/data_sync/lib/libdata_sync__rosidl_typesupport_c.so
[0.302s] -- Up-to-date: /home/vedant/gaitlab_ws/OdriveCANControl/install/data_sync/include/data_sync/data_sync
[0.302s] -- Up-to-date: /home/vedant/gaitlab_ws/OdriveCANControl/install/data_sync/include/data_sync/data_sync/srv
[0.302s] -- Up-to-date: /home/vedant/gaitlab_ws/OdriveCANControl/install/data_sync/include/data_sync/data_sync/srv/trigger.hpp
[0.302s] -- Up-to-date: /home/vedant/gaitlab_ws/OdriveCANControl/install/data_sync/include/data_sync/data_sync/srv/detail
[0.302s] -- Up-to-date: /home/vedant/gaitlab_ws/OdriveCANControl/install/data_sync/include/data_sync/data_sync/srv/detail/trigger__struct.hpp
[0.302s] -- Up-to-date: /home/vedant/gaitlab_ws/OdriveCANControl/install/data_sync/include/data_sync/data_sync/srv/detail/trigger__builder.hpp
[0.302s] -- Up-to-date: /home/vedant/gaitlab_ws/OdriveCANControl/install/data_sync/include/data_sync/data_sync/srv/detail/trigger__traits.hpp
[0.302s] -- Up-to-date: /home/vedant/gaitlab_ws/OdriveCANControl/install/data_sync/include/data_sync/data_sync
[0.302s] -- Up-to-date: /home/vedant/gaitlab_ws/OdriveCANControl/install/data_sync/include/data_sync/data_sync/srv
[0.302s] -- Up-to-date: /home/vedant/gaitlab_ws/OdriveCANControl/install/data_sync/include/data_sync/data_sync/srv/detail
[0.302s] -- Up-to-date: /home/vedant/gaitlab_ws/OdriveCANControl/install/data_sync/include/data_sync/data_sync/srv/detail/dds_fastrtps
[0.303s] -- Up-to-date: /home/vedant/gaitlab_ws/OdriveCANControl/install/data_sync/include/data_sync/data_sync/srv/detail/trigger__rosidl_typesupport_fastrtps_cpp.hpp
[0.303s] -- Up-to-date: /home/vedant/gaitlab_ws/OdriveCANControl/install/data_sync/include/data_sync/data_sync/msg
[0.303s] -- Up-to-date: /home/vedant/gaitlab_ws/OdriveCANControl/install/data_sync/include/data_sync/data_sync/msg/rosidl_typesupport_fastrtps_cpp__visibility_control.h
[0.303s] -- Up-to-date: /home/vedant/gaitlab_ws/OdriveCANControl/install/data_sync/lib/libdata_sync__rosidl_typesupport_fastrtps_cpp.so
[0.303s] -- Up-to-date: /home/vedant/gaitlab_ws/OdriveCANControl/install/data_sync/include/data_sync/data_sync
[0.303s] -- Up-to-date: /home/vedant/gaitlab_ws/OdriveCANControl/install/data_sync/include/data_sync/data_sync/srv
[0.303s] -- Up-to-date: /home/vedant/gaitlab_ws/OdriveCANControl/install/data_sync/include/data_sync/data_sync/srv/detail
[0.303s] -- Up-to-date: /home/vedant/gaitlab_ws/OdriveCANControl/install/data_sync/include/data_sync/data_sync/srv/detail/trigger__type_support.cpp
[0.303s] -- Up-to-date: /home/vedant/gaitlab_ws/OdriveCANControl/install/data_sync/include/data_sync/data_sync/srv/detail/trigger__rosidl_typesupport_introspection_cpp.hpp
[0.303s] -- Up-to-date: /home/vedant/gaitlab_ws/OdriveCANControl/install/data_sync/lib/libdata_sync__rosidl_typesupport_introspection_cpp.so
[0.303s] -- Up-to-date: /home/vedant/gaitlab_ws/OdriveCANControl/install/data_sync/lib/libdata_sync__rosidl_typesupport_cpp.so
[0.303s] -- Up-to-date: /home/vedant/gaitlab_ws/OdriveCANControl/install/data_sync/share/data_sync/environment/pythonpath.sh
[0.303s] -- Up-to-date: /home/vedant/gaitlab_ws/OdriveCANControl/install/data_sync/share/data_sync/environment/pythonpath.dsv
[0.303s] -- Up-to-date: /home/vedant/gaitlab_ws/OdriveCANControl/install/data_sync/local/lib/python3.10/dist-packages/data_sync-0.0.0-py3.10.egg-info
[0.303s] -- Installing: /home/vedant/gaitlab_ws/OdriveCANControl/install/data_sync/local/lib/python3.10/dist-packages/data_sync-0.0.0-py3.10.egg-info/PKG-INFO
[0.303s] -- Installing: /home/vedant/gaitlab_ws/OdriveCANControl/install/data_sync/local/lib/python3.10/dist-packages/data_sync-0.0.0-py3.10.egg-info/top_level.txt
[0.303s] -- Installing: /home/vedant/gaitlab_ws/OdriveCANControl/install/data_sync/local/lib/python3.10/dist-packages/data_sync-0.0.0-py3.10.egg-info/SOURCES.txt
[0.303s] -- Installing: /home/vedant/gaitlab_ws/OdriveCANControl/install/data_sync/local/lib/python3.10/dist-packages/data_sync-0.0.0-py3.10.egg-info/dependency_links.txt
[0.303s] -- Up-to-date: /home/vedant/gaitlab_ws/OdriveCANControl/install/data_sync/local/lib/python3.10/dist-packages/data_sync
[0.303s] -- Up-to-date: /home/vedant/gaitlab_ws/OdriveCANControl/install/data_sync/local/lib/python3.10/dist-packages/data_sync/data_sync_s__rosidl_typesupport_fastrtps_c.cpython-310-x86_64-linux-gnu.so
[0.303s] -- Up-to-date: /home/vedant/gaitlab_ws/OdriveCANControl/install/data_sync/local/lib/python3.10/dist-packages/data_sync/libdata_sync__rosidl_generator_py.so
[0.303s] -- Up-to-date: /home/vedant/gaitlab_ws/OdriveCANControl/install/data_sync/local/lib/python3.10/dist-packages/data_sync/_data_sync_s.ep.rosidl_typesupport_c.c
[0.303s] -- Up-to-date: /home/vedant/gaitlab_ws/OdriveCANControl/install/data_sync/local/lib/python3.10/dist-packages/data_sync/_data_sync_s.ep.rosidl_typesupport_fastrtps_c.c
[0.303s] -- Up-to-date: /home/vedant/gaitlab_ws/OdriveCANControl/install/data_sync/local/lib/python3.10/dist-packages/data_sync/srv
[0.303s] -- Up-to-date: /home/vedant/gaitlab_ws/OdriveCANControl/install/data_sync/local/lib/python3.10/dist-packages/data_sync/srv/_trigger.py
[0.303s] -- Up-to-date: /home/vedant/gaitlab_ws/OdriveCANControl/install/data_sync/local/lib/python3.10/dist-packages/data_sync/srv/_trigger_s.c
[0.303s] -- Up-to-date: /home/vedant/gaitlab_ws/OdriveCANControl/install/data_sync/local/lib/python3.10/dist-packages/data_sync/srv/__init__.py
[0.303s] -- Up-to-date: /home/vedant/gaitlab_ws/OdriveCANControl/install/data_sync/local/lib/python3.10/dist-packages/data_sync/_data_sync_s.ep.rosidl_typesupport_introspection_c.c
[0.303s] -- Up-to-date: /home/vedant/gaitlab_ws/OdriveCANControl/install/data_sync/local/lib/python3.10/dist-packages/data_sync/data_sync_s__rosidl_typesupport_c.cpython-310-x86_64-linux-gnu.so
[0.303s] -- Up-to-date: /home/vedant/gaitlab_ws/OdriveCANControl/install/data_sync/local/lib/python3.10/dist-packages/data_sync/data_sync_s__rosidl_typesupport_introspection_c.cpython-310-x86_64-linux-gnu.so
[0.303s] -- Up-to-date: /home/vedant/gaitlab_ws/OdriveCANControl/install/data_sync/local/lib/python3.10/dist-packages/data_sync/__init__.py
[0.322s] Listing '/home/vedant/gaitlab_ws/OdriveCANControl/install/data_sync/local/lib/python3.10/dist-packages/data_sync'...
[0.322s] Listing '/home/vedant/gaitlab_ws/OdriveCANControl/install/data_sync/local/lib/python3.10/dist-packages/data_sync/srv'...
[0.325s] -- Up-to-date: /home/vedant/gaitlab_ws/OdriveCANControl/install/data_sync/local/lib/python3.10/dist-packages/data_sync/data_sync_s__rosidl_typesupport_fastrtps_c.cpython-310-x86_64-linux-gnu.so
[0.325s] -- Up-to-date: /home/vedant/gaitlab_ws/OdriveCANControl/install/data_sync/local/lib/python3.10/dist-packages/data_sync/data_sync_s__rosidl_typesupport_introspection_c.cpython-310-x86_64-linux-gnu.so
[0.325s] -- Up-to-date: /home/vedant/gaitlab_ws/OdriveCANControl/install/data_sync/local/lib/python3.10/dist-packages/data_sync/data_sync_s__rosidl_typesupport_c.cpython-310-x86_64-linux-gnu.so
[0.325s] -- Up-to-date: /home/vedant/gaitlab_ws/OdriveCANControl/install/data_sync/lib/libdata_sync__rosidl_generator_py.so
[0.325s] -- Up-to-date: /home/vedant/gaitlab_ws/OdriveCANControl/install/data_sync/share/data_sync/srv/Trigger.idl
[0.326s] -- Up-to-date: /home/vedant/gaitlab_ws/OdriveCANControl/install/data_sync/share/data_sync/srv/Trigger.srv
[0.326s] -- Up-to-date: /home/vedant/gaitlab_ws/OdriveCANControl/install/data_sync/share/data_sync/srv/Trigger_Request.msg
[0.326s] -- Up-to-date: /home/vedant/gaitlab_ws/OdriveCANControl/install/data_sync/share/data_sync/srv/Trigger_Response.msg
[0.326s] -- Up-to-date: /home/vedant/gaitlab_ws/OdriveCANControl/install/data_sync/share/ament_index/resource_index/package_run_dependencies/data_sync
[0.326s] -- Up-to-date: /home/vedant/gaitlab_ws/OdriveCANControl/install/data_sync/share/ament_index/resource_index/parent_prefix_path/data_sync
[0.326s] -- Up-to-date: /home/vedant/gaitlab_ws/OdriveCANControl/install/data_sync/share/data_sync/environment/ament_prefix_path.sh
[0.326s] -- Up-to-date: /home/vedant/gaitlab_ws/OdriveCANControl/install/data_sync/share/data_sync/environment/ament_prefix_path.dsv
[0.326s] -- Up-to-date: /home/vedant/gaitlab_ws/OdriveCANControl/install/data_sync/share/data_sync/environment/path.sh
[0.326s] -- Up-to-date: /home/vedant/gaitlab_ws/OdriveCANControl/install/data_sync/share/data_sync/environment/path.dsv
[0.327s] -- Up-to-date: /home/vedant/gaitlab_ws/OdriveCANControl/install/data_sync/share/data_sync/local_setup.bash
[0.327s] -- Up-to-date: /home/vedant/gaitlab_ws/OdriveCANControl/install/data_sync/share/data_sync/local_setup.sh
[0.327s] -- Up-to-date: /home/vedant/gaitlab_ws/OdriveCANControl/install/data_sync/share/data_sync/local_setup.zsh
[0.327s] -- Up-to-date: /home/vedant/gaitlab_ws/OdriveCANControl/install/data_sync/share/data_sync/local_setup.dsv
[0.327s] -- Installing: /home/vedant/gaitlab_ws/OdriveCANControl/install/data_sync/share/data_sync/package.dsv
[0.327s] -- Up-to-date: /home/vedant/gaitlab_ws/OdriveCANControl/install/data_sync/share/ament_index/resource_index/packages/data_sync
[0.327s] -- Up-to-date: /home/vedant/gaitlab_ws/OdriveCANControl/install/data_sync/share/data_sync/cmake/export_data_sync__rosidl_generator_cExport.cmake
[0.327s] -- Up-to-date: /home/vedant/gaitlab_ws/OdriveCANControl/install/data_sync/share/data_sync/cmake/export_data_sync__rosidl_generator_cExport-noconfig.cmake
[0.327s] -- Up-to-date: /home/vedant/gaitlab_ws/OdriveCANControl/install/data_sync/share/data_sync/cmake/export_data_sync__rosidl_typesupport_fastrtps_cExport.cmake
[0.328s] -- Up-to-date: /home/vedant/gaitlab_ws/OdriveCANControl/install/data_sync/share/data_sync/cmake/export_data_sync__rosidl_typesupport_fastrtps_cExport-noconfig.cmake
[0.328s] -- Up-to-date: /home/vedant/gaitlab_ws/OdriveCANControl/install/data_sync/share/data_sync/cmake/data_sync__rosidl_typesupport_introspection_cExport.cmake
[0.328s] -- Up-to-date: /home/vedant/gaitlab_ws/OdriveCANControl/install/data_sync/share/data_sync/cmake/data_sync__rosidl_typesupport_introspection_cExport-noconfig.cmake
[0.328s] -- Up-to-date: /home/vedant/gaitlab_ws/OdriveCANControl/install/data_sync/share/data_sync/cmake/data_sync__rosidl_typesupport_cExport.cmake
[0.328s] -- Up-to-date: /home/vedant/gaitlab_ws/OdriveCANControl/install/data_sync/share/data_sync/cmake/data_sync__rosidl_typesupport_cExport-noconfig.cmake
[0.328s] -- Up-to-date: /home/vedant/gaitlab_ws/OdriveCANControl/install/data_sync/share/data_sync/cmake/export_data_sync__rosidl_generator_cppExport.cmake
[0.328s] -- Up-to-date: /home/vedant/gaitlab_ws/OdriveCANControl/install/data_sync/share/data_sync/cmake/export_data_sync__rosidl_typesupport_fastrtps_cppExport.cmake
[0.328s] -- Up-to-date: /home/vedant/gaitlab_ws/OdriveCANControl/install/data_sync/share/data_sync/cmake/export_data_sync__rosidl_typesupport_fastrtps_cppExport-noconfig.cmake
[0.329s] -- Up-to-date: /home/vedant/gaitlab_ws/OdriveCANControl/install/data_sync/share/data_sync/cmake/data_sync__rosidl_typesupport_introspection_cppExport.cmake
[0.329s] -- Up-to-date: /home/vedant/gaitlab_ws/OdriveCANControl/install/data_sync/share/data_sync/cmake/data_sync__rosidl_typesupport_introspection_cppExport-noconfig.cmake
[0.329s] -- Up-to-date: /home/vedant/gaitlab_ws/OdriveCANControl/install/data_sync/share/data_sync/cmake/data_sync__rosidl_typesupport_cppExport.cmake
[0.330s] -- Up-to-date: /home/vedant/gaitlab_ws/OdriveCANControl/install/data_sync/share/data_sync/cmake/data_sync__rosidl_typesupport_cppExport-noconfig.cmake
[0.330s] -- Up-to-date: /home/vedant/gaitlab_ws/OdriveCANControl/install/data_sync/share/data_sync/cmake/export_data_sync__rosidl_generator_pyExport.cmake
[0.330s] -- Up-to-date: /home/vedant/gaitlab_ws/OdriveCANControl/install/data_sync/share/data_sync/cmake/export_data_sync__rosidl_generator_pyExport-noconfig.cmake
[0.331s] -- Up-to-date: /home/vedant/gaitlab_ws/OdriveCANControl/install/data_sync/share/data_sync/cmake/rosidl_cmake-extras.cmake
[0.332s] -- Up-to-date: /home/vedant/gaitlab_ws/OdriveCANControl/install/data_sync/share/data_sync/cmake/ament_cmake_export_include_directories-extras.cmake
[0.332s] -- Up-to-date: /home/vedant/gaitlab_ws/OdriveCANControl/install/data_sync/share/data_sync/cmake/ament_cmake_export_libraries-extras.cmake
[0.332s] -- Up-to-date: /home/vedant/gaitlab_ws/OdriveCANControl/install/data_sync/share/data_sync/cmake/ament_cmake_export_targets-extras.cmake
[0.332s] -- Up-to-date: /home/vedant/gaitlab_ws/OdriveCANControl/install/data_sync/share/data_sync/cmake/rosidl_cmake_export_typesupport_targets-extras.cmake
[0.332s] -- Up-to-date: /home/vedant/gaitlab_ws/OdriveCANControl/install/data_sync/share/data_sync/cmake/ament_cmake_export_dependencies-extras.cmake
[0.332s] -- Up-to-date: /home/vedant/gaitlab_ws/OdriveCANControl/install/data_sync/share/data_sync/cmake/rosidl_cmake_export_typesupport_libraries-extras.cmake
[0.332s] -- Up-to-date: /home/vedant/gaitlab_ws/OdriveCANControl/install/data_sync/share/data_sync/cmake/data_syncConfig.cmake
[0.332s] -- Up-to-date: /home/vedant/gaitlab_ws/OdriveCANControl/install/data_sync/share/data_sync/cmake/data_syncConfig-version.cmake
[0.332s] -- Up-to-date: /home/vedant/gaitlab_ws/OdriveCANControl/install/data_sync/share/data_sync/package.xml
[0.333s] Invoked command in '/home/vedant/gaitlab_ws/OdriveCANControl/build/data_sync' returned '0': CMAKE_PREFIX_PATH=/opt/ros/humble /usr/bin/cmake --install /home/vedant/gaitlab_ws/OdriveCANControl/build/data_sync
