[3.678s] Invoking command in '/home/vedant/OdriveCANControl/src/controller': CMAKE_PREFIX_PATH=/home/vedant/OdriveCANControl/install/custom_msgs:/home/vedant/OdriveCANControl/install/robot_launch PYTHONPATH=/home/vedant/OdriveCANControl/build/controller/prefix_override:/usr/lib/python3/dist-packages/colcon_core/task/python/colcon_distutils_commands:/home/vedant/OdriveCANControl/install/controller/lib/python3.10/site-packages:${PYTHONPATH} /usr/bin/python3 -W ignore:setup.py install is deprecated -W ignore:easy_install command is deprecated setup.py egg_info --egg-base ../../build/controller build --build-base /home/vedant/OdriveCANControl/build/controller/build install --record /home/vedant/OdriveCANControl/build/controller/install.log --single-version-externally-managed install_data
[5.057s] running egg_info
[5.062s] writing ../../build/controller/controller.egg-info/PKG-INFO
[5.064s] writing dependency_links to ../../build/controller/controller.egg-info/dependency_links.txt
[5.064s] writing entry points to ../../build/controller/controller.egg-info/entry_points.txt
[5.065s] writing requirements to ../../build/controller/controller.egg-info/requires.txt
[5.065s] writing top-level names to ../../build/controller/controller.egg-info/top_level.txt
[5.074s] reading manifest file '../../build/controller/controller.egg-info/SOURCES.txt'
[5.079s] writing manifest file '../../build/controller/controller.egg-info/SOURCES.txt'
[5.080s] running build
[5.080s] running build_py
[5.081s] copying src/controller/impedance_control.py -> /home/vedant/OdriveCANControl/build/controller/build/lib/controller
[5.088s] running install
[5.090s] running install_lib
[5.091s] copying /home/vedant/OdriveCANControl/build/controller/build/lib/controller/impedance_control.py -> /home/vedant/OdriveCANControl/install/controller/lib/python3.10/site-packages/controller
[5.096s] byte-compiling /home/vedant/OdriveCANControl/install/controller/lib/python3.10/site-packages/controller/impedance_control.py to impedance_control.cpython-310.pyc
[5.100s] running install_data
[5.101s] running install_egg_info
[5.110s] removing '/home/vedant/OdriveCANControl/install/controller/lib/python3.10/site-packages/controller-0.0.0-py3.10.egg-info' (and everything under it)
[5.112s] Copying ../../build/controller/controller.egg-info to /home/vedant/OdriveCANControl/install/controller/lib/python3.10/site-packages/controller-0.0.0-py3.10.egg-info
[5.120s] running install_scripts
[5.214s] Installing Impedance_Control script to /home/vedant/OdriveCANControl/install/controller/lib/controller
[5.215s] Installing friction_compensation_node script to /home/vedant/OdriveCANControl/install/controller/lib/controller
[5.216s] Installing odrive_controller script to /home/vedant/OdriveCANControl/install/controller/lib/controller
[5.218s] writing list of installed files to '/home/vedant/OdriveCANControl/build/controller/install.log'
[5.376s] Invoked command in '/home/vedant/OdriveCANControl/src/controller' returned '0': CMAKE_PREFIX_PATH=/home/vedant/OdriveCANControl/install/custom_msgs:/home/vedant/OdriveCANControl/install/robot_launch PYTHONPATH=/home/vedant/OdriveCANControl/build/controller/prefix_override:/usr/lib/python3/dist-packages/colcon_core/task/python/colcon_distutils_commands:/home/vedant/OdriveCANControl/install/controller/lib/python3.10/site-packages:${PYTHONPATH} /usr/bin/python3 -W ignore:setup.py install is deprecated -W ignore:easy_install command is deprecated setup.py egg_info --egg-base ../../build/controller build --build-base /home/vedant/OdriveCANControl/build/controller/build install --record /home/vedant/OdriveCANControl/build/controller/install.log --single-version-externally-managed install_data
