[0.157s] DEBUG:colcon:Command line arguments: ['/usr/bin/colcon', 'build', '--packages-select', 'bag_recorder_nodes_py']
[0.157s] DEBUG:colcon:Parsed command line arguments: Namespace(log_base=None, log_level=None, verb_name='build', build_base='build', install_base='install', merge_install=False, symlink_install=False, test_result_base=None, continue_on_error=False, executor='parallel', parallel_workers=4, event_handlers=None, ignore_user_meta=False, metas=['./colcon.meta'], base_paths=['.'], packages_ignore=None, packages_ignore_regex=None, paths=None, packages_up_to=None, packages_up_to_regex=None, packages_above=None, packages_above_and_dependencies=None, packages_above_depth=None, packages_select_by_dep=None, packages_skip_by_dep=None, packages_skip_up_to=None, packages_select_build_failed=False, packages_skip_build_finished=False, packages_select_test_failures=False, packages_skip_test_passed=False, packages_select=['bag_recorder_nodes_py'], packages_skip=None, packages_select_regex=None, packages_skip_regex=None, packages_start=None, packages_end=None, allow_overriding=[], cmake_args=None, cmake_target=None, cmake_target_skip_unavailable=False, cmake_clean_cache=False, cmake_clean_first=False, cmake_force_configure=False, ament_cmake_args=None, catkin_cmake_args=None, catkin_skip_building_tests=False, verb_parser=<colcon_defaults.argument_parser.defaults.DefaultArgumentsDecorator object at 0x7a8740ff3dc0>, verb_extension=<colcon_core.verb.build.BuildVerb object at 0x7a8740fa1570>, main=<bound method BuildVerb.main of <colcon_core.verb.build.BuildVerb object at 0x7a8740fa1570>>)
[0.386s] Level 1:colcon.colcon_core.package_discovery:discover_packages(colcon_meta) check parameters
[0.386s] Level 1:colcon.colcon_core.package_discovery:discover_packages(recursive) check parameters
[0.386s] Level 1:colcon.colcon_core.package_discovery:discover_packages(ignore) check parameters
[0.386s] Level 1:colcon.colcon_core.package_discovery:discover_packages(path) check parameters
[0.386s] Level 1:colcon.colcon_core.package_discovery:discover_packages(colcon_meta) discover
[0.386s] Level 1:colcon.colcon_core.package_discovery:discover_packages(recursive) discover
[0.386s] INFO:colcon.colcon_core.package_discovery:Crawling recursively for packages in '/home/vedant/gaitlab_ws'
[0.386s] Level 1:colcon.colcon_core.package_identification:_identify(.) by extensions ['ignore', 'ignore_ament_install']
[0.386s] Level 1:colcon.colcon_core.package_identification:_identify(.) by extension 'ignore'
[0.386s] Level 1:colcon.colcon_core.package_identification:_identify(.) by extension 'ignore_ament_install'
[0.387s] Level 1:colcon.colcon_core.package_identification:_identify(.) by extensions ['colcon_pkg']
[0.387s] Level 1:colcon.colcon_core.package_identification:_identify(.) by extension 'colcon_pkg'
[0.387s] Level 1:colcon.colcon_core.package_identification:_identify(.) by extensions ['colcon_meta']
[0.387s] Level 1:colcon.colcon_core.package_identification:_identify(.) by extension 'colcon_meta'
[0.387s] Level 1:colcon.colcon_core.package_identification:_identify(.) by extensions ['ros']
[0.387s] Level 1:colcon.colcon_core.package_identification:_identify(.) by extension 'ros'
[0.403s] Level 1:colcon.colcon_core.package_identification:_identify(.) by extensions ['cmake', 'python']
[0.403s] Level 1:colcon.colcon_core.package_identification:_identify(.) by extension 'cmake'
[0.403s] Level 1:colcon.colcon_core.package_identification:_identify(.) by extension 'python'
[0.403s] Level 1:colcon.colcon_core.package_identification:_identify(.) by extensions ['python_setup_py']
[0.403s] Level 1:colcon.colcon_core.package_identification:_identify(.) by extension 'python_setup_py'
[0.403s] Level 1:colcon.colcon_core.package_identification:_identify(build) by extensions ['ignore', 'ignore_ament_install']
[0.403s] Level 1:colcon.colcon_core.package_identification:_identify(build) by extension 'ignore'
[0.403s] Level 1:colcon.colcon_core.package_identification:_identify(build) ignored
[0.404s] Level 1:colcon.colcon_core.package_identification:_identify(install) by extensions ['ignore', 'ignore_ament_install']
[0.404s] Level 1:colcon.colcon_core.package_identification:_identify(install) by extension 'ignore'
[0.404s] Level 1:colcon.colcon_core.package_identification:_identify(install) ignored
[0.404s] Level 1:colcon.colcon_core.package_identification:_identify(log) by extensions ['ignore', 'ignore_ament_install']
[0.404s] Level 1:colcon.colcon_core.package_identification:_identify(log) by extension 'ignore'
[0.404s] Level 1:colcon.colcon_core.package_identification:_identify(log) ignored
[0.404s] Level 1:colcon.colcon_core.package_identification:_identify(src) by extensions ['ignore', 'ignore_ament_install']
[0.404s] Level 1:colcon.colcon_core.package_identification:_identify(src) by extension 'ignore'
[0.404s] Level 1:colcon.colcon_core.package_identification:_identify(src) by extension 'ignore_ament_install'
[0.404s] Level 1:colcon.colcon_core.package_identification:_identify(src) by extensions ['colcon_pkg']
[0.404s] Level 1:colcon.colcon_core.package_identification:_identify(src) by extension 'colcon_pkg'
[0.404s] Level 1:colcon.colcon_core.package_identification:_identify(src) by extensions ['colcon_meta']
[0.405s] Level 1:colcon.colcon_core.package_identification:_identify(src) by extension 'colcon_meta'
[0.405s] Level 1:colcon.colcon_core.package_identification:_identify(src) by extensions ['ros']
[0.405s] Level 1:colcon.colcon_core.package_identification:_identify(src) by extension 'ros'
[0.405s] Level 1:colcon.colcon_core.package_identification:_identify(src) by extensions ['cmake', 'python']
[0.405s] Level 1:colcon.colcon_core.package_identification:_identify(src) by extension 'cmake'
[0.405s] Level 1:colcon.colcon_core.package_identification:_identify(src) by extension 'python'
[0.405s] Level 1:colcon.colcon_core.package_identification:_identify(src) by extensions ['python_setup_py']
[0.405s] Level 1:colcon.colcon_core.package_identification:_identify(src) by extension 'python_setup_py'
[0.405s] Level 1:colcon.colcon_core.package_identification:_identify(src/bag_recorder_nodes_py) by extensions ['ignore', 'ignore_ament_install']
[0.405s] Level 1:colcon.colcon_core.package_identification:_identify(src/bag_recorder_nodes_py) by extension 'ignore'
[0.405s] Level 1:colcon.colcon_core.package_identification:_identify(src/bag_recorder_nodes_py) by extension 'ignore_ament_install'
[0.405s] Level 1:colcon.colcon_core.package_identification:_identify(src/bag_recorder_nodes_py) by extensions ['colcon_pkg']
[0.405s] Level 1:colcon.colcon_core.package_identification:_identify(src/bag_recorder_nodes_py) by extension 'colcon_pkg'
[0.405s] Level 1:colcon.colcon_core.package_identification:_identify(src/bag_recorder_nodes_py) by extensions ['colcon_meta']
[0.405s] Level 1:colcon.colcon_core.package_identification:_identify(src/bag_recorder_nodes_py) by extension 'colcon_meta'
[0.405s] Level 1:colcon.colcon_core.package_identification:_identify(src/bag_recorder_nodes_py) by extensions ['ros']
[0.406s] Level 1:colcon.colcon_core.package_identification:_identify(src/bag_recorder_nodes_py) by extension 'ros'
[0.409s] DEBUG:colcon.colcon_core.package_identification:Package 'src/bag_recorder_nodes_py' with type 'ros.ament_python' and name 'bag_recorder_nodes_py'
[0.409s] Level 1:colcon.colcon_core.package_identification:_identify(src/odrive_control) by extensions ['ignore', 'ignore_ament_install']
[0.410s] Level 1:colcon.colcon_core.package_identification:_identify(src/odrive_control) by extension 'ignore'
[0.410s] Level 1:colcon.colcon_core.package_identification:_identify(src/odrive_control) by extension 'ignore_ament_install'
[0.410s] Level 1:colcon.colcon_core.package_identification:_identify(src/odrive_control) by extensions ['colcon_pkg']
[0.410s] Level 1:colcon.colcon_core.package_identification:_identify(src/odrive_control) by extension 'colcon_pkg'
[0.410s] Level 1:colcon.colcon_core.package_identification:_identify(src/odrive_control) by extensions ['colcon_meta']
[0.410s] Level 1:colcon.colcon_core.package_identification:_identify(src/odrive_control) by extension 'colcon_meta'
[0.410s] Level 1:colcon.colcon_core.package_identification:_identify(src/odrive_control) by extensions ['ros']
[0.410s] Level 1:colcon.colcon_core.package_identification:_identify(src/odrive_control) by extension 'ros'
[0.411s] DEBUG:colcon.colcon_core.package_identification:Package 'src/odrive_control' with type 'ros.ament_cmake' and name 'odrive_control'
[0.411s] Level 1:colcon.colcon_core.package_identification:_identify(src/odrive_control_cpp) by extensions ['ignore', 'ignore_ament_install']
[0.411s] Level 1:colcon.colcon_core.package_identification:_identify(src/odrive_control_cpp) by extension 'ignore'
[0.411s] Level 1:colcon.colcon_core.package_identification:_identify(src/odrive_control_cpp) by extension 'ignore_ament_install'
[0.411s] Level 1:colcon.colcon_core.package_identification:_identify(src/odrive_control_cpp) by extensions ['colcon_pkg']
[0.411s] Level 1:colcon.colcon_core.package_identification:_identify(src/odrive_control_cpp) by extension 'colcon_pkg'
[0.411s] Level 1:colcon.colcon_core.package_identification:_identify(src/odrive_control_cpp) by extensions ['colcon_meta']
[0.411s] Level 1:colcon.colcon_core.package_identification:_identify(src/odrive_control_cpp) by extension 'colcon_meta'
[0.411s] Level 1:colcon.colcon_core.package_identification:_identify(src/odrive_control_cpp) by extensions ['ros']
[0.411s] Level 1:colcon.colcon_core.package_identification:_identify(src/odrive_control_cpp) by extension 'ros'
[0.412s] DEBUG:colcon.colcon_core.package_identification:Package 'src/odrive_control_cpp' with type 'ros.ament_cmake' and name 'odrive_control_cpp'
[0.412s] Level 1:colcon.colcon_core.package_identification:_identify(src/odrive_control_py) by extensions ['ignore', 'ignore_ament_install']
[0.412s] Level 1:colcon.colcon_core.package_identification:_identify(src/odrive_control_py) by extension 'ignore'
[0.412s] Level 1:colcon.colcon_core.package_identification:_identify(src/odrive_control_py) by extension 'ignore_ament_install'
[0.413s] Level 1:colcon.colcon_core.package_identification:_identify(src/odrive_control_py) by extensions ['colcon_pkg']
[0.413s] Level 1:colcon.colcon_core.package_identification:_identify(src/odrive_control_py) by extension 'colcon_pkg'
[0.413s] Level 1:colcon.colcon_core.package_identification:_identify(src/odrive_control_py) by extensions ['colcon_meta']
[0.413s] Level 1:colcon.colcon_core.package_identification:_identify(src/odrive_control_py) by extension 'colcon_meta'
[0.413s] Level 1:colcon.colcon_core.package_identification:_identify(src/odrive_control_py) by extensions ['ros']
[0.413s] Level 1:colcon.colcon_core.package_identification:_identify(src/odrive_control_py) by extension 'ros'
[0.414s] DEBUG:colcon.colcon_core.package_identification:Package 'src/odrive_control_py' with type 'ros.ament_python' and name 'odrive_control_py'
[0.414s] Level 1:colcon.colcon_core.package_identification:_identify(src/ros_odrive) by extensions ['ignore', 'ignore_ament_install']
[0.414s] Level 1:colcon.colcon_core.package_identification:_identify(src/ros_odrive) by extension 'ignore'
[0.414s] Level 1:colcon.colcon_core.package_identification:_identify(src/ros_odrive) by extension 'ignore_ament_install'
[0.414s] Level 1:colcon.colcon_core.package_identification:_identify(src/ros_odrive) by extensions ['colcon_pkg']
[0.414s] Level 1:colcon.colcon_core.package_identification:_identify(src/ros_odrive) by extension 'colcon_pkg'
[0.414s] Level 1:colcon.colcon_core.package_identification:_identify(src/ros_odrive) by extensions ['colcon_meta']
[0.414s] Level 1:colcon.colcon_core.package_identification:_identify(src/ros_odrive) by extension 'colcon_meta'
[0.414s] Level 1:colcon.colcon_core.package_identification:_identify(src/ros_odrive) by extensions ['ros']
[0.414s] Level 1:colcon.colcon_core.package_identification:_identify(src/ros_odrive) by extension 'ros'
[0.414s] Level 1:colcon.colcon_core.package_identification:_identify(src/ros_odrive) by extensions ['cmake', 'python']
[0.414s] Level 1:colcon.colcon_core.package_identification:_identify(src/ros_odrive) by extension 'cmake'
[0.414s] Level 1:colcon.colcon_core.package_identification:_identify(src/ros_odrive) by extension 'python'
[0.414s] Level 1:colcon.colcon_core.package_identification:_identify(src/ros_odrive) by extensions ['python_setup_py']
[0.415s] Level 1:colcon.colcon_core.package_identification:_identify(src/ros_odrive) by extension 'python_setup_py'
[0.415s] Level 1:colcon.colcon_core.package_identification:_identify(src/ros_odrive/odrive_base) by extensions ['ignore', 'ignore_ament_install']
[0.415s] Level 1:colcon.colcon_core.package_identification:_identify(src/ros_odrive/odrive_base) by extension 'ignore'
[0.415s] Level 1:colcon.colcon_core.package_identification:_identify(src/ros_odrive/odrive_base) by extension 'ignore_ament_install'
[0.415s] Level 1:colcon.colcon_core.package_identification:_identify(src/ros_odrive/odrive_base) by extensions ['colcon_pkg']
[0.415s] Level 1:colcon.colcon_core.package_identification:_identify(src/ros_odrive/odrive_base) by extension 'colcon_pkg'
[0.415s] Level 1:colcon.colcon_core.package_identification:_identify(src/ros_odrive/odrive_base) by extensions ['colcon_meta']
[0.415s] Level 1:colcon.colcon_core.package_identification:_identify(src/ros_odrive/odrive_base) by extension 'colcon_meta'
[0.415s] Level 1:colcon.colcon_core.package_identification:_identify(src/ros_odrive/odrive_base) by extensions ['ros']
[0.415s] Level 1:colcon.colcon_core.package_identification:_identify(src/ros_odrive/odrive_base) by extension 'ros'
[0.415s] Level 1:colcon.colcon_core.package_identification:_identify(src/ros_odrive/odrive_base) by extensions ['cmake', 'python']
[0.415s] Level 1:colcon.colcon_core.package_identification:_identify(src/ros_odrive/odrive_base) by extension 'cmake'
[0.415s] Level 1:colcon.colcon_core.package_identification:_identify(src/ros_odrive/odrive_base) by extension 'python'
[0.415s] Level 1:colcon.colcon_core.package_identification:_identify(src/ros_odrive/odrive_base) by extensions ['python_setup_py']
[0.415s] Level 1:colcon.colcon_core.package_identification:_identify(src/ros_odrive/odrive_base) by extension 'python_setup_py'
[0.416s] Level 1:colcon.colcon_core.package_identification:_identify(src/ros_odrive/odrive_base/include) by extensions ['ignore', 'ignore_ament_install']
[0.416s] Level 1:colcon.colcon_core.package_identification:_identify(src/ros_odrive/odrive_base/include) by extension 'ignore'
[0.416s] Level 1:colcon.colcon_core.package_identification:_identify(src/ros_odrive/odrive_base/include) by extension 'ignore_ament_install'
[0.416s] Level 1:colcon.colcon_core.package_identification:_identify(src/ros_odrive/odrive_base/include) by extensions ['colcon_pkg']
[0.416s] Level 1:colcon.colcon_core.package_identification:_identify(src/ros_odrive/odrive_base/include) by extension 'colcon_pkg'
[0.416s] Level 1:colcon.colcon_core.package_identification:_identify(src/ros_odrive/odrive_base/include) by extensions ['colcon_meta']
[0.416s] Level 1:colcon.colcon_core.package_identification:_identify(src/ros_odrive/odrive_base/include) by extension 'colcon_meta'
[0.416s] Level 1:colcon.colcon_core.package_identification:_identify(src/ros_odrive/odrive_base/include) by extensions ['ros']
[0.416s] Level 1:colcon.colcon_core.package_identification:_identify(src/ros_odrive/odrive_base/include) by extension 'ros'
[0.416s] Level 1:colcon.colcon_core.package_identification:_identify(src/ros_odrive/odrive_base/include) by extensions ['cmake', 'python']
[0.416s] Level 1:colcon.colcon_core.package_identification:_identify(src/ros_odrive/odrive_base/include) by extension 'cmake'
[0.416s] Level 1:colcon.colcon_core.package_identification:_identify(src/ros_odrive/odrive_base/include) by extension 'python'
[0.416s] Level 1:colcon.colcon_core.package_identification:_identify(src/ros_odrive/odrive_base/include) by extensions ['python_setup_py']
[0.416s] Level 1:colcon.colcon_core.package_identification:_identify(src/ros_odrive/odrive_base/include) by extension 'python_setup_py'
[0.416s] Level 1:colcon.colcon_core.package_identification:_identify(src/ros_odrive/odrive_base/src) by extensions ['ignore', 'ignore_ament_install']
[0.416s] Level 1:colcon.colcon_core.package_identification:_identify(src/ros_odrive/odrive_base/src) by extension 'ignore'
[0.417s] Level 1:colcon.colcon_core.package_identification:_identify(src/ros_odrive/odrive_base/src) by extension 'ignore_ament_install'
[0.417s] Level 1:colcon.colcon_core.package_identification:_identify(src/ros_odrive/odrive_base/src) by extensions ['colcon_pkg']
[0.417s] Level 1:colcon.colcon_core.package_identification:_identify(src/ros_odrive/odrive_base/src) by extension 'colcon_pkg'
[0.417s] Level 1:colcon.colcon_core.package_identification:_identify(src/ros_odrive/odrive_base/src) by extensions ['colcon_meta']
[0.417s] Level 1:colcon.colcon_core.package_identification:_identify(src/ros_odrive/odrive_base/src) by extension 'colcon_meta'
[0.417s] Level 1:colcon.colcon_core.package_identification:_identify(src/ros_odrive/odrive_base/src) by extensions ['ros']
[0.417s] Level 1:colcon.colcon_core.package_identification:_identify(src/ros_odrive/odrive_base/src) by extension 'ros'
[0.417s] Level 1:colcon.colcon_core.package_identification:_identify(src/ros_odrive/odrive_base/src) by extensions ['cmake', 'python']
[0.417s] Level 1:colcon.colcon_core.package_identification:_identify(src/ros_odrive/odrive_base/src) by extension 'cmake'
[0.417s] Level 1:colcon.colcon_core.package_identification:_identify(src/ros_odrive/odrive_base/src) by extension 'python'
[0.417s] Level 1:colcon.colcon_core.package_identification:_identify(src/ros_odrive/odrive_base/src) by extensions ['python_setup_py']
[0.417s] Level 1:colcon.colcon_core.package_identification:_identify(src/ros_odrive/odrive_base/src) by extension 'python_setup_py'
[0.417s] Level 1:colcon.colcon_core.package_identification:_identify(src/ros_odrive/odrive_botwheel_explorer) by extensions ['ignore', 'ignore_ament_install']
[0.417s] Level 1:colcon.colcon_core.package_identification:_identify(src/ros_odrive/odrive_botwheel_explorer) by extension 'ignore'
[0.417s] Level 1:colcon.colcon_core.package_identification:_identify(src/ros_odrive/odrive_botwheel_explorer) by extension 'ignore_ament_install'
[0.417s] Level 1:colcon.colcon_core.package_identification:_identify(src/ros_odrive/odrive_botwheel_explorer) by extensions ['colcon_pkg']
[0.418s] Level 1:colcon.colcon_core.package_identification:_identify(src/ros_odrive/odrive_botwheel_explorer) by extension 'colcon_pkg'
[0.418s] Level 1:colcon.colcon_core.package_identification:_identify(src/ros_odrive/odrive_botwheel_explorer) by extensions ['colcon_meta']
[0.418s] Level 1:colcon.colcon_core.package_identification:_identify(src/ros_odrive/odrive_botwheel_explorer) by extension 'colcon_meta'
[0.418s] Level 1:colcon.colcon_core.package_identification:_identify(src/ros_odrive/odrive_botwheel_explorer) by extensions ['ros']
[0.418s] Level 1:colcon.colcon_core.package_identification:_identify(src/ros_odrive/odrive_botwheel_explorer) by extension 'ros'
[0.418s] DEBUG:colcon.colcon_core.package_identification:Package 'src/ros_odrive/odrive_botwheel_explorer' with type 'ros.ament_cmake' and name 'odrive_botwheel_explorer'
[0.419s] Level 1:colcon.colcon_core.package_identification:_identify(src/ros_odrive/odrive_node) by extensions ['ignore', 'ignore_ament_install']
[0.419s] Level 1:colcon.colcon_core.package_identification:_identify(src/ros_odrive/odrive_node) by extension 'ignore'
[0.419s] Level 1:colcon.colcon_core.package_identification:_identify(src/ros_odrive/odrive_node) by extension 'ignore_ament_install'
[0.419s] Level 1:colcon.colcon_core.package_identification:_identify(src/ros_odrive/odrive_node) by extensions ['colcon_pkg']
[0.419s] Level 1:colcon.colcon_core.package_identification:_identify(src/ros_odrive/odrive_node) by extension 'colcon_pkg'
[0.419s] Level 1:colcon.colcon_core.package_identification:_identify(src/ros_odrive/odrive_node) by extensions ['colcon_meta']
[0.419s] Level 1:colcon.colcon_core.package_identification:_identify(src/ros_odrive/odrive_node) by extension 'colcon_meta'
[0.419s] Level 1:colcon.colcon_core.package_identification:_identify(src/ros_odrive/odrive_node) by extensions ['ros']
[0.419s] Level 1:colcon.colcon_core.package_identification:_identify(src/ros_odrive/odrive_node) by extension 'ros'
[0.420s] DEBUG:colcon.colcon_core.package_identification:Package 'src/ros_odrive/odrive_node' with type 'ros.ament_cmake' and name 'odrive_can'
[0.420s] Level 1:colcon.colcon_core.package_identification:_identify(src/ros_odrive/odrive_ros2_control) by extensions ['ignore', 'ignore_ament_install']
[0.420s] Level 1:colcon.colcon_core.package_identification:_identify(src/ros_odrive/odrive_ros2_control) by extension 'ignore'
[0.420s] Level 1:colcon.colcon_core.package_identification:_identify(src/ros_odrive/odrive_ros2_control) by extension 'ignore_ament_install'
[0.420s] Level 1:colcon.colcon_core.package_identification:_identify(src/ros_odrive/odrive_ros2_control) by extensions ['colcon_pkg']
[0.420s] Level 1:colcon.colcon_core.package_identification:_identify(src/ros_odrive/odrive_ros2_control) by extension 'colcon_pkg'
[0.420s] Level 1:colcon.colcon_core.package_identification:_identify(src/ros_odrive/odrive_ros2_control) by extensions ['colcon_meta']
[0.420s] Level 1:colcon.colcon_core.package_identification:_identify(src/ros_odrive/odrive_ros2_control) by extension 'colcon_meta'
[0.420s] Level 1:colcon.colcon_core.package_identification:_identify(src/ros_odrive/odrive_ros2_control) by extensions ['ros']
[0.421s] Level 1:colcon.colcon_core.package_identification:_identify(src/ros_odrive/odrive_ros2_control) by extension 'ros'
[0.421s] DEBUG:colcon.colcon_core.package_identification:Package 'src/ros_odrive/odrive_ros2_control' with type 'ros.ament_cmake' and name 'odrive_ros2_control'
[0.421s] Level 1:colcon.colcon_core.package_discovery:discover_packages(recursive) using defaults
[0.422s] Level 1:colcon.colcon_core.package_discovery:discover_packages(ignore) discover
[0.422s] Level 1:colcon.colcon_core.package_discovery:discover_packages(ignore) using defaults
[0.422s] Level 1:colcon.colcon_core.package_discovery:discover_packages(path) discover
[0.422s] Level 1:colcon.colcon_core.package_discovery:discover_packages(path) using defaults
[0.450s] INFO:colcon.colcon_core.package_selection:Skipping not selected package 'odrive_can' in 'src/ros_odrive/odrive_node'
[0.450s] INFO:colcon.colcon_core.package_selection:Skipping not selected package 'odrive_control' in 'src/odrive_control'
[0.450s] INFO:colcon.colcon_core.package_selection:Skipping not selected package 'odrive_ros2_control' in 'src/ros_odrive/odrive_ros2_control'
[0.450s] INFO:colcon.colcon_core.package_selection:Skipping not selected package 'odrive_botwheel_explorer' in 'src/ros_odrive/odrive_botwheel_explorer'
[0.450s] INFO:colcon.colcon_core.package_selection:Skipping not selected package 'odrive_control_cpp' in 'src/odrive_control_cpp'
[0.450s] INFO:colcon.colcon_core.package_selection:Skipping not selected package 'odrive_control_py' in 'src/odrive_control_py'
[0.451s] Level 1:colcon.colcon_core.package_discovery:discover_packages(prefix_path) check parameters
[0.451s] Level 1:colcon.colcon_core.package_discovery:discover_packages(prefix_path) discover
[0.454s] DEBUG:colcon.colcon_installed_package_information.package_discovery:Found 6 installed packages in /home/vedant/gaitlab_ws/install
[0.455s] DEBUG:colcon.colcon_installed_package_information.package_discovery:Found 297 installed packages in /opt/ros/humble
[0.459s] Level 1:colcon.colcon_core.package_discovery:discover_packages(prefix_path) using defaults
[0.544s] Level 5:colcon.colcon_core.verb:set package 'bag_recorder_nodes_py' build argument 'cmake_args' from command line to 'None'
[0.544s] Level 5:colcon.colcon_core.verb:set package 'bag_recorder_nodes_py' build argument 'cmake_target' from command line to 'None'
[0.544s] Level 5:colcon.colcon_core.verb:set package 'bag_recorder_nodes_py' build argument 'cmake_target_skip_unavailable' from command line to 'False'
[0.544s] Level 5:colcon.colcon_core.verb:set package 'bag_recorder_nodes_py' build argument 'cmake_clean_cache' from command line to 'False'
[0.544s] Level 5:colcon.colcon_core.verb:set package 'bag_recorder_nodes_py' build argument 'cmake_clean_first' from command line to 'False'
[0.545s] Level 5:colcon.colcon_core.verb:set package 'bag_recorder_nodes_py' build argument 'cmake_force_configure' from command line to 'False'
[0.545s] Level 5:colcon.colcon_core.verb:set package 'bag_recorder_nodes_py' build argument 'ament_cmake_args' from command line to 'None'
[0.545s] Level 5:colcon.colcon_core.verb:set package 'bag_recorder_nodes_py' build argument 'catkin_cmake_args' from command line to 'None'
[0.545s] Level 5:colcon.colcon_core.verb:set package 'bag_recorder_nodes_py' build argument 'catkin_skip_building_tests' from command line to 'False'
[0.545s] DEBUG:colcon.colcon_core.verb:Building package 'bag_recorder_nodes_py' with the following arguments: {'ament_cmake_args': None, 'build_base': '/home/vedant/gaitlab_ws/build/bag_recorder_nodes_py', 'catkin_cmake_args': None, 'catkin_skip_building_tests': False, 'cmake_args': None, 'cmake_clean_cache': False, 'cmake_clean_first': False, 'cmake_force_configure': False, 'cmake_target': None, 'cmake_target_skip_unavailable': False, 'install_base': '/home/vedant/gaitlab_ws/install/bag_recorder_nodes_py', 'merge_install': False, 'path': '/home/vedant/gaitlab_ws/src/bag_recorder_nodes_py', 'symlink_install': False, 'test_result_base': None}
[0.545s] INFO:colcon.colcon_core.executor:Executing jobs using 'parallel' executor
[0.546s] DEBUG:colcon.colcon_parallel_executor.executor.parallel:run_until_complete
[0.546s] INFO:colcon.colcon_ros.task.ament_python.build:Building ROS package in '/home/vedant/gaitlab_ws/src/bag_recorder_nodes_py' with build type 'ament_python'
[0.547s] Level 1:colcon.colcon_core.shell:create_environment_hook('bag_recorder_nodes_py', 'ament_prefix_path')
[0.550s] INFO:colcon.colcon_core.plugin_system:Skipping extension 'colcon_core.shell.bat': Not used on non-Windows systems
[0.550s] INFO:colcon.colcon_core.shell:Creating environment hook '/home/vedant/gaitlab_ws/install/bag_recorder_nodes_py/share/bag_recorder_nodes_py/hook/ament_prefix_path.ps1'
[0.551s] INFO:colcon.colcon_core.shell:Creating environment descriptor '/home/vedant/gaitlab_ws/install/bag_recorder_nodes_py/share/bag_recorder_nodes_py/hook/ament_prefix_path.dsv'
[0.551s] INFO:colcon.colcon_core.shell:Creating environment hook '/home/vedant/gaitlab_ws/install/bag_recorder_nodes_py/share/bag_recorder_nodes_py/hook/ament_prefix_path.sh'
[0.552s] INFO:colcon.colcon_core.shell:Skip shell extension 'powershell' for command environment: Not usable outside of PowerShell
[0.552s] DEBUG:colcon.colcon_core.shell:Skip shell extension 'dsv' for command environment
[0.909s] INFO:colcon.colcon_core.task.python.build:Building Python package in '/home/vedant/gaitlab_ws/src/bag_recorder_nodes_py'
[0.909s] INFO:colcon.colcon_core.shell:Skip shell extension 'powershell' for command environment: Not usable outside of PowerShell
[0.909s] DEBUG:colcon.colcon_core.shell:Skip shell extension 'dsv' for command environment
[1.372s] DEBUG:colcon.colcon_core.event_handler.log_command:Invoking command in '/home/vedant/gaitlab_ws/src/bag_recorder_nodes_py': PYTHONPATH=/home/vedant/gaitlab_ws/build/bag_recorder_nodes_py/prefix_override:/usr/lib/python3/dist-packages/colcon_core/task/python/colcon_distutils_commands:/home/vedant/gaitlab_ws/install/bag_recorder_nodes_py/lib/python3.10/site-packages:${PYTHONPATH} /usr/bin/python3 -W ignore:setup.py install is deprecated setup.py egg_info --egg-base ../../build/bag_recorder_nodes_py build --build-base /home/vedant/gaitlab_ws/build/bag_recorder_nodes_py/build install --record /home/vedant/gaitlab_ws/build/bag_recorder_nodes_py/install.log --single-version-externally-managed install_data
[1.783s] DEBUG:colcon.colcon_core.event_handler.log_command:Invoked command in '/home/vedant/gaitlab_ws/src/bag_recorder_nodes_py' returned '0': PYTHONPATH=/home/vedant/gaitlab_ws/build/bag_recorder_nodes_py/prefix_override:/usr/lib/python3/dist-packages/colcon_core/task/python/colcon_distutils_commands:/home/vedant/gaitlab_ws/install/bag_recorder_nodes_py/lib/python3.10/site-packages:${PYTHONPATH} /usr/bin/python3 -W ignore:setup.py install is deprecated setup.py egg_info --egg-base ../../build/bag_recorder_nodes_py build --build-base /home/vedant/gaitlab_ws/build/bag_recorder_nodes_py/build install --record /home/vedant/gaitlab_ws/build/bag_recorder_nodes_py/install.log --single-version-externally-managed install_data
[1.786s] Level 1:colcon.colcon_core.environment:checking '/home/vedant/gaitlab_ws/install/bag_recorder_nodes_py' for CMake module files
[1.786s] Level 1:colcon.colcon_core.environment:checking '/home/vedant/gaitlab_ws/install/bag_recorder_nodes_py' for CMake config files
[1.788s] Level 1:colcon.colcon_core.environment:checking '/home/vedant/gaitlab_ws/install/bag_recorder_nodes_py/lib'
[1.788s] Level 1:colcon.colcon_core.environment:checking '/home/vedant/gaitlab_ws/install/bag_recorder_nodes_py/bin'
[1.788s] Level 1:colcon.colcon_core.environment:checking '/home/vedant/gaitlab_ws/install/bag_recorder_nodes_py/lib/pkgconfig/bag_recorder_nodes_py.pc'
[1.788s] Level 1:colcon.colcon_core.environment:checking '/home/vedant/gaitlab_ws/install/bag_recorder_nodes_py/lib/python3.10/site-packages'
[1.788s] Level 1:colcon.colcon_core.shell:create_environment_hook('bag_recorder_nodes_py', 'pythonpath')
[1.789s] INFO:colcon.colcon_core.shell:Creating environment hook '/home/vedant/gaitlab_ws/install/bag_recorder_nodes_py/share/bag_recorder_nodes_py/hook/pythonpath.ps1'
[1.789s] INFO:colcon.colcon_core.shell:Creating environment descriptor '/home/vedant/gaitlab_ws/install/bag_recorder_nodes_py/share/bag_recorder_nodes_py/hook/pythonpath.dsv'
[1.790s] INFO:colcon.colcon_core.shell:Creating environment hook '/home/vedant/gaitlab_ws/install/bag_recorder_nodes_py/share/bag_recorder_nodes_py/hook/pythonpath.sh'
[1.791s] Level 1:colcon.colcon_core.environment:checking '/home/vedant/gaitlab_ws/install/bag_recorder_nodes_py/bin'
[1.791s] Level 1:colcon.colcon_core.environment:create_environment_scripts_only(bag_recorder_nodes_py)
[1.791s] INFO:colcon.colcon_core.shell:Creating package script '/home/vedant/gaitlab_ws/install/bag_recorder_nodes_py/share/bag_recorder_nodes_py/package.ps1'
[1.792s] INFO:colcon.colcon_core.shell:Creating package descriptor '/home/vedant/gaitlab_ws/install/bag_recorder_nodes_py/share/bag_recorder_nodes_py/package.dsv'
[1.793s] INFO:colcon.colcon_core.shell:Creating package script '/home/vedant/gaitlab_ws/install/bag_recorder_nodes_py/share/bag_recorder_nodes_py/package.sh'
[1.794s] INFO:colcon.colcon_core.shell:Creating package script '/home/vedant/gaitlab_ws/install/bag_recorder_nodes_py/share/bag_recorder_nodes_py/package.bash'
[1.795s] INFO:colcon.colcon_core.shell:Creating package script '/home/vedant/gaitlab_ws/install/bag_recorder_nodes_py/share/bag_recorder_nodes_py/package.zsh'
[1.796s] Level 1:colcon.colcon_core.environment:create_file_with_runtime_dependencies(/home/vedant/gaitlab_ws/install/bag_recorder_nodes_py/share/colcon-core/packages/bag_recorder_nodes_py)
[1.796s] DEBUG:colcon.colcon_parallel_executor.executor.parallel:closing loop
[1.797s] DEBUG:colcon.colcon_parallel_executor.executor.parallel:loop closed
[1.797s] DEBUG:colcon.colcon_parallel_executor.executor.parallel:run_until_complete finished with '0'
[1.797s] DEBUG:colcon.colcon_core.event_reactor:joining thread
[1.804s] INFO:colcon.colcon_core.plugin_system:Skipping extension 'colcon_notification.desktop_notification.terminal_notifier': Not used on non-Darwin systems
[1.804s] INFO:colcon.colcon_core.plugin_system:Skipping extension 'colcon_notification.desktop_notification.win32': Not used on non-Windows systems
[1.804s] INFO:colcon.colcon_notification.desktop_notification:Sending desktop notification using 'notify2'
[1.820s] DEBUG:colcon.colcon_core.event_reactor:joined thread
[1.821s] INFO:colcon.colcon_core.shell:Creating prefix script '/home/vedant/gaitlab_ws/install/local_setup.ps1'
[1.822s] INFO:colcon.colcon_core.shell:Creating prefix util module '/home/vedant/gaitlab_ws/install/_local_setup_util_ps1.py'
[1.825s] INFO:colcon.colcon_core.shell:Creating prefix chain script '/home/vedant/gaitlab_ws/install/setup.ps1'
[1.827s] INFO:colcon.colcon_core.shell:Creating prefix script '/home/vedant/gaitlab_ws/install/local_setup.sh'
[1.829s] INFO:colcon.colcon_core.shell:Creating prefix util module '/home/vedant/gaitlab_ws/install/_local_setup_util_sh.py'
[1.830s] INFO:colcon.colcon_core.shell:Creating prefix chain script '/home/vedant/gaitlab_ws/install/setup.sh'
[1.832s] INFO:colcon.colcon_core.shell:Creating prefix script '/home/vedant/gaitlab_ws/install/local_setup.bash'
[1.833s] INFO:colcon.colcon_core.shell:Creating prefix chain script '/home/vedant/gaitlab_ws/install/setup.bash'
[1.835s] INFO:colcon.colcon_core.shell:Creating prefix script '/home/vedant/gaitlab_ws/install/local_setup.zsh'
[1.836s] INFO:colcon.colcon_core.shell:Creating prefix chain script '/home/vedant/gaitlab_ws/install/setup.zsh'
