[0.014s] Invoking command in '/home/vedant/gaitlab_ws/OdriveCANControl/build/custom_msgs': CMAKE_PREFIX_PATH=/opt/ros/humble /usr/bin/cmake --build /home/vedant/gaitlab_ws/OdriveCANControl/build/custom_msgs -- -j20 -l20
[0.080s] [  2%] Built target custom_msgs__cpp
[0.088s] [ 12%] Built target custom_msgs__rosidl_generator_c
[0.096s] [ 28%] Built target custom_msgs__rosidl_typesupport_introspection_cpp
[0.097s] [ 33%] Built target custom_msgs__rosidl_typesupport_cpp
[0.097s] [ 43%] Built target custom_msgs__rosidl_typesupport_fastrtps_cpp
[0.098s] [ 43%] Built target ament_cmake_python_copy_custom_msgs
[0.105s] [ 53%] Built target custom_msgs__rosidl_typesupport_fastrtps_c
[0.106s] [ 64%] Built target custom_msgs__rosidl_typesupport_c
[0.107s] [ 74%] Built target custom_msgs__rosidl_typesupport_introspection_c
[0.118s] [ 74%] Built target custom_msgs
[0.130s] [ 76%] Built target custom_msgs__py
[0.142s] [ 84%] Built target custom_msgs__rosidl_generator_py
[0.156s] [ 89%] Built target custom_msgs__rosidl_typesupport_fastrtps_c__pyext
[0.157s] [ 94%] Built target custom_msgs__rosidl_typesupport_introspection_c__pyext
[0.159s] [100%] Built target custom_msgs__rosidl_typesupport_c__pyext
[0.240s] running egg_info
[0.251s] writing custom_msgs.egg-info/PKG-INFO
[0.251s] writing dependency_links to custom_msgs.egg-info/dependency_links.txt
[0.252s] writing top-level names to custom_msgs.egg-info/top_level.txt
[0.284s] reading manifest file 'custom_msgs.egg-info/SOURCES.txt'
[0.284s] writing manifest file 'custom_msgs.egg-info/SOURCES.txt'
[0.302s] [100%] Built target ament_cmake_python_build_custom_msgs_egg
[0.310s] Invoked command in '/home/vedant/gaitlab_ws/OdriveCANControl/build/custom_msgs' returned '0': CMAKE_PREFIX_PATH=/opt/ros/humble /usr/bin/cmake --build /home/vedant/gaitlab_ws/OdriveCANControl/build/custom_msgs -- -j20 -l20
[0.352s] Invoking command in '/home/vedant/gaitlab_ws/OdriveCANControl/build/custom_msgs': CMAKE_PREFIX_PATH=/opt/ros/humble /usr/bin/cmake --install /home/vedant/gaitlab_ws/OdriveCANControl/build/custom_msgs
[0.357s] -- Install configuration: ""
[0.358s] -- Up-to-date: /home/vedant/gaitlab_ws/OdriveCANControl/install/custom_msgs/share/ament_index/resource_index/rosidl_interfaces/custom_msgs
[0.358s] -- Up-to-date: /home/vedant/gaitlab_ws/OdriveCANControl/install/custom_msgs/include/custom_msgs/custom_msgs
[0.358s] -- Up-to-date: /home/vedant/gaitlab_ws/OdriveCANControl/install/custom_msgs/include/custom_msgs/custom_msgs/srv
[0.358s] -- Up-to-date: /home/vedant/gaitlab_ws/OdriveCANControl/install/custom_msgs/include/custom_msgs/custom_msgs/srv/o_drive_command.h
[0.358s] -- Up-to-date: /home/vedant/gaitlab_ws/OdriveCANControl/install/custom_msgs/include/custom_msgs/custom_msgs/srv/detail
[0.358s] -- Up-to-date: /home/vedant/gaitlab_ws/OdriveCANControl/install/custom_msgs/include/custom_msgs/custom_msgs/srv/detail/o_drive_command__functions.c
[0.358s] -- Up-to-date: /home/vedant/gaitlab_ws/OdriveCANControl/install/custom_msgs/include/custom_msgs/custom_msgs/srv/detail/o_drive_command__type_support.h
[0.358s] -- Up-to-date: /home/vedant/gaitlab_ws/OdriveCANControl/install/custom_msgs/include/custom_msgs/custom_msgs/srv/detail/o_drive_command__functions.h
[0.358s] -- Up-to-date: /home/vedant/gaitlab_ws/OdriveCANControl/install/custom_msgs/include/custom_msgs/custom_msgs/srv/detail/o_drive_command__struct.h
[0.359s] -- Up-to-date: /home/vedant/gaitlab_ws/OdriveCANControl/install/custom_msgs/include/custom_msgs/custom_msgs/msg
[0.359s] -- Up-to-date: /home/vedant/gaitlab_ws/OdriveCANControl/install/custom_msgs/include/custom_msgs/custom_msgs/msg/rosidl_generator_c__visibility_control.h
[0.359s] -- Up-to-date: /home/vedant/gaitlab_ws/OdriveCANControl/install/custom_msgs/include/custom_msgs/custom_msgs/msg/motion_state.h
[0.359s] -- Up-to-date: /home/vedant/gaitlab_ws/OdriveCANControl/install/custom_msgs/include/custom_msgs/custom_msgs/msg/detail
[0.359s] -- Up-to-date: /home/vedant/gaitlab_ws/OdriveCANControl/install/custom_msgs/include/custom_msgs/custom_msgs/msg/detail/motion_state__struct.h
[0.359s] -- Up-to-date: /home/vedant/gaitlab_ws/OdriveCANControl/install/custom_msgs/include/custom_msgs/custom_msgs/msg/detail/motion_state__functions.c
[0.359s] -- Up-to-date: /home/vedant/gaitlab_ws/OdriveCANControl/install/custom_msgs/include/custom_msgs/custom_msgs/msg/detail/motion_state__functions.h
[0.359s] -- Up-to-date: /home/vedant/gaitlab_ws/OdriveCANControl/install/custom_msgs/include/custom_msgs/custom_msgs/msg/detail/motion_state__type_support.h
[0.359s] -- Up-to-date: /home/vedant/gaitlab_ws/OdriveCANControl/install/custom_msgs/share/custom_msgs/environment/library_path.sh
[0.359s] -- Up-to-date: /home/vedant/gaitlab_ws/OdriveCANControl/install/custom_msgs/share/custom_msgs/environment/library_path.dsv
[0.359s] -- Up-to-date: /home/vedant/gaitlab_ws/OdriveCANControl/install/custom_msgs/lib/libcustom_msgs__rosidl_generator_c.so
[0.359s] -- Up-to-date: /home/vedant/gaitlab_ws/OdriveCANControl/install/custom_msgs/include/custom_msgs/custom_msgs
[0.359s] -- Up-to-date: /home/vedant/gaitlab_ws/OdriveCANControl/install/custom_msgs/include/custom_msgs/custom_msgs/srv
[0.359s] -- Up-to-date: /home/vedant/gaitlab_ws/OdriveCANControl/install/custom_msgs/include/custom_msgs/custom_msgs/srv/detail
[0.360s] -- Up-to-date: /home/vedant/gaitlab_ws/OdriveCANControl/install/custom_msgs/include/custom_msgs/custom_msgs/srv/detail/o_drive_command__rosidl_typesupport_fastrtps_c.h
[0.360s] -- Up-to-date: /home/vedant/gaitlab_ws/OdriveCANControl/install/custom_msgs/include/custom_msgs/custom_msgs/msg
[0.360s] -- Up-to-date: /home/vedant/gaitlab_ws/OdriveCANControl/install/custom_msgs/include/custom_msgs/custom_msgs/msg/rosidl_typesupport_fastrtps_c__visibility_control.h
[0.360s] -- Up-to-date: /home/vedant/gaitlab_ws/OdriveCANControl/install/custom_msgs/include/custom_msgs/custom_msgs/msg/detail
[0.360s] -- Up-to-date: /home/vedant/gaitlab_ws/OdriveCANControl/install/custom_msgs/include/custom_msgs/custom_msgs/msg/detail/motion_state__rosidl_typesupport_fastrtps_c.h
[0.360s] -- Up-to-date: /home/vedant/gaitlab_ws/OdriveCANControl/install/custom_msgs/lib/libcustom_msgs__rosidl_typesupport_fastrtps_c.so
[0.360s] -- Up-to-date: /home/vedant/gaitlab_ws/OdriveCANControl/install/custom_msgs/include/custom_msgs/custom_msgs
[0.360s] -- Up-to-date: /home/vedant/gaitlab_ws/OdriveCANControl/install/custom_msgs/include/custom_msgs/custom_msgs/srv
[0.360s] -- Up-to-date: /home/vedant/gaitlab_ws/OdriveCANControl/install/custom_msgs/include/custom_msgs/custom_msgs/srv/detail
[0.360s] -- Up-to-date: /home/vedant/gaitlab_ws/OdriveCANControl/install/custom_msgs/include/custom_msgs/custom_msgs/srv/detail/o_drive_command__rosidl_typesupport_introspection_c.h
[0.360s] -- Up-to-date: /home/vedant/gaitlab_ws/OdriveCANControl/install/custom_msgs/include/custom_msgs/custom_msgs/srv/detail/o_drive_command__type_support.c
[0.360s] -- Up-to-date: /home/vedant/gaitlab_ws/OdriveCANControl/install/custom_msgs/include/custom_msgs/custom_msgs/msg
[0.360s] -- Up-to-date: /home/vedant/gaitlab_ws/OdriveCANControl/install/custom_msgs/include/custom_msgs/custom_msgs/msg/rosidl_typesupport_introspection_c__visibility_control.h
[0.360s] -- Up-to-date: /home/vedant/gaitlab_ws/OdriveCANControl/install/custom_msgs/include/custom_msgs/custom_msgs/msg/detail
[0.361s] -- Up-to-date: /home/vedant/gaitlab_ws/OdriveCANControl/install/custom_msgs/include/custom_msgs/custom_msgs/msg/detail/motion_state__rosidl_typesupport_introspection_c.h
[0.361s] -- Up-to-date: /home/vedant/gaitlab_ws/OdriveCANControl/install/custom_msgs/include/custom_msgs/custom_msgs/msg/detail/motion_state__type_support.c
[0.361s] -- Up-to-date: /home/vedant/gaitlab_ws/OdriveCANControl/install/custom_msgs/lib/libcustom_msgs__rosidl_typesupport_introspection_c.so
[0.361s] -- Up-to-date: /home/vedant/gaitlab_ws/OdriveCANControl/install/custom_msgs/lib/libcustom_msgs__rosidl_typesupport_c.so
[0.362s] -- Up-to-date: /home/vedant/gaitlab_ws/OdriveCANControl/install/custom_msgs/include/custom_msgs/custom_msgs
[0.362s] -- Up-to-date: /home/vedant/gaitlab_ws/OdriveCANControl/install/custom_msgs/include/custom_msgs/custom_msgs/srv
[0.362s] -- Up-to-date: /home/vedant/gaitlab_ws/OdriveCANControl/install/custom_msgs/include/custom_msgs/custom_msgs/srv/detail
[0.362s] -- Up-to-date: /home/vedant/gaitlab_ws/OdriveCANControl/install/custom_msgs/include/custom_msgs/custom_msgs/srv/detail/o_drive_command__struct.hpp
[0.362s] -- Up-to-date: /home/vedant/gaitlab_ws/OdriveCANControl/install/custom_msgs/include/custom_msgs/custom_msgs/srv/detail/o_drive_command__builder.hpp
[0.362s] -- Up-to-date: /home/vedant/gaitlab_ws/OdriveCANControl/install/custom_msgs/include/custom_msgs/custom_msgs/srv/detail/o_drive_command__traits.hpp
[0.362s] -- Up-to-date: /home/vedant/gaitlab_ws/OdriveCANControl/install/custom_msgs/include/custom_msgs/custom_msgs/srv/detail/o_drive_command__type_support.hpp
[0.362s] -- Up-to-date: /home/vedant/gaitlab_ws/OdriveCANControl/install/custom_msgs/include/custom_msgs/custom_msgs/srv/o_drive_command.hpp
[0.362s] -- Up-to-date: /home/vedant/gaitlab_ws/OdriveCANControl/install/custom_msgs/include/custom_msgs/custom_msgs/msg
[0.362s] -- Up-to-date: /home/vedant/gaitlab_ws/OdriveCANControl/install/custom_msgs/include/custom_msgs/custom_msgs/msg/motion_state.hpp
[0.362s] -- Up-to-date: /home/vedant/gaitlab_ws/OdriveCANControl/install/custom_msgs/include/custom_msgs/custom_msgs/msg/rosidl_generator_cpp__visibility_control.hpp
[0.362s] -- Up-to-date: /home/vedant/gaitlab_ws/OdriveCANControl/install/custom_msgs/include/custom_msgs/custom_msgs/msg/detail
[0.362s] -- Up-to-date: /home/vedant/gaitlab_ws/OdriveCANControl/install/custom_msgs/include/custom_msgs/custom_msgs/msg/detail/motion_state__type_support.hpp
[0.362s] -- Up-to-date: /home/vedant/gaitlab_ws/OdriveCANControl/install/custom_msgs/include/custom_msgs/custom_msgs/msg/detail/motion_state__builder.hpp
[0.362s] -- Up-to-date: /home/vedant/gaitlab_ws/OdriveCANControl/install/custom_msgs/include/custom_msgs/custom_msgs/msg/detail/motion_state__struct.hpp
[0.363s] -- Up-to-date: /home/vedant/gaitlab_ws/OdriveCANControl/install/custom_msgs/include/custom_msgs/custom_msgs/msg/detail/motion_state__traits.hpp
[0.363s] -- Up-to-date: /home/vedant/gaitlab_ws/OdriveCANControl/install/custom_msgs/include/custom_msgs/custom_msgs
[0.363s] -- Up-to-date: /home/vedant/gaitlab_ws/OdriveCANControl/install/custom_msgs/include/custom_msgs/custom_msgs/srv
[0.363s] -- Up-to-date: /home/vedant/gaitlab_ws/OdriveCANControl/install/custom_msgs/include/custom_msgs/custom_msgs/srv/detail
[0.363s] -- Up-to-date: /home/vedant/gaitlab_ws/OdriveCANControl/install/custom_msgs/include/custom_msgs/custom_msgs/srv/detail/dds_fastrtps
[0.363s] -- Up-to-date: /home/vedant/gaitlab_ws/OdriveCANControl/install/custom_msgs/include/custom_msgs/custom_msgs/srv/detail/o_drive_command__rosidl_typesupport_fastrtps_cpp.hpp
[0.363s] -- Up-to-date: /home/vedant/gaitlab_ws/OdriveCANControl/install/custom_msgs/include/custom_msgs/custom_msgs/msg
[0.363s] -- Up-to-date: /home/vedant/gaitlab_ws/OdriveCANControl/install/custom_msgs/include/custom_msgs/custom_msgs/msg/rosidl_typesupport_fastrtps_cpp__visibility_control.h
[0.363s] -- Up-to-date: /home/vedant/gaitlab_ws/OdriveCANControl/install/custom_msgs/include/custom_msgs/custom_msgs/msg/detail
[0.363s] -- Up-to-date: /home/vedant/gaitlab_ws/OdriveCANControl/install/custom_msgs/include/custom_msgs/custom_msgs/msg/detail/dds_fastrtps
[0.363s] -- Up-to-date: /home/vedant/gaitlab_ws/OdriveCANControl/install/custom_msgs/include/custom_msgs/custom_msgs/msg/detail/motion_state__rosidl_typesupport_fastrtps_cpp.hpp
[0.363s] -- Up-to-date: /home/vedant/gaitlab_ws/OdriveCANControl/install/custom_msgs/lib/libcustom_msgs__rosidl_typesupport_fastrtps_cpp.so
[0.363s] -- Up-to-date: /home/vedant/gaitlab_ws/OdriveCANControl/install/custom_msgs/include/custom_msgs/custom_msgs
[0.363s] -- Up-to-date: /home/vedant/gaitlab_ws/OdriveCANControl/install/custom_msgs/include/custom_msgs/custom_msgs/srv
[0.363s] -- Up-to-date: /home/vedant/gaitlab_ws/OdriveCANControl/install/custom_msgs/include/custom_msgs/custom_msgs/srv/detail
[0.364s] -- Up-to-date: /home/vedant/gaitlab_ws/OdriveCANControl/install/custom_msgs/include/custom_msgs/custom_msgs/srv/detail/o_drive_command__type_support.cpp
[0.364s] -- Up-to-date: /home/vedant/gaitlab_ws/OdriveCANControl/install/custom_msgs/include/custom_msgs/custom_msgs/srv/detail/o_drive_command__rosidl_typesupport_introspection_cpp.hpp
[0.364s] -- Up-to-date: /home/vedant/gaitlab_ws/OdriveCANControl/install/custom_msgs/include/custom_msgs/custom_msgs/msg
[0.364s] -- Up-to-date: /home/vedant/gaitlab_ws/OdriveCANControl/install/custom_msgs/include/custom_msgs/custom_msgs/msg/detail
[0.364s] -- Up-to-date: /home/vedant/gaitlab_ws/OdriveCANControl/install/custom_msgs/include/custom_msgs/custom_msgs/msg/detail/motion_state__rosidl_typesupport_introspection_cpp.hpp
[0.364s] -- Up-to-date: /home/vedant/gaitlab_ws/OdriveCANControl/install/custom_msgs/include/custom_msgs/custom_msgs/msg/detail/motion_state__type_support.cpp
[0.364s] -- Up-to-date: /home/vedant/gaitlab_ws/OdriveCANControl/install/custom_msgs/lib/libcustom_msgs__rosidl_typesupport_introspection_cpp.so
[0.365s] -- Up-to-date: /home/vedant/gaitlab_ws/OdriveCANControl/install/custom_msgs/lib/libcustom_msgs__rosidl_typesupport_cpp.so
[0.365s] -- Up-to-date: /home/vedant/gaitlab_ws/OdriveCANControl/install/custom_msgs/share/custom_msgs/environment/pythonpath.sh
[0.365s] -- Up-to-date: /home/vedant/gaitlab_ws/OdriveCANControl/install/custom_msgs/share/custom_msgs/environment/pythonpath.dsv
[0.365s] -- Up-to-date: /home/vedant/gaitlab_ws/OdriveCANControl/install/custom_msgs/local/lib/python3.10/dist-packages/custom_msgs-0.0.0-py3.10.egg-info
[0.365s] -- Installing: /home/vedant/gaitlab_ws/OdriveCANControl/install/custom_msgs/local/lib/python3.10/dist-packages/custom_msgs-0.0.0-py3.10.egg-info/PKG-INFO
[0.365s] -- Installing: /home/vedant/gaitlab_ws/OdriveCANControl/install/custom_msgs/local/lib/python3.10/dist-packages/custom_msgs-0.0.0-py3.10.egg-info/top_level.txt
[0.366s] -- Installing: /home/vedant/gaitlab_ws/OdriveCANControl/install/custom_msgs/local/lib/python3.10/dist-packages/custom_msgs-0.0.0-py3.10.egg-info/SOURCES.txt
[0.366s] -- Installing: /home/vedant/gaitlab_ws/OdriveCANControl/install/custom_msgs/local/lib/python3.10/dist-packages/custom_msgs-0.0.0-py3.10.egg-info/dependency_links.txt
[0.366s] -- Up-to-date: /home/vedant/gaitlab_ws/OdriveCANControl/install/custom_msgs/local/lib/python3.10/dist-packages/custom_msgs
[0.366s] -- Up-to-date: /home/vedant/gaitlab_ws/OdriveCANControl/install/custom_msgs/local/lib/python3.10/dist-packages/custom_msgs/libcustom_msgs__rosidl_generator_py.so
[0.366s] -- Up-to-date: /home/vedant/gaitlab_ws/OdriveCANControl/install/custom_msgs/local/lib/python3.10/dist-packages/custom_msgs/_custom_msgs_s.ep.rosidl_typesupport_fastrtps_c.c
[0.366s] -- Up-to-date: /home/vedant/gaitlab_ws/OdriveCANControl/install/custom_msgs/local/lib/python3.10/dist-packages/custom_msgs/custom_msgs_s__rosidl_typesupport_introspection_c.cpython-310-x86_64-linux-gnu.so
[0.366s] -- Up-to-date: /home/vedant/gaitlab_ws/OdriveCANControl/install/custom_msgs/local/lib/python3.10/dist-packages/custom_msgs/custom_msgs_s__rosidl_typesupport_fastrtps_c.cpython-310-x86_64-linux-gnu.so
[0.366s] -- Up-to-date: /home/vedant/gaitlab_ws/OdriveCANControl/install/custom_msgs/local/lib/python3.10/dist-packages/custom_msgs/_custom_msgs_s.ep.rosidl_typesupport_c.c
[0.366s] -- Up-to-date: /home/vedant/gaitlab_ws/OdriveCANControl/install/custom_msgs/local/lib/python3.10/dist-packages/custom_msgs/_custom_msgs_s.ep.rosidl_typesupport_introspection_c.c
[0.367s] -- Up-to-date: /home/vedant/gaitlab_ws/OdriveCANControl/install/custom_msgs/local/lib/python3.10/dist-packages/custom_msgs/custom_msgs_s__rosidl_typesupport_c.cpython-310-x86_64-linux-gnu.so
[0.367s] -- Up-to-date: /home/vedant/gaitlab_ws/OdriveCANControl/install/custom_msgs/local/lib/python3.10/dist-packages/custom_msgs/srv
[0.367s] -- Up-to-date: /home/vedant/gaitlab_ws/OdriveCANControl/install/custom_msgs/local/lib/python3.10/dist-packages/custom_msgs/srv/_o_drive_command_s.c
[0.367s] -- Up-to-date: /home/vedant/gaitlab_ws/OdriveCANControl/install/custom_msgs/local/lib/python3.10/dist-packages/custom_msgs/srv/_o_drive_command.py
[0.367s] -- Up-to-date: /home/vedant/gaitlab_ws/OdriveCANControl/install/custom_msgs/local/lib/python3.10/dist-packages/custom_msgs/srv/__init__.py
[0.367s] -- Up-to-date: /home/vedant/gaitlab_ws/OdriveCANControl/install/custom_msgs/local/lib/python3.10/dist-packages/custom_msgs/msg
[0.367s] -- Up-to-date: /home/vedant/gaitlab_ws/OdriveCANControl/install/custom_msgs/local/lib/python3.10/dist-packages/custom_msgs/msg/_motion_state.py
[0.367s] -- Up-to-date: /home/vedant/gaitlab_ws/OdriveCANControl/install/custom_msgs/local/lib/python3.10/dist-packages/custom_msgs/msg/_motion_state_s.c
[0.367s] -- Up-to-date: /home/vedant/gaitlab_ws/OdriveCANControl/install/custom_msgs/local/lib/python3.10/dist-packages/custom_msgs/msg/__init__.py
[0.367s] -- Up-to-date: /home/vedant/gaitlab_ws/OdriveCANControl/install/custom_msgs/local/lib/python3.10/dist-packages/custom_msgs/__init__.py
[0.386s] Listing '/home/vedant/gaitlab_ws/OdriveCANControl/install/custom_msgs/local/lib/python3.10/dist-packages/custom_msgs'...
[0.386s] Listing '/home/vedant/gaitlab_ws/OdriveCANControl/install/custom_msgs/local/lib/python3.10/dist-packages/custom_msgs/msg'...
[0.386s] Listing '/home/vedant/gaitlab_ws/OdriveCANControl/install/custom_msgs/local/lib/python3.10/dist-packages/custom_msgs/srv'...
[0.389s] -- Up-to-date: /home/vedant/gaitlab_ws/OdriveCANControl/install/custom_msgs/local/lib/python3.10/dist-packages/custom_msgs/custom_msgs_s__rosidl_typesupport_fastrtps_c.cpython-310-x86_64-linux-gnu.so
[0.389s] -- Up-to-date: /home/vedant/gaitlab_ws/OdriveCANControl/install/custom_msgs/local/lib/python3.10/dist-packages/custom_msgs/custom_msgs_s__rosidl_typesupport_introspection_c.cpython-310-x86_64-linux-gnu.so
[0.390s] -- Up-to-date: /home/vedant/gaitlab_ws/OdriveCANControl/install/custom_msgs/local/lib/python3.10/dist-packages/custom_msgs/custom_msgs_s__rosidl_typesupport_c.cpython-310-x86_64-linux-gnu.so
[0.390s] -- Up-to-date: /home/vedant/gaitlab_ws/OdriveCANControl/install/custom_msgs/lib/libcustom_msgs__rosidl_generator_py.so
[0.390s] -- Up-to-date: /home/vedant/gaitlab_ws/OdriveCANControl/install/custom_msgs/share/custom_msgs/msg/MotionState.idl
[0.391s] -- Up-to-date: /home/vedant/gaitlab_ws/OdriveCANControl/install/custom_msgs/share/custom_msgs/srv/ODriveCommand.idl
[0.391s] -- Up-to-date: /home/vedant/gaitlab_ws/OdriveCANControl/install/custom_msgs/share/custom_msgs/msg/MotionState.msg
[0.391s] -- Up-to-date: /home/vedant/gaitlab_ws/OdriveCANControl/install/custom_msgs/share/custom_msgs/srv/ODriveCommand.srv
[0.391s] -- Up-to-date: /home/vedant/gaitlab_ws/OdriveCANControl/install/custom_msgs/share/custom_msgs/srv/ODriveCommand_Request.msg
[0.391s] -- Up-to-date: /home/vedant/gaitlab_ws/OdriveCANControl/install/custom_msgs/share/custom_msgs/srv/ODriveCommand_Response.msg
[0.391s] -- Up-to-date: /home/vedant/gaitlab_ws/OdriveCANControl/install/custom_msgs/share/ament_index/resource_index/package_run_dependencies/custom_msgs
[0.391s] -- Up-to-date: /home/vedant/gaitlab_ws/OdriveCANControl/install/custom_msgs/share/ament_index/resource_index/parent_prefix_path/custom_msgs
[0.391s] -- Up-to-date: /home/vedant/gaitlab_ws/OdriveCANControl/install/custom_msgs/share/custom_msgs/environment/ament_prefix_path.sh
[0.392s] -- Up-to-date: /home/vedant/gaitlab_ws/OdriveCANControl/install/custom_msgs/share/custom_msgs/environment/ament_prefix_path.dsv
[0.392s] -- Up-to-date: /home/vedant/gaitlab_ws/OdriveCANControl/install/custom_msgs/share/custom_msgs/environment/path.sh
[0.392s] -- Up-to-date: /home/vedant/gaitlab_ws/OdriveCANControl/install/custom_msgs/share/custom_msgs/environment/path.dsv
[0.392s] -- Up-to-date: /home/vedant/gaitlab_ws/OdriveCANControl/install/custom_msgs/share/custom_msgs/local_setup.bash
[0.392s] -- Up-to-date: /home/vedant/gaitlab_ws/OdriveCANControl/install/custom_msgs/share/custom_msgs/local_setup.sh
[0.392s] -- Up-to-date: /home/vedant/gaitlab_ws/OdriveCANControl/install/custom_msgs/share/custom_msgs/local_setup.zsh
[0.392s] -- Up-to-date: /home/vedant/gaitlab_ws/OdriveCANControl/install/custom_msgs/share/custom_msgs/local_setup.dsv
[0.392s] -- Installing: /home/vedant/gaitlab_ws/OdriveCANControl/install/custom_msgs/share/custom_msgs/package.dsv
[0.392s] -- Up-to-date: /home/vedant/gaitlab_ws/OdriveCANControl/install/custom_msgs/share/ament_index/resource_index/packages/custom_msgs
[0.392s] -- Up-to-date: /home/vedant/gaitlab_ws/OdriveCANControl/install/custom_msgs/share/custom_msgs/cmake/export_custom_msgs__rosidl_generator_cExport.cmake
[0.393s] -- Up-to-date: /home/vedant/gaitlab_ws/OdriveCANControl/install/custom_msgs/share/custom_msgs/cmake/export_custom_msgs__rosidl_generator_cExport-noconfig.cmake
[0.393s] -- Up-to-date: /home/vedant/gaitlab_ws/OdriveCANControl/install/custom_msgs/share/custom_msgs/cmake/export_custom_msgs__rosidl_typesupport_fastrtps_cExport.cmake
[0.393s] -- Up-to-date: /home/vedant/gaitlab_ws/OdriveCANControl/install/custom_msgs/share/custom_msgs/cmake/export_custom_msgs__rosidl_typesupport_fastrtps_cExport-noconfig.cmake
[0.393s] -- Up-to-date: /home/vedant/gaitlab_ws/OdriveCANControl/install/custom_msgs/share/custom_msgs/cmake/custom_msgs__rosidl_typesupport_introspection_cExport.cmake
[0.393s] -- Up-to-date: /home/vedant/gaitlab_ws/OdriveCANControl/install/custom_msgs/share/custom_msgs/cmake/custom_msgs__rosidl_typesupport_introspection_cExport-noconfig.cmake
[0.393s] -- Up-to-date: /home/vedant/gaitlab_ws/OdriveCANControl/install/custom_msgs/share/custom_msgs/cmake/custom_msgs__rosidl_typesupport_cExport.cmake
[0.393s] -- Up-to-date: /home/vedant/gaitlab_ws/OdriveCANControl/install/custom_msgs/share/custom_msgs/cmake/custom_msgs__rosidl_typesupport_cExport-noconfig.cmake
[0.393s] -- Up-to-date: /home/vedant/gaitlab_ws/OdriveCANControl/install/custom_msgs/share/custom_msgs/cmake/export_custom_msgs__rosidl_generator_cppExport.cmake
[0.393s] -- Up-to-date: /home/vedant/gaitlab_ws/OdriveCANControl/install/custom_msgs/share/custom_msgs/cmake/export_custom_msgs__rosidl_typesupport_fastrtps_cppExport.cmake
[0.393s] -- Up-to-date: /home/vedant/gaitlab_ws/OdriveCANControl/install/custom_msgs/share/custom_msgs/cmake/export_custom_msgs__rosidl_typesupport_fastrtps_cppExport-noconfig.cmake
[0.393s] -- Up-to-date: /home/vedant/gaitlab_ws/OdriveCANControl/install/custom_msgs/share/custom_msgs/cmake/custom_msgs__rosidl_typesupport_introspection_cppExport.cmake
[0.393s] -- Up-to-date: /home/vedant/gaitlab_ws/OdriveCANControl/install/custom_msgs/share/custom_msgs/cmake/custom_msgs__rosidl_typesupport_introspection_cppExport-noconfig.cmake
[0.393s] -- Up-to-date: /home/vedant/gaitlab_ws/OdriveCANControl/install/custom_msgs/share/custom_msgs/cmake/custom_msgs__rosidl_typesupport_cppExport.cmake
[0.393s] -- Up-to-date: /home/vedant/gaitlab_ws/OdriveCANControl/install/custom_msgs/share/custom_msgs/cmake/custom_msgs__rosidl_typesupport_cppExport-noconfig.cmake
[0.393s] -- Up-to-date: /home/vedant/gaitlab_ws/OdriveCANControl/install/custom_msgs/share/custom_msgs/cmake/export_custom_msgs__rosidl_generator_pyExport.cmake
[0.393s] -- Up-to-date: /home/vedant/gaitlab_ws/OdriveCANControl/install/custom_msgs/share/custom_msgs/cmake/export_custom_msgs__rosidl_generator_pyExport-noconfig.cmake
[0.393s] -- Up-to-date: /home/vedant/gaitlab_ws/OdriveCANControl/install/custom_msgs/share/custom_msgs/cmake/rosidl_cmake-extras.cmake
[0.393s] -- Up-to-date: /home/vedant/gaitlab_ws/OdriveCANControl/install/custom_msgs/share/custom_msgs/cmake/ament_cmake_export_dependencies-extras.cmake
[0.393s] -- Up-to-date: /home/vedant/gaitlab_ws/OdriveCANControl/install/custom_msgs/share/custom_msgs/cmake/ament_cmake_export_include_directories-extras.cmake
[0.393s] -- Up-to-date: /home/vedant/gaitlab_ws/OdriveCANControl/install/custom_msgs/share/custom_msgs/cmake/ament_cmake_export_libraries-extras.cmake
[0.393s] -- Up-to-date: /home/vedant/gaitlab_ws/OdriveCANControl/install/custom_msgs/share/custom_msgs/cmake/ament_cmake_export_targets-extras.cmake
[0.393s] -- Up-to-date: /home/vedant/gaitlab_ws/OdriveCANControl/install/custom_msgs/share/custom_msgs/cmake/rosidl_cmake_export_typesupport_targets-extras.cmake
[0.393s] -- Up-to-date: /home/vedant/gaitlab_ws/OdriveCANControl/install/custom_msgs/share/custom_msgs/cmake/rosidl_cmake_export_typesupport_libraries-extras.cmake
[0.393s] -- Up-to-date: /home/vedant/gaitlab_ws/OdriveCANControl/install/custom_msgs/share/custom_msgs/cmake/custom_msgsConfig.cmake
[0.393s] -- Up-to-date: /home/vedant/gaitlab_ws/OdriveCANControl/install/custom_msgs/share/custom_msgs/cmake/custom_msgsConfig-version.cmake
[0.393s] -- Up-to-date: /home/vedant/gaitlab_ws/OdriveCANControl/install/custom_msgs/share/custom_msgs/package.xml
[0.394s] Invoked command in '/home/vedant/gaitlab_ws/OdriveCANControl/build/custom_msgs' returned '0': CMAKE_PREFIX_PATH=/opt/ros/humble /usr/bin/cmake --install /home/vedant/gaitlab_ws/OdriveCANControl/build/custom_msgs
