[0.023s] Invoking command in '/home/vedant/gaitlab_ws/build/data_sync': CMAKE_PREFIX_PATH=/opt/ros/humble /usr/bin/cmake --build /home/vedant/gaitlab_ws/build/data_sync -- -j4 -l4
[0.057s] -- Found ament_cmake: 1.3.10 (/opt/ros/humble/share/ament_cmake/cmake)
[0.232s] -- Found std_msgs: 4.2.4 (/opt/ros/humble/share/std_msgs/cmake)
[0.266s] -- Found rosidl_generator_c: 3.1.5 (/opt/ros/humble/share/rosidl_generator_c/cmake)
[0.269s] -- Found rosidl_adapter: 3.1.5 (/opt/ros/humble/share/rosidl_adapter/cmake)
[0.277s] -- Found rosidl_generator_cpp: 3.1.5 (/opt/ros/humble/share/rosidl_generator_cpp/cmake)
[0.290s] -- Using all available rosidl_typesupport_c: rosidl_typesupport_fastrtps_c;rosidl_typesupport_introspection_c
[0.308s] -- Using all available rosidl_typesupport_cpp: rosidl_typesupport_fastrtps_cpp;rosidl_typesupport_introspection_cpp
[0.340s] -- Found rosidl_default_generators: 1.2.0 (/opt/ros/humble/share/rosidl_default_generators/cmake)
[0.705s] -- Found ament_cmake_ros: 0.10.0 (/opt/ros/humble/share/ament_cmake_ros/cmake)
[1.126s] -- Using all available rosidl_typesupport_c: rosidl_typesupport_fastrtps_c;rosidl_typesupport_introspection_c
[1.293s] -- Using all available rosidl_typesupport_cpp: rosidl_typesupport_fastrtps_cpp;rosidl_typesupport_introspection_cpp
[1.323s] -- Found python_cmake_module: 0.10.0 (/opt/ros/humble/share/python_cmake_module/cmake)
[1.355s] -- Using PYTHON_EXECUTABLE: /usr/bin/python3
[1.355s] -- Using PYTHON_INCLUDE_DIRS: /usr/include/python3.10
[1.355s] -- Using PYTHON_LIBRARIES: /usr/lib/x86_64-linux-gnu/libpython3.10.so
[1.370s] -- Found ament_lint_auto: 0.12.11 (/opt/ros/humble/share/ament_lint_auto/cmake)
[1.383s] -- Added test 'lint_cmake' to check CMake code style
[1.384s] -- Added test 'xmllint' to check XML markup files
[1.386s] -- Configuring done
[1.427s] -- Generating done
[1.433s] -- Build files have been written to: /home/vedant/gaitlab_ws/build/data_sync
[1.470s] [35m[1mConsolidate compiler generated dependencies of target data_sync__rosidl_generator_c[0m
[1.487s] [  9%] Built target data_sync__rosidl_generator_c
[1.489s] [ 12%] Built target data_sync__cpp
[1.504s] [35m[1mConsolidate compiler generated dependencies of target data_sync__rosidl_typesupport_introspection_c[0m
[1.506s] [35m[1mConsolidate compiler generated dependencies of target data_sync__rosidl_typesupport_fastrtps_c[0m
[1.514s] [ 12%] Built target ament_cmake_python_copy_data_sync
[1.522s] [ 22%] Built target data_sync__rosidl_typesupport_introspection_c
[1.525s] [35m[1mConsolidate compiler generated dependencies of target data_sync__rosidl_typesupport_c[0m
[1.541s] [ 32%] Built target data_sync__rosidl_typesupport_fastrtps_c
[1.543s] [ 41%] Built target data_sync__rosidl_typesupport_c
[1.546s] [35m[1mConsolidate compiler generated dependencies of target data_sync__rosidl_typesupport_introspection_cpp[0m
[1.560s] [35m[1mConsolidate compiler generated dependencies of target data_sync__rosidl_typesupport_cpp[0m
[1.563s] [35m[1mConsolidate compiler generated dependencies of target data_sync__rosidl_typesupport_fastrtps_cpp[0m
[1.571s] [ 51%] Built target data_sync__rosidl_typesupport_introspection_cpp
[1.581s] [ 61%] Built target data_sync__rosidl_typesupport_fastrtps_cpp
[1.583s] [ 70%] Built target data_sync__rosidl_typesupport_cpp
[1.611s] [ 70%] Built target data_sync
[1.639s] [ 74%] Built target data_sync__py
[1.653s] [35m[1mConsolidate compiler generated dependencies of target data_sync__rosidl_generator_py[0m
[1.675s] [ 80%] Built target data_sync__rosidl_generator_py
[1.690s] [35m[1mConsolidate compiler generated dependencies of target data_sync__rosidl_typesupport_introspection_c__pyext[0m
[1.690s] [35m[1mConsolidate compiler generated dependencies of target data_sync__rosidl_typesupport_fastrtps_c__pyext[0m
[1.690s] [35m[1mConsolidate compiler generated dependencies of target data_sync__rosidl_typesupport_c__pyext[0m
[1.708s] [ 87%] Built target data_sync__rosidl_typesupport_introspection_c__pyext
[1.708s] [ 93%] Built target data_sync__rosidl_typesupport_c__pyext
[1.709s] [100%] Built target data_sync__rosidl_typesupport_fastrtps_c__pyext
[1.912s] running egg_info
[1.913s] writing data_sync.egg-info/PKG-INFO
[1.914s] writing dependency_links to data_sync.egg-info/dependency_links.txt
[1.915s] writing top-level names to data_sync.egg-info/top_level.txt
[1.920s] reading manifest file 'data_sync.egg-info/SOURCES.txt'
[1.920s] writing manifest file 'data_sync.egg-info/SOURCES.txt'
[1.958s] [100%] Built target ament_cmake_python_build_data_sync_egg
[1.972s] Invoked command in '/home/vedant/gaitlab_ws/build/data_sync' returned '0': CMAKE_PREFIX_PATH=/opt/ros/humble /usr/bin/cmake --build /home/vedant/gaitlab_ws/build/data_sync -- -j4 -l4
[2.048s] Invoking command in '/home/vedant/gaitlab_ws/build/data_sync': CMAKE_PREFIX_PATH=/opt/ros/humble /usr/bin/cmake --install /home/vedant/gaitlab_ws/build/data_sync
[2.058s] -- Install configuration: ""
[2.058s] -- Up-to-date: /home/vedant/gaitlab_ws/install/data_sync/share/ament_index/resource_index/rosidl_interfaces/data_sync
[2.058s] -- Up-to-date: /home/vedant/gaitlab_ws/install/data_sync/include/data_sync/data_sync
[2.058s] -- Up-to-date: /home/vedant/gaitlab_ws/install/data_sync/include/data_sync/data_sync/srv
[2.059s] -- Up-to-date: /home/vedant/gaitlab_ws/install/data_sync/include/data_sync/data_sync/srv/detail
[2.059s] -- Up-to-date: /home/vedant/gaitlab_ws/install/data_sync/include/data_sync/data_sync/srv/detail/start_stop_data_collection__functions.h
[2.059s] -- Up-to-date: /home/vedant/gaitlab_ws/install/data_sync/include/data_sync/data_sync/srv/detail/start_stop_data_collection__struct.h
[2.059s] -- Up-to-date: /home/vedant/gaitlab_ws/install/data_sync/include/data_sync/data_sync/srv/detail/start_stop_data_collection__type_support.h
[2.059s] -- Up-to-date: /home/vedant/gaitlab_ws/install/data_sync/include/data_sync/data_sync/srv/detail/start_stop_data_collection__functions.c
[2.059s] -- Up-to-date: /home/vedant/gaitlab_ws/install/data_sync/include/data_sync/data_sync/srv/start_stop_data_collection.h
[2.059s] -- Up-to-date: /home/vedant/gaitlab_ws/install/data_sync/include/data_sync/data_sync/msg
[2.059s] -- Up-to-date: /home/vedant/gaitlab_ws/install/data_sync/include/data_sync/data_sync/msg/rosidl_generator_c__visibility_control.h
[2.060s] -- Up-to-date: /home/vedant/gaitlab_ws/install/data_sync/share/data_sync/environment/library_path.sh
[2.060s] -- Installing: /home/vedant/gaitlab_ws/install/data_sync/share/data_sync/environment/library_path.dsv
[2.060s] -- Up-to-date: /home/vedant/gaitlab_ws/install/data_sync/lib/libdata_sync__rosidl_generator_c.so
[2.060s] -- Up-to-date: /home/vedant/gaitlab_ws/install/data_sync/include/data_sync/data_sync
[2.060s] -- Up-to-date: /home/vedant/gaitlab_ws/install/data_sync/include/data_sync/data_sync/srv
[2.060s] -- Up-to-date: /home/vedant/gaitlab_ws/install/data_sync/include/data_sync/data_sync/srv/detail
[2.060s] -- Up-to-date: /home/vedant/gaitlab_ws/install/data_sync/include/data_sync/data_sync/srv/detail/start_stop_data_collection__rosidl_typesupport_fastrtps_c.h
[2.060s] -- Up-to-date: /home/vedant/gaitlab_ws/install/data_sync/include/data_sync/data_sync/msg
[2.061s] -- Up-to-date: /home/vedant/gaitlab_ws/install/data_sync/include/data_sync/data_sync/msg/rosidl_typesupport_fastrtps_c__visibility_control.h
[2.061s] -- Up-to-date: /home/vedant/gaitlab_ws/install/data_sync/lib/libdata_sync__rosidl_typesupport_fastrtps_c.so
[2.061s] -- Up-to-date: /home/vedant/gaitlab_ws/install/data_sync/include/data_sync/data_sync
[2.061s] -- Up-to-date: /home/vedant/gaitlab_ws/install/data_sync/include/data_sync/data_sync/srv
[2.061s] -- Up-to-date: /home/vedant/gaitlab_ws/install/data_sync/include/data_sync/data_sync/srv/detail
[2.061s] -- Up-to-date: /home/vedant/gaitlab_ws/install/data_sync/include/data_sync/data_sync/srv/detail/start_stop_data_collection__struct.hpp
[2.061s] -- Up-to-date: /home/vedant/gaitlab_ws/install/data_sync/include/data_sync/data_sync/srv/detail/start_stop_data_collection__builder.hpp
[2.061s] -- Up-to-date: /home/vedant/gaitlab_ws/install/data_sync/include/data_sync/data_sync/srv/detail/start_stop_data_collection__traits.hpp
[2.061s] -- Up-to-date: /home/vedant/gaitlab_ws/install/data_sync/include/data_sync/data_sync/srv/start_stop_data_collection.hpp
[2.061s] -- Up-to-date: /home/vedant/gaitlab_ws/install/data_sync/include/data_sync/data_sync
[2.062s] -- Up-to-date: /home/vedant/gaitlab_ws/install/data_sync/include/data_sync/data_sync/srv
[2.062s] -- Up-to-date: /home/vedant/gaitlab_ws/install/data_sync/include/data_sync/data_sync/srv/detail
[2.062s] -- Up-to-date: /home/vedant/gaitlab_ws/install/data_sync/include/data_sync/data_sync/srv/detail/start_stop_data_collection__rosidl_typesupport_fastrtps_cpp.hpp
[2.062s] -- Up-to-date: /home/vedant/gaitlab_ws/install/data_sync/include/data_sync/data_sync/srv/detail/dds_fastrtps
[2.062s] -- Up-to-date: /home/vedant/gaitlab_ws/install/data_sync/include/data_sync/data_sync/msg
[2.062s] -- Up-to-date: /home/vedant/gaitlab_ws/install/data_sync/include/data_sync/data_sync/msg/rosidl_typesupport_fastrtps_cpp__visibility_control.h
[2.062s] -- Up-to-date: /home/vedant/gaitlab_ws/install/data_sync/lib/libdata_sync__rosidl_typesupport_fastrtps_cpp.so
[2.062s] -- Up-to-date: /home/vedant/gaitlab_ws/install/data_sync/include/data_sync/data_sync
[2.062s] -- Up-to-date: /home/vedant/gaitlab_ws/install/data_sync/include/data_sync/data_sync/srv
[2.063s] -- Up-to-date: /home/vedant/gaitlab_ws/install/data_sync/include/data_sync/data_sync/srv/detail
[2.063s] -- Up-to-date: /home/vedant/gaitlab_ws/install/data_sync/include/data_sync/data_sync/srv/detail/start_stop_data_collection__rosidl_typesupport_introspection_c.h
[2.063s] -- Up-to-date: /home/vedant/gaitlab_ws/install/data_sync/include/data_sync/data_sync/srv/detail/start_stop_data_collection__type_support.c
[2.063s] -- Up-to-date: /home/vedant/gaitlab_ws/install/data_sync/include/data_sync/data_sync/msg
[2.063s] -- Up-to-date: /home/vedant/gaitlab_ws/install/data_sync/include/data_sync/data_sync/msg/rosidl_typesupport_introspection_c__visibility_control.h
[2.063s] -- Up-to-date: /home/vedant/gaitlab_ws/install/data_sync/lib/libdata_sync__rosidl_typesupport_introspection_c.so
[2.063s] -- Up-to-date: /home/vedant/gaitlab_ws/install/data_sync/lib/libdata_sync__rosidl_typesupport_c.so
[2.063s] -- Up-to-date: /home/vedant/gaitlab_ws/install/data_sync/include/data_sync/data_sync
[2.064s] -- Up-to-date: /home/vedant/gaitlab_ws/install/data_sync/include/data_sync/data_sync/srv
[2.064s] -- Up-to-date: /home/vedant/gaitlab_ws/install/data_sync/include/data_sync/data_sync/srv/detail
[2.064s] -- Up-to-date: /home/vedant/gaitlab_ws/install/data_sync/include/data_sync/data_sync/srv/detail/start_stop_data_collection__rosidl_typesupport_introspection_cpp.hpp
[2.064s] -- Up-to-date: /home/vedant/gaitlab_ws/install/data_sync/include/data_sync/data_sync/srv/detail/start_stop_data_collection__type_support.cpp
[2.064s] -- Up-to-date: /home/vedant/gaitlab_ws/install/data_sync/lib/libdata_sync__rosidl_typesupport_introspection_cpp.so
[2.064s] -- Up-to-date: /home/vedant/gaitlab_ws/install/data_sync/lib/libdata_sync__rosidl_typesupport_cpp.so
[2.064s] -- Up-to-date: /home/vedant/gaitlab_ws/install/data_sync/share/data_sync/environment/pythonpath.sh
[2.064s] -- Installing: /home/vedant/gaitlab_ws/install/data_sync/share/data_sync/environment/pythonpath.dsv
[2.064s] -- Up-to-date: /home/vedant/gaitlab_ws/install/data_sync/local/lib/python3.10/dist-packages/data_sync-0.0.0-py3.10.egg-info
[2.064s] -- Installing: /home/vedant/gaitlab_ws/install/data_sync/local/lib/python3.10/dist-packages/data_sync-0.0.0-py3.10.egg-info/top_level.txt
[2.065s] -- Installing: /home/vedant/gaitlab_ws/install/data_sync/local/lib/python3.10/dist-packages/data_sync-0.0.0-py3.10.egg-info/dependency_links.txt
[2.065s] -- Installing: /home/vedant/gaitlab_ws/install/data_sync/local/lib/python3.10/dist-packages/data_sync-0.0.0-py3.10.egg-info/SOURCES.txt
[2.065s] -- Installing: /home/vedant/gaitlab_ws/install/data_sync/local/lib/python3.10/dist-packages/data_sync-0.0.0-py3.10.egg-info/PKG-INFO
[2.065s] -- Up-to-date: /home/vedant/gaitlab_ws/install/data_sync/local/lib/python3.10/dist-packages/data_sync
[2.065s] -- Up-to-date: /home/vedant/gaitlab_ws/install/data_sync/local/lib/python3.10/dist-packages/data_sync/srv
[2.065s] -- Up-to-date: /home/vedant/gaitlab_ws/install/data_sync/local/lib/python3.10/dist-packages/data_sync/srv/_start_stop_data_collection_s.c
[2.065s] -- Up-to-date: /home/vedant/gaitlab_ws/install/data_sync/local/lib/python3.10/dist-packages/data_sync/srv/__init__.py
[2.066s] -- Up-to-date: /home/vedant/gaitlab_ws/install/data_sync/local/lib/python3.10/dist-packages/data_sync/srv/_start_stop_data_collection.py
[2.066s] -- Up-to-date: /home/vedant/gaitlab_ws/install/data_sync/local/lib/python3.10/dist-packages/data_sync/data_sync_s__rosidl_typesupport_introspection_c.cpython-310-x86_64-linux-gnu.so
[2.066s] -- Installing: /home/vedant/gaitlab_ws/install/data_sync/local/lib/python3.10/dist-packages/data_sync/__init__.py
[2.066s] -- Up-to-date: /home/vedant/gaitlab_ws/install/data_sync/local/lib/python3.10/dist-packages/data_sync/data_sync_s__rosidl_typesupport_fastrtps_c.cpython-310-x86_64-linux-gnu.so
[2.066s] -- Up-to-date: /home/vedant/gaitlab_ws/install/data_sync/local/lib/python3.10/dist-packages/data_sync/libdata_sync__rosidl_generator_py.so
[2.067s] -- Up-to-date: /home/vedant/gaitlab_ws/install/data_sync/local/lib/python3.10/dist-packages/data_sync/_data_sync_s.ep.rosidl_typesupport_fastrtps_c.c
[2.067s] -- Up-to-date: /home/vedant/gaitlab_ws/install/data_sync/local/lib/python3.10/dist-packages/data_sync/_data_sync_s.ep.rosidl_typesupport_c.c
[2.067s] -- Up-to-date: /home/vedant/gaitlab_ws/install/data_sync/local/lib/python3.10/dist-packages/data_sync/data_sync_s__rosidl_typesupport_c.cpython-310-x86_64-linux-gnu.so
[2.067s] -- Up-to-date: /home/vedant/gaitlab_ws/install/data_sync/local/lib/python3.10/dist-packages/data_sync/_data_sync_s.ep.rosidl_typesupport_introspection_c.c
[2.105s] Listing '/home/vedant/gaitlab_ws/install/data_sync/local/lib/python3.10/dist-packages/data_sync'...
[2.107s] Compiling '/home/vedant/gaitlab_ws/install/data_sync/local/lib/python3.10/dist-packages/data_sync/__init__.py'...
[2.108s] Listing '/home/vedant/gaitlab_ws/install/data_sync/local/lib/python3.10/dist-packages/data_sync/srv'...
[2.113s] -- Up-to-date: /home/vedant/gaitlab_ws/install/data_sync/local/lib/python3.10/dist-packages/data_sync/data_sync_s__rosidl_typesupport_fastrtps_c.cpython-310-x86_64-linux-gnu.so
[2.114s] -- Up-to-date: /home/vedant/gaitlab_ws/install/data_sync/local/lib/python3.10/dist-packages/data_sync/data_sync_s__rosidl_typesupport_introspection_c.cpython-310-x86_64-linux-gnu.so
[2.114s] -- Up-to-date: /home/vedant/gaitlab_ws/install/data_sync/local/lib/python3.10/dist-packages/data_sync/data_sync_s__rosidl_typesupport_c.cpython-310-x86_64-linux-gnu.so
[2.114s] -- Up-to-date: /home/vedant/gaitlab_ws/install/data_sync/lib/libdata_sync__rosidl_generator_py.so
[2.114s] -- Up-to-date: /home/vedant/gaitlab_ws/install/data_sync/share/data_sync/srv/StartStopDataCollection.idl
[2.115s] -- Installing: /home/vedant/gaitlab_ws/install/data_sync/share/data_sync/srv/StartStopDataCollection.srv
[2.115s] -- Up-to-date: /home/vedant/gaitlab_ws/install/data_sync/share/data_sync/srv/StartStopDataCollection_Request.msg
[2.115s] -- Up-to-date: /home/vedant/gaitlab_ws/install/data_sync/share/data_sync/srv/StartStopDataCollection_Response.msg
[2.115s] -- Up-to-date: /home/vedant/gaitlab_ws/install/data_sync/share/ament_index/resource_index/package_run_dependencies/data_sync
[2.115s] -- Up-to-date: /home/vedant/gaitlab_ws/install/data_sync/share/ament_index/resource_index/parent_prefix_path/data_sync
[2.115s] -- Up-to-date: /home/vedant/gaitlab_ws/install/data_sync/share/data_sync/environment/ament_prefix_path.sh
[2.115s] -- Installing: /home/vedant/gaitlab_ws/install/data_sync/share/data_sync/environment/ament_prefix_path.dsv
[2.115s] -- Up-to-date: /home/vedant/gaitlab_ws/install/data_sync/share/data_sync/environment/path.sh
[2.116s] -- Installing: /home/vedant/gaitlab_ws/install/data_sync/share/data_sync/environment/path.dsv
[2.116s] -- Up-to-date: /home/vedant/gaitlab_ws/install/data_sync/share/data_sync/local_setup.bash
[2.116s] -- Up-to-date: /home/vedant/gaitlab_ws/install/data_sync/share/data_sync/local_setup.sh
[2.116s] -- Up-to-date: /home/vedant/gaitlab_ws/install/data_sync/share/data_sync/local_setup.zsh
[2.116s] -- Installing: /home/vedant/gaitlab_ws/install/data_sync/share/data_sync/local_setup.dsv
[2.116s] -- Installing: /home/vedant/gaitlab_ws/install/data_sync/share/data_sync/package.dsv
[2.116s] -- Up-to-date: /home/vedant/gaitlab_ws/install/data_sync/share/ament_index/resource_index/packages/data_sync
[2.116s] -- Up-to-date: /home/vedant/gaitlab_ws/install/data_sync/share/data_sync/cmake/export_data_sync__rosidl_generator_cExport.cmake
[2.116s] -- Up-to-date: /home/vedant/gaitlab_ws/install/data_sync/share/data_sync/cmake/export_data_sync__rosidl_generator_cExport-noconfig.cmake
[2.117s] -- Up-to-date: /home/vedant/gaitlab_ws/install/data_sync/share/data_sync/cmake/export_data_sync__rosidl_typesupport_fastrtps_cExport.cmake
[2.117s] -- Up-to-date: /home/vedant/gaitlab_ws/install/data_sync/share/data_sync/cmake/export_data_sync__rosidl_typesupport_fastrtps_cExport-noconfig.cmake
[2.117s] -- Up-to-date: /home/vedant/gaitlab_ws/install/data_sync/share/data_sync/cmake/export_data_sync__rosidl_generator_cppExport.cmake
[2.117s] -- Up-to-date: /home/vedant/gaitlab_ws/install/data_sync/share/data_sync/cmake/export_data_sync__rosidl_typesupport_fastrtps_cppExport.cmake
[2.117s] -- Up-to-date: /home/vedant/gaitlab_ws/install/data_sync/share/data_sync/cmake/export_data_sync__rosidl_typesupport_fastrtps_cppExport-noconfig.cmake
[2.117s] -- Up-to-date: /home/vedant/gaitlab_ws/install/data_sync/share/data_sync/cmake/data_sync__rosidl_typesupport_introspection_cExport.cmake
[2.117s] -- Up-to-date: /home/vedant/gaitlab_ws/install/data_sync/share/data_sync/cmake/data_sync__rosidl_typesupport_introspection_cExport-noconfig.cmake
[2.117s] -- Up-to-date: /home/vedant/gaitlab_ws/install/data_sync/share/data_sync/cmake/data_sync__rosidl_typesupport_cExport.cmake
[2.117s] -- Up-to-date: /home/vedant/gaitlab_ws/install/data_sync/share/data_sync/cmake/data_sync__rosidl_typesupport_cExport-noconfig.cmake
[2.118s] -- Up-to-date: /home/vedant/gaitlab_ws/install/data_sync/share/data_sync/cmake/data_sync__rosidl_typesupport_introspection_cppExport.cmake
[2.118s] -- Up-to-date: /home/vedant/gaitlab_ws/install/data_sync/share/data_sync/cmake/data_sync__rosidl_typesupport_introspection_cppExport-noconfig.cmake
[2.118s] -- Up-to-date: /home/vedant/gaitlab_ws/install/data_sync/share/data_sync/cmake/data_sync__rosidl_typesupport_cppExport.cmake
[2.118s] -- Up-to-date: /home/vedant/gaitlab_ws/install/data_sync/share/data_sync/cmake/data_sync__rosidl_typesupport_cppExport-noconfig.cmake
[2.118s] -- Up-to-date: /home/vedant/gaitlab_ws/install/data_sync/share/data_sync/cmake/export_data_sync__rosidl_generator_pyExport.cmake
[2.118s] -- Up-to-date: /home/vedant/gaitlab_ws/install/data_sync/share/data_sync/cmake/export_data_sync__rosidl_generator_pyExport-noconfig.cmake
[2.118s] -- Up-to-date: /home/vedant/gaitlab_ws/install/data_sync/share/data_sync/cmake/rosidl_cmake-extras.cmake
[2.118s] -- Up-to-date: /home/vedant/gaitlab_ws/install/data_sync/share/data_sync/cmake/ament_cmake_export_include_directories-extras.cmake
[2.118s] -- Up-to-date: /home/vedant/gaitlab_ws/install/data_sync/share/data_sync/cmake/ament_cmake_export_libraries-extras.cmake
[2.119s] -- Up-to-date: /home/vedant/gaitlab_ws/install/data_sync/share/data_sync/cmake/ament_cmake_export_targets-extras.cmake
[2.119s] -- Up-to-date: /home/vedant/gaitlab_ws/install/data_sync/share/data_sync/cmake/rosidl_cmake_export_typesupport_targets-extras.cmake
[2.119s] -- Up-to-date: /home/vedant/gaitlab_ws/install/data_sync/share/data_sync/cmake/ament_cmake_export_dependencies-extras.cmake
[2.119s] -- Up-to-date: /home/vedant/gaitlab_ws/install/data_sync/share/data_sync/cmake/rosidl_cmake_export_typesupport_libraries-extras.cmake
[2.119s] -- Up-to-date: /home/vedant/gaitlab_ws/install/data_sync/share/data_sync/cmake/data_syncConfig.cmake
[2.119s] -- Up-to-date: /home/vedant/gaitlab_ws/install/data_sync/share/data_sync/cmake/data_syncConfig-version.cmake
[2.119s] -- Installing: /home/vedant/gaitlab_ws/install/data_sync/share/data_sync/package.xml
[2.121s] Invoked command in '/home/vedant/gaitlab_ws/build/data_sync' returned '0': CMAKE_PREFIX_PATH=/opt/ros/humble /usr/bin/cmake --install /home/vedant/gaitlab_ws/build/data_sync
