[6.365s] Invoking command in '/home/vedant/OdriveCANControl/src/encoder': PYTHONPATH=/home/vedant/OdriveCANControl/build/encoder/prefix_override:/usr/lib/python3/dist-packages/colcon_core/task/python/colcon_distutils_commands:/home/vedant/OdriveCANControl/install/encoder/lib/python3.10/site-packages:${PYTHONPATH} /usr/bin/python3 -W ignore:setup.py install is deprecated -W ignore:easy_install command is deprecated setup.py egg_info --egg-base ../../build/encoder build --build-base /home/vedant/OdriveCANControl/build/encoder/build install --record /home/vedant/OdriveCANControl/build/encoder/install.log --single-version-externally-managed install_data
[7.675s] running egg_info
[7.677s] creating ../../build/encoder/encoder.egg-info
[7.677s] writing ../../build/encoder/encoder.egg-info/PKG-INFO
[7.678s] writing dependency_links to ../../build/encoder/encoder.egg-info/dependency_links.txt
[7.680s] writing entry points to ../../build/encoder/encoder.egg-info/entry_points.txt
[7.682s] writing requirements to ../../build/encoder/encoder.egg-info/requires.txt
[7.683s] writing top-level names to ../../build/encoder/encoder.egg-info/top_level.txt
[7.684s] writing manifest file '../../build/encoder/encoder.egg-info/SOURCES.txt'
[7.693s] reading manifest file '../../build/encoder/encoder.egg-info/SOURCES.txt'
[7.697s] writing manifest file '../../build/encoder/encoder.egg-info/SOURCES.txt'
[7.698s] running build
[7.699s] running build_py
[7.701s] creating /home/vedant/OdriveCANControl/build/encoder/build
[7.702s] creating /home/vedant/OdriveCANControl/build/encoder/build/lib
[7.703s] creating /home/vedant/OdriveCANControl/build/encoder/build/lib/encoder
[7.704s] copying encoder/encoder_read_node.py -> /home/vedant/OdriveCANControl/build/encoder/build/lib/encoder
[7.706s] copying encoder/__init__.py -> /home/vedant/OdriveCANControl/build/encoder/build/lib/encoder
[7.706s] running install
[7.708s] running install_lib
[7.711s] creating /home/vedant/OdriveCANControl/install/encoder/lib/python3.10/site-packages/encoder
[7.712s] copying /home/vedant/OdriveCANControl/build/encoder/build/lib/encoder/encoder_read_node.py -> /home/vedant/OdriveCANControl/install/encoder/lib/python3.10/site-packages/encoder
[7.714s] copying /home/vedant/OdriveCANControl/build/encoder/build/lib/encoder/__init__.py -> /home/vedant/OdriveCANControl/install/encoder/lib/python3.10/site-packages/encoder
[7.719s] byte-compiling /home/vedant/OdriveCANControl/install/encoder/lib/python3.10/site-packages/encoder/encoder_read_node.py to encoder_read_node.cpython-310.pyc
[7.725s] byte-compiling /home/vedant/OdriveCANControl/install/encoder/lib/python3.10/site-packages/encoder/__init__.py to __init__.cpython-310.pyc
[7.727s] running install_data
[7.729s] creating /home/vedant/OdriveCANControl/install/encoder/share/ament_index
[7.733s] creating /home/vedant/OdriveCANControl/install/encoder/share/ament_index/resource_index
[7.734s] creating /home/vedant/OdriveCANControl/install/encoder/share/ament_index/resource_index/packages
[7.734s] copying resource/encoder -> /home/vedant/OdriveCANControl/install/encoder/share/ament_index/resource_index/packages
[7.736s] copying package.xml -> /home/vedant/OdriveCANControl/install/encoder/share/encoder
[7.737s] running install_egg_info
[7.741s] Copying ../../build/encoder/encoder.egg-info to /home/vedant/OdriveCANControl/install/encoder/lib/python3.10/site-packages/encoder-0.0.0-py3.10.egg-info
[7.749s] running install_scripts
[7.872s] Installing encoder_read_node script to /home/vedant/OdriveCANControl/install/encoder/lib/encoder
[7.881s] writing list of installed files to '/home/vedant/OdriveCANControl/build/encoder/install.log'
[8.244s] Invoked command in '/home/vedant/OdriveCANControl/src/encoder' returned '0': PYTHONPATH=/home/vedant/OdriveCANControl/build/encoder/prefix_override:/usr/lib/python3/dist-packages/colcon_core/task/python/colcon_distutils_commands:/home/vedant/OdriveCANControl/install/encoder/lib/python3.10/site-packages:${PYTHONPATH} /usr/bin/python3 -W ignore:setup.py install is deprecated -W ignore:easy_install command is deprecated setup.py egg_info --egg-base ../../build/encoder build --build-base /home/vedant/OdriveCANControl/build/encoder/build install --record /home/vedant/OdriveCANControl/build/encoder/install.log --single-version-externally-managed install_data
