[3.495s] Invoking command in '/home/vedant/OdriveCANControl/src/controller': CMAKE_PREFIX_PATH=/home/vedant/OdriveCANControl/install/custom_msgs:/home/vedant/OdriveCANControl/install/robot_launch PYTHONPATH=/home/vedant/OdriveCANControl/build/controller/prefix_override:/usr/lib/python3/dist-packages/colcon_core/task/python/colcon_distutils_commands:/home/vedant/OdriveCANControl/install/controller/lib/python3.10/site-packages:${PYTHONPATH} /usr/bin/python3 -W ignore:setup.py install is deprecated -W ignore:easy_install command is deprecated setup.py egg_info --egg-base ../../build/controller build --build-base /home/vedant/OdriveCANControl/build/controller/build install --record /home/vedant/OdriveCANControl/build/controller/install.log --single-version-externally-managed install_data
[4.871s] running egg_info
[4.874s] writing ../../build/controller/controller.egg-info/PKG-INFO
[4.875s] writing dependency_links to ../../build/controller/controller.egg-info/dependency_links.txt
[4.877s] writing entry points to ../../build/controller/controller.egg-info/entry_points.txt
[4.878s] writing requirements to ../../build/controller/controller.egg-info/requires.txt
[4.879s] writing top-level names to ../../build/controller/controller.egg-info/top_level.txt
[4.889s] reading manifest file '../../build/controller/controller.egg-info/SOURCES.txt'
[4.894s] writing manifest file '../../build/controller/controller.egg-info/SOURCES.txt'
[4.895s] running build
[4.895s] running build_py
[4.897s] copying src/controller/impedance_control.py -> /home/vedant/OdriveCANControl/build/controller/build/lib/controller
[4.901s] running install
[4.902s] running install_lib
[4.905s] copying /home/vedant/OdriveCANControl/build/controller/build/lib/controller/impedance_control.py -> /home/vedant/OdriveCANControl/install/controller/lib/python3.10/site-packages/controller
[4.910s] byte-compiling /home/vedant/OdriveCANControl/install/controller/lib/python3.10/site-packages/controller/impedance_control.py to impedance_control.cpython-310.pyc
[4.914s] running install_data
[4.915s] running install_egg_info
[4.924s] removing '/home/vedant/OdriveCANControl/install/controller/lib/python3.10/site-packages/controller-0.0.0-py3.10.egg-info' (and everything under it)
[4.928s] Copying ../../build/controller/controller.egg-info to /home/vedant/OdriveCANControl/install/controller/lib/python3.10/site-packages/controller-0.0.0-py3.10.egg-info
[4.935s] running install_scripts
[5.027s] Installing Impedance_Control script to /home/vedant/OdriveCANControl/install/controller/lib/controller
[5.031s] Installing friction_compensation_node script to /home/vedant/OdriveCANControl/install/controller/lib/controller
[5.031s] Installing odrive_controller script to /home/vedant/OdriveCANControl/install/controller/lib/controller
[5.033s] writing list of installed files to '/home/vedant/OdriveCANControl/build/controller/install.log'
[5.192s] Invoked command in '/home/vedant/OdriveCANControl/src/controller' returned '0': CMAKE_PREFIX_PATH=/home/vedant/OdriveCANControl/install/custom_msgs:/home/vedant/OdriveCANControl/install/robot_launch PYTHONPATH=/home/vedant/OdriveCANControl/build/controller/prefix_override:/usr/lib/python3/dist-packages/colcon_core/task/python/colcon_distutils_commands:/home/vedant/OdriveCANControl/install/controller/lib/python3.10/site-packages:${PYTHONPATH} /usr/bin/python3 -W ignore:setup.py install is deprecated -W ignore:easy_install command is deprecated setup.py egg_info --egg-base ../../build/controller build --build-base /home/vedant/OdriveCANControl/build/controller/build install --record /home/vedant/OdriveCANControl/build/controller/install.log --single-version-externally-managed install_data
