[2.816s] Invoking command in '/home/vedant/OdriveCANControl/src/controller': CMAKE_PREFIX_PATH=/home/vedant/OdriveCANControl/install/odrive_can:/home/vedant/OdriveCANControl/install/robot_launch:/home/vedant/OdriveCANControl/install/app_server:/home/vedant/OdriveCANControl/install/custom_msgs PYTHONPATH=/home/vedant/OdriveCANControl/build/controller/prefix_override:/usr/lib/python3/dist-packages/colcon_core/task/python/colcon_distutils_commands:/home/vedant/OdriveCANControl/install/controller/lib/python3.10/site-packages:${PYTHONPATH} /usr/bin/python3 -W ignore:setup.py install is deprecated -W ignore:easy_install command is deprecated setup.py egg_info --egg-base ../../build/controller build --build-base /home/vedant/OdriveCANControl/build/controller/build install --record /home/vedant/OdriveCANControl/build/controller/install.log --single-version-externally-managed install_data
[3.954s] running egg_info
[3.958s] writing ../../build/controller/controller.egg-info/PKG-INFO
[3.959s] writing dependency_links to ../../build/controller/controller.egg-info/dependency_links.txt
[3.961s] writing entry points to ../../build/controller/controller.egg-info/entry_points.txt
[3.962s] writing requirements to ../../build/controller/controller.egg-info/requires.txt
[3.963s] writing top-level names to ../../build/controller/controller.egg-info/top_level.txt
[3.972s] reading manifest file '../../build/controller/controller.egg-info/SOURCES.txt'
[3.975s] writing manifest file '../../build/controller/controller.egg-info/SOURCES.txt'
[3.976s] running build
[3.976s] running build_py
[3.978s] copying controller/odrive_control.py -> /home/vedant/OdriveCANControl/build/controller/build/lib/controller
[3.979s] running install
[3.981s] running install_lib
[3.984s] copying /home/vedant/OdriveCANControl/build/controller/build/lib/controller/odrive_control.py -> /home/vedant/OdriveCANControl/install/controller/lib/python3.10/site-packages/controller
[3.988s] byte-compiling /home/vedant/OdriveCANControl/install/controller/lib/python3.10/site-packages/controller/odrive_control.py to odrive_control.cpython-310.pyc
[3.992s] running install_data
[3.993s] running install_egg_info
[4.000s] removing '/home/vedant/OdriveCANControl/install/controller/lib/python3.10/site-packages/controller-0.0.0-py3.10.egg-info' (and everything under it)
[4.002s] Copying ../../build/controller/controller.egg-info to /home/vedant/OdriveCANControl/install/controller/lib/python3.10/site-packages/controller-0.0.0-py3.10.egg-info
[4.009s] running install_scripts
[4.092s] Installing FC_node script to /home/vedant/OdriveCANControl/install/controller/lib/controller
[4.093s] Installing odrive_control script to /home/vedant/OdriveCANControl/install/controller/lib/controller
[4.095s] writing list of installed files to '/home/vedant/OdriveCANControl/build/controller/install.log'
[4.217s] Invoked command in '/home/vedant/OdriveCANControl/src/controller' returned '0': CMAKE_PREFIX_PATH=/home/vedant/OdriveCANControl/install/odrive_can:/home/vedant/OdriveCANControl/install/robot_launch:/home/vedant/OdriveCANControl/install/app_server:/home/vedant/OdriveCANControl/install/custom_msgs PYTHONPATH=/home/vedant/OdriveCANControl/build/controller/prefix_override:/usr/lib/python3/dist-packages/colcon_core/task/python/colcon_distutils_commands:/home/vedant/OdriveCANControl/install/controller/lib/python3.10/site-packages:${PYTHONPATH} /usr/bin/python3 -W ignore:setup.py install is deprecated -W ignore:easy_install command is deprecated setup.py egg_info --egg-base ../../build/controller build --build-base /home/vedant/OdriveCANControl/build/controller/build install --record /home/vedant/OdriveCANControl/build/controller/install.log --single-version-externally-managed install_data
