[4.477s] Invoking command in '/home/vedant/OdriveCANControl/src/app_server': AMENT_PREFIX_PATH=/home/vedant/OdriveCANControl/install/odrive_can:${AMENT_PREFIX_PATH} CMAKE_PREFIX_PATH=/home/vedant/OdriveCANControl/install/odrive_can LD_LIBRARY_PATH=/home/vedant/OdriveCANControl/install/odrive_can/lib:${LD_LIBRARY_PATH} PYTHONPATH=/home/vedant/OdriveCANControl/build/app_server/prefix_override:/usr/lib/python3/dist-packages/colcon_core/task/python/colcon_distutils_commands:/home/vedant/OdriveCANControl/install/app_server/lib/python3.10/site-packages:/home/vedant/OdriveCANControl/install/odrive_can/local/lib/python3.10/dist-packages:${PYTHONPATH} /usr/bin/python3 -W ignore:setup.py install is deprecated -W ignore:easy_install command is deprecated setup.py egg_info --egg-base ../../build/app_server build --build-base /home/vedant/OdriveCANControl/build/app_server/build install --record /home/vedant/OdriveCANControl/build/app_server/install.log --single-version-externally-managed install_data
[6.144s] running egg_info
[6.148s] writing ../../build/app_server/app_server.egg-info/PKG-INFO
[6.150s] writing dependency_links to ../../build/app_server/app_server.egg-info/dependency_links.txt
[6.151s] writing entry points to ../../build/app_server/app_server.egg-info/entry_points.txt
[6.153s] writing requirements to ../../build/app_server/app_server.egg-info/requires.txt
[6.155s] writing top-level names to ../../build/app_server/app_server.egg-info/top_level.txt
[6.163s] reading manifest file '../../build/app_server/app_server.egg-info/SOURCES.txt'
[6.187s] writing manifest file '../../build/app_server/app_server.egg-info/SOURCES.txt'
[6.188s] running build
[6.189s] running build_py
[6.190s] running install
[6.192s] running install_lib
[6.198s] running install_data
[6.199s] running install_egg_info
[6.209s] removing '/home/vedant/OdriveCANControl/install/app_server/lib/python3.10/site-packages/app_server-0.0.0-py3.10.egg-info' (and everything under it)
[6.216s] Copying ../../build/app_server/app_server.egg-info to /home/vedant/OdriveCANControl/install/app_server/lib/python3.10/site-packages/app_server-0.0.0-py3.10.egg-info
[6.241s] running install_scripts
[6.396s] Installing odrive_server_app script to /home/vedant/OdriveCANControl/install/app_server/lib/app_server
[6.398s] writing list of installed files to '/home/vedant/OdriveCANControl/build/app_server/install.log'
[6.539s] Invoked command in '/home/vedant/OdriveCANControl/src/app_server' returned '0': AMENT_PREFIX_PATH=/home/vedant/OdriveCANControl/install/odrive_can:${AMENT_PREFIX_PATH} CMAKE_PREFIX_PATH=/home/vedant/OdriveCANControl/install/odrive_can LD_LIBRARY_PATH=/home/vedant/OdriveCANControl/install/odrive_can/lib:${LD_LIBRARY_PATH} PYTHONPATH=/home/vedant/OdriveCANControl/build/app_server/prefix_override:/usr/lib/python3/dist-packages/colcon_core/task/python/colcon_distutils_commands:/home/vedant/OdriveCANControl/install/app_server/lib/python3.10/site-packages:/home/vedant/OdriveCANControl/install/odrive_can/local/lib/python3.10/dist-packages:${PYTHONPATH} /usr/bin/python3 -W ignore:setup.py install is deprecated -W ignore:easy_install command is deprecated setup.py egg_info --egg-base ../../build/app_server build --build-base /home/vedant/OdriveCANControl/build/app_server/build install --record /home/vedant/OdriveCANControl/build/app_server/install.log --single-version-externally-managed install_data
