[0.072s] Invoking command in '/home/vedant/OdriveCANControl/build/robot_launch': CMAKE_PREFIX_PATH=${CMAKE_PREFIX_PATH}:/home/vedant/OdriveCANControl/install/robot_launch:/home/vedant/OdriveCANControl/install/odrive_control_py:/home/vedant/OdriveCANControl/install/encoder:/home/vedant/OdriveCANControl/install/data_logging:/home/vedant/OdriveCANControl/install/controller:/opt/ros/humble /usr/bin/cmake /home/vedant/OdriveCANControl/src/robot_launch -DCMAKE_INSTALL_PREFIX=/home/vedant/OdriveCANControl/install/robot_launch
[0.133s] -- Found ament_cmake: 1.3.11 (/opt/ros/humble/share/ament_cmake/cmake)
[0.820s] -- Found rclpy: 3.3.15 (/opt/ros/humble/share/rclpy/cmake)
[0.951s] [31mCMake Error at CMakeLists.txt:11 (find_package):
[0.951s]   By not providing "Findlaunch.cmake" in CMAKE_MODULE_PATH this project has
[0.952s]   asked CMake to find a package configuration file provided by "launch", but
[0.952s]   CMake did not find one.
[0.953s] 
[0.954s]   Could not find a package configuration file provided by "launch" with any
[0.955s]   of the following names:
[0.955s] 
[0.956s]     launchConfig.cmake
[0.956s]     launch-config.cmake
[0.958s] 
[0.959s]   Add the installation prefix of "launch" to CMAKE_PREFIX_PATH or set
[0.960s]   "launch_DIR" to a directory containing one of the above files.  If "launch"
[0.960s]   provides a separate development package or SDK, be sure it has been
[0.961s]   installed.
[0.961s] 
[0.962s] [0m
[0.962s] -- Configuring incomplete, errors occurred!
[0.962s] See also "/home/vedant/OdriveCANControl/build/robot_launch/CMakeFiles/CMakeOutput.log".
[1.416s] Invoked command in '/home/vedant/OdriveCANControl/build/robot_launch' returned '1': CMAKE_PREFIX_PATH=${CMAKE_PREFIX_PATH}:/home/vedant/OdriveCANControl/install/robot_launch:/home/vedant/OdriveCANControl/install/odrive_control_py:/home/vedant/OdriveCANControl/install/encoder:/home/vedant/OdriveCANControl/install/data_logging:/home/vedant/OdriveCANControl/install/controller:/opt/ros/humble /usr/bin/cmake /home/vedant/OdriveCANControl/src/robot_launch -DCMAKE_INSTALL_PREFIX=/home/vedant/OdriveCANControl/install/robot_launch
