[0.084s] Invoking command in '/home/vedant/OdriveCANControl/build/odrive_ros2_control': /usr/bin/cmake /home/vedant/OdriveCANControl/src/ros_odrive/odrive_ros2_control -DCMAKE_INSTALL_PREFIX=/home/vedant/OdriveCANControl/install/odrive_ros2_control
[4.921s] -- The C compiler identification is GNU 11.4.0
[8.069s] -- The CXX compiler identification is GNU 11.4.0
[8.183s] -- Detecting C compiler ABI info
[8.732s] -- Detecting C compiler ABI info - done
[8.758s] -- Check for working C compiler: /usr/bin/cc - skipped
[8.767s] -- Detecting C compile features
[8.778s] -- Detecting C compile features - done
[8.812s] -- Detecting CXX compiler ABI info
[9.264s] -- Detecting CXX compiler ABI info - done
[9.289s] -- Check for working CXX compiler: /usr/bin/c++ - skipped
[9.293s] -- Detecting CXX compile features
[9.294s] -- Detecting CXX compile features - done
[9.420s] [31mCMake Error at CMakeLists.txt:9 (find_package):
[9.421s]   By not providing "Findament_cmake.cmake" in CMAKE_MODULE_PATH this project
[9.422s]   has asked CMake to find a package configuration file provided by
[9.425s]   "ament_cmake", but CMake did not find one.
[9.426s] 
[9.427s]   Could not find a package configuration file provided by "ament_cmake" with
[9.428s]   any of the following names:
[9.433s] 
[9.435s]     ament_cmakeConfig.cmake
[9.436s]     ament_cmake-config.cmake
[9.438s] 
[9.442s]   Add the installation prefix of "ament_cmake" to CMAKE_PREFIX_PATH or set
[9.444s]   "ament_cmake_DIR" to a directory containing one of the above files.  If
[9.449s]   "ament_cmake" provides a separate development package or SDK, be sure it
[9.450s]   has been installed.
[9.450s] 
[9.452s] [0m
[9.470s] -- Configuring incomplete, errors occurred!
[9.471s] See also "/home/vedant/OdriveCANControl/build/odrive_ros2_control/CMakeFiles/CMakeOutput.log".
[9.475s] Invoked command in '/home/vedant/OdriveCANControl/build/odrive_ros2_control' returned '1': /usr/bin/cmake /home/vedant/OdriveCANControl/src/ros_odrive/odrive_ros2_control -DCMAKE_INSTALL_PREFIX=/home/vedant/OdriveCANControl/install/odrive_ros2_control
