[0.013s] Invoking command in '/home/vedant/gaitlab_ws/build/data_sync': CMAKE_PREFIX_PATH=/opt/ros/humble /usr/bin/cmake /home/vedant/gaitlab_ws/src/data_sync -DCMAKE_INSTALL_PREFIX=/home/vedant/gaitlab_ws/install/data_sync
[0.205s] -- The C compiler identification is GNU 11.4.0
[0.355s] -- The CXX compiler identification is GNU 11.4.0
[0.372s] -- Detecting C compiler ABI info
[0.469s] -- Detecting C compiler ABI info - done
[0.478s] -- Check for working C compiler: /usr/bin/cc - skipped
[0.480s] -- Detecting C compile features
[0.481s] -- Detecting C compile features - done
[0.487s] -- Detecting CXX compiler ABI info
[0.591s] -- Detecting CXX compiler ABI info - done
[0.602s] -- Check for working CXX compiler: /usr/bin/c++ - skipped
[0.602s] -- Detecting CXX compile features
[0.603s] -- Detecting CXX compile features - done
[0.618s] -- Found ament_cmake: 1.3.10 (/opt/ros/humble/share/ament_cmake/cmake)
[0.828s] -- Found Python3: /usr/bin/python3 (found version "3.10.12") found components: Interpreter 
[0.986s] -- Found std_msgs: 4.2.4 (/opt/ros/humble/share/std_msgs/cmake)
[1.060s] -- Found rosidl_generator_c: 3.1.5 (/opt/ros/humble/share/rosidl_generator_c/cmake)
[1.070s] -- Found rosidl_adapter: 3.1.5 (/opt/ros/humble/share/rosidl_adapter/cmake)
[1.088s] -- Found rosidl_generator_cpp: 3.1.5 (/opt/ros/humble/share/rosidl_generator_cpp/cmake)
[1.115s] -- Using all available rosidl_typesupport_c: rosidl_typesupport_fastrtps_c;rosidl_typesupport_introspection_c
[1.148s] -- Using all available rosidl_typesupport_cpp: rosidl_typesupport_fastrtps_cpp;rosidl_typesupport_introspection_cpp
[1.201s] -- Found rosidl_default_generators: 1.2.0 (/opt/ros/humble/share/rosidl_default_generators/cmake)
[1.564s] -- Found ament_cmake_ros: 0.10.0 (/opt/ros/humble/share/ament_cmake_ros/cmake)
[1.994s] -- Using all available rosidl_typesupport_c: rosidl_typesupport_fastrtps_c;rosidl_typesupport_introspection_c
[2.157s] -- Using all available rosidl_typesupport_cpp: rosidl_typesupport_fastrtps_cpp;rosidl_typesupport_introspection_cpp
[2.193s] -- Found PythonInterp: /usr/bin/python3 (found suitable version "3.10.12", minimum required is "3.6") 
[2.197s] -- Found python_cmake_module: 0.10.0 (/opt/ros/humble/share/python_cmake_module/cmake)
[2.234s] -- Found PythonLibs: /usr/lib/x86_64-linux-gnu/libpython3.10.so (found suitable version "3.10.12", minimum required is "3.5") 
[2.234s] -- Using PYTHON_EXECUTABLE: /usr/bin/python3
[2.234s] -- Using PYTHON_INCLUDE_DIRS: /usr/include/python3.10
[2.234s] -- Using PYTHON_LIBRARIES: /usr/lib/x86_64-linux-gnu/libpython3.10.so
[2.262s] -- Found PythonExtra: .so  
[2.306s] -- Found ament_lint_auto: 0.12.11 (/opt/ros/humble/share/ament_lint_auto/cmake)
[2.350s] -- Added test 'lint_cmake' to check CMake code style
[2.352s] -- Added test 'xmllint' to check XML markup files
[2.356s] -- Configuring done
[2.390s] -- Generating done
[2.393s] -- Build files have been written to: /home/vedant/gaitlab_ws/build/data_sync
[2.401s] Invoked command in '/home/vedant/gaitlab_ws/build/data_sync' returned '0': CMAKE_PREFIX_PATH=/opt/ros/humble /usr/bin/cmake /home/vedant/gaitlab_ws/src/data_sync -DCMAKE_INSTALL_PREFIX=/home/vedant/gaitlab_ws/install/data_sync
[2.403s] Invoking command in '/home/vedant/gaitlab_ws/build/data_sync': CMAKE_PREFIX_PATH=/opt/ros/humble /usr/bin/cmake --build /home/vedant/gaitlab_ws/build/data_sync -- -j4 -l4
[2.453s] [  3%] [34m[1mGenerating C code for ROS interfaces[0m
[2.465s] [  6%] [34m[1mGenerating C++ code for ROS interfaces[0m
[2.477s] [  6%] Built target ament_cmake_python_copy_data_sync
[2.884s] running egg_info
[2.886s] creating data_sync.egg-info
[2.886s] writing data_sync.egg-info/PKG-INFO
[2.887s] writing dependency_links to data_sync.egg-info/dependency_links.txt
[2.888s] writing top-level names to data_sync.egg-info/top_level.txt
[2.888s] writing manifest file 'data_sync.egg-info/SOURCES.txt'
[2.893s] reading manifest file 'data_sync.egg-info/SOURCES.txt'
[2.894s] writing manifest file 'data_sync.egg-info/SOURCES.txt'
[2.928s] [  6%] Built target data_sync__cpp
[2.942s] [  9%] Built target ament_cmake_python_build_data_sync_egg
[2.943s] [  9%] [34m[1mGenerating C++ type support for eProsima Fast-RTPS[0m
[2.943s] [ 12%] [34m[1mGenerating C++ type support dispatch for ROS interfaces[0m
[2.951s] [ 16%] [32mBuilding C object CMakeFiles/data_sync__rosidl_generator_c.dir/rosidl_generator_c/data_sync/srv/detail/start_stop_data_collection__functions.c.o[0m
[2.958s] [ 19%] [34m[1mGenerating C++ introspection for ROS interfaces[0m
[3.078s] [ 22%] [32m[1mLinking C shared library libdata_sync__rosidl_generator_c.so[0m
[3.132s] [ 22%] Built target data_sync__rosidl_generator_c
[3.147s] [ 25%] [34m[1mGenerating C type support for eProsima Fast-RTPS[0m
[3.378s] [ 29%] [32mBuilding CXX object CMakeFiles/data_sync__rosidl_typesupport_cpp.dir/rosidl_typesupport_cpp/data_sync/srv/start_stop_data_collection__type_support.cpp.o[0m
[3.409s] [ 32%] [32mBuilding CXX object CMakeFiles/data_sync__rosidl_typesupport_introspection_cpp.dir/rosidl_typesupport_introspection_cpp/data_sync/srv/detail/start_stop_data_collection__type_support.cpp.o[0m
[3.431s] [ 35%] [32mBuilding CXX object CMakeFiles/data_sync__rosidl_typesupport_fastrtps_cpp.dir/rosidl_typesupport_fastrtps_cpp/data_sync/srv/detail/dds_fastrtps/start_stop_data_collection__type_support.cpp.o[0m
[3.639s] [ 38%] [32mBuilding CXX object CMakeFiles/data_sync__rosidl_typesupport_fastrtps_c.dir/rosidl_typesupport_fastrtps_c/data_sync/srv/detail/start_stop_data_collection__type_support_c.cpp.o[0m
[3.917s] [ 41%] [32m[1mLinking CXX shared library libdata_sync__rosidl_typesupport_cpp.so[0m
[3.991s] [ 41%] Built target data_sync__rosidl_typesupport_cpp
[4.008s] [ 45%] [34m[1mGenerating C introspection for ROS interfaces[0m
[4.152s] [ 48%] [32m[1mLinking CXX shared library libdata_sync__rosidl_typesupport_introspection_cpp.so[0m
[4.219s] [ 51%] [32m[1mLinking CXX shared library libdata_sync__rosidl_typesupport_fastrtps_cpp.so[0m
[4.219s] [ 51%] Built target data_sync__rosidl_typesupport_introspection_cpp
[4.234s] [ 54%] [34m[1mGenerating C type support dispatch for ROS interfaces[0m
[4.300s] [ 58%] [32m[1mLinking CXX shared library libdata_sync__rosidl_typesupport_fastrtps_c.so[0m
[4.371s] [ 58%] Built target data_sync__rosidl_typesupport_fastrtps_cpp
[4.458s] [ 58%] Built target data_sync__rosidl_typesupport_fastrtps_c
[4.533s] [ 61%] [32mBuilding C object CMakeFiles/data_sync__rosidl_typesupport_introspection_c.dir/rosidl_typesupport_introspection_c/data_sync/srv/detail/start_stop_data_collection__type_support.c.o[0m
[4.590s] [ 64%] [32m[1mLinking C shared library libdata_sync__rosidl_typesupport_introspection_c.so[0m
[4.640s] [ 64%] Built target data_sync__rosidl_typesupport_introspection_c
[4.663s] [ 67%] [32mBuilding CXX object CMakeFiles/data_sync__rosidl_typesupport_c.dir/rosidl_typesupport_c/data_sync/srv/start_stop_data_collection__type_support.cpp.o[0m
[4.705s] [ 70%] [32m[1mLinking CXX shared library libdata_sync__rosidl_typesupport_c.so[0m
[4.759s] [ 70%] Built target data_sync__rosidl_typesupport_c
[4.787s] [ 70%] Built target data_sync
[4.813s] [ 74%] [34m[1mGenerating Python code for ROS interfaces[0m
[5.399s] [ 74%] Built target data_sync__py
[5.427s] [ 77%] [32mBuilding C object CMakeFiles/data_sync__rosidl_generator_py.dir/rosidl_generator_py/data_sync/srv/_start_stop_data_collection_s.c.o[0m
[5.618s] [ 80%] [32m[1mLinking C shared library rosidl_generator_py/data_sync/libdata_sync__rosidl_generator_py.so[0m
[5.668s] [ 80%] Built target data_sync__rosidl_generator_py
[5.694s] [ 87%] [32mBuilding C object CMakeFiles/data_sync__rosidl_typesupport_fastrtps_c__pyext.dir/rosidl_generator_py/data_sync/_data_sync_s.ep.rosidl_typesupport_fastrtps_c.c.o[0m
[5.694s] [ 87%] [32mBuilding C object CMakeFiles/data_sync__rosidl_typesupport_introspection_c__pyext.dir/rosidl_generator_py/data_sync/_data_sync_s.ep.rosidl_typesupport_introspection_c.c.o[0m
[5.696s] [ 90%] [32mBuilding C object CMakeFiles/data_sync__rosidl_typesupport_c__pyext.dir/rosidl_generator_py/data_sync/_data_sync_s.ep.rosidl_typesupport_c.c.o[0m
[5.832s] [ 96%] [32m[1mLinking C shared library rosidl_generator_py/data_sync/data_sync_s__rosidl_typesupport_c.cpython-310-x86_64-linux-gnu.so[0m
[5.832s] [ 96%] [32m[1mLinking C shared library rosidl_generator_py/data_sync/data_sync_s__rosidl_typesupport_fastrtps_c.cpython-310-x86_64-linux-gnu.so[0m
[5.835s] [100%] [32m[1mLinking C shared library rosidl_generator_py/data_sync/data_sync_s__rosidl_typesupport_introspection_c.cpython-310-x86_64-linux-gnu.so[0m
[5.879s] [100%] Built target data_sync__rosidl_typesupport_c__pyext
[5.880s] [100%] Built target data_sync__rosidl_typesupport_fastrtps_c__pyext
[5.884s] [100%] Built target data_sync__rosidl_typesupport_introspection_c__pyext
[5.898s] Invoked command in '/home/vedant/gaitlab_ws/build/data_sync' returned '0': CMAKE_PREFIX_PATH=/opt/ros/humble /usr/bin/cmake --build /home/vedant/gaitlab_ws/build/data_sync -- -j4 -l4
[5.978s] Invoking command in '/home/vedant/gaitlab_ws/build/data_sync': CMAKE_PREFIX_PATH=/opt/ros/humble /usr/bin/cmake --install /home/vedant/gaitlab_ws/build/data_sync
[5.989s] -- Install configuration: ""
[5.989s] -- Installing: /home/vedant/gaitlab_ws/install/data_sync/share/ament_index/resource_index/rosidl_interfaces/data_sync
[5.989s] -- Installing: /home/vedant/gaitlab_ws/install/data_sync/include/data_sync/data_sync
[5.989s] -- Installing: /home/vedant/gaitlab_ws/install/data_sync/include/data_sync/data_sync/srv
[5.989s] -- Installing: /home/vedant/gaitlab_ws/install/data_sync/include/data_sync/data_sync/srv/detail
[5.989s] -- Installing: /home/vedant/gaitlab_ws/install/data_sync/include/data_sync/data_sync/srv/detail/start_stop_data_collection__functions.h
[5.989s] -- Installing: /home/vedant/gaitlab_ws/install/data_sync/include/data_sync/data_sync/srv/detail/start_stop_data_collection__struct.h
[5.990s] -- Installing: /home/vedant/gaitlab_ws/install/data_sync/include/data_sync/data_sync/srv/detail/start_stop_data_collection__type_support.h
[5.990s] -- Installing: /home/vedant/gaitlab_ws/install/data_sync/include/data_sync/data_sync/srv/detail/start_stop_data_collection__functions.c
[5.990s] -- Installing: /home/vedant/gaitlab_ws/install/data_sync/include/data_sync/data_sync/srv/start_stop_data_collection.h
[5.990s] -- Installing: /home/vedant/gaitlab_ws/install/data_sync/include/data_sync/data_sync/msg
[5.990s] -- Installing: /home/vedant/gaitlab_ws/install/data_sync/include/data_sync/data_sync/msg/rosidl_generator_c__visibility_control.h
[5.990s] -- Installing: /home/vedant/gaitlab_ws/install/data_sync/share/data_sync/environment/library_path.sh
[5.990s] -- Installing: /home/vedant/gaitlab_ws/install/data_sync/share/data_sync/environment/library_path.dsv
[5.990s] -- Installing: /home/vedant/gaitlab_ws/install/data_sync/lib/libdata_sync__rosidl_generator_c.so
[5.991s] -- Set runtime path of "/home/vedant/gaitlab_ws/install/data_sync/lib/libdata_sync__rosidl_generator_c.so" to ""
[5.991s] -- Up-to-date: /home/vedant/gaitlab_ws/install/data_sync/include/data_sync/data_sync
[5.991s] -- Up-to-date: /home/vedant/gaitlab_ws/install/data_sync/include/data_sync/data_sync/srv
[5.991s] -- Up-to-date: /home/vedant/gaitlab_ws/install/data_sync/include/data_sync/data_sync/srv/detail
[5.991s] -- Installing: /home/vedant/gaitlab_ws/install/data_sync/include/data_sync/data_sync/srv/detail/start_stop_data_collection__rosidl_typesupport_fastrtps_c.h
[5.991s] -- Up-to-date: /home/vedant/gaitlab_ws/install/data_sync/include/data_sync/data_sync/msg
[5.991s] -- Installing: /home/vedant/gaitlab_ws/install/data_sync/include/data_sync/data_sync/msg/rosidl_typesupport_fastrtps_c__visibility_control.h
[5.992s] -- Installing: /home/vedant/gaitlab_ws/install/data_sync/lib/libdata_sync__rosidl_typesupport_fastrtps_c.so
[5.992s] -- Set runtime path of "/home/vedant/gaitlab_ws/install/data_sync/lib/libdata_sync__rosidl_typesupport_fastrtps_c.so" to ""
[5.992s] -- Up-to-date: /home/vedant/gaitlab_ws/install/data_sync/include/data_sync/data_sync
[5.992s] -- Up-to-date: /home/vedant/gaitlab_ws/install/data_sync/include/data_sync/data_sync/srv
[5.992s] -- Up-to-date: /home/vedant/gaitlab_ws/install/data_sync/include/data_sync/data_sync/srv/detail
[5.992s] -- Installing: /home/vedant/gaitlab_ws/install/data_sync/include/data_sync/data_sync/srv/detail/start_stop_data_collection__struct.hpp
[5.992s] -- Installing: /home/vedant/gaitlab_ws/install/data_sync/include/data_sync/data_sync/srv/detail/start_stop_data_collection__builder.hpp
[5.992s] -- Installing: /home/vedant/gaitlab_ws/install/data_sync/include/data_sync/data_sync/srv/detail/start_stop_data_collection__traits.hpp
[5.993s] -- Installing: /home/vedant/gaitlab_ws/install/data_sync/include/data_sync/data_sync/srv/start_stop_data_collection.hpp
[5.993s] -- Up-to-date: /home/vedant/gaitlab_ws/install/data_sync/include/data_sync/data_sync
[5.993s] -- Up-to-date: /home/vedant/gaitlab_ws/install/data_sync/include/data_sync/data_sync/srv
[5.993s] -- Up-to-date: /home/vedant/gaitlab_ws/install/data_sync/include/data_sync/data_sync/srv/detail
[5.993s] -- Installing: /home/vedant/gaitlab_ws/install/data_sync/include/data_sync/data_sync/srv/detail/start_stop_data_collection__rosidl_typesupport_fastrtps_cpp.hpp
[5.993s] -- Installing: /home/vedant/gaitlab_ws/install/data_sync/include/data_sync/data_sync/srv/detail/dds_fastrtps
[5.993s] -- Up-to-date: /home/vedant/gaitlab_ws/install/data_sync/include/data_sync/data_sync/msg
[5.993s] -- Installing: /home/vedant/gaitlab_ws/install/data_sync/include/data_sync/data_sync/msg/rosidl_typesupport_fastrtps_cpp__visibility_control.h
[5.993s] -- Installing: /home/vedant/gaitlab_ws/install/data_sync/lib/libdata_sync__rosidl_typesupport_fastrtps_cpp.so
[5.993s] -- Set runtime path of "/home/vedant/gaitlab_ws/install/data_sync/lib/libdata_sync__rosidl_typesupport_fastrtps_cpp.so" to ""
[5.994s] -- Up-to-date: /home/vedant/gaitlab_ws/install/data_sync/include/data_sync/data_sync
[5.994s] -- Up-to-date: /home/vedant/gaitlab_ws/install/data_sync/include/data_sync/data_sync/srv
[5.994s] -- Up-to-date: /home/vedant/gaitlab_ws/install/data_sync/include/data_sync/data_sync/srv/detail
[5.994s] -- Installing: /home/vedant/gaitlab_ws/install/data_sync/include/data_sync/data_sync/srv/detail/start_stop_data_collection__rosidl_typesupport_introspection_c.h
[5.994s] -- Installing: /home/vedant/gaitlab_ws/install/data_sync/include/data_sync/data_sync/srv/detail/start_stop_data_collection__type_support.c
[5.994s] -- Up-to-date: /home/vedant/gaitlab_ws/install/data_sync/include/data_sync/data_sync/msg
[5.994s] -- Installing: /home/vedant/gaitlab_ws/install/data_sync/include/data_sync/data_sync/msg/rosidl_typesupport_introspection_c__visibility_control.h
[5.994s] -- Installing: /home/vedant/gaitlab_ws/install/data_sync/lib/libdata_sync__rosidl_typesupport_introspection_c.so
[5.994s] -- Set runtime path of "/home/vedant/gaitlab_ws/install/data_sync/lib/libdata_sync__rosidl_typesupport_introspection_c.so" to ""
[5.995s] -- Installing: /home/vedant/gaitlab_ws/install/data_sync/lib/libdata_sync__rosidl_typesupport_c.so
[5.995s] -- Set runtime path of "/home/vedant/gaitlab_ws/install/data_sync/lib/libdata_sync__rosidl_typesupport_c.so" to ""
[5.995s] -- Up-to-date: /home/vedant/gaitlab_ws/install/data_sync/include/data_sync/data_sync
[5.995s] -- Up-to-date: /home/vedant/gaitlab_ws/install/data_sync/include/data_sync/data_sync/srv
[5.995s] -- Up-to-date: /home/vedant/gaitlab_ws/install/data_sync/include/data_sync/data_sync/srv/detail
[5.995s] -- Installing: /home/vedant/gaitlab_ws/install/data_sync/include/data_sync/data_sync/srv/detail/start_stop_data_collection__rosidl_typesupport_introspection_cpp.hpp
[5.996s] -- Installing: /home/vedant/gaitlab_ws/install/data_sync/include/data_sync/data_sync/srv/detail/start_stop_data_collection__type_support.cpp
[5.996s] -- Installing: /home/vedant/gaitlab_ws/install/data_sync/lib/libdata_sync__rosidl_typesupport_introspection_cpp.so
[5.996s] -- Set runtime path of "/home/vedant/gaitlab_ws/install/data_sync/lib/libdata_sync__rosidl_typesupport_introspection_cpp.so" to ""
[5.996s] -- Installing: /home/vedant/gaitlab_ws/install/data_sync/lib/libdata_sync__rosidl_typesupport_cpp.so
[5.996s] -- Set runtime path of "/home/vedant/gaitlab_ws/install/data_sync/lib/libdata_sync__rosidl_typesupport_cpp.so" to ""
[5.996s] -- Installing: /home/vedant/gaitlab_ws/install/data_sync/share/data_sync/environment/pythonpath.sh
[5.996s] -- Installing: /home/vedant/gaitlab_ws/install/data_sync/share/data_sync/environment/pythonpath.dsv
[5.997s] -- Installing: /home/vedant/gaitlab_ws/install/data_sync/local/lib/python3.10/dist-packages/data_sync-0.0.0-py3.10.egg-info
[5.997s] -- Installing: /home/vedant/gaitlab_ws/install/data_sync/local/lib/python3.10/dist-packages/data_sync-0.0.0-py3.10.egg-info/top_level.txt
[5.997s] -- Installing: /home/vedant/gaitlab_ws/install/data_sync/local/lib/python3.10/dist-packages/data_sync-0.0.0-py3.10.egg-info/dependency_links.txt
[5.997s] -- Installing: /home/vedant/gaitlab_ws/install/data_sync/local/lib/python3.10/dist-packages/data_sync-0.0.0-py3.10.egg-info/SOURCES.txt
[5.997s] -- Installing: /home/vedant/gaitlab_ws/install/data_sync/local/lib/python3.10/dist-packages/data_sync-0.0.0-py3.10.egg-info/PKG-INFO
[5.997s] -- Installing: /home/vedant/gaitlab_ws/install/data_sync/local/lib/python3.10/dist-packages/data_sync
[5.997s] -- Installing: /home/vedant/gaitlab_ws/install/data_sync/local/lib/python3.10/dist-packages/data_sync/srv
[5.998s] -- Installing: /home/vedant/gaitlab_ws/install/data_sync/local/lib/python3.10/dist-packages/data_sync/srv/_start_stop_data_collection_s.c
[5.998s] -- Installing: /home/vedant/gaitlab_ws/install/data_sync/local/lib/python3.10/dist-packages/data_sync/srv/__init__.py
[5.998s] -- Installing: /home/vedant/gaitlab_ws/install/data_sync/local/lib/python3.10/dist-packages/data_sync/srv/_start_stop_data_collection.py
[5.998s] -- Installing: /home/vedant/gaitlab_ws/install/data_sync/local/lib/python3.10/dist-packages/data_sync/data_sync_s__rosidl_typesupport_introspection_c.cpython-310-x86_64-linux-gnu.so
[5.998s] -- Installing: /home/vedant/gaitlab_ws/install/data_sync/local/lib/python3.10/dist-packages/data_sync/__init__.py
[5.998s] -- Installing: /home/vedant/gaitlab_ws/install/data_sync/local/lib/python3.10/dist-packages/data_sync/data_sync_s__rosidl_typesupport_fastrtps_c.cpython-310-x86_64-linux-gnu.so
[5.998s] -- Installing: /home/vedant/gaitlab_ws/install/data_sync/local/lib/python3.10/dist-packages/data_sync/libdata_sync__rosidl_generator_py.so
[5.998s] -- Installing: /home/vedant/gaitlab_ws/install/data_sync/local/lib/python3.10/dist-packages/data_sync/_data_sync_s.ep.rosidl_typesupport_fastrtps_c.c
[5.999s] -- Installing: /home/vedant/gaitlab_ws/install/data_sync/local/lib/python3.10/dist-packages/data_sync/_data_sync_s.ep.rosidl_typesupport_c.c
[5.999s] -- Installing: /home/vedant/gaitlab_ws/install/data_sync/local/lib/python3.10/dist-packages/data_sync/data_sync_s__rosidl_typesupport_c.cpython-310-x86_64-linux-gnu.so
[5.999s] -- Installing: /home/vedant/gaitlab_ws/install/data_sync/local/lib/python3.10/dist-packages/data_sync/_data_sync_s.ep.rosidl_typesupport_introspection_c.c
[6.052s] Listing '/home/vedant/gaitlab_ws/install/data_sync/local/lib/python3.10/dist-packages/data_sync'...
[6.052s] Compiling '/home/vedant/gaitlab_ws/install/data_sync/local/lib/python3.10/dist-packages/data_sync/__init__.py'...
[6.052s] Listing '/home/vedant/gaitlab_ws/install/data_sync/local/lib/python3.10/dist-packages/data_sync/srv'...
[6.052s] Compiling '/home/vedant/gaitlab_ws/install/data_sync/local/lib/python3.10/dist-packages/data_sync/srv/__init__.py'...
[6.053s] Compiling '/home/vedant/gaitlab_ws/install/data_sync/local/lib/python3.10/dist-packages/data_sync/srv/_start_stop_data_collection.py'...
[6.059s] -- Installing: /home/vedant/gaitlab_ws/install/data_sync/local/lib/python3.10/dist-packages/data_sync/data_sync_s__rosidl_typesupport_fastrtps_c.cpython-310-x86_64-linux-gnu.so
[6.059s] -- Set runtime path of "/home/vedant/gaitlab_ws/install/data_sync/local/lib/python3.10/dist-packages/data_sync/data_sync_s__rosidl_typesupport_fastrtps_c.cpython-310-x86_64-linux-gnu.so" to ""
[6.059s] -- Installing: /home/vedant/gaitlab_ws/install/data_sync/local/lib/python3.10/dist-packages/data_sync/data_sync_s__rosidl_typesupport_introspection_c.cpython-310-x86_64-linux-gnu.so
[6.059s] -- Set runtime path of "/home/vedant/gaitlab_ws/install/data_sync/local/lib/python3.10/dist-packages/data_sync/data_sync_s__rosidl_typesupport_introspection_c.cpython-310-x86_64-linux-gnu.so" to ""
[6.060s] -- Installing: /home/vedant/gaitlab_ws/install/data_sync/local/lib/python3.10/dist-packages/data_sync/data_sync_s__rosidl_typesupport_c.cpython-310-x86_64-linux-gnu.so
[6.060s] -- Set runtime path of "/home/vedant/gaitlab_ws/install/data_sync/local/lib/python3.10/dist-packages/data_sync/data_sync_s__rosidl_typesupport_c.cpython-310-x86_64-linux-gnu.so" to ""
[6.060s] -- Installing: /home/vedant/gaitlab_ws/install/data_sync/lib/libdata_sync__rosidl_generator_py.so
[6.060s] -- Set runtime path of "/home/vedant/gaitlab_ws/install/data_sync/lib/libdata_sync__rosidl_generator_py.so" to ""
[6.060s] -- Installing: /home/vedant/gaitlab_ws/install/data_sync/share/data_sync/srv/StartStopDataCollection.idl
[6.061s] -- Installing: /home/vedant/gaitlab_ws/install/data_sync/share/data_sync/srv/StartStopDataCollection.srv
[6.061s] -- Installing: /home/vedant/gaitlab_ws/install/data_sync/share/data_sync/srv/StartStopDataCollection_Request.msg
[6.061s] -- Installing: /home/vedant/gaitlab_ws/install/data_sync/share/data_sync/srv/StartStopDataCollection_Response.msg
[6.061s] -- Installing: /home/vedant/gaitlab_ws/install/data_sync/share/ament_index/resource_index/package_run_dependencies/data_sync
[6.061s] -- Installing: /home/vedant/gaitlab_ws/install/data_sync/share/ament_index/resource_index/parent_prefix_path/data_sync
[6.061s] -- Installing: /home/vedant/gaitlab_ws/install/data_sync/share/data_sync/environment/ament_prefix_path.sh
[6.062s] -- Installing: /home/vedant/gaitlab_ws/install/data_sync/share/data_sync/environment/ament_prefix_path.dsv
[6.062s] -- Installing: /home/vedant/gaitlab_ws/install/data_sync/share/data_sync/environment/path.sh
[6.062s] -- Installing: /home/vedant/gaitlab_ws/install/data_sync/share/data_sync/environment/path.dsv
[6.062s] -- Installing: /home/vedant/gaitlab_ws/install/data_sync/share/data_sync/local_setup.bash
[6.062s] -- Installing: /home/vedant/gaitlab_ws/install/data_sync/share/data_sync/local_setup.sh
[6.062s] -- Installing: /home/vedant/gaitlab_ws/install/data_sync/share/data_sync/local_setup.zsh
[6.063s] -- Installing: /home/vedant/gaitlab_ws/install/data_sync/share/data_sync/local_setup.dsv
[6.063s] -- Installing: /home/vedant/gaitlab_ws/install/data_sync/share/data_sync/package.dsv
[6.063s] -- Installing: /home/vedant/gaitlab_ws/install/data_sync/share/ament_index/resource_index/packages/data_sync
[6.064s] -- Installing: /home/vedant/gaitlab_ws/install/data_sync/share/data_sync/cmake/export_data_sync__rosidl_generator_cExport.cmake
[6.064s] -- Installing: /home/vedant/gaitlab_ws/install/data_sync/share/data_sync/cmake/export_data_sync__rosidl_generator_cExport-noconfig.cmake
[6.064s] -- Installing: /home/vedant/gaitlab_ws/install/data_sync/share/data_sync/cmake/export_data_sync__rosidl_typesupport_fastrtps_cExport.cmake
[6.065s] -- Installing: /home/vedant/gaitlab_ws/install/data_sync/share/data_sync/cmake/export_data_sync__rosidl_typesupport_fastrtps_cExport-noconfig.cmake
[6.065s] -- Installing: /home/vedant/gaitlab_ws/install/data_sync/share/data_sync/cmake/export_data_sync__rosidl_generator_cppExport.cmake
[6.065s] -- Installing: /home/vedant/gaitlab_ws/install/data_sync/share/data_sync/cmake/export_data_sync__rosidl_typesupport_fastrtps_cppExport.cmake
[6.065s] -- Installing: /home/vedant/gaitlab_ws/install/data_sync/share/data_sync/cmake/export_data_sync__rosidl_typesupport_fastrtps_cppExport-noconfig.cmake
[6.065s] -- Installing: /home/vedant/gaitlab_ws/install/data_sync/share/data_sync/cmake/data_sync__rosidl_typesupport_introspection_cExport.cmake
[6.065s] -- Installing: /home/vedant/gaitlab_ws/install/data_sync/share/data_sync/cmake/data_sync__rosidl_typesupport_introspection_cExport-noconfig.cmake
[6.065s] -- Installing: /home/vedant/gaitlab_ws/install/data_sync/share/data_sync/cmake/data_sync__rosidl_typesupport_cExport.cmake
[6.066s] -- Installing: /home/vedant/gaitlab_ws/install/data_sync/share/data_sync/cmake/data_sync__rosidl_typesupport_cExport-noconfig.cmake
[6.066s] -- Installing: /home/vedant/gaitlab_ws/install/data_sync/share/data_sync/cmake/data_sync__rosidl_typesupport_introspection_cppExport.cmake
[6.066s] -- Installing: /home/vedant/gaitlab_ws/install/data_sync/share/data_sync/cmake/data_sync__rosidl_typesupport_introspection_cppExport-noconfig.cmake
[6.066s] -- Installing: /home/vedant/gaitlab_ws/install/data_sync/share/data_sync/cmake/data_sync__rosidl_typesupport_cppExport.cmake
[6.066s] -- Installing: /home/vedant/gaitlab_ws/install/data_sync/share/data_sync/cmake/data_sync__rosidl_typesupport_cppExport-noconfig.cmake
[6.066s] -- Installing: /home/vedant/gaitlab_ws/install/data_sync/share/data_sync/cmake/export_data_sync__rosidl_generator_pyExport.cmake
[6.066s] -- Installing: /home/vedant/gaitlab_ws/install/data_sync/share/data_sync/cmake/export_data_sync__rosidl_generator_pyExport-noconfig.cmake
[6.067s] -- Installing: /home/vedant/gaitlab_ws/install/data_sync/share/data_sync/cmake/rosidl_cmake-extras.cmake
[6.067s] -- Installing: /home/vedant/gaitlab_ws/install/data_sync/share/data_sync/cmake/ament_cmake_export_include_directories-extras.cmake
[6.067s] -- Installing: /home/vedant/gaitlab_ws/install/data_sync/share/data_sync/cmake/ament_cmake_export_libraries-extras.cmake
[6.067s] -- Installing: /home/vedant/gaitlab_ws/install/data_sync/share/data_sync/cmake/ament_cmake_export_targets-extras.cmake
[6.067s] -- Installing: /home/vedant/gaitlab_ws/install/data_sync/share/data_sync/cmake/rosidl_cmake_export_typesupport_targets-extras.cmake
[6.068s] -- Installing: /home/vedant/gaitlab_ws/install/data_sync/share/data_sync/cmake/ament_cmake_export_dependencies-extras.cmake
[6.068s] -- Installing: /home/vedant/gaitlab_ws/install/data_sync/share/data_sync/cmake/rosidl_cmake_export_typesupport_libraries-extras.cmake
[6.068s] -- Installing: /home/vedant/gaitlab_ws/install/data_sync/share/data_sync/cmake/data_syncConfig.cmake
[6.068s] -- Installing: /home/vedant/gaitlab_ws/install/data_sync/share/data_sync/cmake/data_syncConfig-version.cmake
[6.068s] -- Installing: /home/vedant/gaitlab_ws/install/data_sync/share/data_sync/package.xml
[6.071s] Invoked command in '/home/vedant/gaitlab_ws/build/data_sync' returned '0': CMAKE_PREFIX_PATH=/opt/ros/humble /usr/bin/cmake --install /home/vedant/gaitlab_ws/build/data_sync
