[2.963s] Invoking command in '/home/vedant/OdriveCANControl/src/controller': AMENT_PREFIX_PATH=/home/vedant/OdriveCANControl/src/install/custom_msgs:${AMENT_PREFIX_PATH} CMAKE_PREFIX_PATH=/home/vedant/OdriveCANControl/src/install/custom_msgs:${CMAKE_PREFIX_PATH} LD_LIBRARY_PATH=/home/vedant/OdriveCANControl/src/install/custom_msgs/lib:${LD_LIBRARY_PATH} PYTHONPATH=/home/vedant/OdriveCANControl/src/build/controller/prefix_override:/usr/lib/python3/dist-packages/colcon_core/task/python/colcon_distutils_commands:/home/vedant/OdriveCANControl/src/install/controller/lib/python3.10/site-packages:/home/vedant/OdriveCANControl/src/install/custom_msgs/local/lib/python3.10/dist-packages:${PYTHONPATH} /usr/bin/python3 -W ignore:setup.py install is deprecated -W ignore:easy_install command is deprecated setup.py egg_info --egg-base ../build/controller build --build-base /home/vedant/OdriveCANControl/src/build/controller/build install --record /home/vedant/OdriveCANControl/src/build/controller/install.log --single-version-externally-managed install_data
[3.906s] running egg_info
[3.908s] creating ../build/controller/controller.egg-info
[3.909s] writing ../build/controller/controller.egg-info/PKG-INFO
[3.910s] writing dependency_links to ../build/controller/controller.egg-info/dependency_links.txt
[3.910s] writing entry points to ../build/controller/controller.egg-info/entry_points.txt
[3.911s] writing requirements to ../build/controller/controller.egg-info/requires.txt
[3.912s] writing top-level names to ../build/controller/controller.egg-info/top_level.txt
[3.913s] writing manifest file '../build/controller/controller.egg-info/SOURCES.txt'
[3.920s] reading manifest file '../build/controller/controller.egg-info/SOURCES.txt'
[3.923s] writing manifest file '../build/controller/controller.egg-info/SOURCES.txt'
[3.924s] running build
[3.924s] running build_py
[3.925s] creating /home/vedant/OdriveCANControl/src/build/controller/build
[3.925s] creating /home/vedant/OdriveCANControl/src/build/controller/build/lib
[3.926s] creating /home/vedant/OdriveCANControl/src/build/controller/build/lib/controller
[3.926s] copying src/controller/Friction_compensation_node.py -> /home/vedant/OdriveCANControl/src/build/controller/build/lib/controller
[3.927s] copying src/controller/control_node.py -> /home/vedant/OdriveCANControl/src/build/controller/build/lib/controller
[3.927s] copying src/controller/App.py -> /home/vedant/OdriveCANControl/src/build/controller/build/lib/controller
[3.928s] copying src/controller/impedanc_control.py -> /home/vedant/OdriveCANControl/src/build/controller/build/lib/controller
[3.929s] copying src/controller/__init__.py -> /home/vedant/OdriveCANControl/src/build/controller/build/lib/controller
[3.930s] copying src/controller/odrive_control.py -> /home/vedant/OdriveCANControl/src/build/controller/build/lib/controller
[3.932s] running install
[3.933s] running install_lib
[3.937s] creating /home/vedant/OdriveCANControl/src/install/controller/lib/python3.10/site-packages/controller
[3.937s] copying /home/vedant/OdriveCANControl/src/build/controller/build/lib/controller/Friction_compensation_node.py -> /home/vedant/OdriveCANControl/src/install/controller/lib/python3.10/site-packages/controller
[3.938s] copying /home/vedant/OdriveCANControl/src/build/controller/build/lib/controller/control_node.py -> /home/vedant/OdriveCANControl/src/install/controller/lib/python3.10/site-packages/controller
[3.939s] copying /home/vedant/OdriveCANControl/src/build/controller/build/lib/controller/App.py -> /home/vedant/OdriveCANControl/src/install/controller/lib/python3.10/site-packages/controller
[3.940s] copying /home/vedant/OdriveCANControl/src/build/controller/build/lib/controller/impedanc_control.py -> /home/vedant/OdriveCANControl/src/install/controller/lib/python3.10/site-packages/controller
[3.941s] copying /home/vedant/OdriveCANControl/src/build/controller/build/lib/controller/__init__.py -> /home/vedant/OdriveCANControl/src/install/controller/lib/python3.10/site-packages/controller
[3.941s] copying /home/vedant/OdriveCANControl/src/build/controller/build/lib/controller/odrive_control.py -> /home/vedant/OdriveCANControl/src/install/controller/lib/python3.10/site-packages/controller
[3.944s] byte-compiling /home/vedant/OdriveCANControl/src/install/controller/lib/python3.10/site-packages/controller/Friction_compensation_node.py to Friction_compensation_node.cpython-310.pyc
[3.947s] byte-compiling /home/vedant/OdriveCANControl/src/install/controller/lib/python3.10/site-packages/controller/control_node.py to control_node.cpython-310.pyc
[3.950s] byte-compiling /home/vedant/OdriveCANControl/src/install/controller/lib/python3.10/site-packages/controller/App.py to App.cpython-310.pyc
[3.958s] byte-compiling /home/vedant/OdriveCANControl/src/install/controller/lib/python3.10/site-packages/controller/impedanc_control.py to impedanc_control.cpython-310.pyc
[3.960s] byte-compiling /home/vedant/OdriveCANControl/src/install/controller/lib/python3.10/site-packages/controller/__init__.py to __init__.cpython-310.pyc
[3.961s] byte-compiling /home/vedant/OdriveCANControl/src/install/controller/lib/python3.10/site-packages/controller/odrive_control.py to odrive_control.cpython-310.pyc
[3.968s] running install_data
[3.969s] creating /home/vedant/OdriveCANControl/src/install/controller/share/ament_index
[3.969s] creating /home/vedant/OdriveCANControl/src/install/controller/share/ament_index/resource_index
[3.970s] creating /home/vedant/OdriveCANControl/src/install/controller/share/ament_index/resource_index/packages
[3.970s] copying resource/controller -> /home/vedant/OdriveCANControl/src/install/controller/share/ament_index/resource_index/packages
[3.972s] copying package.xml -> /home/vedant/OdriveCANControl/src/install/controller/share/controller
[3.972s] running install_egg_info
[3.979s] Copying ../build/controller/controller.egg-info to /home/vedant/OdriveCANControl/src/install/controller/lib/python3.10/site-packages/controller-0.0.0-py3.10.egg-info
[3.984s] running install_scripts
[4.065s] Installing odrive_control script to /home/vedant/OdriveCANControl/src/install/controller/lib/controller
[4.066s] writing list of installed files to '/home/vedant/OdriveCANControl/src/build/controller/install.log'
[4.189s] Invoked command in '/home/vedant/OdriveCANControl/src/controller' returned '0': AMENT_PREFIX_PATH=/home/vedant/OdriveCANControl/src/install/custom_msgs:${AMENT_PREFIX_PATH} CMAKE_PREFIX_PATH=/home/vedant/OdriveCANControl/src/install/custom_msgs:${CMAKE_PREFIX_PATH} LD_LIBRARY_PATH=/home/vedant/OdriveCANControl/src/install/custom_msgs/lib:${LD_LIBRARY_PATH} PYTHONPATH=/home/vedant/OdriveCANControl/src/build/controller/prefix_override:/usr/lib/python3/dist-packages/colcon_core/task/python/colcon_distutils_commands:/home/vedant/OdriveCANControl/src/install/controller/lib/python3.10/site-packages:/home/vedant/OdriveCANControl/src/install/custom_msgs/local/lib/python3.10/dist-packages:${PYTHONPATH} /usr/bin/python3 -W ignore:setup.py install is deprecated -W ignore:easy_install command is deprecated setup.py egg_info --egg-base ../build/controller build --build-base /home/vedant/OdriveCANControl/src/build/controller/build install --record /home/vedant/OdriveCANControl/src/build/controller/install.log --single-version-externally-managed install_data
