[3.385s] Invoking command in '/home/vedant/OdriveCANControl/src/robot_launch': AMENT_PREFIX_PATH=/home/vedant/OdriveCANControl/install/odrive_control_py:/home/vedant/OdriveCANControl/install/odrive_can:/home/vedant/OdriveCANControl/install/custom_msgs:${AMENT_PREFIX_PATH} CMAKE_PREFIX_PATH=/home/vedant/OdriveCANControl/install/odrive_can:/home/vedant/OdriveCANControl/install/custom_msgs LD_LIBRARY_PATH=/home/vedant/OdriveCANControl/install/odrive_can/lib:/home/vedant/OdriveCANControl/install/custom_msgs/lib:${LD_LIBRARY_PATH} PYTHONPATH=/home/vedant/OdriveCANControl/build/robot_launch/prefix_override:/usr/lib/python3/dist-packages/colcon_core/task/python/colcon_distutils_commands:/home/vedant/OdriveCANControl/install/robot_launch/lib/python3.10/site-packages:/home/vedant/OdriveCANControl/install/odrive_control_py/lib/python3.10/site-packages:/home/vedant/OdriveCANControl/install/odrive_can/local/lib/python3.10/dist-packages:/home/vedant/OdriveCANControl/install/custom_msgs/local/lib/python3.10/dist-packages:${PYTHONPATH} /usr/bin/python3 -W ignore:setup.py install is deprecated -W ignore:easy_install command is deprecated setup.py egg_info --egg-base ../../build/robot_launch build --build-base /home/vedant/OdriveCANControl/build/robot_launch/build install --record /home/vedant/OdriveCANControl/build/robot_launch/install.log --single-version-externally-managed install_data
[4.760s] running egg_info
[4.764s] writing ../../build/robot_launch/robot_launch.egg-info/PKG-INFO
[4.765s] writing dependency_links to ../../build/robot_launch/robot_launch.egg-info/dependency_links.txt
[4.766s] writing entry points to ../../build/robot_launch/robot_launch.egg-info/entry_points.txt
[4.767s] writing requirements to ../../build/robot_launch/robot_launch.egg-info/requires.txt
[4.769s] writing top-level names to ../../build/robot_launch/robot_launch.egg-info/top_level.txt
[4.776s] reading manifest file '../../build/robot_launch/robot_launch.egg-info/SOURCES.txt'
[4.796s] writing manifest file '../../build/robot_launch/robot_launch.egg-info/SOURCES.txt'
[4.797s] running build
[4.797s] running build_py
[4.798s] running install
[4.800s] running install_lib
[4.805s] running install_data
[4.806s] copying package.xml -> /home/vedant/OdriveCANControl/install/robot_launch/share/robot_launch
[4.807s] running install_egg_info
[4.814s] removing '/home/vedant/OdriveCANControl/install/robot_launch/lib/python3.10/site-packages/robot_launch-0.0.0-py3.10.egg-info' (and everything under it)
[4.816s] Copying ../../build/robot_launch/robot_launch.egg-info to /home/vedant/OdriveCANControl/install/robot_launch/lib/python3.10/site-packages/robot_launch-0.0.0-py3.10.egg-info
[4.829s] running install_scripts
[4.921s] writing list of installed files to '/home/vedant/OdriveCANControl/build/robot_launch/install.log'
[5.067s] Invoked command in '/home/vedant/OdriveCANControl/src/robot_launch' returned '0': AMENT_PREFIX_PATH=/home/vedant/OdriveCANControl/install/odrive_control_py:/home/vedant/OdriveCANControl/install/odrive_can:/home/vedant/OdriveCANControl/install/custom_msgs:${AMENT_PREFIX_PATH} CMAKE_PREFIX_PATH=/home/vedant/OdriveCANControl/install/odrive_can:/home/vedant/OdriveCANControl/install/custom_msgs LD_LIBRARY_PATH=/home/vedant/OdriveCANControl/install/odrive_can/lib:/home/vedant/OdriveCANControl/install/custom_msgs/lib:${LD_LIBRARY_PATH} PYTHONPATH=/home/vedant/OdriveCANControl/build/robot_launch/prefix_override:/usr/lib/python3/dist-packages/colcon_core/task/python/colcon_distutils_commands:/home/vedant/OdriveCANControl/install/robot_launch/lib/python3.10/site-packages:/home/vedant/OdriveCANControl/install/odrive_control_py/lib/python3.10/site-packages:/home/vedant/OdriveCANControl/install/odrive_can/local/lib/python3.10/dist-packages:/home/vedant/OdriveCANControl/install/custom_msgs/local/lib/python3.10/dist-packages:${PYTHONPATH} /usr/bin/python3 -W ignore:setup.py install is deprecated -W ignore:easy_install command is deprecated setup.py egg_info --egg-base ../../build/robot_launch build --build-base /home/vedant/OdriveCANControl/build/robot_launch/build install --record /home/vedant/OdriveCANControl/build/robot_launch/install.log --single-version-externally-managed install_data
