[0.014s] Invoking command in '/home/vedant/gaitlab_ws/build/odrive_control': CMAKE_PREFIX_PATH=${CMAKE_PREFIX_PATH}:/opt/ros/humble /usr/bin/cmake /home/vedant/gaitlab_ws/src/odrive_control -DCMAKE_INSTALL_PREFIX=/home/vedant/gaitlab_ws/install/odrive_control
[0.090s] -- The C compiler identification is GNU 11.4.0
[0.180s] -- The CXX compiler identification is GNU 11.4.0
[0.191s] -- Detecting C compiler ABI info
[0.295s] -- Detecting C compiler ABI info - done
[0.308s] -- Check for working C compiler: /usr/bin/cc - skipped
[0.308s] -- Detecting C compile features
[0.309s] -- Detecting C compile features - done
[0.314s] -- Detecting CXX compiler ABI info
[0.419s] -- Detecting CXX compiler ABI info - done
[0.432s] -- Check for working CXX compiler: /usr/bin/c++ - skipped
[0.432s] -- Detecting CXX compile features
[0.432s] -- Detecting CXX compile features - done
[0.435s] -- Found ament_cmake: 1.3.9 (/opt/ros/humble/share/ament_cmake/cmake)
[0.654s] -- Found Python3: /usr/bin/python3 (found version "3.10.12") found components: Interpreter 
[0.789s] -- Found ament_lint_auto: 0.12.11 (/opt/ros/humble/share/ament_lint_auto/cmake)
[0.914s] -- Added test 'lint_cmake' to check CMake code style
[0.917s] -- Added test 'xmllint' to check XML markup files
[0.920s] -- Configuring done
[0.923s] -- Generating done
[0.925s] -- Build files have been written to: /home/vedant/gaitlab_ws/build/odrive_control
[0.931s] Invoked command in '/home/vedant/gaitlab_ws/build/odrive_control' returned '0': CMAKE_PREFIX_PATH=${CMAKE_PREFIX_PATH}:/opt/ros/humble /usr/bin/cmake /home/vedant/gaitlab_ws/src/odrive_control -DCMAKE_INSTALL_PREFIX=/home/vedant/gaitlab_ws/install/odrive_control
[0.933s] Invoking command in '/home/vedant/gaitlab_ws/build/odrive_control': CMAKE_PREFIX_PATH=${CMAKE_PREFIX_PATH}:/opt/ros/humble /usr/bin/cmake --build /home/vedant/gaitlab_ws/build/odrive_control -- -j4 -l4
[0.981s] Invoked command in '/home/vedant/gaitlab_ws/build/odrive_control' returned '0': CMAKE_PREFIX_PATH=${CMAKE_PREFIX_PATH}:/opt/ros/humble /usr/bin/cmake --build /home/vedant/gaitlab_ws/build/odrive_control -- -j4 -l4
[1.019s] Invoking command in '/home/vedant/gaitlab_ws/build/odrive_control': CMAKE_PREFIX_PATH=${CMAKE_PREFIX_PATH}:/opt/ros/humble /usr/bin/cmake --install /home/vedant/gaitlab_ws/build/odrive_control
[1.028s] -- Install configuration: ""
[1.028s] -- Installing: /home/vedant/gaitlab_ws/install/odrive_control/share/ament_index/resource_index/package_run_dependencies/odrive_control
[1.028s] -- Installing: /home/vedant/gaitlab_ws/install/odrive_control/share/ament_index/resource_index/parent_prefix_path/odrive_control
[1.028s] -- Installing: /home/vedant/gaitlab_ws/install/odrive_control/share/odrive_control/environment/ament_prefix_path.sh
[1.028s] -- Installing: /home/vedant/gaitlab_ws/install/odrive_control/share/odrive_control/environment/ament_prefix_path.dsv
[1.028s] -- Installing: /home/vedant/gaitlab_ws/install/odrive_control/share/odrive_control/environment/path.sh
[1.029s] -- Installing: /home/vedant/gaitlab_ws/install/odrive_control/share/odrive_control/environment/path.dsv
[1.029s] -- Installing: /home/vedant/gaitlab_ws/install/odrive_control/share/odrive_control/local_setup.bash
[1.029s] -- Installing: /home/vedant/gaitlab_ws/install/odrive_control/share/odrive_control/local_setup.sh
[1.029s] -- Installing: /home/vedant/gaitlab_ws/install/odrive_control/share/odrive_control/local_setup.zsh
[1.029s] -- Installing: /home/vedant/gaitlab_ws/install/odrive_control/share/odrive_control/local_setup.dsv
[1.030s] -- Installing: /home/vedant/gaitlab_ws/install/odrive_control/share/odrive_control/package.dsv
[1.030s] -- Installing: /home/vedant/gaitlab_ws/install/odrive_control/share/ament_index/resource_index/packages/odrive_control
[1.030s] -- Installing: /home/vedant/gaitlab_ws/install/odrive_control/share/odrive_control/cmake/odrive_controlConfig.cmake
[1.030s] -- Installing: /home/vedant/gaitlab_ws/install/odrive_control/share/odrive_control/cmake/odrive_controlConfig-version.cmake
[1.030s] -- Installing: /home/vedant/gaitlab_ws/install/odrive_control/share/odrive_control/package.xml
[1.033s] Invoked command in '/home/vedant/gaitlab_ws/build/odrive_control' returned '0': CMAKE_PREFIX_PATH=${CMAKE_PREFIX_PATH}:/opt/ros/humble /usr/bin/cmake --install /home/vedant/gaitlab_ws/build/odrive_control
