[0.019s] Invoking command in '/home/vedant/gaitlab_ws/build/data_sync': CMAKE_PREFIX_PATH=/opt/ros/humble /usr/bin/cmake --build /home/vedant/gaitlab_ws/build/data_sync -- -j4 -l4
[0.048s] -- Found ament_cmake: 1.3.10 (/opt/ros/humble/share/ament_cmake/cmake)
[0.218s] -- Found rosidl_default_generators: 1.2.0 (/opt/ros/humble/share/rosidl_default_generators/cmake)
[0.220s] -- Using all available rosidl_typesupport_c: rosidl_typesupport_fastrtps_c;rosidl_typesupport_introspection_c
[0.223s] -- Found rosidl_adapter: 3.1.5 (/opt/ros/humble/share/rosidl_adapter/cmake)
[0.261s] -- Using all available rosidl_typesupport_cpp: rosidl_typesupport_fastrtps_cpp;rosidl_typesupport_introspection_cpp
[0.623s] -- Found ament_cmake_ros: 0.10.0 (/opt/ros/humble/share/ament_cmake_ros/cmake)
[0.860s] -- Using all available rosidl_typesupport_c: rosidl_typesupport_fastrtps_c;rosidl_typesupport_introspection_c
[1.169s] -- Using all available rosidl_typesupport_cpp: rosidl_typesupport_fastrtps_cpp;rosidl_typesupport_introspection_cpp
[1.198s] -- Found python_cmake_module: 0.10.0 (/opt/ros/humble/share/python_cmake_module/cmake)
[1.226s] -- Using PYTHON_EXECUTABLE: /usr/bin/python3
[1.226s] -- Using PYTHON_INCLUDE_DIRS: /usr/include/python3.10
[1.226s] -- Using PYTHON_LIBRARIES: /usr/lib/x86_64-linux-gnu/libpython3.10.so
[1.239s] -- Found ament_lint_auto: 0.12.11 (/opt/ros/humble/share/ament_lint_auto/cmake)
[1.251s] -- Added test 'lint_cmake' to check CMake code style
[1.252s] -- Added test 'xmllint' to check XML markup files
[1.255s] -- Configuring done
[1.291s] -- Generating done
[1.295s] -- Build files have been written to: /home/vedant/gaitlab_ws/build/data_sync
[1.324s] [  3%] [34m[1mGenerating C code for ROS interfaces[0m
[1.339s] [  6%] [34m[1mGenerating C++ code for ROS interfaces[0m
[1.351s] [  6%] Built target ament_cmake_python_copy_data_sync
[1.768s] running egg_info
[1.769s] writing data_sync.egg-info/PKG-INFO
[1.769s] writing dependency_links to data_sync.egg-info/dependency_links.txt
[1.770s] writing top-level names to data_sync.egg-info/top_level.txt
[1.774s] [  6%] Built target data_sync__cpp
[1.776s] reading manifest file 'data_sync.egg-info/SOURCES.txt'
[1.778s] writing manifest file 'data_sync.egg-info/SOURCES.txt'
[1.789s] [  9%] [34m[1mGenerating C++ type support dispatch for ROS interfaces[0m
[1.791s] [ 12%] [34m[1mGenerating C++ type support for eProsima Fast-RTPS[0m
[1.802s] [ 16%] [32mBuilding C object CMakeFiles/data_sync__rosidl_generator_c.dir/rosidl_generator_c/data_sync/srv/detail/trigger__functions.c.o[0m
[1.832s] [ 16%] Built target ament_cmake_python_build_data_sync_egg
[1.848s] [ 19%] [34m[1mGenerating C++ introspection for ROS interfaces[0m
[1.898s] [ 22%] [32m[1mLinking C shared library libdata_sync__rosidl_generator_c.so[0m
[1.956s] [ 22%] Built target data_sync__rosidl_generator_c
[1.972s] [ 25%] [34m[1mGenerating C type support for eProsima Fast-RTPS[0m
[2.231s] [ 29%] [32mBuilding CXX object CMakeFiles/data_sync__rosidl_typesupport_cpp.dir/rosidl_typesupport_cpp/data_sync/srv/trigger__type_support.cpp.o[0m
[2.300s] [ 32%] [32mBuilding CXX object CMakeFiles/data_sync__rosidl_typesupport_fastrtps_cpp.dir/rosidl_typesupport_fastrtps_cpp/data_sync/srv/detail/dds_fastrtps/trigger__type_support.cpp.o[0m
[2.318s] [ 35%] [32mBuilding CXX object CMakeFiles/data_sync__rosidl_typesupport_introspection_cpp.dir/rosidl_typesupport_introspection_cpp/data_sync/srv/detail/trigger__type_support.cpp.o[0m
[2.484s] [ 38%] [32mBuilding CXX object CMakeFiles/data_sync__rosidl_typesupport_fastrtps_c.dir/rosidl_typesupport_fastrtps_c/data_sync/srv/detail/trigger__type_support_c.cpp.o[0m
[2.736s] [ 41%] [32m[1mLinking CXX shared library libdata_sync__rosidl_typesupport_cpp.so[0m
[2.808s] [ 41%] Built target data_sync__rosidl_typesupport_cpp
[2.824s] [ 45%] [34m[1mGenerating C introspection for ROS interfaces[0m
[3.067s] [ 48%] [32m[1mLinking CXX shared library libdata_sync__rosidl_typesupport_fastrtps_cpp.so[0m
[3.079s] [ 51%] [32m[1mLinking CXX shared library libdata_sync__rosidl_typesupport_introspection_cpp.so[0m
[3.160s] [ 54%] [32m[1mLinking CXX shared library libdata_sync__rosidl_typesupport_fastrtps_c.so[0m
[3.187s] [ 54%] Built target data_sync__rosidl_typesupport_introspection_cpp
[3.204s] [ 58%] [34m[1mGenerating C type support dispatch for ROS interfaces[0m
[3.218s] [ 58%] Built target data_sync__rosidl_typesupport_fastrtps_cpp
[3.315s] [ 58%] Built target data_sync__rosidl_typesupport_fastrtps_c
[3.346s] [ 61%] [32mBuilding C object CMakeFiles/data_sync__rosidl_typesupport_introspection_c.dir/rosidl_typesupport_introspection_c/data_sync/srv/detail/trigger__type_support.c.o[0m
[3.393s] [ 64%] [32m[1mLinking C shared library libdata_sync__rosidl_typesupport_introspection_c.so[0m
[3.432s] [ 64%] Built target data_sync__rosidl_typesupport_introspection_c
[3.584s] [ 67%] [32mBuilding CXX object CMakeFiles/data_sync__rosidl_typesupport_c.dir/rosidl_typesupport_c/data_sync/srv/trigger__type_support.cpp.o[0m
[3.630s] [ 70%] [32m[1mLinking CXX shared library libdata_sync__rosidl_typesupport_c.so[0m
[3.682s] [ 70%] Built target data_sync__rosidl_typesupport_c
[3.706s] [ 70%] Built target data_sync
[3.731s] [ 74%] [34m[1mGenerating Python code for ROS interfaces[0m
[4.237s] [ 74%] Built target data_sync__py
[4.263s] [ 77%] [32mBuilding C object CMakeFiles/data_sync__rosidl_generator_py.dir/rosidl_generator_py/data_sync/srv/_trigger_s.c.o[0m
[4.404s] [ 80%] [32m[1mLinking C shared library rosidl_generator_py/data_sync/libdata_sync__rosidl_generator_py.so[0m
[4.452s] [ 80%] Built target data_sync__rosidl_generator_py
[4.466s] [35m[1mConsolidate compiler generated dependencies of target data_sync__rosidl_typesupport_introspection_c__pyext[0m
[4.466s] [35m[1mConsolidate compiler generated dependencies of target data_sync__rosidl_typesupport_fastrtps_c__pyext[0m
[4.468s] [35m[1mConsolidate compiler generated dependencies of target data_sync__rosidl_typesupport_c__pyext[0m
[4.483s] [ 87%] [32mBuilding C object CMakeFiles/data_sync__rosidl_typesupport_introspection_c__pyext.dir/rosidl_generator_py/data_sync/_data_sync_s.ep.rosidl_typesupport_introspection_c.c.o[0m
[4.483s] [ 87%] [32mBuilding C object CMakeFiles/data_sync__rosidl_typesupport_fastrtps_c__pyext.dir/rosidl_generator_py/data_sync/_data_sync_s.ep.rosidl_typesupport_fastrtps_c.c.o[0m
[4.484s] [ 90%] [32mBuilding C object CMakeFiles/data_sync__rosidl_typesupport_c__pyext.dir/rosidl_generator_py/data_sync/_data_sync_s.ep.rosidl_typesupport_c.c.o[0m
[4.619s] [ 93%] [32m[1mLinking C shared library rosidl_generator_py/data_sync/data_sync_s__rosidl_typesupport_c.cpython-310-x86_64-linux-gnu.so[0m
[4.623s] [100%] [32m[1mLinking C shared library rosidl_generator_py/data_sync/data_sync_s__rosidl_typesupport_fastrtps_c.cpython-310-x86_64-linux-gnu.so[0m
[4.623s] [100%] [32m[1mLinking C shared library rosidl_generator_py/data_sync/data_sync_s__rosidl_typesupport_introspection_c.cpython-310-x86_64-linux-gnu.so[0m
[4.669s] [100%] Built target data_sync__rosidl_typesupport_c__pyext
[4.670s] [100%] Built target data_sync__rosidl_typesupport_introspection_c__pyext
[4.670s] [100%] Built target data_sync__rosidl_typesupport_fastrtps_c__pyext
[4.685s] Invoked command in '/home/vedant/gaitlab_ws/build/data_sync' returned '0': CMAKE_PREFIX_PATH=/opt/ros/humble /usr/bin/cmake --build /home/vedant/gaitlab_ws/build/data_sync -- -j4 -l4
[4.759s] Invoking command in '/home/vedant/gaitlab_ws/build/data_sync': CMAKE_PREFIX_PATH=/opt/ros/humble /usr/bin/cmake --install /home/vedant/gaitlab_ws/build/data_sync
[4.769s] -- Install configuration: ""
[4.769s] -- Installing: /home/vedant/gaitlab_ws/install/data_sync/share/ament_index/resource_index/rosidl_interfaces/data_sync
[4.769s] -- Up-to-date: /home/vedant/gaitlab_ws/install/data_sync/include/data_sync/data_sync
[4.769s] -- Up-to-date: /home/vedant/gaitlab_ws/install/data_sync/include/data_sync/data_sync/srv
[4.770s] -- Installing: /home/vedant/gaitlab_ws/install/data_sync/include/data_sync/data_sync/srv/trigger.h
[4.770s] -- Up-to-date: /home/vedant/gaitlab_ws/install/data_sync/include/data_sync/data_sync/srv/detail
[4.770s] -- Installing: /home/vedant/gaitlab_ws/install/data_sync/include/data_sync/data_sync/srv/detail/trigger__struct.h
[4.770s] -- Installing: /home/vedant/gaitlab_ws/install/data_sync/include/data_sync/data_sync/srv/detail/trigger__functions.h
[4.770s] -- Up-to-date: /home/vedant/gaitlab_ws/install/data_sync/include/data_sync/data_sync/srv/detail/start_stop_data_collection__functions.h
[4.770s] -- Up-to-date: /home/vedant/gaitlab_ws/install/data_sync/include/data_sync/data_sync/srv/detail/start_stop_data_collection__struct.h
[4.770s] -- Up-to-date: /home/vedant/gaitlab_ws/install/data_sync/include/data_sync/data_sync/srv/detail/start_stop_data_collection__type_support.h
[4.771s] -- Installing: /home/vedant/gaitlab_ws/install/data_sync/include/data_sync/data_sync/srv/detail/trigger__functions.c
[4.771s] -- Installing: /home/vedant/gaitlab_ws/install/data_sync/include/data_sync/data_sync/srv/detail/trigger__type_support.h
[4.771s] -- Up-to-date: /home/vedant/gaitlab_ws/install/data_sync/include/data_sync/data_sync/srv/detail/start_stop_data_collection__functions.c
[4.771s] -- Up-to-date: /home/vedant/gaitlab_ws/install/data_sync/include/data_sync/data_sync/srv/start_stop_data_collection.h
[4.771s] -- Up-to-date: /home/vedant/gaitlab_ws/install/data_sync/include/data_sync/data_sync/msg
[4.771s] -- Up-to-date: /home/vedant/gaitlab_ws/install/data_sync/include/data_sync/data_sync/msg/rosidl_generator_c__visibility_control.h
[4.771s] -- Up-to-date: /home/vedant/gaitlab_ws/install/data_sync/share/data_sync/environment/library_path.sh
[4.771s] -- Installing: /home/vedant/gaitlab_ws/install/data_sync/share/data_sync/environment/library_path.dsv
[4.771s] -- Installing: /home/vedant/gaitlab_ws/install/data_sync/lib/libdata_sync__rosidl_generator_c.so
[4.771s] -- Set runtime path of "/home/vedant/gaitlab_ws/install/data_sync/lib/libdata_sync__rosidl_generator_c.so" to ""
[4.772s] -- Up-to-date: /home/vedant/gaitlab_ws/install/data_sync/include/data_sync/data_sync
[4.772s] -- Up-to-date: /home/vedant/gaitlab_ws/install/data_sync/include/data_sync/data_sync/srv
[4.772s] -- Up-to-date: /home/vedant/gaitlab_ws/install/data_sync/include/data_sync/data_sync/srv/detail
[4.772s] -- Up-to-date: /home/vedant/gaitlab_ws/install/data_sync/include/data_sync/data_sync/srv/detail/start_stop_data_collection__rosidl_typesupport_fastrtps_c.h
[4.772s] -- Installing: /home/vedant/gaitlab_ws/install/data_sync/include/data_sync/data_sync/srv/detail/trigger__rosidl_typesupport_fastrtps_c.h
[4.772s] -- Up-to-date: /home/vedant/gaitlab_ws/install/data_sync/include/data_sync/data_sync/msg
[4.772s] -- Up-to-date: /home/vedant/gaitlab_ws/install/data_sync/include/data_sync/data_sync/msg/rosidl_typesupport_fastrtps_c__visibility_control.h
[4.772s] -- Installing: /home/vedant/gaitlab_ws/install/data_sync/lib/libdata_sync__rosidl_typesupport_fastrtps_c.so
[4.772s] -- Set runtime path of "/home/vedant/gaitlab_ws/install/data_sync/lib/libdata_sync__rosidl_typesupport_fastrtps_c.so" to ""
[4.772s] -- Up-to-date: /home/vedant/gaitlab_ws/install/data_sync/include/data_sync/data_sync
[4.773s] -- Up-to-date: /home/vedant/gaitlab_ws/install/data_sync/include/data_sync/data_sync/srv
[4.773s] -- Up-to-date: /home/vedant/gaitlab_ws/install/data_sync/include/data_sync/data_sync/srv/detail
[4.773s] -- Installing: /home/vedant/gaitlab_ws/install/data_sync/include/data_sync/data_sync/srv/detail/trigger__type_support.c
[4.773s] -- Up-to-date: /home/vedant/gaitlab_ws/install/data_sync/include/data_sync/data_sync/srv/detail/start_stop_data_collection__rosidl_typesupport_introspection_c.h
[4.773s] -- Up-to-date: /home/vedant/gaitlab_ws/install/data_sync/include/data_sync/data_sync/srv/detail/start_stop_data_collection__type_support.c
[4.773s] -- Installing: /home/vedant/gaitlab_ws/install/data_sync/include/data_sync/data_sync/srv/detail/trigger__rosidl_typesupport_introspection_c.h
[4.773s] -- Up-to-date: /home/vedant/gaitlab_ws/install/data_sync/include/data_sync/data_sync/msg
[4.774s] -- Up-to-date: /home/vedant/gaitlab_ws/install/data_sync/include/data_sync/data_sync/msg/rosidl_typesupport_introspection_c__visibility_control.h
[4.774s] -- Installing: /home/vedant/gaitlab_ws/install/data_sync/lib/libdata_sync__rosidl_typesupport_introspection_c.so
[4.774s] -- Set runtime path of "/home/vedant/gaitlab_ws/install/data_sync/lib/libdata_sync__rosidl_typesupport_introspection_c.so" to ""
[4.774s] -- Installing: /home/vedant/gaitlab_ws/install/data_sync/lib/libdata_sync__rosidl_typesupport_c.so
[4.774s] -- Set runtime path of "/home/vedant/gaitlab_ws/install/data_sync/lib/libdata_sync__rosidl_typesupport_c.so" to ""
[4.774s] -- Up-to-date: /home/vedant/gaitlab_ws/install/data_sync/include/data_sync/data_sync
[4.775s] -- Up-to-date: /home/vedant/gaitlab_ws/install/data_sync/include/data_sync/data_sync/srv
[4.775s] -- Installing: /home/vedant/gaitlab_ws/install/data_sync/include/data_sync/data_sync/srv/trigger.hpp
[4.775s] -- Up-to-date: /home/vedant/gaitlab_ws/install/data_sync/include/data_sync/data_sync/srv/detail
[4.775s] -- Up-to-date: /home/vedant/gaitlab_ws/install/data_sync/include/data_sync/data_sync/srv/detail/start_stop_data_collection__struct.hpp
[4.775s] -- Up-to-date: /home/vedant/gaitlab_ws/install/data_sync/include/data_sync/data_sync/srv/detail/start_stop_data_collection__builder.hpp
[4.775s] -- Installing: /home/vedant/gaitlab_ws/install/data_sync/include/data_sync/data_sync/srv/detail/trigger__struct.hpp
[4.775s] -- Installing: /home/vedant/gaitlab_ws/install/data_sync/include/data_sync/data_sync/srv/detail/trigger__traits.hpp
[4.775s] -- Installing: /home/vedant/gaitlab_ws/install/data_sync/include/data_sync/data_sync/srv/detail/trigger__builder.hpp
[4.776s] -- Up-to-date: /home/vedant/gaitlab_ws/install/data_sync/include/data_sync/data_sync/srv/detail/start_stop_data_collection__traits.hpp
[4.776s] -- Up-to-date: /home/vedant/gaitlab_ws/install/data_sync/include/data_sync/data_sync/srv/start_stop_data_collection.hpp
[4.776s] -- Up-to-date: /home/vedant/gaitlab_ws/install/data_sync/include/data_sync/data_sync
[4.776s] -- Up-to-date: /home/vedant/gaitlab_ws/install/data_sync/include/data_sync/data_sync/srv
[4.776s] -- Up-to-date: /home/vedant/gaitlab_ws/install/data_sync/include/data_sync/data_sync/srv/detail
[4.776s] -- Installing: /home/vedant/gaitlab_ws/install/data_sync/include/data_sync/data_sync/srv/detail/trigger__rosidl_typesupport_fastrtps_cpp.hpp
[4.776s] -- Up-to-date: /home/vedant/gaitlab_ws/install/data_sync/include/data_sync/data_sync/srv/detail/start_stop_data_collection__rosidl_typesupport_fastrtps_cpp.hpp
[4.776s] -- Up-to-date: /home/vedant/gaitlab_ws/install/data_sync/include/data_sync/data_sync/srv/detail/dds_fastrtps
[4.776s] -- Up-to-date: /home/vedant/gaitlab_ws/install/data_sync/include/data_sync/data_sync/msg
[4.776s] -- Up-to-date: /home/vedant/gaitlab_ws/install/data_sync/include/data_sync/data_sync/msg/rosidl_typesupport_fastrtps_cpp__visibility_control.h
[4.777s] -- Installing: /home/vedant/gaitlab_ws/install/data_sync/lib/libdata_sync__rosidl_typesupport_fastrtps_cpp.so
[4.777s] -- Set runtime path of "/home/vedant/gaitlab_ws/install/data_sync/lib/libdata_sync__rosidl_typesupport_fastrtps_cpp.so" to ""
[4.777s] -- Up-to-date: /home/vedant/gaitlab_ws/install/data_sync/include/data_sync/data_sync
[4.777s] -- Up-to-date: /home/vedant/gaitlab_ws/install/data_sync/include/data_sync/data_sync/srv
[4.777s] -- Up-to-date: /home/vedant/gaitlab_ws/install/data_sync/include/data_sync/data_sync/srv/detail
[4.777s] -- Installing: /home/vedant/gaitlab_ws/install/data_sync/include/data_sync/data_sync/srv/detail/trigger__type_support.cpp
[4.777s] -- Up-to-date: /home/vedant/gaitlab_ws/install/data_sync/include/data_sync/data_sync/srv/detail/start_stop_data_collection__rosidl_typesupport_introspection_cpp.hpp
[4.777s] -- Up-to-date: /home/vedant/gaitlab_ws/install/data_sync/include/data_sync/data_sync/srv/detail/start_stop_data_collection__type_support.cpp
[4.778s] -- Installing: /home/vedant/gaitlab_ws/install/data_sync/include/data_sync/data_sync/srv/detail/trigger__rosidl_typesupport_introspection_cpp.hpp
[4.778s] -- Installing: /home/vedant/gaitlab_ws/install/data_sync/lib/libdata_sync__rosidl_typesupport_introspection_cpp.so
[4.778s] -- Set runtime path of "/home/vedant/gaitlab_ws/install/data_sync/lib/libdata_sync__rosidl_typesupport_introspection_cpp.so" to ""
[4.778s] -- Installing: /home/vedant/gaitlab_ws/install/data_sync/lib/libdata_sync__rosidl_typesupport_cpp.so
[4.778s] -- Set runtime path of "/home/vedant/gaitlab_ws/install/data_sync/lib/libdata_sync__rosidl_typesupport_cpp.so" to ""
[4.778s] -- Up-to-date: /home/vedant/gaitlab_ws/install/data_sync/share/data_sync/environment/pythonpath.sh
[4.778s] -- Installing: /home/vedant/gaitlab_ws/install/data_sync/share/data_sync/environment/pythonpath.dsv
[4.778s] -- Up-to-date: /home/vedant/gaitlab_ws/install/data_sync/local/lib/python3.10/dist-packages/data_sync-0.0.0-py3.10.egg-info
[4.778s] -- Installing: /home/vedant/gaitlab_ws/install/data_sync/local/lib/python3.10/dist-packages/data_sync-0.0.0-py3.10.egg-info/top_level.txt
[4.779s] -- Installing: /home/vedant/gaitlab_ws/install/data_sync/local/lib/python3.10/dist-packages/data_sync-0.0.0-py3.10.egg-info/dependency_links.txt
[4.779s] -- Installing: /home/vedant/gaitlab_ws/install/data_sync/local/lib/python3.10/dist-packages/data_sync-0.0.0-py3.10.egg-info/SOURCES.txt
[4.779s] -- Installing: /home/vedant/gaitlab_ws/install/data_sync/local/lib/python3.10/dist-packages/data_sync-0.0.0-py3.10.egg-info/PKG-INFO
[4.779s] -- Up-to-date: /home/vedant/gaitlab_ws/install/data_sync/local/lib/python3.10/dist-packages/data_sync
[4.779s] -- Up-to-date: /home/vedant/gaitlab_ws/install/data_sync/local/lib/python3.10/dist-packages/data_sync/srv
[4.780s] -- Up-to-date: /home/vedant/gaitlab_ws/install/data_sync/local/lib/python3.10/dist-packages/data_sync/srv/_start_stop_data_collection_s.c
[4.780s] -- Installing: /home/vedant/gaitlab_ws/install/data_sync/local/lib/python3.10/dist-packages/data_sync/srv/__init__.py
[4.780s] -- Up-to-date: /home/vedant/gaitlab_ws/install/data_sync/local/lib/python3.10/dist-packages/data_sync/srv/_start_stop_data_collection.py
[4.780s] -- Installing: /home/vedant/gaitlab_ws/install/data_sync/local/lib/python3.10/dist-packages/data_sync/srv/_trigger.py
[4.780s] -- Installing: /home/vedant/gaitlab_ws/install/data_sync/local/lib/python3.10/dist-packages/data_sync/srv/_trigger_s.c
[4.780s] -- Installing: /home/vedant/gaitlab_ws/install/data_sync/local/lib/python3.10/dist-packages/data_sync/data_sync_s__rosidl_typesupport_introspection_c.cpython-310-x86_64-linux-gnu.so
[4.780s] -- Installing: /home/vedant/gaitlab_ws/install/data_sync/local/lib/python3.10/dist-packages/data_sync/__init__.py
[4.781s] -- Installing: /home/vedant/gaitlab_ws/install/data_sync/local/lib/python3.10/dist-packages/data_sync/data_sync_s__rosidl_typesupport_fastrtps_c.cpython-310-x86_64-linux-gnu.so
[4.781s] -- Installing: /home/vedant/gaitlab_ws/install/data_sync/local/lib/python3.10/dist-packages/data_sync/libdata_sync__rosidl_generator_py.so
[4.781s] -- Installing: /home/vedant/gaitlab_ws/install/data_sync/local/lib/python3.10/dist-packages/data_sync/_data_sync_s.ep.rosidl_typesupport_fastrtps_c.c
[4.781s] -- Installing: /home/vedant/gaitlab_ws/install/data_sync/local/lib/python3.10/dist-packages/data_sync/_data_sync_s.ep.rosidl_typesupport_c.c
[4.781s] -- Installing: /home/vedant/gaitlab_ws/install/data_sync/local/lib/python3.10/dist-packages/data_sync/data_sync_s__rosidl_typesupport_c.cpython-310-x86_64-linux-gnu.so
[4.781s] -- Installing: /home/vedant/gaitlab_ws/install/data_sync/local/lib/python3.10/dist-packages/data_sync/_data_sync_s.ep.rosidl_typesupport_introspection_c.c
[4.826s] Listing '/home/vedant/gaitlab_ws/install/data_sync/local/lib/python3.10/dist-packages/data_sync'...
[4.826s] Compiling '/home/vedant/gaitlab_ws/install/data_sync/local/lib/python3.10/dist-packages/data_sync/__init__.py'...
[4.826s] Listing '/home/vedant/gaitlab_ws/install/data_sync/local/lib/python3.10/dist-packages/data_sync/srv'...
[4.827s] Compiling '/home/vedant/gaitlab_ws/install/data_sync/local/lib/python3.10/dist-packages/data_sync/srv/__init__.py'...
[4.827s] Compiling '/home/vedant/gaitlab_ws/install/data_sync/local/lib/python3.10/dist-packages/data_sync/srv/_trigger.py'...
[4.832s] -- Installing: /home/vedant/gaitlab_ws/install/data_sync/local/lib/python3.10/dist-packages/data_sync/data_sync_s__rosidl_typesupport_fastrtps_c.cpython-310-x86_64-linux-gnu.so
[4.833s] -- Set runtime path of "/home/vedant/gaitlab_ws/install/data_sync/local/lib/python3.10/dist-packages/data_sync/data_sync_s__rosidl_typesupport_fastrtps_c.cpython-310-x86_64-linux-gnu.so" to ""
[4.833s] -- Installing: /home/vedant/gaitlab_ws/install/data_sync/local/lib/python3.10/dist-packages/data_sync/data_sync_s__rosidl_typesupport_introspection_c.cpython-310-x86_64-linux-gnu.so
[4.833s] -- Set runtime path of "/home/vedant/gaitlab_ws/install/data_sync/local/lib/python3.10/dist-packages/data_sync/data_sync_s__rosidl_typesupport_introspection_c.cpython-310-x86_64-linux-gnu.so" to ""
[4.833s] -- Installing: /home/vedant/gaitlab_ws/install/data_sync/local/lib/python3.10/dist-packages/data_sync/data_sync_s__rosidl_typesupport_c.cpython-310-x86_64-linux-gnu.so
[4.834s] -- Set runtime path of "/home/vedant/gaitlab_ws/install/data_sync/local/lib/python3.10/dist-packages/data_sync/data_sync_s__rosidl_typesupport_c.cpython-310-x86_64-linux-gnu.so" to ""
[4.834s] -- Installing: /home/vedant/gaitlab_ws/install/data_sync/lib/libdata_sync__rosidl_generator_py.so
[4.834s] -- Set runtime path of "/home/vedant/gaitlab_ws/install/data_sync/lib/libdata_sync__rosidl_generator_py.so" to ""
[4.835s] -- Installing: /home/vedant/gaitlab_ws/install/data_sync/share/data_sync/srv/Trigger.idl
[4.835s] -- Installing: /home/vedant/gaitlab_ws/install/data_sync/share/data_sync/srv/Trigger.srv
[4.835s] -- Installing: /home/vedant/gaitlab_ws/install/data_sync/share/data_sync/srv/Trigger_Request.msg
[4.835s] -- Installing: /home/vedant/gaitlab_ws/install/data_sync/share/data_sync/srv/Trigger_Response.msg
[4.835s] -- Up-to-date: /home/vedant/gaitlab_ws/install/data_sync/share/ament_index/resource_index/package_run_dependencies/data_sync
[4.835s] -- Up-to-date: /home/vedant/gaitlab_ws/install/data_sync/share/ament_index/resource_index/parent_prefix_path/data_sync
[4.835s] -- Up-to-date: /home/vedant/gaitlab_ws/install/data_sync/share/data_sync/environment/ament_prefix_path.sh
[4.836s] -- Installing: /home/vedant/gaitlab_ws/install/data_sync/share/data_sync/environment/ament_prefix_path.dsv
[4.836s] -- Up-to-date: /home/vedant/gaitlab_ws/install/data_sync/share/data_sync/environment/path.sh
[4.836s] -- Installing: /home/vedant/gaitlab_ws/install/data_sync/share/data_sync/environment/path.dsv
[4.836s] -- Up-to-date: /home/vedant/gaitlab_ws/install/data_sync/share/data_sync/local_setup.bash
[4.836s] -- Up-to-date: /home/vedant/gaitlab_ws/install/data_sync/share/data_sync/local_setup.sh
[4.836s] -- Up-to-date: /home/vedant/gaitlab_ws/install/data_sync/share/data_sync/local_setup.zsh
[4.837s] -- Installing: /home/vedant/gaitlab_ws/install/data_sync/share/data_sync/local_setup.dsv
[4.837s] -- Installing: /home/vedant/gaitlab_ws/install/data_sync/share/data_sync/package.dsv
[4.837s] -- Up-to-date: /home/vedant/gaitlab_ws/install/data_sync/share/ament_index/resource_index/packages/data_sync
[4.837s] -- Up-to-date: /home/vedant/gaitlab_ws/install/data_sync/share/data_sync/cmake/export_data_sync__rosidl_generator_cExport.cmake
[4.837s] -- Up-to-date: /home/vedant/gaitlab_ws/install/data_sync/share/data_sync/cmake/export_data_sync__rosidl_generator_cExport-noconfig.cmake
[4.837s] -- Up-to-date: /home/vedant/gaitlab_ws/install/data_sync/share/data_sync/cmake/export_data_sync__rosidl_typesupport_fastrtps_cExport.cmake
[4.838s] -- Up-to-date: /home/vedant/gaitlab_ws/install/data_sync/share/data_sync/cmake/export_data_sync__rosidl_typesupport_fastrtps_cExport-noconfig.cmake
[4.838s] -- Up-to-date: /home/vedant/gaitlab_ws/install/data_sync/share/data_sync/cmake/data_sync__rosidl_typesupport_introspection_cExport.cmake
[4.838s] -- Up-to-date: /home/vedant/gaitlab_ws/install/data_sync/share/data_sync/cmake/data_sync__rosidl_typesupport_introspection_cExport-noconfig.cmake
[4.838s] -- Up-to-date: /home/vedant/gaitlab_ws/install/data_sync/share/data_sync/cmake/data_sync__rosidl_typesupport_cExport.cmake
[4.838s] -- Up-to-date: /home/vedant/gaitlab_ws/install/data_sync/share/data_sync/cmake/data_sync__rosidl_typesupport_cExport-noconfig.cmake
[4.838s] -- Up-to-date: /home/vedant/gaitlab_ws/install/data_sync/share/data_sync/cmake/export_data_sync__rosidl_generator_cppExport.cmake
[4.838s] -- Up-to-date: /home/vedant/gaitlab_ws/install/data_sync/share/data_sync/cmake/export_data_sync__rosidl_typesupport_fastrtps_cppExport.cmake
[4.838s] -- Up-to-date: /home/vedant/gaitlab_ws/install/data_sync/share/data_sync/cmake/export_data_sync__rosidl_typesupport_fastrtps_cppExport-noconfig.cmake
[4.839s] -- Up-to-date: /home/vedant/gaitlab_ws/install/data_sync/share/data_sync/cmake/data_sync__rosidl_typesupport_introspection_cppExport.cmake
[4.839s] -- Up-to-date: /home/vedant/gaitlab_ws/install/data_sync/share/data_sync/cmake/data_sync__rosidl_typesupport_introspection_cppExport-noconfig.cmake
[4.839s] -- Up-to-date: /home/vedant/gaitlab_ws/install/data_sync/share/data_sync/cmake/data_sync__rosidl_typesupport_cppExport.cmake
[4.839s] -- Up-to-date: /home/vedant/gaitlab_ws/install/data_sync/share/data_sync/cmake/data_sync__rosidl_typesupport_cppExport-noconfig.cmake
[4.839s] -- Up-to-date: /home/vedant/gaitlab_ws/install/data_sync/share/data_sync/cmake/export_data_sync__rosidl_generator_pyExport.cmake
[4.839s] -- Up-to-date: /home/vedant/gaitlab_ws/install/data_sync/share/data_sync/cmake/export_data_sync__rosidl_generator_pyExport-noconfig.cmake
[4.839s] -- Installing: /home/vedant/gaitlab_ws/install/data_sync/share/data_sync/cmake/rosidl_cmake-extras.cmake
[4.839s] -- Up-to-date: /home/vedant/gaitlab_ws/install/data_sync/share/data_sync/cmake/ament_cmake_export_include_directories-extras.cmake
[4.839s] -- Up-to-date: /home/vedant/gaitlab_ws/install/data_sync/share/data_sync/cmake/ament_cmake_export_libraries-extras.cmake
[4.840s] -- Installing: /home/vedant/gaitlab_ws/install/data_sync/share/data_sync/cmake/ament_cmake_export_targets-extras.cmake
[4.840s] -- Installing: /home/vedant/gaitlab_ws/install/data_sync/share/data_sync/cmake/rosidl_cmake_export_typesupport_targets-extras.cmake
[4.840s] -- Installing: /home/vedant/gaitlab_ws/install/data_sync/share/data_sync/cmake/ament_cmake_export_dependencies-extras.cmake
[4.840s] -- Up-to-date: /home/vedant/gaitlab_ws/install/data_sync/share/data_sync/cmake/rosidl_cmake_export_typesupport_libraries-extras.cmake
[4.840s] -- Up-to-date: /home/vedant/gaitlab_ws/install/data_sync/share/data_sync/cmake/data_syncConfig.cmake
[4.840s] -- Up-to-date: /home/vedant/gaitlab_ws/install/data_sync/share/data_sync/cmake/data_syncConfig-version.cmake
[4.840s] -- Installing: /home/vedant/gaitlab_ws/install/data_sync/share/data_sync/package.xml
[4.843s] Invoked command in '/home/vedant/gaitlab_ws/build/data_sync' returned '0': CMAKE_PREFIX_PATH=/opt/ros/humble /usr/bin/cmake --install /home/vedant/gaitlab_ws/build/data_sync
