[0.461s] DEBUG:colcon:Command line arguments: ['/usr/bin/colcon', 'build', '--packages-select', 'controller', 'robot_launch']
[0.461s] DEBUG:colcon:Parsed command line arguments: Namespace(log_base=None, log_level=None, verb_name='build', build_base='build', install_base='install', merge_install=False, symlink_install=False, test_result_base=None, continue_on_error=False, executor='parallel', parallel_workers=4, event_handlers=None, ignore_user_meta=False, metas=['./colcon.meta'], base_paths=['.'], packages_ignore=None, packages_ignore_regex=None, paths=None, packages_up_to=None, packages_up_to_regex=None, packages_above=None, packages_above_and_dependencies=None, packages_above_depth=None, packages_select_by_dep=None, packages_skip_by_dep=None, packages_skip_up_to=None, packages_select_build_failed=False, packages_skip_build_finished=False, packages_select_test_failures=False, packages_skip_test_passed=False, packages_select=['controller', 'robot_launch'], packages_skip=None, packages_select_regex=None, packages_skip_regex=None, packages_start=None, packages_end=None, allow_overriding=[], cmake_args=None, cmake_target=None, cmake_target_skip_unavailable=False, cmake_clean_cache=False, cmake_clean_first=False, cmake_force_configure=False, ament_cmake_args=None, catkin_cmake_args=None, catkin_skip_building_tests=False, mixin_files=None, mixin=None, verb_parser=<colcon_mixin.mixin.mixin_argument.MixinArgumentDecorator object at 0xffff7f34cd30>, verb_extension=<colcon_core.verb.build.BuildVerb object at 0xffff7f4e5c30>, main=<bound method BuildVerb.main of <colcon_core.verb.build.BuildVerb object at 0xffff7f4e5c30>>, mixin_verb=('build',))
[1.254s] Level 1:colcon.colcon_core.package_discovery:discover_packages(colcon_meta) check parameters
[1.254s] Level 1:colcon.colcon_core.package_discovery:discover_packages(recursive) check parameters
[1.255s] Level 1:colcon.colcon_core.package_discovery:discover_packages(ignore) check parameters
[1.255s] Level 1:colcon.colcon_core.package_discovery:discover_packages(path) check parameters
[1.255s] Level 1:colcon.colcon_core.package_discovery:discover_packages(colcon_meta) discover
[1.255s] Level 1:colcon.colcon_core.package_discovery:discover_packages(recursive) discover
[1.255s] INFO:colcon.colcon_core.package_discovery:Crawling recursively for packages in '/home/vedant/OdriveCANControl'
[1.256s] Level 1:colcon.colcon_core.package_identification:_identify(.) by extensions ['ignore', 'ignore_ament_install']
[1.256s] Level 1:colcon.colcon_core.package_identification:_identify(.) by extension 'ignore'
[1.256s] Level 1:colcon.colcon_core.package_identification:_identify(.) by extension 'ignore_ament_install'
[1.257s] Level 1:colcon.colcon_core.package_identification:_identify(.) by extensions ['colcon_pkg']
[1.257s] Level 1:colcon.colcon_core.package_identification:_identify(.) by extension 'colcon_pkg'
[1.257s] Level 1:colcon.colcon_core.package_identification:_identify(.) by extensions ['colcon_meta']
[1.257s] Level 1:colcon.colcon_core.package_identification:_identify(.) by extension 'colcon_meta'
[1.257s] Level 1:colcon.colcon_core.package_identification:_identify(.) by extensions ['ros']
[1.257s] Level 1:colcon.colcon_core.package_identification:_identify(.) by extension 'ros'
[1.305s] Level 1:colcon.colcon_core.package_identification:_identify(.) by extensions ['cmake', 'python']
[1.305s] Level 1:colcon.colcon_core.package_identification:_identify(.) by extension 'cmake'
[1.321s] Level 1:colcon.colcon_core.package_identification:_identify(.) by extension 'python'
[1.322s] Level 1:colcon.colcon_core.package_identification:_identify(.) by extensions ['python_setup_py']
[1.322s] Level 1:colcon.colcon_core.package_identification:_identify(.) by extension 'python_setup_py'
[1.323s] Level 1:colcon.colcon_core.package_identification:_identify(build) by extensions ['ignore', 'ignore_ament_install']
[1.324s] Level 1:colcon.colcon_core.package_identification:_identify(build) by extension 'ignore'
[1.324s] Level 1:colcon.colcon_core.package_identification:_identify(build) ignored
[1.325s] Level 1:colcon.colcon_core.package_identification:_identify(install) by extensions ['ignore', 'ignore_ament_install']
[1.326s] Level 1:colcon.colcon_core.package_identification:_identify(install) by extension 'ignore'
[1.326s] Level 1:colcon.colcon_core.package_identification:_identify(install) ignored
[1.327s] Level 1:colcon.colcon_core.package_identification:_identify(log) by extensions ['ignore', 'ignore_ament_install']
[1.328s] Level 1:colcon.colcon_core.package_identification:_identify(log) by extension 'ignore'
[1.328s] Level 1:colcon.colcon_core.package_identification:_identify(log) ignored
[1.329s] Level 1:colcon.colcon_core.package_identification:_identify(src) by extensions ['ignore', 'ignore_ament_install']
[1.330s] Level 1:colcon.colcon_core.package_identification:_identify(src) by extension 'ignore'
[1.330s] Level 1:colcon.colcon_core.package_identification:_identify(src) by extension 'ignore_ament_install'
[1.331s] Level 1:colcon.colcon_core.package_identification:_identify(src) by extensions ['colcon_pkg']
[1.331s] Level 1:colcon.colcon_core.package_identification:_identify(src) by extension 'colcon_pkg'
[1.332s] Level 1:colcon.colcon_core.package_identification:_identify(src) by extensions ['colcon_meta']
[1.332s] Level 1:colcon.colcon_core.package_identification:_identify(src) by extension 'colcon_meta'
[1.332s] Level 1:colcon.colcon_core.package_identification:_identify(src) by extensions ['ros']
[1.333s] Level 1:colcon.colcon_core.package_identification:_identify(src) by extension 'ros'
[1.333s] Level 1:colcon.colcon_core.package_identification:_identify(src) by extensions ['cmake', 'python']
[1.334s] Level 1:colcon.colcon_core.package_identification:_identify(src) by extension 'cmake'
[1.334s] Level 1:colcon.colcon_core.package_identification:_identify(src) by extension 'python'
[1.334s] Level 1:colcon.colcon_core.package_identification:_identify(src) by extensions ['python_setup_py']
[1.335s] Level 1:colcon.colcon_core.package_identification:_identify(src) by extension 'python_setup_py'
[1.336s] Level 1:colcon.colcon_core.package_identification:_identify(src/controller) by extensions ['ignore', 'ignore_ament_install']
[1.336s] Level 1:colcon.colcon_core.package_identification:_identify(src/controller) by extension 'ignore'
[1.336s] Level 1:colcon.colcon_core.package_identification:_identify(src/controller) by extension 'ignore_ament_install'
[1.337s] Level 1:colcon.colcon_core.package_identification:_identify(src/controller) by extensions ['colcon_pkg']
[1.337s] Level 1:colcon.colcon_core.package_identification:_identify(src/controller) by extension 'colcon_pkg'
[1.337s] Level 1:colcon.colcon_core.package_identification:_identify(src/controller) by extensions ['colcon_meta']
[1.338s] Level 1:colcon.colcon_core.package_identification:_identify(src/controller) by extension 'colcon_meta'
[1.338s] Level 1:colcon.colcon_core.package_identification:_identify(src/controller) by extensions ['ros']
[1.338s] Level 1:colcon.colcon_core.package_identification:_identify(src/controller) by extension 'ros'
[1.348s] DEBUG:colcon.colcon_core.package_identification:Package 'src/controller' with type 'ros.ament_python' and name 'controller'
[1.349s] Level 1:colcon.colcon_core.package_identification:_identify(src/custom_msgs) by extensions ['ignore', 'ignore_ament_install']
[1.349s] Level 1:colcon.colcon_core.package_identification:_identify(src/custom_msgs) by extension 'ignore'
[1.350s] Level 1:colcon.colcon_core.package_identification:_identify(src/custom_msgs) by extension 'ignore_ament_install'
[1.350s] Level 1:colcon.colcon_core.package_identification:_identify(src/custom_msgs) by extensions ['colcon_pkg']
[1.350s] Level 1:colcon.colcon_core.package_identification:_identify(src/custom_msgs) by extension 'colcon_pkg'
[1.350s] Level 1:colcon.colcon_core.package_identification:_identify(src/custom_msgs) by extensions ['colcon_meta']
[1.350s] Level 1:colcon.colcon_core.package_identification:_identify(src/custom_msgs) by extension 'colcon_meta'
[1.351s] Level 1:colcon.colcon_core.package_identification:_identify(src/custom_msgs) by extensions ['ros']
[1.351s] Level 1:colcon.colcon_core.package_identification:_identify(src/custom_msgs) by extension 'ros'
[1.353s] DEBUG:colcon.colcon_core.package_identification:Package 'src/custom_msgs' with type 'ros.ament_cmake' and name 'custom_msgs'
[1.354s] Level 1:colcon.colcon_core.package_identification:_identify(src/data_logging) by extensions ['ignore', 'ignore_ament_install']
[1.354s] Level 1:colcon.colcon_core.package_identification:_identify(src/data_logging) by extension 'ignore'
[1.355s] Level 1:colcon.colcon_core.package_identification:_identify(src/data_logging) by extension 'ignore_ament_install'
[1.355s] Level 1:colcon.colcon_core.package_identification:_identify(src/data_logging) by extensions ['colcon_pkg']
[1.355s] Level 1:colcon.colcon_core.package_identification:_identify(src/data_logging) by extension 'colcon_pkg'
[1.355s] Level 1:colcon.colcon_core.package_identification:_identify(src/data_logging) by extensions ['colcon_meta']
[1.355s] Level 1:colcon.colcon_core.package_identification:_identify(src/data_logging) by extension 'colcon_meta'
[1.355s] Level 1:colcon.colcon_core.package_identification:_identify(src/data_logging) by extensions ['ros']
[1.356s] Level 1:colcon.colcon_core.package_identification:_identify(src/data_logging) by extension 'ros'
[1.358s] DEBUG:colcon.colcon_core.package_identification:Package 'src/data_logging' with type 'ros.ament_python' and name 'data_logging'
[1.358s] Level 1:colcon.colcon_core.package_identification:_identify(src/encoder) by extensions ['ignore', 'ignore_ament_install']
[1.359s] Level 1:colcon.colcon_core.package_identification:_identify(src/encoder) by extension 'ignore'
[1.359s] Level 1:colcon.colcon_core.package_identification:_identify(src/encoder) by extension 'ignore_ament_install'
[1.359s] Level 1:colcon.colcon_core.package_identification:_identify(src/encoder) by extensions ['colcon_pkg']
[1.359s] Level 1:colcon.colcon_core.package_identification:_identify(src/encoder) by extension 'colcon_pkg'
[1.359s] Level 1:colcon.colcon_core.package_identification:_identify(src/encoder) by extensions ['colcon_meta']
[1.360s] Level 1:colcon.colcon_core.package_identification:_identify(src/encoder) by extension 'colcon_meta'
[1.360s] Level 1:colcon.colcon_core.package_identification:_identify(src/encoder) by extensions ['ros']
[1.360s] Level 1:colcon.colcon_core.package_identification:_identify(src/encoder) by extension 'ros'
[1.363s] DEBUG:colcon.colcon_core.package_identification:Package 'src/encoder' with type 'ros.ament_python' and name 'encoder'
[1.363s] Level 1:colcon.colcon_core.package_identification:_identify(src/odrive_control_py) by extensions ['ignore', 'ignore_ament_install']
[1.364s] Level 1:colcon.colcon_core.package_identification:_identify(src/odrive_control_py) by extension 'ignore'
[1.364s] Level 1:colcon.colcon_core.package_identification:_identify(src/odrive_control_py) by extension 'ignore_ament_install'
[1.364s] Level 1:colcon.colcon_core.package_identification:_identify(src/odrive_control_py) by extensions ['colcon_pkg']
[1.364s] Level 1:colcon.colcon_core.package_identification:_identify(src/odrive_control_py) by extension 'colcon_pkg'
[1.365s] Level 1:colcon.colcon_core.package_identification:_identify(src/odrive_control_py) by extensions ['colcon_meta']
[1.365s] Level 1:colcon.colcon_core.package_identification:_identify(src/odrive_control_py) by extension 'colcon_meta'
[1.365s] Level 1:colcon.colcon_core.package_identification:_identify(src/odrive_control_py) by extensions ['ros']
[1.365s] Level 1:colcon.colcon_core.package_identification:_identify(src/odrive_control_py) by extension 'ros'
[1.368s] DEBUG:colcon.colcon_core.package_identification:Package 'src/odrive_control_py' with type 'ros.ament_python' and name 'odrive_control_py'
[1.369s] Level 1:colcon.colcon_core.package_identification:_identify(src/robot_launch) by extensions ['ignore', 'ignore_ament_install']
[1.369s] Level 1:colcon.colcon_core.package_identification:_identify(src/robot_launch) by extension 'ignore'
[1.369s] Level 1:colcon.colcon_core.package_identification:_identify(src/robot_launch) by extension 'ignore_ament_install'
[1.370s] Level 1:colcon.colcon_core.package_identification:_identify(src/robot_launch) by extensions ['colcon_pkg']
[1.370s] Level 1:colcon.colcon_core.package_identification:_identify(src/robot_launch) by extension 'colcon_pkg'
[1.370s] Level 1:colcon.colcon_core.package_identification:_identify(src/robot_launch) by extensions ['colcon_meta']
[1.370s] Level 1:colcon.colcon_core.package_identification:_identify(src/robot_launch) by extension 'colcon_meta'
[1.370s] Level 1:colcon.colcon_core.package_identification:_identify(src/robot_launch) by extensions ['ros']
[1.370s] Level 1:colcon.colcon_core.package_identification:_identify(src/robot_launch) by extension 'ros'
[1.373s] DEBUG:colcon.colcon_core.package_identification:Package 'src/robot_launch' with type 'ros.ament_cmake' and name 'robot_launch'
[1.374s] Level 1:colcon.colcon_core.package_discovery:discover_packages(recursive) using defaults
[1.374s] Level 1:colcon.colcon_core.package_discovery:discover_packages(ignore) discover
[1.374s] Level 1:colcon.colcon_core.package_discovery:discover_packages(ignore) using defaults
[1.374s] Level 1:colcon.colcon_core.package_discovery:discover_packages(path) discover
[1.374s] Level 1:colcon.colcon_core.package_discovery:discover_packages(path) using defaults
[1.455s] INFO:colcon.colcon_core.package_selection:Skipping not selected package 'custom_msgs' in 'src/custom_msgs'
[1.455s] INFO:colcon.colcon_core.package_selection:Skipping not selected package 'data_logging' in 'src/data_logging'
[1.455s] INFO:colcon.colcon_core.package_selection:Skipping not selected package 'encoder' in 'src/encoder'
[1.455s] INFO:colcon.colcon_core.package_selection:Skipping not selected package 'odrive_control_py' in 'src/odrive_control_py'
[1.457s] Level 1:colcon.colcon_core.package_discovery:discover_packages(prefix_path) check parameters
[1.457s] Level 1:colcon.colcon_core.package_discovery:discover_packages(prefix_path) discover
[1.467s] DEBUG:colcon.colcon_installed_package_information.package_discovery:Found 6 installed packages in /home/vedant/OdriveCANControl/install
[1.474s] DEBUG:colcon.colcon_installed_package_information.package_discovery:Found 189 installed packages in /opt/ros/humble
[1.482s] Level 1:colcon.colcon_core.package_discovery:discover_packages(prefix_path) using defaults
[1.634s] Level 5:colcon.colcon_core.verb:set package 'controller' build argument 'cmake_args' from command line to 'None'
[1.635s] Level 5:colcon.colcon_core.verb:set package 'controller' build argument 'cmake_target' from command line to 'None'
[1.635s] Level 5:colcon.colcon_core.verb:set package 'controller' build argument 'cmake_target_skip_unavailable' from command line to 'False'
[1.635s] Level 5:colcon.colcon_core.verb:set package 'controller' build argument 'cmake_clean_cache' from command line to 'False'
[1.635s] Level 5:colcon.colcon_core.verb:set package 'controller' build argument 'cmake_clean_first' from command line to 'False'
[1.635s] Level 5:colcon.colcon_core.verb:set package 'controller' build argument 'cmake_force_configure' from command line to 'False'
[1.635s] Level 5:colcon.colcon_core.verb:set package 'controller' build argument 'ament_cmake_args' from command line to 'None'
[1.635s] Level 5:colcon.colcon_core.verb:set package 'controller' build argument 'catkin_cmake_args' from command line to 'None'
[1.635s] Level 5:colcon.colcon_core.verb:set package 'controller' build argument 'catkin_skip_building_tests' from command line to 'False'
[1.635s] DEBUG:colcon.colcon_core.verb:Building package 'controller' with the following arguments: {'ament_cmake_args': None, 'build_base': '/home/vedant/OdriveCANControl/build/controller', 'catkin_cmake_args': None, 'catkin_skip_building_tests': False, 'cmake_args': None, 'cmake_clean_cache': False, 'cmake_clean_first': False, 'cmake_force_configure': False, 'cmake_target': None, 'cmake_target_skip_unavailable': False, 'install_base': '/home/vedant/OdriveCANControl/install/controller', 'merge_install': False, 'path': '/home/vedant/OdriveCANControl/src/controller', 'symlink_install': False, 'test_result_base': None}
[1.637s] Level 5:colcon.colcon_core.verb:set package 'robot_launch' build argument 'cmake_args' from command line to 'None'
[1.637s] Level 5:colcon.colcon_core.verb:set package 'robot_launch' build argument 'cmake_target' from command line to 'None'
[1.637s] Level 5:colcon.colcon_core.verb:set package 'robot_launch' build argument 'cmake_target_skip_unavailable' from command line to 'False'
[1.637s] Level 5:colcon.colcon_core.verb:set package 'robot_launch' build argument 'cmake_clean_cache' from command line to 'False'
[1.638s] Level 5:colcon.colcon_core.verb:set package 'robot_launch' build argument 'cmake_clean_first' from command line to 'False'
[1.638s] Level 5:colcon.colcon_core.verb:set package 'robot_launch' build argument 'cmake_force_configure' from command line to 'False'
[1.638s] Level 5:colcon.colcon_core.verb:set package 'robot_launch' build argument 'ament_cmake_args' from command line to 'None'
[1.638s] Level 5:colcon.colcon_core.verb:set package 'robot_launch' build argument 'catkin_cmake_args' from command line to 'None'
[1.638s] Level 5:colcon.colcon_core.verb:set package 'robot_launch' build argument 'catkin_skip_building_tests' from command line to 'False'
[1.638s] DEBUG:colcon.colcon_core.verb:Building package 'robot_launch' with the following arguments: {'ament_cmake_args': None, 'build_base': '/home/vedant/OdriveCANControl/build/robot_launch', 'catkin_cmake_args': None, 'catkin_skip_building_tests': False, 'cmake_args': None, 'cmake_clean_cache': False, 'cmake_clean_first': False, 'cmake_force_configure': False, 'cmake_target': None, 'cmake_target_skip_unavailable': False, 'install_base': '/home/vedant/OdriveCANControl/install/robot_launch', 'merge_install': False, 'path': '/home/vedant/OdriveCANControl/src/robot_launch', 'symlink_install': False, 'test_result_base': None}
[1.639s] INFO:colcon.colcon_core.executor:Executing jobs using 'parallel' executor
[1.642s] DEBUG:colcon.colcon_parallel_executor.executor.parallel:run_until_complete
[1.643s] INFO:colcon.colcon_ros.task.ament_python.build:Building ROS package in '/home/vedant/OdriveCANControl/src/controller' with build type 'ament_python'
[1.644s] Level 1:colcon.colcon_core.shell:create_environment_hook('controller', 'ament_prefix_path')
[1.653s] INFO:colcon.colcon_core.plugin_system:Skipping extension 'colcon_core.shell.bat': Not used on non-Windows systems
[1.654s] INFO:colcon.colcon_core.shell:Creating environment hook '/home/vedant/OdriveCANControl/install/controller/share/controller/hook/ament_prefix_path.ps1'
[1.658s] INFO:colcon.colcon_core.shell:Creating environment descriptor '/home/vedant/OdriveCANControl/install/controller/share/controller/hook/ament_prefix_path.dsv'
[1.660s] INFO:colcon.colcon_core.shell:Creating environment hook '/home/vedant/OdriveCANControl/install/controller/share/controller/hook/ament_prefix_path.sh'
[1.664s] INFO:colcon.colcon_core.shell:Skip shell extension 'powershell' for command environment: Not usable outside of PowerShell
[1.664s] DEBUG:colcon.colcon_core.shell:Skip shell extension 'dsv' for command environment
[2.912s] INFO:colcon.colcon_core.task.python.build:Building Python package in '/home/vedant/OdriveCANControl/src/controller'
[2.913s] INFO:colcon.colcon_core.shell:Skip shell extension 'powershell' for command environment: Not usable outside of PowerShell
[2.913s] DEBUG:colcon.colcon_core.shell:Skip shell extension 'dsv' for command environment
[4.435s] DEBUG:colcon.colcon_core.event_handler.log_command:Invoking command in '/home/vedant/OdriveCANControl/src/controller': CMAKE_PREFIX_PATH=/home/vedant/OdriveCANControl/install/custom_msgs:/home/vedant/OdriveCANControl/install/robot_launch PYTHONPATH=/home/vedant/OdriveCANControl/build/controller/prefix_override:/usr/lib/python3/dist-packages/colcon_core/task/python/colcon_distutils_commands:/home/vedant/OdriveCANControl/install/controller/lib/python3.10/site-packages:${PYTHONPATH} /usr/bin/python3 -W ignore:setup.py install is deprecated -W ignore:easy_install command is deprecated setup.py egg_info --egg-base ../../build/controller build --build-base /home/vedant/OdriveCANControl/build/controller/build install --record /home/vedant/OdriveCANControl/build/controller/install.log --single-version-externally-managed install_data
[5.786s] DEBUG:colcon.colcon_core.event_handler.log_command:Invoked command in '/home/vedant/OdriveCANControl/src/controller' returned '0': CMAKE_PREFIX_PATH=/home/vedant/OdriveCANControl/install/custom_msgs:/home/vedant/OdriveCANControl/install/robot_launch PYTHONPATH=/home/vedant/OdriveCANControl/build/controller/prefix_override:/usr/lib/python3/dist-packages/colcon_core/task/python/colcon_distutils_commands:/home/vedant/OdriveCANControl/install/controller/lib/python3.10/site-packages:${PYTHONPATH} /usr/bin/python3 -W ignore:setup.py install is deprecated -W ignore:easy_install command is deprecated setup.py egg_info --egg-base ../../build/controller build --build-base /home/vedant/OdriveCANControl/build/controller/build install --record /home/vedant/OdriveCANControl/build/controller/install.log --single-version-externally-managed install_data
[5.799s] Level 1:colcon.colcon_core.environment:checking '/home/vedant/OdriveCANControl/install/controller' for CMake module files
[5.802s] Level 1:colcon.colcon_core.environment:checking '/home/vedant/OdriveCANControl/install/controller' for CMake config files
[5.806s] Level 1:colcon.colcon_core.environment:checking '/home/vedant/OdriveCANControl/install/controller/lib'
[5.807s] Level 1:colcon.colcon_core.environment:checking '/home/vedant/OdriveCANControl/install/controller/bin'
[5.807s] Level 1:colcon.colcon_core.environment:checking '/home/vedant/OdriveCANControl/install/controller/lib/pkgconfig/controller.pc'
[5.808s] Level 1:colcon.colcon_core.environment:checking '/home/vedant/OdriveCANControl/install/controller/lib/python3.10/site-packages'
[5.808s] Level 1:colcon.colcon_core.shell:create_environment_hook('controller', 'pythonpath')
[5.809s] INFO:colcon.colcon_core.shell:Creating environment hook '/home/vedant/OdriveCANControl/install/controller/share/controller/hook/pythonpath.ps1'
[5.812s] INFO:colcon.colcon_core.shell:Creating environment descriptor '/home/vedant/OdriveCANControl/install/controller/share/controller/hook/pythonpath.dsv'
[5.814s] INFO:colcon.colcon_core.shell:Creating environment hook '/home/vedant/OdriveCANControl/install/controller/share/controller/hook/pythonpath.sh'
[5.816s] Level 1:colcon.colcon_core.environment:checking '/home/vedant/OdriveCANControl/install/controller/bin'
[5.817s] Level 1:colcon.colcon_core.environment:create_environment_scripts_only(controller)
[5.818s] INFO:colcon.colcon_core.shell:Creating package script '/home/vedant/OdriveCANControl/install/controller/share/controller/package.ps1'
[5.822s] INFO:colcon.colcon_core.shell:Creating package descriptor '/home/vedant/OdriveCANControl/install/controller/share/controller/package.dsv'
[5.824s] INFO:colcon.colcon_core.shell:Creating package script '/home/vedant/OdriveCANControl/install/controller/share/controller/package.sh'
[5.828s] INFO:colcon.colcon_core.shell:Creating package script '/home/vedant/OdriveCANControl/install/controller/share/controller/package.bash'
[5.831s] INFO:colcon.colcon_core.shell:Creating package script '/home/vedant/OdriveCANControl/install/controller/share/controller/package.zsh'
[5.834s] Level 1:colcon.colcon_core.environment:create_file_with_runtime_dependencies(/home/vedant/OdriveCANControl/install/controller/share/colcon-core/packages/controller)
[5.836s] INFO:colcon.colcon_ros.task.ament_cmake.build:Building ROS package in '/home/vedant/OdriveCANControl/src/robot_launch' with build type 'ament_cmake'
[5.837s] INFO:colcon.colcon_cmake.task.cmake.build:Building CMake package in '/home/vedant/OdriveCANControl/src/robot_launch'
[5.838s] INFO:colcon.colcon_core.shell:Skip shell extension 'powershell' for command environment: Not usable outside of PowerShell
[5.838s] DEBUG:colcon.colcon_core.shell:Skip shell extension 'dsv' for command environment
[5.903s] DEBUG:colcon.colcon_core.event_handler.log_command:Invoking command in '/home/vedant/OdriveCANControl/build/robot_launch': AMENT_PREFIX_PATH=/home/vedant/OdriveCANControl/install/controller:/home/vedant/OdriveCANControl/install/encoder:/home/vedant/OdriveCANControl/install/robot_launch:/home/vedant/OdriveCANControl/install/odrive_control_py:/home/vedant/OdriveCANControl/install/data_logging:/home/vedant/OdriveCANControl/install/custom_msgs:/opt/ros/humble CMAKE_PREFIX_PATH=/home/vedant/OdriveCANControl/install/custom_msgs:/home/vedant/OdriveCANControl/install/robot_launch:/home/vedant/OdriveCANControl/install/odrive_control_py:/home/vedant/OdriveCANControl/install/encoder:/home/vedant/OdriveCANControl/install/data_logging:/home/vedant/OdriveCANControl/install/controller:/opt/ros/humble PYTHONPATH=/home/vedant/OdriveCANControl/install/controller/lib/python3.10/site-packages:/home/vedant/OdriveCANControl/install/encoder/lib/python3.10/site-packages:/home/vedant/OdriveCANControl/install/odrive_control_py/lib/python3.10/site-packages:/home/vedant/OdriveCANControl/install/data_logging/lib/python3.10/site-packages:/home/vedant/OdriveCANControl/install/custom_msgs/local/lib/python3.10/dist-packages:/opt/ros/humble/lib/python3.10/site-packages:/opt/ros/humble/local/lib/python3.10/dist-packages /usr/bin/cmake --build /home/vedant/OdriveCANControl/build/robot_launch -- -j4 -l4
[6.049s] DEBUG:colcon.colcon_core.event_handler.log_command:Invoked command in '/home/vedant/OdriveCANControl/build/robot_launch' returned '0': AMENT_PREFIX_PATH=/home/vedant/OdriveCANControl/install/controller:/home/vedant/OdriveCANControl/install/encoder:/home/vedant/OdriveCANControl/install/robot_launch:/home/vedant/OdriveCANControl/install/odrive_control_py:/home/vedant/OdriveCANControl/install/data_logging:/home/vedant/OdriveCANControl/install/custom_msgs:/opt/ros/humble CMAKE_PREFIX_PATH=/home/vedant/OdriveCANControl/install/custom_msgs:/home/vedant/OdriveCANControl/install/robot_launch:/home/vedant/OdriveCANControl/install/odrive_control_py:/home/vedant/OdriveCANControl/install/encoder:/home/vedant/OdriveCANControl/install/data_logging:/home/vedant/OdriveCANControl/install/controller:/opt/ros/humble PYTHONPATH=/home/vedant/OdriveCANControl/install/controller/lib/python3.10/site-packages:/home/vedant/OdriveCANControl/install/encoder/lib/python3.10/site-packages:/home/vedant/OdriveCANControl/install/odrive_control_py/lib/python3.10/site-packages:/home/vedant/OdriveCANControl/install/data_logging/lib/python3.10/site-packages:/home/vedant/OdriveCANControl/install/custom_msgs/local/lib/python3.10/dist-packages:/opt/ros/humble/lib/python3.10/site-packages:/opt/ros/humble/local/lib/python3.10/dist-packages /usr/bin/cmake --build /home/vedant/OdriveCANControl/build/robot_launch -- -j4 -l4
[6.093s] DEBUG:colcon.colcon_core.event_handler.log_command:Invoking command in '/home/vedant/OdriveCANControl/build/robot_launch': AMENT_PREFIX_PATH=/home/vedant/OdriveCANControl/install/controller:/home/vedant/OdriveCANControl/install/encoder:/home/vedant/OdriveCANControl/install/robot_launch:/home/vedant/OdriveCANControl/install/odrive_control_py:/home/vedant/OdriveCANControl/install/data_logging:/home/vedant/OdriveCANControl/install/custom_msgs:/opt/ros/humble CMAKE_PREFIX_PATH=/home/vedant/OdriveCANControl/install/custom_msgs:/home/vedant/OdriveCANControl/install/robot_launch:/home/vedant/OdriveCANControl/install/odrive_control_py:/home/vedant/OdriveCANControl/install/encoder:/home/vedant/OdriveCANControl/install/data_logging:/home/vedant/OdriveCANControl/install/controller:/opt/ros/humble PYTHONPATH=/home/vedant/OdriveCANControl/install/controller/lib/python3.10/site-packages:/home/vedant/OdriveCANControl/install/encoder/lib/python3.10/site-packages:/home/vedant/OdriveCANControl/install/odrive_control_py/lib/python3.10/site-packages:/home/vedant/OdriveCANControl/install/data_logging/lib/python3.10/site-packages:/home/vedant/OdriveCANControl/install/custom_msgs/local/lib/python3.10/dist-packages:/opt/ros/humble/lib/python3.10/site-packages:/opt/ros/humble/local/lib/python3.10/dist-packages /usr/bin/cmake --install /home/vedant/OdriveCANControl/build/robot_launch
[6.134s] Level 1:colcon.colcon_core.environment:create_environment_scripts_only(robot_launch)
[6.136s] Level 1:colcon.colcon_core.environment:checking '/home/vedant/OdriveCANControl/install/robot_launch' for CMake module files
[6.137s] DEBUG:colcon.colcon_core.event_handler.log_command:Invoked command in '/home/vedant/OdriveCANControl/build/robot_launch' returned '0': AMENT_PREFIX_PATH=/home/vedant/OdriveCANControl/install/controller:/home/vedant/OdriveCANControl/install/encoder:/home/vedant/OdriveCANControl/install/robot_launch:/home/vedant/OdriveCANControl/install/odrive_control_py:/home/vedant/OdriveCANControl/install/data_logging:/home/vedant/OdriveCANControl/install/custom_msgs:/opt/ros/humble CMAKE_PREFIX_PATH=/home/vedant/OdriveCANControl/install/custom_msgs:/home/vedant/OdriveCANControl/install/robot_launch:/home/vedant/OdriveCANControl/install/odrive_control_py:/home/vedant/OdriveCANControl/install/encoder:/home/vedant/OdriveCANControl/install/data_logging:/home/vedant/OdriveCANControl/install/controller:/opt/ros/humble PYTHONPATH=/home/vedant/OdriveCANControl/install/controller/lib/python3.10/site-packages:/home/vedant/OdriveCANControl/install/encoder/lib/python3.10/site-packages:/home/vedant/OdriveCANControl/install/odrive_control_py/lib/python3.10/site-packages:/home/vedant/OdriveCANControl/install/data_logging/lib/python3.10/site-packages:/home/vedant/OdriveCANControl/install/custom_msgs/local/lib/python3.10/dist-packages:/opt/ros/humble/lib/python3.10/site-packages:/opt/ros/humble/local/lib/python3.10/dist-packages /usr/bin/cmake --install /home/vedant/OdriveCANControl/build/robot_launch
[6.140s] Level 1:colcon.colcon_core.environment:checking '/home/vedant/OdriveCANControl/install/robot_launch' for CMake config files
[6.141s] Level 1:colcon.colcon_core.shell:create_environment_hook('robot_launch', 'cmake_prefix_path')
[6.142s] INFO:colcon.colcon_core.shell:Creating environment hook '/home/vedant/OdriveCANControl/install/robot_launch/share/robot_launch/hook/cmake_prefix_path.ps1'
[6.145s] INFO:colcon.colcon_core.shell:Creating environment descriptor '/home/vedant/OdriveCANControl/install/robot_launch/share/robot_launch/hook/cmake_prefix_path.dsv'
[6.147s] INFO:colcon.colcon_core.shell:Creating environment hook '/home/vedant/OdriveCANControl/install/robot_launch/share/robot_launch/hook/cmake_prefix_path.sh'
[6.150s] Level 1:colcon.colcon_core.environment:checking '/home/vedant/OdriveCANControl/install/robot_launch/bin'
[6.151s] Level 1:colcon.colcon_core.environment:checking '/home/vedant/OdriveCANControl/install/robot_launch/lib/pkgconfig/robot_launch.pc'
[6.152s] Level 1:colcon.colcon_core.environment:checking '/home/vedant/OdriveCANControl/install/robot_launch/lib/python3.10/site-packages'
[6.153s] Level 1:colcon.colcon_core.environment:checking '/home/vedant/OdriveCANControl/install/robot_launch/bin'
[6.154s] INFO:colcon.colcon_core.shell:Creating package script '/home/vedant/OdriveCANControl/install/robot_launch/share/robot_launch/package.ps1'
[6.156s] INFO:colcon.colcon_core.shell:Creating package descriptor '/home/vedant/OdriveCANControl/install/robot_launch/share/robot_launch/package.dsv'
[6.158s] INFO:colcon.colcon_core.shell:Creating package script '/home/vedant/OdriveCANControl/install/robot_launch/share/robot_launch/package.sh'
[6.160s] INFO:colcon.colcon_core.shell:Creating package script '/home/vedant/OdriveCANControl/install/robot_launch/share/robot_launch/package.bash'
[6.162s] INFO:colcon.colcon_core.shell:Creating package script '/home/vedant/OdriveCANControl/install/robot_launch/share/robot_launch/package.zsh'
[6.165s] Level 1:colcon.colcon_core.environment:create_file_with_runtime_dependencies(/home/vedant/OdriveCANControl/install/robot_launch/share/colcon-core/packages/robot_launch)
[6.168s] Level 1:colcon.colcon_core.environment:create_environment_scripts_only(robot_launch)
[6.169s] Level 1:colcon.colcon_core.environment:checking '/home/vedant/OdriveCANControl/install/robot_launch' for CMake module files
[6.172s] Level 1:colcon.colcon_core.environment:checking '/home/vedant/OdriveCANControl/install/robot_launch' for CMake config files
[6.173s] Level 1:colcon.colcon_core.shell:create_environment_hook('robot_launch', 'cmake_prefix_path')
[6.174s] INFO:colcon.colcon_core.shell:Creating environment hook '/home/vedant/OdriveCANControl/install/robot_launch/share/robot_launch/hook/cmake_prefix_path.ps1'
[6.176s] INFO:colcon.colcon_core.shell:Creating environment descriptor '/home/vedant/OdriveCANControl/install/robot_launch/share/robot_launch/hook/cmake_prefix_path.dsv'
[6.179s] INFO:colcon.colcon_core.shell:Creating environment hook '/home/vedant/OdriveCANControl/install/robot_launch/share/robot_launch/hook/cmake_prefix_path.sh'
[6.182s] Level 1:colcon.colcon_core.environment:checking '/home/vedant/OdriveCANControl/install/robot_launch/bin'
[6.183s] Level 1:colcon.colcon_core.environment:checking '/home/vedant/OdriveCANControl/install/robot_launch/lib/pkgconfig/robot_launch.pc'
[6.184s] Level 1:colcon.colcon_core.environment:checking '/home/vedant/OdriveCANControl/install/robot_launch/lib/python3.10/site-packages'
[6.185s] Level 1:colcon.colcon_core.environment:checking '/home/vedant/OdriveCANControl/install/robot_launch/bin'
[6.186s] INFO:colcon.colcon_core.shell:Creating package script '/home/vedant/OdriveCANControl/install/robot_launch/share/robot_launch/package.ps1'
[6.188s] INFO:colcon.colcon_core.shell:Creating package descriptor '/home/vedant/OdriveCANControl/install/robot_launch/share/robot_launch/package.dsv'
[6.191s] INFO:colcon.colcon_core.shell:Creating package script '/home/vedant/OdriveCANControl/install/robot_launch/share/robot_launch/package.sh'
[6.193s] INFO:colcon.colcon_core.shell:Creating package script '/home/vedant/OdriveCANControl/install/robot_launch/share/robot_launch/package.bash'
[6.196s] INFO:colcon.colcon_core.shell:Creating package script '/home/vedant/OdriveCANControl/install/robot_launch/share/robot_launch/package.zsh'
[6.198s] Level 1:colcon.colcon_core.environment:create_file_with_runtime_dependencies(/home/vedant/OdriveCANControl/install/robot_launch/share/colcon-core/packages/robot_launch)
[6.199s] DEBUG:colcon.colcon_parallel_executor.executor.parallel:closing loop
[6.200s] DEBUG:colcon.colcon_parallel_executor.executor.parallel:loop closed
[6.201s] DEBUG:colcon.colcon_parallel_executor.executor.parallel:run_until_complete finished with '0'
[6.201s] DEBUG:colcon.colcon_core.event_reactor:joining thread
[6.223s] INFO:colcon.colcon_core.plugin_system:Skipping extension 'colcon_notification.desktop_notification.terminal_notifier': Not used on non-Darwin systems
[6.224s] INFO:colcon.colcon_core.plugin_system:Skipping extension 'colcon_notification.desktop_notification.win32': Not used on non-Windows systems
[6.224s] INFO:colcon.colcon_notification.desktop_notification:Sending desktop notification using 'notify2'
[6.263s] DEBUG:colcon.colcon_core.event_reactor:joined thread
[6.265s] INFO:colcon.colcon_core.shell:Creating prefix script '/home/vedant/OdriveCANControl/install/local_setup.ps1'
[6.269s] INFO:colcon.colcon_core.shell:Creating prefix util module '/home/vedant/OdriveCANControl/install/_local_setup_util_ps1.py'
[6.277s] INFO:colcon.colcon_core.shell:Creating prefix chain script '/home/vedant/OdriveCANControl/install/setup.ps1'
[6.283s] INFO:colcon.colcon_core.shell:Creating prefix script '/home/vedant/OdriveCANControl/install/local_setup.sh'
[6.285s] INFO:colcon.colcon_core.shell:Creating prefix util module '/home/vedant/OdriveCANControl/install/_local_setup_util_sh.py'
[6.288s] INFO:colcon.colcon_core.shell:Creating prefix chain script '/home/vedant/OdriveCANControl/install/setup.sh'
[6.295s] INFO:colcon.colcon_core.shell:Creating prefix script '/home/vedant/OdriveCANControl/install/local_setup.bash'
[6.297s] INFO:colcon.colcon_core.shell:Creating prefix chain script '/home/vedant/OdriveCANControl/install/setup.bash'
[6.330s] INFO:colcon.colcon_core.shell:Creating prefix script '/home/vedant/OdriveCANControl/install/local_setup.zsh'
[6.333s] INFO:colcon.colcon_core.shell:Creating prefix chain script '/home/vedant/OdriveCANControl/install/setup.zsh'
