[0.228s] DEBUG:colcon:Command line arguments: ['/usr/bin/colcon', 'build', '--packages-select', 'odrive_can']
[0.229s] DEBUG:colcon:Parsed command line arguments: Namespace(log_base=None, log_level=None, verb_name='build', build_base='build', install_base='install', merge_install=False, symlink_install=False, test_result_base=None, continue_on_error=False, executor='parallel', parallel_workers=4, event_handlers=None, ignore_user_meta=False, metas=['./colcon.meta'], base_paths=['.'], packages_ignore=None, packages_ignore_regex=None, paths=None, packages_up_to=None, packages_up_to_regex=None, packages_above=None, packages_above_and_dependencies=None, packages_above_depth=None, packages_select_by_dep=None, packages_skip_by_dep=None, packages_skip_up_to=None, packages_select_build_failed=False, packages_skip_build_finished=False, packages_select_test_failures=False, packages_skip_test_passed=False, packages_select=['odrive_can'], packages_skip=None, packages_select_regex=None, packages_skip_regex=None, packages_start=None, packages_end=None, allow_overriding=[], cmake_args=None, cmake_target=None, cmake_target_skip_unavailable=False, cmake_clean_cache=False, cmake_clean_first=False, cmake_force_configure=False, ament_cmake_args=None, catkin_cmake_args=None, catkin_skip_building_tests=False, verb_parser=<colcon_defaults.argument_parser.defaults.DefaultArgumentsDecorator object at 0x7c052781c610>, verb_extension=<colcon_core.verb.build.BuildVerb object at 0x7c05279b5db0>, main=<bound method BuildVerb.main of <colcon_core.verb.build.BuildVerb object at 0x7c05279b5db0>>)
[0.621s] Level 1:colcon.colcon_core.package_discovery:discover_packages(colcon_meta) check parameters
[0.621s] Level 1:colcon.colcon_core.package_discovery:discover_packages(recursive) check parameters
[0.623s] Level 1:colcon.colcon_core.package_discovery:discover_packages(ignore) check parameters
[0.623s] Level 1:colcon.colcon_core.package_discovery:discover_packages(path) check parameters
[0.623s] Level 1:colcon.colcon_core.package_discovery:discover_packages(colcon_meta) discover
[0.623s] Level 1:colcon.colcon_core.package_discovery:discover_packages(recursive) discover
[0.623s] INFO:colcon.colcon_core.package_discovery:Crawling recursively for packages in '/home/vedant/gaitlab_ws'
[0.623s] Level 1:colcon.colcon_core.package_identification:_identify(.) by extensions ['ignore', 'ignore_ament_install']
[0.623s] Level 1:colcon.colcon_core.package_identification:_identify(.) by extension 'ignore'
[0.623s] Level 1:colcon.colcon_core.package_identification:_identify(.) by extension 'ignore_ament_install'
[0.623s] Level 1:colcon.colcon_core.package_identification:_identify(.) by extensions ['colcon_pkg']
[0.623s] Level 1:colcon.colcon_core.package_identification:_identify(.) by extension 'colcon_pkg'
[0.623s] Level 1:colcon.colcon_core.package_identification:_identify(.) by extensions ['colcon_meta']
[0.623s] Level 1:colcon.colcon_core.package_identification:_identify(.) by extension 'colcon_meta'
[0.623s] Level 1:colcon.colcon_core.package_identification:_identify(.) by extensions ['ros']
[0.623s] Level 1:colcon.colcon_core.package_identification:_identify(.) by extension 'ros'
[0.640s] Level 1:colcon.colcon_core.package_identification:_identify(.) by extensions ['cmake', 'python']
[0.640s] Level 1:colcon.colcon_core.package_identification:_identify(.) by extension 'cmake'
[0.640s] Level 1:colcon.colcon_core.package_identification:_identify(.) by extension 'python'
[0.640s] Level 1:colcon.colcon_core.package_identification:_identify(.) by extensions ['python_setup_py']
[0.640s] Level 1:colcon.colcon_core.package_identification:_identify(.) by extension 'python_setup_py'
[0.640s] Level 1:colcon.colcon_core.package_identification:_identify(build) by extensions ['ignore', 'ignore_ament_install']
[0.641s] Level 1:colcon.colcon_core.package_identification:_identify(build) by extension 'ignore'
[0.641s] Level 1:colcon.colcon_core.package_identification:_identify(build) ignored
[0.641s] Level 1:colcon.colcon_core.package_identification:_identify(install) by extensions ['ignore', 'ignore_ament_install']
[0.641s] Level 1:colcon.colcon_core.package_identification:_identify(install) by extension 'ignore'
[0.641s] Level 1:colcon.colcon_core.package_identification:_identify(install) ignored
[0.641s] Level 1:colcon.colcon_core.package_identification:_identify(log) by extensions ['ignore', 'ignore_ament_install']
[0.641s] Level 1:colcon.colcon_core.package_identification:_identify(log) by extension 'ignore'
[0.641s] Level 1:colcon.colcon_core.package_identification:_identify(log) ignored
[0.641s] Level 1:colcon.colcon_core.package_identification:_identify(src) by extensions ['ignore', 'ignore_ament_install']
[0.642s] Level 1:colcon.colcon_core.package_identification:_identify(src) by extension 'ignore'
[0.642s] Level 1:colcon.colcon_core.package_identification:_identify(src) by extension 'ignore_ament_install'
[0.642s] Level 1:colcon.colcon_core.package_identification:_identify(src) by extensions ['colcon_pkg']
[0.642s] Level 1:colcon.colcon_core.package_identification:_identify(src) by extension 'colcon_pkg'
[0.642s] Level 1:colcon.colcon_core.package_identification:_identify(src) by extensions ['colcon_meta']
[0.642s] Level 1:colcon.colcon_core.package_identification:_identify(src) by extension 'colcon_meta'
[0.642s] Level 1:colcon.colcon_core.package_identification:_identify(src) by extensions ['ros']
[0.642s] Level 1:colcon.colcon_core.package_identification:_identify(src) by extension 'ros'
[0.642s] Level 1:colcon.colcon_core.package_identification:_identify(src) by extensions ['cmake', 'python']
[0.642s] Level 1:colcon.colcon_core.package_identification:_identify(src) by extension 'cmake'
[0.642s] Level 1:colcon.colcon_core.package_identification:_identify(src) by extension 'python'
[0.642s] Level 1:colcon.colcon_core.package_identification:_identify(src) by extensions ['python_setup_py']
[0.642s] Level 1:colcon.colcon_core.package_identification:_identify(src) by extension 'python_setup_py'
[0.642s] Level 1:colcon.colcon_core.package_identification:_identify(src/odrive_control) by extensions ['ignore', 'ignore_ament_install']
[0.643s] Level 1:colcon.colcon_core.package_identification:_identify(src/odrive_control) by extension 'ignore'
[0.643s] Level 1:colcon.colcon_core.package_identification:_identify(src/odrive_control) by extension 'ignore_ament_install'
[0.643s] Level 1:colcon.colcon_core.package_identification:_identify(src/odrive_control) by extensions ['colcon_pkg']
[0.643s] Level 1:colcon.colcon_core.package_identification:_identify(src/odrive_control) by extension 'colcon_pkg'
[0.643s] Level 1:colcon.colcon_core.package_identification:_identify(src/odrive_control) by extensions ['colcon_meta']
[0.643s] Level 1:colcon.colcon_core.package_identification:_identify(src/odrive_control) by extension 'colcon_meta'
[0.643s] Level 1:colcon.colcon_core.package_identification:_identify(src/odrive_control) by extensions ['ros']
[0.643s] Level 1:colcon.colcon_core.package_identification:_identify(src/odrive_control) by extension 'ros'
[0.650s] DEBUG:colcon.colcon_core.package_identification:Package 'src/odrive_control' with type 'ros.ament_cmake' and name 'odrive_control'
[0.650s] Level 1:colcon.colcon_core.package_identification:_identify(src/odrive_control_cpp) by extensions ['ignore', 'ignore_ament_install']
[0.650s] Level 1:colcon.colcon_core.package_identification:_identify(src/odrive_control_cpp) by extension 'ignore'
[0.651s] Level 1:colcon.colcon_core.package_identification:_identify(src/odrive_control_cpp) by extension 'ignore_ament_install'
[0.651s] Level 1:colcon.colcon_core.package_identification:_identify(src/odrive_control_cpp) by extensions ['colcon_pkg']
[0.651s] Level 1:colcon.colcon_core.package_identification:_identify(src/odrive_control_cpp) by extension 'colcon_pkg'
[0.651s] Level 1:colcon.colcon_core.package_identification:_identify(src/odrive_control_cpp) by extensions ['colcon_meta']
[0.651s] Level 1:colcon.colcon_core.package_identification:_identify(src/odrive_control_cpp) by extension 'colcon_meta'
[0.651s] Level 1:colcon.colcon_core.package_identification:_identify(src/odrive_control_cpp) by extensions ['ros']
[0.651s] Level 1:colcon.colcon_core.package_identification:_identify(src/odrive_control_cpp) by extension 'ros'
[0.652s] DEBUG:colcon.colcon_core.package_identification:Package 'src/odrive_control_cpp' with type 'ros.ament_cmake' and name 'odrive_control_cpp'
[0.652s] Level 1:colcon.colcon_core.package_identification:_identify(src/odrive_control_py) by extensions ['ignore', 'ignore_ament_install']
[0.652s] Level 1:colcon.colcon_core.package_identification:_identify(src/odrive_control_py) by extension 'ignore'
[0.652s] Level 1:colcon.colcon_core.package_identification:_identify(src/odrive_control_py) by extension 'ignore_ament_install'
[0.652s] Level 1:colcon.colcon_core.package_identification:_identify(src/odrive_control_py) by extensions ['colcon_pkg']
[0.652s] Level 1:colcon.colcon_core.package_identification:_identify(src/odrive_control_py) by extension 'colcon_pkg'
[0.652s] Level 1:colcon.colcon_core.package_identification:_identify(src/odrive_control_py) by extensions ['colcon_meta']
[0.652s] Level 1:colcon.colcon_core.package_identification:_identify(src/odrive_control_py) by extension 'colcon_meta'
[0.652s] Level 1:colcon.colcon_core.package_identification:_identify(src/odrive_control_py) by extensions ['ros']
[0.652s] Level 1:colcon.colcon_core.package_identification:_identify(src/odrive_control_py) by extension 'ros'
[0.653s] DEBUG:colcon.colcon_core.package_identification:Package 'src/odrive_control_py' with type 'ros.ament_python' and name 'odrive_control_py'
[0.653s] Level 1:colcon.colcon_core.package_identification:_identify(src/ros_odrive) by extensions ['ignore', 'ignore_ament_install']
[0.653s] Level 1:colcon.colcon_core.package_identification:_identify(src/ros_odrive) by extension 'ignore'
[0.653s] Level 1:colcon.colcon_core.package_identification:_identify(src/ros_odrive) by extension 'ignore_ament_install'
[0.654s] Level 1:colcon.colcon_core.package_identification:_identify(src/ros_odrive) by extensions ['colcon_pkg']
[0.654s] Level 1:colcon.colcon_core.package_identification:_identify(src/ros_odrive) by extension 'colcon_pkg'
[0.654s] Level 1:colcon.colcon_core.package_identification:_identify(src/ros_odrive) by extensions ['colcon_meta']
[0.654s] Level 1:colcon.colcon_core.package_identification:_identify(src/ros_odrive) by extension 'colcon_meta'
[0.654s] Level 1:colcon.colcon_core.package_identification:_identify(src/ros_odrive) by extensions ['ros']
[0.654s] Level 1:colcon.colcon_core.package_identification:_identify(src/ros_odrive) by extension 'ros'
[0.654s] Level 1:colcon.colcon_core.package_identification:_identify(src/ros_odrive) by extensions ['cmake', 'python']
[0.654s] Level 1:colcon.colcon_core.package_identification:_identify(src/ros_odrive) by extension 'cmake'
[0.654s] Level 1:colcon.colcon_core.package_identification:_identify(src/ros_odrive) by extension 'python'
[0.654s] Level 1:colcon.colcon_core.package_identification:_identify(src/ros_odrive) by extensions ['python_setup_py']
[0.654s] Level 1:colcon.colcon_core.package_identification:_identify(src/ros_odrive) by extension 'python_setup_py'
[0.654s] Level 1:colcon.colcon_core.package_identification:_identify(src/ros_odrive/odrive_base) by extensions ['ignore', 'ignore_ament_install']
[0.654s] Level 1:colcon.colcon_core.package_identification:_identify(src/ros_odrive/odrive_base) by extension 'ignore'
[0.654s] Level 1:colcon.colcon_core.package_identification:_identify(src/ros_odrive/odrive_base) by extension 'ignore_ament_install'
[0.654s] Level 1:colcon.colcon_core.package_identification:_identify(src/ros_odrive/odrive_base) by extensions ['colcon_pkg']
[0.654s] Level 1:colcon.colcon_core.package_identification:_identify(src/ros_odrive/odrive_base) by extension 'colcon_pkg'
[0.655s] Level 1:colcon.colcon_core.package_identification:_identify(src/ros_odrive/odrive_base) by extensions ['colcon_meta']
[0.655s] Level 1:colcon.colcon_core.package_identification:_identify(src/ros_odrive/odrive_base) by extension 'colcon_meta'
[0.655s] Level 1:colcon.colcon_core.package_identification:_identify(src/ros_odrive/odrive_base) by extensions ['ros']
[0.655s] Level 1:colcon.colcon_core.package_identification:_identify(src/ros_odrive/odrive_base) by extension 'ros'
[0.655s] Level 1:colcon.colcon_core.package_identification:_identify(src/ros_odrive/odrive_base) by extensions ['cmake', 'python']
[0.655s] Level 1:colcon.colcon_core.package_identification:_identify(src/ros_odrive/odrive_base) by extension 'cmake'
[0.655s] Level 1:colcon.colcon_core.package_identification:_identify(src/ros_odrive/odrive_base) by extension 'python'
[0.655s] Level 1:colcon.colcon_core.package_identification:_identify(src/ros_odrive/odrive_base) by extensions ['python_setup_py']
[0.655s] Level 1:colcon.colcon_core.package_identification:_identify(src/ros_odrive/odrive_base) by extension 'python_setup_py'
[0.655s] Level 1:colcon.colcon_core.package_identification:_identify(src/ros_odrive/odrive_base/include) by extensions ['ignore', 'ignore_ament_install']
[0.655s] Level 1:colcon.colcon_core.package_identification:_identify(src/ros_odrive/odrive_base/include) by extension 'ignore'
[0.655s] Level 1:colcon.colcon_core.package_identification:_identify(src/ros_odrive/odrive_base/include) by extension 'ignore_ament_install'
[0.655s] Level 1:colcon.colcon_core.package_identification:_identify(src/ros_odrive/odrive_base/include) by extensions ['colcon_pkg']
[0.655s] Level 1:colcon.colcon_core.package_identification:_identify(src/ros_odrive/odrive_base/include) by extension 'colcon_pkg'
[0.655s] Level 1:colcon.colcon_core.package_identification:_identify(src/ros_odrive/odrive_base/include) by extensions ['colcon_meta']
[0.655s] Level 1:colcon.colcon_core.package_identification:_identify(src/ros_odrive/odrive_base/include) by extension 'colcon_meta'
[0.656s] Level 1:colcon.colcon_core.package_identification:_identify(src/ros_odrive/odrive_base/include) by extensions ['ros']
[0.656s] Level 1:colcon.colcon_core.package_identification:_identify(src/ros_odrive/odrive_base/include) by extension 'ros'
[0.656s] Level 1:colcon.colcon_core.package_identification:_identify(src/ros_odrive/odrive_base/include) by extensions ['cmake', 'python']
[0.656s] Level 1:colcon.colcon_core.package_identification:_identify(src/ros_odrive/odrive_base/include) by extension 'cmake'
[0.656s] Level 1:colcon.colcon_core.package_identification:_identify(src/ros_odrive/odrive_base/include) by extension 'python'
[0.656s] Level 1:colcon.colcon_core.package_identification:_identify(src/ros_odrive/odrive_base/include) by extensions ['python_setup_py']
[0.656s] Level 1:colcon.colcon_core.package_identification:_identify(src/ros_odrive/odrive_base/include) by extension 'python_setup_py'
[0.656s] Level 1:colcon.colcon_core.package_identification:_identify(src/ros_odrive/odrive_base/src) by extensions ['ignore', 'ignore_ament_install']
[0.656s] Level 1:colcon.colcon_core.package_identification:_identify(src/ros_odrive/odrive_base/src) by extension 'ignore'
[0.656s] Level 1:colcon.colcon_core.package_identification:_identify(src/ros_odrive/odrive_base/src) by extension 'ignore_ament_install'
[0.656s] Level 1:colcon.colcon_core.package_identification:_identify(src/ros_odrive/odrive_base/src) by extensions ['colcon_pkg']
[0.656s] Level 1:colcon.colcon_core.package_identification:_identify(src/ros_odrive/odrive_base/src) by extension 'colcon_pkg'
[0.656s] Level 1:colcon.colcon_core.package_identification:_identify(src/ros_odrive/odrive_base/src) by extensions ['colcon_meta']
[0.656s] Level 1:colcon.colcon_core.package_identification:_identify(src/ros_odrive/odrive_base/src) by extension 'colcon_meta'
[0.656s] Level 1:colcon.colcon_core.package_identification:_identify(src/ros_odrive/odrive_base/src) by extensions ['ros']
[0.656s] Level 1:colcon.colcon_core.package_identification:_identify(src/ros_odrive/odrive_base/src) by extension 'ros'
[0.657s] Level 1:colcon.colcon_core.package_identification:_identify(src/ros_odrive/odrive_base/src) by extensions ['cmake', 'python']
[0.657s] Level 1:colcon.colcon_core.package_identification:_identify(src/ros_odrive/odrive_base/src) by extension 'cmake'
[0.657s] Level 1:colcon.colcon_core.package_identification:_identify(src/ros_odrive/odrive_base/src) by extension 'python'
[0.657s] Level 1:colcon.colcon_core.package_identification:_identify(src/ros_odrive/odrive_base/src) by extensions ['python_setup_py']
[0.657s] Level 1:colcon.colcon_core.package_identification:_identify(src/ros_odrive/odrive_base/src) by extension 'python_setup_py'
[0.657s] Level 1:colcon.colcon_core.package_identification:_identify(src/ros_odrive/odrive_botwheel_explorer) by extensions ['ignore', 'ignore_ament_install']
[0.657s] Level 1:colcon.colcon_core.package_identification:_identify(src/ros_odrive/odrive_botwheel_explorer) by extension 'ignore'
[0.657s] Level 1:colcon.colcon_core.package_identification:_identify(src/ros_odrive/odrive_botwheel_explorer) by extension 'ignore_ament_install'
[0.657s] Level 1:colcon.colcon_core.package_identification:_identify(src/ros_odrive/odrive_botwheel_explorer) by extensions ['colcon_pkg']
[0.657s] Level 1:colcon.colcon_core.package_identification:_identify(src/ros_odrive/odrive_botwheel_explorer) by extension 'colcon_pkg'
[0.657s] Level 1:colcon.colcon_core.package_identification:_identify(src/ros_odrive/odrive_botwheel_explorer) by extensions ['colcon_meta']
[0.657s] Level 1:colcon.colcon_core.package_identification:_identify(src/ros_odrive/odrive_botwheel_explorer) by extension 'colcon_meta'
[0.657s] Level 1:colcon.colcon_core.package_identification:_identify(src/ros_odrive/odrive_botwheel_explorer) by extensions ['ros']
[0.657s] Level 1:colcon.colcon_core.package_identification:_identify(src/ros_odrive/odrive_botwheel_explorer) by extension 'ros'
[0.659s] DEBUG:colcon.colcon_core.package_identification:Package 'src/ros_odrive/odrive_botwheel_explorer' with type 'ros.ament_cmake' and name 'odrive_botwheel_explorer'
[0.659s] Level 1:colcon.colcon_core.package_identification:_identify(src/ros_odrive/odrive_node) by extensions ['ignore', 'ignore_ament_install']
[0.659s] Level 1:colcon.colcon_core.package_identification:_identify(src/ros_odrive/odrive_node) by extension 'ignore'
[0.659s] Level 1:colcon.colcon_core.package_identification:_identify(src/ros_odrive/odrive_node) by extension 'ignore_ament_install'
[0.659s] Level 1:colcon.colcon_core.package_identification:_identify(src/ros_odrive/odrive_node) by extensions ['colcon_pkg']
[0.659s] Level 1:colcon.colcon_core.package_identification:_identify(src/ros_odrive/odrive_node) by extension 'colcon_pkg'
[0.659s] Level 1:colcon.colcon_core.package_identification:_identify(src/ros_odrive/odrive_node) by extensions ['colcon_meta']
[0.659s] Level 1:colcon.colcon_core.package_identification:_identify(src/ros_odrive/odrive_node) by extension 'colcon_meta'
[0.659s] Level 1:colcon.colcon_core.package_identification:_identify(src/ros_odrive/odrive_node) by extensions ['ros']
[0.659s] Level 1:colcon.colcon_core.package_identification:_identify(src/ros_odrive/odrive_node) by extension 'ros'
[0.661s] DEBUG:colcon.colcon_core.package_identification:Package 'src/ros_odrive/odrive_node' with type 'ros.ament_cmake' and name 'odrive_can'
[0.661s] Level 1:colcon.colcon_core.package_identification:_identify(src/ros_odrive/odrive_ros2_control) by extensions ['ignore', 'ignore_ament_install']
[0.661s] Level 1:colcon.colcon_core.package_identification:_identify(src/ros_odrive/odrive_ros2_control) by extension 'ignore'
[0.661s] Level 1:colcon.colcon_core.package_identification:_identify(src/ros_odrive/odrive_ros2_control) by extension 'ignore_ament_install'
[0.661s] Level 1:colcon.colcon_core.package_identification:_identify(src/ros_odrive/odrive_ros2_control) by extensions ['colcon_pkg']
[0.661s] Level 1:colcon.colcon_core.package_identification:_identify(src/ros_odrive/odrive_ros2_control) by extension 'colcon_pkg'
[0.661s] Level 1:colcon.colcon_core.package_identification:_identify(src/ros_odrive/odrive_ros2_control) by extensions ['colcon_meta']
[0.661s] Level 1:colcon.colcon_core.package_identification:_identify(src/ros_odrive/odrive_ros2_control) by extension 'colcon_meta'
[0.661s] Level 1:colcon.colcon_core.package_identification:_identify(src/ros_odrive/odrive_ros2_control) by extensions ['ros']
[0.661s] Level 1:colcon.colcon_core.package_identification:_identify(src/ros_odrive/odrive_ros2_control) by extension 'ros'
[0.663s] DEBUG:colcon.colcon_core.package_identification:Package 'src/ros_odrive/odrive_ros2_control' with type 'ros.ament_cmake' and name 'odrive_ros2_control'
[0.663s] Level 1:colcon.colcon_core.package_discovery:discover_packages(recursive) using defaults
[0.663s] Level 1:colcon.colcon_core.package_discovery:discover_packages(ignore) discover
[0.663s] Level 1:colcon.colcon_core.package_discovery:discover_packages(ignore) using defaults
[0.663s] Level 1:colcon.colcon_core.package_discovery:discover_packages(path) discover
[0.663s] Level 1:colcon.colcon_core.package_discovery:discover_packages(path) using defaults
[0.700s] INFO:colcon.colcon_core.package_selection:Skipping not selected package 'odrive_control' in 'src/odrive_control'
[0.700s] INFO:colcon.colcon_core.package_selection:Skipping not selected package 'odrive_control_cpp' in 'src/odrive_control_cpp'
[0.700s] INFO:colcon.colcon_core.package_selection:Skipping not selected package 'odrive_ros2_control' in 'src/ros_odrive/odrive_ros2_control'
[0.700s] INFO:colcon.colcon_core.package_selection:Skipping not selected package 'odrive_botwheel_explorer' in 'src/ros_odrive/odrive_botwheel_explorer'
[0.700s] INFO:colcon.colcon_core.package_selection:Skipping not selected package 'odrive_control_py' in 'src/odrive_control_py'
[0.701s] Level 1:colcon.colcon_core.package_discovery:discover_packages(prefix_path) check parameters
[0.701s] Level 1:colcon.colcon_core.package_discovery:discover_packages(prefix_path) discover
[0.707s] DEBUG:colcon.colcon_installed_package_information.package_discovery:Found 4 installed packages in /home/vedant/gaitlab_ws/install
[0.708s] DEBUG:colcon.colcon_installed_package_information.package_discovery:Found 297 installed packages in /opt/ros/humble
[0.712s] Level 1:colcon.colcon_core.package_discovery:discover_packages(prefix_path) using defaults
[0.852s] WARNING:colcon.colcon_core.package_selection:Some selected packages are already built in one or more underlay workspaces:
	'odrive_can' is in: /home/vedant/gaitlab_ws/install/odrive_can
If a package in a merged underlay workspace is overridden and it installs headers, then all packages in the overlay must sort their include directories by workspace order. Failure to do so may result in build failures or undefined behavior at run time.
If the overridden package is used by another package in any underlay, then the overriding package in the overlay must be API and ABI compatible or undefined behavior at run time may occur.

If you understand the risks and want to override a package anyways, add the following to the command line:
	--allow-overriding odrive_can

This may be promoted to an error in a future release of colcon-override-check.
[0.853s] Level 5:colcon.colcon_core.verb:set package 'odrive_can' build argument 'cmake_args' from command line to 'None'
[0.853s] Level 5:colcon.colcon_core.verb:set package 'odrive_can' build argument 'cmake_target' from command line to 'None'
[0.853s] Level 5:colcon.colcon_core.verb:set package 'odrive_can' build argument 'cmake_target_skip_unavailable' from command line to 'False'
[0.853s] Level 5:colcon.colcon_core.verb:set package 'odrive_can' build argument 'cmake_clean_cache' from command line to 'False'
[0.853s] Level 5:colcon.colcon_core.verb:set package 'odrive_can' build argument 'cmake_clean_first' from command line to 'False'
[0.853s] Level 5:colcon.colcon_core.verb:set package 'odrive_can' build argument 'cmake_force_configure' from command line to 'False'
[0.853s] Level 5:colcon.colcon_core.verb:set package 'odrive_can' build argument 'ament_cmake_args' from command line to 'None'
[0.853s] Level 5:colcon.colcon_core.verb:set package 'odrive_can' build argument 'catkin_cmake_args' from command line to 'None'
[0.853s] Level 5:colcon.colcon_core.verb:set package 'odrive_can' build argument 'catkin_skip_building_tests' from command line to 'False'
[0.853s] DEBUG:colcon.colcon_core.verb:Building package 'odrive_can' with the following arguments: {'ament_cmake_args': None, 'build_base': '/home/vedant/gaitlab_ws/build/odrive_can', 'catkin_cmake_args': None, 'catkin_skip_building_tests': False, 'cmake_args': None, 'cmake_clean_cache': False, 'cmake_clean_first': False, 'cmake_force_configure': False, 'cmake_target': None, 'cmake_target_skip_unavailable': False, 'install_base': '/home/vedant/gaitlab_ws/install/odrive_can', 'merge_install': False, 'path': '/home/vedant/gaitlab_ws/src/ros_odrive/odrive_node', 'symlink_install': False, 'test_result_base': None}
[0.853s] INFO:colcon.colcon_core.executor:Executing jobs using 'parallel' executor
[0.855s] DEBUG:colcon.colcon_parallel_executor.executor.parallel:run_until_complete
[0.855s] INFO:colcon.colcon_ros.task.ament_cmake.build:Building ROS package in '/home/vedant/gaitlab_ws/src/ros_odrive/odrive_node' with build type 'ament_cmake'
[0.855s] INFO:colcon.colcon_cmake.task.cmake.build:Building CMake package in '/home/vedant/gaitlab_ws/src/ros_odrive/odrive_node'
[0.863s] INFO:colcon.colcon_core.plugin_system:Skipping extension 'colcon_core.shell.bat': Not used on non-Windows systems
[0.864s] INFO:colcon.colcon_core.shell:Skip shell extension 'powershell' for command environment: Not usable outside of PowerShell
[0.864s] DEBUG:colcon.colcon_core.shell:Skip shell extension 'dsv' for command environment
[0.877s] DEBUG:colcon.colcon_core.event_handler.log_command:Invoking command in '/home/vedant/gaitlab_ws/build/odrive_can': CMAKE_PREFIX_PATH=${CMAKE_PREFIX_PATH}:/home/vedant/gaitlab_ws/install/odrive_control_py:/opt/ros/humble /usr/bin/cmake --build /home/vedant/gaitlab_ws/build/odrive_can -- -j4 -l4
[1.454s] DEBUG:colcon.colcon_core.event_handler.log_command:Invoked command in '/home/vedant/gaitlab_ws/build/odrive_can' returned '0': CMAKE_PREFIX_PATH=${CMAKE_PREFIX_PATH}:/home/vedant/gaitlab_ws/install/odrive_control_py:/opt/ros/humble /usr/bin/cmake --build /home/vedant/gaitlab_ws/build/odrive_can -- -j4 -l4
[1.601s] DEBUG:colcon.colcon_core.event_handler.log_command:Invoking command in '/home/vedant/gaitlab_ws/build/odrive_can': CMAKE_PREFIX_PATH=${CMAKE_PREFIX_PATH}:/home/vedant/gaitlab_ws/install/odrive_control_py:/opt/ros/humble /usr/bin/cmake --install /home/vedant/gaitlab_ws/build/odrive_can
[1.717s] Level 1:colcon.colcon_core.environment:create_environment_scripts_only(odrive_can)
[1.717s] DEBUG:colcon.colcon_core.event_handler.log_command:Invoked command in '/home/vedant/gaitlab_ws/build/odrive_can' returned '0': CMAKE_PREFIX_PATH=${CMAKE_PREFIX_PATH}:/home/vedant/gaitlab_ws/install/odrive_control_py:/opt/ros/humble /usr/bin/cmake --install /home/vedant/gaitlab_ws/build/odrive_can
[1.725s] Level 1:colcon.colcon_core.environment:checking '/home/vedant/gaitlab_ws/install/odrive_can' for CMake module files
[1.728s] Level 1:colcon.colcon_core.environment:checking '/home/vedant/gaitlab_ws/install/odrive_can' for CMake config files
[1.733s] Level 1:colcon.colcon_core.shell:create_environment_hook('odrive_can', 'cmake_prefix_path')
[1.733s] INFO:colcon.colcon_core.shell:Creating environment hook '/home/vedant/gaitlab_ws/install/odrive_can/share/odrive_can/hook/cmake_prefix_path.ps1'
[1.734s] INFO:colcon.colcon_core.shell:Creating environment descriptor '/home/vedant/gaitlab_ws/install/odrive_can/share/odrive_can/hook/cmake_prefix_path.dsv'
[1.736s] INFO:colcon.colcon_core.shell:Creating environment hook '/home/vedant/gaitlab_ws/install/odrive_can/share/odrive_can/hook/cmake_prefix_path.sh'
[1.738s] Level 1:colcon.colcon_core.environment:checking '/home/vedant/gaitlab_ws/install/odrive_can/lib'
[1.739s] Level 1:colcon.colcon_core.shell:create_environment_hook('odrive_can', 'ld_library_path_lib')
[1.740s] INFO:colcon.colcon_core.shell:Creating environment hook '/home/vedant/gaitlab_ws/install/odrive_can/share/odrive_can/hook/ld_library_path_lib.ps1'
[1.741s] INFO:colcon.colcon_core.shell:Creating environment descriptor '/home/vedant/gaitlab_ws/install/odrive_can/share/odrive_can/hook/ld_library_path_lib.dsv'
[1.741s] INFO:colcon.colcon_core.shell:Creating environment hook '/home/vedant/gaitlab_ws/install/odrive_can/share/odrive_can/hook/ld_library_path_lib.sh'
[1.742s] Level 1:colcon.colcon_core.environment:checking '/home/vedant/gaitlab_ws/install/odrive_can/bin'
[1.743s] Level 1:colcon.colcon_core.environment:checking '/home/vedant/gaitlab_ws/install/odrive_can/lib/pkgconfig/odrive_can.pc'
[1.744s] Level 1:colcon.colcon_core.environment:checking '/home/vedant/gaitlab_ws/install/odrive_can/lib/python3.10/site-packages'
[1.744s] Level 1:colcon.colcon_core.environment:checking '/home/vedant/gaitlab_ws/install/odrive_can/bin'
[1.745s] INFO:colcon.colcon_core.shell:Creating package script '/home/vedant/gaitlab_ws/install/odrive_can/share/odrive_can/package.ps1'
[1.747s] INFO:colcon.colcon_core.shell:Creating package descriptor '/home/vedant/gaitlab_ws/install/odrive_can/share/odrive_can/package.dsv'
[1.749s] INFO:colcon.colcon_core.shell:Creating package script '/home/vedant/gaitlab_ws/install/odrive_can/share/odrive_can/package.sh'
[1.751s] INFO:colcon.colcon_core.shell:Creating package script '/home/vedant/gaitlab_ws/install/odrive_can/share/odrive_can/package.bash'
[1.753s] INFO:colcon.colcon_core.shell:Creating package script '/home/vedant/gaitlab_ws/install/odrive_can/share/odrive_can/package.zsh'
[1.754s] Level 1:colcon.colcon_core.environment:create_file_with_runtime_dependencies(/home/vedant/gaitlab_ws/install/odrive_can/share/colcon-core/packages/odrive_can)
[2.124s] Level 1:colcon.colcon_core.environment:create_environment_scripts_only(odrive_can)
[2.125s] Level 1:colcon.colcon_core.environment:checking '/home/vedant/gaitlab_ws/install/odrive_can' for CMake module files
[2.128s] Level 1:colcon.colcon_core.environment:checking '/home/vedant/gaitlab_ws/install/odrive_can' for CMake config files
[2.131s] Level 1:colcon.colcon_core.shell:create_environment_hook('odrive_can', 'cmake_prefix_path')
[2.132s] INFO:colcon.colcon_core.shell:Creating environment hook '/home/vedant/gaitlab_ws/install/odrive_can/share/odrive_can/hook/cmake_prefix_path.ps1'
[2.136s] INFO:colcon.colcon_core.shell:Creating environment descriptor '/home/vedant/gaitlab_ws/install/odrive_can/share/odrive_can/hook/cmake_prefix_path.dsv'
[2.137s] INFO:colcon.colcon_core.shell:Creating environment hook '/home/vedant/gaitlab_ws/install/odrive_can/share/odrive_can/hook/cmake_prefix_path.sh'
[2.139s] Level 1:colcon.colcon_core.environment:checking '/home/vedant/gaitlab_ws/install/odrive_can/lib'
[2.139s] Level 1:colcon.colcon_core.shell:create_environment_hook('odrive_can', 'ld_library_path_lib')
[2.140s] INFO:colcon.colcon_core.shell:Creating environment hook '/home/vedant/gaitlab_ws/install/odrive_can/share/odrive_can/hook/ld_library_path_lib.ps1'
[2.141s] INFO:colcon.colcon_core.shell:Creating environment descriptor '/home/vedant/gaitlab_ws/install/odrive_can/share/odrive_can/hook/ld_library_path_lib.dsv'
[2.142s] INFO:colcon.colcon_core.shell:Creating environment hook '/home/vedant/gaitlab_ws/install/odrive_can/share/odrive_can/hook/ld_library_path_lib.sh'
[2.142s] Level 1:colcon.colcon_core.environment:checking '/home/vedant/gaitlab_ws/install/odrive_can/bin'
[2.142s] Level 1:colcon.colcon_core.environment:checking '/home/vedant/gaitlab_ws/install/odrive_can/lib/pkgconfig/odrive_can.pc'
[2.143s] Level 1:colcon.colcon_core.environment:checking '/home/vedant/gaitlab_ws/install/odrive_can/lib/python3.10/site-packages'
[2.143s] Level 1:colcon.colcon_core.environment:checking '/home/vedant/gaitlab_ws/install/odrive_can/bin'
[2.144s] INFO:colcon.colcon_core.shell:Creating package script '/home/vedant/gaitlab_ws/install/odrive_can/share/odrive_can/package.ps1'
[2.144s] INFO:colcon.colcon_core.shell:Creating package descriptor '/home/vedant/gaitlab_ws/install/odrive_can/share/odrive_can/package.dsv'
[2.145s] INFO:colcon.colcon_core.shell:Creating package script '/home/vedant/gaitlab_ws/install/odrive_can/share/odrive_can/package.sh'
[2.146s] INFO:colcon.colcon_core.shell:Creating package script '/home/vedant/gaitlab_ws/install/odrive_can/share/odrive_can/package.bash'
[2.146s] INFO:colcon.colcon_core.shell:Creating package script '/home/vedant/gaitlab_ws/install/odrive_can/share/odrive_can/package.zsh'
[2.147s] Level 1:colcon.colcon_core.environment:create_file_with_runtime_dependencies(/home/vedant/gaitlab_ws/install/odrive_can/share/colcon-core/packages/odrive_can)
[2.147s] DEBUG:colcon.colcon_parallel_executor.executor.parallel:closing loop
[2.148s] DEBUG:colcon.colcon_parallel_executor.executor.parallel:loop closed
[2.148s] DEBUG:colcon.colcon_parallel_executor.executor.parallel:run_until_complete finished with '0'
[2.148s] DEBUG:colcon.colcon_core.event_reactor:joining thread
[2.157s] INFO:colcon.colcon_core.plugin_system:Skipping extension 'colcon_notification.desktop_notification.terminal_notifier': Not used on non-Darwin systems
[2.157s] INFO:colcon.colcon_core.plugin_system:Skipping extension 'colcon_notification.desktop_notification.win32': Not used on non-Windows systems
[2.157s] INFO:colcon.colcon_notification.desktop_notification:Sending desktop notification using 'notify2'
[2.182s] DEBUG:colcon.colcon_core.event_reactor:joined thread
[2.183s] INFO:colcon.colcon_core.shell:Creating prefix script '/home/vedant/gaitlab_ws/install/local_setup.ps1'
[2.185s] INFO:colcon.colcon_core.shell:Creating prefix util module '/home/vedant/gaitlab_ws/install/_local_setup_util_ps1.py'
[2.187s] INFO:colcon.colcon_core.shell:Creating prefix chain script '/home/vedant/gaitlab_ws/install/setup.ps1'
[2.190s] INFO:colcon.colcon_core.shell:Creating prefix script '/home/vedant/gaitlab_ws/install/local_setup.sh'
[2.191s] INFO:colcon.colcon_core.shell:Creating prefix util module '/home/vedant/gaitlab_ws/install/_local_setup_util_sh.py'
[2.192s] INFO:colcon.colcon_core.shell:Creating prefix chain script '/home/vedant/gaitlab_ws/install/setup.sh'
[2.195s] INFO:colcon.colcon_core.shell:Creating prefix script '/home/vedant/gaitlab_ws/install/local_setup.bash'
[2.196s] INFO:colcon.colcon_core.shell:Creating prefix chain script '/home/vedant/gaitlab_ws/install/setup.bash'
[2.198s] INFO:colcon.colcon_core.shell:Creating prefix script '/home/vedant/gaitlab_ws/install/local_setup.zsh'
[2.199s] INFO:colcon.colcon_core.shell:Creating prefix chain script '/home/vedant/gaitlab_ws/install/setup.zsh'
