[0.000000] (-) TimerEvent: {}
[0.001961] (-) JobUnselected: {'identifier': 'app_server'}
[0.002595] (-) JobUnselected: {'identifier': 'custom_msgs'}
[0.003112] (-) JobUnselected: {'identifier': 'data_logging'}
[0.003307] (-) JobUnselected: {'identifier': 'encoder'}
[0.003590] (-) JobUnselected: {'identifier': 'odrive_botwheel_explorer'}
[0.003794] (-) JobUnselected: {'identifier': 'odrive_can'}
[0.003890] (-) JobUnselected: {'identifier': 'odrive_control_py'}
[0.003983] (-) JobUnselected: {'identifier': 'odrive_ros2_control'}
[0.004096] (-) JobUnselected: {'identifier': 'robot_launch'}
[0.004189] (-) JobUnselected: {'identifier': 'testing'}
[0.004285] (controller) JobQueued: {'identifier': 'controller', 'dependencies': OrderedDict([('custom_msgs', '/home/vedant/OdriveCANControl/install/custom_msgs'), ('odrive_can', '/home/vedant/OdriveCANControl/install/odrive_can')])}
[0.004427] (controller) JobStarted: {'identifier': 'controller'}
[0.098824] (-) TimerEvent: {}
[0.199706] (-) TimerEvent: {}
[0.300405] (-) TimerEvent: {}
[0.401168] (-) TimerEvent: {}
[0.501906] (-) TimerEvent: {}
[0.602618] (-) TimerEvent: {}
[0.703271] (-) TimerEvent: {}
[0.803975] (-) TimerEvent: {}
[0.904609] (-) TimerEvent: {}
[1.005281] (-) TimerEvent: {}
[1.105961] (-) TimerEvent: {}
[1.206737] (-) TimerEvent: {}
[1.307658] (-) TimerEvent: {}
[1.346393] (controller) StderrLine: {'line': b'Traceback (most recent call last):\n  File "/usr/lib/python3/dist-packages/colcon_core/executor/__init__.py", line 91, in __call__\n    rc = await self.task(*args, **kwargs)\n  File "/usr/lib/python3/dist-packages/colcon_core/task/__init__.py", line 93, in __call__\n    return await task_method(*args, **kwargs)\n  File "/usr/lib/python3/dist-packages/colcon_ros/task/ament_python/build.py", line 51, in build\n    setup_py_data = get_setup_data(self.context.pkg, env)\n  File "/usr/lib/python3/dist-packages/colcon_core/task/python/__init__.py", line 20, in get_setup_data\n    return dict(pkg.metadata[key](env))\n  File "/usr/lib/python3/dist-packages/colcon_ros/package_augmentation/ros_ament_python.py", line 57, in getter\n    return get_setup_information(\n  File "/usr/lib/python3/dist-packages/colcon_python_setup_py/package_identification/python_setup_py.py", line 249, in get_setup_information\n    _setup_information_cache[hashable_env] = _get_setup_information(\n  File "/usr/lib/python3/dist-packages/colcon_python_setup_py/package_identification/python_setup_py.py", line 296, in _get_setup_information\n    result = subprocess.run(\n  File "/usr/lib/python3.10/subprocess.py", line 526, in run\n    raise CalledProcessError(retcode, process.args,\nsubprocess.CalledProcessError: Command \'[\'/usr/bin/python3\', \'-c\', \'import sys;from contextlib import suppress;exec("with suppress(ImportError):    from setuptools.extern.packaging.specifiers    import SpecifierSet");exec("with suppress(ImportError):    from packaging.specifiers import SpecifierSet");from distutils.core import run_setup;dist = run_setup(    \\\'setup.py\\\', script_args=(\\\'--dry-run\\\',), stop_after=\\\'config\\\');skip_keys = (\\\'cmdclass\\\', \\\'distclass\\\', \\\'ext_modules\\\', \\\'metadata\\\');data = {    key: value for key, value in dist.__dict__.items()     if (        not key.startswith(\\\'_\\\') and         not callable(value) and         key not in skip_keys and         key not in dist.display_option_names    )};data[\\\'metadata\\\'] = {    k: v for k, v in dist.metadata.__dict__.items()     if k not in (\\\'license_files\\\', \\\'provides_extras\\\')};sys.stdout.buffer.write(repr(data).encode(\\\'utf-8\\\'))\']\' returned non-zero exit status 1.\n'}
[1.348422] (controller) JobEnded: {'identifier': 'controller', 'rc': 1}
[1.359083] (-) EventReactorShutdown: {}
