[0.049s] Invoking command in '/home/vedant/OdriveCANControl/build/custom_msgs': CMAKE_PREFIX_PATH=${CMAKE_PREFIX_PATH}:/home/vedant/OdriveCANControl/install/odrive_control_py:/home/vedant/OdriveCANControl/install/controller:/home/vedant/OdriveCANControl/install/encoder:/home/vedant/OdriveCANControl/install/data_logging:/opt/ros/humble /usr/bin/cmake --build /home/vedant/OdriveCANControl/build/custom_msgs -- -j4 -l4
[0.301s] [ 12%] Built target custom_msgs__rosidl_generator_c
[0.310s] [ 12%] Built target custom_msgs__cpp
[0.360s] [ 12%] Built target ament_cmake_python_copy_custom_msgs
[0.421s] [ 23%] Built target custom_msgs__rosidl_typesupport_introspection_c
[0.428s] [ 33%] Built target custom_msgs__rosidl_typesupport_fastrtps_c
[0.432s] [ 43%] Built target custom_msgs__rosidl_typesupport_c
[0.488s] [ 53%] Built target custom_msgs__rosidl_typesupport_fastrtps_cpp
[0.532s] [ 64%] Built target custom_msgs__rosidl_typesupport_introspection_cpp
[0.546s] [ 74%] Built target custom_msgs__rosidl_typesupport_cpp
[0.639s] [ 74%] Built target custom_msgs
[0.731s] [ 76%] Built target custom_msgs__py
[0.837s] [ 84%] Built target custom_msgs__rosidl_generator_py
[0.954s] [ 89%] Built target custom_msgs__rosidl_typesupport_introspection_c__pyext
[0.971s] [ 94%] Built target custom_msgs__rosidl_typesupport_fastrtps_c__pyext
[0.977s] [100%] Built target custom_msgs__rosidl_typesupport_c__pyext
[1.609s] running egg_info
[1.612s] writing custom_msgs.egg-info/PKG-INFO
[1.613s] writing dependency_links to custom_msgs.egg-info/dependency_links.txt
[1.614s] writing top-level names to custom_msgs.egg-info/top_level.txt
[1.625s] reading manifest file 'custom_msgs.egg-info/SOURCES.txt'
[1.628s] writing manifest file 'custom_msgs.egg-info/SOURCES.txt'
[1.755s] [100%] Built target ament_cmake_python_build_custom_msgs_egg
[1.801s] Invoked command in '/home/vedant/OdriveCANControl/build/custom_msgs' returned '0': CMAKE_PREFIX_PATH=${CMAKE_PREFIX_PATH}:/home/vedant/OdriveCANControl/install/odrive_control_py:/home/vedant/OdriveCANControl/install/controller:/home/vedant/OdriveCANControl/install/encoder:/home/vedant/OdriveCANControl/install/data_logging:/opt/ros/humble /usr/bin/cmake --build /home/vedant/OdriveCANControl/build/custom_msgs -- -j4 -l4
[1.847s] Invoking command in '/home/vedant/OdriveCANControl/build/custom_msgs': CMAKE_PREFIX_PATH=${CMAKE_PREFIX_PATH}:/home/vedant/OdriveCANControl/install/odrive_control_py:/home/vedant/OdriveCANControl/install/controller:/home/vedant/OdriveCANControl/install/encoder:/home/vedant/OdriveCANControl/install/data_logging:/opt/ros/humble /usr/bin/cmake --install /home/vedant/OdriveCANControl/build/custom_msgs
[1.877s] -- Install configuration: ""
[1.878s] -- Up-to-date: /home/vedant/OdriveCANControl/install/custom_msgs/share/ament_index/resource_index/rosidl_interfaces/custom_msgs
[1.878s] -- Up-to-date: /home/vedant/OdriveCANControl/install/custom_msgs/include/custom_msgs/custom_msgs
[1.879s] -- Up-to-date: /home/vedant/OdriveCANControl/install/custom_msgs/include/custom_msgs/custom_msgs/srv
[1.879s] -- Up-to-date: /home/vedant/OdriveCANControl/install/custom_msgs/include/custom_msgs/custom_msgs/srv/detail
[1.880s] -- Up-to-date: /home/vedant/OdriveCANControl/install/custom_msgs/include/custom_msgs/custom_msgs/srv/detail/o_drive_command__functions.h
[1.880s] -- Up-to-date: /home/vedant/OdriveCANControl/install/custom_msgs/include/custom_msgs/custom_msgs/srv/detail/o_drive_command__type_support.h
[1.881s] -- Up-to-date: /home/vedant/OdriveCANControl/install/custom_msgs/include/custom_msgs/custom_msgs/srv/detail/o_drive_command__struct.h
[1.881s] -- Up-to-date: /home/vedant/OdriveCANControl/install/custom_msgs/include/custom_msgs/custom_msgs/srv/detail/o_drive_command__functions.c
[1.882s] -- Up-to-date: /home/vedant/OdriveCANControl/install/custom_msgs/include/custom_msgs/custom_msgs/srv/o_drive_command.h
[1.882s] -- Up-to-date: /home/vedant/OdriveCANControl/install/custom_msgs/include/custom_msgs/custom_msgs/msg
[1.883s] -- Up-to-date: /home/vedant/OdriveCANControl/install/custom_msgs/include/custom_msgs/custom_msgs/msg/motion_state.h
[1.883s] -- Up-to-date: /home/vedant/OdriveCANControl/install/custom_msgs/include/custom_msgs/custom_msgs/msg/rosidl_generator_c__visibility_control.h
[1.884s] -- Up-to-date: /home/vedant/OdriveCANControl/install/custom_msgs/include/custom_msgs/custom_msgs/msg/detail
[1.884s] -- Up-to-date: /home/vedant/OdriveCANControl/install/custom_msgs/include/custom_msgs/custom_msgs/msg/detail/motion_state__struct.h
[1.884s] -- Up-to-date: /home/vedant/OdriveCANControl/install/custom_msgs/include/custom_msgs/custom_msgs/msg/detail/motion_state__functions.c
[1.885s] -- Up-to-date: /home/vedant/OdriveCANControl/install/custom_msgs/include/custom_msgs/custom_msgs/msg/detail/motion_state__type_support.h
[1.885s] -- Up-to-date: /home/vedant/OdriveCANControl/install/custom_msgs/include/custom_msgs/custom_msgs/msg/detail/motion_state__functions.h
[1.886s] -- Up-to-date: /home/vedant/OdriveCANControl/install/custom_msgs/share/custom_msgs/environment/library_path.sh
[1.886s] -- Up-to-date: /home/vedant/OdriveCANControl/install/custom_msgs/share/custom_msgs/environment/library_path.dsv
[1.886s] -- Up-to-date: /home/vedant/OdriveCANControl/install/custom_msgs/lib/libcustom_msgs__rosidl_generator_c.so
[1.887s] -- Up-to-date: /home/vedant/OdriveCANControl/install/custom_msgs/include/custom_msgs/custom_msgs
[1.887s] -- Up-to-date: /home/vedant/OdriveCANControl/install/custom_msgs/include/custom_msgs/custom_msgs/srv
[1.888s] -- Up-to-date: /home/vedant/OdriveCANControl/install/custom_msgs/include/custom_msgs/custom_msgs/srv/detail
[1.888s] -- Up-to-date: /home/vedant/OdriveCANControl/install/custom_msgs/include/custom_msgs/custom_msgs/srv/detail/o_drive_command__rosidl_typesupport_fastrtps_c.h
[1.889s] -- Up-to-date: /home/vedant/OdriveCANControl/install/custom_msgs/include/custom_msgs/custom_msgs/msg
[1.889s] -- Up-to-date: /home/vedant/OdriveCANControl/install/custom_msgs/include/custom_msgs/custom_msgs/msg/detail
[1.889s] -- Up-to-date: /home/vedant/OdriveCANControl/install/custom_msgs/include/custom_msgs/custom_msgs/msg/detail/motion_state__rosidl_typesupport_fastrtps_c.h
[1.890s] -- Up-to-date: /home/vedant/OdriveCANControl/install/custom_msgs/include/custom_msgs/custom_msgs/msg/rosidl_typesupport_fastrtps_c__visibility_control.h
[1.891s] -- Up-to-date: /home/vedant/OdriveCANControl/install/custom_msgs/lib/libcustom_msgs__rosidl_typesupport_fastrtps_c.so
[1.892s] -- Up-to-date: /home/vedant/OdriveCANControl/install/custom_msgs/include/custom_msgs/custom_msgs
[1.893s] -- Up-to-date: /home/vedant/OdriveCANControl/install/custom_msgs/include/custom_msgs/custom_msgs/srv
[1.893s] -- Up-to-date: /home/vedant/OdriveCANControl/install/custom_msgs/include/custom_msgs/custom_msgs/srv/detail
[1.894s] -- Up-to-date: /home/vedant/OdriveCANControl/install/custom_msgs/include/custom_msgs/custom_msgs/srv/detail/o_drive_command__type_support.c
[1.894s] -- Up-to-date: /home/vedant/OdriveCANControl/install/custom_msgs/include/custom_msgs/custom_msgs/srv/detail/o_drive_command__rosidl_typesupport_introspection_c.h
[1.894s] -- Up-to-date: /home/vedant/OdriveCANControl/install/custom_msgs/include/custom_msgs/custom_msgs/msg
[1.895s] -- Up-to-date: /home/vedant/OdriveCANControl/install/custom_msgs/include/custom_msgs/custom_msgs/msg/detail
[1.895s] -- Up-to-date: /home/vedant/OdriveCANControl/install/custom_msgs/include/custom_msgs/custom_msgs/msg/detail/motion_state__rosidl_typesupport_introspection_c.h
[1.895s] -- Up-to-date: /home/vedant/OdriveCANControl/install/custom_msgs/include/custom_msgs/custom_msgs/msg/detail/motion_state__type_support.c
[1.896s] -- Up-to-date: /home/vedant/OdriveCANControl/install/custom_msgs/include/custom_msgs/custom_msgs/msg/rosidl_typesupport_introspection_c__visibility_control.h
[1.896s] -- Up-to-date: /home/vedant/OdriveCANControl/install/custom_msgs/lib/libcustom_msgs__rosidl_typesupport_introspection_c.so
[1.898s] -- Up-to-date: /home/vedant/OdriveCANControl/install/custom_msgs/lib/libcustom_msgs__rosidl_typesupport_c.so
[1.899s] -- Up-to-date: /home/vedant/OdriveCANControl/install/custom_msgs/include/custom_msgs/custom_msgs
[1.899s] -- Up-to-date: /home/vedant/OdriveCANControl/install/custom_msgs/include/custom_msgs/custom_msgs/srv
[1.900s] -- Up-to-date: /home/vedant/OdriveCANControl/install/custom_msgs/include/custom_msgs/custom_msgs/srv/o_drive_command.hpp
[1.900s] -- Up-to-date: /home/vedant/OdriveCANControl/install/custom_msgs/include/custom_msgs/custom_msgs/srv/detail
[1.901s] -- Up-to-date: /home/vedant/OdriveCANControl/install/custom_msgs/include/custom_msgs/custom_msgs/srv/detail/o_drive_command__struct.hpp
[1.901s] -- Up-to-date: /home/vedant/OdriveCANControl/install/custom_msgs/include/custom_msgs/custom_msgs/srv/detail/o_drive_command__traits.hpp
[1.902s] -- Up-to-date: /home/vedant/OdriveCANControl/install/custom_msgs/include/custom_msgs/custom_msgs/srv/detail/o_drive_command__builder.hpp
[1.902s] -- Up-to-date: /home/vedant/OdriveCANControl/install/custom_msgs/include/custom_msgs/custom_msgs/srv/detail/o_drive_command__type_support.hpp
[1.903s] -- Up-to-date: /home/vedant/OdriveCANControl/install/custom_msgs/include/custom_msgs/custom_msgs/msg
[1.903s] -- Up-to-date: /home/vedant/OdriveCANControl/install/custom_msgs/include/custom_msgs/custom_msgs/msg/rosidl_generator_cpp__visibility_control.hpp
[1.903s] -- Up-to-date: /home/vedant/OdriveCANControl/install/custom_msgs/include/custom_msgs/custom_msgs/msg/detail
[1.904s] -- Up-to-date: /home/vedant/OdriveCANControl/install/custom_msgs/include/custom_msgs/custom_msgs/msg/detail/motion_state__type_support.hpp
[1.905s] -- Up-to-date: /home/vedant/OdriveCANControl/install/custom_msgs/include/custom_msgs/custom_msgs/msg/detail/motion_state__traits.hpp
[1.906s] -- Up-to-date: /home/vedant/OdriveCANControl/install/custom_msgs/include/custom_msgs/custom_msgs/msg/detail/motion_state__builder.hpp
[1.906s] -- Up-to-date: /home/vedant/OdriveCANControl/install/custom_msgs/include/custom_msgs/custom_msgs/msg/detail/motion_state__struct.hpp
[1.907s] -- Up-to-date: /home/vedant/OdriveCANControl/install/custom_msgs/include/custom_msgs/custom_msgs/msg/motion_state.hpp
[1.907s] -- Up-to-date: /home/vedant/OdriveCANControl/install/custom_msgs/include/custom_msgs/custom_msgs
[1.907s] -- Up-to-date: /home/vedant/OdriveCANControl/install/custom_msgs/include/custom_msgs/custom_msgs/srv
[1.908s] -- Up-to-date: /home/vedant/OdriveCANControl/install/custom_msgs/include/custom_msgs/custom_msgs/srv/detail
[1.908s] -- Up-to-date: /home/vedant/OdriveCANControl/install/custom_msgs/include/custom_msgs/custom_msgs/srv/detail/o_drive_command__rosidl_typesupport_fastrtps_cpp.hpp
[1.909s] -- Up-to-date: /home/vedant/OdriveCANControl/install/custom_msgs/include/custom_msgs/custom_msgs/srv/detail/dds_fastrtps
[1.909s] -- Up-to-date: /home/vedant/OdriveCANControl/install/custom_msgs/include/custom_msgs/custom_msgs/msg
[1.909s] -- Up-to-date: /home/vedant/OdriveCANControl/install/custom_msgs/include/custom_msgs/custom_msgs/msg/rosidl_typesupport_fastrtps_cpp__visibility_control.h
[1.910s] -- Up-to-date: /home/vedant/OdriveCANControl/install/custom_msgs/include/custom_msgs/custom_msgs/msg/detail
[1.910s] -- Up-to-date: /home/vedant/OdriveCANControl/install/custom_msgs/include/custom_msgs/custom_msgs/msg/detail/motion_state__rosidl_typesupport_fastrtps_cpp.hpp
[1.910s] -- Up-to-date: /home/vedant/OdriveCANControl/install/custom_msgs/include/custom_msgs/custom_msgs/msg/detail/dds_fastrtps
[1.911s] -- Up-to-date: /home/vedant/OdriveCANControl/install/custom_msgs/lib/libcustom_msgs__rosidl_typesupport_fastrtps_cpp.so
[1.912s] -- Up-to-date: /home/vedant/OdriveCANControl/install/custom_msgs/include/custom_msgs/custom_msgs
[1.912s] -- Up-to-date: /home/vedant/OdriveCANControl/install/custom_msgs/include/custom_msgs/custom_msgs/srv
[1.913s] -- Up-to-date: /home/vedant/OdriveCANControl/install/custom_msgs/include/custom_msgs/custom_msgs/srv/detail
[1.913s] -- Up-to-date: /home/vedant/OdriveCANControl/install/custom_msgs/include/custom_msgs/custom_msgs/srv/detail/o_drive_command__rosidl_typesupport_introspection_cpp.hpp
[1.914s] -- Up-to-date: /home/vedant/OdriveCANControl/install/custom_msgs/include/custom_msgs/custom_msgs/srv/detail/o_drive_command__type_support.cpp
[1.914s] -- Up-to-date: /home/vedant/OdriveCANControl/install/custom_msgs/include/custom_msgs/custom_msgs/msg
[1.915s] -- Up-to-date: /home/vedant/OdriveCANControl/install/custom_msgs/include/custom_msgs/custom_msgs/msg/detail
[1.915s] -- Up-to-date: /home/vedant/OdriveCANControl/install/custom_msgs/include/custom_msgs/custom_msgs/msg/detail/motion_state__rosidl_typesupport_introspection_cpp.hpp
[1.915s] -- Up-to-date: /home/vedant/OdriveCANControl/install/custom_msgs/include/custom_msgs/custom_msgs/msg/detail/motion_state__type_support.cpp
[1.916s] -- Up-to-date: /home/vedant/OdriveCANControl/install/custom_msgs/lib/libcustom_msgs__rosidl_typesupport_introspection_cpp.so
[1.917s] -- Up-to-date: /home/vedant/OdriveCANControl/install/custom_msgs/lib/libcustom_msgs__rosidl_typesupport_cpp.so
[1.918s] -- Up-to-date: /home/vedant/OdriveCANControl/install/custom_msgs/share/custom_msgs/environment/pythonpath.sh
[1.918s] -- Up-to-date: /home/vedant/OdriveCANControl/install/custom_msgs/share/custom_msgs/environment/pythonpath.dsv
[1.919s] -- Up-to-date: /home/vedant/OdriveCANControl/install/custom_msgs/local/lib/python3.10/dist-packages/custom_msgs-0.0.0-py3.10.egg-info
[1.919s] -- Installing: /home/vedant/OdriveCANControl/install/custom_msgs/local/lib/python3.10/dist-packages/custom_msgs-0.0.0-py3.10.egg-info/PKG-INFO
[1.920s] -- Installing: /home/vedant/OdriveCANControl/install/custom_msgs/local/lib/python3.10/dist-packages/custom_msgs-0.0.0-py3.10.egg-info/top_level.txt
[1.922s] -- Installing: /home/vedant/OdriveCANControl/install/custom_msgs/local/lib/python3.10/dist-packages/custom_msgs-0.0.0-py3.10.egg-info/dependency_links.txt
[1.923s] -- Installing: /home/vedant/OdriveCANControl/install/custom_msgs/local/lib/python3.10/dist-packages/custom_msgs-0.0.0-py3.10.egg-info/SOURCES.txt
[1.924s] -- Up-to-date: /home/vedant/OdriveCANControl/install/custom_msgs/local/lib/python3.10/dist-packages/custom_msgs
[1.925s] -- Up-to-date: /home/vedant/OdriveCANControl/install/custom_msgs/local/lib/python3.10/dist-packages/custom_msgs/srv
[1.925s] -- Up-to-date: /home/vedant/OdriveCANControl/install/custom_msgs/local/lib/python3.10/dist-packages/custom_msgs/srv/_o_drive_command.py
[1.926s] -- Up-to-date: /home/vedant/OdriveCANControl/install/custom_msgs/local/lib/python3.10/dist-packages/custom_msgs/srv/__init__.py
[1.926s] -- Up-to-date: /home/vedant/OdriveCANControl/install/custom_msgs/local/lib/python3.10/dist-packages/custom_msgs/srv/_o_drive_command_s.c
[1.926s] -- Up-to-date: /home/vedant/OdriveCANControl/install/custom_msgs/local/lib/python3.10/dist-packages/custom_msgs/libcustom_msgs__rosidl_generator_py.so
[1.927s] -- Up-to-date: /home/vedant/OdriveCANControl/install/custom_msgs/local/lib/python3.10/dist-packages/custom_msgs/msg
[1.927s] -- Up-to-date: /home/vedant/OdriveCANControl/install/custom_msgs/local/lib/python3.10/dist-packages/custom_msgs/msg/_motion_state.py
[1.928s] -- Up-to-date: /home/vedant/OdriveCANControl/install/custom_msgs/local/lib/python3.10/dist-packages/custom_msgs/msg/__init__.py
[1.928s] -- Up-to-date: /home/vedant/OdriveCANControl/install/custom_msgs/local/lib/python3.10/dist-packages/custom_msgs/msg/_motion_state_s.c
[1.929s] -- Up-to-date: /home/vedant/OdriveCANControl/install/custom_msgs/local/lib/python3.10/dist-packages/custom_msgs/_custom_msgs_s.ep.rosidl_typesupport_introspection_c.c
[1.929s] -- Up-to-date: /home/vedant/OdriveCANControl/install/custom_msgs/local/lib/python3.10/dist-packages/custom_msgs/__init__.py
[1.929s] -- Up-to-date: /home/vedant/OdriveCANControl/install/custom_msgs/local/lib/python3.10/dist-packages/custom_msgs/custom_msgs_s__rosidl_typesupport_introspection_c.cpython-310-aarch64-linux-gnu.so
[1.930s] -- Up-to-date: /home/vedant/OdriveCANControl/install/custom_msgs/local/lib/python3.10/dist-packages/custom_msgs/custom_msgs_s__rosidl_typesupport_c.cpython-310-aarch64-linux-gnu.so
[1.931s] -- Up-to-date: /home/vedant/OdriveCANControl/install/custom_msgs/local/lib/python3.10/dist-packages/custom_msgs/_custom_msgs_s.ep.rosidl_typesupport_c.c
[1.931s] -- Up-to-date: /home/vedant/OdriveCANControl/install/custom_msgs/local/lib/python3.10/dist-packages/custom_msgs/_custom_msgs_s.ep.rosidl_typesupport_fastrtps_c.c
[1.931s] -- Up-to-date: /home/vedant/OdriveCANControl/install/custom_msgs/local/lib/python3.10/dist-packages/custom_msgs/custom_msgs_s__rosidl_typesupport_fastrtps_c.cpython-310-aarch64-linux-gnu.so
[2.075s] Listing '/home/vedant/OdriveCANControl/install/custom_msgs/local/lib/python3.10/dist-packages/custom_msgs'...
[2.077s] Listing '/home/vedant/OdriveCANControl/install/custom_msgs/local/lib/python3.10/dist-packages/custom_msgs/msg'...
[2.078s] Listing '/home/vedant/OdriveCANControl/install/custom_msgs/local/lib/python3.10/dist-packages/custom_msgs/srv'...
[2.099s] -- Up-to-date: /home/vedant/OdriveCANControl/install/custom_msgs/local/lib/python3.10/dist-packages/custom_msgs/custom_msgs_s__rosidl_typesupport_fastrtps_c.cpython-310-aarch64-linux-gnu.so
[2.101s] -- Up-to-date: /home/vedant/OdriveCANControl/install/custom_msgs/local/lib/python3.10/dist-packages/custom_msgs/custom_msgs_s__rosidl_typesupport_introspection_c.cpython-310-aarch64-linux-gnu.so
[2.103s] -- Up-to-date: /home/vedant/OdriveCANControl/install/custom_msgs/local/lib/python3.10/dist-packages/custom_msgs/custom_msgs_s__rosidl_typesupport_c.cpython-310-aarch64-linux-gnu.so
[2.105s] -- Up-to-date: /home/vedant/OdriveCANControl/install/custom_msgs/lib/libcustom_msgs__rosidl_generator_py.so
[2.106s] -- Up-to-date: /home/vedant/OdriveCANControl/install/custom_msgs/share/custom_msgs/msg/MotionState.idl
[2.107s] -- Up-to-date: /home/vedant/OdriveCANControl/install/custom_msgs/share/custom_msgs/srv/ODriveCommand.idl
[2.107s] -- Up-to-date: /home/vedant/OdriveCANControl/install/custom_msgs/share/custom_msgs/msg/MotionState.msg
[2.108s] -- Up-to-date: /home/vedant/OdriveCANControl/install/custom_msgs/share/custom_msgs/srv/ODriveCommand.srv
[2.108s] -- Up-to-date: /home/vedant/OdriveCANControl/install/custom_msgs/share/custom_msgs/srv/ODriveCommand_Request.msg
[2.109s] -- Up-to-date: /home/vedant/OdriveCANControl/install/custom_msgs/share/custom_msgs/srv/ODriveCommand_Response.msg
[2.109s] -- Up-to-date: /home/vedant/OdriveCANControl/install/custom_msgs/share/ament_index/resource_index/package_run_dependencies/custom_msgs
[2.110s] -- Up-to-date: /home/vedant/OdriveCANControl/install/custom_msgs/share/ament_index/resource_index/parent_prefix_path/custom_msgs
[2.110s] -- Up-to-date: /home/vedant/OdriveCANControl/install/custom_msgs/share/custom_msgs/environment/ament_prefix_path.sh
[2.111s] -- Up-to-date: /home/vedant/OdriveCANControl/install/custom_msgs/share/custom_msgs/environment/ament_prefix_path.dsv
[2.111s] -- Up-to-date: /home/vedant/OdriveCANControl/install/custom_msgs/share/custom_msgs/environment/path.sh
[2.112s] -- Up-to-date: /home/vedant/OdriveCANControl/install/custom_msgs/share/custom_msgs/environment/path.dsv
[2.113s] -- Up-to-date: /home/vedant/OdriveCANControl/install/custom_msgs/share/custom_msgs/local_setup.bash
[2.113s] -- Up-to-date: /home/vedant/OdriveCANControl/install/custom_msgs/share/custom_msgs/local_setup.sh
[2.114s] -- Up-to-date: /home/vedant/OdriveCANControl/install/custom_msgs/share/custom_msgs/local_setup.zsh
[2.114s] -- Up-to-date: /home/vedant/OdriveCANControl/install/custom_msgs/share/custom_msgs/local_setup.dsv
[2.115s] -- Installing: /home/vedant/OdriveCANControl/install/custom_msgs/share/custom_msgs/package.dsv
[2.115s] -- Up-to-date: /home/vedant/OdriveCANControl/install/custom_msgs/share/ament_index/resource_index/packages/custom_msgs
[2.116s] -- Up-to-date: /home/vedant/OdriveCANControl/install/custom_msgs/share/custom_msgs/cmake/export_custom_msgs__rosidl_generator_cExport.cmake
[2.116s] -- Up-to-date: /home/vedant/OdriveCANControl/install/custom_msgs/share/custom_msgs/cmake/export_custom_msgs__rosidl_generator_cExport-noconfig.cmake
[2.116s] -- Up-to-date: /home/vedant/OdriveCANControl/install/custom_msgs/share/custom_msgs/cmake/export_custom_msgs__rosidl_typesupport_fastrtps_cExport.cmake
[2.117s] -- Up-to-date: /home/vedant/OdriveCANControl/install/custom_msgs/share/custom_msgs/cmake/export_custom_msgs__rosidl_typesupport_fastrtps_cExport-noconfig.cmake
[2.118s] -- Up-to-date: /home/vedant/OdriveCANControl/install/custom_msgs/share/custom_msgs/cmake/custom_msgs__rosidl_typesupport_introspection_cExport.cmake
[2.118s] -- Up-to-date: /home/vedant/OdriveCANControl/install/custom_msgs/share/custom_msgs/cmake/custom_msgs__rosidl_typesupport_introspection_cExport-noconfig.cmake
[2.119s] -- Up-to-date: /home/vedant/OdriveCANControl/install/custom_msgs/share/custom_msgs/cmake/custom_msgs__rosidl_typesupport_cExport.cmake
[2.119s] -- Up-to-date: /home/vedant/OdriveCANControl/install/custom_msgs/share/custom_msgs/cmake/custom_msgs__rosidl_typesupport_cExport-noconfig.cmake
[2.120s] -- Up-to-date: /home/vedant/OdriveCANControl/install/custom_msgs/share/custom_msgs/cmake/export_custom_msgs__rosidl_generator_cppExport.cmake
[2.121s] -- Up-to-date: /home/vedant/OdriveCANControl/install/custom_msgs/share/custom_msgs/cmake/export_custom_msgs__rosidl_typesupport_fastrtps_cppExport.cmake
[2.121s] -- Up-to-date: /home/vedant/OdriveCANControl/install/custom_msgs/share/custom_msgs/cmake/export_custom_msgs__rosidl_typesupport_fastrtps_cppExport-noconfig.cmake
[2.122s] -- Up-to-date: /home/vedant/OdriveCANControl/install/custom_msgs/share/custom_msgs/cmake/custom_msgs__rosidl_typesupport_introspection_cppExport.cmake
[2.123s] -- Up-to-date: /home/vedant/OdriveCANControl/install/custom_msgs/share/custom_msgs/cmake/custom_msgs__rosidl_typesupport_introspection_cppExport-noconfig.cmake
[2.124s] -- Up-to-date: /home/vedant/OdriveCANControl/install/custom_msgs/share/custom_msgs/cmake/custom_msgs__rosidl_typesupport_cppExport.cmake
[2.124s] -- Up-to-date: /home/vedant/OdriveCANControl/install/custom_msgs/share/custom_msgs/cmake/custom_msgs__rosidl_typesupport_cppExport-noconfig.cmake
[2.125s] -- Up-to-date: /home/vedant/OdriveCANControl/install/custom_msgs/share/custom_msgs/cmake/export_custom_msgs__rosidl_generator_pyExport.cmake
[2.125s] -- Up-to-date: /home/vedant/OdriveCANControl/install/custom_msgs/share/custom_msgs/cmake/export_custom_msgs__rosidl_generator_pyExport-noconfig.cmake
[2.126s] -- Up-to-date: /home/vedant/OdriveCANControl/install/custom_msgs/share/custom_msgs/cmake/rosidl_cmake-extras.cmake
[2.126s] -- Up-to-date: /home/vedant/OdriveCANControl/install/custom_msgs/share/custom_msgs/cmake/ament_cmake_export_dependencies-extras.cmake
[2.127s] -- Up-to-date: /home/vedant/OdriveCANControl/install/custom_msgs/share/custom_msgs/cmake/ament_cmake_export_include_directories-extras.cmake
[2.127s] -- Up-to-date: /home/vedant/OdriveCANControl/install/custom_msgs/share/custom_msgs/cmake/ament_cmake_export_libraries-extras.cmake
[2.128s] -- Up-to-date: /home/vedant/OdriveCANControl/install/custom_msgs/share/custom_msgs/cmake/ament_cmake_export_targets-extras.cmake
[2.128s] -- Up-to-date: /home/vedant/OdriveCANControl/install/custom_msgs/share/custom_msgs/cmake/rosidl_cmake_export_typesupport_targets-extras.cmake
[2.129s] -- Up-to-date: /home/vedant/OdriveCANControl/install/custom_msgs/share/custom_msgs/cmake/rosidl_cmake_export_typesupport_libraries-extras.cmake
[2.129s] -- Up-to-date: /home/vedant/OdriveCANControl/install/custom_msgs/share/custom_msgs/cmake/custom_msgsConfig.cmake
[2.129s] -- Up-to-date: /home/vedant/OdriveCANControl/install/custom_msgs/share/custom_msgs/cmake/custom_msgsConfig-version.cmake
[2.130s] -- Up-to-date: /home/vedant/OdriveCANControl/install/custom_msgs/share/custom_msgs/package.xml
[2.137s] Invoked command in '/home/vedant/OdriveCANControl/build/custom_msgs' returned '0': CMAKE_PREFIX_PATH=${CMAKE_PREFIX_PATH}:/home/vedant/OdriveCANControl/install/odrive_control_py:/home/vedant/OdriveCANControl/install/controller:/home/vedant/OdriveCANControl/install/encoder:/home/vedant/OdriveCANControl/install/data_logging:/opt/ros/humble /usr/bin/cmake --install /home/vedant/OdriveCANControl/build/custom_msgs
