[2.574s] Invoking command in '/home/vedant/gaitlab_ws/OdriveCANControl/src/controller': AMENT_PREFIX_PATH=/home/vedant/gaitlab_ws/OdriveCANControl/install/odrive_can:/home/vedant/gaitlab_ws/OdriveCANControl/install/custom_msgs:${AMENT_PREFIX_PATH} CMAKE_PREFIX_PATH=/home/vedant/gaitlab_ws/OdriveCANControl/install/odrive_can:/home/vedant/gaitlab_ws/OdriveCANControl/install/custom_msgs LD_LIBRARY_PATH=/home/vedant/gaitlab_ws/OdriveCANControl/install/odrive_can/lib:/home/vedant/gaitlab_ws/OdriveCANControl/install/custom_msgs/lib:${LD_LIBRARY_PATH} PYTHONPATH=/home/vedant/gaitlab_ws/OdriveCANControl/build/controller/prefix_override:/home/vedant/gaitlab_ws/OdriveCANControl/install/controller/lib/python3.10/site-packages:/home/vedant/gaitlab_ws/OdriveCANControl/install/odrive_can/local/lib/python3.10/dist-packages:/home/vedant/gaitlab_ws/OdriveCANControl/install/custom_msgs/local/lib/python3.10/dist-packages:${PYTHONPATH} /usr/bin/python3 -W ignore:setup.py install is deprecated setup.py egg_info --egg-base ../../build/controller build --build-base /home/vedant/gaitlab_ws/OdriveCANControl/build/controller/build install --record /home/vedant/gaitlab_ws/OdriveCANControl/build/controller/install.log --single-version-externally-managed install_data
[2.749s] /home/vedant/.local/lib/python3.10/site-packages/setuptools/_distutils/dist.py:261: UserWarning: Unknown distribution option: 'tests_require'
[2.749s]   warnings.warn(msg)
[2.843s] running egg_info
[2.859s] creating ../../build/controller/controller.egg-info
[2.859s] writing ../../build/controller/controller.egg-info/PKG-INFO
[2.859s] writing dependency_links to ../../build/controller/controller.egg-info/dependency_links.txt
[2.860s] writing entry points to ../../build/controller/controller.egg-info/entry_points.txt
[2.860s] writing requirements to ../../build/controller/controller.egg-info/requires.txt
[2.860s] writing top-level names to ../../build/controller/controller.egg-info/top_level.txt
[2.860s] writing manifest file '../../build/controller/controller.egg-info/SOURCES.txt'
[2.905s] reading manifest file '../../build/controller/controller.egg-info/SOURCES.txt'
[2.908s] writing manifest file '../../build/controller/controller.egg-info/SOURCES.txt'
[2.908s] running build
[2.909s] running build_py
[2.909s] creating /home/vedant/gaitlab_ws/OdriveCANControl/build/controller/build/lib/controller
[2.910s] copying src/controller/odrive_control.py -> /home/vedant/gaitlab_ws/OdriveCANControl/build/controller/build/lib/controller
[2.911s] copying src/controller/control_node.py -> /home/vedant/gaitlab_ws/OdriveCANControl/build/controller/build/lib/controller
[2.911s] copying src/controller/Friction_compensation_node.py -> /home/vedant/gaitlab_ws/OdriveCANControl/build/controller/build/lib/controller
[2.913s] copying src/controller/__init__.py -> /home/vedant/gaitlab_ws/OdriveCANControl/build/controller/build/lib/controller
[2.914s] running install
[2.917s] running install_lib
[2.935s] creating /home/vedant/gaitlab_ws/OdriveCANControl/install/controller/lib/python3.10/site-packages/controller
[2.935s] copying /home/vedant/gaitlab_ws/OdriveCANControl/build/controller/build/lib/controller/odrive_control.py -> /home/vedant/gaitlab_ws/OdriveCANControl/install/controller/lib/python3.10/site-packages/controller
[2.935s] copying /home/vedant/gaitlab_ws/OdriveCANControl/build/controller/build/lib/controller/control_node.py -> /home/vedant/gaitlab_ws/OdriveCANControl/install/controller/lib/python3.10/site-packages/controller
[2.935s] copying /home/vedant/gaitlab_ws/OdriveCANControl/build/controller/build/lib/controller/Friction_compensation_node.py -> /home/vedant/gaitlab_ws/OdriveCANControl/install/controller/lib/python3.10/site-packages/controller
[2.935s] copying /home/vedant/gaitlab_ws/OdriveCANControl/build/controller/build/lib/controller/__init__.py -> /home/vedant/gaitlab_ws/OdriveCANControl/install/controller/lib/python3.10/site-packages/controller
[2.936s] byte-compiling /home/vedant/gaitlab_ws/OdriveCANControl/install/controller/lib/python3.10/site-packages/controller/odrive_control.py to odrive_control.cpython-310.pyc
[2.937s] byte-compiling /home/vedant/gaitlab_ws/OdriveCANControl/install/controller/lib/python3.10/site-packages/controller/control_node.py to control_node.cpython-310.pyc
[2.938s] byte-compiling /home/vedant/gaitlab_ws/OdriveCANControl/install/controller/lib/python3.10/site-packages/controller/Friction_compensation_node.py to Friction_compensation_node.cpython-310.pyc
[2.940s] byte-compiling /home/vedant/gaitlab_ws/OdriveCANControl/install/controller/lib/python3.10/site-packages/controller/__init__.py to __init__.cpython-310.pyc
[2.941s] running install_data
[2.941s] creating /home/vedant/gaitlab_ws/OdriveCANControl/install/controller/share/ament_index/resource_index/packages
[2.941s] copying resource/controller -> /home/vedant/gaitlab_ws/OdriveCANControl/install/controller/share/ament_index/resource_index/packages
[2.942s] copying package.xml -> /home/vedant/gaitlab_ws/OdriveCANControl/install/controller/share/controller
[2.942s] running install_egg_info
[2.968s] Copying ../../build/controller/controller.egg-info to /home/vedant/gaitlab_ws/OdriveCANControl/install/controller/lib/python3.10/site-packages/controller-0.0.0-py3.10.egg-info
[2.969s] running install_scripts
[3.172s] Installing odrive_control script to /home/vedant/gaitlab_ws/OdriveCANControl/install/controller/lib/controller
[3.172s] writing list of installed files to '/home/vedant/gaitlab_ws/OdriveCANControl/build/controller/install.log'
[3.199s] Invoked command in '/home/vedant/gaitlab_ws/OdriveCANControl/src/controller' returned '0': AMENT_PREFIX_PATH=/home/vedant/gaitlab_ws/OdriveCANControl/install/odrive_can:/home/vedant/gaitlab_ws/OdriveCANControl/install/custom_msgs:${AMENT_PREFIX_PATH} CMAKE_PREFIX_PATH=/home/vedant/gaitlab_ws/OdriveCANControl/install/odrive_can:/home/vedant/gaitlab_ws/OdriveCANControl/install/custom_msgs LD_LIBRARY_PATH=/home/vedant/gaitlab_ws/OdriveCANControl/install/odrive_can/lib:/home/vedant/gaitlab_ws/OdriveCANControl/install/custom_msgs/lib:${LD_LIBRARY_PATH} PYTHONPATH=/home/vedant/gaitlab_ws/OdriveCANControl/build/controller/prefix_override:/home/vedant/gaitlab_ws/OdriveCANControl/install/controller/lib/python3.10/site-packages:/home/vedant/gaitlab_ws/OdriveCANControl/install/odrive_can/local/lib/python3.10/dist-packages:/home/vedant/gaitlab_ws/OdriveCANControl/install/custom_msgs/local/lib/python3.10/dist-packages:${PYTHONPATH} /usr/bin/python3 -W ignore:setup.py install is deprecated setup.py egg_info --egg-base ../../build/controller build --build-base /home/vedant/gaitlab_ws/OdriveCANControl/build/controller/build install --record /home/vedant/gaitlab_ws/OdriveCANControl/build/controller/install.log --single-version-externally-managed install_data
