[5.430s] Invoking command in '/home/vedant/OdriveCANControl/src/controller': PYTHONPATH=/home/vedant/OdriveCANControl/build/controller/prefix_override:/usr/lib/python3/dist-packages/colcon_core/task/python/colcon_distutils_commands:/home/vedant/OdriveCANControl/install/controller/lib/python3.10/site-packages:${PYTHONPATH} /usr/bin/python3 -W ignore:setup.py install is deprecated -W ignore:easy_install command is deprecated setup.py egg_info --egg-base ../../build/controller build --build-base /home/vedant/OdriveCANControl/build/controller/build install --record /home/vedant/OdriveCANControl/build/controller/install.log --single-version-externally-managed install_data
[7.509s] running egg_info
[7.513s] writing ../../build/controller/controller.egg-info/PKG-INFO
[7.515s] writing dependency_links to ../../build/controller/controller.egg-info/dependency_links.txt
[7.519s] writing entry points to ../../build/controller/controller.egg-info/entry_points.txt
[7.523s] writing requirements to ../../build/controller/controller.egg-info/requires.txt
[7.525s] writing top-level names to ../../build/controller/controller.egg-info/top_level.txt
[7.539s] reading manifest file '../../build/controller/controller.egg-info/SOURCES.txt'
[7.549s] writing manifest file '../../build/controller/controller.egg-info/SOURCES.txt'
[7.551s] running build
[7.553s] running build_py
[7.555s] running install
[7.559s] running install_lib
[7.573s] running install_data
[7.574s] running install_egg_info
[7.593s] removing '/home/vedant/OdriveCANControl/install/controller/lib/python3.10/site-packages/controller-0.0.0-py3.10.egg-info' (and everything under it)
[7.602s] Copying ../../build/controller/controller.egg-info to /home/vedant/OdriveCANControl/install/controller/lib/python3.10/site-packages/controller-0.0.0-py3.10.egg-info
[7.623s] running install_scripts
[7.781s] Installing odrive_control_node script to /home/vedant/OdriveCANControl/install/controller/lib/controller
[7.783s] writing list of installed files to '/home/vedant/OdriveCANControl/build/controller/install.log'
[9.380s] Invoked command in '/home/vedant/OdriveCANControl/src/controller' returned '0': PYTHONPATH=/home/vedant/OdriveCANControl/build/controller/prefix_override:/usr/lib/python3/dist-packages/colcon_core/task/python/colcon_distutils_commands:/home/vedant/OdriveCANControl/install/controller/lib/python3.10/site-packages:${PYTHONPATH} /usr/bin/python3 -W ignore:setup.py install is deprecated -W ignore:easy_install command is deprecated setup.py egg_info --egg-base ../../build/controller build --build-base /home/vedant/OdriveCANControl/build/controller/build install --record /home/vedant/OdriveCANControl/build/controller/install.log --single-version-externally-managed install_data
