[0.053s] Invoking command in '/home/vedant/OdriveCANControl/build/data_sync': /usr/bin/cmake /home/vedant/OdriveCANControl/src/data_sync -DCMAKE_INSTALL_PREFIX=/home/vedant/OdriveCANControl/install/data_sync
[0.186s] [31mCMake Error at CMakeLists.txt:9 (find_package):
[0.187s]   By not providing "Findament_cmake.cmake" in CMAKE_MODULE_PATH this project
[0.189s]   has asked CMake to find a package configuration file provided by
[0.190s]   "ament_cmake", but CMake did not find one.
[0.191s] 
[0.192s]   Could not find a package configuration file provided by "ament_cmake" with
[0.194s]   any of the following names:
[0.197s] 
[0.198s]     ament_cmakeConfig.cmake
[0.198s]     ament_cmake-config.cmake
[0.199s] 
[0.199s]   Add the installation prefix of "ament_cmake" to CMAKE_PREFIX_PATH or set
[0.200s]   "ament_cmake_DIR" to a directory containing one of the above files.  If
[0.201s]   "ament_cmake" provides a separate development package or SDK, be sure it
[0.202s]   has been installed.
[0.203s] 
[0.203s] [0m
[0.204s] -- Configuring incomplete, errors occurred!
[0.205s] See also "/home/vedant/OdriveCANControl/build/data_sync/CMakeFiles/CMakeOutput.log".
[0.206s] Invoked command in '/home/vedant/OdriveCANControl/build/data_sync' returned '1': /usr/bin/cmake /home/vedant/OdriveCANControl/src/data_sync -DCMAKE_INSTALL_PREFIX=/home/vedant/OdriveCANControl/install/data_sync
