[3.371s] Invoking command in '/home/vedant/OdriveCANControl/build/odrive_can': CMAKE_PREFIX_PATH=/opt/ros/humble /usr/bin/cmake --build /home/vedant/OdriveCANControl/build/odrive_can -- -j4 -l4
[5.535s] [  1%] Built target odrive_can__cpp
[5.698s] [ 11%] Built target odrive_can__rosidl_generator_c
[5.908s] [ 11%] Built target ament_cmake_python_copy_odrive_can
[6.181s] [ 21%] Built target odrive_can__rosidl_typesupport_cpp
[6.252s] [ 31%] Built target odrive_can__rosidl_typesupport_fastrtps_cpp
[6.273s] [ 41%] Built target odrive_can__rosidl_typesupport_introspection_cpp
[6.332s] [ 51%] Built target odrive_can__rosidl_typesupport_fastrtps_c
[6.524s] [ 61%] Built target odrive_can__rosidl_typesupport_introspection_c
[6.582s] [ 71%] Built target odrive_can__rosidl_typesupport_c
[6.808s] [ 71%] Built target odrive_can
[7.034s] [ 80%] Built target odrive_can_node
[7.106s] [ 81%] Built target odrive_can__py
[7.425s] [ 90%] Built target odrive_can__rosidl_generator_py
[7.843s] [ 93%] Built target odrive_can__rosidl_typesupport_introspection_c__pyext
[7.962s] [100%] Built target odrive_can__rosidl_typesupport_c__pyext
[7.968s] [ 96%] Built target odrive_can__rosidl_typesupport_fastrtps_c__pyext
[8.474s] running egg_info
[8.478s] writing odrive_can.egg-info/PKG-INFO
[8.479s] writing dependency_links to odrive_can.egg-info/dependency_links.txt
[8.480s] writing top-level names to odrive_can.egg-info/top_level.txt
[8.491s] reading manifest file 'odrive_can.egg-info/SOURCES.txt'
[8.502s] writing manifest file 'odrive_can.egg-info/SOURCES.txt'
[8.638s] [100%] Built target ament_cmake_python_build_odrive_can_egg
[9.372s] Invoked command in '/home/vedant/OdriveCANControl/build/odrive_can' returned '0': CMAKE_PREFIX_PATH=/opt/ros/humble /usr/bin/cmake --build /home/vedant/OdriveCANControl/build/odrive_can -- -j4 -l4
[9.442s] Invoking command in '/home/vedant/OdriveCANControl/build/odrive_can': CMAKE_PREFIX_PATH=/opt/ros/humble /usr/bin/cmake --install /home/vedant/OdriveCANControl/build/odrive_can
[9.489s] -- Install configuration: ""
[9.525s] -- Up-to-date: /home/vedant/OdriveCANControl/install/odrive_can/share/ament_index/resource_index/rosidl_interfaces/odrive_can
[9.533s] -- Up-to-date: /home/vedant/OdriveCANControl/install/odrive_can/include/odrive_can/odrive_can
[9.537s] -- Up-to-date: /home/vedant/OdriveCANControl/install/odrive_can/include/odrive_can/odrive_can/srv
[9.541s] -- Up-to-date: /home/vedant/OdriveCANControl/install/odrive_can/include/odrive_can/odrive_can/srv/axis_state.h
[9.542s] -- Up-to-date: /home/vedant/OdriveCANControl/install/odrive_can/include/odrive_can/odrive_can/srv/detail
[9.546s] -- Up-to-date: /home/vedant/OdriveCANControl/install/odrive_can/include/odrive_can/odrive_can/srv/detail/axis_state__struct.h
[9.547s] -- Up-to-date: /home/vedant/OdriveCANControl/install/odrive_can/include/odrive_can/odrive_can/srv/detail/axis_state__functions.h
[9.548s] -- Up-to-date: /home/vedant/OdriveCANControl/install/odrive_can/include/odrive_can/odrive_can/srv/detail/axis_state__type_support.h
[9.548s] -- Up-to-date: /home/vedant/OdriveCANControl/install/odrive_can/include/odrive_can/odrive_can/srv/detail/axis_state__functions.c
[9.548s] -- Up-to-date: /home/vedant/OdriveCANControl/install/odrive_can/include/odrive_can/odrive_can/msg
[9.552s] -- Up-to-date: /home/vedant/OdriveCANControl/install/odrive_can/include/odrive_can/odrive_can/msg/rosidl_generator_c__visibility_control.h
[9.552s] -- Up-to-date: /home/vedant/OdriveCANControl/install/odrive_can/include/odrive_can/odrive_can/msg/control_message.h
[9.553s] -- Up-to-date: /home/vedant/OdriveCANControl/install/odrive_can/include/odrive_can/odrive_can/msg/controller_status.h
[9.553s] -- Up-to-date: /home/vedant/OdriveCANControl/install/odrive_can/include/odrive_can/odrive_can/msg/detail
[9.557s] -- Up-to-date: /home/vedant/OdriveCANControl/install/odrive_can/include/odrive_can/odrive_can/msg/detail/control_message__functions.c
[9.557s] -- Up-to-date: /home/vedant/OdriveCANControl/install/odrive_can/include/odrive_can/odrive_can/msg/detail/controller_status__functions.h
[9.558s] -- Up-to-date: /home/vedant/OdriveCANControl/install/odrive_can/include/odrive_can/odrive_can/msg/detail/o_drive_status__struct.h
[9.558s] -- Up-to-date: /home/vedant/OdriveCANControl/install/odrive_can/include/odrive_can/odrive_can/msg/detail/controller_status__functions.c
[9.559s] -- Up-to-date: /home/vedant/OdriveCANControl/install/odrive_can/include/odrive_can/odrive_can/msg/detail/o_drive_status__type_support.h
[9.559s] -- Up-to-date: /home/vedant/OdriveCANControl/install/odrive_can/include/odrive_can/odrive_can/msg/detail/controller_status__struct.h
[9.560s] -- Up-to-date: /home/vedant/OdriveCANControl/install/odrive_can/include/odrive_can/odrive_can/msg/detail/control_message__type_support.h
[9.560s] -- Up-to-date: /home/vedant/OdriveCANControl/install/odrive_can/include/odrive_can/odrive_can/msg/detail/control_message__struct.h
[9.560s] -- Up-to-date: /home/vedant/OdriveCANControl/install/odrive_can/include/odrive_can/odrive_can/msg/detail/control_message__functions.h
[9.561s] -- Up-to-date: /home/vedant/OdriveCANControl/install/odrive_can/include/odrive_can/odrive_can/msg/detail/o_drive_status__functions.h
[9.561s] -- Up-to-date: /home/vedant/OdriveCANControl/install/odrive_can/include/odrive_can/odrive_can/msg/detail/o_drive_status__functions.c
[9.561s] -- Up-to-date: /home/vedant/OdriveCANControl/install/odrive_can/include/odrive_can/odrive_can/msg/detail/controller_status__type_support.h
[9.562s] -- Up-to-date: /home/vedant/OdriveCANControl/install/odrive_can/include/odrive_can/odrive_can/msg/o_drive_status.h
[9.568s] -- Up-to-date: /home/vedant/OdriveCANControl/install/odrive_can/share/odrive_can/environment/library_path.sh
[9.569s] -- Up-to-date: /home/vedant/OdriveCANControl/install/odrive_can/share/odrive_can/environment/library_path.dsv
[9.598s] -- Up-to-date: /home/vedant/OdriveCANControl/install/odrive_can/lib/libodrive_can__rosidl_generator_c.so
[9.600s] -- Up-to-date: /home/vedant/OdriveCANControl/install/odrive_can/include/odrive_can/odrive_can
[9.601s] -- Up-to-date: /home/vedant/OdriveCANControl/install/odrive_can/include/odrive_can/odrive_can/srv
[9.601s] -- Up-to-date: /home/vedant/OdriveCANControl/install/odrive_can/include/odrive_can/odrive_can/srv/detail
[9.602s] -- Up-to-date: /home/vedant/OdriveCANControl/install/odrive_can/include/odrive_can/odrive_can/srv/detail/axis_state__rosidl_typesupport_fastrtps_c.h
[9.602s] -- Up-to-date: /home/vedant/OdriveCANControl/install/odrive_can/include/odrive_can/odrive_can/msg
[9.603s] -- Up-to-date: /home/vedant/OdriveCANControl/install/odrive_can/include/odrive_can/odrive_can/msg/detail
[9.604s] -- Up-to-date: /home/vedant/OdriveCANControl/install/odrive_can/include/odrive_can/odrive_can/msg/detail/control_message__rosidl_typesupport_fastrtps_c.h
[9.604s] -- Up-to-date: /home/vedant/OdriveCANControl/install/odrive_can/include/odrive_can/odrive_can/msg/detail/o_drive_status__rosidl_typesupport_fastrtps_c.h
[9.604s] -- Up-to-date: /home/vedant/OdriveCANControl/install/odrive_can/include/odrive_can/odrive_can/msg/detail/controller_status__rosidl_typesupport_fastrtps_c.h
[9.605s] -- Up-to-date: /home/vedant/OdriveCANControl/install/odrive_can/include/odrive_can/odrive_can/msg/rosidl_typesupport_fastrtps_c__visibility_control.h
[9.638s] -- Up-to-date: /home/vedant/OdriveCANControl/install/odrive_can/lib/libodrive_can__rosidl_typesupport_fastrtps_c.so
[9.639s] -- Up-to-date: /home/vedant/OdriveCANControl/install/odrive_can/include/odrive_can/odrive_can
[9.640s] -- Up-to-date: /home/vedant/OdriveCANControl/install/odrive_can/include/odrive_can/odrive_can/srv
[9.640s] -- Up-to-date: /home/vedant/OdriveCANControl/install/odrive_can/include/odrive_can/odrive_can/srv/axis_state.hpp
[9.641s] -- Up-to-date: /home/vedant/OdriveCANControl/install/odrive_can/include/odrive_can/odrive_can/srv/detail
[9.641s] -- Up-to-date: /home/vedant/OdriveCANControl/install/odrive_can/include/odrive_can/odrive_can/srv/detail/axis_state__builder.hpp
[9.642s] -- Up-to-date: /home/vedant/OdriveCANControl/install/odrive_can/include/odrive_can/odrive_can/srv/detail/axis_state__type_support.hpp
[9.642s] -- Up-to-date: /home/vedant/OdriveCANControl/install/odrive_can/include/odrive_can/odrive_can/srv/detail/axis_state__struct.hpp
[9.643s] -- Up-to-date: /home/vedant/OdriveCANControl/install/odrive_can/include/odrive_can/odrive_can/srv/detail/axis_state__traits.hpp
[9.644s] -- Up-to-date: /home/vedant/OdriveCANControl/install/odrive_can/include/odrive_can/odrive_can/msg
[9.644s] -- Up-to-date: /home/vedant/OdriveCANControl/install/odrive_can/include/odrive_can/odrive_can/msg/rosidl_generator_cpp__visibility_control.hpp
[9.645s] -- Up-to-date: /home/vedant/OdriveCANControl/install/odrive_can/include/odrive_can/odrive_can/msg/control_message.hpp
[9.645s] -- Up-to-date: /home/vedant/OdriveCANControl/install/odrive_can/include/odrive_can/odrive_can/msg/o_drive_status.hpp
[9.646s] -- Up-to-date: /home/vedant/OdriveCANControl/install/odrive_can/include/odrive_can/odrive_can/msg/controller_status.hpp
[9.647s] -- Up-to-date: /home/vedant/OdriveCANControl/install/odrive_can/include/odrive_can/odrive_can/msg/detail
[9.647s] -- Up-to-date: /home/vedant/OdriveCANControl/install/odrive_can/include/odrive_can/odrive_can/msg/detail/control_message__traits.hpp
[9.648s] -- Up-to-date: /home/vedant/OdriveCANControl/install/odrive_can/include/odrive_can/odrive_can/msg/detail/controller_status__traits.hpp
[9.649s] -- Up-to-date: /home/vedant/OdriveCANControl/install/odrive_can/include/odrive_can/odrive_can/msg/detail/control_message__builder.hpp
[9.649s] -- Up-to-date: /home/vedant/OdriveCANControl/install/odrive_can/include/odrive_can/odrive_can/msg/detail/controller_status__type_support.hpp
[9.650s] -- Up-to-date: /home/vedant/OdriveCANControl/install/odrive_can/include/odrive_can/odrive_can/msg/detail/o_drive_status__struct.hpp
[9.650s] -- Up-to-date: /home/vedant/OdriveCANControl/install/odrive_can/include/odrive_can/odrive_can/msg/detail/controller_status__builder.hpp
[9.651s] -- Up-to-date: /home/vedant/OdriveCANControl/install/odrive_can/include/odrive_can/odrive_can/msg/detail/o_drive_status__traits.hpp
[9.651s] -- Up-to-date: /home/vedant/OdriveCANControl/install/odrive_can/include/odrive_can/odrive_can/msg/detail/o_drive_status__builder.hpp
[9.652s] -- Up-to-date: /home/vedant/OdriveCANControl/install/odrive_can/include/odrive_can/odrive_can/msg/detail/o_drive_status__type_support.hpp
[9.652s] -- Up-to-date: /home/vedant/OdriveCANControl/install/odrive_can/include/odrive_can/odrive_can/msg/detail/control_message__type_support.hpp
[9.653s] -- Up-to-date: /home/vedant/OdriveCANControl/install/odrive_can/include/odrive_can/odrive_can/msg/detail/control_message__struct.hpp
[9.653s] -- Up-to-date: /home/vedant/OdriveCANControl/install/odrive_can/include/odrive_can/odrive_can/msg/detail/controller_status__struct.hpp
[9.654s] -- Up-to-date: /home/vedant/OdriveCANControl/install/odrive_can/include/odrive_can/odrive_can
[9.654s] -- Up-to-date: /home/vedant/OdriveCANControl/install/odrive_can/include/odrive_can/odrive_can/srv
[9.654s] -- Up-to-date: /home/vedant/OdriveCANControl/install/odrive_can/include/odrive_can/odrive_can/srv/detail
[9.655s] -- Up-to-date: /home/vedant/OdriveCANControl/install/odrive_can/include/odrive_can/odrive_can/srv/detail/axis_state__rosidl_typesupport_fastrtps_cpp.hpp
[9.655s] -- Up-to-date: /home/vedant/OdriveCANControl/install/odrive_can/include/odrive_can/odrive_can/srv/detail/dds_fastrtps
[9.655s] -- Up-to-date: /home/vedant/OdriveCANControl/install/odrive_can/include/odrive_can/odrive_can/msg
[9.656s] -- Up-to-date: /home/vedant/OdriveCANControl/install/odrive_can/include/odrive_can/odrive_can/msg/rosidl_typesupport_fastrtps_cpp__visibility_control.h
[9.656s] -- Up-to-date: /home/vedant/OdriveCANControl/install/odrive_can/include/odrive_can/odrive_can/msg/detail
[9.656s] -- Up-to-date: /home/vedant/OdriveCANControl/install/odrive_can/include/odrive_can/odrive_can/msg/detail/o_drive_status__rosidl_typesupport_fastrtps_cpp.hpp
[9.657s] -- Up-to-date: /home/vedant/OdriveCANControl/install/odrive_can/include/odrive_can/odrive_can/msg/detail/dds_fastrtps
[9.657s] -- Up-to-date: /home/vedant/OdriveCANControl/install/odrive_can/include/odrive_can/odrive_can/msg/detail/controller_status__rosidl_typesupport_fastrtps_cpp.hpp
[9.657s] -- Up-to-date: /home/vedant/OdriveCANControl/install/odrive_can/include/odrive_can/odrive_can/msg/detail/control_message__rosidl_typesupport_fastrtps_cpp.hpp
[9.667s] -- Up-to-date: /home/vedant/OdriveCANControl/install/odrive_can/lib/libodrive_can__rosidl_typesupport_fastrtps_cpp.so
[9.669s] -- Up-to-date: /home/vedant/OdriveCANControl/install/odrive_can/include/odrive_can/odrive_can
[9.671s] -- Up-to-date: /home/vedant/OdriveCANControl/install/odrive_can/include/odrive_can/odrive_can/srv
[9.673s] -- Up-to-date: /home/vedant/OdriveCANControl/install/odrive_can/include/odrive_can/odrive_can/srv/detail
[9.674s] -- Up-to-date: /home/vedant/OdriveCANControl/install/odrive_can/include/odrive_can/odrive_can/srv/detail/axis_state__type_support.c
[9.674s] -- Up-to-date: /home/vedant/OdriveCANControl/install/odrive_can/include/odrive_can/odrive_can/srv/detail/axis_state__rosidl_typesupport_introspection_c.h
[9.675s] -- Up-to-date: /home/vedant/OdriveCANControl/install/odrive_can/include/odrive_can/odrive_can/msg
[9.676s] -- Up-to-date: /home/vedant/OdriveCANControl/install/odrive_can/include/odrive_can/odrive_can/msg/detail
[9.676s] -- Up-to-date: /home/vedant/OdriveCANControl/install/odrive_can/include/odrive_can/odrive_can/msg/detail/o_drive_status__rosidl_typesupport_introspection_c.h
[9.677s] -- Up-to-date: /home/vedant/OdriveCANControl/install/odrive_can/include/odrive_can/odrive_can/msg/detail/control_message__rosidl_typesupport_introspection_c.h
[9.677s] -- Up-to-date: /home/vedant/OdriveCANControl/install/odrive_can/include/odrive_can/odrive_can/msg/detail/control_message__type_support.c
[9.677s] -- Up-to-date: /home/vedant/OdriveCANControl/install/odrive_can/include/odrive_can/odrive_can/msg/detail/controller_status__type_support.c
[9.678s] -- Up-to-date: /home/vedant/OdriveCANControl/install/odrive_can/include/odrive_can/odrive_can/msg/detail/o_drive_status__type_support.c
[9.678s] -- Up-to-date: /home/vedant/OdriveCANControl/install/odrive_can/include/odrive_can/odrive_can/msg/detail/controller_status__rosidl_typesupport_introspection_c.h
[9.678s] -- Up-to-date: /home/vedant/OdriveCANControl/install/odrive_can/include/odrive_can/odrive_can/msg/rosidl_typesupport_introspection_c__visibility_control.h
[9.690s] -- Up-to-date: /home/vedant/OdriveCANControl/install/odrive_can/lib/libodrive_can__rosidl_typesupport_introspection_c.so
[9.700s] -- Up-to-date: /home/vedant/OdriveCANControl/install/odrive_can/lib/libodrive_can__rosidl_typesupport_c.so
[9.702s] -- Up-to-date: /home/vedant/OdriveCANControl/install/odrive_can/include/odrive_can/odrive_can
[9.702s] -- Up-to-date: /home/vedant/OdriveCANControl/install/odrive_can/include/odrive_can/odrive_can/srv
[9.703s] -- Up-to-date: /home/vedant/OdriveCANControl/install/odrive_can/include/odrive_can/odrive_can/srv/detail
[9.703s] -- Up-to-date: /home/vedant/OdriveCANControl/install/odrive_can/include/odrive_can/odrive_can/srv/detail/axis_state__type_support.cpp
[9.704s] -- Up-to-date: /home/vedant/OdriveCANControl/install/odrive_can/include/odrive_can/odrive_can/srv/detail/axis_state__rosidl_typesupport_introspection_cpp.hpp
[9.705s] -- Up-to-date: /home/vedant/OdriveCANControl/install/odrive_can/include/odrive_can/odrive_can/msg
[9.705s] -- Up-to-date: /home/vedant/OdriveCANControl/install/odrive_can/include/odrive_can/odrive_can/msg/detail
[9.706s] -- Up-to-date: /home/vedant/OdriveCANControl/install/odrive_can/include/odrive_can/odrive_can/msg/detail/controller_status__type_support.cpp
[9.707s] -- Up-to-date: /home/vedant/OdriveCANControl/install/odrive_can/include/odrive_can/odrive_can/msg/detail/o_drive_status__rosidl_typesupport_introspection_cpp.hpp
[9.707s] -- Up-to-date: /home/vedant/OdriveCANControl/install/odrive_can/include/odrive_can/odrive_can/msg/detail/o_drive_status__type_support.cpp
[9.708s] -- Up-to-date: /home/vedant/OdriveCANControl/install/odrive_can/include/odrive_can/odrive_can/msg/detail/control_message__rosidl_typesupport_introspection_cpp.hpp
[9.708s] -- Up-to-date: /home/vedant/OdriveCANControl/install/odrive_can/include/odrive_can/odrive_can/msg/detail/controller_status__rosidl_typesupport_introspection_cpp.hpp
[9.709s] -- Up-to-date: /home/vedant/OdriveCANControl/install/odrive_can/include/odrive_can/odrive_can/msg/detail/control_message__type_support.cpp
[9.720s] -- Up-to-date: /home/vedant/OdriveCANControl/install/odrive_can/lib/libodrive_can__rosidl_typesupport_introspection_cpp.so
[9.734s] -- Up-to-date: /home/vedant/OdriveCANControl/install/odrive_can/lib/libodrive_can__rosidl_typesupport_cpp.so
[9.735s] -- Up-to-date: /home/vedant/OdriveCANControl/install/odrive_can/share/odrive_can/environment/pythonpath.sh
[9.736s] -- Up-to-date: /home/vedant/OdriveCANControl/install/odrive_can/share/odrive_can/environment/pythonpath.dsv
[9.751s] -- Up-to-date: /home/vedant/OdriveCANControl/install/odrive_can/local/lib/python3.10/dist-packages/odrive_can-0.0.1-py3.10.egg-info
[9.756s] -- Installing: /home/vedant/OdriveCANControl/install/odrive_can/local/lib/python3.10/dist-packages/odrive_can-0.0.1-py3.10.egg-info/PKG-INFO
[9.757s] -- Installing: /home/vedant/OdriveCANControl/install/odrive_can/local/lib/python3.10/dist-packages/odrive_can-0.0.1-py3.10.egg-info/top_level.txt
[9.760s] -- Installing: /home/vedant/OdriveCANControl/install/odrive_can/local/lib/python3.10/dist-packages/odrive_can-0.0.1-py3.10.egg-info/dependency_links.txt
[9.761s] -- Installing: /home/vedant/OdriveCANControl/install/odrive_can/local/lib/python3.10/dist-packages/odrive_can-0.0.1-py3.10.egg-info/SOURCES.txt
[9.762s] -- Up-to-date: /home/vedant/OdriveCANControl/install/odrive_can/local/lib/python3.10/dist-packages/odrive_can
[9.767s] -- Up-to-date: /home/vedant/OdriveCANControl/install/odrive_can/local/lib/python3.10/dist-packages/odrive_can/srv
[9.772s] -- Up-to-date: /home/vedant/OdriveCANControl/install/odrive_can/local/lib/python3.10/dist-packages/odrive_can/srv/_axis_state_s.c
[9.773s] -- Up-to-date: /home/vedant/OdriveCANControl/install/odrive_can/local/lib/python3.10/dist-packages/odrive_can/srv/__init__.py
[9.773s] -- Up-to-date: /home/vedant/OdriveCANControl/install/odrive_can/local/lib/python3.10/dist-packages/odrive_can/srv/_axis_state.py
[9.774s] -- Up-to-date: /home/vedant/OdriveCANControl/install/odrive_can/local/lib/python3.10/dist-packages/odrive_can/msg
[9.777s] -- Up-to-date: /home/vedant/OdriveCANControl/install/odrive_can/local/lib/python3.10/dist-packages/odrive_can/msg/_o_drive_status_s.c
[9.778s] -- Up-to-date: /home/vedant/OdriveCANControl/install/odrive_can/local/lib/python3.10/dist-packages/odrive_can/msg/_o_drive_status.py
[9.778s] -- Up-to-date: /home/vedant/OdriveCANControl/install/odrive_can/local/lib/python3.10/dist-packages/odrive_can/msg/__init__.py
[9.779s] -- Up-to-date: /home/vedant/OdriveCANControl/install/odrive_can/local/lib/python3.10/dist-packages/odrive_can/msg/_controller_status.py
[9.779s] -- Up-to-date: /home/vedant/OdriveCANControl/install/odrive_can/local/lib/python3.10/dist-packages/odrive_can/msg/_control_message_s.c
[9.780s] -- Up-to-date: /home/vedant/OdriveCANControl/install/odrive_can/local/lib/python3.10/dist-packages/odrive_can/msg/_controller_status_s.c
[9.781s] -- Up-to-date: /home/vedant/OdriveCANControl/install/odrive_can/local/lib/python3.10/dist-packages/odrive_can/msg/_control_message.py
[9.781s] -- Up-to-date: /home/vedant/OdriveCANControl/install/odrive_can/local/lib/python3.10/dist-packages/odrive_can/_odrive_can_s.ep.rosidl_typesupport_introspection_c.c
[9.782s] -- Up-to-date: /home/vedant/OdriveCANControl/install/odrive_can/local/lib/python3.10/dist-packages/odrive_can/libodrive_can__rosidl_generator_py.so
[9.783s] -- Up-to-date: /home/vedant/OdriveCANControl/install/odrive_can/local/lib/python3.10/dist-packages/odrive_can/odrive_can_s__rosidl_typesupport_c.cpython-310-aarch64-linux-gnu.so
[9.783s] -- Up-to-date: /home/vedant/OdriveCANControl/install/odrive_can/local/lib/python3.10/dist-packages/odrive_can/_odrive_can_s.ep.rosidl_typesupport_c.c
[9.784s] -- Up-to-date: /home/vedant/OdriveCANControl/install/odrive_can/local/lib/python3.10/dist-packages/odrive_can/_odrive_can_s.ep.rosidl_typesupport_fastrtps_c.c
[9.784s] -- Up-to-date: /home/vedant/OdriveCANControl/install/odrive_can/local/lib/python3.10/dist-packages/odrive_can/__init__.py
[9.785s] -- Up-to-date: /home/vedant/OdriveCANControl/install/odrive_can/local/lib/python3.10/dist-packages/odrive_can/odrive_can_s__rosidl_typesupport_fastrtps_c.cpython-310-aarch64-linux-gnu.so
[9.785s] -- Up-to-date: /home/vedant/OdriveCANControl/install/odrive_can/local/lib/python3.10/dist-packages/odrive_can/odrive_can_s__rosidl_typesupport_introspection_c.cpython-310-aarch64-linux-gnu.so
[9.986s] Listing '/home/vedant/OdriveCANControl/install/odrive_can/local/lib/python3.10/dist-packages/odrive_can'...
[9.987s] Listing '/home/vedant/OdriveCANControl/install/odrive_can/local/lib/python3.10/dist-packages/odrive_can/msg'...
[9.989s] Listing '/home/vedant/OdriveCANControl/install/odrive_can/local/lib/python3.10/dist-packages/odrive_can/srv'...
[10.030s] -- Up-to-date: /home/vedant/OdriveCANControl/install/odrive_can/local/lib/python3.10/dist-packages/odrive_can/odrive_can_s__rosidl_typesupport_fastrtps_c.cpython-310-aarch64-linux-gnu.so
[10.040s] -- Up-to-date: /home/vedant/OdriveCANControl/install/odrive_can/local/lib/python3.10/dist-packages/odrive_can/odrive_can_s__rosidl_typesupport_introspection_c.cpython-310-aarch64-linux-gnu.so
[10.051s] -- Up-to-date: /home/vedant/OdriveCANControl/install/odrive_can/local/lib/python3.10/dist-packages/odrive_can/odrive_can_s__rosidl_typesupport_c.cpython-310-aarch64-linux-gnu.so
[10.065s] -- Up-to-date: /home/vedant/OdriveCANControl/install/odrive_can/lib/libodrive_can__rosidl_generator_py.so
[10.070s] -- Up-to-date: /home/vedant/OdriveCANControl/install/odrive_can/share/odrive_can/msg/ControlMessage.idl
[10.070s] -- Up-to-date: /home/vedant/OdriveCANControl/install/odrive_can/share/odrive_can/msg/ControllerStatus.idl
[10.071s] -- Up-to-date: /home/vedant/OdriveCANControl/install/odrive_can/share/odrive_can/msg/ODriveStatus.idl
[10.075s] -- Up-to-date: /home/vedant/OdriveCANControl/install/odrive_can/share/odrive_can/srv/AxisState.idl
[10.076s] -- Up-to-date: /home/vedant/OdriveCANControl/install/odrive_can/share/odrive_can/msg/ControlMessage.msg
[10.077s] -- Up-to-date: /home/vedant/OdriveCANControl/install/odrive_can/share/odrive_can/msg/ControllerStatus.msg
[10.077s] -- Up-to-date: /home/vedant/OdriveCANControl/install/odrive_can/share/odrive_can/msg/ODriveStatus.msg
[10.078s] -- Up-to-date: /home/vedant/OdriveCANControl/install/odrive_can/share/odrive_can/srv/AxisState.srv
[10.078s] -- Up-to-date: /home/vedant/OdriveCANControl/install/odrive_can/share/odrive_can/srv/AxisState_Request.msg
[10.079s] -- Up-to-date: /home/vedant/OdriveCANControl/install/odrive_can/share/odrive_can/srv/AxisState_Response.msg
[10.096s] -- Up-to-date: /home/vedant/OdriveCANControl/install/odrive_can/lib/odrive_can/odrive_can_node
[10.097s] -- Up-to-date: /home/vedant/OdriveCANControl/install/odrive_can/share/odrive_can/launch
[10.101s] -- Up-to-date: /home/vedant/OdriveCANControl/install/odrive_can/share/odrive_can/launch/example_launch.yaml
[10.105s] -- Up-to-date: /home/vedant/OdriveCANControl/install/odrive_can/share/ament_index/resource_index/package_run_dependencies/odrive_can
[10.110s] -- Up-to-date: /home/vedant/OdriveCANControl/install/odrive_can/share/ament_index/resource_index/parent_prefix_path/odrive_can
[10.111s] -- Up-to-date: /home/vedant/OdriveCANControl/install/odrive_can/share/odrive_can/environment/ament_prefix_path.sh
[10.111s] -- Up-to-date: /home/vedant/OdriveCANControl/install/odrive_can/share/odrive_can/environment/ament_prefix_path.dsv
[10.112s] -- Up-to-date: /home/vedant/OdriveCANControl/install/odrive_can/share/odrive_can/environment/path.sh
[10.112s] -- Up-to-date: /home/vedant/OdriveCANControl/install/odrive_can/share/odrive_can/environment/path.dsv
[10.113s] -- Up-to-date: /home/vedant/OdriveCANControl/install/odrive_can/share/odrive_can/local_setup.bash
[10.114s] -- Up-to-date: /home/vedant/OdriveCANControl/install/odrive_can/share/odrive_can/local_setup.sh
[10.114s] -- Up-to-date: /home/vedant/OdriveCANControl/install/odrive_can/share/odrive_can/local_setup.zsh
[10.115s] -- Up-to-date: /home/vedant/OdriveCANControl/install/odrive_can/share/odrive_can/local_setup.dsv
[10.115s] -- Installing: /home/vedant/OdriveCANControl/install/odrive_can/share/odrive_can/package.dsv
[10.124s] -- Up-to-date: /home/vedant/OdriveCANControl/install/odrive_can/share/ament_index/resource_index/packages/odrive_can
[10.150s] -- Up-to-date: /home/vedant/OdriveCANControl/install/odrive_can/share/odrive_can/cmake/export_odrive_can__rosidl_generator_cExport.cmake
[10.151s] -- Up-to-date: /home/vedant/OdriveCANControl/install/odrive_can/share/odrive_can/cmake/export_odrive_can__rosidl_generator_cExport-noconfig.cmake
[10.160s] -- Up-to-date: /home/vedant/OdriveCANControl/install/odrive_can/share/odrive_can/cmake/export_odrive_can__rosidl_typesupport_fastrtps_cExport.cmake
[10.161s] -- Up-to-date: /home/vedant/OdriveCANControl/install/odrive_can/share/odrive_can/cmake/export_odrive_can__rosidl_typesupport_fastrtps_cExport-noconfig.cmake
[10.169s] -- Up-to-date: /home/vedant/OdriveCANControl/install/odrive_can/share/odrive_can/cmake/export_odrive_can__rosidl_generator_cppExport.cmake
[10.178s] -- Up-to-date: /home/vedant/OdriveCANControl/install/odrive_can/share/odrive_can/cmake/export_odrive_can__rosidl_typesupport_fastrtps_cppExport.cmake
[10.179s] -- Up-to-date: /home/vedant/OdriveCANControl/install/odrive_can/share/odrive_can/cmake/export_odrive_can__rosidl_typesupport_fastrtps_cppExport-noconfig.cmake
[10.188s] -- Up-to-date: /home/vedant/OdriveCANControl/install/odrive_can/share/odrive_can/cmake/odrive_can__rosidl_typesupport_introspection_cExport.cmake
[10.189s] -- Up-to-date: /home/vedant/OdriveCANControl/install/odrive_can/share/odrive_can/cmake/odrive_can__rosidl_typesupport_introspection_cExport-noconfig.cmake
[10.197s] -- Up-to-date: /home/vedant/OdriveCANControl/install/odrive_can/share/odrive_can/cmake/odrive_can__rosidl_typesupport_cExport.cmake
[10.198s] -- Up-to-date: /home/vedant/OdriveCANControl/install/odrive_can/share/odrive_can/cmake/odrive_can__rosidl_typesupport_cExport-noconfig.cmake
[10.207s] -- Up-to-date: /home/vedant/OdriveCANControl/install/odrive_can/share/odrive_can/cmake/odrive_can__rosidl_typesupport_introspection_cppExport.cmake
[10.208s] -- Up-to-date: /home/vedant/OdriveCANControl/install/odrive_can/share/odrive_can/cmake/odrive_can__rosidl_typesupport_introspection_cppExport-noconfig.cmake
[10.216s] -- Up-to-date: /home/vedant/OdriveCANControl/install/odrive_can/share/odrive_can/cmake/odrive_can__rosidl_typesupport_cppExport.cmake
[10.217s] -- Up-to-date: /home/vedant/OdriveCANControl/install/odrive_can/share/odrive_can/cmake/odrive_can__rosidl_typesupport_cppExport-noconfig.cmake
[10.226s] -- Up-to-date: /home/vedant/OdriveCANControl/install/odrive_can/share/odrive_can/cmake/export_odrive_can__rosidl_generator_pyExport.cmake
[10.226s] -- Up-to-date: /home/vedant/OdriveCANControl/install/odrive_can/share/odrive_can/cmake/export_odrive_can__rosidl_generator_pyExport-noconfig.cmake
[10.227s] -- Up-to-date: /home/vedant/OdriveCANControl/install/odrive_can/share/odrive_can/cmake/rosidl_cmake-extras.cmake
[10.228s] -- Up-to-date: /home/vedant/OdriveCANControl/install/odrive_can/share/odrive_can/cmake/ament_cmake_export_include_directories-extras.cmake
[10.228s] -- Up-to-date: /home/vedant/OdriveCANControl/install/odrive_can/share/odrive_can/cmake/ament_cmake_export_libraries-extras.cmake
[10.229s] -- Up-to-date: /home/vedant/OdriveCANControl/install/odrive_can/share/odrive_can/cmake/ament_cmake_export_targets-extras.cmake
[10.229s] -- Up-to-date: /home/vedant/OdriveCANControl/install/odrive_can/share/odrive_can/cmake/rosidl_cmake_export_typesupport_targets-extras.cmake
[10.230s] -- Up-to-date: /home/vedant/OdriveCANControl/install/odrive_can/share/odrive_can/cmake/ament_cmake_export_dependencies-extras.cmake
[10.230s] -- Up-to-date: /home/vedant/OdriveCANControl/install/odrive_can/share/odrive_can/cmake/rosidl_cmake_export_typesupport_libraries-extras.cmake
[10.231s] -- Up-to-date: /home/vedant/OdriveCANControl/install/odrive_can/share/odrive_can/cmake/odrive_canConfig.cmake
[10.231s] -- Up-to-date: /home/vedant/OdriveCANControl/install/odrive_can/share/odrive_can/cmake/odrive_canConfig-version.cmake
[10.232s] -- Up-to-date: /home/vedant/OdriveCANControl/install/odrive_can/share/odrive_can/package.xml
[10.245s] Invoked command in '/home/vedant/OdriveCANControl/build/odrive_can' returned '0': CMAKE_PREFIX_PATH=/opt/ros/humble /usr/bin/cmake --install /home/vedant/OdriveCANControl/build/odrive_can
