[0.997s] Invoking command in '/home/vedant/gaitlab_ws/src/data_sync': PYTHONPATH=/home/vedant/gaitlab_ws/build/data_sync/prefix_override:/usr/lib/python3/dist-packages/colcon_core/task/python/colcon_distutils_commands:/home/vedant/gaitlab_ws/install/data_sync/lib/python3.10/site-packages:${PYTHONPATH} /usr/bin/python3 -W ignore:setup.py install is deprecated setup.py egg_info --egg-base ../../build/data_sync build --build-base /home/vedant/gaitlab_ws/build/data_sync/build install --record /home/vedant/gaitlab_ws/build/data_sync/install.log --single-version-externally-managed install_data
[1.342s] running egg_info
[1.343s] creating ../../build/data_sync/data_sync.egg-info
[1.343s] writing ../../build/data_sync/data_sync.egg-info/PKG-INFO
[1.344s] writing dependency_links to ../../build/data_sync/data_sync.egg-info/dependency_links.txt
[1.344s] writing entry points to ../../build/data_sync/data_sync.egg-info/entry_points.txt
[1.344s] writing requirements to ../../build/data_sync/data_sync.egg-info/requires.txt
[1.345s] writing top-level names to ../../build/data_sync/data_sync.egg-info/top_level.txt
[1.345s] writing manifest file '../../build/data_sync/data_sync.egg-info/SOURCES.txt'
[1.347s] reading manifest file '../../build/data_sync/data_sync.egg-info/SOURCES.txt'
[1.348s] writing manifest file '../../build/data_sync/data_sync.egg-info/SOURCES.txt'
[1.349s] running build
[1.349s] running build_py
[1.349s] creating /home/vedant/gaitlab_ws/build/data_sync/build
[1.350s] creating /home/vedant/gaitlab_ws/build/data_sync/build/lib
[1.350s] creating /home/vedant/gaitlab_ws/build/data_sync/build/lib/data_sync
[1.350s] copying data_sync/__init__.py -> /home/vedant/gaitlab_ws/build/data_sync/build/lib/data_sync
[1.350s] running install
[1.351s] running install_lib
[1.353s] creating /home/vedant/gaitlab_ws/install/data_sync/lib/python3.10/site-packages/data_sync
[1.353s] copying /home/vedant/gaitlab_ws/build/data_sync/build/lib/data_sync/__init__.py -> /home/vedant/gaitlab_ws/install/data_sync/lib/python3.10/site-packages/data_sync
[1.354s] byte-compiling /home/vedant/gaitlab_ws/install/data_sync/lib/python3.10/site-packages/data_sync/__init__.py to __init__.cpython-310.pyc
[1.354s] running install_data
[1.354s] creating /home/vedant/gaitlab_ws/install/data_sync/share/ament_index
[1.354s] creating /home/vedant/gaitlab_ws/install/data_sync/share/ament_index/resource_index
[1.355s] creating /home/vedant/gaitlab_ws/install/data_sync/share/ament_index/resource_index/packages
[1.355s] copying resource/data_sync -> /home/vedant/gaitlab_ws/install/data_sync/share/ament_index/resource_index/packages
[1.355s] copying package.xml -> /home/vedant/gaitlab_ws/install/data_sync/share/data_sync
[1.355s] running install_egg_info
[1.357s] Copying ../../build/data_sync/data_sync.egg-info to /home/vedant/gaitlab_ws/install/data_sync/lib/python3.10/site-packages/data_sync-0.0.0-py3.10.egg-info
[1.358s] running install_scripts
[1.386s] Installing data_collection_service script to /home/vedant/gaitlab_ws/install/data_sync/lib/data_sync
[1.386s] writing list of installed files to '/home/vedant/gaitlab_ws/build/data_sync/install.log'
[1.423s] Invoked command in '/home/vedant/gaitlab_ws/src/data_sync' returned '0': PYTHONPATH=/home/vedant/gaitlab_ws/build/data_sync/prefix_override:/usr/lib/python3/dist-packages/colcon_core/task/python/colcon_distutils_commands:/home/vedant/gaitlab_ws/install/data_sync/lib/python3.10/site-packages:${PYTHONPATH} /usr/bin/python3 -W ignore:setup.py install is deprecated setup.py egg_info --egg-base ../../build/data_sync build --build-base /home/vedant/gaitlab_ws/build/data_sync/build install --record /home/vedant/gaitlab_ws/build/data_sync/install.log --single-version-externally-managed install_data
