[0.152s] DEBUG:colcon:Command line arguments: ['/usr/bin/colcon', 'build', '--packages-select', 'data_sync', 'odrive_control_py']
[0.152s] DEBUG:colcon:Parsed command line arguments: Namespace(log_base=None, log_level=None, verb_name='build', build_base='build', install_base='install', merge_install=False, symlink_install=False, test_result_base=None, continue_on_error=False, executor='parallel', parallel_workers=4, event_handlers=None, ignore_user_meta=False, metas=['./colcon.meta'], base_paths=['.'], packages_ignore=None, packages_ignore_regex=None, paths=None, packages_up_to=None, packages_up_to_regex=None, packages_above=None, packages_above_and_dependencies=None, packages_above_depth=None, packages_select_by_dep=None, packages_skip_by_dep=None, packages_skip_up_to=None, packages_select_build_failed=False, packages_skip_build_finished=False, packages_select_test_failures=False, packages_skip_test_passed=False, packages_select=['data_sync', 'odrive_control_py'], packages_skip=None, packages_select_regex=None, packages_skip_regex=None, packages_start=None, packages_end=None, allow_overriding=[], cmake_args=None, cmake_target=None, cmake_target_skip_unavailable=False, cmake_clean_cache=False, cmake_clean_first=False, cmake_force_configure=False, ament_cmake_args=None, catkin_cmake_args=None, catkin_skip_building_tests=False, verb_parser=<colcon_defaults.argument_parser.defaults.DefaultArgumentsDecorator object at 0x7a7b4ab04bb0>, verb_extension=<colcon_core.verb.build.BuildVerb object at 0x7a7b4acc2320>, main=<bound method BuildVerb.main of <colcon_core.verb.build.BuildVerb object at 0x7a7b4acc2320>>)
[0.394s] Level 1:colcon.colcon_core.package_discovery:discover_packages(colcon_meta) check parameters
[0.394s] Level 1:colcon.colcon_core.package_discovery:discover_packages(recursive) check parameters
[0.395s] Level 1:colcon.colcon_core.package_discovery:discover_packages(ignore) check parameters
[0.395s] Level 1:colcon.colcon_core.package_discovery:discover_packages(path) check parameters
[0.395s] Level 1:colcon.colcon_core.package_discovery:discover_packages(colcon_meta) discover
[0.395s] Level 1:colcon.colcon_core.package_discovery:discover_packages(recursive) discover
[0.395s] INFO:colcon.colcon_core.package_discovery:Crawling recursively for packages in '/home/vedant/gaitlab_ws'
[0.395s] Level 1:colcon.colcon_core.package_identification:_identify(.) by extensions ['ignore', 'ignore_ament_install']
[0.395s] Level 1:colcon.colcon_core.package_identification:_identify(.) by extension 'ignore'
[0.395s] Level 1:colcon.colcon_core.package_identification:_identify(.) by extension 'ignore_ament_install'
[0.395s] Level 1:colcon.colcon_core.package_identification:_identify(.) by extensions ['colcon_pkg']
[0.395s] Level 1:colcon.colcon_core.package_identification:_identify(.) by extension 'colcon_pkg'
[0.395s] Level 1:colcon.colcon_core.package_identification:_identify(.) by extensions ['colcon_meta']
[0.395s] Level 1:colcon.colcon_core.package_identification:_identify(.) by extension 'colcon_meta'
[0.395s] Level 1:colcon.colcon_core.package_identification:_identify(.) by extensions ['ros']
[0.395s] Level 1:colcon.colcon_core.package_identification:_identify(.) by extension 'ros'
[0.412s] Level 1:colcon.colcon_core.package_identification:_identify(.) by extensions ['cmake', 'python']
[0.413s] Level 1:colcon.colcon_core.package_identification:_identify(.) by extension 'cmake'
[0.413s] Level 1:colcon.colcon_core.package_identification:_identify(.) by extension 'python'
[0.413s] Level 1:colcon.colcon_core.package_identification:_identify(.) by extensions ['python_setup_py']
[0.413s] Level 1:colcon.colcon_core.package_identification:_identify(.) by extension 'python_setup_py'
[0.413s] Level 1:colcon.colcon_core.package_identification:_identify(bag_files) by extensions ['ignore', 'ignore_ament_install']
[0.413s] Level 1:colcon.colcon_core.package_identification:_identify(bag_files) by extension 'ignore'
[0.413s] Level 1:colcon.colcon_core.package_identification:_identify(bag_files) by extension 'ignore_ament_install'
[0.413s] Level 1:colcon.colcon_core.package_identification:_identify(bag_files) by extensions ['colcon_pkg']
[0.413s] Level 1:colcon.colcon_core.package_identification:_identify(bag_files) by extension 'colcon_pkg'
[0.413s] Level 1:colcon.colcon_core.package_identification:_identify(bag_files) by extensions ['colcon_meta']
[0.413s] Level 1:colcon.colcon_core.package_identification:_identify(bag_files) by extension 'colcon_meta'
[0.413s] Level 1:colcon.colcon_core.package_identification:_identify(bag_files) by extensions ['ros']
[0.413s] Level 1:colcon.colcon_core.package_identification:_identify(bag_files) by extension 'ros'
[0.414s] Level 1:colcon.colcon_core.package_identification:_identify(bag_files) by extensions ['cmake', 'python']
[0.414s] Level 1:colcon.colcon_core.package_identification:_identify(bag_files) by extension 'cmake'
[0.414s] Level 1:colcon.colcon_core.package_identification:_identify(bag_files) by extension 'python'
[0.414s] Level 1:colcon.colcon_core.package_identification:_identify(bag_files) by extensions ['python_setup_py']
[0.414s] Level 1:colcon.colcon_core.package_identification:_identify(bag_files) by extension 'python_setup_py'
[0.414s] Level 1:colcon.colcon_core.package_identification:_identify(bag_files/rosbag2_2024_08_22-12_20_42) by extensions ['ignore', 'ignore_ament_install']
[0.414s] Level 1:colcon.colcon_core.package_identification:_identify(bag_files/rosbag2_2024_08_22-12_20_42) by extension 'ignore'
[0.414s] Level 1:colcon.colcon_core.package_identification:_identify(bag_files/rosbag2_2024_08_22-12_20_42) by extension 'ignore_ament_install'
[0.414s] Level 1:colcon.colcon_core.package_identification:_identify(bag_files/rosbag2_2024_08_22-12_20_42) by extensions ['colcon_pkg']
[0.414s] Level 1:colcon.colcon_core.package_identification:_identify(bag_files/rosbag2_2024_08_22-12_20_42) by extension 'colcon_pkg'
[0.414s] Level 1:colcon.colcon_core.package_identification:_identify(bag_files/rosbag2_2024_08_22-12_20_42) by extensions ['colcon_meta']
[0.414s] Level 1:colcon.colcon_core.package_identification:_identify(bag_files/rosbag2_2024_08_22-12_20_42) by extension 'colcon_meta'
[0.414s] Level 1:colcon.colcon_core.package_identification:_identify(bag_files/rosbag2_2024_08_22-12_20_42) by extensions ['ros']
[0.414s] Level 1:colcon.colcon_core.package_identification:_identify(bag_files/rosbag2_2024_08_22-12_20_42) by extension 'ros'
[0.414s] Level 1:colcon.colcon_core.package_identification:_identify(bag_files/rosbag2_2024_08_22-12_20_42) by extensions ['cmake', 'python']
[0.414s] Level 1:colcon.colcon_core.package_identification:_identify(bag_files/rosbag2_2024_08_22-12_20_42) by extension 'cmake'
[0.415s] Level 1:colcon.colcon_core.package_identification:_identify(bag_files/rosbag2_2024_08_22-12_20_42) by extension 'python'
[0.415s] Level 1:colcon.colcon_core.package_identification:_identify(bag_files/rosbag2_2024_08_22-12_20_42) by extensions ['python_setup_py']
[0.415s] Level 1:colcon.colcon_core.package_identification:_identify(bag_files/rosbag2_2024_08_22-12_20_42) by extension 'python_setup_py'
[0.415s] Level 1:colcon.colcon_core.package_identification:_identify(build) by extensions ['ignore', 'ignore_ament_install']
[0.415s] Level 1:colcon.colcon_core.package_identification:_identify(build) by extension 'ignore'
[0.415s] Level 1:colcon.colcon_core.package_identification:_identify(build) ignored
[0.415s] Level 1:colcon.colcon_core.package_identification:_identify(controller) by extensions ['ignore', 'ignore_ament_install']
[0.415s] Level 1:colcon.colcon_core.package_identification:_identify(controller) by extension 'ignore'
[0.415s] Level 1:colcon.colcon_core.package_identification:_identify(controller) by extension 'ignore_ament_install'
[0.415s] Level 1:colcon.colcon_core.package_identification:_identify(controller) by extensions ['colcon_pkg']
[0.415s] Level 1:colcon.colcon_core.package_identification:_identify(controller) by extension 'colcon_pkg'
[0.415s] Level 1:colcon.colcon_core.package_identification:_identify(controller) by extensions ['colcon_meta']
[0.416s] Level 1:colcon.colcon_core.package_identification:_identify(controller) by extension 'colcon_meta'
[0.416s] Level 1:colcon.colcon_core.package_identification:_identify(controller) by extensions ['ros']
[0.416s] Level 1:colcon.colcon_core.package_identification:_identify(controller) by extension 'ros'
[0.416s] Level 1:colcon.colcon_core.package_identification:_identify(controller) by extensions ['cmake', 'python']
[0.416s] Level 1:colcon.colcon_core.package_identification:_identify(controller) by extension 'cmake'
[0.416s] Level 1:colcon.colcon_core.package_identification:_identify(controller) by extension 'python'
[0.416s] Level 1:colcon.colcon_core.package_identification:_identify(controller) by extensions ['python_setup_py']
[0.416s] Level 1:colcon.colcon_core.package_identification:_identify(controller) by extension 'python_setup_py'
[0.416s] Level 1:colcon.colcon_core.package_identification:_identify(controller1) by extensions ['ignore', 'ignore_ament_install']
[0.416s] Level 1:colcon.colcon_core.package_identification:_identify(controller1) by extension 'ignore'
[0.416s] Level 1:colcon.colcon_core.package_identification:_identify(controller1) by extension 'ignore_ament_install'
[0.416s] Level 1:colcon.colcon_core.package_identification:_identify(controller1) by extensions ['colcon_pkg']
[0.416s] Level 1:colcon.colcon_core.package_identification:_identify(controller1) by extension 'colcon_pkg'
[0.416s] Level 1:colcon.colcon_core.package_identification:_identify(controller1) by extensions ['colcon_meta']
[0.416s] Level 1:colcon.colcon_core.package_identification:_identify(controller1) by extension 'colcon_meta'
[0.416s] Level 1:colcon.colcon_core.package_identification:_identify(controller1) by extensions ['ros']
[0.416s] Level 1:colcon.colcon_core.package_identification:_identify(controller1) by extension 'ros'
[0.417s] Level 1:colcon.colcon_core.package_identification:_identify(controller1) by extensions ['cmake', 'python']
[0.417s] Level 1:colcon.colcon_core.package_identification:_identify(controller1) by extension 'cmake'
[0.417s] Level 1:colcon.colcon_core.package_identification:_identify(controller1) by extension 'python'
[0.417s] Level 1:colcon.colcon_core.package_identification:_identify(controller1) by extensions ['python_setup_py']
[0.417s] Level 1:colcon.colcon_core.package_identification:_identify(controller1) by extension 'python_setup_py'
[0.417s] Level 1:colcon.colcon_core.package_identification:_identify(install) by extensions ['ignore', 'ignore_ament_install']
[0.417s] Level 1:colcon.colcon_core.package_identification:_identify(install) by extension 'ignore'
[0.417s] Level 1:colcon.colcon_core.package_identification:_identify(install) ignored
[0.417s] Level 1:colcon.colcon_core.package_identification:_identify(log) by extensions ['ignore', 'ignore_ament_install']
[0.417s] Level 1:colcon.colcon_core.package_identification:_identify(log) by extension 'ignore'
[0.417s] Level 1:colcon.colcon_core.package_identification:_identify(log) ignored
[0.417s] Level 1:colcon.colcon_core.package_identification:_identify(my_bag) by extensions ['ignore', 'ignore_ament_install']
[0.418s] Level 1:colcon.colcon_core.package_identification:_identify(my_bag) by extension 'ignore'
[0.418s] Level 1:colcon.colcon_core.package_identification:_identify(my_bag) by extension 'ignore_ament_install'
[0.418s] Level 1:colcon.colcon_core.package_identification:_identify(my_bag) by extensions ['colcon_pkg']
[0.418s] Level 1:colcon.colcon_core.package_identification:_identify(my_bag) by extension 'colcon_pkg'
[0.418s] Level 1:colcon.colcon_core.package_identification:_identify(my_bag) by extensions ['colcon_meta']
[0.418s] Level 1:colcon.colcon_core.package_identification:_identify(my_bag) by extension 'colcon_meta'
[0.418s] Level 1:colcon.colcon_core.package_identification:_identify(my_bag) by extensions ['ros']
[0.418s] Level 1:colcon.colcon_core.package_identification:_identify(my_bag) by extension 'ros'
[0.418s] Level 1:colcon.colcon_core.package_identification:_identify(my_bag) by extensions ['cmake', 'python']
[0.418s] Level 1:colcon.colcon_core.package_identification:_identify(my_bag) by extension 'cmake'
[0.418s] Level 1:colcon.colcon_core.package_identification:_identify(my_bag) by extension 'python'
[0.418s] Level 1:colcon.colcon_core.package_identification:_identify(my_bag) by extensions ['python_setup_py']
[0.418s] Level 1:colcon.colcon_core.package_identification:_identify(my_bag) by extension 'python_setup_py'
[0.418s] Level 1:colcon.colcon_core.package_identification:_identify(my_talker_bag) by extensions ['ignore', 'ignore_ament_install']
[0.418s] Level 1:colcon.colcon_core.package_identification:_identify(my_talker_bag) by extension 'ignore'
[0.418s] Level 1:colcon.colcon_core.package_identification:_identify(my_talker_bag) by extension 'ignore_ament_install'
[0.418s] Level 1:colcon.colcon_core.package_identification:_identify(my_talker_bag) by extensions ['colcon_pkg']
[0.418s] Level 1:colcon.colcon_core.package_identification:_identify(my_talker_bag) by extension 'colcon_pkg'
[0.419s] Level 1:colcon.colcon_core.package_identification:_identify(my_talker_bag) by extensions ['colcon_meta']
[0.419s] Level 1:colcon.colcon_core.package_identification:_identify(my_talker_bag) by extension 'colcon_meta'
[0.419s] Level 1:colcon.colcon_core.package_identification:_identify(my_talker_bag) by extensions ['ros']
[0.419s] Level 1:colcon.colcon_core.package_identification:_identify(my_talker_bag) by extension 'ros'
[0.419s] Level 1:colcon.colcon_core.package_identification:_identify(my_talker_bag) by extensions ['cmake', 'python']
[0.419s] Level 1:colcon.colcon_core.package_identification:_identify(my_talker_bag) by extension 'cmake'
[0.419s] Level 1:colcon.colcon_core.package_identification:_identify(my_talker_bag) by extension 'python'
[0.419s] Level 1:colcon.colcon_core.package_identification:_identify(my_talker_bag) by extensions ['python_setup_py']
[0.419s] Level 1:colcon.colcon_core.package_identification:_identify(my_talker_bag) by extension 'python_setup_py'
[0.419s] Level 1:colcon.colcon_core.package_identification:_identify(my_talker_bag12) by extensions ['ignore', 'ignore_ament_install']
[0.419s] Level 1:colcon.colcon_core.package_identification:_identify(my_talker_bag12) by extension 'ignore'
[0.419s] Level 1:colcon.colcon_core.package_identification:_identify(my_talker_bag12) by extension 'ignore_ament_install'
[0.419s] Level 1:colcon.colcon_core.package_identification:_identify(my_talker_bag12) by extensions ['colcon_pkg']
[0.419s] Level 1:colcon.colcon_core.package_identification:_identify(my_talker_bag12) by extension 'colcon_pkg'
[0.419s] Level 1:colcon.colcon_core.package_identification:_identify(my_talker_bag12) by extensions ['colcon_meta']
[0.419s] Level 1:colcon.colcon_core.package_identification:_identify(my_talker_bag12) by extension 'colcon_meta'
[0.420s] Level 1:colcon.colcon_core.package_identification:_identify(my_talker_bag12) by extensions ['ros']
[0.420s] Level 1:colcon.colcon_core.package_identification:_identify(my_talker_bag12) by extension 'ros'
[0.420s] Level 1:colcon.colcon_core.package_identification:_identify(my_talker_bag12) by extensions ['cmake', 'python']
[0.420s] Level 1:colcon.colcon_core.package_identification:_identify(my_talker_bag12) by extension 'cmake'
[0.420s] Level 1:colcon.colcon_core.package_identification:_identify(my_talker_bag12) by extension 'python'
[0.420s] Level 1:colcon.colcon_core.package_identification:_identify(my_talker_bag12) by extensions ['python_setup_py']
[0.420s] Level 1:colcon.colcon_core.package_identification:_identify(my_talker_bag12) by extension 'python_setup_py'
[0.420s] Level 1:colcon.colcon_core.package_identification:_identify(src) by extensions ['ignore', 'ignore_ament_install']
[0.420s] Level 1:colcon.colcon_core.package_identification:_identify(src) by extension 'ignore'
[0.420s] Level 1:colcon.colcon_core.package_identification:_identify(src) by extension 'ignore_ament_install'
[0.420s] Level 1:colcon.colcon_core.package_identification:_identify(src) by extensions ['colcon_pkg']
[0.420s] Level 1:colcon.colcon_core.package_identification:_identify(src) by extension 'colcon_pkg'
[0.420s] Level 1:colcon.colcon_core.package_identification:_identify(src) by extensions ['colcon_meta']
[0.420s] Level 1:colcon.colcon_core.package_identification:_identify(src) by extension 'colcon_meta'
[0.420s] Level 1:colcon.colcon_core.package_identification:_identify(src) by extensions ['ros']
[0.420s] Level 1:colcon.colcon_core.package_identification:_identify(src) by extension 'ros'
[0.420s] Level 1:colcon.colcon_core.package_identification:_identify(src) by extensions ['cmake', 'python']
[0.421s] Level 1:colcon.colcon_core.package_identification:_identify(src) by extension 'cmake'
[0.421s] Level 1:colcon.colcon_core.package_identification:_identify(src) by extension 'python'
[0.421s] Level 1:colcon.colcon_core.package_identification:_identify(src) by extensions ['python_setup_py']
[0.421s] Level 1:colcon.colcon_core.package_identification:_identify(src) by extension 'python_setup_py'
[0.421s] Level 1:colcon.colcon_core.package_identification:_identify(src/bag_recorder_nodes_py) by extensions ['ignore', 'ignore_ament_install']
[0.421s] Level 1:colcon.colcon_core.package_identification:_identify(src/bag_recorder_nodes_py) by extension 'ignore'
[0.421s] Level 1:colcon.colcon_core.package_identification:_identify(src/bag_recorder_nodes_py) by extension 'ignore_ament_install'
[0.421s] Level 1:colcon.colcon_core.package_identification:_identify(src/bag_recorder_nodes_py) by extensions ['colcon_pkg']
[0.421s] Level 1:colcon.colcon_core.package_identification:_identify(src/bag_recorder_nodes_py) by extension 'colcon_pkg'
[0.421s] Level 1:colcon.colcon_core.package_identification:_identify(src/bag_recorder_nodes_py) by extensions ['colcon_meta']
[0.421s] Level 1:colcon.colcon_core.package_identification:_identify(src/bag_recorder_nodes_py) by extension 'colcon_meta'
[0.421s] Level 1:colcon.colcon_core.package_identification:_identify(src/bag_recorder_nodes_py) by extensions ['ros']
[0.421s] Level 1:colcon.colcon_core.package_identification:_identify(src/bag_recorder_nodes_py) by extension 'ros'
[0.425s] DEBUG:colcon.colcon_core.package_identification:Package 'src/bag_recorder_nodes_py' with type 'ros.ament_python' and name 'bag_recorder_nodes_py'
[0.425s] Level 1:colcon.colcon_core.package_identification:_identify(src/data_sync) by extensions ['ignore', 'ignore_ament_install']
[0.425s] Level 1:colcon.colcon_core.package_identification:_identify(src/data_sync) by extension 'ignore'
[0.425s] Level 1:colcon.colcon_core.package_identification:_identify(src/data_sync) by extension 'ignore_ament_install'
[0.425s] Level 1:colcon.colcon_core.package_identification:_identify(src/data_sync) by extensions ['colcon_pkg']
[0.426s] Level 1:colcon.colcon_core.package_identification:_identify(src/data_sync) by extension 'colcon_pkg'
[0.426s] Level 1:colcon.colcon_core.package_identification:_identify(src/data_sync) by extensions ['colcon_meta']
[0.426s] Level 1:colcon.colcon_core.package_identification:_identify(src/data_sync) by extension 'colcon_meta'
[0.426s] Level 1:colcon.colcon_core.package_identification:_identify(src/data_sync) by extensions ['ros']
[0.426s] Level 1:colcon.colcon_core.package_identification:_identify(src/data_sync) by extension 'ros'
[0.427s] DEBUG:colcon.colcon_core.package_identification:Package 'src/data_sync' with type 'ros.ament_cmake' and name 'data_sync'
[0.427s] Level 1:colcon.colcon_core.package_identification:_identify(src/odrive_control) by extensions ['ignore', 'ignore_ament_install']
[0.427s] Level 1:colcon.colcon_core.package_identification:_identify(src/odrive_control) by extension 'ignore'
[0.427s] Level 1:colcon.colcon_core.package_identification:_identify(src/odrive_control) by extension 'ignore_ament_install'
[0.427s] Level 1:colcon.colcon_core.package_identification:_identify(src/odrive_control) by extensions ['colcon_pkg']
[0.427s] Level 1:colcon.colcon_core.package_identification:_identify(src/odrive_control) by extension 'colcon_pkg'
[0.427s] Level 1:colcon.colcon_core.package_identification:_identify(src/odrive_control) by extensions ['colcon_meta']
[0.427s] Level 1:colcon.colcon_core.package_identification:_identify(src/odrive_control) by extension 'colcon_meta'
[0.427s] Level 1:colcon.colcon_core.package_identification:_identify(src/odrive_control) by extensions ['ros']
[0.427s] Level 1:colcon.colcon_core.package_identification:_identify(src/odrive_control) by extension 'ros'
[0.428s] DEBUG:colcon.colcon_core.package_identification:Package 'src/odrive_control' with type 'ros.ament_cmake' and name 'odrive_control'
[0.428s] Level 1:colcon.colcon_core.package_identification:_identify(src/odrive_control_cpp) by extensions ['ignore', 'ignore_ament_install']
[0.428s] Level 1:colcon.colcon_core.package_identification:_identify(src/odrive_control_cpp) by extension 'ignore'
[0.428s] Level 1:colcon.colcon_core.package_identification:_identify(src/odrive_control_cpp) by extension 'ignore_ament_install'
[0.428s] Level 1:colcon.colcon_core.package_identification:_identify(src/odrive_control_cpp) by extensions ['colcon_pkg']
[0.428s] Level 1:colcon.colcon_core.package_identification:_identify(src/odrive_control_cpp) by extension 'colcon_pkg'
[0.428s] Level 1:colcon.colcon_core.package_identification:_identify(src/odrive_control_cpp) by extensions ['colcon_meta']
[0.428s] Level 1:colcon.colcon_core.package_identification:_identify(src/odrive_control_cpp) by extension 'colcon_meta'
[0.428s] Level 1:colcon.colcon_core.package_identification:_identify(src/odrive_control_cpp) by extensions ['ros']
[0.428s] Level 1:colcon.colcon_core.package_identification:_identify(src/odrive_control_cpp) by extension 'ros'
[0.429s] DEBUG:colcon.colcon_core.package_identification:Package 'src/odrive_control_cpp' with type 'ros.ament_cmake' and name 'odrive_control_cpp'
[0.429s] Level 1:colcon.colcon_core.package_identification:_identify(src/odrive_control_py) by extensions ['ignore', 'ignore_ament_install']
[0.430s] Level 1:colcon.colcon_core.package_identification:_identify(src/odrive_control_py) by extension 'ignore'
[0.430s] Level 1:colcon.colcon_core.package_identification:_identify(src/odrive_control_py) by extension 'ignore_ament_install'
[0.430s] Level 1:colcon.colcon_core.package_identification:_identify(src/odrive_control_py) by extensions ['colcon_pkg']
[0.430s] Level 1:colcon.colcon_core.package_identification:_identify(src/odrive_control_py) by extension 'colcon_pkg'
[0.430s] Level 1:colcon.colcon_core.package_identification:_identify(src/odrive_control_py) by extensions ['colcon_meta']
[0.430s] Level 1:colcon.colcon_core.package_identification:_identify(src/odrive_control_py) by extension 'colcon_meta'
[0.430s] Level 1:colcon.colcon_core.package_identification:_identify(src/odrive_control_py) by extensions ['ros']
[0.430s] Level 1:colcon.colcon_core.package_identification:_identify(src/odrive_control_py) by extension 'ros'
[0.431s] DEBUG:colcon.colcon_core.package_identification:Package 'src/odrive_control_py' with type 'ros.ament_python' and name 'odrive_control_py'
[0.431s] Level 1:colcon.colcon_core.package_identification:_identify(src/ros_odrive) by extensions ['ignore', 'ignore_ament_install']
[0.431s] Level 1:colcon.colcon_core.package_identification:_identify(src/ros_odrive) by extension 'ignore'
[0.431s] Level 1:colcon.colcon_core.package_identification:_identify(src/ros_odrive) by extension 'ignore_ament_install'
[0.431s] Level 1:colcon.colcon_core.package_identification:_identify(src/ros_odrive) by extensions ['colcon_pkg']
[0.431s] Level 1:colcon.colcon_core.package_identification:_identify(src/ros_odrive) by extension 'colcon_pkg'
[0.431s] Level 1:colcon.colcon_core.package_identification:_identify(src/ros_odrive) by extensions ['colcon_meta']
[0.432s] Level 1:colcon.colcon_core.package_identification:_identify(src/ros_odrive) by extension 'colcon_meta'
[0.432s] Level 1:colcon.colcon_core.package_identification:_identify(src/ros_odrive) by extensions ['ros']
[0.432s] Level 1:colcon.colcon_core.package_identification:_identify(src/ros_odrive) by extension 'ros'
[0.432s] Level 1:colcon.colcon_core.package_identification:_identify(src/ros_odrive) by extensions ['cmake', 'python']
[0.432s] Level 1:colcon.colcon_core.package_identification:_identify(src/ros_odrive) by extension 'cmake'
[0.432s] Level 1:colcon.colcon_core.package_identification:_identify(src/ros_odrive) by extension 'python'
[0.432s] Level 1:colcon.colcon_core.package_identification:_identify(src/ros_odrive) by extensions ['python_setup_py']
[0.432s] Level 1:colcon.colcon_core.package_identification:_identify(src/ros_odrive) by extension 'python_setup_py'
[0.432s] Level 1:colcon.colcon_core.package_identification:_identify(src/ros_odrive/odrive_base) by extensions ['ignore', 'ignore_ament_install']
[0.432s] Level 1:colcon.colcon_core.package_identification:_identify(src/ros_odrive/odrive_base) by extension 'ignore'
[0.432s] Level 1:colcon.colcon_core.package_identification:_identify(src/ros_odrive/odrive_base) by extension 'ignore_ament_install'
[0.432s] Level 1:colcon.colcon_core.package_identification:_identify(src/ros_odrive/odrive_base) by extensions ['colcon_pkg']
[0.432s] Level 1:colcon.colcon_core.package_identification:_identify(src/ros_odrive/odrive_base) by extension 'colcon_pkg'
[0.432s] Level 1:colcon.colcon_core.package_identification:_identify(src/ros_odrive/odrive_base) by extensions ['colcon_meta']
[0.432s] Level 1:colcon.colcon_core.package_identification:_identify(src/ros_odrive/odrive_base) by extension 'colcon_meta'
[0.432s] Level 1:colcon.colcon_core.package_identification:_identify(src/ros_odrive/odrive_base) by extensions ['ros']
[0.433s] Level 1:colcon.colcon_core.package_identification:_identify(src/ros_odrive/odrive_base) by extension 'ros'
[0.433s] Level 1:colcon.colcon_core.package_identification:_identify(src/ros_odrive/odrive_base) by extensions ['cmake', 'python']
[0.433s] Level 1:colcon.colcon_core.package_identification:_identify(src/ros_odrive/odrive_base) by extension 'cmake'
[0.433s] Level 1:colcon.colcon_core.package_identification:_identify(src/ros_odrive/odrive_base) by extension 'python'
[0.433s] Level 1:colcon.colcon_core.package_identification:_identify(src/ros_odrive/odrive_base) by extensions ['python_setup_py']
[0.433s] Level 1:colcon.colcon_core.package_identification:_identify(src/ros_odrive/odrive_base) by extension 'python_setup_py'
[0.433s] Level 1:colcon.colcon_core.package_identification:_identify(src/ros_odrive/odrive_base/include) by extensions ['ignore', 'ignore_ament_install']
[0.433s] Level 1:colcon.colcon_core.package_identification:_identify(src/ros_odrive/odrive_base/include) by extension 'ignore'
[0.433s] Level 1:colcon.colcon_core.package_identification:_identify(src/ros_odrive/odrive_base/include) by extension 'ignore_ament_install'
[0.433s] Level 1:colcon.colcon_core.package_identification:_identify(src/ros_odrive/odrive_base/include) by extensions ['colcon_pkg']
[0.433s] Level 1:colcon.colcon_core.package_identification:_identify(src/ros_odrive/odrive_base/include) by extension 'colcon_pkg'
[0.433s] Level 1:colcon.colcon_core.package_identification:_identify(src/ros_odrive/odrive_base/include) by extensions ['colcon_meta']
[0.433s] Level 1:colcon.colcon_core.package_identification:_identify(src/ros_odrive/odrive_base/include) by extension 'colcon_meta'
[0.433s] Level 1:colcon.colcon_core.package_identification:_identify(src/ros_odrive/odrive_base/include) by extensions ['ros']
[0.433s] Level 1:colcon.colcon_core.package_identification:_identify(src/ros_odrive/odrive_base/include) by extension 'ros'
[0.433s] Level 1:colcon.colcon_core.package_identification:_identify(src/ros_odrive/odrive_base/include) by extensions ['cmake', 'python']
[0.434s] Level 1:colcon.colcon_core.package_identification:_identify(src/ros_odrive/odrive_base/include) by extension 'cmake'
[0.434s] Level 1:colcon.colcon_core.package_identification:_identify(src/ros_odrive/odrive_base/include) by extension 'python'
[0.434s] Level 1:colcon.colcon_core.package_identification:_identify(src/ros_odrive/odrive_base/include) by extensions ['python_setup_py']
[0.434s] Level 1:colcon.colcon_core.package_identification:_identify(src/ros_odrive/odrive_base/include) by extension 'python_setup_py'
[0.434s] Level 1:colcon.colcon_core.package_identification:_identify(src/ros_odrive/odrive_base/src) by extensions ['ignore', 'ignore_ament_install']
[0.434s] Level 1:colcon.colcon_core.package_identification:_identify(src/ros_odrive/odrive_base/src) by extension 'ignore'
[0.434s] Level 1:colcon.colcon_core.package_identification:_identify(src/ros_odrive/odrive_base/src) by extension 'ignore_ament_install'
[0.434s] Level 1:colcon.colcon_core.package_identification:_identify(src/ros_odrive/odrive_base/src) by extensions ['colcon_pkg']
[0.434s] Level 1:colcon.colcon_core.package_identification:_identify(src/ros_odrive/odrive_base/src) by extension 'colcon_pkg'
[0.434s] Level 1:colcon.colcon_core.package_identification:_identify(src/ros_odrive/odrive_base/src) by extensions ['colcon_meta']
[0.434s] Level 1:colcon.colcon_core.package_identification:_identify(src/ros_odrive/odrive_base/src) by extension 'colcon_meta'
[0.434s] Level 1:colcon.colcon_core.package_identification:_identify(src/ros_odrive/odrive_base/src) by extensions ['ros']
[0.434s] Level 1:colcon.colcon_core.package_identification:_identify(src/ros_odrive/odrive_base/src) by extension 'ros'
[0.434s] Level 1:colcon.colcon_core.package_identification:_identify(src/ros_odrive/odrive_base/src) by extensions ['cmake', 'python']
[0.434s] Level 1:colcon.colcon_core.package_identification:_identify(src/ros_odrive/odrive_base/src) by extension 'cmake'
[0.434s] Level 1:colcon.colcon_core.package_identification:_identify(src/ros_odrive/odrive_base/src) by extension 'python'
[0.434s] Level 1:colcon.colcon_core.package_identification:_identify(src/ros_odrive/odrive_base/src) by extensions ['python_setup_py']
[0.435s] Level 1:colcon.colcon_core.package_identification:_identify(src/ros_odrive/odrive_base/src) by extension 'python_setup_py'
[0.435s] Level 1:colcon.colcon_core.package_identification:_identify(src/ros_odrive/odrive_botwheel_explorer) by extensions ['ignore', 'ignore_ament_install']
[0.435s] Level 1:colcon.colcon_core.package_identification:_identify(src/ros_odrive/odrive_botwheel_explorer) by extension 'ignore'
[0.435s] Level 1:colcon.colcon_core.package_identification:_identify(src/ros_odrive/odrive_botwheel_explorer) by extension 'ignore_ament_install'
[0.435s] Level 1:colcon.colcon_core.package_identification:_identify(src/ros_odrive/odrive_botwheel_explorer) by extensions ['colcon_pkg']
[0.435s] Level 1:colcon.colcon_core.package_identification:_identify(src/ros_odrive/odrive_botwheel_explorer) by extension 'colcon_pkg'
[0.435s] Level 1:colcon.colcon_core.package_identification:_identify(src/ros_odrive/odrive_botwheel_explorer) by extensions ['colcon_meta']
[0.435s] Level 1:colcon.colcon_core.package_identification:_identify(src/ros_odrive/odrive_botwheel_explorer) by extension 'colcon_meta'
[0.435s] Level 1:colcon.colcon_core.package_identification:_identify(src/ros_odrive/odrive_botwheel_explorer) by extensions ['ros']
[0.435s] Level 1:colcon.colcon_core.package_identification:_identify(src/ros_odrive/odrive_botwheel_explorer) by extension 'ros'
[0.436s] DEBUG:colcon.colcon_core.package_identification:Package 'src/ros_odrive/odrive_botwheel_explorer' with type 'ros.ament_cmake' and name 'odrive_botwheel_explorer'
[0.436s] Level 1:colcon.colcon_core.package_identification:_identify(src/ros_odrive/odrive_node) by extensions ['ignore', 'ignore_ament_install']
[0.436s] Level 1:colcon.colcon_core.package_identification:_identify(src/ros_odrive/odrive_node) by extension 'ignore'
[0.436s] Level 1:colcon.colcon_core.package_identification:_identify(src/ros_odrive/odrive_node) by extension 'ignore_ament_install'
[0.436s] Level 1:colcon.colcon_core.package_identification:_identify(src/ros_odrive/odrive_node) by extensions ['colcon_pkg']
[0.436s] Level 1:colcon.colcon_core.package_identification:_identify(src/ros_odrive/odrive_node) by extension 'colcon_pkg'
[0.436s] Level 1:colcon.colcon_core.package_identification:_identify(src/ros_odrive/odrive_node) by extensions ['colcon_meta']
[0.436s] Level 1:colcon.colcon_core.package_identification:_identify(src/ros_odrive/odrive_node) by extension 'colcon_meta'
[0.436s] Level 1:colcon.colcon_core.package_identification:_identify(src/ros_odrive/odrive_node) by extensions ['ros']
[0.437s] Level 1:colcon.colcon_core.package_identification:_identify(src/ros_odrive/odrive_node) by extension 'ros'
[0.437s] DEBUG:colcon.colcon_core.package_identification:Package 'src/ros_odrive/odrive_node' with type 'ros.ament_cmake' and name 'odrive_can'
[0.438s] Level 1:colcon.colcon_core.package_identification:_identify(src/ros_odrive/odrive_ros2_control) by extensions ['ignore', 'ignore_ament_install']
[0.438s] Level 1:colcon.colcon_core.package_identification:_identify(src/ros_odrive/odrive_ros2_control) by extension 'ignore'
[0.438s] Level 1:colcon.colcon_core.package_identification:_identify(src/ros_odrive/odrive_ros2_control) by extension 'ignore_ament_install'
[0.438s] Level 1:colcon.colcon_core.package_identification:_identify(src/ros_odrive/odrive_ros2_control) by extensions ['colcon_pkg']
[0.438s] Level 1:colcon.colcon_core.package_identification:_identify(src/ros_odrive/odrive_ros2_control) by extension 'colcon_pkg'
[0.438s] Level 1:colcon.colcon_core.package_identification:_identify(src/ros_odrive/odrive_ros2_control) by extensions ['colcon_meta']
[0.438s] Level 1:colcon.colcon_core.package_identification:_identify(src/ros_odrive/odrive_ros2_control) by extension 'colcon_meta'
[0.438s] Level 1:colcon.colcon_core.package_identification:_identify(src/ros_odrive/odrive_ros2_control) by extensions ['ros']
[0.438s] Level 1:colcon.colcon_core.package_identification:_identify(src/ros_odrive/odrive_ros2_control) by extension 'ros'
[0.439s] DEBUG:colcon.colcon_core.package_identification:Package 'src/ros_odrive/odrive_ros2_control' with type 'ros.ament_cmake' and name 'odrive_ros2_control'
[0.439s] Level 1:colcon.colcon_core.package_discovery:discover_packages(recursive) using defaults
[0.439s] Level 1:colcon.colcon_core.package_discovery:discover_packages(ignore) discover
[0.439s] Level 1:colcon.colcon_core.package_discovery:discover_packages(ignore) using defaults
[0.439s] Level 1:colcon.colcon_core.package_discovery:discover_packages(path) discover
[0.439s] Level 1:colcon.colcon_core.package_discovery:discover_packages(path) using defaults
[0.467s] INFO:colcon.colcon_core.package_selection:Skipping not selected package 'bag_recorder_nodes_py' in 'src/bag_recorder_nodes_py'
[0.467s] INFO:colcon.colcon_core.package_selection:Skipping not selected package 'odrive_can' in 'src/ros_odrive/odrive_node'
[0.467s] INFO:colcon.colcon_core.package_selection:Skipping not selected package 'odrive_control' in 'src/odrive_control'
[0.467s] INFO:colcon.colcon_core.package_selection:Skipping not selected package 'odrive_ros2_control' in 'src/ros_odrive/odrive_ros2_control'
[0.467s] INFO:colcon.colcon_core.package_selection:Skipping not selected package 'odrive_botwheel_explorer' in 'src/ros_odrive/odrive_botwheel_explorer'
[0.467s] INFO:colcon.colcon_core.package_selection:Skipping not selected package 'odrive_control_cpp' in 'src/odrive_control_cpp'
[0.468s] Level 1:colcon.colcon_core.package_discovery:discover_packages(prefix_path) check parameters
[0.468s] Level 1:colcon.colcon_core.package_discovery:discover_packages(prefix_path) discover
[0.471s] DEBUG:colcon.colcon_installed_package_information.package_discovery:Found 371 installed packages in /opt/ros/humble
[0.490s] Level 1:colcon.colcon_core.package_discovery:discover_packages(prefix_path) using defaults
[0.564s] Level 5:colcon.colcon_core.verb:set package 'data_sync' build argument 'cmake_args' from command line to 'None'
[0.564s] Level 5:colcon.colcon_core.verb:set package 'data_sync' build argument 'cmake_target' from command line to 'None'
[0.564s] Level 5:colcon.colcon_core.verb:set package 'data_sync' build argument 'cmake_target_skip_unavailable' from command line to 'False'
[0.564s] Level 5:colcon.colcon_core.verb:set package 'data_sync' build argument 'cmake_clean_cache' from command line to 'False'
[0.564s] Level 5:colcon.colcon_core.verb:set package 'data_sync' build argument 'cmake_clean_first' from command line to 'False'
[0.564s] Level 5:colcon.colcon_core.verb:set package 'data_sync' build argument 'cmake_force_configure' from command line to 'False'
[0.564s] Level 5:colcon.colcon_core.verb:set package 'data_sync' build argument 'ament_cmake_args' from command line to 'None'
[0.564s] Level 5:colcon.colcon_core.verb:set package 'data_sync' build argument 'catkin_cmake_args' from command line to 'None'
[0.564s] Level 5:colcon.colcon_core.verb:set package 'data_sync' build argument 'catkin_skip_building_tests' from command line to 'False'
[0.564s] DEBUG:colcon.colcon_core.verb:Building package 'data_sync' with the following arguments: {'ament_cmake_args': None, 'build_base': '/home/vedant/gaitlab_ws/build/data_sync', 'catkin_cmake_args': None, 'catkin_skip_building_tests': False, 'cmake_args': None, 'cmake_clean_cache': False, 'cmake_clean_first': False, 'cmake_force_configure': False, 'cmake_target': None, 'cmake_target_skip_unavailable': False, 'install_base': '/home/vedant/gaitlab_ws/install/data_sync', 'merge_install': False, 'path': '/home/vedant/gaitlab_ws/src/data_sync', 'symlink_install': False, 'test_result_base': None}
[0.564s] Level 5:colcon.colcon_core.verb:set package 'odrive_control_py' build argument 'cmake_args' from command line to 'None'
[0.565s] Level 5:colcon.colcon_core.verb:set package 'odrive_control_py' build argument 'cmake_target' from command line to 'None'
[0.565s] Level 5:colcon.colcon_core.verb:set package 'odrive_control_py' build argument 'cmake_target_skip_unavailable' from command line to 'False'
[0.565s] Level 5:colcon.colcon_core.verb:set package 'odrive_control_py' build argument 'cmake_clean_cache' from command line to 'False'
[0.565s] Level 5:colcon.colcon_core.verb:set package 'odrive_control_py' build argument 'cmake_clean_first' from command line to 'False'
[0.565s] Level 5:colcon.colcon_core.verb:set package 'odrive_control_py' build argument 'cmake_force_configure' from command line to 'False'
[0.565s] Level 5:colcon.colcon_core.verb:set package 'odrive_control_py' build argument 'ament_cmake_args' from command line to 'None'
[0.565s] Level 5:colcon.colcon_core.verb:set package 'odrive_control_py' build argument 'catkin_cmake_args' from command line to 'None'
[0.565s] Level 5:colcon.colcon_core.verb:set package 'odrive_control_py' build argument 'catkin_skip_building_tests' from command line to 'False'
[0.565s] DEBUG:colcon.colcon_core.verb:Building package 'odrive_control_py' with the following arguments: {'ament_cmake_args': None, 'build_base': '/home/vedant/gaitlab_ws/build/odrive_control_py', 'catkin_cmake_args': None, 'catkin_skip_building_tests': False, 'cmake_args': None, 'cmake_clean_cache': False, 'cmake_clean_first': False, 'cmake_force_configure': False, 'cmake_target': None, 'cmake_target_skip_unavailable': False, 'install_base': '/home/vedant/gaitlab_ws/install/odrive_control_py', 'merge_install': False, 'path': '/home/vedant/gaitlab_ws/src/odrive_control_py', 'symlink_install': False, 'test_result_base': None}
[0.565s] INFO:colcon.colcon_core.executor:Executing jobs using 'parallel' executor
[0.566s] DEBUG:colcon.colcon_parallel_executor.executor.parallel:run_until_complete
[0.567s] INFO:colcon.colcon_ros.task.ament_cmake.build:Building ROS package in '/home/vedant/gaitlab_ws/src/data_sync' with build type 'ament_cmake'
[0.567s] INFO:colcon.colcon_cmake.task.cmake.build:Building CMake package in '/home/vedant/gaitlab_ws/src/data_sync'
[0.570s] INFO:colcon.colcon_core.plugin_system:Skipping extension 'colcon_core.shell.bat': Not used on non-Windows systems
[0.570s] INFO:colcon.colcon_core.shell:Skip shell extension 'powershell' for command environment: Not usable outside of PowerShell
[0.570s] DEBUG:colcon.colcon_core.shell:Skip shell extension 'dsv' for command environment
[0.575s] INFO:colcon.colcon_ros.task.ament_python.build:Building ROS package in '/home/vedant/gaitlab_ws/src/odrive_control_py' with build type 'ament_python'
[0.576s] Level 1:colcon.colcon_core.shell:create_environment_hook('odrive_control_py', 'ament_prefix_path')
[0.576s] INFO:colcon.colcon_core.shell:Creating environment hook '/home/vedant/gaitlab_ws/install/odrive_control_py/share/odrive_control_py/hook/ament_prefix_path.ps1'
[0.578s] INFO:colcon.colcon_core.shell:Creating environment descriptor '/home/vedant/gaitlab_ws/install/odrive_control_py/share/odrive_control_py/hook/ament_prefix_path.dsv'
[0.579s] INFO:colcon.colcon_core.shell:Creating environment hook '/home/vedant/gaitlab_ws/install/odrive_control_py/share/odrive_control_py/hook/ament_prefix_path.sh'
[0.580s] INFO:colcon.colcon_core.shell:Skip shell extension 'powershell' for command environment: Not usable outside of PowerShell
[0.580s] DEBUG:colcon.colcon_core.shell:Skip shell extension 'dsv' for command environment
[0.591s] DEBUG:colcon.colcon_core.event_handler.log_command:Invoking command in '/home/vedant/gaitlab_ws/build/data_sync': CMAKE_PREFIX_PATH=/opt/ros/humble /usr/bin/cmake --build /home/vedant/gaitlab_ws/build/data_sync -- -j4 -l4
[1.005s] INFO:colcon.colcon_core.task.python.build:Building Python package in '/home/vedant/gaitlab_ws/src/odrive_control_py'
[1.005s] INFO:colcon.colcon_core.shell:Skip shell extension 'powershell' for command environment: Not usable outside of PowerShell
[1.006s] DEBUG:colcon.colcon_core.shell:Skip shell extension 'dsv' for command environment
[1.578s] DEBUG:colcon.colcon_core.event_handler.log_command:Invoking command in '/home/vedant/gaitlab_ws/src/odrive_control_py': AMENT_PREFIX_PATH=/home/vedant/gaitlab_ws/install/odrive_can:${AMENT_PREFIX_PATH} CMAKE_PREFIX_PATH=/home/vedant/gaitlab_ws/install/odrive_can LD_LIBRARY_PATH=/home/vedant/gaitlab_ws/install/odrive_can/lib:${LD_LIBRARY_PATH} PYTHONPATH=/home/vedant/gaitlab_ws/build/odrive_control_py/prefix_override:/usr/lib/python3/dist-packages/colcon_core/task/python/colcon_distutils_commands:/home/vedant/gaitlab_ws/install/odrive_control_py/lib/python3.10/site-packages:/home/vedant/gaitlab_ws/install/odrive_can/local/lib/python3.10/dist-packages:${PYTHONPATH} /usr/bin/python3 -W ignore:setup.py install is deprecated setup.py egg_info --egg-base ../../build/odrive_control_py build --build-base /home/vedant/gaitlab_ws/build/odrive_control_py/build install --record /home/vedant/gaitlab_ws/build/odrive_control_py/install.log --single-version-externally-managed install_data
[2.075s] Level 1:colcon.colcon_core.environment:checking '/home/vedant/gaitlab_ws/install/odrive_control_py' for CMake module files
[2.076s] Level 1:colcon.colcon_core.environment:checking '/home/vedant/gaitlab_ws/install/odrive_control_py' for CMake config files
[2.078s] Level 1:colcon.colcon_core.environment:checking '/home/vedant/gaitlab_ws/install/odrive_control_py/lib'
[2.078s] Level 1:colcon.colcon_core.environment:checking '/home/vedant/gaitlab_ws/install/odrive_control_py/bin'
[2.078s] Level 1:colcon.colcon_core.environment:checking '/home/vedant/gaitlab_ws/install/odrive_control_py/lib/pkgconfig/odrive_control_py.pc'
[2.079s] Level 1:colcon.colcon_core.environment:checking '/home/vedant/gaitlab_ws/install/odrive_control_py/lib/python3.10/site-packages'
[2.079s] Level 1:colcon.colcon_core.shell:create_environment_hook('odrive_control_py', 'pythonpath')
[2.079s] INFO:colcon.colcon_core.shell:Creating environment hook '/home/vedant/gaitlab_ws/install/odrive_control_py/share/odrive_control_py/hook/pythonpath.ps1'
[2.080s] DEBUG:colcon.colcon_core.event_handler.log_command:Invoked command in '/home/vedant/gaitlab_ws/src/odrive_control_py' returned '0': AMENT_PREFIX_PATH=/home/vedant/gaitlab_ws/install/odrive_can:${AMENT_PREFIX_PATH} CMAKE_PREFIX_PATH=/home/vedant/gaitlab_ws/install/odrive_can LD_LIBRARY_PATH=/home/vedant/gaitlab_ws/install/odrive_can/lib:${LD_LIBRARY_PATH} PYTHONPATH=/home/vedant/gaitlab_ws/build/odrive_control_py/prefix_override:/usr/lib/python3/dist-packages/colcon_core/task/python/colcon_distutils_commands:/home/vedant/gaitlab_ws/install/odrive_control_py/lib/python3.10/site-packages:/home/vedant/gaitlab_ws/install/odrive_can/local/lib/python3.10/dist-packages:${PYTHONPATH} /usr/bin/python3 -W ignore:setup.py install is deprecated setup.py egg_info --egg-base ../../build/odrive_control_py build --build-base /home/vedant/gaitlab_ws/build/odrive_control_py/build install --record /home/vedant/gaitlab_ws/build/odrive_control_py/install.log --single-version-externally-managed install_data
[2.081s] INFO:colcon.colcon_core.shell:Creating environment descriptor '/home/vedant/gaitlab_ws/install/odrive_control_py/share/odrive_control_py/hook/pythonpath.dsv'
[2.081s] INFO:colcon.colcon_core.shell:Creating environment hook '/home/vedant/gaitlab_ws/install/odrive_control_py/share/odrive_control_py/hook/pythonpath.sh'
[2.083s] Level 1:colcon.colcon_core.environment:checking '/home/vedant/gaitlab_ws/install/odrive_control_py/bin'
[2.083s] Level 1:colcon.colcon_core.environment:create_environment_scripts_only(odrive_control_py)
[2.084s] INFO:colcon.colcon_core.shell:Creating package script '/home/vedant/gaitlab_ws/install/odrive_control_py/share/odrive_control_py/package.ps1'
[2.086s] INFO:colcon.colcon_core.shell:Creating package descriptor '/home/vedant/gaitlab_ws/install/odrive_control_py/share/odrive_control_py/package.dsv'
[2.087s] INFO:colcon.colcon_core.shell:Creating package script '/home/vedant/gaitlab_ws/install/odrive_control_py/share/odrive_control_py/package.sh'
[2.088s] INFO:colcon.colcon_core.shell:Creating package script '/home/vedant/gaitlab_ws/install/odrive_control_py/share/odrive_control_py/package.bash'
[2.090s] INFO:colcon.colcon_core.shell:Creating package script '/home/vedant/gaitlab_ws/install/odrive_control_py/share/odrive_control_py/package.zsh'
[2.091s] Level 1:colcon.colcon_core.environment:create_file_with_runtime_dependencies(/home/vedant/gaitlab_ws/install/odrive_control_py/share/colcon-core/packages/odrive_control_py)
[5.465s] DEBUG:colcon.colcon_core.event_handler.log_command:Invoked command in '/home/vedant/gaitlab_ws/build/data_sync' returned '0': CMAKE_PREFIX_PATH=/opt/ros/humble /usr/bin/cmake --build /home/vedant/gaitlab_ws/build/data_sync -- -j4 -l4
[5.538s] DEBUG:colcon.colcon_core.event_handler.log_command:Invoking command in '/home/vedant/gaitlab_ws/build/data_sync': CMAKE_PREFIX_PATH=/opt/ros/humble /usr/bin/cmake --install /home/vedant/gaitlab_ws/build/data_sync
[5.620s] Level 1:colcon.colcon_core.environment:create_environment_scripts_only(data_sync)
[5.621s] Level 1:colcon.colcon_core.environment:checking '/home/vedant/gaitlab_ws/install/data_sync' for CMake module files
[5.622s] DEBUG:colcon.colcon_core.event_handler.log_command:Invoked command in '/home/vedant/gaitlab_ws/build/data_sync' returned '0': CMAKE_PREFIX_PATH=/opt/ros/humble /usr/bin/cmake --install /home/vedant/gaitlab_ws/build/data_sync
[5.622s] Level 1:colcon.colcon_core.environment:checking '/home/vedant/gaitlab_ws/install/data_sync' for CMake config files
[5.623s] Level 1:colcon.colcon_core.shell:create_environment_hook('data_sync', 'cmake_prefix_path')
[5.623s] INFO:colcon.colcon_core.shell:Creating environment hook '/home/vedant/gaitlab_ws/install/data_sync/share/data_sync/hook/cmake_prefix_path.ps1'
[5.624s] INFO:colcon.colcon_core.shell:Creating environment descriptor '/home/vedant/gaitlab_ws/install/data_sync/share/data_sync/hook/cmake_prefix_path.dsv'
[5.624s] INFO:colcon.colcon_core.shell:Creating environment hook '/home/vedant/gaitlab_ws/install/data_sync/share/data_sync/hook/cmake_prefix_path.sh'
[5.625s] Level 1:colcon.colcon_core.environment:checking '/home/vedant/gaitlab_ws/install/data_sync/lib'
[5.625s] Level 1:colcon.colcon_core.shell:create_environment_hook('data_sync', 'ld_library_path_lib')
[5.626s] INFO:colcon.colcon_core.shell:Creating environment hook '/home/vedant/gaitlab_ws/install/data_sync/share/data_sync/hook/ld_library_path_lib.ps1'
[5.626s] INFO:colcon.colcon_core.shell:Creating environment descriptor '/home/vedant/gaitlab_ws/install/data_sync/share/data_sync/hook/ld_library_path_lib.dsv'
[5.626s] INFO:colcon.colcon_core.shell:Creating environment hook '/home/vedant/gaitlab_ws/install/data_sync/share/data_sync/hook/ld_library_path_lib.sh'
[5.627s] Level 1:colcon.colcon_core.environment:checking '/home/vedant/gaitlab_ws/install/data_sync/bin'
[5.627s] Level 1:colcon.colcon_core.environment:checking '/home/vedant/gaitlab_ws/install/data_sync/lib/pkgconfig/data_sync.pc'
[5.627s] Level 1:colcon.colcon_core.environment:checking '/home/vedant/gaitlab_ws/install/data_sync/lib/python3.10/site-packages'
[5.627s] Level 1:colcon.colcon_core.shell:create_environment_hook('data_sync', 'pythonpath')
[5.628s] INFO:colcon.colcon_core.shell:Creating environment hook '/home/vedant/gaitlab_ws/install/data_sync/share/data_sync/hook/pythonpath.ps1'
[5.628s] INFO:colcon.colcon_core.shell:Creating environment descriptor '/home/vedant/gaitlab_ws/install/data_sync/share/data_sync/hook/pythonpath.dsv'
[5.629s] INFO:colcon.colcon_core.shell:Creating environment hook '/home/vedant/gaitlab_ws/install/data_sync/share/data_sync/hook/pythonpath.sh'
[5.629s] Level 1:colcon.colcon_core.environment:checking '/home/vedant/gaitlab_ws/install/data_sync/bin'
[5.630s] INFO:colcon.colcon_core.shell:Creating package script '/home/vedant/gaitlab_ws/install/data_sync/share/data_sync/package.ps1'
[5.631s] INFO:colcon.colcon_core.shell:Creating package descriptor '/home/vedant/gaitlab_ws/install/data_sync/share/data_sync/package.dsv'
[5.631s] INFO:colcon.colcon_core.shell:Creating package script '/home/vedant/gaitlab_ws/install/data_sync/share/data_sync/package.sh'
[5.632s] INFO:colcon.colcon_core.shell:Creating package script '/home/vedant/gaitlab_ws/install/data_sync/share/data_sync/package.bash'
[5.632s] INFO:colcon.colcon_core.shell:Creating package script '/home/vedant/gaitlab_ws/install/data_sync/share/data_sync/package.zsh'
[5.633s] Level 1:colcon.colcon_core.environment:create_file_with_runtime_dependencies(/home/vedant/gaitlab_ws/install/data_sync/share/colcon-core/packages/data_sync)
[5.693s] Level 1:colcon.colcon_core.environment:create_environment_scripts_only(data_sync)
[5.694s] Level 1:colcon.colcon_core.environment:checking '/home/vedant/gaitlab_ws/install/data_sync' for CMake module files
[5.695s] Level 1:colcon.colcon_core.environment:checking '/home/vedant/gaitlab_ws/install/data_sync' for CMake config files
[5.695s] Level 1:colcon.colcon_core.shell:create_environment_hook('data_sync', 'cmake_prefix_path')
[5.696s] INFO:colcon.colcon_core.shell:Creating environment hook '/home/vedant/gaitlab_ws/install/data_sync/share/data_sync/hook/cmake_prefix_path.ps1'
[5.696s] INFO:colcon.colcon_core.shell:Creating environment descriptor '/home/vedant/gaitlab_ws/install/data_sync/share/data_sync/hook/cmake_prefix_path.dsv'
[5.697s] INFO:colcon.colcon_core.shell:Creating environment hook '/home/vedant/gaitlab_ws/install/data_sync/share/data_sync/hook/cmake_prefix_path.sh'
[5.697s] Level 1:colcon.colcon_core.environment:checking '/home/vedant/gaitlab_ws/install/data_sync/lib'
[5.697s] Level 1:colcon.colcon_core.shell:create_environment_hook('data_sync', 'ld_library_path_lib')
[5.698s] INFO:colcon.colcon_core.shell:Creating environment hook '/home/vedant/gaitlab_ws/install/data_sync/share/data_sync/hook/ld_library_path_lib.ps1'
[5.698s] INFO:colcon.colcon_core.shell:Creating environment descriptor '/home/vedant/gaitlab_ws/install/data_sync/share/data_sync/hook/ld_library_path_lib.dsv'
[5.698s] INFO:colcon.colcon_core.shell:Creating environment hook '/home/vedant/gaitlab_ws/install/data_sync/share/data_sync/hook/ld_library_path_lib.sh'
[5.699s] Level 1:colcon.colcon_core.environment:checking '/home/vedant/gaitlab_ws/install/data_sync/bin'
[5.699s] Level 1:colcon.colcon_core.environment:checking '/home/vedant/gaitlab_ws/install/data_sync/lib/pkgconfig/data_sync.pc'
[5.700s] Level 1:colcon.colcon_core.environment:checking '/home/vedant/gaitlab_ws/install/data_sync/lib/python3.10/site-packages'
[5.700s] Level 1:colcon.colcon_core.shell:create_environment_hook('data_sync', 'pythonpath')
[5.700s] INFO:colcon.colcon_core.shell:Creating environment hook '/home/vedant/gaitlab_ws/install/data_sync/share/data_sync/hook/pythonpath.ps1'
[5.701s] INFO:colcon.colcon_core.shell:Creating environment descriptor '/home/vedant/gaitlab_ws/install/data_sync/share/data_sync/hook/pythonpath.dsv'
[5.701s] INFO:colcon.colcon_core.shell:Creating environment hook '/home/vedant/gaitlab_ws/install/data_sync/share/data_sync/hook/pythonpath.sh'
[5.702s] Level 1:colcon.colcon_core.environment:checking '/home/vedant/gaitlab_ws/install/data_sync/bin'
[5.702s] INFO:colcon.colcon_core.shell:Creating package script '/home/vedant/gaitlab_ws/install/data_sync/share/data_sync/package.ps1'
[5.703s] INFO:colcon.colcon_core.shell:Creating package descriptor '/home/vedant/gaitlab_ws/install/data_sync/share/data_sync/package.dsv'
[5.704s] INFO:colcon.colcon_core.shell:Creating package script '/home/vedant/gaitlab_ws/install/data_sync/share/data_sync/package.sh'
[5.704s] INFO:colcon.colcon_core.shell:Creating package script '/home/vedant/gaitlab_ws/install/data_sync/share/data_sync/package.bash'
[5.705s] INFO:colcon.colcon_core.shell:Creating package script '/home/vedant/gaitlab_ws/install/data_sync/share/data_sync/package.zsh'
[5.706s] Level 1:colcon.colcon_core.environment:create_file_with_runtime_dependencies(/home/vedant/gaitlab_ws/install/data_sync/share/colcon-core/packages/data_sync)
[5.706s] DEBUG:colcon.colcon_parallel_executor.executor.parallel:closing loop
[5.707s] DEBUG:colcon.colcon_parallel_executor.executor.parallel:loop closed
[5.707s] DEBUG:colcon.colcon_parallel_executor.executor.parallel:run_until_complete finished with '0'
[5.707s] DEBUG:colcon.colcon_core.event_reactor:joining thread
[5.714s] INFO:colcon.colcon_core.plugin_system:Skipping extension 'colcon_notification.desktop_notification.terminal_notifier': Not used on non-Darwin systems
[5.714s] INFO:colcon.colcon_core.plugin_system:Skipping extension 'colcon_notification.desktop_notification.win32': Not used on non-Windows systems
[5.714s] INFO:colcon.colcon_notification.desktop_notification:Sending desktop notification using 'notify2'
[5.730s] DEBUG:colcon.colcon_core.event_reactor:joined thread
[5.730s] INFO:colcon.colcon_core.shell:Creating prefix script '/home/vedant/gaitlab_ws/install/local_setup.ps1'
[5.732s] INFO:colcon.colcon_core.shell:Creating prefix util module '/home/vedant/gaitlab_ws/install/_local_setup_util_ps1.py'
[5.734s] INFO:colcon.colcon_core.shell:Creating prefix chain script '/home/vedant/gaitlab_ws/install/setup.ps1'
[5.736s] INFO:colcon.colcon_core.shell:Creating prefix script '/home/vedant/gaitlab_ws/install/local_setup.sh'
[5.737s] INFO:colcon.colcon_core.shell:Creating prefix util module '/home/vedant/gaitlab_ws/install/_local_setup_util_sh.py'
[5.738s] INFO:colcon.colcon_core.shell:Creating prefix chain script '/home/vedant/gaitlab_ws/install/setup.sh'
[5.740s] INFO:colcon.colcon_core.shell:Creating prefix script '/home/vedant/gaitlab_ws/install/local_setup.bash'
[5.741s] INFO:colcon.colcon_core.shell:Creating prefix chain script '/home/vedant/gaitlab_ws/install/setup.bash'
[5.742s] INFO:colcon.colcon_core.shell:Creating prefix script '/home/vedant/gaitlab_ws/install/local_setup.zsh'
[5.743s] INFO:colcon.colcon_core.shell:Creating prefix chain script '/home/vedant/gaitlab_ws/install/setup.zsh'
