[0.488s] DEBUG:colcon:Command line arguments: ['/usr/bin/colcon', 'build', '--packages-select', 'odrive_control_py']
[0.488s] DEBUG:colcon:Parsed command line arguments: Namespace(log_base=None, log_level=None, verb_name='build', build_base='build', install_base='install', merge_install=False, symlink_install=False, test_result_base=None, continue_on_error=False, executor='parallel', parallel_workers=4, event_handlers=None, ignore_user_meta=False, metas=['./colcon.meta'], base_paths=['.'], packages_ignore=None, packages_ignore_regex=None, paths=None, packages_up_to=None, packages_up_to_regex=None, packages_above=None, packages_above_and_dependencies=None, packages_above_depth=None, packages_select_by_dep=None, packages_skip_by_dep=None, packages_skip_up_to=None, packages_select_build_failed=False, packages_skip_build_finished=False, packages_select_test_failures=False, packages_skip_test_passed=False, packages_select=['odrive_control_py'], packages_skip=None, packages_select_regex=None, packages_skip_regex=None, packages_start=None, packages_end=None, allow_overriding=[], cmake_args=None, cmake_target=None, cmake_target_skip_unavailable=False, cmake_clean_cache=False, cmake_clean_first=False, cmake_force_configure=False, ament_cmake_args=None, catkin_cmake_args=None, catkin_skip_building_tests=False, mixin_files=None, mixin=None, verb_parser=<colcon_mixin.mixin.mixin_argument.MixinArgumentDecorator object at 0xffffa1efd210>, verb_extension=<colcon_core.verb.build.BuildVerb object at 0xffffa208a110>, main=<bound method BuildVerb.main of <colcon_core.verb.build.BuildVerb object at 0xffffa208a110>>, mixin_verb=('build',))
[1.271s] Level 1:colcon.colcon_core.package_discovery:discover_packages(colcon_meta) check parameters
[1.271s] Level 1:colcon.colcon_core.package_discovery:discover_packages(recursive) check parameters
[1.272s] Level 1:colcon.colcon_core.package_discovery:discover_packages(ignore) check parameters
[1.272s] Level 1:colcon.colcon_core.package_discovery:discover_packages(path) check parameters
[1.272s] Level 1:colcon.colcon_core.package_discovery:discover_packages(colcon_meta) discover
[1.272s] Level 1:colcon.colcon_core.package_discovery:discover_packages(recursive) discover
[1.272s] INFO:colcon.colcon_core.package_discovery:Crawling recursively for packages in '/home/vedant/OdriveCANControl'
[1.273s] Level 1:colcon.colcon_core.package_identification:_identify(.) by extensions ['ignore', 'ignore_ament_install']
[1.273s] Level 1:colcon.colcon_core.package_identification:_identify(.) by extension 'ignore'
[1.273s] Level 1:colcon.colcon_core.package_identification:_identify(.) by extension 'ignore_ament_install'
[1.274s] Level 1:colcon.colcon_core.package_identification:_identify(.) by extensions ['colcon_pkg']
[1.274s] Level 1:colcon.colcon_core.package_identification:_identify(.) by extension 'colcon_pkg'
[1.274s] Level 1:colcon.colcon_core.package_identification:_identify(.) by extensions ['colcon_meta']
[1.274s] Level 1:colcon.colcon_core.package_identification:_identify(.) by extension 'colcon_meta'
[1.274s] Level 1:colcon.colcon_core.package_identification:_identify(.) by extensions ['ros']
[1.274s] Level 1:colcon.colcon_core.package_identification:_identify(.) by extension 'ros'
[1.322s] Level 1:colcon.colcon_core.package_identification:_identify(.) by extensions ['cmake', 'python']
[1.323s] Level 1:colcon.colcon_core.package_identification:_identify(.) by extension 'cmake'
[1.323s] Level 1:colcon.colcon_core.package_identification:_identify(.) by extension 'python'
[1.323s] Level 1:colcon.colcon_core.package_identification:_identify(.) by extensions ['python_setup_py']
[1.323s] Level 1:colcon.colcon_core.package_identification:_identify(.) by extension 'python_setup_py'
[1.324s] Level 1:colcon.colcon_core.package_identification:_identify(build) by extensions ['ignore', 'ignore_ament_install']
[1.324s] Level 1:colcon.colcon_core.package_identification:_identify(build) by extension 'ignore'
[1.325s] Level 1:colcon.colcon_core.package_identification:_identify(build) ignored
[1.325s] Level 1:colcon.colcon_core.package_identification:_identify(install) by extensions ['ignore', 'ignore_ament_install']
[1.326s] Level 1:colcon.colcon_core.package_identification:_identify(install) by extension 'ignore'
[1.326s] Level 1:colcon.colcon_core.package_identification:_identify(install) ignored
[1.328s] Level 1:colcon.colcon_core.package_identification:_identify(log) by extensions ['ignore', 'ignore_ament_install']
[1.328s] Level 1:colcon.colcon_core.package_identification:_identify(log) by extension 'ignore'
[1.328s] Level 1:colcon.colcon_core.package_identification:_identify(log) ignored
[1.329s] Level 1:colcon.colcon_core.package_identification:_identify(src) by extensions ['ignore', 'ignore_ament_install']
[1.329s] Level 1:colcon.colcon_core.package_identification:_identify(src) by extension 'ignore'
[1.329s] Level 1:colcon.colcon_core.package_identification:_identify(src) by extension 'ignore_ament_install'
[1.330s] Level 1:colcon.colcon_core.package_identification:_identify(src) by extensions ['colcon_pkg']
[1.330s] Level 1:colcon.colcon_core.package_identification:_identify(src) by extension 'colcon_pkg'
[1.330s] Level 1:colcon.colcon_core.package_identification:_identify(src) by extensions ['colcon_meta']
[1.330s] Level 1:colcon.colcon_core.package_identification:_identify(src) by extension 'colcon_meta'
[1.330s] Level 1:colcon.colcon_core.package_identification:_identify(src) by extensions ['ros']
[1.330s] Level 1:colcon.colcon_core.package_identification:_identify(src) by extension 'ros'
[1.331s] Level 1:colcon.colcon_core.package_identification:_identify(src) by extensions ['cmake', 'python']
[1.331s] Level 1:colcon.colcon_core.package_identification:_identify(src) by extension 'cmake'
[1.331s] Level 1:colcon.colcon_core.package_identification:_identify(src) by extension 'python'
[1.331s] Level 1:colcon.colcon_core.package_identification:_identify(src) by extensions ['python_setup_py']
[1.331s] Level 1:colcon.colcon_core.package_identification:_identify(src) by extension 'python_setup_py'
[1.332s] Level 1:colcon.colcon_core.package_identification:_identify(src/controller) by extensions ['ignore', 'ignore_ament_install']
[1.332s] Level 1:colcon.colcon_core.package_identification:_identify(src/controller) by extension 'ignore'
[1.333s] Level 1:colcon.colcon_core.package_identification:_identify(src/controller) by extension 'ignore_ament_install'
[1.333s] Level 1:colcon.colcon_core.package_identification:_identify(src/controller) by extensions ['colcon_pkg']
[1.333s] Level 1:colcon.colcon_core.package_identification:_identify(src/controller) by extension 'colcon_pkg'
[1.333s] Level 1:colcon.colcon_core.package_identification:_identify(src/controller) by extensions ['colcon_meta']
[1.333s] Level 1:colcon.colcon_core.package_identification:_identify(src/controller) by extension 'colcon_meta'
[1.333s] Level 1:colcon.colcon_core.package_identification:_identify(src/controller) by extensions ['ros']
[1.334s] Level 1:colcon.colcon_core.package_identification:_identify(src/controller) by extension 'ros'
[1.342s] DEBUG:colcon.colcon_core.package_identification:Package 'src/controller' with type 'ros.ament_python' and name 'controller'
[1.343s] Level 1:colcon.colcon_core.package_identification:_identify(src/custom_msgs) by extensions ['ignore', 'ignore_ament_install']
[1.344s] Level 1:colcon.colcon_core.package_identification:_identify(src/custom_msgs) by extension 'ignore'
[1.344s] Level 1:colcon.colcon_core.package_identification:_identify(src/custom_msgs) by extension 'ignore_ament_install'
[1.344s] Level 1:colcon.colcon_core.package_identification:_identify(src/custom_msgs) by extensions ['colcon_pkg']
[1.344s] Level 1:colcon.colcon_core.package_identification:_identify(src/custom_msgs) by extension 'colcon_pkg'
[1.344s] Level 1:colcon.colcon_core.package_identification:_identify(src/custom_msgs) by extensions ['colcon_meta']
[1.345s] Level 1:colcon.colcon_core.package_identification:_identify(src/custom_msgs) by extension 'colcon_meta'
[1.345s] Level 1:colcon.colcon_core.package_identification:_identify(src/custom_msgs) by extensions ['ros']
[1.345s] Level 1:colcon.colcon_core.package_identification:_identify(src/custom_msgs) by extension 'ros'
[1.348s] DEBUG:colcon.colcon_core.package_identification:Package 'src/custom_msgs' with type 'ros.ament_cmake' and name 'custom_msgs'
[1.348s] Level 1:colcon.colcon_core.package_identification:_identify(src/data_logging) by extensions ['ignore', 'ignore_ament_install']
[1.349s] Level 1:colcon.colcon_core.package_identification:_identify(src/data_logging) by extension 'ignore'
[1.349s] Level 1:colcon.colcon_core.package_identification:_identify(src/data_logging) by extension 'ignore_ament_install'
[1.350s] Level 1:colcon.colcon_core.package_identification:_identify(src/data_logging) by extensions ['colcon_pkg']
[1.350s] Level 1:colcon.colcon_core.package_identification:_identify(src/data_logging) by extension 'colcon_pkg'
[1.350s] Level 1:colcon.colcon_core.package_identification:_identify(src/data_logging) by extensions ['colcon_meta']
[1.350s] Level 1:colcon.colcon_core.package_identification:_identify(src/data_logging) by extension 'colcon_meta'
[1.350s] Level 1:colcon.colcon_core.package_identification:_identify(src/data_logging) by extensions ['ros']
[1.351s] Level 1:colcon.colcon_core.package_identification:_identify(src/data_logging) by extension 'ros'
[1.353s] DEBUG:colcon.colcon_core.package_identification:Package 'src/data_logging' with type 'ros.ament_python' and name 'data_logging'
[1.353s] Level 1:colcon.colcon_core.package_identification:_identify(src/encoder) by extensions ['ignore', 'ignore_ament_install']
[1.354s] Level 1:colcon.colcon_core.package_identification:_identify(src/encoder) by extension 'ignore'
[1.354s] Level 1:colcon.colcon_core.package_identification:_identify(src/encoder) by extension 'ignore_ament_install'
[1.354s] Level 1:colcon.colcon_core.package_identification:_identify(src/encoder) by extensions ['colcon_pkg']
[1.354s] Level 1:colcon.colcon_core.package_identification:_identify(src/encoder) by extension 'colcon_pkg'
[1.355s] Level 1:colcon.colcon_core.package_identification:_identify(src/encoder) by extensions ['colcon_meta']
[1.355s] Level 1:colcon.colcon_core.package_identification:_identify(src/encoder) by extension 'colcon_meta'
[1.355s] Level 1:colcon.colcon_core.package_identification:_identify(src/encoder) by extensions ['ros']
[1.355s] Level 1:colcon.colcon_core.package_identification:_identify(src/encoder) by extension 'ros'
[1.357s] DEBUG:colcon.colcon_core.package_identification:Package 'src/encoder' with type 'ros.ament_python' and name 'encoder'
[1.358s] Level 1:colcon.colcon_core.package_identification:_identify(src/odrive_control_py) by extensions ['ignore', 'ignore_ament_install']
[1.359s] Level 1:colcon.colcon_core.package_identification:_identify(src/odrive_control_py) by extension 'ignore'
[1.359s] Level 1:colcon.colcon_core.package_identification:_identify(src/odrive_control_py) by extension 'ignore_ament_install'
[1.359s] Level 1:colcon.colcon_core.package_identification:_identify(src/odrive_control_py) by extensions ['colcon_pkg']
[1.359s] Level 1:colcon.colcon_core.package_identification:_identify(src/odrive_control_py) by extension 'colcon_pkg'
[1.360s] Level 1:colcon.colcon_core.package_identification:_identify(src/odrive_control_py) by extensions ['colcon_meta']
[1.360s] Level 1:colcon.colcon_core.package_identification:_identify(src/odrive_control_py) by extension 'colcon_meta'
[1.360s] Level 1:colcon.colcon_core.package_identification:_identify(src/odrive_control_py) by extensions ['ros']
[1.360s] Level 1:colcon.colcon_core.package_identification:_identify(src/odrive_control_py) by extension 'ros'
[1.363s] DEBUG:colcon.colcon_core.package_identification:Package 'src/odrive_control_py' with type 'ros.ament_python' and name 'odrive_control_py'
[1.363s] Level 1:colcon.colcon_core.package_identification:_identify(src/ros_odrive) by extensions ['ignore', 'ignore_ament_install']
[1.364s] Level 1:colcon.colcon_core.package_identification:_identify(src/ros_odrive) by extension 'ignore'
[1.364s] Level 1:colcon.colcon_core.package_identification:_identify(src/ros_odrive) by extension 'ignore_ament_install'
[1.364s] Level 1:colcon.colcon_core.package_identification:_identify(src/ros_odrive) by extensions ['colcon_pkg']
[1.365s] Level 1:colcon.colcon_core.package_identification:_identify(src/ros_odrive) by extension 'colcon_pkg'
[1.365s] Level 1:colcon.colcon_core.package_identification:_identify(src/ros_odrive) by extensions ['colcon_meta']
[1.365s] Level 1:colcon.colcon_core.package_identification:_identify(src/ros_odrive) by extension 'colcon_meta'
[1.365s] Level 1:colcon.colcon_core.package_identification:_identify(src/ros_odrive) by extensions ['ros']
[1.365s] Level 1:colcon.colcon_core.package_identification:_identify(src/ros_odrive) by extension 'ros'
[1.366s] Level 1:colcon.colcon_core.package_identification:_identify(src/ros_odrive) by extensions ['cmake', 'python']
[1.366s] Level 1:colcon.colcon_core.package_identification:_identify(src/ros_odrive) by extension 'cmake'
[1.366s] Level 1:colcon.colcon_core.package_identification:_identify(src/ros_odrive) by extension 'python'
[1.366s] Level 1:colcon.colcon_core.package_identification:_identify(src/ros_odrive) by extensions ['python_setup_py']
[1.366s] Level 1:colcon.colcon_core.package_identification:_identify(src/ros_odrive) by extension 'python_setup_py'
[1.367s] Level 1:colcon.colcon_core.package_identification:_identify(src/ros_odrive/odrive_base) by extensions ['ignore', 'ignore_ament_install']
[1.367s] Level 1:colcon.colcon_core.package_identification:_identify(src/ros_odrive/odrive_base) by extension 'ignore'
[1.367s] Level 1:colcon.colcon_core.package_identification:_identify(src/ros_odrive/odrive_base) by extension 'ignore_ament_install'
[1.368s] Level 1:colcon.colcon_core.package_identification:_identify(src/ros_odrive/odrive_base) by extensions ['colcon_pkg']
[1.368s] Level 1:colcon.colcon_core.package_identification:_identify(src/ros_odrive/odrive_base) by extension 'colcon_pkg'
[1.368s] Level 1:colcon.colcon_core.package_identification:_identify(src/ros_odrive/odrive_base) by extensions ['colcon_meta']
[1.368s] Level 1:colcon.colcon_core.package_identification:_identify(src/ros_odrive/odrive_base) by extension 'colcon_meta'
[1.368s] Level 1:colcon.colcon_core.package_identification:_identify(src/ros_odrive/odrive_base) by extensions ['ros']
[1.368s] Level 1:colcon.colcon_core.package_identification:_identify(src/ros_odrive/odrive_base) by extension 'ros'
[1.369s] Level 1:colcon.colcon_core.package_identification:_identify(src/ros_odrive/odrive_base) by extensions ['cmake', 'python']
[1.369s] Level 1:colcon.colcon_core.package_identification:_identify(src/ros_odrive/odrive_base) by extension 'cmake'
[1.369s] Level 1:colcon.colcon_core.package_identification:_identify(src/ros_odrive/odrive_base) by extension 'python'
[1.369s] Level 1:colcon.colcon_core.package_identification:_identify(src/ros_odrive/odrive_base) by extensions ['python_setup_py']
[1.369s] Level 1:colcon.colcon_core.package_identification:_identify(src/ros_odrive/odrive_base) by extension 'python_setup_py'
[1.370s] Level 1:colcon.colcon_core.package_identification:_identify(src/ros_odrive/odrive_base/include) by extensions ['ignore', 'ignore_ament_install']
[1.370s] Level 1:colcon.colcon_core.package_identification:_identify(src/ros_odrive/odrive_base/include) by extension 'ignore'
[1.371s] Level 1:colcon.colcon_core.package_identification:_identify(src/ros_odrive/odrive_base/include) by extension 'ignore_ament_install'
[1.371s] Level 1:colcon.colcon_core.package_identification:_identify(src/ros_odrive/odrive_base/include) by extensions ['colcon_pkg']
[1.371s] Level 1:colcon.colcon_core.package_identification:_identify(src/ros_odrive/odrive_base/include) by extension 'colcon_pkg'
[1.371s] Level 1:colcon.colcon_core.package_identification:_identify(src/ros_odrive/odrive_base/include) by extensions ['colcon_meta']
[1.371s] Level 1:colcon.colcon_core.package_identification:_identify(src/ros_odrive/odrive_base/include) by extension 'colcon_meta'
[1.372s] Level 1:colcon.colcon_core.package_identification:_identify(src/ros_odrive/odrive_base/include) by extensions ['ros']
[1.372s] Level 1:colcon.colcon_core.package_identification:_identify(src/ros_odrive/odrive_base/include) by extension 'ros'
[1.372s] Level 1:colcon.colcon_core.package_identification:_identify(src/ros_odrive/odrive_base/include) by extensions ['cmake', 'python']
[1.372s] Level 1:colcon.colcon_core.package_identification:_identify(src/ros_odrive/odrive_base/include) by extension 'cmake'
[1.372s] Level 1:colcon.colcon_core.package_identification:_identify(src/ros_odrive/odrive_base/include) by extension 'python'
[1.373s] Level 1:colcon.colcon_core.package_identification:_identify(src/ros_odrive/odrive_base/include) by extensions ['python_setup_py']
[1.373s] Level 1:colcon.colcon_core.package_identification:_identify(src/ros_odrive/odrive_base/include) by extension 'python_setup_py'
[1.373s] Level 1:colcon.colcon_core.package_identification:_identify(src/ros_odrive/odrive_base/src) by extensions ['ignore', 'ignore_ament_install']
[1.374s] Level 1:colcon.colcon_core.package_identification:_identify(src/ros_odrive/odrive_base/src) by extension 'ignore'
[1.374s] Level 1:colcon.colcon_core.package_identification:_identify(src/ros_odrive/odrive_base/src) by extension 'ignore_ament_install'
[1.374s] Level 1:colcon.colcon_core.package_identification:_identify(src/ros_odrive/odrive_base/src) by extensions ['colcon_pkg']
[1.374s] Level 1:colcon.colcon_core.package_identification:_identify(src/ros_odrive/odrive_base/src) by extension 'colcon_pkg'
[1.374s] Level 1:colcon.colcon_core.package_identification:_identify(src/ros_odrive/odrive_base/src) by extensions ['colcon_meta']
[1.375s] Level 1:colcon.colcon_core.package_identification:_identify(src/ros_odrive/odrive_base/src) by extension 'colcon_meta'
[1.375s] Level 1:colcon.colcon_core.package_identification:_identify(src/ros_odrive/odrive_base/src) by extensions ['ros']
[1.375s] Level 1:colcon.colcon_core.package_identification:_identify(src/ros_odrive/odrive_base/src) by extension 'ros'
[1.375s] Level 1:colcon.colcon_core.package_identification:_identify(src/ros_odrive/odrive_base/src) by extensions ['cmake', 'python']
[1.375s] Level 1:colcon.colcon_core.package_identification:_identify(src/ros_odrive/odrive_base/src) by extension 'cmake'
[1.376s] Level 1:colcon.colcon_core.package_identification:_identify(src/ros_odrive/odrive_base/src) by extension 'python'
[1.376s] Level 1:colcon.colcon_core.package_identification:_identify(src/ros_odrive/odrive_base/src) by extensions ['python_setup_py']
[1.376s] Level 1:colcon.colcon_core.package_identification:_identify(src/ros_odrive/odrive_base/src) by extension 'python_setup_py'
[1.377s] Level 1:colcon.colcon_core.package_identification:_identify(src/ros_odrive/odrive_botwheel_explorer) by extensions ['ignore', 'ignore_ament_install']
[1.377s] Level 1:colcon.colcon_core.package_identification:_identify(src/ros_odrive/odrive_botwheel_explorer) by extension 'ignore'
[1.377s] Level 1:colcon.colcon_core.package_identification:_identify(src/ros_odrive/odrive_botwheel_explorer) by extension 'ignore_ament_install'
[1.377s] Level 1:colcon.colcon_core.package_identification:_identify(src/ros_odrive/odrive_botwheel_explorer) by extensions ['colcon_pkg']
[1.378s] Level 1:colcon.colcon_core.package_identification:_identify(src/ros_odrive/odrive_botwheel_explorer) by extension 'colcon_pkg'
[1.378s] Level 1:colcon.colcon_core.package_identification:_identify(src/ros_odrive/odrive_botwheel_explorer) by extensions ['colcon_meta']
[1.378s] Level 1:colcon.colcon_core.package_identification:_identify(src/ros_odrive/odrive_botwheel_explorer) by extension 'colcon_meta'
[1.378s] Level 1:colcon.colcon_core.package_identification:_identify(src/ros_odrive/odrive_botwheel_explorer) by extensions ['ros']
[1.378s] Level 1:colcon.colcon_core.package_identification:_identify(src/ros_odrive/odrive_botwheel_explorer) by extension 'ros'
[1.380s] DEBUG:colcon.colcon_core.package_identification:Package 'src/ros_odrive/odrive_botwheel_explorer' with type 'ros.ament_cmake' and name 'odrive_botwheel_explorer'
[1.381s] Level 1:colcon.colcon_core.package_identification:_identify(src/ros_odrive/odrive_node) by extensions ['ignore', 'ignore_ament_install']
[1.382s] Level 1:colcon.colcon_core.package_identification:_identify(src/ros_odrive/odrive_node) by extension 'ignore'
[1.382s] Level 1:colcon.colcon_core.package_identification:_identify(src/ros_odrive/odrive_node) by extension 'ignore_ament_install'
[1.382s] Level 1:colcon.colcon_core.package_identification:_identify(src/ros_odrive/odrive_node) by extensions ['colcon_pkg']
[1.382s] Level 1:colcon.colcon_core.package_identification:_identify(src/ros_odrive/odrive_node) by extension 'colcon_pkg'
[1.382s] Level 1:colcon.colcon_core.package_identification:_identify(src/ros_odrive/odrive_node) by extensions ['colcon_meta']
[1.382s] Level 1:colcon.colcon_core.package_identification:_identify(src/ros_odrive/odrive_node) by extension 'colcon_meta'
[1.383s] Level 1:colcon.colcon_core.package_identification:_identify(src/ros_odrive/odrive_node) by extensions ['ros']
[1.383s] Level 1:colcon.colcon_core.package_identification:_identify(src/ros_odrive/odrive_node) by extension 'ros'
[1.386s] DEBUG:colcon.colcon_core.package_identification:Package 'src/ros_odrive/odrive_node' with type 'ros.ament_cmake' and name 'odrive_can'
[1.386s] Level 1:colcon.colcon_core.package_identification:_identify(src/ros_odrive/odrive_ros2_control) by extensions ['ignore', 'ignore_ament_install']
[1.387s] Level 1:colcon.colcon_core.package_identification:_identify(src/ros_odrive/odrive_ros2_control) by extension 'ignore'
[1.387s] Level 1:colcon.colcon_core.package_identification:_identify(src/ros_odrive/odrive_ros2_control) by extension 'ignore_ament_install'
[1.387s] Level 1:colcon.colcon_core.package_identification:_identify(src/ros_odrive/odrive_ros2_control) by extensions ['colcon_pkg']
[1.387s] Level 1:colcon.colcon_core.package_identification:_identify(src/ros_odrive/odrive_ros2_control) by extension 'colcon_pkg'
[1.388s] Level 1:colcon.colcon_core.package_identification:_identify(src/ros_odrive/odrive_ros2_control) by extensions ['colcon_meta']
[1.388s] Level 1:colcon.colcon_core.package_identification:_identify(src/ros_odrive/odrive_ros2_control) by extension 'colcon_meta'
[1.388s] Level 1:colcon.colcon_core.package_identification:_identify(src/ros_odrive/odrive_ros2_control) by extensions ['ros']
[1.388s] Level 1:colcon.colcon_core.package_identification:_identify(src/ros_odrive/odrive_ros2_control) by extension 'ros'
[1.391s] DEBUG:colcon.colcon_core.package_identification:Package 'src/ros_odrive/odrive_ros2_control' with type 'ros.ament_cmake' and name 'odrive_ros2_control'
[1.392s] Level 1:colcon.colcon_core.package_identification:_identify(src/testing) by extensions ['ignore', 'ignore_ament_install']
[1.392s] Level 1:colcon.colcon_core.package_identification:_identify(src/testing) by extension 'ignore'
[1.392s] Level 1:colcon.colcon_core.package_identification:_identify(src/testing) by extension 'ignore_ament_install'
[1.392s] Level 1:colcon.colcon_core.package_identification:_identify(src/testing) by extensions ['colcon_pkg']
[1.393s] Level 1:colcon.colcon_core.package_identification:_identify(src/testing) by extension 'colcon_pkg'
[1.393s] Level 1:colcon.colcon_core.package_identification:_identify(src/testing) by extensions ['colcon_meta']
[1.393s] Level 1:colcon.colcon_core.package_identification:_identify(src/testing) by extension 'colcon_meta'
[1.393s] Level 1:colcon.colcon_core.package_identification:_identify(src/testing) by extensions ['ros']
[1.393s] Level 1:colcon.colcon_core.package_identification:_identify(src/testing) by extension 'ros'
[1.395s] DEBUG:colcon.colcon_core.package_identification:Package 'src/testing' with type 'ros.ament_python' and name 'testing'
[1.396s] Level 1:colcon.colcon_core.package_discovery:discover_packages(recursive) using defaults
[1.396s] Level 1:colcon.colcon_core.package_discovery:discover_packages(ignore) discover
[1.396s] Level 1:colcon.colcon_core.package_discovery:discover_packages(ignore) using defaults
[1.396s] Level 1:colcon.colcon_core.package_discovery:discover_packages(path) discover
[1.396s] Level 1:colcon.colcon_core.package_discovery:discover_packages(path) using defaults
[1.479s] INFO:colcon.colcon_core.package_selection:Skipping not selected package 'controller' in 'src/controller'
[1.479s] INFO:colcon.colcon_core.package_selection:Skipping not selected package 'custom_msgs' in 'src/custom_msgs'
[1.479s] INFO:colcon.colcon_core.package_selection:Skipping not selected package 'data_logging' in 'src/data_logging'
[1.479s] INFO:colcon.colcon_core.package_selection:Skipping not selected package 'encoder' in 'src/encoder'
[1.479s] INFO:colcon.colcon_core.package_selection:Skipping not selected package 'odrive_can' in 'src/ros_odrive/odrive_node'
[1.480s] INFO:colcon.colcon_core.package_selection:Skipping not selected package 'odrive_ros2_control' in 'src/ros_odrive/odrive_ros2_control'
[1.480s] INFO:colcon.colcon_core.package_selection:Skipping not selected package 'testing' in 'src/testing'
[1.480s] INFO:colcon.colcon_core.package_selection:Skipping not selected package 'odrive_botwheel_explorer' in 'src/ros_odrive/odrive_botwheel_explorer'
[1.482s] Level 1:colcon.colcon_core.package_discovery:discover_packages(prefix_path) check parameters
[1.482s] Level 1:colcon.colcon_core.package_discovery:discover_packages(prefix_path) discover
[1.492s] DEBUG:colcon.colcon_installed_package_information.package_discovery:Found 7 installed packages in /home/vedant/OdriveCANControl/install
[1.498s] DEBUG:colcon.colcon_installed_package_information.package_discovery:Found 189 installed packages in /opt/ros/humble
[1.544s] Level 1:colcon.colcon_core.package_discovery:discover_packages(prefix_path) using defaults
[1.661s] Level 5:colcon.colcon_core.verb:set package 'odrive_control_py' build argument 'cmake_args' from command line to 'None'
[1.662s] Level 5:colcon.colcon_core.verb:set package 'odrive_control_py' build argument 'cmake_target' from command line to 'None'
[1.662s] Level 5:colcon.colcon_core.verb:set package 'odrive_control_py' build argument 'cmake_target_skip_unavailable' from command line to 'False'
[1.662s] Level 5:colcon.colcon_core.verb:set package 'odrive_control_py' build argument 'cmake_clean_cache' from command line to 'False'
[1.662s] Level 5:colcon.colcon_core.verb:set package 'odrive_control_py' build argument 'cmake_clean_first' from command line to 'False'
[1.662s] Level 5:colcon.colcon_core.verb:set package 'odrive_control_py' build argument 'cmake_force_configure' from command line to 'False'
[1.662s] Level 5:colcon.colcon_core.verb:set package 'odrive_control_py' build argument 'ament_cmake_args' from command line to 'None'
[1.662s] Level 5:colcon.colcon_core.verb:set package 'odrive_control_py' build argument 'catkin_cmake_args' from command line to 'None'
[1.662s] Level 5:colcon.colcon_core.verb:set package 'odrive_control_py' build argument 'catkin_skip_building_tests' from command line to 'False'
[1.663s] DEBUG:colcon.colcon_core.verb:Building package 'odrive_control_py' with the following arguments: {'ament_cmake_args': None, 'build_base': '/home/vedant/OdriveCANControl/build/odrive_control_py', 'catkin_cmake_args': None, 'catkin_skip_building_tests': False, 'cmake_args': None, 'cmake_clean_cache': False, 'cmake_clean_first': False, 'cmake_force_configure': False, 'cmake_target': None, 'cmake_target_skip_unavailable': False, 'install_base': '/home/vedant/OdriveCANControl/install/odrive_control_py', 'merge_install': False, 'path': '/home/vedant/OdriveCANControl/src/odrive_control_py', 'symlink_install': False, 'test_result_base': None}
[1.663s] INFO:colcon.colcon_core.executor:Executing jobs using 'parallel' executor
[1.667s] DEBUG:colcon.colcon_parallel_executor.executor.parallel:run_until_complete
[1.668s] INFO:colcon.colcon_ros.task.ament_python.build:Building ROS package in '/home/vedant/OdriveCANControl/src/odrive_control_py' with build type 'ament_python'
[1.668s] Level 1:colcon.colcon_core.shell:create_environment_hook('odrive_control_py', 'ament_prefix_path')
[1.680s] INFO:colcon.colcon_core.plugin_system:Skipping extension 'colcon_core.shell.bat': Not used on non-Windows systems
[1.682s] INFO:colcon.colcon_core.shell:Creating environment hook '/home/vedant/OdriveCANControl/install/odrive_control_py/share/odrive_control_py/hook/ament_prefix_path.ps1'
[1.686s] INFO:colcon.colcon_core.shell:Creating environment descriptor '/home/vedant/OdriveCANControl/install/odrive_control_py/share/odrive_control_py/hook/ament_prefix_path.dsv'
[1.689s] INFO:colcon.colcon_core.shell:Creating environment hook '/home/vedant/OdriveCANControl/install/odrive_control_py/share/odrive_control_py/hook/ament_prefix_path.sh'
[1.693s] INFO:colcon.colcon_core.shell:Skip shell extension 'powershell' for command environment: Not usable outside of PowerShell
[1.693s] DEBUG:colcon.colcon_core.shell:Skip shell extension 'dsv' for command environment
[2.885s] INFO:colcon.colcon_core.task.python.build:Building Python package in '/home/vedant/OdriveCANControl/src/odrive_control_py'
[2.886s] INFO:colcon.colcon_core.shell:Skip shell extension 'powershell' for command environment: Not usable outside of PowerShell
[2.886s] DEBUG:colcon.colcon_core.shell:Skip shell extension 'dsv' for command environment
[4.396s] DEBUG:colcon.colcon_core.event_handler.log_command:Invoking command in '/home/vedant/OdriveCANControl/src/odrive_control_py': CMAKE_PREFIX_PATH=/home/vedant/OdriveCANControl/install/custom_msgs:/home/vedant/OdriveCANControl/install/odrive_can LD_LIBRARY_PATH=/home/vedant/OdriveCANControl/install/custom_msgs/lib:/home/vedant/OdriveCANControl/install/odrive_can/lib:/opt/ros/humble/lib/aarch64-linux-gnu:/opt/ros/humble/lib PYTHONPATH=/home/vedant/OdriveCANControl/build/odrive_control_py/prefix_override:/usr/lib/python3/dist-packages/colcon_core/task/python/colcon_distutils_commands:/home/vedant/OdriveCANControl/install/odrive_control_py/lib/python3.10/site-packages:${PYTHONPATH} /usr/bin/python3 -W ignore:setup.py install is deprecated -W ignore:easy_install command is deprecated setup.py egg_info --egg-base ../../build/odrive_control_py build --build-base /home/vedant/OdriveCANControl/build/odrive_control_py/build install --record /home/vedant/OdriveCANControl/build/odrive_control_py/install.log --single-version-externally-managed install_data
[5.775s] DEBUG:colcon.colcon_core.event_handler.log_command:Invoked command in '/home/vedant/OdriveCANControl/src/odrive_control_py' returned '0': CMAKE_PREFIX_PATH=/home/vedant/OdriveCANControl/install/custom_msgs:/home/vedant/OdriveCANControl/install/odrive_can LD_LIBRARY_PATH=/home/vedant/OdriveCANControl/install/custom_msgs/lib:/home/vedant/OdriveCANControl/install/odrive_can/lib:/opt/ros/humble/lib/aarch64-linux-gnu:/opt/ros/humble/lib PYTHONPATH=/home/vedant/OdriveCANControl/build/odrive_control_py/prefix_override:/usr/lib/python3/dist-packages/colcon_core/task/python/colcon_distutils_commands:/home/vedant/OdriveCANControl/install/odrive_control_py/lib/python3.10/site-packages:${PYTHONPATH} /usr/bin/python3 -W ignore:setup.py install is deprecated -W ignore:easy_install command is deprecated setup.py egg_info --egg-base ../../build/odrive_control_py build --build-base /home/vedant/OdriveCANControl/build/odrive_control_py/build install --record /home/vedant/OdriveCANControl/build/odrive_control_py/install.log --single-version-externally-managed install_data
[5.787s] Level 1:colcon.colcon_core.environment:checking '/home/vedant/OdriveCANControl/install/odrive_control_py' for CMake module files
[5.790s] Level 1:colcon.colcon_core.environment:checking '/home/vedant/OdriveCANControl/install/odrive_control_py' for CMake config files
[5.794s] Level 1:colcon.colcon_core.environment:checking '/home/vedant/OdriveCANControl/install/odrive_control_py/lib'
[5.796s] Level 1:colcon.colcon_core.environment:checking '/home/vedant/OdriveCANControl/install/odrive_control_py/bin'
[5.797s] Level 1:colcon.colcon_core.environment:checking '/home/vedant/OdriveCANControl/install/odrive_control_py/lib/pkgconfig/odrive_control_py.pc'
[5.798s] Level 1:colcon.colcon_core.environment:checking '/home/vedant/OdriveCANControl/install/odrive_control_py/lib/python3.10/site-packages'
[5.799s] Level 1:colcon.colcon_core.shell:create_environment_hook('odrive_control_py', 'pythonpath')
[5.800s] INFO:colcon.colcon_core.shell:Creating environment hook '/home/vedant/OdriveCANControl/install/odrive_control_py/share/odrive_control_py/hook/pythonpath.ps1'
[5.803s] INFO:colcon.colcon_core.shell:Creating environment descriptor '/home/vedant/OdriveCANControl/install/odrive_control_py/share/odrive_control_py/hook/pythonpath.dsv'
[5.805s] INFO:colcon.colcon_core.shell:Creating environment hook '/home/vedant/OdriveCANControl/install/odrive_control_py/share/odrive_control_py/hook/pythonpath.sh'
[5.808s] Level 1:colcon.colcon_core.environment:checking '/home/vedant/OdriveCANControl/install/odrive_control_py/bin'
[5.809s] Level 1:colcon.colcon_core.environment:create_environment_scripts_only(odrive_control_py)
[5.810s] INFO:colcon.colcon_core.shell:Creating package script '/home/vedant/OdriveCANControl/install/odrive_control_py/share/odrive_control_py/package.ps1'
[5.814s] INFO:colcon.colcon_core.shell:Creating package descriptor '/home/vedant/OdriveCANControl/install/odrive_control_py/share/odrive_control_py/package.dsv'
[5.817s] INFO:colcon.colcon_core.shell:Creating package script '/home/vedant/OdriveCANControl/install/odrive_control_py/share/odrive_control_py/package.sh'
[5.821s] INFO:colcon.colcon_core.shell:Creating package script '/home/vedant/OdriveCANControl/install/odrive_control_py/share/odrive_control_py/package.bash'
[5.825s] INFO:colcon.colcon_core.shell:Creating package script '/home/vedant/OdriveCANControl/install/odrive_control_py/share/odrive_control_py/package.zsh'
[5.829s] Level 1:colcon.colcon_core.environment:create_file_with_runtime_dependencies(/home/vedant/OdriveCANControl/install/odrive_control_py/share/colcon-core/packages/odrive_control_py)
[5.830s] DEBUG:colcon.colcon_parallel_executor.executor.parallel:closing loop
[5.831s] DEBUG:colcon.colcon_parallel_executor.executor.parallel:loop closed
[5.832s] DEBUG:colcon.colcon_parallel_executor.executor.parallel:run_until_complete finished with '0'
[5.832s] DEBUG:colcon.colcon_core.event_reactor:joining thread
[5.854s] INFO:colcon.colcon_core.plugin_system:Skipping extension 'colcon_notification.desktop_notification.terminal_notifier': Not used on non-Darwin systems
[5.854s] INFO:colcon.colcon_core.plugin_system:Skipping extension 'colcon_notification.desktop_notification.win32': Not used on non-Windows systems
[5.854s] INFO:colcon.colcon_notification.desktop_notification:Sending desktop notification using 'notify2'
[5.906s] DEBUG:colcon.colcon_core.event_reactor:joined thread
[5.907s] INFO:colcon.colcon_core.shell:Creating prefix script '/home/vedant/OdriveCANControl/install/local_setup.ps1'
[5.912s] INFO:colcon.colcon_core.shell:Creating prefix util module '/home/vedant/OdriveCANControl/install/_local_setup_util_ps1.py'
[5.920s] INFO:colcon.colcon_core.shell:Creating prefix chain script '/home/vedant/OdriveCANControl/install/setup.ps1'
[5.927s] INFO:colcon.colcon_core.shell:Creating prefix script '/home/vedant/OdriveCANControl/install/local_setup.sh'
[5.930s] INFO:colcon.colcon_core.shell:Creating prefix util module '/home/vedant/OdriveCANControl/install/_local_setup_util_sh.py'
[5.932s] INFO:colcon.colcon_core.shell:Creating prefix chain script '/home/vedant/OdriveCANControl/install/setup.sh'
[5.938s] INFO:colcon.colcon_core.shell:Creating prefix script '/home/vedant/OdriveCANControl/install/local_setup.bash'
[5.941s] INFO:colcon.colcon_core.shell:Creating prefix chain script '/home/vedant/OdriveCANControl/install/setup.bash'
[5.947s] INFO:colcon.colcon_core.shell:Creating prefix script '/home/vedant/OdriveCANControl/install/local_setup.zsh'
[5.949s] INFO:colcon.colcon_core.shell:Creating prefix chain script '/home/vedant/OdriveCANControl/install/setup.zsh'
