[2.782s] Invoking command in '/home/vedant/OdriveCANControl/src/controller': CMAKE_PREFIX_PATH=/home/vedant/OdriveCANControl/install/custom_msgs:/home/vedant/OdriveCANControl/install/robot_launch PYTHONPATH=/home/vedant/OdriveCANControl/build/controller/prefix_override:/usr/lib/python3/dist-packages/colcon_core/task/python/colcon_distutils_commands:/home/vedant/OdriveCANControl/install/controller/lib/python3.10/site-packages:${PYTHONPATH} /usr/bin/python3 -W ignore:setup.py install is deprecated -W ignore:easy_install command is deprecated setup.py egg_info --egg-base ../../build/controller build --build-base /home/vedant/OdriveCANControl/build/controller/build install --record /home/vedant/OdriveCANControl/build/controller/install.log --single-version-externally-managed install_data
[3.881s] running egg_info
[3.883s] writing ../../build/controller/controller.egg-info/PKG-INFO
[3.885s] writing dependency_links to ../../build/controller/controller.egg-info/dependency_links.txt
[3.886s] writing entry points to ../../build/controller/controller.egg-info/entry_points.txt
[3.886s] writing requirements to ../../build/controller/controller.egg-info/requires.txt
[3.887s] writing top-level names to ../../build/controller/controller.egg-info/top_level.txt
[3.896s] reading manifest file '../../build/controller/controller.egg-info/SOURCES.txt'
[3.900s] writing manifest file '../../build/controller/controller.egg-info/SOURCES.txt'
[3.900s] running build
[3.901s] running build_py
[3.902s] copying src/controller/impedance_control.py -> /home/vedant/OdriveCANControl/build/controller/build/lib/controller
[3.905s] running install
[3.906s] running install_lib
[3.910s] copying /home/vedant/OdriveCANControl/build/controller/build/lib/controller/impedance_control.py -> /home/vedant/OdriveCANControl/install/controller/lib/python3.10/site-packages/controller
[3.914s] byte-compiling /home/vedant/OdriveCANControl/install/controller/lib/python3.10/site-packages/controller/impedance_control.py to impedance_control.cpython-310.pyc
[3.918s] running install_data
[3.919s] running install_egg_info
[3.926s] removing '/home/vedant/OdriveCANControl/install/controller/lib/python3.10/site-packages/controller-0.0.0-py3.10.egg-info' (and everything under it)
[3.928s] Copying ../../build/controller/controller.egg-info to /home/vedant/OdriveCANControl/install/controller/lib/python3.10/site-packages/controller-0.0.0-py3.10.egg-info
[3.935s] running install_scripts
[4.017s] Installing Impedance_Control script to /home/vedant/OdriveCANControl/install/controller/lib/controller
[4.018s] Installing friction_compensation_node script to /home/vedant/OdriveCANControl/install/controller/lib/controller
[4.019s] Installing odrive_controller script to /home/vedant/OdriveCANControl/install/controller/lib/controller
[4.021s] writing list of installed files to '/home/vedant/OdriveCANControl/build/controller/install.log'
[4.144s] Invoked command in '/home/vedant/OdriveCANControl/src/controller' returned '0': CMAKE_PREFIX_PATH=/home/vedant/OdriveCANControl/install/custom_msgs:/home/vedant/OdriveCANControl/install/robot_launch PYTHONPATH=/home/vedant/OdriveCANControl/build/controller/prefix_override:/usr/lib/python3/dist-packages/colcon_core/task/python/colcon_distutils_commands:/home/vedant/OdriveCANControl/install/controller/lib/python3.10/site-packages:${PYTHONPATH} /usr/bin/python3 -W ignore:setup.py install is deprecated -W ignore:easy_install command is deprecated setup.py egg_info --egg-base ../../build/controller build --build-base /home/vedant/OdriveCANControl/build/controller/build install --record /home/vedant/OdriveCANControl/build/controller/install.log --single-version-externally-managed install_data
