[0.046s] Invoking command in '/home/vedant/OdriveCANControl/build/odrive_can': CMAKE_PREFIX_PATH=/opt/ros/humble:/home/vedant/OdriveCANControl/install/odrive_control_py /usr/bin/cmake --build /home/vedant/OdriveCANControl/build/odrive_can -- -j4 -l4
[0.222s] [35m[1mConsolidate compiler generated dependencies of target odrive_can__rosidl_generator_c[0m
[0.260s] [  1%] Built target odrive_can__cpp
[0.281s] [ 11%] Built target odrive_can__rosidl_generator_c
[0.313s] [35m[1mConsolidate compiler generated dependencies of target odrive_can__rosidl_typesupport_cpp[0m
[0.324s] [35m[1mConsolidate compiler generated dependencies of target odrive_can__rosidl_typesupport_fastrtps_cpp[0m
[0.331s] [ 11%] Built target ament_cmake_python_copy_odrive_can
[0.332s] [35m[1mConsolidate compiler generated dependencies of target odrive_can__rosidl_typesupport_introspection_cpp[0m
[0.380s] [35m[1mConsolidate compiler generated dependencies of target odrive_can__rosidl_typesupport_fastrtps_c[0m
[0.414s] [ 21%] Built target odrive_can__rosidl_typesupport_cpp
[0.423s] [ 31%] Built target odrive_can__rosidl_typesupport_introspection_cpp
[0.439s] [ 41%] Built target odrive_can__rosidl_typesupport_fastrtps_cpp
[0.467s] [35m[1mConsolidate compiler generated dependencies of target odrive_can__rosidl_typesupport_introspection_c[0m
[0.475s] [35m[1mConsolidate compiler generated dependencies of target odrive_can__rosidl_typesupport_c[0m
[0.523s] [ 51%] Built target odrive_can__rosidl_typesupport_fastrtps_c
[0.537s] [ 61%] Built target odrive_can__rosidl_typesupport_introspection_c
[0.547s] [ 71%] Built target odrive_can__rosidl_typesupport_c
[0.605s] [35m[1mConsolidate compiler generated dependencies of target odrive_can_node[0m
[0.631s] [ 71%] Built target odrive_can
[0.719s] [ 73%] Built target odrive_can__py
[0.743s] [ 81%] Built target odrive_can_node
[0.776s] [35m[1mConsolidate compiler generated dependencies of target odrive_can__rosidl_generator_py[0m
[0.855s] [ 90%] Built target odrive_can__rosidl_generator_py
[0.898s] [35m[1mConsolidate compiler generated dependencies of target odrive_can__rosidl_typesupport_fastrtps_c__pyext[0m
[0.921s] [35m[1mConsolidate compiler generated dependencies of target odrive_can__rosidl_typesupport_introspection_c__pyext[0m
[0.935s] [35m[1mConsolidate compiler generated dependencies of target odrive_can__rosidl_typesupport_c__pyext[0m
[0.985s] [ 93%] Built target odrive_can__rosidl_typesupport_fastrtps_c__pyext
[1.019s] [ 96%] Built target odrive_can__rosidl_typesupport_introspection_c__pyext
[1.024s] [100%] Built target odrive_can__rosidl_typesupport_c__pyext
[1.560s] running egg_info
[1.563s] writing odrive_can.egg-info/PKG-INFO
[1.564s] writing dependency_links to odrive_can.egg-info/dependency_links.txt
[1.565s] writing top-level names to odrive_can.egg-info/top_level.txt
[1.575s] reading manifest file 'odrive_can.egg-info/SOURCES.txt'
[1.577s] writing manifest file 'odrive_can.egg-info/SOURCES.txt'
[1.702s] [100%] Built target ament_cmake_python_build_odrive_can_egg
[1.745s] Invoked command in '/home/vedant/OdriveCANControl/build/odrive_can' returned '0': CMAKE_PREFIX_PATH=/opt/ros/humble:/home/vedant/OdriveCANControl/install/odrive_control_py /usr/bin/cmake --build /home/vedant/OdriveCANControl/build/odrive_can -- -j4 -l4
[1.783s] Invoking command in '/home/vedant/OdriveCANControl/build/odrive_can': CMAKE_PREFIX_PATH=/opt/ros/humble:/home/vedant/OdriveCANControl/install/odrive_control_py /usr/bin/cmake --install /home/vedant/OdriveCANControl/build/odrive_can
[1.812s] -- Install configuration: ""
[1.813s] -- Up-to-date: /home/vedant/OdriveCANControl/install/odrive_can/share/ament_index/resource_index/rosidl_interfaces/odrive_can
[1.813s] -- Up-to-date: /home/vedant/OdriveCANControl/install/odrive_can/include/odrive_can/odrive_can
[1.814s] -- Up-to-date: /home/vedant/OdriveCANControl/install/odrive_can/include/odrive_can/odrive_can/srv
[1.814s] -- Up-to-date: /home/vedant/OdriveCANControl/install/odrive_can/include/odrive_can/odrive_can/srv/axis_state.h
[1.815s] -- Up-to-date: /home/vedant/OdriveCANControl/install/odrive_can/include/odrive_can/odrive_can/srv/detail
[1.815s] -- Up-to-date: /home/vedant/OdriveCANControl/install/odrive_can/include/odrive_can/odrive_can/srv/detail/axis_state__struct.h
[1.816s] -- Up-to-date: /home/vedant/OdriveCANControl/install/odrive_can/include/odrive_can/odrive_can/srv/detail/axis_state__functions.h
[1.816s] -- Up-to-date: /home/vedant/OdriveCANControl/install/odrive_can/include/odrive_can/odrive_can/srv/detail/axis_state__type_support.h
[1.817s] -- Up-to-date: /home/vedant/OdriveCANControl/install/odrive_can/include/odrive_can/odrive_can/srv/detail/axis_state__functions.c
[1.817s] -- Up-to-date: /home/vedant/OdriveCANControl/install/odrive_can/include/odrive_can/odrive_can/msg
[1.817s] -- Up-to-date: /home/vedant/OdriveCANControl/install/odrive_can/include/odrive_can/odrive_can/msg/rosidl_generator_c__visibility_control.h
[1.818s] -- Up-to-date: /home/vedant/OdriveCANControl/install/odrive_can/include/odrive_can/odrive_can/msg/control_message.h
[1.818s] -- Up-to-date: /home/vedant/OdriveCANControl/install/odrive_can/include/odrive_can/odrive_can/msg/controller_status.h
[1.819s] -- Up-to-date: /home/vedant/OdriveCANControl/install/odrive_can/include/odrive_can/odrive_can/msg/detail
[1.819s] -- Up-to-date: /home/vedant/OdriveCANControl/install/odrive_can/include/odrive_can/odrive_can/msg/detail/control_message__functions.c
[1.820s] -- Up-to-date: /home/vedant/OdriveCANControl/install/odrive_can/include/odrive_can/odrive_can/msg/detail/controller_status__functions.h
[1.820s] -- Up-to-date: /home/vedant/OdriveCANControl/install/odrive_can/include/odrive_can/odrive_can/msg/detail/o_drive_status__struct.h
[1.820s] -- Up-to-date: /home/vedant/OdriveCANControl/install/odrive_can/include/odrive_can/odrive_can/msg/detail/controller_status__functions.c
[1.821s] -- Up-to-date: /home/vedant/OdriveCANControl/install/odrive_can/include/odrive_can/odrive_can/msg/detail/o_drive_status__type_support.h
[1.821s] -- Up-to-date: /home/vedant/OdriveCANControl/install/odrive_can/include/odrive_can/odrive_can/msg/detail/controller_status__struct.h
[1.821s] -- Up-to-date: /home/vedant/OdriveCANControl/install/odrive_can/include/odrive_can/odrive_can/msg/detail/control_message__type_support.h
[1.822s] -- Up-to-date: /home/vedant/OdriveCANControl/install/odrive_can/include/odrive_can/odrive_can/msg/detail/control_message__struct.h
[1.822s] -- Up-to-date: /home/vedant/OdriveCANControl/install/odrive_can/include/odrive_can/odrive_can/msg/detail/control_message__functions.h
[1.823s] -- Up-to-date: /home/vedant/OdriveCANControl/install/odrive_can/include/odrive_can/odrive_can/msg/detail/o_drive_status__functions.h
[1.823s] -- Up-to-date: /home/vedant/OdriveCANControl/install/odrive_can/include/odrive_can/odrive_can/msg/detail/o_drive_status__functions.c
[1.823s] -- Up-to-date: /home/vedant/OdriveCANControl/install/odrive_can/include/odrive_can/odrive_can/msg/detail/controller_status__type_support.h
[1.824s] -- Up-to-date: /home/vedant/OdriveCANControl/install/odrive_can/include/odrive_can/odrive_can/msg/o_drive_status.h
[1.824s] -- Up-to-date: /home/vedant/OdriveCANControl/install/odrive_can/share/odrive_can/environment/library_path.sh
[1.825s] -- Up-to-date: /home/vedant/OdriveCANControl/install/odrive_can/share/odrive_can/environment/library_path.dsv
[1.825s] -- Up-to-date: /home/vedant/OdriveCANControl/install/odrive_can/lib/libodrive_can__rosidl_generator_c.so
[1.825s] -- Up-to-date: /home/vedant/OdriveCANControl/install/odrive_can/include/odrive_can/odrive_can
[1.826s] -- Up-to-date: /home/vedant/OdriveCANControl/install/odrive_can/include/odrive_can/odrive_can/srv
[1.826s] -- Up-to-date: /home/vedant/OdriveCANControl/install/odrive_can/include/odrive_can/odrive_can/srv/detail
[1.827s] -- Up-to-date: /home/vedant/OdriveCANControl/install/odrive_can/include/odrive_can/odrive_can/srv/detail/axis_state__rosidl_typesupport_fastrtps_c.h
[1.827s] -- Up-to-date: /home/vedant/OdriveCANControl/install/odrive_can/include/odrive_can/odrive_can/msg
[1.827s] -- Up-to-date: /home/vedant/OdriveCANControl/install/odrive_can/include/odrive_can/odrive_can/msg/detail
[1.828s] -- Up-to-date: /home/vedant/OdriveCANControl/install/odrive_can/include/odrive_can/odrive_can/msg/detail/control_message__rosidl_typesupport_fastrtps_c.h
[1.828s] -- Up-to-date: /home/vedant/OdriveCANControl/install/odrive_can/include/odrive_can/odrive_can/msg/detail/o_drive_status__rosidl_typesupport_fastrtps_c.h
[1.828s] -- Up-to-date: /home/vedant/OdriveCANControl/install/odrive_can/include/odrive_can/odrive_can/msg/detail/controller_status__rosidl_typesupport_fastrtps_c.h
[1.829s] -- Up-to-date: /home/vedant/OdriveCANControl/install/odrive_can/include/odrive_can/odrive_can/msg/rosidl_typesupport_fastrtps_c__visibility_control.h
[1.829s] -- Up-to-date: /home/vedant/OdriveCANControl/install/odrive_can/lib/libodrive_can__rosidl_typesupport_fastrtps_c.so
[1.830s] -- Up-to-date: /home/vedant/OdriveCANControl/install/odrive_can/include/odrive_can/odrive_can
[1.830s] -- Up-to-date: /home/vedant/OdriveCANControl/install/odrive_can/include/odrive_can/odrive_can/srv
[1.830s] -- Up-to-date: /home/vedant/OdriveCANControl/install/odrive_can/include/odrive_can/odrive_can/srv/axis_state.hpp
[1.831s] -- Up-to-date: /home/vedant/OdriveCANControl/install/odrive_can/include/odrive_can/odrive_can/srv/detail
[1.831s] -- Up-to-date: /home/vedant/OdriveCANControl/install/odrive_can/include/odrive_can/odrive_can/srv/detail/axis_state__builder.hpp
[1.832s] -- Up-to-date: /home/vedant/OdriveCANControl/install/odrive_can/include/odrive_can/odrive_can/srv/detail/axis_state__type_support.hpp
[1.832s] -- Up-to-date: /home/vedant/OdriveCANControl/install/odrive_can/include/odrive_can/odrive_can/srv/detail/axis_state__struct.hpp
[1.832s] -- Up-to-date: /home/vedant/OdriveCANControl/install/odrive_can/include/odrive_can/odrive_can/srv/detail/axis_state__traits.hpp
[1.833s] -- Up-to-date: /home/vedant/OdriveCANControl/install/odrive_can/include/odrive_can/odrive_can/msg
[1.833s] -- Up-to-date: /home/vedant/OdriveCANControl/install/odrive_can/include/odrive_can/odrive_can/msg/rosidl_generator_cpp__visibility_control.hpp
[1.834s] -- Up-to-date: /home/vedant/OdriveCANControl/install/odrive_can/include/odrive_can/odrive_can/msg/control_message.hpp
[1.834s] -- Up-to-date: /home/vedant/OdriveCANControl/install/odrive_can/include/odrive_can/odrive_can/msg/o_drive_status.hpp
[1.835s] -- Up-to-date: /home/vedant/OdriveCANControl/install/odrive_can/include/odrive_can/odrive_can/msg/controller_status.hpp
[1.835s] -- Up-to-date: /home/vedant/OdriveCANControl/install/odrive_can/include/odrive_can/odrive_can/msg/detail
[1.835s] -- Up-to-date: /home/vedant/OdriveCANControl/install/odrive_can/include/odrive_can/odrive_can/msg/detail/control_message__traits.hpp
[1.836s] -- Up-to-date: /home/vedant/OdriveCANControl/install/odrive_can/include/odrive_can/odrive_can/msg/detail/controller_status__traits.hpp
[1.836s] -- Up-to-date: /home/vedant/OdriveCANControl/install/odrive_can/include/odrive_can/odrive_can/msg/detail/control_message__builder.hpp
[1.837s] -- Up-to-date: /home/vedant/OdriveCANControl/install/odrive_can/include/odrive_can/odrive_can/msg/detail/controller_status__type_support.hpp
[1.837s] -- Up-to-date: /home/vedant/OdriveCANControl/install/odrive_can/include/odrive_can/odrive_can/msg/detail/o_drive_status__struct.hpp
[1.837s] -- Up-to-date: /home/vedant/OdriveCANControl/install/odrive_can/include/odrive_can/odrive_can/msg/detail/controller_status__builder.hpp
[1.838s] -- Up-to-date: /home/vedant/OdriveCANControl/install/odrive_can/include/odrive_can/odrive_can/msg/detail/o_drive_status__traits.hpp
[1.838s] -- Up-to-date: /home/vedant/OdriveCANControl/install/odrive_can/include/odrive_can/odrive_can/msg/detail/o_drive_status__builder.hpp
[1.839s] -- Up-to-date: /home/vedant/OdriveCANControl/install/odrive_can/include/odrive_can/odrive_can/msg/detail/o_drive_status__type_support.hpp
[1.839s] -- Up-to-date: /home/vedant/OdriveCANControl/install/odrive_can/include/odrive_can/odrive_can/msg/detail/control_message__type_support.hpp
[1.839s] -- Up-to-date: /home/vedant/OdriveCANControl/install/odrive_can/include/odrive_can/odrive_can/msg/detail/control_message__struct.hpp
[1.840s] -- Up-to-date: /home/vedant/OdriveCANControl/install/odrive_can/include/odrive_can/odrive_can/msg/detail/controller_status__struct.hpp
[1.840s] -- Up-to-date: /home/vedant/OdriveCANControl/install/odrive_can/include/odrive_can/odrive_can
[1.841s] -- Up-to-date: /home/vedant/OdriveCANControl/install/odrive_can/include/odrive_can/odrive_can/srv
[1.841s] -- Up-to-date: /home/vedant/OdriveCANControl/install/odrive_can/include/odrive_can/odrive_can/srv/detail
[1.841s] -- Up-to-date: /home/vedant/OdriveCANControl/install/odrive_can/include/odrive_can/odrive_can/srv/detail/axis_state__rosidl_typesupport_fastrtps_cpp.hpp
[1.842s] -- Up-to-date: /home/vedant/OdriveCANControl/install/odrive_can/include/odrive_can/odrive_can/srv/detail/dds_fastrtps
[1.842s] -- Up-to-date: /home/vedant/OdriveCANControl/install/odrive_can/include/odrive_can/odrive_can/msg
[1.842s] -- Up-to-date: /home/vedant/OdriveCANControl/install/odrive_can/include/odrive_can/odrive_can/msg/rosidl_typesupport_fastrtps_cpp__visibility_control.h
[1.843s] -- Up-to-date: /home/vedant/OdriveCANControl/install/odrive_can/include/odrive_can/odrive_can/msg/detail
[1.843s] -- Up-to-date: /home/vedant/OdriveCANControl/install/odrive_can/include/odrive_can/odrive_can/msg/detail/o_drive_status__rosidl_typesupport_fastrtps_cpp.hpp
[1.843s] -- Up-to-date: /home/vedant/OdriveCANControl/install/odrive_can/include/odrive_can/odrive_can/msg/detail/dds_fastrtps
[1.844s] -- Up-to-date: /home/vedant/OdriveCANControl/install/odrive_can/include/odrive_can/odrive_can/msg/detail/controller_status__rosidl_typesupport_fastrtps_cpp.hpp
[1.845s] -- Up-to-date: /home/vedant/OdriveCANControl/install/odrive_can/include/odrive_can/odrive_can/msg/detail/control_message__rosidl_typesupport_fastrtps_cpp.hpp
[1.845s] -- Up-to-date: /home/vedant/OdriveCANControl/install/odrive_can/lib/libodrive_can__rosidl_typesupport_fastrtps_cpp.so
[1.846s] -- Up-to-date: /home/vedant/OdriveCANControl/install/odrive_can/include/odrive_can/odrive_can
[1.846s] -- Up-to-date: /home/vedant/OdriveCANControl/install/odrive_can/include/odrive_can/odrive_can/srv
[1.846s] -- Up-to-date: /home/vedant/OdriveCANControl/install/odrive_can/include/odrive_can/odrive_can/srv/detail
[1.847s] -- Up-to-date: /home/vedant/OdriveCANControl/install/odrive_can/include/odrive_can/odrive_can/srv/detail/axis_state__type_support.c
[1.847s] -- Up-to-date: /home/vedant/OdriveCANControl/install/odrive_can/include/odrive_can/odrive_can/srv/detail/axis_state__rosidl_typesupport_introspection_c.h
[1.848s] -- Up-to-date: /home/vedant/OdriveCANControl/install/odrive_can/include/odrive_can/odrive_can/msg
[1.848s] -- Up-to-date: /home/vedant/OdriveCANControl/install/odrive_can/include/odrive_can/odrive_can/msg/detail
[1.848s] -- Up-to-date: /home/vedant/OdriveCANControl/install/odrive_can/include/odrive_can/odrive_can/msg/detail/o_drive_status__rosidl_typesupport_introspection_c.h
[1.849s] -- Up-to-date: /home/vedant/OdriveCANControl/install/odrive_can/include/odrive_can/odrive_can/msg/detail/control_message__rosidl_typesupport_introspection_c.h
[1.849s] -- Up-to-date: /home/vedant/OdriveCANControl/install/odrive_can/include/odrive_can/odrive_can/msg/detail/control_message__type_support.c
[1.850s] -- Up-to-date: /home/vedant/OdriveCANControl/install/odrive_can/include/odrive_can/odrive_can/msg/detail/controller_status__type_support.c
[1.850s] -- Up-to-date: /home/vedant/OdriveCANControl/install/odrive_can/include/odrive_can/odrive_can/msg/detail/o_drive_status__type_support.c
[1.850s] -- Up-to-date: /home/vedant/OdriveCANControl/install/odrive_can/include/odrive_can/odrive_can/msg/detail/controller_status__rosidl_typesupport_introspection_c.h
[1.851s] -- Up-to-date: /home/vedant/OdriveCANControl/install/odrive_can/include/odrive_can/odrive_can/msg/rosidl_typesupport_introspection_c__visibility_control.h
[1.851s] -- Up-to-date: /home/vedant/OdriveCANControl/install/odrive_can/lib/libodrive_can__rosidl_typesupport_introspection_c.so
[1.853s] -- Up-to-date: /home/vedant/OdriveCANControl/install/odrive_can/lib/libodrive_can__rosidl_typesupport_c.so
[1.854s] -- Up-to-date: /home/vedant/OdriveCANControl/install/odrive_can/include/odrive_can/odrive_can
[1.855s] -- Up-to-date: /home/vedant/OdriveCANControl/install/odrive_can/include/odrive_can/odrive_can/srv
[1.855s] -- Up-to-date: /home/vedant/OdriveCANControl/install/odrive_can/include/odrive_can/odrive_can/srv/detail
[1.856s] -- Up-to-date: /home/vedant/OdriveCANControl/install/odrive_can/include/odrive_can/odrive_can/srv/detail/axis_state__type_support.cpp
[1.856s] -- Up-to-date: /home/vedant/OdriveCANControl/install/odrive_can/include/odrive_can/odrive_can/srv/detail/axis_state__rosidl_typesupport_introspection_cpp.hpp
[1.856s] -- Up-to-date: /home/vedant/OdriveCANControl/install/odrive_can/include/odrive_can/odrive_can/msg
[1.857s] -- Up-to-date: /home/vedant/OdriveCANControl/install/odrive_can/include/odrive_can/odrive_can/msg/detail
[1.857s] -- Up-to-date: /home/vedant/OdriveCANControl/install/odrive_can/include/odrive_can/odrive_can/msg/detail/controller_status__type_support.cpp
[1.858s] -- Up-to-date: /home/vedant/OdriveCANControl/install/odrive_can/include/odrive_can/odrive_can/msg/detail/o_drive_status__rosidl_typesupport_introspection_cpp.hpp
[1.858s] -- Up-to-date: /home/vedant/OdriveCANControl/install/odrive_can/include/odrive_can/odrive_can/msg/detail/o_drive_status__type_support.cpp
[1.858s] -- Up-to-date: /home/vedant/OdriveCANControl/install/odrive_can/include/odrive_can/odrive_can/msg/detail/control_message__rosidl_typesupport_introspection_cpp.hpp
[1.859s] -- Up-to-date: /home/vedant/OdriveCANControl/install/odrive_can/include/odrive_can/odrive_can/msg/detail/controller_status__rosidl_typesupport_introspection_cpp.hpp
[1.859s] -- Up-to-date: /home/vedant/OdriveCANControl/install/odrive_can/include/odrive_can/odrive_can/msg/detail/control_message__type_support.cpp
[1.860s] -- Up-to-date: /home/vedant/OdriveCANControl/install/odrive_can/lib/libodrive_can__rosidl_typesupport_introspection_cpp.so
[1.862s] -- Up-to-date: /home/vedant/OdriveCANControl/install/odrive_can/lib/libodrive_can__rosidl_typesupport_cpp.so
[1.863s] -- Up-to-date: /home/vedant/OdriveCANControl/install/odrive_can/share/odrive_can/environment/pythonpath.sh
[1.863s] -- Up-to-date: /home/vedant/OdriveCANControl/install/odrive_can/share/odrive_can/environment/pythonpath.dsv
[1.865s] -- Up-to-date: /home/vedant/OdriveCANControl/install/odrive_can/local/lib/python3.10/dist-packages/odrive_can-0.0.1-py3.10.egg-info
[1.865s] -- Installing: /home/vedant/OdriveCANControl/install/odrive_can/local/lib/python3.10/dist-packages/odrive_can-0.0.1-py3.10.egg-info/PKG-INFO
[1.866s] -- Installing: /home/vedant/OdriveCANControl/install/odrive_can/local/lib/python3.10/dist-packages/odrive_can-0.0.1-py3.10.egg-info/top_level.txt
[1.867s] -- Installing: /home/vedant/OdriveCANControl/install/odrive_can/local/lib/python3.10/dist-packages/odrive_can-0.0.1-py3.10.egg-info/dependency_links.txt
[1.868s] -- Installing: /home/vedant/OdriveCANControl/install/odrive_can/local/lib/python3.10/dist-packages/odrive_can-0.0.1-py3.10.egg-info/SOURCES.txt
[1.869s] -- Up-to-date: /home/vedant/OdriveCANControl/install/odrive_can/local/lib/python3.10/dist-packages/odrive_can
[1.870s] -- Up-to-date: /home/vedant/OdriveCANControl/install/odrive_can/local/lib/python3.10/dist-packages/odrive_can/srv
[1.870s] -- Up-to-date: /home/vedant/OdriveCANControl/install/odrive_can/local/lib/python3.10/dist-packages/odrive_can/srv/_axis_state_s.c
[1.870s] -- Up-to-date: /home/vedant/OdriveCANControl/install/odrive_can/local/lib/python3.10/dist-packages/odrive_can/srv/__init__.py
[1.871s] -- Up-to-date: /home/vedant/OdriveCANControl/install/odrive_can/local/lib/python3.10/dist-packages/odrive_can/srv/_axis_state.py
[1.871s] -- Up-to-date: /home/vedant/OdriveCANControl/install/odrive_can/local/lib/python3.10/dist-packages/odrive_can/msg
[1.872s] -- Up-to-date: /home/vedant/OdriveCANControl/install/odrive_can/local/lib/python3.10/dist-packages/odrive_can/msg/_o_drive_status_s.c
[1.872s] -- Up-to-date: /home/vedant/OdriveCANControl/install/odrive_can/local/lib/python3.10/dist-packages/odrive_can/msg/_o_drive_status.py
[1.873s] -- Up-to-date: /home/vedant/OdriveCANControl/install/odrive_can/local/lib/python3.10/dist-packages/odrive_can/msg/__init__.py
[1.873s] -- Up-to-date: /home/vedant/OdriveCANControl/install/odrive_can/local/lib/python3.10/dist-packages/odrive_can/msg/_controller_status.py
[1.874s] -- Up-to-date: /home/vedant/OdriveCANControl/install/odrive_can/local/lib/python3.10/dist-packages/odrive_can/msg/_control_message_s.c
[1.874s] -- Up-to-date: /home/vedant/OdriveCANControl/install/odrive_can/local/lib/python3.10/dist-packages/odrive_can/msg/_controller_status_s.c
[1.875s] -- Up-to-date: /home/vedant/OdriveCANControl/install/odrive_can/local/lib/python3.10/dist-packages/odrive_can/msg/_control_message.py
[1.875s] -- Up-to-date: /home/vedant/OdriveCANControl/install/odrive_can/local/lib/python3.10/dist-packages/odrive_can/_odrive_can_s.ep.rosidl_typesupport_introspection_c.c
[1.875s] -- Up-to-date: /home/vedant/OdriveCANControl/install/odrive_can/local/lib/python3.10/dist-packages/odrive_can/libodrive_can__rosidl_generator_py.so
[1.876s] -- Up-to-date: /home/vedant/OdriveCANControl/install/odrive_can/local/lib/python3.10/dist-packages/odrive_can/odrive_can_s__rosidl_typesupport_c.cpython-310-aarch64-linux-gnu.so
[1.876s] -- Up-to-date: /home/vedant/OdriveCANControl/install/odrive_can/local/lib/python3.10/dist-packages/odrive_can/_odrive_can_s.ep.rosidl_typesupport_c.c
[1.877s] -- Up-to-date: /home/vedant/OdriveCANControl/install/odrive_can/local/lib/python3.10/dist-packages/odrive_can/_odrive_can_s.ep.rosidl_typesupport_fastrtps_c.c
[1.877s] -- Up-to-date: /home/vedant/OdriveCANControl/install/odrive_can/local/lib/python3.10/dist-packages/odrive_can/__init__.py
[1.877s] -- Up-to-date: /home/vedant/OdriveCANControl/install/odrive_can/local/lib/python3.10/dist-packages/odrive_can/odrive_can_s__rosidl_typesupport_fastrtps_c.cpython-310-aarch64-linux-gnu.so
[1.878s] -- Up-to-date: /home/vedant/OdriveCANControl/install/odrive_can/local/lib/python3.10/dist-packages/odrive_can/odrive_can_s__rosidl_typesupport_introspection_c.cpython-310-aarch64-linux-gnu.so
[2.019s] Listing '/home/vedant/OdriveCANControl/install/odrive_can/local/lib/python3.10/dist-packages/odrive_can'...
[2.021s] Listing '/home/vedant/OdriveCANControl/install/odrive_can/local/lib/python3.10/dist-packages/odrive_can/msg'...
[2.022s] Listing '/home/vedant/OdriveCANControl/install/odrive_can/local/lib/python3.10/dist-packages/odrive_can/srv'...
[2.043s] -- Up-to-date: /home/vedant/OdriveCANControl/install/odrive_can/local/lib/python3.10/dist-packages/odrive_can/odrive_can_s__rosidl_typesupport_fastrtps_c.cpython-310-aarch64-linux-gnu.so
[2.046s] -- Up-to-date: /home/vedant/OdriveCANControl/install/odrive_can/local/lib/python3.10/dist-packages/odrive_can/odrive_can_s__rosidl_typesupport_introspection_c.cpython-310-aarch64-linux-gnu.so
[2.049s] -- Up-to-date: /home/vedant/OdriveCANControl/install/odrive_can/local/lib/python3.10/dist-packages/odrive_can/odrive_can_s__rosidl_typesupport_c.cpython-310-aarch64-linux-gnu.so
[2.051s] -- Up-to-date: /home/vedant/OdriveCANControl/install/odrive_can/lib/libodrive_can__rosidl_generator_py.so
[2.053s] -- Up-to-date: /home/vedant/OdriveCANControl/install/odrive_can/share/odrive_can/msg/ControlMessage.idl
[2.053s] -- Up-to-date: /home/vedant/OdriveCANControl/install/odrive_can/share/odrive_can/msg/ControllerStatus.idl
[2.054s] -- Up-to-date: /home/vedant/OdriveCANControl/install/odrive_can/share/odrive_can/msg/ODriveStatus.idl
[2.054s] -- Up-to-date: /home/vedant/OdriveCANControl/install/odrive_can/share/odrive_can/srv/AxisState.idl
[2.055s] -- Up-to-date: /home/vedant/OdriveCANControl/install/odrive_can/share/odrive_can/msg/ControlMessage.msg
[2.055s] -- Up-to-date: /home/vedant/OdriveCANControl/install/odrive_can/share/odrive_can/msg/ControllerStatus.msg
[2.056s] -- Up-to-date: /home/vedant/OdriveCANControl/install/odrive_can/share/odrive_can/msg/ODriveStatus.msg
[2.056s] -- Up-to-date: /home/vedant/OdriveCANControl/install/odrive_can/share/odrive_can/srv/AxisState.srv
[2.057s] -- Up-to-date: /home/vedant/OdriveCANControl/install/odrive_can/share/odrive_can/srv/AxisState_Request.msg
[2.057s] -- Up-to-date: /home/vedant/OdriveCANControl/install/odrive_can/share/odrive_can/srv/AxisState_Response.msg
[2.058s] -- Up-to-date: /home/vedant/OdriveCANControl/install/odrive_can/lib/odrive_can/odrive_can_node
[2.059s] -- Up-to-date: /home/vedant/OdriveCANControl/install/odrive_can/share/odrive_can/launch
[2.059s] -- Up-to-date: /home/vedant/OdriveCANControl/install/odrive_can/share/odrive_can/launch/example_launch.yaml
[2.060s] -- Up-to-date: /home/vedant/OdriveCANControl/install/odrive_can/share/ament_index/resource_index/package_run_dependencies/odrive_can
[2.060s] -- Up-to-date: /home/vedant/OdriveCANControl/install/odrive_can/share/ament_index/resource_index/parent_prefix_path/odrive_can
[2.061s] -- Up-to-date: /home/vedant/OdriveCANControl/install/odrive_can/share/odrive_can/environment/ament_prefix_path.sh
[2.061s] -- Up-to-date: /home/vedant/OdriveCANControl/install/odrive_can/share/odrive_can/environment/ament_prefix_path.dsv
[2.062s] -- Up-to-date: /home/vedant/OdriveCANControl/install/odrive_can/share/odrive_can/environment/path.sh
[2.062s] -- Up-to-date: /home/vedant/OdriveCANControl/install/odrive_can/share/odrive_can/environment/path.dsv
[2.063s] -- Up-to-date: /home/vedant/OdriveCANControl/install/odrive_can/share/odrive_can/local_setup.bash
[2.063s] -- Up-to-date: /home/vedant/OdriveCANControl/install/odrive_can/share/odrive_can/local_setup.sh
[2.064s] -- Up-to-date: /home/vedant/OdriveCANControl/install/odrive_can/share/odrive_can/local_setup.zsh
[2.064s] -- Up-to-date: /home/vedant/OdriveCANControl/install/odrive_can/share/odrive_can/local_setup.dsv
[2.065s] -- Installing: /home/vedant/OdriveCANControl/install/odrive_can/share/odrive_can/package.dsv
[2.065s] -- Up-to-date: /home/vedant/OdriveCANControl/install/odrive_can/share/ament_index/resource_index/packages/odrive_can
[2.066s] -- Up-to-date: /home/vedant/OdriveCANControl/install/odrive_can/share/odrive_can/cmake/export_odrive_can__rosidl_generator_cExport.cmake
[2.067s] -- Up-to-date: /home/vedant/OdriveCANControl/install/odrive_can/share/odrive_can/cmake/export_odrive_can__rosidl_generator_cExport-noconfig.cmake
[2.067s] -- Up-to-date: /home/vedant/OdriveCANControl/install/odrive_can/share/odrive_can/cmake/export_odrive_can__rosidl_typesupport_fastrtps_cExport.cmake
[2.068s] -- Up-to-date: /home/vedant/OdriveCANControl/install/odrive_can/share/odrive_can/cmake/export_odrive_can__rosidl_typesupport_fastrtps_cExport-noconfig.cmake
[2.069s] -- Up-to-date: /home/vedant/OdriveCANControl/install/odrive_can/share/odrive_can/cmake/export_odrive_can__rosidl_generator_cppExport.cmake
[2.070s] -- Up-to-date: /home/vedant/OdriveCANControl/install/odrive_can/share/odrive_can/cmake/export_odrive_can__rosidl_typesupport_fastrtps_cppExport.cmake
[2.070s] -- Up-to-date: /home/vedant/OdriveCANControl/install/odrive_can/share/odrive_can/cmake/export_odrive_can__rosidl_typesupport_fastrtps_cppExport-noconfig.cmake
[2.071s] -- Up-to-date: /home/vedant/OdriveCANControl/install/odrive_can/share/odrive_can/cmake/odrive_can__rosidl_typesupport_introspection_cExport.cmake
[2.072s] -- Up-to-date: /home/vedant/OdriveCANControl/install/odrive_can/share/odrive_can/cmake/odrive_can__rosidl_typesupport_introspection_cExport-noconfig.cmake
[2.072s] -- Up-to-date: /home/vedant/OdriveCANControl/install/odrive_can/share/odrive_can/cmake/odrive_can__rosidl_typesupport_cExport.cmake
[2.073s] -- Up-to-date: /home/vedant/OdriveCANControl/install/odrive_can/share/odrive_can/cmake/odrive_can__rosidl_typesupport_cExport-noconfig.cmake
[2.074s] -- Up-to-date: /home/vedant/OdriveCANControl/install/odrive_can/share/odrive_can/cmake/odrive_can__rosidl_typesupport_introspection_cppExport.cmake
[2.074s] -- Up-to-date: /home/vedant/OdriveCANControl/install/odrive_can/share/odrive_can/cmake/odrive_can__rosidl_typesupport_introspection_cppExport-noconfig.cmake
[2.075s] -- Up-to-date: /home/vedant/OdriveCANControl/install/odrive_can/share/odrive_can/cmake/odrive_can__rosidl_typesupport_cppExport.cmake
[2.076s] -- Up-to-date: /home/vedant/OdriveCANControl/install/odrive_can/share/odrive_can/cmake/odrive_can__rosidl_typesupport_cppExport-noconfig.cmake
[2.076s] -- Up-to-date: /home/vedant/OdriveCANControl/install/odrive_can/share/odrive_can/cmake/export_odrive_can__rosidl_generator_pyExport.cmake
[2.077s] -- Up-to-date: /home/vedant/OdriveCANControl/install/odrive_can/share/odrive_can/cmake/export_odrive_can__rosidl_generator_pyExport-noconfig.cmake
[2.077s] -- Up-to-date: /home/vedant/OdriveCANControl/install/odrive_can/share/odrive_can/cmake/rosidl_cmake-extras.cmake
[2.078s] -- Up-to-date: /home/vedant/OdriveCANControl/install/odrive_can/share/odrive_can/cmake/ament_cmake_export_include_directories-extras.cmake
[2.078s] -- Up-to-date: /home/vedant/OdriveCANControl/install/odrive_can/share/odrive_can/cmake/ament_cmake_export_libraries-extras.cmake
[2.079s] -- Up-to-date: /home/vedant/OdriveCANControl/install/odrive_can/share/odrive_can/cmake/ament_cmake_export_targets-extras.cmake
[2.079s] -- Up-to-date: /home/vedant/OdriveCANControl/install/odrive_can/share/odrive_can/cmake/rosidl_cmake_export_typesupport_targets-extras.cmake
[2.080s] -- Up-to-date: /home/vedant/OdriveCANControl/install/odrive_can/share/odrive_can/cmake/ament_cmake_export_dependencies-extras.cmake
[2.080s] -- Up-to-date: /home/vedant/OdriveCANControl/install/odrive_can/share/odrive_can/cmake/rosidl_cmake_export_typesupport_libraries-extras.cmake
[2.081s] -- Up-to-date: /home/vedant/OdriveCANControl/install/odrive_can/share/odrive_can/cmake/odrive_canConfig.cmake
[2.081s] -- Up-to-date: /home/vedant/OdriveCANControl/install/odrive_can/share/odrive_can/cmake/odrive_canConfig-version.cmake
[2.082s] -- Up-to-date: /home/vedant/OdriveCANControl/install/odrive_can/share/odrive_can/package.xml
[2.089s] Invoked command in '/home/vedant/OdriveCANControl/build/odrive_can' returned '0': CMAKE_PREFIX_PATH=/opt/ros/humble:/home/vedant/OdriveCANControl/install/odrive_control_py /usr/bin/cmake --install /home/vedant/OdriveCANControl/build/odrive_can
