[35m[1mConsolidate compiler generated dependencies of target data_sync__rosidl_generator_c[0m
[  0%] Built target ament_cmake_python_copy_data_sync
[  3%] Built target data_sync__cpp
[  6%] [32mBuilding C object CMakeFiles/data_sync__rosidl_generator_c.dir/rosidl_generator_c/data_sync/srv/detail/trigger__functions.c.o[0m
[35m[1mConsolidate compiler generated dependencies of target data_sync__rosidl_typesupport_fastrtps_cpp[0m
[35m[1mConsolidate compiler generated dependencies of target data_sync__rosidl_typesupport_cpp[0m
[35m[1mConsolidate compiler generated dependencies of target data_sync__rosidl_typesupport_introspection_cpp[0m
[  9%] [32mBuilding CXX object CMakeFiles/data_sync__rosidl_typesupport_cpp.dir/rosidl_typesupport_cpp/data_sync/srv/trigger__type_support.cpp.o[0m
[ 12%] [32mBuilding CXX object CMakeFiles/data_sync__rosidl_typesupport_fastrtps_cpp.dir/rosidl_typesupport_fastrtps_cpp/data_sync/srv/detail/dds_fastrtps/trigger__type_support.cpp.o[0m
[ 16%] [32mBuilding CXX object CMakeFiles/data_sync__rosidl_typesupport_introspection_cpp.dir/rosidl_typesupport_introspection_cpp/data_sync/srv/detail/trigger__type_support.cpp.o[0m
[ 19%] [32m[1mLinking C shared library libdata_sync__rosidl_generator_c.so[0m
running egg_info
writing data_sync.egg-info/PKG-INFO
writing dependency_links to data_sync.egg-info/dependency_links.txt
writing top-level names to data_sync.egg-info/top_level.txt
[ 22%] [32m[1mLinking CXX shared library libdata_sync__rosidl_typesupport_cpp.so[0m
reading manifest file 'data_sync.egg-info/SOURCES.txt'
writing manifest file 'data_sync.egg-info/SOURCES.txt'
[ 22%] Built target ament_cmake_python_build_data_sync_egg
[ 25%] [32m[1mLinking CXX shared library libdata_sync__rosidl_typesupport_introspection_cpp.so[0m
[ 29%] [32m[1mLinking CXX shared library libdata_sync__rosidl_typesupport_fastrtps_cpp.so[0m
[ 32%] Built target data_sync__rosidl_generator_c
[35m[1mConsolidate compiler generated dependencies of target data_sync__rosidl_typesupport_c[0m
[35m[1mConsolidate compiler generated dependencies of target data_sync__rosidl_typesupport_fastrtps_c[0m
[35m[1mConsolidate compiler generated dependencies of target data_sync__rosidl_typesupport_introspection_c[0m
[ 35%] [32mBuilding CXX object CMakeFiles/data_sync__rosidl_typesupport_c.dir/rosidl_typesupport_c/data_sync/srv/trigger__type_support.cpp.o[0m
[ 38%] [32mBuilding C object CMakeFiles/data_sync__rosidl_typesupport_introspection_c.dir/rosidl_typesupport_introspection_c/data_sync/srv/detail/trigger__type_support.c.o[0m
[ 41%] [32mBuilding CXX object CMakeFiles/data_sync__rosidl_typesupport_fastrtps_c.dir/rosidl_typesupport_fastrtps_c/data_sync/srv/detail/trigger__type_support_c.cpp.o[0m
[ 45%] [32m[1mLinking CXX shared library libdata_sync__rosidl_typesupport_c.so[0m
[ 48%] [32m[1mLinking C shared library libdata_sync__rosidl_typesupport_introspection_c.so[0m
[ 51%] Built target data_sync__rosidl_typesupport_cpp
[ 54%] Built target data_sync__rosidl_typesupport_introspection_cpp
[ 58%] Built target data_sync__rosidl_typesupport_fastrtps_cpp
[ 61%] [32m[1mLinking CXX shared library libdata_sync__rosidl_typesupport_fastrtps_c.so[0m
[ 64%] Built target data_sync__rosidl_typesupport_c
[ 67%] Built target data_sync__rosidl_typesupport_introspection_c
[ 70%] Built target data_sync__rosidl_typesupport_fastrtps_c
[ 70%] Built target data_sync
[ 74%] Built target data_sync__py
[35m[1mConsolidate compiler generated dependencies of target data_sync__rosidl_generator_py[0m
[ 77%] [32mBuilding C object CMakeFiles/data_sync__rosidl_generator_py.dir/rosidl_generator_py/data_sync/srv/_trigger_s.c.o[0m
[ 80%] [32m[1mLinking C shared library rosidl_generator_py/data_sync/libdata_sync__rosidl_generator_py.so[0m
[ 80%] Built target data_sync__rosidl_generator_py
[35m[1mConsolidate compiler generated dependencies of target data_sync__rosidl_typesupport_introspection_c__pyext[0m
[35m[1mConsolidate compiler generated dependencies of target data_sync__rosidl_typesupport_fastrtps_c__pyext[0m
[35m[1mConsolidate compiler generated dependencies of target data_sync__rosidl_typesupport_c__pyext[0m
[ 83%] [32mBuilding C object CMakeFiles/data_sync__rosidl_typesupport_fastrtps_c__pyext.dir/rosidl_generator_py/data_sync/_data_sync_s.ep.rosidl_typesupport_fastrtps_c.c.o[0m
[ 87%] [32mBuilding C object CMakeFiles/data_sync__rosidl_typesupport_c__pyext.dir/rosidl_generator_py/data_sync/_data_sync_s.ep.rosidl_typesupport_c.c.o[0m
[ 90%] [32mBuilding C object CMakeFiles/data_sync__rosidl_typesupport_introspection_c__pyext.dir/rosidl_generator_py/data_sync/_data_sync_s.ep.rosidl_typesupport_introspection_c.c.o[0m
[ 93%] [32m[1mLinking C shared library rosidl_generator_py/data_sync/data_sync_s__rosidl_typesupport_c.cpython-310-x86_64-linux-gnu.so[0m
[ 96%] [32m[1mLinking C shared library rosidl_generator_py/data_sync/data_sync_s__rosidl_typesupport_introspection_c.cpython-310-x86_64-linux-gnu.so[0m
[100%] [32m[1mLinking C shared library rosidl_generator_py/data_sync/data_sync_s__rosidl_typesupport_fastrtps_c.cpython-310-x86_64-linux-gnu.so[0m
[100%] Built target data_sync__rosidl_typesupport_introspection_c__pyext
[100%] Built target data_sync__rosidl_typesupport_c__pyext
[100%] Built target data_sync__rosidl_typesupport_fastrtps_c__pyext
-- Install configuration: ""
-- Up-to-date: /home/vedant/gaitlab_ws/OdriveCANControl/install/data_sync/share/ament_index/resource_index/rosidl_interfaces/data_sync
-- Up-to-date: /home/vedant/gaitlab_ws/OdriveCANControl/install/data_sync/include/data_sync/data_sync
-- Up-to-date: /home/vedant/gaitlab_ws/OdriveCANControl/install/data_sync/include/data_sync/data_sync/srv
-- Up-to-date: /home/vedant/gaitlab_ws/OdriveCANControl/install/data_sync/include/data_sync/data_sync/srv/trigger.h
-- Up-to-date: /home/vedant/gaitlab_ws/OdriveCANControl/install/data_sync/include/data_sync/data_sync/srv/detail
-- Installing: /home/vedant/gaitlab_ws/OdriveCANControl/install/data_sync/include/data_sync/data_sync/srv/detail/trigger__struct.h
-- Installing: /home/vedant/gaitlab_ws/OdriveCANControl/install/data_sync/include/data_sync/data_sync/srv/detail/trigger__type_support.h
-- Installing: /home/vedant/gaitlab_ws/OdriveCANControl/install/data_sync/include/data_sync/data_sync/srv/detail/trigger__functions.c
-- Installing: /home/vedant/gaitlab_ws/OdriveCANControl/install/data_sync/include/data_sync/data_sync/srv/detail/trigger__functions.h
-- Up-to-date: /home/vedant/gaitlab_ws/OdriveCANControl/install/data_sync/include/data_sync/data_sync/msg
-- Up-to-date: /home/vedant/gaitlab_ws/OdriveCANControl/install/data_sync/include/data_sync/data_sync/msg/rosidl_generator_c__visibility_control.h
-- Up-to-date: /home/vedant/gaitlab_ws/OdriveCANControl/install/data_sync/share/data_sync/environment/library_path.sh
-- Up-to-date: /home/vedant/gaitlab_ws/OdriveCANControl/install/data_sync/share/data_sync/environment/library_path.dsv
-- Installing: /home/vedant/gaitlab_ws/OdriveCANControl/install/data_sync/lib/libdata_sync__rosidl_generator_c.so
-- Set runtime path of "/home/vedant/gaitlab_ws/OdriveCANControl/install/data_sync/lib/libdata_sync__rosidl_generator_c.so" to ""
-- Up-to-date: /home/vedant/gaitlab_ws/OdriveCANControl/install/data_sync/include/data_sync/data_sync
-- Up-to-date: /home/vedant/gaitlab_ws/OdriveCANControl/install/data_sync/include/data_sync/data_sync/srv
-- Up-to-date: /home/vedant/gaitlab_ws/OdriveCANControl/install/data_sync/include/data_sync/data_sync/srv/detail
-- Up-to-date: /home/vedant/gaitlab_ws/OdriveCANControl/install/data_sync/include/data_sync/data_sync/srv/detail/trigger__rosidl_typesupport_fastrtps_c.h
-- Up-to-date: /home/vedant/gaitlab_ws/OdriveCANControl/install/data_sync/include/data_sync/data_sync/msg
-- Up-to-date: /home/vedant/gaitlab_ws/OdriveCANControl/install/data_sync/include/data_sync/data_sync/msg/rosidl_typesupport_fastrtps_c__visibility_control.h
-- Installing: /home/vedant/gaitlab_ws/OdriveCANControl/install/data_sync/lib/libdata_sync__rosidl_typesupport_fastrtps_c.so
-- Set runtime path of "/home/vedant/gaitlab_ws/OdriveCANControl/install/data_sync/lib/libdata_sync__rosidl_typesupport_fastrtps_c.so" to ""
-- Up-to-date: /home/vedant/gaitlab_ws/OdriveCANControl/install/data_sync/include/data_sync/data_sync
-- Up-to-date: /home/vedant/gaitlab_ws/OdriveCANControl/install/data_sync/include/data_sync/data_sync/srv
-- Up-to-date: /home/vedant/gaitlab_ws/OdriveCANControl/install/data_sync/include/data_sync/data_sync/srv/detail
-- Up-to-date: /home/vedant/gaitlab_ws/OdriveCANControl/install/data_sync/include/data_sync/data_sync/srv/detail/trigger__type_support.c
-- Up-to-date: /home/vedant/gaitlab_ws/OdriveCANControl/install/data_sync/include/data_sync/data_sync/srv/detail/trigger__rosidl_typesupport_introspection_c.h
-- Up-to-date: /home/vedant/gaitlab_ws/OdriveCANControl/install/data_sync/include/data_sync/data_sync/msg
-- Up-to-date: /home/vedant/gaitlab_ws/OdriveCANControl/install/data_sync/include/data_sync/data_sync/msg/rosidl_typesupport_introspection_c__visibility_control.h
-- Installing: /home/vedant/gaitlab_ws/OdriveCANControl/install/data_sync/lib/libdata_sync__rosidl_typesupport_introspection_c.so
-- Set runtime path of "/home/vedant/gaitlab_ws/OdriveCANControl/install/data_sync/lib/libdata_sync__rosidl_typesupport_introspection_c.so" to ""
-- Installing: /home/vedant/gaitlab_ws/OdriveCANControl/install/data_sync/lib/libdata_sync__rosidl_typesupport_c.so
-- Set runtime path of "/home/vedant/gaitlab_ws/OdriveCANControl/install/data_sync/lib/libdata_sync__rosidl_typesupport_c.so" to ""
-- Up-to-date: /home/vedant/gaitlab_ws/OdriveCANControl/install/data_sync/include/data_sync/data_sync
-- Up-to-date: /home/vedant/gaitlab_ws/OdriveCANControl/install/data_sync/include/data_sync/data_sync/srv
-- Up-to-date: /home/vedant/gaitlab_ws/OdriveCANControl/install/data_sync/include/data_sync/data_sync/srv/trigger.hpp
-- Up-to-date: /home/vedant/gaitlab_ws/OdriveCANControl/install/data_sync/include/data_sync/data_sync/srv/detail
-- Installing: /home/vedant/gaitlab_ws/OdriveCANControl/install/data_sync/include/data_sync/data_sync/srv/detail/trigger__struct.hpp
-- Installing: /home/vedant/gaitlab_ws/OdriveCANControl/install/data_sync/include/data_sync/data_sync/srv/detail/trigger__builder.hpp
-- Installing: /home/vedant/gaitlab_ws/OdriveCANControl/install/data_sync/include/data_sync/data_sync/srv/detail/trigger__traits.hpp
-- Up-to-date: /home/vedant/gaitlab_ws/OdriveCANControl/install/data_sync/include/data_sync/data_sync
-- Up-to-date: /home/vedant/gaitlab_ws/OdriveCANControl/install/data_sync/include/data_sync/data_sync/srv
-- Up-to-date: /home/vedant/gaitlab_ws/OdriveCANControl/install/data_sync/include/data_sync/data_sync/srv/detail
-- Up-to-date: /home/vedant/gaitlab_ws/OdriveCANControl/install/data_sync/include/data_sync/data_sync/srv/detail/dds_fastrtps
-- Up-to-date: /home/vedant/gaitlab_ws/OdriveCANControl/install/data_sync/include/data_sync/data_sync/srv/detail/trigger__rosidl_typesupport_fastrtps_cpp.hpp
-- Up-to-date: /home/vedant/gaitlab_ws/OdriveCANControl/install/data_sync/include/data_sync/data_sync/msg
-- Up-to-date: /home/vedant/gaitlab_ws/OdriveCANControl/install/data_sync/include/data_sync/data_sync/msg/rosidl_typesupport_fastrtps_cpp__visibility_control.h
-- Installing: /home/vedant/gaitlab_ws/OdriveCANControl/install/data_sync/lib/libdata_sync__rosidl_typesupport_fastrtps_cpp.so
-- Set runtime path of "/home/vedant/gaitlab_ws/OdriveCANControl/install/data_sync/lib/libdata_sync__rosidl_typesupport_fastrtps_cpp.so" to ""
-- Up-to-date: /home/vedant/gaitlab_ws/OdriveCANControl/install/data_sync/include/data_sync/data_sync
-- Up-to-date: /home/vedant/gaitlab_ws/OdriveCANControl/install/data_sync/include/data_sync/data_sync/srv
-- Up-to-date: /home/vedant/gaitlab_ws/OdriveCANControl/install/data_sync/include/data_sync/data_sync/srv/detail
-- Up-to-date: /home/vedant/gaitlab_ws/OdriveCANControl/install/data_sync/include/data_sync/data_sync/srv/detail/trigger__type_support.cpp
-- Up-to-date: /home/vedant/gaitlab_ws/OdriveCANControl/install/data_sync/include/data_sync/data_sync/srv/detail/trigger__rosidl_typesupport_introspection_cpp.hpp
-- Installing: /home/vedant/gaitlab_ws/OdriveCANControl/install/data_sync/lib/libdata_sync__rosidl_typesupport_introspection_cpp.so
-- Set runtime path of "/home/vedant/gaitlab_ws/OdriveCANControl/install/data_sync/lib/libdata_sync__rosidl_typesupport_introspection_cpp.so" to ""
-- Installing: /home/vedant/gaitlab_ws/OdriveCANControl/install/data_sync/lib/libdata_sync__rosidl_typesupport_cpp.so
-- Set runtime path of "/home/vedant/gaitlab_ws/OdriveCANControl/install/data_sync/lib/libdata_sync__rosidl_typesupport_cpp.so" to ""
-- Up-to-date: /home/vedant/gaitlab_ws/OdriveCANControl/install/data_sync/share/data_sync/environment/pythonpath.sh
-- Up-to-date: /home/vedant/gaitlab_ws/OdriveCANControl/install/data_sync/share/data_sync/environment/pythonpath.dsv
-- Up-to-date: /home/vedant/gaitlab_ws/OdriveCANControl/install/data_sync/local/lib/python3.10/dist-packages/data_sync-0.0.0-py3.10.egg-info
-- Installing: /home/vedant/gaitlab_ws/OdriveCANControl/install/data_sync/local/lib/python3.10/dist-packages/data_sync-0.0.0-py3.10.egg-info/PKG-INFO
-- Installing: /home/vedant/gaitlab_ws/OdriveCANControl/install/data_sync/local/lib/python3.10/dist-packages/data_sync-0.0.0-py3.10.egg-info/top_level.txt
-- Installing: /home/vedant/gaitlab_ws/OdriveCANControl/install/data_sync/local/lib/python3.10/dist-packages/data_sync-0.0.0-py3.10.egg-info/SOURCES.txt
-- Installing: /home/vedant/gaitlab_ws/OdriveCANControl/install/data_sync/local/lib/python3.10/dist-packages/data_sync-0.0.0-py3.10.egg-info/dependency_links.txt
-- Up-to-date: /home/vedant/gaitlab_ws/OdriveCANControl/install/data_sync/local/lib/python3.10/dist-packages/data_sync
-- Installing: /home/vedant/gaitlab_ws/OdriveCANControl/install/data_sync/local/lib/python3.10/dist-packages/data_sync/data_sync_s__rosidl_typesupport_fastrtps_c.cpython-310-x86_64-linux-gnu.so
-- Installing: /home/vedant/gaitlab_ws/OdriveCANControl/install/data_sync/local/lib/python3.10/dist-packages/data_sync/libdata_sync__rosidl_generator_py.so
-- Up-to-date: /home/vedant/gaitlab_ws/OdriveCANControl/install/data_sync/local/lib/python3.10/dist-packages/data_sync/_data_sync_s.ep.rosidl_typesupport_c.c
-- Up-to-date: /home/vedant/gaitlab_ws/OdriveCANControl/install/data_sync/local/lib/python3.10/dist-packages/data_sync/_data_sync_s.ep.rosidl_typesupport_fastrtps_c.c
-- Up-to-date: /home/vedant/gaitlab_ws/OdriveCANControl/install/data_sync/local/lib/python3.10/dist-packages/data_sync/srv
-- Up-to-date: /home/vedant/gaitlab_ws/OdriveCANControl/install/data_sync/local/lib/python3.10/dist-packages/data_sync/srv/_trigger.py
-- Up-to-date: /home/vedant/gaitlab_ws/OdriveCANControl/install/data_sync/local/lib/python3.10/dist-packages/data_sync/srv/_trigger_s.c
-- Up-to-date: /home/vedant/gaitlab_ws/OdriveCANControl/install/data_sync/local/lib/python3.10/dist-packages/data_sync/srv/__init__.py
-- Up-to-date: /home/vedant/gaitlab_ws/OdriveCANControl/install/data_sync/local/lib/python3.10/dist-packages/data_sync/_data_sync_s.ep.rosidl_typesupport_introspection_c.c
-- Installing: /home/vedant/gaitlab_ws/OdriveCANControl/install/data_sync/local/lib/python3.10/dist-packages/data_sync/data_sync_s__rosidl_typesupport_c.cpython-310-x86_64-linux-gnu.so
-- Installing: /home/vedant/gaitlab_ws/OdriveCANControl/install/data_sync/local/lib/python3.10/dist-packages/data_sync/data_sync_s__rosidl_typesupport_introspection_c.cpython-310-x86_64-linux-gnu.so
-- Up-to-date: /home/vedant/gaitlab_ws/OdriveCANControl/install/data_sync/local/lib/python3.10/dist-packages/data_sync/__init__.py
Listing '/home/vedant/gaitlab_ws/OdriveCANControl/install/data_sync/local/lib/python3.10/dist-packages/data_sync'...
Listing '/home/vedant/gaitlab_ws/OdriveCANControl/install/data_sync/local/lib/python3.10/dist-packages/data_sync/srv'...
-- Installing: /home/vedant/gaitlab_ws/OdriveCANControl/install/data_sync/local/lib/python3.10/dist-packages/data_sync/data_sync_s__rosidl_typesupport_fastrtps_c.cpython-310-x86_64-linux-gnu.so
-- Set runtime path of "/home/vedant/gaitlab_ws/OdriveCANControl/install/data_sync/local/lib/python3.10/dist-packages/data_sync/data_sync_s__rosidl_typesupport_fastrtps_c.cpython-310-x86_64-linux-gnu.so" to ""
-- Installing: /home/vedant/gaitlab_ws/OdriveCANControl/install/data_sync/local/lib/python3.10/dist-packages/data_sync/data_sync_s__rosidl_typesupport_introspection_c.cpython-310-x86_64-linux-gnu.so
-- Set runtime path of "/home/vedant/gaitlab_ws/OdriveCANControl/install/data_sync/local/lib/python3.10/dist-packages/data_sync/data_sync_s__rosidl_typesupport_introspection_c.cpython-310-x86_64-linux-gnu.so" to ""
-- Installing: /home/vedant/gaitlab_ws/OdriveCANControl/install/data_sync/local/lib/python3.10/dist-packages/data_sync/data_sync_s__rosidl_typesupport_c.cpython-310-x86_64-linux-gnu.so
-- Set runtime path of "/home/vedant/gaitlab_ws/OdriveCANControl/install/data_sync/local/lib/python3.10/dist-packages/data_sync/data_sync_s__rosidl_typesupport_c.cpython-310-x86_64-linux-gnu.so" to ""
-- Installing: /home/vedant/gaitlab_ws/OdriveCANControl/install/data_sync/lib/libdata_sync__rosidl_generator_py.so
-- Set runtime path of "/home/vedant/gaitlab_ws/OdriveCANControl/install/data_sync/lib/libdata_sync__rosidl_generator_py.so" to ""
-- Up-to-date: /home/vedant/gaitlab_ws/OdriveCANControl/install/data_sync/share/data_sync/srv/Trigger.idl
-- Up-to-date: /home/vedant/gaitlab_ws/OdriveCANControl/install/data_sync/share/data_sync/srv/Trigger.srv
-- Up-to-date: /home/vedant/gaitlab_ws/OdriveCANControl/install/data_sync/share/data_sync/srv/Trigger_Request.msg
-- Up-to-date: /home/vedant/gaitlab_ws/OdriveCANControl/install/data_sync/share/data_sync/srv/Trigger_Response.msg
-- Up-to-date: /home/vedant/gaitlab_ws/OdriveCANControl/install/data_sync/share/ament_index/resource_index/package_run_dependencies/data_sync
-- Up-to-date: /home/vedant/gaitlab_ws/OdriveCANControl/install/data_sync/share/ament_index/resource_index/parent_prefix_path/data_sync
-- Up-to-date: /home/vedant/gaitlab_ws/OdriveCANControl/install/data_sync/share/data_sync/environment/ament_prefix_path.sh
-- Up-to-date: /home/vedant/gaitlab_ws/OdriveCANControl/install/data_sync/share/data_sync/environment/ament_prefix_path.dsv
-- Up-to-date: /home/vedant/gaitlab_ws/OdriveCANControl/install/data_sync/share/data_sync/environment/path.sh
-- Up-to-date: /home/vedant/gaitlab_ws/OdriveCANControl/install/data_sync/share/data_sync/environment/path.dsv
-- Up-to-date: /home/vedant/gaitlab_ws/OdriveCANControl/install/data_sync/share/data_sync/local_setup.bash
-- Up-to-date: /home/vedant/gaitlab_ws/OdriveCANControl/install/data_sync/share/data_sync/local_setup.sh
-- Up-to-date: /home/vedant/gaitlab_ws/OdriveCANControl/install/data_sync/share/data_sync/local_setup.zsh
-- Up-to-date: /home/vedant/gaitlab_ws/OdriveCANControl/install/data_sync/share/data_sync/local_setup.dsv
-- Installing: /home/vedant/gaitlab_ws/OdriveCANControl/install/data_sync/share/data_sync/package.dsv
-- Up-to-date: /home/vedant/gaitlab_ws/OdriveCANControl/install/data_sync/share/ament_index/resource_index/packages/data_sync
-- Up-to-date: /home/vedant/gaitlab_ws/OdriveCANControl/install/data_sync/share/data_sync/cmake/export_data_sync__rosidl_generator_cExport.cmake
-- Up-to-date: /home/vedant/gaitlab_ws/OdriveCANControl/install/data_sync/share/data_sync/cmake/export_data_sync__rosidl_generator_cExport-noconfig.cmake
-- Up-to-date: /home/vedant/gaitlab_ws/OdriveCANControl/install/data_sync/share/data_sync/cmake/export_data_sync__rosidl_typesupport_fastrtps_cExport.cmake
-- Up-to-date: /home/vedant/gaitlab_ws/OdriveCANControl/install/data_sync/share/data_sync/cmake/export_data_sync__rosidl_typesupport_fastrtps_cExport-noconfig.cmake
-- Up-to-date: /home/vedant/gaitlab_ws/OdriveCANControl/install/data_sync/share/data_sync/cmake/data_sync__rosidl_typesupport_introspection_cExport.cmake
-- Up-to-date: /home/vedant/gaitlab_ws/OdriveCANControl/install/data_sync/share/data_sync/cmake/data_sync__rosidl_typesupport_introspection_cExport-noconfig.cmake
-- Up-to-date: /home/vedant/gaitlab_ws/OdriveCANControl/install/data_sync/share/data_sync/cmake/data_sync__rosidl_typesupport_cExport.cmake
-- Up-to-date: /home/vedant/gaitlab_ws/OdriveCANControl/install/data_sync/share/data_sync/cmake/data_sync__rosidl_typesupport_cExport-noconfig.cmake
-- Up-to-date: /home/vedant/gaitlab_ws/OdriveCANControl/install/data_sync/share/data_sync/cmake/export_data_sync__rosidl_generator_cppExport.cmake
-- Up-to-date: /home/vedant/gaitlab_ws/OdriveCANControl/install/data_sync/share/data_sync/cmake/export_data_sync__rosidl_typesupport_fastrtps_cppExport.cmake
-- Up-to-date: /home/vedant/gaitlab_ws/OdriveCANControl/install/data_sync/share/data_sync/cmake/export_data_sync__rosidl_typesupport_fastrtps_cppExport-noconfig.cmake
-- Up-to-date: /home/vedant/gaitlab_ws/OdriveCANControl/install/data_sync/share/data_sync/cmake/data_sync__rosidl_typesupport_introspection_cppExport.cmake
-- Up-to-date: /home/vedant/gaitlab_ws/OdriveCANControl/install/data_sync/share/data_sync/cmake/data_sync__rosidl_typesupport_introspection_cppExport-noconfig.cmake
-- Up-to-date: /home/vedant/gaitlab_ws/OdriveCANControl/install/data_sync/share/data_sync/cmake/data_sync__rosidl_typesupport_cppExport.cmake
-- Up-to-date: /home/vedant/gaitlab_ws/OdriveCANControl/install/data_sync/share/data_sync/cmake/data_sync__rosidl_typesupport_cppExport-noconfig.cmake
-- Up-to-date: /home/vedant/gaitlab_ws/OdriveCANControl/install/data_sync/share/data_sync/cmake/export_data_sync__rosidl_generator_pyExport.cmake
-- Up-to-date: /home/vedant/gaitlab_ws/OdriveCANControl/install/data_sync/share/data_sync/cmake/export_data_sync__rosidl_generator_pyExport-noconfig.cmake
-- Up-to-date: /home/vedant/gaitlab_ws/OdriveCANControl/install/data_sync/share/data_sync/cmake/rosidl_cmake-extras.cmake
-- Up-to-date: /home/vedant/gaitlab_ws/OdriveCANControl/install/data_sync/share/data_sync/cmake/ament_cmake_export_include_directories-extras.cmake
-- Up-to-date: /home/vedant/gaitlab_ws/OdriveCANControl/install/data_sync/share/data_sync/cmake/ament_cmake_export_libraries-extras.cmake
-- Up-to-date: /home/vedant/gaitlab_ws/OdriveCANControl/install/data_sync/share/data_sync/cmake/ament_cmake_export_targets-extras.cmake
-- Up-to-date: /home/vedant/gaitlab_ws/OdriveCANControl/install/data_sync/share/data_sync/cmake/rosidl_cmake_export_typesupport_targets-extras.cmake
-- Up-to-date: /home/vedant/gaitlab_ws/OdriveCANControl/install/data_sync/share/data_sync/cmake/ament_cmake_export_dependencies-extras.cmake
-- Up-to-date: /home/vedant/gaitlab_ws/OdriveCANControl/install/data_sync/share/data_sync/cmake/rosidl_cmake_export_typesupport_libraries-extras.cmake
-- Up-to-date: /home/vedant/gaitlab_ws/OdriveCANControl/install/data_sync/share/data_sync/cmake/data_syncConfig.cmake
-- Up-to-date: /home/vedant/gaitlab_ws/OdriveCANControl/install/data_sync/share/data_sync/cmake/data_syncConfig-version.cmake
-- Up-to-date: /home/vedant/gaitlab_ws/OdriveCANControl/install/data_sync/share/data_sync/package.xml
