[6.606s] Invoking command in '/home/vedant/OdriveCANControl/src/encoder': PYTHONPATH=/home/vedant/OdriveCANControl/build/encoder/prefix_override:/usr/lib/python3/dist-packages/colcon_core/task/python/colcon_distutils_commands:/home/vedant/OdriveCANControl/install/encoder/lib/python3.10/site-packages:${PYTHONPATH} /usr/bin/python3 -W ignore:setup.py install is deprecated -W ignore:easy_install command is deprecated setup.py egg_info --egg-base ../../build/encoder build --build-base /home/vedant/OdriveCANControl/build/encoder/build install --record /home/vedant/OdriveCANControl/build/encoder/install.log --single-version-externally-managed install_data
[8.077s] running egg_info
[8.081s] writing ../../build/encoder/encoder.egg-info/PKG-INFO
[8.082s] writing dependency_links to ../../build/encoder/encoder.egg-info/dependency_links.txt
[8.086s] writing entry points to ../../build/encoder/encoder.egg-info/entry_points.txt
[8.090s] writing requirements to ../../build/encoder/encoder.egg-info/requires.txt
[8.093s] writing top-level names to ../../build/encoder/encoder.egg-info/top_level.txt
[8.098s] reading manifest file '../../build/encoder/encoder.egg-info/SOURCES.txt'
[8.112s] writing manifest file '../../build/encoder/encoder.egg-info/SOURCES.txt'
[8.127s] running build
[8.132s] running build_py
[8.136s] copying encoder/encoder_read_node.py -> /home/vedant/OdriveCANControl/build/encoder/build/lib/encoder
[8.144s] copying encoder/encoder.py -> /home/vedant/OdriveCANControl/build/encoder/build/lib/encoder
[8.145s] running install
[8.145s] running install_lib
[8.174s] copying /home/vedant/OdriveCANControl/build/encoder/build/lib/encoder/encoder_read_node.py -> /home/vedant/OdriveCANControl/install/encoder/lib/python3.10/site-packages/encoder
[8.177s] copying /home/vedant/OdriveCANControl/build/encoder/build/lib/encoder/encoder.py -> /home/vedant/OdriveCANControl/install/encoder/lib/python3.10/site-packages/encoder
[8.179s] byte-compiling /home/vedant/OdriveCANControl/install/encoder/lib/python3.10/site-packages/encoder/encoder_read_node.py to encoder_read_node.cpython-310.pyc
[8.184s] byte-compiling /home/vedant/OdriveCANControl/install/encoder/lib/python3.10/site-packages/encoder/encoder.py to encoder.cpython-310.pyc
[8.188s] running install_data
[8.194s] copying package.xml -> /home/vedant/OdriveCANControl/install/encoder/share/encoder
[8.197s] running install_egg_info
[8.239s] removing '/home/vedant/OdriveCANControl/install/encoder/lib/python3.10/site-packages/encoder-0.0.0-py3.10.egg-info' (and everything under it)
[8.243s] Copying ../../build/encoder/encoder.egg-info to /home/vedant/OdriveCANControl/install/encoder/lib/python3.10/site-packages/encoder-0.0.0-py3.10.egg-info
[8.262s] running install_scripts
[8.295s] Installing encoder_node script to /home/vedant/OdriveCANControl/install/encoder/lib/encoder
[8.296s] writing list of installed files to '/home/vedant/OdriveCANControl/build/encoder/install.log'
[8.518s] Invoked command in '/home/vedant/OdriveCANControl/src/encoder' returned '0': PYTHONPATH=/home/vedant/OdriveCANControl/build/encoder/prefix_override:/usr/lib/python3/dist-packages/colcon_core/task/python/colcon_distutils_commands:/home/vedant/OdriveCANControl/install/encoder/lib/python3.10/site-packages:${PYTHONPATH} /usr/bin/python3 -W ignore:setup.py install is deprecated -W ignore:easy_install command is deprecated setup.py egg_info --egg-base ../../build/encoder build --build-base /home/vedant/OdriveCANControl/build/encoder/build install --record /home/vedant/OdriveCANControl/build/encoder/install.log --single-version-externally-managed install_data
