running egg_info
creating ../../build/data_logging/data_logging.egg-info
writing ../../build/data_logging/data_logging.egg-info/PKG-INFO
writing dependency_links to ../../build/data_logging/data_logging.egg-info/dependency_links.txt
writing entry points to ../../build/data_logging/data_logging.egg-info/entry_points.txt
writing requirements to ../../build/data_logging/data_logging.egg-info/requires.txt
writing top-level names to ../../build/data_logging/data_logging.egg-info/top_level.txt
writing manifest file '../../build/data_logging/data_logging.egg-info/SOURCES.txt'
reading manifest file '../../build/data_logging/data_logging.egg-info/SOURCES.txt'
writing manifest file '../../build/data_logging/data_logging.egg-info/SOURCES.txt'
running build
running build_py
creating /home/vedant/OdriveCANControl/build/data_logging/build
creating /home/vedant/OdriveCANControl/build/data_logging/build/lib
creating /home/vedant/OdriveCANControl/build/data_logging/build/lib/data_logging
copying data_logging/__init__.py -> /home/vedant/OdriveCANControl/build/data_logging/build/lib/data_logging
copying data_logging/data_recording_node.py -> /home/vedant/OdriveCANControl/build/data_logging/build/lib/data_logging
running install
running install_lib
creating /home/vedant/OdriveCANControl/install/data_logging/lib/python3.10/site-packages/data_logging
copying /home/vedant/OdriveCANControl/build/data_logging/build/lib/data_logging/__init__.py -> /home/vedant/OdriveCANControl/install/data_logging/lib/python3.10/site-packages/data_logging
copying /home/vedant/OdriveCANControl/build/data_logging/build/lib/data_logging/data_recording_node.py -> /home/vedant/OdriveCANControl/install/data_logging/lib/python3.10/site-packages/data_logging
byte-compiling /home/vedant/OdriveCANControl/install/data_logging/lib/python3.10/site-packages/data_logging/__init__.py to __init__.cpython-310.pyc
byte-compiling /home/vedant/OdriveCANControl/install/data_logging/lib/python3.10/site-packages/data_logging/data_recording_node.py to data_recording_node.cpython-310.pyc
running install_data
creating /home/vedant/OdriveCANControl/install/data_logging/share/ament_index
creating /home/vedant/OdriveCANControl/install/data_logging/share/ament_index/resource_index
creating /home/vedant/OdriveCANControl/install/data_logging/share/ament_index/resource_index/packages
copying resource/data_logging -> /home/vedant/OdriveCANControl/install/data_logging/share/ament_index/resource_index/packages
copying package.xml -> /home/vedant/OdriveCANControl/install/data_logging/share/data_logging
running install_egg_info
Copying ../../build/data_logging/data_logging.egg-info to /home/vedant/OdriveCANControl/install/data_logging/lib/python3.10/site-packages/data_logging-0.0.0-py3.10.egg-info
running install_scripts
writing list of installed files to '/home/vedant/OdriveCANControl/build/data_logging/install.log'
