[10.493s] Invoking command in '/home/vedant/OdriveCANControl/src/data_logging': PYTHONPATH=/home/vedant/OdriveCANControl/build/data_logging/prefix_override:/usr/lib/python3/dist-packages/colcon_core/task/python/colcon_distutils_commands:/home/vedant/OdriveCANControl/install/data_logging/lib/python3.10/site-packages:${PYTHONPATH} /usr/bin/python3 -W ignore:setup.py install is deprecated -W ignore:easy_install command is deprecated setup.py egg_info --egg-base ../../build/data_logging build --build-base /home/vedant/OdriveCANControl/build/data_logging/build install --record /home/vedant/OdriveCANControl/build/data_logging/install.log --single-version-externally-managed install_data
[13.807s] running egg_info
[13.820s] creating ../../build/data_logging/data_logging.egg-info
[13.824s] writing ../../build/data_logging/data_logging.egg-info/PKG-INFO
[13.829s] writing dependency_links to ../../build/data_logging/data_logging.egg-info/dependency_links.txt
[13.833s] writing entry points to ../../build/data_logging/data_logging.egg-info/entry_points.txt
[13.833s] writing requirements to ../../build/data_logging/data_logging.egg-info/requires.txt
[13.837s] writing top-level names to ../../build/data_logging/data_logging.egg-info/top_level.txt
[13.838s] writing manifest file '../../build/data_logging/data_logging.egg-info/SOURCES.txt'
[13.849s] reading manifest file '../../build/data_logging/data_logging.egg-info/SOURCES.txt'
[13.854s] writing manifest file '../../build/data_logging/data_logging.egg-info/SOURCES.txt'
[13.858s] running build
[13.858s] running build_py
[13.859s] creating /home/vedant/OdriveCANControl/build/data_logging/build
[13.862s] creating /home/vedant/OdriveCANControl/build/data_logging/build/lib
[13.862s] creating /home/vedant/OdriveCANControl/build/data_logging/build/lib/data_logging
[13.863s] copying data_logging/__init__.py -> /home/vedant/OdriveCANControl/build/data_logging/build/lib/data_logging
[13.867s] copying data_logging/data_recording_node.py -> /home/vedant/OdriveCANControl/build/data_logging/build/lib/data_logging
[13.870s] running install
[13.871s] running install_lib
[13.877s] creating /home/vedant/OdriveCANControl/install/data_logging/lib/python3.10/site-packages/data_logging
[13.880s] copying /home/vedant/OdriveCANControl/build/data_logging/build/lib/data_logging/__init__.py -> /home/vedant/OdriveCANControl/install/data_logging/lib/python3.10/site-packages/data_logging
[13.880s] copying /home/vedant/OdriveCANControl/build/data_logging/build/lib/data_logging/data_recording_node.py -> /home/vedant/OdriveCANControl/install/data_logging/lib/python3.10/site-packages/data_logging
[13.886s] byte-compiling /home/vedant/OdriveCANControl/install/data_logging/lib/python3.10/site-packages/data_logging/__init__.py to __init__.cpython-310.pyc
[13.890s] byte-compiling /home/vedant/OdriveCANControl/install/data_logging/lib/python3.10/site-packages/data_logging/data_recording_node.py to data_recording_node.cpython-310.pyc
[13.898s] running install_data
[13.902s] creating /home/vedant/OdriveCANControl/install/data_logging/share/ament_index
[13.903s] creating /home/vedant/OdriveCANControl/install/data_logging/share/ament_index/resource_index
[13.903s] creating /home/vedant/OdriveCANControl/install/data_logging/share/ament_index/resource_index/packages
[13.905s] copying resource/data_logging -> /home/vedant/OdriveCANControl/install/data_logging/share/ament_index/resource_index/packages
[13.910s] copying package.xml -> /home/vedant/OdriveCANControl/install/data_logging/share/data_logging
[13.911s] running install_egg_info
[13.924s] Copying ../../build/data_logging/data_logging.egg-info to /home/vedant/OdriveCANControl/install/data_logging/lib/python3.10/site-packages/data_logging-0.0.0-py3.10.egg-info
[13.938s] running install_scripts
[14.289s] writing list of installed files to '/home/vedant/OdriveCANControl/build/data_logging/install.log'
[14.538s] Invoked command in '/home/vedant/OdriveCANControl/src/data_logging' returned '0': PYTHONPATH=/home/vedant/OdriveCANControl/build/data_logging/prefix_override:/usr/lib/python3/dist-packages/colcon_core/task/python/colcon_distutils_commands:/home/vedant/OdriveCANControl/install/data_logging/lib/python3.10/site-packages:${PYTHONPATH} /usr/bin/python3 -W ignore:setup.py install is deprecated -W ignore:easy_install command is deprecated setup.py egg_info --egg-base ../../build/data_logging build --build-base /home/vedant/OdriveCANControl/build/data_logging/build install --record /home/vedant/OdriveCANControl/build/data_logging/install.log --single-version-externally-managed install_data
