running egg_info
writing ../../build/controller/controller.egg-info/PKG-INFO
writing dependency_links to ../../build/controller/controller.egg-info/dependency_links.txt
writing entry points to ../../build/controller/controller.egg-info/entry_points.txt
writing requirements to ../../build/controller/controller.egg-info/requires.txt
writing top-level names to ../../build/controller/controller.egg-info/top_level.txt
reading manifest file '../../build/controller/controller.egg-info/SOURCES.txt'
writing manifest file '../../build/controller/controller.egg-info/SOURCES.txt'
running build
running build_py
copying src/controller/odrive_control.py -> /home/vedant/gaitlab_ws/OdriveCANControl/build/controller/build/lib/controller
copying src/controller/App.py -> /home/vedant/gaitlab_ws/OdriveCANControl/build/controller/build/lib/controller
copying src/controller/control_node.py -> /home/vedant/gaitlab_ws/OdriveCANControl/build/controller/build/lib/controller
copying src/controller/Friction_compensation_node.py -> /home/vedant/gaitlab_ws/OdriveCANControl/build/controller/build/lib/controller
copying src/controller/__init__.py -> /home/vedant/gaitlab_ws/OdriveCANControl/build/controller/build/lib/controller
running install
running install_lib
copying /home/vedant/gaitlab_ws/OdriveCANControl/build/controller/build/lib/controller/odrive_control.py -> /home/vedant/gaitlab_ws/OdriveCANControl/install/controller/lib/python3.10/site-packages/controller
copying /home/vedant/gaitlab_ws/OdriveCANControl/build/controller/build/lib/controller/App.py -> /home/vedant/gaitlab_ws/OdriveCANControl/install/controller/lib/python3.10/site-packages/controller
byte-compiling /home/vedant/gaitlab_ws/OdriveCANControl/install/controller/lib/python3.10/site-packages/controller/odrive_control.py to odrive_control.cpython-310.pyc
byte-compiling /home/vedant/gaitlab_ws/OdriveCANControl/install/controller/lib/python3.10/site-packages/controller/App.py to App.cpython-310.pyc
running install_data
copying resource/controller -> /home/vedant/gaitlab_ws/OdriveCANControl/install/controller/share/ament_index/resource_index/packages
copying package.xml -> /home/vedant/gaitlab_ws/OdriveCANControl/install/controller/share/controller
running install_egg_info
removing '/home/vedant/gaitlab_ws/OdriveCANControl/install/controller/lib/python3.10/site-packages/controller-0.0.0-py3.10.egg-info' (and everything under it)
Copying ../../build/controller/controller.egg-info to /home/vedant/gaitlab_ws/OdriveCANControl/install/controller/lib/python3.10/site-packages/controller-0.0.0-py3.10.egg-info
running install_scripts
Installing odrive_control script to /home/vedant/gaitlab_ws/OdriveCANControl/install/controller/lib/controller
writing list of installed files to '/home/vedant/gaitlab_ws/OdriveCANControl/build/controller/install.log'
