[0.079s] Invoking command in '/home/vedant/OdriveCANControl/build/robot_launch': CMAKE_PREFIX_PATH=${CMAKE_PREFIX_PATH}:/home/vedant/OdriveCANControl/install/robot_launch:/home/vedant/OdriveCANControl/install/odrive_control_py:/home/vedant/OdriveCANControl/install/encoder:/home/vedant/OdriveCANControl/install/data_logging:/home/vedant/OdriveCANControl/install/controller:/opt/ros/humble /usr/bin/cmake /home/vedant/OdriveCANControl/src/robot_launch -DCMAKE_INSTALL_PREFIX=/home/vedant/OdriveCANControl/install/robot_launch
[4.065s] -- The C compiler identification is GNU 11.4.0
[6.545s] -- The CXX compiler identification is GNU 11.4.0
[6.717s] -- Detecting C compiler ABI info
[7.249s] -- Detecting C compiler ABI info - done
[7.275s] -- Check for working C compiler: /usr/bin/cc - skipped
[7.282s] -- Detecting C compile features
[7.291s] -- Detecting C compile features - done
[7.323s] -- Detecting CXX compiler ABI info
[7.750s] -- Detecting CXX compiler ABI info - done
[7.779s] -- Check for working CXX compiler: /usr/bin/c++ - skipped
[7.780s] -- Detecting CXX compile features
[7.781s] -- Detecting CXX compile features - done
[7.919s] -- Found ament_cmake: 1.3.11 (/opt/ros/humble/share/ament_cmake/cmake)
[8.881s] -- Found Python3: /usr/bin/python3 (found version "3.10.12") found components: Interpreter 
[9.973s] -- Found rclpy: 3.3.15 (/opt/ros/humble/share/rclpy/cmake)
[10.127s] [31mCMake Error at CMakeLists.txt:11 (find_package):
[10.127s]   By not providing "Findlaunch.cmake" in CMAKE_MODULE_PATH this project has
[10.128s]   asked CMake to find a package configuration file provided by "launch", but
[10.128s]   CMake did not find one.
[10.128s] 
[10.130s]   Could not find a package configuration file provided by "launch" with any
[10.132s]   of the following names:
[10.133s] 
[10.135s]     launchConfig.cmake
[10.135s]     launch-config.cmake
[10.136s] 
[10.138s]   Add the installation prefix of "launch" to CMAKE_PREFIX_PATH or set
[10.138s]   "launch_DIR" to a directory containing one of the above files.  If "launch"
[10.138s]   provides a separate development package or SDK, be sure it has been
[10.139s]   installed.
[10.139s] 
[10.140s] [0m
[10.140s] -- Configuring incomplete, errors occurred!
[10.141s] See also "/home/vedant/OdriveCANControl/build/robot_launch/CMakeFiles/CMakeOutput.log".
[10.144s] Invoked command in '/home/vedant/OdriveCANControl/build/robot_launch' returned '1': CMAKE_PREFIX_PATH=${CMAKE_PREFIX_PATH}:/home/vedant/OdriveCANControl/install/robot_launch:/home/vedant/OdriveCANControl/install/odrive_control_py:/home/vedant/OdriveCANControl/install/encoder:/home/vedant/OdriveCANControl/install/data_logging:/home/vedant/OdriveCANControl/install/controller:/opt/ros/humble /usr/bin/cmake /home/vedant/OdriveCANControl/src/robot_launch -DCMAKE_INSTALL_PREFIX=/home/vedant/OdriveCANControl/install/robot_launch
