[0.113s] Invoking command in '/home/vedant/OdriveCANControl/build/odrive_can': CMAKE_PREFIX_PATH=/opt/ros/humble /usr/bin/cmake --build /home/vedant/OdriveCANControl/build/odrive_can -- -j4 -l4
[0.977s] [  1%] Built target odrive_can__cpp
[1.272s] [  3%] Built target ament_cmake_python_copy_odrive_can
[1.276s] [ 11%] Built target odrive_can__rosidl_generator_c
[1.505s] [ 21%] Built target odrive_can__rosidl_typesupport_cpp
[1.513s] [ 31%] Built target odrive_can__rosidl_typesupport_fastrtps_cpp
[1.526s] [ 41%] Built target odrive_can__rosidl_typesupport_introspection_cpp
[1.738s] [ 51%] Built target odrive_can__rosidl_typesupport_introspection_c
[1.746s] [ 66%] Built target odrive_can__rosidl_typesupport_c
[1.750s] [ 71%] Built target odrive_can__rosidl_typesupport_fastrtps_c
[1.882s] [ 71%] Built target odrive_can
[2.011s] [ 73%] Built target odrive_can__py
[2.210s] [ 81%] Built target odrive_can__rosidl_generator_py
[2.257s] [ 90%] Built target odrive_can_node
[2.357s] [ 93%] Built target odrive_can__rosidl_typesupport_fastrtps_c__pyext
[2.368s] [ 96%] Built target odrive_can__rosidl_typesupport_introspection_c__pyext
[2.411s] [100%] Built target odrive_can__rosidl_typesupport_c__pyext
[2.652s] running egg_info
[2.658s] writing odrive_can.egg-info/PKG-INFO
[2.660s] writing dependency_links to odrive_can.egg-info/dependency_links.txt
[2.661s] writing top-level names to odrive_can.egg-info/top_level.txt
[2.700s] reading manifest file 'odrive_can.egg-info/SOURCES.txt'
[2.709s] writing manifest file 'odrive_can.egg-info/SOURCES.txt'
[2.836s] [100%] Built target ament_cmake_python_build_odrive_can_egg
[2.881s] Invoked command in '/home/vedant/OdriveCANControl/build/odrive_can' returned '0': CMAKE_PREFIX_PATH=/opt/ros/humble /usr/bin/cmake --build /home/vedant/OdriveCANControl/build/odrive_can -- -j4 -l4
[2.938s] Invoking command in '/home/vedant/OdriveCANControl/build/odrive_can': CMAKE_PREFIX_PATH=/opt/ros/humble /usr/bin/cmake --install /home/vedant/OdriveCANControl/build/odrive_can
[2.986s] -- Install configuration: ""
[3.000s] -- Up-to-date: /home/vedant/OdriveCANControl/install/odrive_can/share/ament_index/resource_index/rosidl_interfaces/odrive_can
[3.001s] -- Up-to-date: /home/vedant/OdriveCANControl/install/odrive_can/include/odrive_can/odrive_can
[3.002s] -- Up-to-date: /home/vedant/OdriveCANControl/install/odrive_can/include/odrive_can/odrive_can/srv
[3.003s] -- Up-to-date: /home/vedant/OdriveCANControl/install/odrive_can/include/odrive_can/odrive_can/srv/axis_state.h
[3.004s] -- Up-to-date: /home/vedant/OdriveCANControl/install/odrive_can/include/odrive_can/odrive_can/srv/detail
[3.004s] -- Up-to-date: /home/vedant/OdriveCANControl/install/odrive_can/include/odrive_can/odrive_can/srv/detail/axis_state__struct.h
[3.005s] -- Up-to-date: /home/vedant/OdriveCANControl/install/odrive_can/include/odrive_can/odrive_can/srv/detail/axis_state__functions.h
[3.006s] -- Up-to-date: /home/vedant/OdriveCANControl/install/odrive_can/include/odrive_can/odrive_can/srv/detail/axis_state__type_support.h
[3.008s] -- Up-to-date: /home/vedant/OdriveCANControl/install/odrive_can/include/odrive_can/odrive_can/srv/detail/axis_state__functions.c
[3.009s] -- Up-to-date: /home/vedant/OdriveCANControl/install/odrive_can/include/odrive_can/odrive_can/msg
[3.011s] -- Up-to-date: /home/vedant/OdriveCANControl/install/odrive_can/include/odrive_can/odrive_can/msg/rosidl_generator_c__visibility_control.h
[3.011s] -- Up-to-date: /home/vedant/OdriveCANControl/install/odrive_can/include/odrive_can/odrive_can/msg/control_message.h
[3.012s] -- Up-to-date: /home/vedant/OdriveCANControl/install/odrive_can/include/odrive_can/odrive_can/msg/controller_status.h
[3.012s] -- Up-to-date: /home/vedant/OdriveCANControl/install/odrive_can/include/odrive_can/odrive_can/msg/detail
[3.013s] -- Up-to-date: /home/vedant/OdriveCANControl/install/odrive_can/include/odrive_can/odrive_can/msg/detail/control_message__functions.c
[3.013s] -- Up-to-date: /home/vedant/OdriveCANControl/install/odrive_can/include/odrive_can/odrive_can/msg/detail/controller_status__functions.h
[3.014s] -- Up-to-date: /home/vedant/OdriveCANControl/install/odrive_can/include/odrive_can/odrive_can/msg/detail/o_drive_status__struct.h
[3.014s] -- Up-to-date: /home/vedant/OdriveCANControl/install/odrive_can/include/odrive_can/odrive_can/msg/detail/controller_status__functions.c
[3.015s] -- Up-to-date: /home/vedant/OdriveCANControl/install/odrive_can/include/odrive_can/odrive_can/msg/detail/o_drive_status__type_support.h
[3.015s] -- Up-to-date: /home/vedant/OdriveCANControl/install/odrive_can/include/odrive_can/odrive_can/msg/detail/controller_status__struct.h
[3.016s] -- Up-to-date: /home/vedant/OdriveCANControl/install/odrive_can/include/odrive_can/odrive_can/msg/detail/control_message__type_support.h
[3.016s] -- Up-to-date: /home/vedant/OdriveCANControl/install/odrive_can/include/odrive_can/odrive_can/msg/detail/control_message__struct.h
[3.017s] -- Up-to-date: /home/vedant/OdriveCANControl/install/odrive_can/include/odrive_can/odrive_can/msg/detail/control_message__functions.h
[3.017s] -- Up-to-date: /home/vedant/OdriveCANControl/install/odrive_can/include/odrive_can/odrive_can/msg/detail/o_drive_status__functions.h
[3.017s] -- Up-to-date: /home/vedant/OdriveCANControl/install/odrive_can/include/odrive_can/odrive_can/msg/detail/o_drive_status__functions.c
[3.018s] -- Up-to-date: /home/vedant/OdriveCANControl/install/odrive_can/include/odrive_can/odrive_can/msg/detail/controller_status__type_support.h
[3.019s] -- Up-to-date: /home/vedant/OdriveCANControl/install/odrive_can/include/odrive_can/odrive_can/msg/o_drive_status.h
[3.019s] -- Up-to-date: /home/vedant/OdriveCANControl/install/odrive_can/share/odrive_can/environment/library_path.sh
[3.019s] -- Up-to-date: /home/vedant/OdriveCANControl/install/odrive_can/share/odrive_can/environment/library_path.dsv
[3.029s] -- Up-to-date: /home/vedant/OdriveCANControl/install/odrive_can/lib/libodrive_can__rosidl_generator_c.so
[3.031s] -- Up-to-date: /home/vedant/OdriveCANControl/install/odrive_can/include/odrive_can/odrive_can
[3.031s] -- Up-to-date: /home/vedant/OdriveCANControl/install/odrive_can/include/odrive_can/odrive_can/srv
[3.032s] -- Up-to-date: /home/vedant/OdriveCANControl/install/odrive_can/include/odrive_can/odrive_can/srv/detail
[3.032s] -- Up-to-date: /home/vedant/OdriveCANControl/install/odrive_can/include/odrive_can/odrive_can/srv/detail/axis_state__rosidl_typesupport_fastrtps_c.h
[3.032s] -- Up-to-date: /home/vedant/OdriveCANControl/install/odrive_can/include/odrive_can/odrive_can/msg
[3.033s] -- Up-to-date: /home/vedant/OdriveCANControl/install/odrive_can/include/odrive_can/odrive_can/msg/detail
[3.033s] -- Up-to-date: /home/vedant/OdriveCANControl/install/odrive_can/include/odrive_can/odrive_can/msg/detail/control_message__rosidl_typesupport_fastrtps_c.h
[3.034s] -- Up-to-date: /home/vedant/OdriveCANControl/install/odrive_can/include/odrive_can/odrive_can/msg/detail/o_drive_status__rosidl_typesupport_fastrtps_c.h
[3.034s] -- Up-to-date: /home/vedant/OdriveCANControl/install/odrive_can/include/odrive_can/odrive_can/msg/detail/controller_status__rosidl_typesupport_fastrtps_c.h
[3.034s] -- Up-to-date: /home/vedant/OdriveCANControl/install/odrive_can/include/odrive_can/odrive_can/msg/rosidl_typesupport_fastrtps_c__visibility_control.h
[3.047s] -- Up-to-date: /home/vedant/OdriveCANControl/install/odrive_can/lib/libodrive_can__rosidl_typesupport_fastrtps_c.so
[3.048s] -- Up-to-date: /home/vedant/OdriveCANControl/install/odrive_can/include/odrive_can/odrive_can
[3.048s] -- Up-to-date: /home/vedant/OdriveCANControl/install/odrive_can/include/odrive_can/odrive_can/srv
[3.049s] -- Up-to-date: /home/vedant/OdriveCANControl/install/odrive_can/include/odrive_can/odrive_can/srv/axis_state.hpp
[3.049s] -- Up-to-date: /home/vedant/OdriveCANControl/install/odrive_can/include/odrive_can/odrive_can/srv/detail
[3.050s] -- Up-to-date: /home/vedant/OdriveCANControl/install/odrive_can/include/odrive_can/odrive_can/srv/detail/axis_state__builder.hpp
[3.050s] -- Up-to-date: /home/vedant/OdriveCANControl/install/odrive_can/include/odrive_can/odrive_can/srv/detail/axis_state__type_support.hpp
[3.051s] -- Up-to-date: /home/vedant/OdriveCANControl/install/odrive_can/include/odrive_can/odrive_can/srv/detail/axis_state__struct.hpp
[3.052s] -- Up-to-date: /home/vedant/OdriveCANControl/install/odrive_can/include/odrive_can/odrive_can/srv/detail/axis_state__traits.hpp
[3.053s] -- Up-to-date: /home/vedant/OdriveCANControl/install/odrive_can/include/odrive_can/odrive_can/msg
[3.054s] -- Up-to-date: /home/vedant/OdriveCANControl/install/odrive_can/include/odrive_can/odrive_can/msg/rosidl_generator_cpp__visibility_control.hpp
[3.054s] -- Up-to-date: /home/vedant/OdriveCANControl/install/odrive_can/include/odrive_can/odrive_can/msg/control_message.hpp
[3.055s] -- Up-to-date: /home/vedant/OdriveCANControl/install/odrive_can/include/odrive_can/odrive_can/msg/o_drive_status.hpp
[3.056s] -- Up-to-date: /home/vedant/OdriveCANControl/install/odrive_can/include/odrive_can/odrive_can/msg/controller_status.hpp
[3.057s] -- Up-to-date: /home/vedant/OdriveCANControl/install/odrive_can/include/odrive_can/odrive_can/msg/detail
[3.058s] -- Up-to-date: /home/vedant/OdriveCANControl/install/odrive_can/include/odrive_can/odrive_can/msg/detail/control_message__traits.hpp
[3.058s] -- Up-to-date: /home/vedant/OdriveCANControl/install/odrive_can/include/odrive_can/odrive_can/msg/detail/controller_status__traits.hpp
[3.059s] -- Up-to-date: /home/vedant/OdriveCANControl/install/odrive_can/include/odrive_can/odrive_can/msg/detail/control_message__builder.hpp
[3.060s] -- Up-to-date: /home/vedant/OdriveCANControl/install/odrive_can/include/odrive_can/odrive_can/msg/detail/controller_status__type_support.hpp
[3.060s] -- Up-to-date: /home/vedant/OdriveCANControl/install/odrive_can/include/odrive_can/odrive_can/msg/detail/o_drive_status__struct.hpp
[3.061s] -- Up-to-date: /home/vedant/OdriveCANControl/install/odrive_can/include/odrive_can/odrive_can/msg/detail/controller_status__builder.hpp
[3.062s] -- Up-to-date: /home/vedant/OdriveCANControl/install/odrive_can/include/odrive_can/odrive_can/msg/detail/o_drive_status__traits.hpp
[3.062s] -- Up-to-date: /home/vedant/OdriveCANControl/install/odrive_can/include/odrive_can/odrive_can/msg/detail/o_drive_status__builder.hpp
[3.062s] -- Up-to-date: /home/vedant/OdriveCANControl/install/odrive_can/include/odrive_can/odrive_can/msg/detail/o_drive_status__type_support.hpp
[3.063s] -- Up-to-date: /home/vedant/OdriveCANControl/install/odrive_can/include/odrive_can/odrive_can/msg/detail/control_message__type_support.hpp
[3.063s] -- Up-to-date: /home/vedant/OdriveCANControl/install/odrive_can/include/odrive_can/odrive_can/msg/detail/control_message__struct.hpp
[3.064s] -- Up-to-date: /home/vedant/OdriveCANControl/install/odrive_can/include/odrive_can/odrive_can/msg/detail/controller_status__struct.hpp
[3.064s] -- Up-to-date: /home/vedant/OdriveCANControl/install/odrive_can/include/odrive_can/odrive_can
[3.065s] -- Up-to-date: /home/vedant/OdriveCANControl/install/odrive_can/include/odrive_can/odrive_can/srv
[3.065s] -- Up-to-date: /home/vedant/OdriveCANControl/install/odrive_can/include/odrive_can/odrive_can/srv/detail
[3.066s] -- Up-to-date: /home/vedant/OdriveCANControl/install/odrive_can/include/odrive_can/odrive_can/srv/detail/axis_state__rosidl_typesupport_fastrtps_cpp.hpp
[3.066s] -- Up-to-date: /home/vedant/OdriveCANControl/install/odrive_can/include/odrive_can/odrive_can/srv/detail/dds_fastrtps
[3.066s] -- Up-to-date: /home/vedant/OdriveCANControl/install/odrive_can/include/odrive_can/odrive_can/msg
[3.067s] -- Up-to-date: /home/vedant/OdriveCANControl/install/odrive_can/include/odrive_can/odrive_can/msg/rosidl_typesupport_fastrtps_cpp__visibility_control.h
[3.067s] -- Up-to-date: /home/vedant/OdriveCANControl/install/odrive_can/include/odrive_can/odrive_can/msg/detail
[3.067s] -- Up-to-date: /home/vedant/OdriveCANControl/install/odrive_can/include/odrive_can/odrive_can/msg/detail/o_drive_status__rosidl_typesupport_fastrtps_cpp.hpp
[3.068s] -- Up-to-date: /home/vedant/OdriveCANControl/install/odrive_can/include/odrive_can/odrive_can/msg/detail/dds_fastrtps
[3.068s] -- Up-to-date: /home/vedant/OdriveCANControl/install/odrive_can/include/odrive_can/odrive_can/msg/detail/controller_status__rosidl_typesupport_fastrtps_cpp.hpp
[3.069s] -- Up-to-date: /home/vedant/OdriveCANControl/install/odrive_can/include/odrive_can/odrive_can/msg/detail/control_message__rosidl_typesupport_fastrtps_cpp.hpp
[3.078s] -- Up-to-date: /home/vedant/OdriveCANControl/install/odrive_can/lib/libodrive_can__rosidl_typesupport_fastrtps_cpp.so
[3.079s] -- Up-to-date: /home/vedant/OdriveCANControl/install/odrive_can/include/odrive_can/odrive_can
[3.080s] -- Up-to-date: /home/vedant/OdriveCANControl/install/odrive_can/include/odrive_can/odrive_can/srv
[3.080s] -- Up-to-date: /home/vedant/OdriveCANControl/install/odrive_can/include/odrive_can/odrive_can/srv/detail
[3.081s] -- Up-to-date: /home/vedant/OdriveCANControl/install/odrive_can/include/odrive_can/odrive_can/srv/detail/axis_state__type_support.c
[3.081s] -- Up-to-date: /home/vedant/OdriveCANControl/install/odrive_can/include/odrive_can/odrive_can/srv/detail/axis_state__rosidl_typesupport_introspection_c.h
[3.081s] -- Up-to-date: /home/vedant/OdriveCANControl/install/odrive_can/include/odrive_can/odrive_can/msg
[3.082s] -- Up-to-date: /home/vedant/OdriveCANControl/install/odrive_can/include/odrive_can/odrive_can/msg/detail
[3.082s] -- Up-to-date: /home/vedant/OdriveCANControl/install/odrive_can/include/odrive_can/odrive_can/msg/detail/o_drive_status__rosidl_typesupport_introspection_c.h
[3.083s] -- Up-to-date: /home/vedant/OdriveCANControl/install/odrive_can/include/odrive_can/odrive_can/msg/detail/control_message__rosidl_typesupport_introspection_c.h
[3.084s] -- Up-to-date: /home/vedant/OdriveCANControl/install/odrive_can/include/odrive_can/odrive_can/msg/detail/control_message__type_support.c
[3.085s] -- Up-to-date: /home/vedant/OdriveCANControl/install/odrive_can/include/odrive_can/odrive_can/msg/detail/controller_status__type_support.c
[3.086s] -- Up-to-date: /home/vedant/OdriveCANControl/install/odrive_can/include/odrive_can/odrive_can/msg/detail/o_drive_status__type_support.c
[3.087s] -- Up-to-date: /home/vedant/OdriveCANControl/install/odrive_can/include/odrive_can/odrive_can/msg/detail/controller_status__rosidl_typesupport_introspection_c.h
[3.087s] -- Up-to-date: /home/vedant/OdriveCANControl/install/odrive_can/include/odrive_can/odrive_can/msg/rosidl_typesupport_introspection_c__visibility_control.h
[3.099s] -- Up-to-date: /home/vedant/OdriveCANControl/install/odrive_can/lib/libodrive_can__rosidl_typesupport_introspection_c.so
[3.110s] -- Up-to-date: /home/vedant/OdriveCANControl/install/odrive_can/lib/libodrive_can__rosidl_typesupport_c.so
[3.112s] -- Up-to-date: /home/vedant/OdriveCANControl/install/odrive_can/include/odrive_can/odrive_can
[3.113s] -- Up-to-date: /home/vedant/OdriveCANControl/install/odrive_can/include/odrive_can/odrive_can/srv
[3.114s] -- Up-to-date: /home/vedant/OdriveCANControl/install/odrive_can/include/odrive_can/odrive_can/srv/detail
[3.115s] -- Up-to-date: /home/vedant/OdriveCANControl/install/odrive_can/include/odrive_can/odrive_can/srv/detail/axis_state__type_support.cpp
[3.120s] -- Up-to-date: /home/vedant/OdriveCANControl/install/odrive_can/include/odrive_can/odrive_can/srv/detail/axis_state__rosidl_typesupport_introspection_cpp.hpp
[3.121s] -- Up-to-date: /home/vedant/OdriveCANControl/install/odrive_can/include/odrive_can/odrive_can/msg
[3.122s] -- Up-to-date: /home/vedant/OdriveCANControl/install/odrive_can/include/odrive_can/odrive_can/msg/detail
[3.123s] -- Up-to-date: /home/vedant/OdriveCANControl/install/odrive_can/include/odrive_can/odrive_can/msg/detail/controller_status__type_support.cpp
[3.123s] -- Up-to-date: /home/vedant/OdriveCANControl/install/odrive_can/include/odrive_can/odrive_can/msg/detail/o_drive_status__rosidl_typesupport_introspection_cpp.hpp
[3.124s] -- Up-to-date: /home/vedant/OdriveCANControl/install/odrive_can/include/odrive_can/odrive_can/msg/detail/o_drive_status__type_support.cpp
[3.124s] -- Up-to-date: /home/vedant/OdriveCANControl/install/odrive_can/include/odrive_can/odrive_can/msg/detail/control_message__rosidl_typesupport_introspection_cpp.hpp
[3.125s] -- Up-to-date: /home/vedant/OdriveCANControl/install/odrive_can/include/odrive_can/odrive_can/msg/detail/controller_status__rosidl_typesupport_introspection_cpp.hpp
[3.126s] -- Up-to-date: /home/vedant/OdriveCANControl/install/odrive_can/include/odrive_can/odrive_can/msg/detail/control_message__type_support.cpp
[3.132s] -- Up-to-date: /home/vedant/OdriveCANControl/install/odrive_can/lib/libodrive_can__rosidl_typesupport_introspection_cpp.so
[3.146s] -- Up-to-date: /home/vedant/OdriveCANControl/install/odrive_can/lib/libodrive_can__rosidl_typesupport_cpp.so
[3.147s] -- Up-to-date: /home/vedant/OdriveCANControl/install/odrive_can/share/odrive_can/environment/pythonpath.sh
[3.148s] -- Up-to-date: /home/vedant/OdriveCANControl/install/odrive_can/share/odrive_can/environment/pythonpath.dsv
[3.149s] -- Up-to-date: /home/vedant/OdriveCANControl/install/odrive_can/local/lib/python3.10/dist-packages/odrive_can-0.0.1-py3.10.egg-info
[3.149s] -- Installing: /home/vedant/OdriveCANControl/install/odrive_can/local/lib/python3.10/dist-packages/odrive_can-0.0.1-py3.10.egg-info/PKG-INFO
[3.150s] -- Installing: /home/vedant/OdriveCANControl/install/odrive_can/local/lib/python3.10/dist-packages/odrive_can-0.0.1-py3.10.egg-info/top_level.txt
[3.153s] -- Installing: /home/vedant/OdriveCANControl/install/odrive_can/local/lib/python3.10/dist-packages/odrive_can-0.0.1-py3.10.egg-info/dependency_links.txt
[3.155s] -- Installing: /home/vedant/OdriveCANControl/install/odrive_can/local/lib/python3.10/dist-packages/odrive_can-0.0.1-py3.10.egg-info/SOURCES.txt
[3.158s] -- Up-to-date: /home/vedant/OdriveCANControl/install/odrive_can/local/lib/python3.10/dist-packages/odrive_can
[3.158s] -- Up-to-date: /home/vedant/OdriveCANControl/install/odrive_can/local/lib/python3.10/dist-packages/odrive_can/srv
[3.164s] -- Up-to-date: /home/vedant/OdriveCANControl/install/odrive_can/local/lib/python3.10/dist-packages/odrive_can/srv/_axis_state_s.c
[3.165s] -- Up-to-date: /home/vedant/OdriveCANControl/install/odrive_can/local/lib/python3.10/dist-packages/odrive_can/srv/__init__.py
[3.165s] -- Up-to-date: /home/vedant/OdriveCANControl/install/odrive_can/local/lib/python3.10/dist-packages/odrive_can/srv/_axis_state.py
[3.169s] -- Up-to-date: /home/vedant/OdriveCANControl/install/odrive_can/local/lib/python3.10/dist-packages/odrive_can/msg
[3.170s] -- Up-to-date: /home/vedant/OdriveCANControl/install/odrive_can/local/lib/python3.10/dist-packages/odrive_can/msg/_o_drive_status_s.c
[3.170s] -- Up-to-date: /home/vedant/OdriveCANControl/install/odrive_can/local/lib/python3.10/dist-packages/odrive_can/msg/_o_drive_status.py
[3.171s] -- Up-to-date: /home/vedant/OdriveCANControl/install/odrive_can/local/lib/python3.10/dist-packages/odrive_can/msg/__init__.py
[3.172s] -- Up-to-date: /home/vedant/OdriveCANControl/install/odrive_can/local/lib/python3.10/dist-packages/odrive_can/msg/_controller_status.py
[3.172s] -- Up-to-date: /home/vedant/OdriveCANControl/install/odrive_can/local/lib/python3.10/dist-packages/odrive_can/msg/_control_message_s.c
[3.173s] -- Up-to-date: /home/vedant/OdriveCANControl/install/odrive_can/local/lib/python3.10/dist-packages/odrive_can/msg/_controller_status_s.c
[3.173s] -- Up-to-date: /home/vedant/OdriveCANControl/install/odrive_can/local/lib/python3.10/dist-packages/odrive_can/msg/_control_message.py
[3.174s] -- Up-to-date: /home/vedant/OdriveCANControl/install/odrive_can/local/lib/python3.10/dist-packages/odrive_can/_odrive_can_s.ep.rosidl_typesupport_introspection_c.c
[3.175s] -- Up-to-date: /home/vedant/OdriveCANControl/install/odrive_can/local/lib/python3.10/dist-packages/odrive_can/libodrive_can__rosidl_generator_py.so
[3.175s] -- Up-to-date: /home/vedant/OdriveCANControl/install/odrive_can/local/lib/python3.10/dist-packages/odrive_can/odrive_can_s__rosidl_typesupport_c.cpython-310-aarch64-linux-gnu.so
[3.176s] -- Up-to-date: /home/vedant/OdriveCANControl/install/odrive_can/local/lib/python3.10/dist-packages/odrive_can/_odrive_can_s.ep.rosidl_typesupport_c.c
[3.176s] -- Up-to-date: /home/vedant/OdriveCANControl/install/odrive_can/local/lib/python3.10/dist-packages/odrive_can/_odrive_can_s.ep.rosidl_typesupport_fastrtps_c.c
[3.177s] -- Up-to-date: /home/vedant/OdriveCANControl/install/odrive_can/local/lib/python3.10/dist-packages/odrive_can/__init__.py
[3.178s] -- Up-to-date: /home/vedant/OdriveCANControl/install/odrive_can/local/lib/python3.10/dist-packages/odrive_can/odrive_can_s__rosidl_typesupport_fastrtps_c.cpython-310-aarch64-linux-gnu.so
[3.179s] -- Up-to-date: /home/vedant/OdriveCANControl/install/odrive_can/local/lib/python3.10/dist-packages/odrive_can/odrive_can_s__rosidl_typesupport_introspection_c.cpython-310-aarch64-linux-gnu.so
[3.424s] Listing '/home/vedant/OdriveCANControl/install/odrive_can/local/lib/python3.10/dist-packages/odrive_can'...
[3.429s] Listing '/home/vedant/OdriveCANControl/install/odrive_can/local/lib/python3.10/dist-packages/odrive_can/msg'...
[3.431s] Listing '/home/vedant/OdriveCANControl/install/odrive_can/local/lib/python3.10/dist-packages/odrive_can/srv'...
[3.472s] -- Up-to-date: /home/vedant/OdriveCANControl/install/odrive_can/local/lib/python3.10/dist-packages/odrive_can/odrive_can_s__rosidl_typesupport_fastrtps_c.cpython-310-aarch64-linux-gnu.so
[3.484s] -- Up-to-date: /home/vedant/OdriveCANControl/install/odrive_can/local/lib/python3.10/dist-packages/odrive_can/odrive_can_s__rosidl_typesupport_introspection_c.cpython-310-aarch64-linux-gnu.so
[3.497s] -- Up-to-date: /home/vedant/OdriveCANControl/install/odrive_can/local/lib/python3.10/dist-packages/odrive_can/odrive_can_s__rosidl_typesupport_c.cpython-310-aarch64-linux-gnu.so
[3.512s] -- Up-to-date: /home/vedant/OdriveCANControl/install/odrive_can/lib/libodrive_can__rosidl_generator_py.so
[3.514s] -- Up-to-date: /home/vedant/OdriveCANControl/install/odrive_can/share/odrive_can/msg/ControlMessage.idl
[3.515s] -- Up-to-date: /home/vedant/OdriveCANControl/install/odrive_can/share/odrive_can/msg/ControllerStatus.idl
[3.516s] -- Up-to-date: /home/vedant/OdriveCANControl/install/odrive_can/share/odrive_can/msg/ODriveStatus.idl
[3.516s] -- Up-to-date: /home/vedant/OdriveCANControl/install/odrive_can/share/odrive_can/srv/AxisState.idl
[3.517s] -- Up-to-date: /home/vedant/OdriveCANControl/install/odrive_can/share/odrive_can/msg/ControlMessage.msg
[3.518s] -- Up-to-date: /home/vedant/OdriveCANControl/install/odrive_can/share/odrive_can/msg/ControllerStatus.msg
[3.518s] -- Up-to-date: /home/vedant/OdriveCANControl/install/odrive_can/share/odrive_can/msg/ODriveStatus.msg
[3.519s] -- Up-to-date: /home/vedant/OdriveCANControl/install/odrive_can/share/odrive_can/srv/AxisState.srv
[3.520s] -- Up-to-date: /home/vedant/OdriveCANControl/install/odrive_can/share/odrive_can/srv/AxisState_Request.msg
[3.520s] -- Up-to-date: /home/vedant/OdriveCANControl/install/odrive_can/share/odrive_can/srv/AxisState_Response.msg
[3.534s] -- Up-to-date: /home/vedant/OdriveCANControl/install/odrive_can/lib/odrive_can/odrive_can_node
[3.537s] -- Up-to-date: /home/vedant/OdriveCANControl/install/odrive_can/share/odrive_can/launch
[3.537s] -- Up-to-date: /home/vedant/OdriveCANControl/install/odrive_can/share/odrive_can/launch/example_launch.yaml
[3.538s] -- Up-to-date: /home/vedant/OdriveCANControl/install/odrive_can/share/ament_index/resource_index/package_run_dependencies/odrive_can
[3.539s] -- Up-to-date: /home/vedant/OdriveCANControl/install/odrive_can/share/ament_index/resource_index/parent_prefix_path/odrive_can
[3.540s] -- Up-to-date: /home/vedant/OdriveCANControl/install/odrive_can/share/odrive_can/environment/ament_prefix_path.sh
[3.540s] -- Up-to-date: /home/vedant/OdriveCANControl/install/odrive_can/share/odrive_can/environment/ament_prefix_path.dsv
[3.541s] -- Up-to-date: /home/vedant/OdriveCANControl/install/odrive_can/share/odrive_can/environment/path.sh
[3.541s] -- Up-to-date: /home/vedant/OdriveCANControl/install/odrive_can/share/odrive_can/environment/path.dsv
[3.542s] -- Up-to-date: /home/vedant/OdriveCANControl/install/odrive_can/share/odrive_can/local_setup.bash
[3.542s] -- Up-to-date: /home/vedant/OdriveCANControl/install/odrive_can/share/odrive_can/local_setup.sh
[3.543s] -- Up-to-date: /home/vedant/OdriveCANControl/install/odrive_can/share/odrive_can/local_setup.zsh
[3.543s] -- Up-to-date: /home/vedant/OdriveCANControl/install/odrive_can/share/odrive_can/local_setup.dsv
[3.544s] -- Installing: /home/vedant/OdriveCANControl/install/odrive_can/share/odrive_can/package.dsv
[3.547s] -- Up-to-date: /home/vedant/OdriveCANControl/install/odrive_can/share/ament_index/resource_index/packages/odrive_can
[3.555s] -- Up-to-date: /home/vedant/OdriveCANControl/install/odrive_can/share/odrive_can/cmake/export_odrive_can__rosidl_generator_cExport.cmake
[3.556s] -- Up-to-date: /home/vedant/OdriveCANControl/install/odrive_can/share/odrive_can/cmake/export_odrive_can__rosidl_generator_cExport-noconfig.cmake
[3.565s] -- Up-to-date: /home/vedant/OdriveCANControl/install/odrive_can/share/odrive_can/cmake/export_odrive_can__rosidl_typesupport_fastrtps_cExport.cmake
[3.566s] -- Up-to-date: /home/vedant/OdriveCANControl/install/odrive_can/share/odrive_can/cmake/export_odrive_can__rosidl_typesupport_fastrtps_cExport-noconfig.cmake
[3.575s] -- Up-to-date: /home/vedant/OdriveCANControl/install/odrive_can/share/odrive_can/cmake/export_odrive_can__rosidl_generator_cppExport.cmake
[3.585s] -- Up-to-date: /home/vedant/OdriveCANControl/install/odrive_can/share/odrive_can/cmake/export_odrive_can__rosidl_typesupport_fastrtps_cppExport.cmake
[3.586s] -- Up-to-date: /home/vedant/OdriveCANControl/install/odrive_can/share/odrive_can/cmake/export_odrive_can__rosidl_typesupport_fastrtps_cppExport-noconfig.cmake
[3.596s] -- Up-to-date: /home/vedant/OdriveCANControl/install/odrive_can/share/odrive_can/cmake/odrive_can__rosidl_typesupport_introspection_cExport.cmake
[3.597s] -- Up-to-date: /home/vedant/OdriveCANControl/install/odrive_can/share/odrive_can/cmake/odrive_can__rosidl_typesupport_introspection_cExport-noconfig.cmake
[3.606s] -- Up-to-date: /home/vedant/OdriveCANControl/install/odrive_can/share/odrive_can/cmake/odrive_can__rosidl_typesupport_cExport.cmake
[3.607s] -- Up-to-date: /home/vedant/OdriveCANControl/install/odrive_can/share/odrive_can/cmake/odrive_can__rosidl_typesupport_cExport-noconfig.cmake
[3.617s] -- Up-to-date: /home/vedant/OdriveCANControl/install/odrive_can/share/odrive_can/cmake/odrive_can__rosidl_typesupport_introspection_cppExport.cmake
[3.618s] -- Up-to-date: /home/vedant/OdriveCANControl/install/odrive_can/share/odrive_can/cmake/odrive_can__rosidl_typesupport_introspection_cppExport-noconfig.cmake
[3.628s] -- Up-to-date: /home/vedant/OdriveCANControl/install/odrive_can/share/odrive_can/cmake/odrive_can__rosidl_typesupport_cppExport.cmake
[3.628s] -- Up-to-date: /home/vedant/OdriveCANControl/install/odrive_can/share/odrive_can/cmake/odrive_can__rosidl_typesupport_cppExport-noconfig.cmake
[3.637s] -- Up-to-date: /home/vedant/OdriveCANControl/install/odrive_can/share/odrive_can/cmake/export_odrive_can__rosidl_generator_pyExport.cmake
[3.639s] -- Up-to-date: /home/vedant/OdriveCANControl/install/odrive_can/share/odrive_can/cmake/export_odrive_can__rosidl_generator_pyExport-noconfig.cmake
[3.639s] -- Up-to-date: /home/vedant/OdriveCANControl/install/odrive_can/share/odrive_can/cmake/rosidl_cmake-extras.cmake
[3.640s] -- Up-to-date: /home/vedant/OdriveCANControl/install/odrive_can/share/odrive_can/cmake/ament_cmake_export_include_directories-extras.cmake
[3.641s] -- Up-to-date: /home/vedant/OdriveCANControl/install/odrive_can/share/odrive_can/cmake/ament_cmake_export_libraries-extras.cmake
[3.642s] -- Up-to-date: /home/vedant/OdriveCANControl/install/odrive_can/share/odrive_can/cmake/ament_cmake_export_targets-extras.cmake
[3.642s] -- Up-to-date: /home/vedant/OdriveCANControl/install/odrive_can/share/odrive_can/cmake/rosidl_cmake_export_typesupport_targets-extras.cmake
[3.643s] -- Up-to-date: /home/vedant/OdriveCANControl/install/odrive_can/share/odrive_can/cmake/ament_cmake_export_dependencies-extras.cmake
[3.644s] -- Up-to-date: /home/vedant/OdriveCANControl/install/odrive_can/share/odrive_can/cmake/rosidl_cmake_export_typesupport_libraries-extras.cmake
[3.645s] -- Up-to-date: /home/vedant/OdriveCANControl/install/odrive_can/share/odrive_can/cmake/odrive_canConfig.cmake
[3.645s] -- Up-to-date: /home/vedant/OdriveCANControl/install/odrive_can/share/odrive_can/cmake/odrive_canConfig-version.cmake
[3.646s] -- Up-to-date: /home/vedant/OdriveCANControl/install/odrive_can/share/odrive_can/package.xml
[3.662s] Invoked command in '/home/vedant/OdriveCANControl/build/odrive_can' returned '0': CMAKE_PREFIX_PATH=/opt/ros/humble /usr/bin/cmake --install /home/vedant/OdriveCANControl/build/odrive_can
