[2.792s] Invoking command in '/home/vedant/OdriveCANControl/src/controller': CMAKE_PREFIX_PATH=/home/vedant/OdriveCANControl/install/custom_msgs:/home/vedant/OdriveCANControl/install/robot_launch PYTHONPATH=/home/vedant/OdriveCANControl/build/controller/prefix_override:/usr/lib/python3/dist-packages/colcon_core/task/python/colcon_distutils_commands:/home/vedant/OdriveCANControl/install/controller/lib/python3.10/site-packages:${PYTHONPATH} /usr/bin/python3 -W ignore:setup.py install is deprecated -W ignore:easy_install command is deprecated setup.py egg_info --egg-base ../../build/controller build --build-base /home/vedant/OdriveCANControl/build/controller/build install --record /home/vedant/OdriveCANControl/build/controller/install.log --single-version-externally-managed install_data
[4.034s] running egg_info
[4.037s] writing ../../build/controller/controller.egg-info/PKG-INFO
[4.040s] writing dependency_links to ../../build/controller/controller.egg-info/dependency_links.txt
[4.041s] writing entry points to ../../build/controller/controller.egg-info/entry_points.txt
[4.042s] writing requirements to ../../build/controller/controller.egg-info/requires.txt
[4.042s] writing top-level names to ../../build/controller/controller.egg-info/top_level.txt
[4.052s] reading manifest file '../../build/controller/controller.egg-info/SOURCES.txt'
[4.057s] writing manifest file '../../build/controller/controller.egg-info/SOURCES.txt'
[4.058s] running build
[4.059s] running build_py
[4.062s] running install
[4.063s] running install_lib
[4.072s] running install_data
[4.074s] running install_egg_info
[4.083s] removing '/home/vedant/OdriveCANControl/install/controller/lib/python3.10/site-packages/controller-0.0.0-py3.10.egg-info' (and everything under it)
[4.084s] Copying ../../build/controller/controller.egg-info to /home/vedant/OdriveCANControl/install/controller/lib/python3.10/site-packages/controller-0.0.0-py3.10.egg-info
[4.092s] running install_scripts
[4.212s] Installing Impedance_Control script to /home/vedant/OdriveCANControl/install/controller/lib/controller
[4.213s] Installing friction_compensation_node script to /home/vedant/OdriveCANControl/install/controller/lib/controller
[4.214s] Installing odrive_controller script to /home/vedant/OdriveCANControl/install/controller/lib/controller
[4.216s] writing list of installed files to '/home/vedant/OdriveCANControl/build/controller/install.log'
[4.355s] Invoked command in '/home/vedant/OdriveCANControl/src/controller' returned '0': CMAKE_PREFIX_PATH=/home/vedant/OdriveCANControl/install/custom_msgs:/home/vedant/OdriveCANControl/install/robot_launch PYTHONPATH=/home/vedant/OdriveCANControl/build/controller/prefix_override:/usr/lib/python3/dist-packages/colcon_core/task/python/colcon_distutils_commands:/home/vedant/OdriveCANControl/install/controller/lib/python3.10/site-packages:${PYTHONPATH} /usr/bin/python3 -W ignore:setup.py install is deprecated -W ignore:easy_install command is deprecated setup.py egg_info --egg-base ../../build/controller build --build-base /home/vedant/OdriveCANControl/build/controller/build install --record /home/vedant/OdriveCANControl/build/controller/install.log --single-version-externally-managed install_data
