[0.938s] Invoking command in '/home/vedant/gaitlab_ws/src/odrive_control_py': CMAKE_PREFIX_PATH=/home/vedant/gaitlab_ws/install/odrive_can:/home/vedant/gaitlab_ws/install/odrive_control PYTHONPATH=/home/vedant/gaitlab_ws/build/odrive_control_py/prefix_override:/usr/lib/python3/dist-packages/colcon_core/task/python/colcon_distutils_commands:/home/vedant/gaitlab_ws/install/odrive_control_py/lib/python3.10/site-packages:${PYTHONPATH} /usr/bin/python3 -W ignore:setup.py install is deprecated setup.py egg_info --egg-base ../../build/odrive_control_py build --build-base /home/vedant/gaitlab_ws/build/odrive_control_py/build install --record /home/vedant/gaitlab_ws/build/odrive_control_py/install.log --single-version-externally-managed install_data
[1.263s] running egg_info
[1.264s] writing ../../build/odrive_control_py/odrive_control_py.egg-info/PKG-INFO
[1.273s] writing dependency_links to ../../build/odrive_control_py/odrive_control_py.egg-info/dependency_links.txt
[1.273s] writing entry points to ../../build/odrive_control_py/odrive_control_py.egg-info/entry_points.txt
[1.273s] writing requirements to ../../build/odrive_control_py/odrive_control_py.egg-info/requires.txt
[1.273s] writing top-level names to ../../build/odrive_control_py/odrive_control_py.egg-info/top_level.txt
[1.276s] reading manifest file '../../build/odrive_control_py/odrive_control_py.egg-info/SOURCES.txt'
[1.278s] writing manifest file '../../build/odrive_control_py/odrive_control_py.egg-info/SOURCES.txt'
[1.278s] running build
[1.278s] running build_py
[1.279s] copying odrive_control_py/trial_controlnode.py -> /home/vedant/gaitlab_ws/build/odrive_control_py/build/lib/odrive_control_py
[1.279s] copying odrive_control_py/control_node.py -> /home/vedant/gaitlab_ws/build/odrive_control_py/build/lib/odrive_control_py
[1.280s] copying odrive_control_py/delete.py -> /home/vedant/gaitlab_ws/build/odrive_control_py/build/lib/odrive_control_py
[1.280s] copying odrive_control_py/project_hui.py -> /home/vedant/gaitlab_ws/build/odrive_control_py/build/lib/odrive_control_py
[1.280s] running install
[1.281s] running install_lib
[1.282s] copying /home/vedant/gaitlab_ws/build/odrive_control_py/build/lib/odrive_control_py/trial_controlnode.py -> /home/vedant/gaitlab_ws/install/odrive_control_py/lib/python3.10/site-packages/odrive_control_py
[1.282s] copying /home/vedant/gaitlab_ws/build/odrive_control_py/build/lib/odrive_control_py/control_node.py -> /home/vedant/gaitlab_ws/install/odrive_control_py/lib/python3.10/site-packages/odrive_control_py
[1.282s] copying /home/vedant/gaitlab_ws/build/odrive_control_py/build/lib/odrive_control_py/delete.py -> /home/vedant/gaitlab_ws/install/odrive_control_py/lib/python3.10/site-packages/odrive_control_py
[1.282s] copying /home/vedant/gaitlab_ws/build/odrive_control_py/build/lib/odrive_control_py/project_hui.py -> /home/vedant/gaitlab_ws/install/odrive_control_py/lib/python3.10/site-packages/odrive_control_py
[1.284s] byte-compiling /home/vedant/gaitlab_ws/install/odrive_control_py/lib/python3.10/site-packages/odrive_control_py/trial_controlnode.py to trial_controlnode.cpython-310.pyc
[1.284s] byte-compiling /home/vedant/gaitlab_ws/install/odrive_control_py/lib/python3.10/site-packages/odrive_control_py/control_node.py to control_node.cpython-310.pyc
[1.285s] byte-compiling /home/vedant/gaitlab_ws/install/odrive_control_py/lib/python3.10/site-packages/odrive_control_py/delete.py to delete.cpython-310.pyc
[1.286s] byte-compiling /home/vedant/gaitlab_ws/install/odrive_control_py/lib/python3.10/site-packages/odrive_control_py/project_hui.py to project_hui.cpython-310.pyc
[1.287s] running install_data
[1.288s] running install_egg_info
[1.290s] removing '/home/vedant/gaitlab_ws/install/odrive_control_py/lib/python3.10/site-packages/odrive_control_py-0.0.0-py3.10.egg-info' (and everything under it)
[1.290s] Copying ../../build/odrive_control_py/odrive_control_py.egg-info to /home/vedant/gaitlab_ws/install/odrive_control_py/lib/python3.10/site-packages/odrive_control_py-0.0.0-py3.10.egg-info
[1.292s] running install_scripts
[1.320s] Installing odrive_control_node script to /home/vedant/gaitlab_ws/install/odrive_control_py/lib/odrive_control_py
[1.322s] writing list of installed files to '/home/vedant/gaitlab_ws/build/odrive_control_py/install.log'
[1.359s] Invoked command in '/home/vedant/gaitlab_ws/src/odrive_control_py' returned '0': CMAKE_PREFIX_PATH=/home/vedant/gaitlab_ws/install/odrive_can:/home/vedant/gaitlab_ws/install/odrive_control PYTHONPATH=/home/vedant/gaitlab_ws/build/odrive_control_py/prefix_override:/usr/lib/python3/dist-packages/colcon_core/task/python/colcon_distutils_commands:/home/vedant/gaitlab_ws/install/odrive_control_py/lib/python3.10/site-packages:${PYTHONPATH} /usr/bin/python3 -W ignore:setup.py install is deprecated setup.py egg_info --egg-base ../../build/odrive_control_py build --build-base /home/vedant/gaitlab_ws/build/odrive_control_py/build install --record /home/vedant/gaitlab_ws/build/odrive_control_py/install.log --single-version-externally-managed install_data
