[0.086s] Invoking command in '/home/vedant/OdriveCANControl/build/robot_launch': AMENT_PREFIX_PATH=/home/vedant/OdriveCANControl/install/controller:/home/vedant/OdriveCANControl/install/encoder:/home/vedant/OdriveCANControl/install/custom_msgs:${AMENT_PREFIX_PATH} CMAKE_PREFIX_PATH=/home/vedant/OdriveCANControl/install/custom_msgs:/opt/ros/humble LD_LIBRARY_PATH=/home/vedant/OdriveCANControl/install/custom_msgs/lib:${LD_LIBRARY_PATH} PYTHONPATH=/home/vedant/OdriveCANControl/install/controller/lib/python3.10/site-packages:/home/vedant/OdriveCANControl/install/encoder/lib/python3.10/site-packages:/home/vedant/OdriveCANControl/install/custom_msgs/local/lib/python3.10/dist-packages:${PYTHONPATH} /usr/bin/cmake --build /home/vedant/OdriveCANControl/build/robot_launch -- -j4 -l4
[0.366s] -- Found ament_cmake: 1.3.11 (/opt/ros/humble/share/ament_cmake/cmake)
[1.584s] -- Found rclpy: 3.3.15 (/opt/ros/humble/share/rclpy/cmake)
[1.593s] -- Found custom_msgs: 0.0.0 (/home/vedant/OdriveCANControl/install/custom_msgs/share/custom_msgs/cmake)
[2.046s] -- Found rosidl_generator_c: 3.1.6 (/opt/ros/humble/share/rosidl_generator_c/cmake)
[2.092s] -- Found rosidl_adapter: 3.1.6 (/opt/ros/humble/share/rosidl_adapter/cmake)
[2.205s] -- Found rosidl_generator_cpp: 3.1.6 (/opt/ros/humble/share/rosidl_generator_cpp/cmake)
[2.350s] -- Using all available rosidl_typesupport_c: rosidl_typesupport_fastrtps_c;rosidl_typesupport_introspection_c
[2.521s] -- Using all available rosidl_typesupport_cpp: rosidl_typesupport_fastrtps_cpp;rosidl_typesupport_introspection_cpp
[2.940s] -- Found ament_lint_auto: 0.12.11 (/opt/ros/humble/share/ament_lint_auto/cmake)
[3.462s] -- Added test 'flake8' to check Python code syntax and style conventions
[3.469s] -- Added test 'lint_cmake' to check CMake code style
[3.475s] -- Added test 'pep257' to check Python code against some of the docstring style conventions in PEP 257
[3.493s] -- Added test 'xmllint' to check XML markup files
[3.521s] -- Configuring done
[3.746s] -- Generating done
[3.761s] -- Build files have been written to: /home/vedant/OdriveCANControl/build/robot_launch
[3.845s] Invoked command in '/home/vedant/OdriveCANControl/build/robot_launch' returned '0': AMENT_PREFIX_PATH=/home/vedant/OdriveCANControl/install/controller:/home/vedant/OdriveCANControl/install/encoder:/home/vedant/OdriveCANControl/install/custom_msgs:${AMENT_PREFIX_PATH} CMAKE_PREFIX_PATH=/home/vedant/OdriveCANControl/install/custom_msgs:/opt/ros/humble LD_LIBRARY_PATH=/home/vedant/OdriveCANControl/install/custom_msgs/lib:${LD_LIBRARY_PATH} PYTHONPATH=/home/vedant/OdriveCANControl/install/controller/lib/python3.10/site-packages:/home/vedant/OdriveCANControl/install/encoder/lib/python3.10/site-packages:/home/vedant/OdriveCANControl/install/custom_msgs/local/lib/python3.10/dist-packages:${PYTHONPATH} /usr/bin/cmake --build /home/vedant/OdriveCANControl/build/robot_launch -- -j4 -l4
[3.859s] Invoking command in '/home/vedant/OdriveCANControl/build/robot_launch': AMENT_PREFIX_PATH=/home/vedant/OdriveCANControl/install/controller:/home/vedant/OdriveCANControl/install/encoder:/home/vedant/OdriveCANControl/install/custom_msgs:${AMENT_PREFIX_PATH} CMAKE_PREFIX_PATH=/home/vedant/OdriveCANControl/install/custom_msgs:/opt/ros/humble LD_LIBRARY_PATH=/home/vedant/OdriveCANControl/install/custom_msgs/lib:${LD_LIBRARY_PATH} PYTHONPATH=/home/vedant/OdriveCANControl/install/controller/lib/python3.10/site-packages:/home/vedant/OdriveCANControl/install/encoder/lib/python3.10/site-packages:/home/vedant/OdriveCANControl/install/custom_msgs/local/lib/python3.10/dist-packages:${PYTHONPATH} /usr/bin/cmake --install /home/vedant/OdriveCANControl/build/robot_launch
[3.887s] -- Install configuration: ""
[3.888s] -- Up-to-date: /home/vedant/OdriveCANControl/install/robot_launch/share/robot_launch/launch
[3.889s] -- Up-to-date: /home/vedant/OdriveCANControl/install/robot_launch/share/robot_launch/launch/robot.launch.py
[3.889s] -- Up-to-date: /home/vedant/OdriveCANControl/install/robot_launch/share/ament_index/resource_index/package_run_dependencies/robot_launch
[3.890s] -- Installing: /home/vedant/OdriveCANControl/install/robot_launch/share/ament_index/resource_index/parent_prefix_path/robot_launch
[3.891s] -- Up-to-date: /home/vedant/OdriveCANControl/install/robot_launch/share/robot_launch/environment/ament_prefix_path.sh
[3.892s] -- Installing: /home/vedant/OdriveCANControl/install/robot_launch/share/robot_launch/environment/ament_prefix_path.dsv
[3.893s] -- Up-to-date: /home/vedant/OdriveCANControl/install/robot_launch/share/robot_launch/environment/path.sh
[3.893s] -- Installing: /home/vedant/OdriveCANControl/install/robot_launch/share/robot_launch/environment/path.dsv
[3.894s] -- Up-to-date: /home/vedant/OdriveCANControl/install/robot_launch/share/robot_launch/local_setup.bash
[3.895s] -- Up-to-date: /home/vedant/OdriveCANControl/install/robot_launch/share/robot_launch/local_setup.sh
[3.895s] -- Up-to-date: /home/vedant/OdriveCANControl/install/robot_launch/share/robot_launch/local_setup.zsh
[3.896s] -- Installing: /home/vedant/OdriveCANControl/install/robot_launch/share/robot_launch/local_setup.dsv
[3.897s] -- Installing: /home/vedant/OdriveCANControl/install/robot_launch/share/robot_launch/package.dsv
[3.899s] -- Up-to-date: /home/vedant/OdriveCANControl/install/robot_launch/share/ament_index/resource_index/packages/robot_launch
[3.899s] -- Up-to-date: /home/vedant/OdriveCANControl/install/robot_launch/share/robot_launch/cmake/robot_launchConfig.cmake
[3.900s] -- Up-to-date: /home/vedant/OdriveCANControl/install/robot_launch/share/robot_launch/cmake/robot_launchConfig-version.cmake
[3.900s] -- Up-to-date: /home/vedant/OdriveCANControl/install/robot_launch/share/robot_launch/package.xml
[3.907s] Invoked command in '/home/vedant/OdriveCANControl/build/robot_launch' returned '0': AMENT_PREFIX_PATH=/home/vedant/OdriveCANControl/install/controller:/home/vedant/OdriveCANControl/install/encoder:/home/vedant/OdriveCANControl/install/custom_msgs:${AMENT_PREFIX_PATH} CMAKE_PREFIX_PATH=/home/vedant/OdriveCANControl/install/custom_msgs:/opt/ros/humble LD_LIBRARY_PATH=/home/vedant/OdriveCANControl/install/custom_msgs/lib:${LD_LIBRARY_PATH} PYTHONPATH=/home/vedant/OdriveCANControl/install/controller/lib/python3.10/site-packages:/home/vedant/OdriveCANControl/install/encoder/lib/python3.10/site-packages:/home/vedant/OdriveCANControl/install/custom_msgs/local/lib/python3.10/dist-packages:${PYTHONPATH} /usr/bin/cmake --install /home/vedant/OdriveCANControl/build/robot_launch
