[2.621s] Invoking command in '/home/vedant/OdriveCANControl/src/odrive_control_py': PYTHONPATH=/home/vedant/OdriveCANControl/build/odrive_control_py/prefix_override:/usr/lib/python3/dist-packages/colcon_core/task/python/colcon_distutils_commands:/home/vedant/OdriveCANControl/install/odrive_control_py/lib/python3.10/site-packages:${PYTHONPATH} /usr/bin/python3 -W ignore:setup.py install is deprecated -W ignore:easy_install command is deprecated setup.py egg_info --egg-base ../../build/odrive_control_py build --build-base /home/vedant/OdriveCANControl/build/odrive_control_py/build install --record /home/vedant/OdriveCANControl/build/odrive_control_py/install.log --single-version-externally-managed install_data
[3.665s] running egg_info
[3.668s] writing ../../build/odrive_control_py/odrive_control_py.egg-info/PKG-INFO
[3.670s] writing dependency_links to ../../build/odrive_control_py/odrive_control_py.egg-info/dependency_links.txt
[3.671s] writing entry points to ../../build/odrive_control_py/odrive_control_py.egg-info/entry_points.txt
[3.671s] writing requirements to ../../build/odrive_control_py/odrive_control_py.egg-info/requires.txt
[3.672s] writing top-level names to ../../build/odrive_control_py/odrive_control_py.egg-info/top_level.txt
[3.680s] reading manifest file '../../build/odrive_control_py/odrive_control_py.egg-info/SOURCES.txt'
[3.684s] writing manifest file '../../build/odrive_control_py/odrive_control_py.egg-info/SOURCES.txt'
[3.685s] running build
[3.685s] running build_py
[3.686s] copying odrive_control_py/FCM_test_node.py -> /home/vedant/OdriveCANControl/build/odrive_control_py/build/lib/odrive_control_py
[3.689s] running install
[3.690s] running install_lib
[3.694s] copying /home/vedant/OdriveCANControl/build/odrive_control_py/build/lib/odrive_control_py/FCM_test_node.py -> /home/vedant/OdriveCANControl/install/odrive_control_py/lib/python3.10/site-packages/odrive_control_py
[3.699s] byte-compiling /home/vedant/OdriveCANControl/install/odrive_control_py/lib/python3.10/site-packages/odrive_control_py/FCM_test_node.py to FCM_test_node.cpython-310.pyc
[3.704s] running install_data
[3.704s] running install_egg_info
[3.712s] removing '/home/vedant/OdriveCANControl/install/odrive_control_py/lib/python3.10/site-packages/odrive_control_py-0.0.0-py3.10.egg-info' (and everything under it)
[3.713s] Copying ../../build/odrive_control_py/odrive_control_py.egg-info to /home/vedant/OdriveCANControl/install/odrive_control_py/lib/python3.10/site-packages/odrive_control_py-0.0.0-py3.10.egg-info
[3.720s] running install_scripts
[3.801s] Installing FCR_node script to /home/vedant/OdriveCANControl/install/odrive_control_py/lib/odrive_control_py
[3.802s] Installing data_recording_node script to /home/vedant/OdriveCANControl/install/odrive_control_py/lib/odrive_control_py
[3.803s] Installing encoder_read_node script to /home/vedant/OdriveCANControl/install/odrive_control_py/lib/odrive_control_py
[3.804s] Installing odrive_control_node script to /home/vedant/OdriveCANControl/install/odrive_control_py/lib/odrive_control_py
[3.806s] writing list of installed files to '/home/vedant/OdriveCANControl/build/odrive_control_py/install.log'
[3.927s] Invoked command in '/home/vedant/OdriveCANControl/src/odrive_control_py' returned '0': PYTHONPATH=/home/vedant/OdriveCANControl/build/odrive_control_py/prefix_override:/usr/lib/python3/dist-packages/colcon_core/task/python/colcon_distutils_commands:/home/vedant/OdriveCANControl/install/odrive_control_py/lib/python3.10/site-packages:${PYTHONPATH} /usr/bin/python3 -W ignore:setup.py install is deprecated -W ignore:easy_install command is deprecated setup.py egg_info --egg-base ../../build/odrive_control_py build --build-base /home/vedant/OdriveCANControl/build/odrive_control_py/build install --record /home/vedant/OdriveCANControl/build/odrive_control_py/install.log --single-version-externally-managed install_data
