[1.655s] DEBUG:colcon:Command line arguments: ['/usr/bin/colcon', 'build']
[1.656s] DEBUG:colcon:Parsed command line arguments: Namespace(log_base=None, log_level=None, verb_name='build', build_base='build', install_base='install', merge_install=False, symlink_install=False, test_result_base=None, continue_on_error=False, executor='parallel', parallel_workers=4, event_handlers=None, ignore_user_meta=False, metas=['./colcon.meta'], base_paths=['.'], packages_ignore=None, packages_ignore_regex=None, paths=None, packages_up_to=None, packages_up_to_regex=None, packages_above=None, packages_above_and_dependencies=None, packages_above_depth=None, packages_select_by_dep=None, packages_skip_by_dep=None, packages_skip_up_to=None, packages_select_build_failed=False, packages_skip_build_finished=False, packages_select_test_failures=False, packages_skip_test_passed=False, packages_select=None, packages_skip=None, packages_select_regex=None, packages_skip_regex=None, packages_start=None, packages_end=None, allow_overriding=[], cmake_args=None, cmake_target=None, cmake_target_skip_unavailable=False, cmake_clean_cache=False, cmake_clean_first=False, cmake_force_configure=False, ament_cmake_args=None, catkin_cmake_args=None, catkin_skip_building_tests=False, mixin_files=None, mixin=None, verb_parser=<colcon_mixin.mixin.mixin_argument.MixinArgumentDecorator object at 0xffffac75ca90>, verb_extension=<colcon_core.verb.build.BuildVerb object at 0xffffac8f5990>, main=<bound method BuildVerb.main of <colcon_core.verb.build.BuildVerb object at 0xffffac8f5990>>, mixin_verb=('build',))
[4.105s] Level 1:colcon.colcon_core.package_discovery:discover_packages(colcon_meta) check parameters
[4.106s] Level 1:colcon.colcon_core.package_discovery:discover_packages(recursive) check parameters
[4.106s] Level 1:colcon.colcon_core.package_discovery:discover_packages(ignore) check parameters
[4.107s] Level 1:colcon.colcon_core.package_discovery:discover_packages(path) check parameters
[4.107s] Level 1:colcon.colcon_core.package_discovery:discover_packages(colcon_meta) discover
[4.107s] Level 1:colcon.colcon_core.package_discovery:discover_packages(recursive) discover
[4.108s] INFO:colcon.colcon_core.package_discovery:Crawling recursively for packages in '/home/vedant/OdriveCANControl'
[4.108s] Level 1:colcon.colcon_core.package_identification:_identify(.) by extensions ['ignore', 'ignore_ament_install']
[4.109s] Level 1:colcon.colcon_core.package_identification:_identify(.) by extension 'ignore'
[4.109s] Level 1:colcon.colcon_core.package_identification:_identify(.) by extension 'ignore_ament_install'
[4.110s] Level 1:colcon.colcon_core.package_identification:_identify(.) by extensions ['colcon_pkg']
[4.110s] Level 1:colcon.colcon_core.package_identification:_identify(.) by extension 'colcon_pkg'
[4.110s] Level 1:colcon.colcon_core.package_identification:_identify(.) by extensions ['colcon_meta']
[4.110s] Level 1:colcon.colcon_core.package_identification:_identify(.) by extension 'colcon_meta'
[4.111s] Level 1:colcon.colcon_core.package_identification:_identify(.) by extensions ['ros']
[4.111s] Level 1:colcon.colcon_core.package_identification:_identify(.) by extension 'ros'
[4.252s] Level 1:colcon.colcon_core.package_identification:_identify(.) by extensions ['cmake', 'python']
[4.252s] Level 1:colcon.colcon_core.package_identification:_identify(.) by extension 'cmake'
[4.253s] Level 1:colcon.colcon_core.package_identification:_identify(.) by extension 'python'
[4.253s] Level 1:colcon.colcon_core.package_identification:_identify(.) by extensions ['python_setup_py']
[4.253s] Level 1:colcon.colcon_core.package_identification:_identify(.) by extension 'python_setup_py'
[4.254s] Level 1:colcon.colcon_core.package_identification:_identify(build) by extensions ['ignore', 'ignore_ament_install']
[4.254s] Level 1:colcon.colcon_core.package_identification:_identify(build) by extension 'ignore'
[4.254s] Level 1:colcon.colcon_core.package_identification:_identify(build) ignored
[4.255s] Level 1:colcon.colcon_core.package_identification:_identify(install) by extensions ['ignore', 'ignore_ament_install']
[4.255s] Level 1:colcon.colcon_core.package_identification:_identify(install) by extension 'ignore'
[4.256s] Level 1:colcon.colcon_core.package_identification:_identify(install) ignored
[4.256s] Level 1:colcon.colcon_core.package_identification:_identify(log) by extensions ['ignore', 'ignore_ament_install']
[4.257s] Level 1:colcon.colcon_core.package_identification:_identify(log) by extension 'ignore'
[4.257s] Level 1:colcon.colcon_core.package_identification:_identify(log) ignored
[4.257s] Level 1:colcon.colcon_core.package_identification:_identify(src) by extensions ['ignore', 'ignore_ament_install']
[4.258s] Level 1:colcon.colcon_core.package_identification:_identify(src) by extension 'ignore'
[4.258s] Level 1:colcon.colcon_core.package_identification:_identify(src) by extension 'ignore_ament_install'
[4.258s] Level 1:colcon.colcon_core.package_identification:_identify(src) by extensions ['colcon_pkg']
[4.258s] Level 1:colcon.colcon_core.package_identification:_identify(src) by extension 'colcon_pkg'
[4.259s] Level 1:colcon.colcon_core.package_identification:_identify(src) by extensions ['colcon_meta']
[4.259s] Level 1:colcon.colcon_core.package_identification:_identify(src) by extension 'colcon_meta'
[4.259s] Level 1:colcon.colcon_core.package_identification:_identify(src) by extensions ['ros']
[4.259s] Level 1:colcon.colcon_core.package_identification:_identify(src) by extension 'ros'
[4.259s] Level 1:colcon.colcon_core.package_identification:_identify(src) by extensions ['cmake', 'python']
[4.260s] Level 1:colcon.colcon_core.package_identification:_identify(src) by extension 'cmake'
[4.260s] Level 1:colcon.colcon_core.package_identification:_identify(src) by extension 'python'
[4.260s] Level 1:colcon.colcon_core.package_identification:_identify(src) by extensions ['python_setup_py']
[4.260s] Level 1:colcon.colcon_core.package_identification:_identify(src) by extension 'python_setup_py'
[4.261s] Level 1:colcon.colcon_core.package_identification:_identify(src/build) by extensions ['ignore', 'ignore_ament_install']
[4.261s] Level 1:colcon.colcon_core.package_identification:_identify(src/build) by extension 'ignore'
[4.261s] Level 1:colcon.colcon_core.package_identification:_identify(src/build) ignored
[4.262s] Level 1:colcon.colcon_core.package_identification:_identify(src/controller) by extensions ['ignore', 'ignore_ament_install']
[4.262s] Level 1:colcon.colcon_core.package_identification:_identify(src/controller) by extension 'ignore'
[4.262s] Level 1:colcon.colcon_core.package_identification:_identify(src/controller) by extension 'ignore_ament_install'
[4.262s] Level 1:colcon.colcon_core.package_identification:_identify(src/controller) by extensions ['colcon_pkg']
[4.263s] Level 1:colcon.colcon_core.package_identification:_identify(src/controller) by extension 'colcon_pkg'
[4.263s] Level 1:colcon.colcon_core.package_identification:_identify(src/controller) by extensions ['colcon_meta']
[4.263s] Level 1:colcon.colcon_core.package_identification:_identify(src/controller) by extension 'colcon_meta'
[4.263s] Level 1:colcon.colcon_core.package_identification:_identify(src/controller) by extensions ['ros']
[4.263s] Level 1:colcon.colcon_core.package_identification:_identify(src/controller) by extension 'ros'
[4.292s] DEBUG:colcon.colcon_core.package_identification:Package 'src/controller' with type 'ros.ament_python' and name 'controller'
[4.293s] Level 1:colcon.colcon_core.package_identification:_identify(src/custom_msgs) by extensions ['ignore', 'ignore_ament_install']
[4.294s] Level 1:colcon.colcon_core.package_identification:_identify(src/custom_msgs) by extension 'ignore'
[4.294s] Level 1:colcon.colcon_core.package_identification:_identify(src/custom_msgs) by extension 'ignore_ament_install'
[4.294s] Level 1:colcon.colcon_core.package_identification:_identify(src/custom_msgs) by extensions ['colcon_pkg']
[4.295s] Level 1:colcon.colcon_core.package_identification:_identify(src/custom_msgs) by extension 'colcon_pkg'
[4.295s] Level 1:colcon.colcon_core.package_identification:_identify(src/custom_msgs) by extensions ['colcon_meta']
[4.295s] Level 1:colcon.colcon_core.package_identification:_identify(src/custom_msgs) by extension 'colcon_meta'
[4.296s] Level 1:colcon.colcon_core.package_identification:_identify(src/custom_msgs) by extensions ['ros']
[4.296s] Level 1:colcon.colcon_core.package_identification:_identify(src/custom_msgs) by extension 'ros'
[4.303s] DEBUG:colcon.colcon_core.package_identification:Package 'src/custom_msgs' with type 'ros.ament_cmake' and name 'custom_msgs'
[4.304s] Level 1:colcon.colcon_core.package_identification:_identify(src/data_logging) by extensions ['ignore', 'ignore_ament_install']
[4.305s] Level 1:colcon.colcon_core.package_identification:_identify(src/data_logging) by extension 'ignore'
[4.305s] Level 1:colcon.colcon_core.package_identification:_identify(src/data_logging) by extension 'ignore_ament_install'
[4.306s] Level 1:colcon.colcon_core.package_identification:_identify(src/data_logging) by extensions ['colcon_pkg']
[4.306s] Level 1:colcon.colcon_core.package_identification:_identify(src/data_logging) by extension 'colcon_pkg'
[4.306s] Level 1:colcon.colcon_core.package_identification:_identify(src/data_logging) by extensions ['colcon_meta']
[4.306s] Level 1:colcon.colcon_core.package_identification:_identify(src/data_logging) by extension 'colcon_meta'
[4.306s] Level 1:colcon.colcon_core.package_identification:_identify(src/data_logging) by extensions ['ros']
[4.307s] Level 1:colcon.colcon_core.package_identification:_identify(src/data_logging) by extension 'ros'
[4.313s] DEBUG:colcon.colcon_core.package_identification:Package 'src/data_logging' with type 'ros.ament_python' and name 'data_logging'
[4.314s] Level 1:colcon.colcon_core.package_identification:_identify(src/encoder) by extensions ['ignore', 'ignore_ament_install']
[4.315s] Level 1:colcon.colcon_core.package_identification:_identify(src/encoder) by extension 'ignore'
[4.315s] Level 1:colcon.colcon_core.package_identification:_identify(src/encoder) by extension 'ignore_ament_install'
[4.315s] Level 1:colcon.colcon_core.package_identification:_identify(src/encoder) by extensions ['colcon_pkg']
[4.316s] Level 1:colcon.colcon_core.package_identification:_identify(src/encoder) by extension 'colcon_pkg'
[4.316s] Level 1:colcon.colcon_core.package_identification:_identify(src/encoder) by extensions ['colcon_meta']
[4.316s] Level 1:colcon.colcon_core.package_identification:_identify(src/encoder) by extension 'colcon_meta'
[4.316s] Level 1:colcon.colcon_core.package_identification:_identify(src/encoder) by extensions ['ros']
[4.317s] Level 1:colcon.colcon_core.package_identification:_identify(src/encoder) by extension 'ros'
[4.324s] DEBUG:colcon.colcon_core.package_identification:Package 'src/encoder' with type 'ros.ament_python' and name 'encoder'
[4.325s] Level 1:colcon.colcon_core.package_identification:_identify(src/install) by extensions ['ignore', 'ignore_ament_install']
[4.325s] Level 1:colcon.colcon_core.package_identification:_identify(src/install) by extension 'ignore'
[4.325s] Level 1:colcon.colcon_core.package_identification:_identify(src/install) ignored
[4.326s] Level 1:colcon.colcon_core.package_identification:_identify(src/log) by extensions ['ignore', 'ignore_ament_install']
[4.327s] Level 1:colcon.colcon_core.package_identification:_identify(src/log) by extension 'ignore'
[4.327s] Level 1:colcon.colcon_core.package_identification:_identify(src/log) ignored
[4.327s] Level 1:colcon.colcon_core.package_identification:_identify(src/odrive_control_py) by extensions ['ignore', 'ignore_ament_install']
[4.328s] Level 1:colcon.colcon_core.package_identification:_identify(src/odrive_control_py) by extension 'ignore'
[4.328s] Level 1:colcon.colcon_core.package_identification:_identify(src/odrive_control_py) by extension 'ignore_ament_install'
[4.329s] Level 1:colcon.colcon_core.package_identification:_identify(src/odrive_control_py) by extensions ['colcon_pkg']
[4.329s] Level 1:colcon.colcon_core.package_identification:_identify(src/odrive_control_py) by extension 'colcon_pkg'
[4.329s] Level 1:colcon.colcon_core.package_identification:_identify(src/odrive_control_py) by extensions ['colcon_meta']
[4.329s] Level 1:colcon.colcon_core.package_identification:_identify(src/odrive_control_py) by extension 'colcon_meta'
[4.330s] Level 1:colcon.colcon_core.package_identification:_identify(src/odrive_control_py) by extensions ['ros']
[4.330s] Level 1:colcon.colcon_core.package_identification:_identify(src/odrive_control_py) by extension 'ros'
[4.337s] DEBUG:colcon.colcon_core.package_identification:Package 'src/odrive_control_py' with type 'ros.ament_python' and name 'odrive_control_py'
[4.338s] Level 1:colcon.colcon_core.package_identification:_identify(src/robot_launch) by extensions ['ignore', 'ignore_ament_install']
[4.338s] Level 1:colcon.colcon_core.package_identification:_identify(src/robot_launch) by extension 'ignore'
[4.338s] Level 1:colcon.colcon_core.package_identification:_identify(src/robot_launch) by extension 'ignore_ament_install'
[4.339s] Level 1:colcon.colcon_core.package_identification:_identify(src/robot_launch) by extensions ['colcon_pkg']
[4.339s] Level 1:colcon.colcon_core.package_identification:_identify(src/robot_launch) by extension 'colcon_pkg'
[4.339s] Level 1:colcon.colcon_core.package_identification:_identify(src/robot_launch) by extensions ['colcon_meta']
[4.339s] Level 1:colcon.colcon_core.package_identification:_identify(src/robot_launch) by extension 'colcon_meta'
[4.340s] Level 1:colcon.colcon_core.package_identification:_identify(src/robot_launch) by extensions ['ros']
[4.340s] Level 1:colcon.colcon_core.package_identification:_identify(src/robot_launch) by extension 'ros'
[4.347s] DEBUG:colcon.colcon_core.package_identification:Package 'src/robot_launch' with type 'ros.ament_cmake' and name 'robot_launch'
[4.347s] Level 1:colcon.colcon_core.package_discovery:discover_packages(recursive) using defaults
[4.347s] Level 1:colcon.colcon_core.package_discovery:discover_packages(ignore) discover
[4.347s] Level 1:colcon.colcon_core.package_discovery:discover_packages(ignore) using defaults
[4.348s] Level 1:colcon.colcon_core.package_discovery:discover_packages(path) discover
[4.348s] Level 1:colcon.colcon_core.package_discovery:discover_packages(path) using defaults
[4.572s] Level 1:colcon.colcon_core.package_discovery:discover_packages(prefix_path) check parameters
[4.572s] Level 1:colcon.colcon_core.package_discovery:discover_packages(prefix_path) discover
[4.612s] DEBUG:colcon.colcon_installed_package_information.package_discovery:Found 189 installed packages in /opt/ros/humble
[4.618s] Level 1:colcon.colcon_core.package_discovery:discover_packages(prefix_path) using defaults
[4.800s] Level 5:colcon.colcon_core.verb:set package 'custom_msgs' build argument 'cmake_args' from command line to 'None'
[4.800s] Level 5:colcon.colcon_core.verb:set package 'custom_msgs' build argument 'cmake_target' from command line to 'None'
[4.800s] Level 5:colcon.colcon_core.verb:set package 'custom_msgs' build argument 'cmake_target_skip_unavailable' from command line to 'False'
[4.801s] Level 5:colcon.colcon_core.verb:set package 'custom_msgs' build argument 'cmake_clean_cache' from command line to 'False'
[4.801s] Level 5:colcon.colcon_core.verb:set package 'custom_msgs' build argument 'cmake_clean_first' from command line to 'False'
[4.801s] Level 5:colcon.colcon_core.verb:set package 'custom_msgs' build argument 'cmake_force_configure' from command line to 'False'
[4.801s] Level 5:colcon.colcon_core.verb:set package 'custom_msgs' build argument 'ament_cmake_args' from command line to 'None'
[4.801s] Level 5:colcon.colcon_core.verb:set package 'custom_msgs' build argument 'catkin_cmake_args' from command line to 'None'
[4.801s] Level 5:colcon.colcon_core.verb:set package 'custom_msgs' build argument 'catkin_skip_building_tests' from command line to 'False'
[4.801s] DEBUG:colcon.colcon_core.verb:Building package 'custom_msgs' with the following arguments: {'ament_cmake_args': None, 'build_base': '/home/vedant/OdriveCANControl/build/custom_msgs', 'catkin_cmake_args': None, 'catkin_skip_building_tests': False, 'cmake_args': None, 'cmake_clean_cache': False, 'cmake_clean_first': False, 'cmake_force_configure': False, 'cmake_target': None, 'cmake_target_skip_unavailable': False, 'install_base': '/home/vedant/OdriveCANControl/install/custom_msgs', 'merge_install': False, 'path': '/home/vedant/OdriveCANControl/src/custom_msgs', 'symlink_install': False, 'test_result_base': None}
[4.803s] Level 5:colcon.colcon_core.verb:set package 'data_logging' build argument 'cmake_args' from command line to 'None'
[4.803s] Level 5:colcon.colcon_core.verb:set package 'data_logging' build argument 'cmake_target' from command line to 'None'
[4.803s] Level 5:colcon.colcon_core.verb:set package 'data_logging' build argument 'cmake_target_skip_unavailable' from command line to 'False'
[4.803s] Level 5:colcon.colcon_core.verb:set package 'data_logging' build argument 'cmake_clean_cache' from command line to 'False'
[4.803s] Level 5:colcon.colcon_core.verb:set package 'data_logging' build argument 'cmake_clean_first' from command line to 'False'
[4.804s] Level 5:colcon.colcon_core.verb:set package 'data_logging' build argument 'cmake_force_configure' from command line to 'False'
[4.804s] Level 5:colcon.colcon_core.verb:set package 'data_logging' build argument 'ament_cmake_args' from command line to 'None'
[4.804s] Level 5:colcon.colcon_core.verb:set package 'data_logging' build argument 'catkin_cmake_args' from command line to 'None'
[4.804s] Level 5:colcon.colcon_core.verb:set package 'data_logging' build argument 'catkin_skip_building_tests' from command line to 'False'
[4.804s] DEBUG:colcon.colcon_core.verb:Building package 'data_logging' with the following arguments: {'ament_cmake_args': None, 'build_base': '/home/vedant/OdriveCANControl/build/data_logging', 'catkin_cmake_args': None, 'catkin_skip_building_tests': False, 'cmake_args': None, 'cmake_clean_cache': False, 'cmake_clean_first': False, 'cmake_force_configure': False, 'cmake_target': None, 'cmake_target_skip_unavailable': False, 'install_base': '/home/vedant/OdriveCANControl/install/data_logging', 'merge_install': False, 'path': '/home/vedant/OdriveCANControl/src/data_logging', 'symlink_install': False, 'test_result_base': None}
[4.805s] Level 5:colcon.colcon_core.verb:set package 'encoder' build argument 'cmake_args' from command line to 'None'
[4.806s] Level 5:colcon.colcon_core.verb:set package 'encoder' build argument 'cmake_target' from command line to 'None'
[4.806s] Level 5:colcon.colcon_core.verb:set package 'encoder' build argument 'cmake_target_skip_unavailable' from command line to 'False'
[4.806s] Level 5:colcon.colcon_core.verb:set package 'encoder' build argument 'cmake_clean_cache' from command line to 'False'
[4.806s] Level 5:colcon.colcon_core.verb:set package 'encoder' build argument 'cmake_clean_first' from command line to 'False'
[4.806s] Level 5:colcon.colcon_core.verb:set package 'encoder' build argument 'cmake_force_configure' from command line to 'False'
[4.806s] Level 5:colcon.colcon_core.verb:set package 'encoder' build argument 'ament_cmake_args' from command line to 'None'
[4.806s] Level 5:colcon.colcon_core.verb:set package 'encoder' build argument 'catkin_cmake_args' from command line to 'None'
[4.806s] Level 5:colcon.colcon_core.verb:set package 'encoder' build argument 'catkin_skip_building_tests' from command line to 'False'
[4.807s] DEBUG:colcon.colcon_core.verb:Building package 'encoder' with the following arguments: {'ament_cmake_args': None, 'build_base': '/home/vedant/OdriveCANControl/build/encoder', 'catkin_cmake_args': None, 'catkin_skip_building_tests': False, 'cmake_args': None, 'cmake_clean_cache': False, 'cmake_clean_first': False, 'cmake_force_configure': False, 'cmake_target': None, 'cmake_target_skip_unavailable': False, 'install_base': '/home/vedant/OdriveCANControl/install/encoder', 'merge_install': False, 'path': '/home/vedant/OdriveCANControl/src/encoder', 'symlink_install': False, 'test_result_base': None}
[4.808s] Level 5:colcon.colcon_core.verb:set package 'controller' build argument 'cmake_args' from command line to 'None'
[4.808s] Level 5:colcon.colcon_core.verb:set package 'controller' build argument 'cmake_target' from command line to 'None'
[4.808s] Level 5:colcon.colcon_core.verb:set package 'controller' build argument 'cmake_target_skip_unavailable' from command line to 'False'
[4.808s] Level 5:colcon.colcon_core.verb:set package 'controller' build argument 'cmake_clean_cache' from command line to 'False'
[4.809s] Level 5:colcon.colcon_core.verb:set package 'controller' build argument 'cmake_clean_first' from command line to 'False'
[4.809s] Level 5:colcon.colcon_core.verb:set package 'controller' build argument 'cmake_force_configure' from command line to 'False'
[4.809s] Level 5:colcon.colcon_core.verb:set package 'controller' build argument 'ament_cmake_args' from command line to 'None'
[4.809s] Level 5:colcon.colcon_core.verb:set package 'controller' build argument 'catkin_cmake_args' from command line to 'None'
[4.809s] Level 5:colcon.colcon_core.verb:set package 'controller' build argument 'catkin_skip_building_tests' from command line to 'False'
[4.809s] DEBUG:colcon.colcon_core.verb:Building package 'controller' with the following arguments: {'ament_cmake_args': None, 'build_base': '/home/vedant/OdriveCANControl/build/controller', 'catkin_cmake_args': None, 'catkin_skip_building_tests': False, 'cmake_args': None, 'cmake_clean_cache': False, 'cmake_clean_first': False, 'cmake_force_configure': False, 'cmake_target': None, 'cmake_target_skip_unavailable': False, 'install_base': '/home/vedant/OdriveCANControl/install/controller', 'merge_install': False, 'path': '/home/vedant/OdriveCANControl/src/controller', 'symlink_install': False, 'test_result_base': None}
[4.811s] Level 5:colcon.colcon_core.verb:set package 'odrive_control_py' build argument 'cmake_args' from command line to 'None'
[4.811s] Level 5:colcon.colcon_core.verb:set package 'odrive_control_py' build argument 'cmake_target' from command line to 'None'
[4.811s] Level 5:colcon.colcon_core.verb:set package 'odrive_control_py' build argument 'cmake_target_skip_unavailable' from command line to 'False'
[4.811s] Level 5:colcon.colcon_core.verb:set package 'odrive_control_py' build argument 'cmake_clean_cache' from command line to 'False'
[4.811s] Level 5:colcon.colcon_core.verb:set package 'odrive_control_py' build argument 'cmake_clean_first' from command line to 'False'
[4.811s] Level 5:colcon.colcon_core.verb:set package 'odrive_control_py' build argument 'cmake_force_configure' from command line to 'False'
[4.811s] Level 5:colcon.colcon_core.verb:set package 'odrive_control_py' build argument 'ament_cmake_args' from command line to 'None'
[4.811s] Level 5:colcon.colcon_core.verb:set package 'odrive_control_py' build argument 'catkin_cmake_args' from command line to 'None'
[4.812s] Level 5:colcon.colcon_core.verb:set package 'odrive_control_py' build argument 'catkin_skip_building_tests' from command line to 'False'
[4.812s] DEBUG:colcon.colcon_core.verb:Building package 'odrive_control_py' with the following arguments: {'ament_cmake_args': None, 'build_base': '/home/vedant/OdriveCANControl/build/odrive_control_py', 'catkin_cmake_args': None, 'catkin_skip_building_tests': False, 'cmake_args': None, 'cmake_clean_cache': False, 'cmake_clean_first': False, 'cmake_force_configure': False, 'cmake_target': None, 'cmake_target_skip_unavailable': False, 'install_base': '/home/vedant/OdriveCANControl/install/odrive_control_py', 'merge_install': False, 'path': '/home/vedant/OdriveCANControl/src/odrive_control_py', 'symlink_install': False, 'test_result_base': None}
[4.813s] Level 5:colcon.colcon_core.verb:set package 'robot_launch' build argument 'cmake_args' from command line to 'None'
[4.813s] Level 5:colcon.colcon_core.verb:set package 'robot_launch' build argument 'cmake_target' from command line to 'None'
[4.813s] Level 5:colcon.colcon_core.verb:set package 'robot_launch' build argument 'cmake_target_skip_unavailable' from command line to 'False'
[4.814s] Level 5:colcon.colcon_core.verb:set package 'robot_launch' build argument 'cmake_clean_cache' from command line to 'False'
[4.814s] Level 5:colcon.colcon_core.verb:set package 'robot_launch' build argument 'cmake_clean_first' from command line to 'False'
[4.814s] Level 5:colcon.colcon_core.verb:set package 'robot_launch' build argument 'cmake_force_configure' from command line to 'False'
[4.814s] Level 5:colcon.colcon_core.verb:set package 'robot_launch' build argument 'ament_cmake_args' from command line to 'None'
[4.814s] Level 5:colcon.colcon_core.verb:set package 'robot_launch' build argument 'catkin_cmake_args' from command line to 'None'
[4.814s] Level 5:colcon.colcon_core.verb:set package 'robot_launch' build argument 'catkin_skip_building_tests' from command line to 'False'
[4.814s] DEBUG:colcon.colcon_core.verb:Building package 'robot_launch' with the following arguments: {'ament_cmake_args': None, 'build_base': '/home/vedant/OdriveCANControl/build/robot_launch', 'catkin_cmake_args': None, 'catkin_skip_building_tests': False, 'cmake_args': None, 'cmake_clean_cache': False, 'cmake_clean_first': False, 'cmake_force_configure': False, 'cmake_target': None, 'cmake_target_skip_unavailable': False, 'install_base': '/home/vedant/OdriveCANControl/install/robot_launch', 'merge_install': False, 'path': '/home/vedant/OdriveCANControl/src/robot_launch', 'symlink_install': False, 'test_result_base': None}
[4.815s] INFO:colcon.colcon_core.executor:Executing jobs using 'parallel' executor
[4.818s] DEBUG:colcon.colcon_parallel_executor.executor.parallel:run_until_complete
[4.819s] INFO:colcon.colcon_ros.task.ament_cmake.build:Building ROS package in '/home/vedant/OdriveCANControl/src/custom_msgs' with build type 'ament_cmake'
[4.820s] INFO:colcon.colcon_cmake.task.cmake.build:Building CMake package in '/home/vedant/OdriveCANControl/src/custom_msgs'
[4.869s] INFO:colcon.colcon_core.plugin_system:Skipping extension 'colcon_core.shell.bat': Not used on non-Windows systems
[4.870s] INFO:colcon.colcon_core.shell:Skip shell extension 'powershell' for command environment: Not usable outside of PowerShell
[4.871s] DEBUG:colcon.colcon_core.shell:Skip shell extension 'dsv' for command environment
[4.891s] INFO:colcon.colcon_ros.task.ament_python.build:Building ROS package in '/home/vedant/OdriveCANControl/src/encoder' with build type 'ament_python'
[4.892s] Level 1:colcon.colcon_core.shell:create_environment_hook('encoder', 'ament_prefix_path')
[4.893s] INFO:colcon.colcon_core.shell:Creating environment hook '/home/vedant/OdriveCANControl/install/encoder/share/encoder/hook/ament_prefix_path.ps1'
[4.905s] INFO:colcon.colcon_core.shell:Creating environment descriptor '/home/vedant/OdriveCANControl/install/encoder/share/encoder/hook/ament_prefix_path.dsv'
[4.914s] INFO:colcon.colcon_core.shell:Creating environment hook '/home/vedant/OdriveCANControl/install/encoder/share/encoder/hook/ament_prefix_path.sh'
[4.925s] INFO:colcon.colcon_core.shell:Skip shell extension 'powershell' for command environment: Not usable outside of PowerShell
[4.925s] DEBUG:colcon.colcon_core.shell:Skip shell extension 'dsv' for command environment
[4.940s] INFO:colcon.colcon_ros.task.ament_python.build:Building ROS package in '/home/vedant/OdriveCANControl/src/data_logging' with build type 'ament_python'
[4.941s] Level 1:colcon.colcon_core.shell:create_environment_hook('data_logging', 'ament_prefix_path')
[4.942s] INFO:colcon.colcon_core.shell:Creating environment hook '/home/vedant/OdriveCANControl/install/data_logging/share/data_logging/hook/ament_prefix_path.ps1'
[4.945s] INFO:colcon.colcon_core.shell:Creating environment descriptor '/home/vedant/OdriveCANControl/install/data_logging/share/data_logging/hook/ament_prefix_path.dsv'
[4.948s] INFO:colcon.colcon_core.shell:Creating environment hook '/home/vedant/OdriveCANControl/install/data_logging/share/data_logging/hook/ament_prefix_path.sh'
[4.951s] INFO:colcon.colcon_core.shell:Skip shell extension 'powershell' for command environment: Not usable outside of PowerShell
[4.951s] DEBUG:colcon.colcon_core.shell:Skip shell extension 'dsv' for command environment
[4.996s] DEBUG:colcon.colcon_core.event_handler.log_command:Invoking command in '/home/vedant/OdriveCANControl/build/custom_msgs': CMAKE_PREFIX_PATH=/opt/ros/humble /usr/bin/cmake --build /home/vedant/OdriveCANControl/build/custom_msgs -- -j4 -l4
[6.395s] INFO:colcon.colcon_core.task.python.build:Building Python package in '/home/vedant/OdriveCANControl/src/encoder'
[6.396s] INFO:colcon.colcon_core.shell:Skip shell extension 'powershell' for command environment: Not usable outside of PowerShell
[6.396s] DEBUG:colcon.colcon_core.shell:Skip shell extension 'dsv' for command environment
[8.476s] INFO:colcon.colcon_core.task.python.build:Building Python package in '/home/vedant/OdriveCANControl/src/data_logging'
[8.478s] INFO:colcon.colcon_core.shell:Skip shell extension 'powershell' for command environment: Not usable outside of PowerShell
[8.478s] DEBUG:colcon.colcon_core.shell:Skip shell extension 'dsv' for command environment
[9.209s] DEBUG:colcon.colcon_core.event_handler.log_command:Invoked command in '/home/vedant/OdriveCANControl/build/custom_msgs' returned '0': CMAKE_PREFIX_PATH=/opt/ros/humble /usr/bin/cmake --build /home/vedant/OdriveCANControl/build/custom_msgs -- -j4 -l4
[9.273s] DEBUG:colcon.colcon_core.event_handler.log_command:Invoking command in '/home/vedant/OdriveCANControl/build/custom_msgs': CMAKE_PREFIX_PATH=/opt/ros/humble /usr/bin/cmake --install /home/vedant/OdriveCANControl/build/custom_msgs
[10.411s] Level 1:colcon.colcon_core.environment:create_environment_scripts_only(custom_msgs)
[10.419s] DEBUG:colcon.colcon_core.event_handler.log_command:Invoked command in '/home/vedant/OdriveCANControl/build/custom_msgs' returned '0': CMAKE_PREFIX_PATH=/opt/ros/humble /usr/bin/cmake --install /home/vedant/OdriveCANControl/build/custom_msgs
[10.575s] Level 1:colcon.colcon_core.environment:checking '/home/vedant/OdriveCANControl/install/custom_msgs' for CMake module files
[10.584s] Level 1:colcon.colcon_core.environment:checking '/home/vedant/OdriveCANControl/install/custom_msgs' for CMake config files
[10.600s] Level 1:colcon.colcon_core.shell:create_environment_hook('custom_msgs', 'cmake_prefix_path')
[10.609s] INFO:colcon.colcon_core.shell:Creating environment hook '/home/vedant/OdriveCANControl/install/custom_msgs/share/custom_msgs/hook/cmake_prefix_path.ps1'
[10.612s] INFO:colcon.colcon_core.shell:Creating environment descriptor '/home/vedant/OdriveCANControl/install/custom_msgs/share/custom_msgs/hook/cmake_prefix_path.dsv'
[10.622s] INFO:colcon.colcon_core.shell:Creating environment hook '/home/vedant/OdriveCANControl/install/custom_msgs/share/custom_msgs/hook/cmake_prefix_path.sh'
[10.636s] Level 1:colcon.colcon_core.environment:checking '/home/vedant/OdriveCANControl/install/custom_msgs/lib'
[10.637s] Level 1:colcon.colcon_core.shell:create_environment_hook('custom_msgs', 'ld_library_path_lib')
[10.639s] INFO:colcon.colcon_core.shell:Creating environment hook '/home/vedant/OdriveCANControl/install/custom_msgs/share/custom_msgs/hook/ld_library_path_lib.ps1'
[10.648s] INFO:colcon.colcon_core.shell:Creating environment descriptor '/home/vedant/OdriveCANControl/install/custom_msgs/share/custom_msgs/hook/ld_library_path_lib.dsv'
[10.651s] INFO:colcon.colcon_core.shell:Creating environment hook '/home/vedant/OdriveCANControl/install/custom_msgs/share/custom_msgs/hook/ld_library_path_lib.sh'
[10.664s] Level 1:colcon.colcon_core.environment:checking '/home/vedant/OdriveCANControl/install/custom_msgs/bin'
[10.665s] Level 1:colcon.colcon_core.environment:checking '/home/vedant/OdriveCANControl/install/custom_msgs/lib/pkgconfig/custom_msgs.pc'
[10.666s] Level 1:colcon.colcon_core.environment:checking '/home/vedant/OdriveCANControl/install/custom_msgs/lib/python3.10/site-packages'
[10.672s] Level 1:colcon.colcon_core.environment:checking '/home/vedant/OdriveCANControl/install/custom_msgs/bin'
[10.674s] INFO:colcon.colcon_core.shell:Creating package script '/home/vedant/OdriveCANControl/install/custom_msgs/share/custom_msgs/package.ps1'
[10.694s] INFO:colcon.colcon_core.shell:Creating package descriptor '/home/vedant/OdriveCANControl/install/custom_msgs/share/custom_msgs/package.dsv'
[10.703s] INFO:colcon.colcon_core.shell:Creating package script '/home/vedant/OdriveCANControl/install/custom_msgs/share/custom_msgs/package.sh'
[10.728s] INFO:colcon.colcon_core.shell:Creating package script '/home/vedant/OdriveCANControl/install/custom_msgs/share/custom_msgs/package.bash'
[10.744s] INFO:colcon.colcon_core.shell:Creating package script '/home/vedant/OdriveCANControl/install/custom_msgs/share/custom_msgs/package.zsh'
[10.776s] Level 1:colcon.colcon_core.environment:create_file_with_runtime_dependencies(/home/vedant/OdriveCANControl/install/custom_msgs/share/colcon-core/packages/custom_msgs)
[10.780s] Level 1:colcon.colcon_core.environment:create_environment_scripts_only(custom_msgs)
[10.782s] Level 1:colcon.colcon_core.environment:checking '/home/vedant/OdriveCANControl/install/custom_msgs' for CMake module files
[10.793s] Level 1:colcon.colcon_core.environment:checking '/home/vedant/OdriveCANControl/install/custom_msgs' for CMake config files
[10.802s] Level 1:colcon.colcon_core.shell:create_environment_hook('custom_msgs', 'cmake_prefix_path')
[10.803s] INFO:colcon.colcon_core.shell:Creating environment hook '/home/vedant/OdriveCANControl/install/custom_msgs/share/custom_msgs/hook/cmake_prefix_path.ps1'
[10.807s] INFO:colcon.colcon_core.shell:Creating environment descriptor '/home/vedant/OdriveCANControl/install/custom_msgs/share/custom_msgs/hook/cmake_prefix_path.dsv'
[10.812s] INFO:colcon.colcon_core.shell:Creating environment hook '/home/vedant/OdriveCANControl/install/custom_msgs/share/custom_msgs/hook/cmake_prefix_path.sh'
[10.817s] Level 1:colcon.colcon_core.environment:checking '/home/vedant/OdriveCANControl/install/custom_msgs/lib'
[10.817s] Level 1:colcon.colcon_core.shell:create_environment_hook('custom_msgs', 'ld_library_path_lib')
[10.819s] INFO:colcon.colcon_core.shell:Creating environment hook '/home/vedant/OdriveCANControl/install/custom_msgs/share/custom_msgs/hook/ld_library_path_lib.ps1'
[10.823s] INFO:colcon.colcon_core.shell:Creating environment descriptor '/home/vedant/OdriveCANControl/install/custom_msgs/share/custom_msgs/hook/ld_library_path_lib.dsv'
[10.827s] INFO:colcon.colcon_core.shell:Creating environment hook '/home/vedant/OdriveCANControl/install/custom_msgs/share/custom_msgs/hook/ld_library_path_lib.sh'
[10.831s] Level 1:colcon.colcon_core.environment:checking '/home/vedant/OdriveCANControl/install/custom_msgs/bin'
[10.833s] Level 1:colcon.colcon_core.environment:checking '/home/vedant/OdriveCANControl/install/custom_msgs/lib/pkgconfig/custom_msgs.pc'
[10.834s] Level 1:colcon.colcon_core.environment:checking '/home/vedant/OdriveCANControl/install/custom_msgs/lib/python3.10/site-packages'
[10.836s] Level 1:colcon.colcon_core.environment:checking '/home/vedant/OdriveCANControl/install/custom_msgs/bin'
[10.839s] INFO:colcon.colcon_core.shell:Creating package script '/home/vedant/OdriveCANControl/install/custom_msgs/share/custom_msgs/package.ps1'
[10.844s] INFO:colcon.colcon_core.shell:Creating package descriptor '/home/vedant/OdriveCANControl/install/custom_msgs/share/custom_msgs/package.dsv'
[10.849s] INFO:colcon.colcon_core.shell:Creating package script '/home/vedant/OdriveCANControl/install/custom_msgs/share/custom_msgs/package.sh'
[10.854s] INFO:colcon.colcon_core.shell:Creating package script '/home/vedant/OdriveCANControl/install/custom_msgs/share/custom_msgs/package.bash'
[10.858s] INFO:colcon.colcon_core.shell:Creating package script '/home/vedant/OdriveCANControl/install/custom_msgs/share/custom_msgs/package.zsh'
[10.863s] Level 1:colcon.colcon_core.environment:create_file_with_runtime_dependencies(/home/vedant/OdriveCANControl/install/custom_msgs/share/colcon-core/packages/custom_msgs)
[10.869s] INFO:colcon.colcon_ros.task.ament_python.build:Building ROS package in '/home/vedant/OdriveCANControl/src/controller' with build type 'ament_python'
[10.871s] Level 1:colcon.colcon_core.shell:create_environment_hook('controller', 'ament_prefix_path')
[10.873s] INFO:colcon.colcon_core.shell:Creating environment hook '/home/vedant/OdriveCANControl/install/controller/share/controller/hook/ament_prefix_path.ps1'
[10.885s] INFO:colcon.colcon_core.shell:Creating environment descriptor '/home/vedant/OdriveCANControl/install/controller/share/controller/hook/ament_prefix_path.dsv'
[10.890s] INFO:colcon.colcon_core.shell:Creating environment hook '/home/vedant/OdriveCANControl/install/controller/share/controller/hook/ament_prefix_path.sh'
[10.897s] INFO:colcon.colcon_core.shell:Skip shell extension 'powershell' for command environment: Not usable outside of PowerShell
[10.897s] DEBUG:colcon.colcon_core.shell:Skip shell extension 'dsv' for command environment
[10.920s] INFO:colcon.colcon_ros.task.ament_python.build:Building ROS package in '/home/vedant/OdriveCANControl/src/odrive_control_py' with build type 'ament_python'
[10.921s] Level 1:colcon.colcon_core.shell:create_environment_hook('odrive_control_py', 'ament_prefix_path')
[10.922s] INFO:colcon.colcon_core.shell:Creating environment hook '/home/vedant/OdriveCANControl/install/odrive_control_py/share/odrive_control_py/hook/ament_prefix_path.ps1'
[10.927s] INFO:colcon.colcon_core.shell:Creating environment descriptor '/home/vedant/OdriveCANControl/install/odrive_control_py/share/odrive_control_py/hook/ament_prefix_path.dsv'
[10.929s] INFO:colcon.colcon_core.shell:Creating environment hook '/home/vedant/OdriveCANControl/install/odrive_control_py/share/odrive_control_py/hook/ament_prefix_path.sh'
[10.946s] INFO:colcon.colcon_core.shell:Skip shell extension 'powershell' for command environment: Not usable outside of PowerShell
[10.946s] DEBUG:colcon.colcon_core.shell:Skip shell extension 'dsv' for command environment
[13.493s] INFO:colcon.colcon_core.task.python.build:Building Python package in '/home/vedant/OdriveCANControl/src/controller'
[13.494s] INFO:colcon.colcon_core.shell:Skip shell extension 'powershell' for command environment: Not usable outside of PowerShell
[13.495s] DEBUG:colcon.colcon_core.shell:Skip shell extension 'dsv' for command environment
[15.408s] INFO:colcon.colcon_core.task.python.build:Building Python package in '/home/vedant/OdriveCANControl/src/odrive_control_py'
[15.409s] INFO:colcon.colcon_core.shell:Skip shell extension 'powershell' for command environment: Not usable outside of PowerShell
[15.410s] DEBUG:colcon.colcon_core.shell:Skip shell extension 'dsv' for command environment
[15.435s] DEBUG:colcon.colcon_core.event_handler.log_command:Invoking command in '/home/vedant/OdriveCANControl/src/data_logging': PYTHONPATH=/home/vedant/OdriveCANControl/build/data_logging/prefix_override:/usr/lib/python3/dist-packages/colcon_core/task/python/colcon_distutils_commands:/home/vedant/OdriveCANControl/install/data_logging/lib/python3.10/site-packages:${PYTHONPATH} /usr/bin/python3 -W ignore:setup.py install is deprecated -W ignore:easy_install command is deprecated setup.py egg_info --egg-base ../../build/data_logging build --build-base /home/vedant/OdriveCANControl/build/data_logging/build install --record /home/vedant/OdriveCANControl/build/data_logging/install.log --single-version-externally-managed install_data
[15.459s] DEBUG:colcon.colcon_core.event_handler.log_command:Invoking command in '/home/vedant/OdriveCANControl/src/encoder': PYTHONPATH=/home/vedant/OdriveCANControl/build/encoder/prefix_override:/usr/lib/python3/dist-packages/colcon_core/task/python/colcon_distutils_commands:/home/vedant/OdriveCANControl/install/encoder/lib/python3.10/site-packages:${PYTHONPATH} /usr/bin/python3 -W ignore:setup.py install is deprecated -W ignore:easy_install command is deprecated setup.py egg_info --egg-base ../../build/encoder build --build-base /home/vedant/OdriveCANControl/build/encoder/build install --record /home/vedant/OdriveCANControl/build/encoder/install.log --single-version-externally-managed install_data
[18.163s] DEBUG:colcon.colcon_core.event_handler.log_command:Invoking command in '/home/vedant/OdriveCANControl/src/odrive_control_py': AMENT_PREFIX_PATH=/home/vedant/OdriveCANControl/install/custom_msgs:${AMENT_PREFIX_PATH} CMAKE_PREFIX_PATH=/home/vedant/OdriveCANControl/install/custom_msgs LD_LIBRARY_PATH=/home/vedant/OdriveCANControl/install/custom_msgs/lib:${LD_LIBRARY_PATH} PYTHONPATH=/home/vedant/OdriveCANControl/build/odrive_control_py/prefix_override:/usr/lib/python3/dist-packages/colcon_core/task/python/colcon_distutils_commands:/home/vedant/OdriveCANControl/install/odrive_control_py/lib/python3.10/site-packages:/home/vedant/OdriveCANControl/install/custom_msgs/local/lib/python3.10/dist-packages:${PYTHONPATH} /usr/bin/python3 -W ignore:setup.py install is deprecated -W ignore:easy_install command is deprecated setup.py egg_info --egg-base ../../build/odrive_control_py build --build-base /home/vedant/OdriveCANControl/build/odrive_control_py/build install --record /home/vedant/OdriveCANControl/build/odrive_control_py/install.log --single-version-externally-managed install_data
[19.249s] Level 1:colcon.colcon_core.environment:checking '/home/vedant/OdriveCANControl/install/encoder' for CMake module files
[19.252s] DEBUG:colcon.colcon_core.event_handler.log_command:Invoked command in '/home/vedant/OdriveCANControl/src/encoder' returned '0': PYTHONPATH=/home/vedant/OdriveCANControl/build/encoder/prefix_override:/usr/lib/python3/dist-packages/colcon_core/task/python/colcon_distutils_commands:/home/vedant/OdriveCANControl/install/encoder/lib/python3.10/site-packages:${PYTHONPATH} /usr/bin/python3 -W ignore:setup.py install is deprecated -W ignore:easy_install command is deprecated setup.py egg_info --egg-base ../../build/encoder build --build-base /home/vedant/OdriveCANControl/build/encoder/build install --record /home/vedant/OdriveCANControl/build/encoder/install.log --single-version-externally-managed install_data
[19.274s] Level 1:colcon.colcon_core.environment:checking '/home/vedant/OdriveCANControl/install/encoder' for CMake config files
[19.294s] Level 1:colcon.colcon_core.environment:checking '/home/vedant/OdriveCANControl/install/encoder/lib'
[19.304s] Level 1:colcon.colcon_core.environment:checking '/home/vedant/OdriveCANControl/install/encoder/bin'
[19.306s] Level 1:colcon.colcon_core.environment:checking '/home/vedant/OdriveCANControl/install/encoder/lib/pkgconfig/encoder.pc'
[19.309s] Level 1:colcon.colcon_core.environment:checking '/home/vedant/OdriveCANControl/install/encoder/lib/python3.10/site-packages'
[19.316s] Level 1:colcon.colcon_core.shell:create_environment_hook('encoder', 'pythonpath')
[19.319s] INFO:colcon.colcon_core.shell:Creating environment hook '/home/vedant/OdriveCANControl/install/encoder/share/encoder/hook/pythonpath.ps1'
[19.328s] INFO:colcon.colcon_core.shell:Creating environment descriptor '/home/vedant/OdriveCANControl/install/encoder/share/encoder/hook/pythonpath.dsv'
[19.341s] INFO:colcon.colcon_core.shell:Creating environment hook '/home/vedant/OdriveCANControl/install/encoder/share/encoder/hook/pythonpath.sh'
[19.354s] Level 1:colcon.colcon_core.environment:checking '/home/vedant/OdriveCANControl/install/encoder/bin'
[19.356s] Level 1:colcon.colcon_core.environment:create_environment_scripts_only(encoder)
[19.366s] INFO:colcon.colcon_core.shell:Creating package script '/home/vedant/OdriveCANControl/install/encoder/share/encoder/package.ps1'
[19.384s] INFO:colcon.colcon_core.shell:Creating package descriptor '/home/vedant/OdriveCANControl/install/encoder/share/encoder/package.dsv'
[19.403s] INFO:colcon.colcon_core.shell:Creating package script '/home/vedant/OdriveCANControl/install/encoder/share/encoder/package.sh'
[19.412s] INFO:colcon.colcon_core.shell:Creating package script '/home/vedant/OdriveCANControl/install/encoder/share/encoder/package.bash'
[19.418s] INFO:colcon.colcon_core.shell:Creating package script '/home/vedant/OdriveCANControl/install/encoder/share/encoder/package.zsh'
[19.423s] Level 1:colcon.colcon_core.environment:create_file_with_runtime_dependencies(/home/vedant/OdriveCANControl/install/encoder/share/colcon-core/packages/encoder)
[19.472s] Level 1:colcon.colcon_core.environment:checking '/home/vedant/OdriveCANControl/install/data_logging' for CMake module files
[19.480s] Level 1:colcon.colcon_core.environment:checking '/home/vedant/OdriveCANControl/install/data_logging' for CMake config files
[19.482s] DEBUG:colcon.colcon_core.event_handler.log_command:Invoked command in '/home/vedant/OdriveCANControl/src/data_logging' returned '0': PYTHONPATH=/home/vedant/OdriveCANControl/build/data_logging/prefix_override:/usr/lib/python3/dist-packages/colcon_core/task/python/colcon_distutils_commands:/home/vedant/OdriveCANControl/install/data_logging/lib/python3.10/site-packages:${PYTHONPATH} /usr/bin/python3 -W ignore:setup.py install is deprecated -W ignore:easy_install command is deprecated setup.py egg_info --egg-base ../../build/data_logging build --build-base /home/vedant/OdriveCANControl/build/data_logging/build install --record /home/vedant/OdriveCANControl/build/data_logging/install.log --single-version-externally-managed install_data
[19.485s] Level 1:colcon.colcon_core.environment:checking '/home/vedant/OdriveCANControl/install/data_logging/lib'
[19.485s] Level 1:colcon.colcon_core.environment:checking '/home/vedant/OdriveCANControl/install/data_logging/bin'
[19.486s] Level 1:colcon.colcon_core.environment:checking '/home/vedant/OdriveCANControl/install/data_logging/lib/pkgconfig/data_logging.pc'
[19.487s] Level 1:colcon.colcon_core.environment:checking '/home/vedant/OdriveCANControl/install/data_logging/lib/python3.10/site-packages'
[19.488s] Level 1:colcon.colcon_core.shell:create_environment_hook('data_logging', 'pythonpath')
[19.489s] INFO:colcon.colcon_core.shell:Creating environment hook '/home/vedant/OdriveCANControl/install/data_logging/share/data_logging/hook/pythonpath.ps1'
[19.492s] INFO:colcon.colcon_core.shell:Creating environment descriptor '/home/vedant/OdriveCANControl/install/data_logging/share/data_logging/hook/pythonpath.dsv'
[19.494s] INFO:colcon.colcon_core.shell:Creating environment hook '/home/vedant/OdriveCANControl/install/data_logging/share/data_logging/hook/pythonpath.sh'
[19.498s] Level 1:colcon.colcon_core.environment:checking '/home/vedant/OdriveCANControl/install/data_logging/bin'
[19.498s] Level 1:colcon.colcon_core.environment:create_environment_scripts_only(data_logging)
[19.500s] INFO:colcon.colcon_core.shell:Creating package script '/home/vedant/OdriveCANControl/install/data_logging/share/data_logging/package.ps1'
[19.503s] INFO:colcon.colcon_core.shell:Creating package descriptor '/home/vedant/OdriveCANControl/install/data_logging/share/data_logging/package.dsv'
[19.506s] INFO:colcon.colcon_core.shell:Creating package script '/home/vedant/OdriveCANControl/install/data_logging/share/data_logging/package.sh'
[19.509s] INFO:colcon.colcon_core.shell:Creating package script '/home/vedant/OdriveCANControl/install/data_logging/share/data_logging/package.bash'
[19.511s] INFO:colcon.colcon_core.shell:Creating package script '/home/vedant/OdriveCANControl/install/data_logging/share/data_logging/package.zsh'
[19.514s] Level 1:colcon.colcon_core.environment:create_file_with_runtime_dependencies(/home/vedant/OdriveCANControl/install/data_logging/share/colcon-core/packages/data_logging)
[19.537s] DEBUG:colcon.colcon_core.event_handler.log_command:Invoking command in '/home/vedant/OdriveCANControl/src/controller': AMENT_PREFIX_PATH=/home/vedant/OdriveCANControl/install/custom_msgs:${AMENT_PREFIX_PATH} CMAKE_PREFIX_PATH=/home/vedant/OdriveCANControl/install/custom_msgs LD_LIBRARY_PATH=/home/vedant/OdriveCANControl/install/custom_msgs/lib:${LD_LIBRARY_PATH} PYTHONPATH=/home/vedant/OdriveCANControl/build/controller/prefix_override:/usr/lib/python3/dist-packages/colcon_core/task/python/colcon_distutils_commands:/home/vedant/OdriveCANControl/install/controller/lib/python3.10/site-packages:/home/vedant/OdriveCANControl/install/custom_msgs/local/lib/python3.10/dist-packages:${PYTHONPATH} /usr/bin/python3 -W ignore:setup.py install is deprecated -W ignore:easy_install command is deprecated setup.py egg_info --egg-base ../../build/controller build --build-base /home/vedant/OdriveCANControl/build/controller/build install --record /home/vedant/OdriveCANControl/build/controller/install.log --single-version-externally-managed install_data
[20.984s] Level 1:colcon.colcon_core.environment:checking '/home/vedant/OdriveCANControl/install/odrive_control_py' for CMake module files
[20.987s] Level 1:colcon.colcon_core.environment:checking '/home/vedant/OdriveCANControl/install/odrive_control_py' for CMake config files
[20.992s] Level 1:colcon.colcon_core.environment:checking '/home/vedant/OdriveCANControl/install/odrive_control_py/lib'
[20.993s] Level 1:colcon.colcon_core.environment:checking '/home/vedant/OdriveCANControl/install/odrive_control_py/bin'
[20.993s] Level 1:colcon.colcon_core.environment:checking '/home/vedant/OdriveCANControl/install/odrive_control_py/lib/pkgconfig/odrive_control_py.pc'
[20.997s] DEBUG:colcon.colcon_core.event_handler.log_command:Invoked command in '/home/vedant/OdriveCANControl/src/odrive_control_py' returned '0': AMENT_PREFIX_PATH=/home/vedant/OdriveCANControl/install/custom_msgs:${AMENT_PREFIX_PATH} CMAKE_PREFIX_PATH=/home/vedant/OdriveCANControl/install/custom_msgs LD_LIBRARY_PATH=/home/vedant/OdriveCANControl/install/custom_msgs/lib:${LD_LIBRARY_PATH} PYTHONPATH=/home/vedant/OdriveCANControl/build/odrive_control_py/prefix_override:/usr/lib/python3/dist-packages/colcon_core/task/python/colcon_distutils_commands:/home/vedant/OdriveCANControl/install/odrive_control_py/lib/python3.10/site-packages:/home/vedant/OdriveCANControl/install/custom_msgs/local/lib/python3.10/dist-packages:${PYTHONPATH} /usr/bin/python3 -W ignore:setup.py install is deprecated -W ignore:easy_install command is deprecated setup.py egg_info --egg-base ../../build/odrive_control_py build --build-base /home/vedant/OdriveCANControl/build/odrive_control_py/build install --record /home/vedant/OdriveCANControl/build/odrive_control_py/install.log --single-version-externally-managed install_data
[21.000s] Level 1:colcon.colcon_core.environment:checking '/home/vedant/OdriveCANControl/install/odrive_control_py/lib/python3.10/site-packages'
[21.001s] Level 1:colcon.colcon_core.shell:create_environment_hook('odrive_control_py', 'pythonpath')
[21.003s] INFO:colcon.colcon_core.shell:Creating environment hook '/home/vedant/OdriveCANControl/install/odrive_control_py/share/odrive_control_py/hook/pythonpath.ps1'
[21.006s] INFO:colcon.colcon_core.shell:Creating environment descriptor '/home/vedant/OdriveCANControl/install/odrive_control_py/share/odrive_control_py/hook/pythonpath.dsv'
[21.008s] INFO:colcon.colcon_core.shell:Creating environment hook '/home/vedant/OdriveCANControl/install/odrive_control_py/share/odrive_control_py/hook/pythonpath.sh'
[21.012s] Level 1:colcon.colcon_core.environment:checking '/home/vedant/OdriveCANControl/install/odrive_control_py/bin'
[21.013s] Level 1:colcon.colcon_core.environment:create_environment_scripts_only(odrive_control_py)
[21.015s] INFO:colcon.colcon_core.shell:Creating package script '/home/vedant/OdriveCANControl/install/odrive_control_py/share/odrive_control_py/package.ps1'
[21.020s] INFO:colcon.colcon_core.shell:Creating package descriptor '/home/vedant/OdriveCANControl/install/odrive_control_py/share/odrive_control_py/package.dsv'
[21.023s] INFO:colcon.colcon_core.shell:Creating package script '/home/vedant/OdriveCANControl/install/odrive_control_py/share/odrive_control_py/package.sh'
[21.026s] INFO:colcon.colcon_core.shell:Creating package script '/home/vedant/OdriveCANControl/install/odrive_control_py/share/odrive_control_py/package.bash'
[21.028s] INFO:colcon.colcon_core.shell:Creating package script '/home/vedant/OdriveCANControl/install/odrive_control_py/share/odrive_control_py/package.zsh'
[21.034s] Level 1:colcon.colcon_core.environment:create_file_with_runtime_dependencies(/home/vedant/OdriveCANControl/install/odrive_control_py/share/colcon-core/packages/odrive_control_py)
[21.846s] Level 1:colcon.colcon_core.environment:checking '/home/vedant/OdriveCANControl/install/controller' for CMake module files
[21.848s] DEBUG:colcon.colcon_core.event_handler.log_command:Invoked command in '/home/vedant/OdriveCANControl/src/controller' returned '0': AMENT_PREFIX_PATH=/home/vedant/OdriveCANControl/install/custom_msgs:${AMENT_PREFIX_PATH} CMAKE_PREFIX_PATH=/home/vedant/OdriveCANControl/install/custom_msgs LD_LIBRARY_PATH=/home/vedant/OdriveCANControl/install/custom_msgs/lib:${LD_LIBRARY_PATH} PYTHONPATH=/home/vedant/OdriveCANControl/build/controller/prefix_override:/usr/lib/python3/dist-packages/colcon_core/task/python/colcon_distutils_commands:/home/vedant/OdriveCANControl/install/controller/lib/python3.10/site-packages:/home/vedant/OdriveCANControl/install/custom_msgs/local/lib/python3.10/dist-packages:${PYTHONPATH} /usr/bin/python3 -W ignore:setup.py install is deprecated -W ignore:easy_install command is deprecated setup.py egg_info --egg-base ../../build/controller build --build-base /home/vedant/OdriveCANControl/build/controller/build install --record /home/vedant/OdriveCANControl/build/controller/install.log --single-version-externally-managed install_data
[21.854s] Level 1:colcon.colcon_core.environment:checking '/home/vedant/OdriveCANControl/install/controller' for CMake config files
[21.868s] Level 1:colcon.colcon_core.environment:checking '/home/vedant/OdriveCANControl/install/controller/lib'
[21.869s] Level 1:colcon.colcon_core.environment:checking '/home/vedant/OdriveCANControl/install/controller/bin'
[21.870s] Level 1:colcon.colcon_core.environment:checking '/home/vedant/OdriveCANControl/install/controller/lib/pkgconfig/controller.pc'
[21.872s] Level 1:colcon.colcon_core.environment:checking '/home/vedant/OdriveCANControl/install/controller/lib/python3.10/site-packages'
[21.873s] Level 1:colcon.colcon_core.shell:create_environment_hook('controller', 'pythonpath')
[21.875s] INFO:colcon.colcon_core.shell:Creating environment hook '/home/vedant/OdriveCANControl/install/controller/share/controller/hook/pythonpath.ps1'
[21.881s] INFO:colcon.colcon_core.shell:Creating environment descriptor '/home/vedant/OdriveCANControl/install/controller/share/controller/hook/pythonpath.dsv'
[21.885s] INFO:colcon.colcon_core.shell:Creating environment hook '/home/vedant/OdriveCANControl/install/controller/share/controller/hook/pythonpath.sh'
[21.891s] Level 1:colcon.colcon_core.environment:checking '/home/vedant/OdriveCANControl/install/controller/bin'
[21.892s] Level 1:colcon.colcon_core.environment:create_environment_scripts_only(controller)
[21.895s] INFO:colcon.colcon_core.shell:Creating package script '/home/vedant/OdriveCANControl/install/controller/share/controller/package.ps1'
[21.901s] INFO:colcon.colcon_core.shell:Creating package descriptor '/home/vedant/OdriveCANControl/install/controller/share/controller/package.dsv'
[21.907s] INFO:colcon.colcon_core.shell:Creating package script '/home/vedant/OdriveCANControl/install/controller/share/controller/package.sh'
[21.913s] INFO:colcon.colcon_core.shell:Creating package script '/home/vedant/OdriveCANControl/install/controller/share/controller/package.bash'
[21.917s] INFO:colcon.colcon_core.shell:Creating package script '/home/vedant/OdriveCANControl/install/controller/share/controller/package.zsh'
[21.922s] Level 1:colcon.colcon_core.environment:create_file_with_runtime_dependencies(/home/vedant/OdriveCANControl/install/controller/share/colcon-core/packages/controller)
[21.928s] INFO:colcon.colcon_ros.task.ament_cmake.build:Building ROS package in '/home/vedant/OdriveCANControl/src/robot_launch' with build type 'ament_cmake'
[21.930s] INFO:colcon.colcon_cmake.task.cmake.build:Building CMake package in '/home/vedant/OdriveCANControl/src/robot_launch'
[21.931s] INFO:colcon.colcon_core.shell:Skip shell extension 'powershell' for command environment: Not usable outside of PowerShell
[21.932s] DEBUG:colcon.colcon_core.shell:Skip shell extension 'dsv' for command environment
[22.015s] DEBUG:colcon.colcon_core.event_handler.log_command:Invoking command in '/home/vedant/OdriveCANControl/build/robot_launch': AMENT_PREFIX_PATH=/home/vedant/OdriveCANControl/install/controller:/home/vedant/OdriveCANControl/install/encoder:/home/vedant/OdriveCANControl/install/custom_msgs:${AMENT_PREFIX_PATH} CMAKE_PREFIX_PATH=/home/vedant/OdriveCANControl/install/custom_msgs:/opt/ros/humble LD_LIBRARY_PATH=/home/vedant/OdriveCANControl/install/custom_msgs/lib:${LD_LIBRARY_PATH} PYTHONPATH=/home/vedant/OdriveCANControl/install/controller/lib/python3.10/site-packages:/home/vedant/OdriveCANControl/install/encoder/lib/python3.10/site-packages:/home/vedant/OdriveCANControl/install/custom_msgs/local/lib/python3.10/dist-packages:${PYTHONPATH} /usr/bin/cmake --build /home/vedant/OdriveCANControl/build/robot_launch -- -j4 -l4
[25.774s] DEBUG:colcon.colcon_core.event_handler.log_command:Invoked command in '/home/vedant/OdriveCANControl/build/robot_launch' returned '0': AMENT_PREFIX_PATH=/home/vedant/OdriveCANControl/install/controller:/home/vedant/OdriveCANControl/install/encoder:/home/vedant/OdriveCANControl/install/custom_msgs:${AMENT_PREFIX_PATH} CMAKE_PREFIX_PATH=/home/vedant/OdriveCANControl/install/custom_msgs:/opt/ros/humble LD_LIBRARY_PATH=/home/vedant/OdriveCANControl/install/custom_msgs/lib:${LD_LIBRARY_PATH} PYTHONPATH=/home/vedant/OdriveCANControl/install/controller/lib/python3.10/site-packages:/home/vedant/OdriveCANControl/install/encoder/lib/python3.10/site-packages:/home/vedant/OdriveCANControl/install/custom_msgs/local/lib/python3.10/dist-packages:${PYTHONPATH} /usr/bin/cmake --build /home/vedant/OdriveCANControl/build/robot_launch -- -j4 -l4
[25.789s] DEBUG:colcon.colcon_core.event_handler.log_command:Invoking command in '/home/vedant/OdriveCANControl/build/robot_launch': AMENT_PREFIX_PATH=/home/vedant/OdriveCANControl/install/controller:/home/vedant/OdriveCANControl/install/encoder:/home/vedant/OdriveCANControl/install/custom_msgs:${AMENT_PREFIX_PATH} CMAKE_PREFIX_PATH=/home/vedant/OdriveCANControl/install/custom_msgs:/opt/ros/humble LD_LIBRARY_PATH=/home/vedant/OdriveCANControl/install/custom_msgs/lib:${LD_LIBRARY_PATH} PYTHONPATH=/home/vedant/OdriveCANControl/install/controller/lib/python3.10/site-packages:/home/vedant/OdriveCANControl/install/encoder/lib/python3.10/site-packages:/home/vedant/OdriveCANControl/install/custom_msgs/local/lib/python3.10/dist-packages:${PYTHONPATH} /usr/bin/cmake --install /home/vedant/OdriveCANControl/build/robot_launch
[25.833s] Level 1:colcon.colcon_core.environment:create_environment_scripts_only(robot_launch)
[25.834s] Level 1:colcon.colcon_core.environment:checking '/home/vedant/OdriveCANControl/install/robot_launch' for CMake module files
[25.836s] DEBUG:colcon.colcon_core.event_handler.log_command:Invoked command in '/home/vedant/OdriveCANControl/build/robot_launch' returned '0': AMENT_PREFIX_PATH=/home/vedant/OdriveCANControl/install/controller:/home/vedant/OdriveCANControl/install/encoder:/home/vedant/OdriveCANControl/install/custom_msgs:${AMENT_PREFIX_PATH} CMAKE_PREFIX_PATH=/home/vedant/OdriveCANControl/install/custom_msgs:/opt/ros/humble LD_LIBRARY_PATH=/home/vedant/OdriveCANControl/install/custom_msgs/lib:${LD_LIBRARY_PATH} PYTHONPATH=/home/vedant/OdriveCANControl/install/controller/lib/python3.10/site-packages:/home/vedant/OdriveCANControl/install/encoder/lib/python3.10/site-packages:/home/vedant/OdriveCANControl/install/custom_msgs/local/lib/python3.10/dist-packages:${PYTHONPATH} /usr/bin/cmake --install /home/vedant/OdriveCANControl/build/robot_launch
[25.838s] Level 1:colcon.colcon_core.environment:checking '/home/vedant/OdriveCANControl/install/robot_launch' for CMake config files
[25.840s] Level 1:colcon.colcon_core.shell:create_environment_hook('robot_launch', 'cmake_prefix_path')
[25.841s] INFO:colcon.colcon_core.shell:Creating environment hook '/home/vedant/OdriveCANControl/install/robot_launch/share/robot_launch/hook/cmake_prefix_path.ps1'
[25.844s] INFO:colcon.colcon_core.shell:Creating environment descriptor '/home/vedant/OdriveCANControl/install/robot_launch/share/robot_launch/hook/cmake_prefix_path.dsv'
[25.846s] INFO:colcon.colcon_core.shell:Creating environment hook '/home/vedant/OdriveCANControl/install/robot_launch/share/robot_launch/hook/cmake_prefix_path.sh'
[25.849s] Level 1:colcon.colcon_core.environment:checking '/home/vedant/OdriveCANControl/install/robot_launch/bin'
[25.850s] Level 1:colcon.colcon_core.environment:checking '/home/vedant/OdriveCANControl/install/robot_launch/lib/pkgconfig/robot_launch.pc'
[25.851s] Level 1:colcon.colcon_core.environment:checking '/home/vedant/OdriveCANControl/install/robot_launch/lib/python3.10/site-packages'
[25.852s] Level 1:colcon.colcon_core.environment:checking '/home/vedant/OdriveCANControl/install/robot_launch/bin'
[25.853s] INFO:colcon.colcon_core.shell:Creating package script '/home/vedant/OdriveCANControl/install/robot_launch/share/robot_launch/package.ps1'
[25.855s] INFO:colcon.colcon_core.shell:Creating package descriptor '/home/vedant/OdriveCANControl/install/robot_launch/share/robot_launch/package.dsv'
[25.858s] INFO:colcon.colcon_core.shell:Creating package script '/home/vedant/OdriveCANControl/install/robot_launch/share/robot_launch/package.sh'
[25.860s] INFO:colcon.colcon_core.shell:Creating package script '/home/vedant/OdriveCANControl/install/robot_launch/share/robot_launch/package.bash'
[25.862s] INFO:colcon.colcon_core.shell:Creating package script '/home/vedant/OdriveCANControl/install/robot_launch/share/robot_launch/package.zsh'
[25.863s] Level 1:colcon.colcon_core.environment:create_file_with_runtime_dependencies(/home/vedant/OdriveCANControl/install/robot_launch/share/colcon-core/packages/robot_launch)
[25.866s] Level 1:colcon.colcon_core.environment:create_environment_scripts_only(robot_launch)
[25.867s] Level 1:colcon.colcon_core.environment:checking '/home/vedant/OdriveCANControl/install/robot_launch' for CMake module files
[25.870s] Level 1:colcon.colcon_core.environment:checking '/home/vedant/OdriveCANControl/install/robot_launch' for CMake config files
[25.871s] Level 1:colcon.colcon_core.shell:create_environment_hook('robot_launch', 'cmake_prefix_path')
[25.872s] INFO:colcon.colcon_core.shell:Creating environment hook '/home/vedant/OdriveCANControl/install/robot_launch/share/robot_launch/hook/cmake_prefix_path.ps1'
[25.875s] INFO:colcon.colcon_core.shell:Creating environment descriptor '/home/vedant/OdriveCANControl/install/robot_launch/share/robot_launch/hook/cmake_prefix_path.dsv'
[25.877s] INFO:colcon.colcon_core.shell:Creating environment hook '/home/vedant/OdriveCANControl/install/robot_launch/share/robot_launch/hook/cmake_prefix_path.sh'
[25.880s] Level 1:colcon.colcon_core.environment:checking '/home/vedant/OdriveCANControl/install/robot_launch/bin'
[25.880s] Level 1:colcon.colcon_core.environment:checking '/home/vedant/OdriveCANControl/install/robot_launch/lib/pkgconfig/robot_launch.pc'
[25.881s] Level 1:colcon.colcon_core.environment:checking '/home/vedant/OdriveCANControl/install/robot_launch/lib/python3.10/site-packages'
[25.882s] Level 1:colcon.colcon_core.environment:checking '/home/vedant/OdriveCANControl/install/robot_launch/bin'
[25.884s] INFO:colcon.colcon_core.shell:Creating package script '/home/vedant/OdriveCANControl/install/robot_launch/share/robot_launch/package.ps1'
[25.886s] INFO:colcon.colcon_core.shell:Creating package descriptor '/home/vedant/OdriveCANControl/install/robot_launch/share/robot_launch/package.dsv'
[25.889s] INFO:colcon.colcon_core.shell:Creating package script '/home/vedant/OdriveCANControl/install/robot_launch/share/robot_launch/package.sh'
[25.891s] INFO:colcon.colcon_core.shell:Creating package script '/home/vedant/OdriveCANControl/install/robot_launch/share/robot_launch/package.bash'
[25.893s] INFO:colcon.colcon_core.shell:Creating package script '/home/vedant/OdriveCANControl/install/robot_launch/share/robot_launch/package.zsh'
[25.895s] Level 1:colcon.colcon_core.environment:create_file_with_runtime_dependencies(/home/vedant/OdriveCANControl/install/robot_launch/share/colcon-core/packages/robot_launch)
[25.897s] DEBUG:colcon.colcon_parallel_executor.executor.parallel:closing loop
[25.898s] DEBUG:colcon.colcon_parallel_executor.executor.parallel:loop closed
[25.898s] DEBUG:colcon.colcon_parallel_executor.executor.parallel:run_until_complete finished with '0'
[25.899s] DEBUG:colcon.colcon_core.event_reactor:joining thread
[25.945s] INFO:colcon.colcon_core.plugin_system:Skipping extension 'colcon_notification.desktop_notification.terminal_notifier': Not used on non-Darwin systems
[25.945s] INFO:colcon.colcon_core.plugin_system:Skipping extension 'colcon_notification.desktop_notification.win32': Not used on non-Windows systems
[25.946s] INFO:colcon.colcon_notification.desktop_notification:Sending desktop notification using 'notify2'
[25.999s] DEBUG:colcon.colcon_core.event_reactor:joined thread
[26.000s] INFO:colcon.colcon_core.shell:Creating prefix script '/home/vedant/OdriveCANControl/install/local_setup.ps1'
[26.008s] INFO:colcon.colcon_core.shell:Creating prefix util module '/home/vedant/OdriveCANControl/install/_local_setup_util_ps1.py'
[26.023s] INFO:colcon.colcon_core.shell:Creating prefix chain script '/home/vedant/OdriveCANControl/install/setup.ps1'
[26.032s] INFO:colcon.colcon_core.shell:Creating prefix script '/home/vedant/OdriveCANControl/install/local_setup.sh'
[26.041s] INFO:colcon.colcon_core.shell:Creating prefix util module '/home/vedant/OdriveCANControl/install/_local_setup_util_sh.py'
[26.046s] INFO:colcon.colcon_core.shell:Creating prefix chain script '/home/vedant/OdriveCANControl/install/setup.sh'
[26.055s] INFO:colcon.colcon_core.shell:Creating prefix script '/home/vedant/OdriveCANControl/install/local_setup.bash'
[26.062s] INFO:colcon.colcon_core.shell:Creating prefix chain script '/home/vedant/OdriveCANControl/install/setup.bash'
[26.071s] INFO:colcon.colcon_core.shell:Creating prefix script '/home/vedant/OdriveCANControl/install/local_setup.zsh'
[26.080s] INFO:colcon.colcon_core.shell:Creating prefix chain script '/home/vedant/OdriveCANControl/install/setup.zsh'
