[0.015s] Invoking command in '/home/vedant/gaitlab_ws/build/odrive_control_cpp': CMAKE_PREFIX_PATH=/home/vedant/gaitlab_ws/install/odrive_can:/home/vedant/gaitlab_ws/install/odrive_control:/home/vedant/gaitlab_ws/install/odrive_control_py:/opt/ros/humble /usr/bin/cmake /home/vedant/gaitlab_ws/src/odrive_control_cpp -DCMAKE_INSTALL_PREFIX=/home/vedant/gaitlab_ws/install/odrive_control_cpp
[0.297s] -- The C compiler identification is GNU 11.4.0
[0.523s] -- The CXX compiler identification is GNU 11.4.0
[0.541s] -- Detecting C compiler ABI info
[0.636s] -- Detecting C compiler ABI info - done
[0.646s] -- Check for working C compiler: /usr/bin/cc - skipped
[0.648s] -- Detecting C compile features
[0.649s] -- Detecting C compile features - done
[0.654s] -- Detecting CXX compiler ABI info
[0.762s] -- Detecting CXX compiler ABI info - done
[0.772s] -- Check for working CXX compiler: /usr/bin/c++ - skipped
[0.773s] -- Detecting CXX compile features
[0.774s] -- Detecting CXX compile features - done
[0.792s] -- Found ament_cmake: 1.3.9 (/opt/ros/humble/share/ament_cmake/cmake)
[1.010s] -- Found Python3: /usr/bin/python3 (found version "3.10.12") found components: Interpreter 
[1.187s] -- Found rclcpp: 16.0.9 (/opt/ros/humble/share/rclcpp/cmake)
[1.289s] -- Found rosidl_generator_c: 3.1.5 (/opt/ros/humble/share/rosidl_generator_c/cmake)
[1.298s] -- Found rosidl_adapter: 3.1.5 (/opt/ros/humble/share/rosidl_adapter/cmake)
[1.317s] -- Found rosidl_generator_cpp: 3.1.5 (/opt/ros/humble/share/rosidl_generator_cpp/cmake)
[1.348s] -- Using all available rosidl_typesupport_c: rosidl_typesupport_fastrtps_c;rosidl_typesupport_introspection_c
[1.384s] -- Using all available rosidl_typesupport_cpp: rosidl_typesupport_fastrtps_cpp;rosidl_typesupport_introspection_cpp
[1.513s] -- Found rmw_implementation_cmake: 6.1.2 (/opt/ros/humble/share/rmw_implementation_cmake/cmake)
[1.519s] -- Found rmw_cyclonedds_cpp: 1.3.4 (/opt/ros/humble/share/rmw_cyclonedds_cpp/cmake)
[1.588s] -- Using RMW implementation 'rmw_cyclonedds_cpp' as default
[1.611s] -- Looking for pthread.h
[1.707s] -- Looking for pthread.h - found
[1.708s] -- Performing Test CMAKE_HAVE_LIBC_PTHREAD
[1.802s] -- Performing Test CMAKE_HAVE_LIBC_PTHREAD - Success
[1.804s] -- Found Threads: TRUE  
[2.063s] -- Found odrive_can: 0.0.1 (/home/vedant/gaitlab_ws/install/odrive_can/share/odrive_can/cmake)
[2.095s] -- Found ament_lint_auto: 0.12.11 (/opt/ros/humble/share/ament_lint_auto/cmake)
[2.245s] -- Added test 'cppcheck' to perform static code analysis on C / C++ code
[2.246s] -- Configured cppcheck include dirs: 
[2.246s] -- Configured cppcheck exclude dirs and/or files: 
[2.247s] -- Added test 'lint_cmake' to check CMake code style
[2.249s] -- Added test 'uncrustify' to check C / C++ code style
[2.250s] -- Configured uncrustify additional arguments: 
[2.251s] -- Added test 'xmllint' to check XML markup files
[2.253s] -- Configuring done
[2.264s] -- Generating done
[2.266s] -- Build files have been written to: /home/vedant/gaitlab_ws/build/odrive_control_cpp
[2.277s] Invoked command in '/home/vedant/gaitlab_ws/build/odrive_control_cpp' returned '0': CMAKE_PREFIX_PATH=/home/vedant/gaitlab_ws/install/odrive_can:/home/vedant/gaitlab_ws/install/odrive_control:/home/vedant/gaitlab_ws/install/odrive_control_py:/opt/ros/humble /usr/bin/cmake /home/vedant/gaitlab_ws/src/odrive_control_cpp -DCMAKE_INSTALL_PREFIX=/home/vedant/gaitlab_ws/install/odrive_control_cpp
[2.279s] Invoking command in '/home/vedant/gaitlab_ws/build/odrive_control_cpp': CMAKE_PREFIX_PATH=/home/vedant/gaitlab_ws/install/odrive_can:/home/vedant/gaitlab_ws/install/odrive_control:/home/vedant/gaitlab_ws/install/odrive_control_py:/opt/ros/humble /usr/bin/cmake --build /home/vedant/gaitlab_ws/build/odrive_control_cpp -- -j4 -l4
[2.346s] [ 50%] [32mBuilding CXX object CMakeFiles/control_node.dir/src/control_node.cpp.o[0m
[14.740s] [100%] [32m[1mLinking CXX executable control_node[0m
[15.394s] [100%] Built target control_node
[15.409s] Invoked command in '/home/vedant/gaitlab_ws/build/odrive_control_cpp' returned '0': CMAKE_PREFIX_PATH=/home/vedant/gaitlab_ws/install/odrive_can:/home/vedant/gaitlab_ws/install/odrive_control:/home/vedant/gaitlab_ws/install/odrive_control_py:/opt/ros/humble /usr/bin/cmake --build /home/vedant/gaitlab_ws/build/odrive_control_cpp -- -j4 -l4
[15.450s] Invoking command in '/home/vedant/gaitlab_ws/build/odrive_control_cpp': CMAKE_PREFIX_PATH=/home/vedant/gaitlab_ws/install/odrive_can:/home/vedant/gaitlab_ws/install/odrive_control:/home/vedant/gaitlab_ws/install/odrive_control_py:/opt/ros/humble /usr/bin/cmake --install /home/vedant/gaitlab_ws/build/odrive_control_cpp
[15.459s] -- Install configuration: ""
[15.459s] -- Installing: /home/vedant/gaitlab_ws/install/odrive_control_cpp/lib/odrive_control_cpp/control_node
[15.464s] -- Set runtime path of "/home/vedant/gaitlab_ws/install/odrive_control_cpp/lib/odrive_control_cpp/control_node" to ""
[15.464s] -- Installing: /home/vedant/gaitlab_ws/install/odrive_control_cpp/share/ament_index/resource_index/package_run_dependencies/odrive_control_cpp
[15.464s] -- Installing: /home/vedant/gaitlab_ws/install/odrive_control_cpp/share/ament_index/resource_index/parent_prefix_path/odrive_control_cpp
[15.464s] -- Installing: /home/vedant/gaitlab_ws/install/odrive_control_cpp/share/odrive_control_cpp/environment/ament_prefix_path.sh
[15.464s] -- Installing: /home/vedant/gaitlab_ws/install/odrive_control_cpp/share/odrive_control_cpp/environment/ament_prefix_path.dsv
[15.465s] -- Installing: /home/vedant/gaitlab_ws/install/odrive_control_cpp/share/odrive_control_cpp/environment/path.sh
[15.465s] -- Installing: /home/vedant/gaitlab_ws/install/odrive_control_cpp/share/odrive_control_cpp/environment/path.dsv
[15.465s] -- Installing: /home/vedant/gaitlab_ws/install/odrive_control_cpp/share/odrive_control_cpp/local_setup.bash
[15.465s] -- Installing: /home/vedant/gaitlab_ws/install/odrive_control_cpp/share/odrive_control_cpp/local_setup.sh
[15.465s] -- Installing: /home/vedant/gaitlab_ws/install/odrive_control_cpp/share/odrive_control_cpp/local_setup.zsh
[15.466s] -- Installing: /home/vedant/gaitlab_ws/install/odrive_control_cpp/share/odrive_control_cpp/local_setup.dsv
[15.466s] -- Installing: /home/vedant/gaitlab_ws/install/odrive_control_cpp/share/odrive_control_cpp/package.dsv
[15.466s] -- Installing: /home/vedant/gaitlab_ws/install/odrive_control_cpp/share/ament_index/resource_index/packages/odrive_control_cpp
[15.466s] -- Installing: /home/vedant/gaitlab_ws/install/odrive_control_cpp/share/odrive_control_cpp/cmake/odrive_control_cppConfig.cmake
[15.466s] -- Installing: /home/vedant/gaitlab_ws/install/odrive_control_cpp/share/odrive_control_cpp/cmake/odrive_control_cppConfig-version.cmake
[15.466s] -- Installing: /home/vedant/gaitlab_ws/install/odrive_control_cpp/share/odrive_control_cpp/package.xml
[15.469s] Invoked command in '/home/vedant/gaitlab_ws/build/odrive_control_cpp' returned '0': CMAKE_PREFIX_PATH=/home/vedant/gaitlab_ws/install/odrive_can:/home/vedant/gaitlab_ws/install/odrive_control:/home/vedant/gaitlab_ws/install/odrive_control_py:/opt/ros/humble /usr/bin/cmake --install /home/vedant/gaitlab_ws/build/odrive_control_cpp
