[0.037s] Invoking command in '/home/vedant/gaitlab_ws/build/odrive_can': CMAKE_PREFIX_PATH=${CMAKE_PREFIX_PATH}:/opt/ros/humble /usr/bin/cmake --build /home/vedant/gaitlab_ws/build/odrive_can -- -j4 -l4
[0.111s] [35m[1mConsolidate compiler generated dependencies of target odrive_can__rosidl_generator_c[0m
[0.143s] [ 10%] Built target odrive_can__rosidl_generator_c
[0.145s] [ 11%] Built target odrive_can__cpp
[0.170s] [ 11%] Built target ament_cmake_python_copy_odrive_can
[0.172s] [35m[1mConsolidate compiler generated dependencies of target odrive_can__rosidl_typesupport_fastrtps_c[0m
[0.175s] [35m[1mConsolidate compiler generated dependencies of target odrive_can__rosidl_typesupport_introspection_c[0m
[0.181s] [35m[1mConsolidate compiler generated dependencies of target odrive_can__rosidl_typesupport_fastrtps_cpp[0m
[0.194s] [35m[1mConsolidate compiler generated dependencies of target odrive_can__rosidl_typesupport_c[0m
[0.199s] [ 21%] Built target odrive_can__rosidl_typesupport_fastrtps_c
[0.220s] [ 31%] Built target odrive_can__rosidl_typesupport_fastrtps_cpp
[0.223s] [ 41%] Built target odrive_can__rosidl_typesupport_c
[0.231s] [35m[1mConsolidate compiler generated dependencies of target odrive_can__rosidl_typesupport_introspection_cpp[0m
[0.234s] [ 51%] Built target odrive_can__rosidl_typesupport_introspection_c
[0.263s] [35m[1mConsolidate compiler generated dependencies of target odrive_can__rosidl_typesupport_cpp[0m
[0.273s] [ 61%] Built target odrive_can__rosidl_typesupport_introspection_cpp
[0.288s] [ 71%] Built target odrive_can__rosidl_typesupport_cpp
[0.322s] [35m[1mConsolidate compiler generated dependencies of target odrive_can_node[0m
[0.337s] [ 71%] Built target odrive_can
[0.369s] [ 80%] Built target odrive_can_node
[0.401s] [ 81%] Built target odrive_can__py
[0.445s] [35m[1mConsolidate compiler generated dependencies of target odrive_can__rosidl_generator_py[0m
[0.488s] [ 90%] Built target odrive_can__rosidl_generator_py
[0.509s] [35m[1mConsolidate compiler generated dependencies of target odrive_can__rosidl_typesupport_c__pyext[0m
[0.519s] [35m[1mConsolidate compiler generated dependencies of target odrive_can__rosidl_typesupport_introspection_c__pyext[0m
[0.525s] [35m[1mConsolidate compiler generated dependencies of target odrive_can__rosidl_typesupport_fastrtps_c__pyext[0m
[0.539s] [ 93%] Built target odrive_can__rosidl_typesupport_c__pyext
[0.565s] [ 96%] Built target odrive_can__rosidl_typesupport_fastrtps_c__pyext
[0.568s] [100%] Built target odrive_can__rosidl_typesupport_introspection_c__pyext
[0.892s] running egg_info
[0.894s] writing odrive_can.egg-info/PKG-INFO
[0.895s] writing dependency_links to odrive_can.egg-info/dependency_links.txt
[0.896s] writing top-level names to odrive_can.egg-info/top_level.txt
[0.901s] reading manifest file 'odrive_can.egg-info/SOURCES.txt'
[0.903s] writing manifest file 'odrive_can.egg-info/SOURCES.txt'
[0.971s] [100%] Built target ament_cmake_python_build_odrive_can_egg
[0.996s] Invoked command in '/home/vedant/gaitlab_ws/build/odrive_can' returned '0': CMAKE_PREFIX_PATH=${CMAKE_PREFIX_PATH}:/opt/ros/humble /usr/bin/cmake --build /home/vedant/gaitlab_ws/build/odrive_can -- -j4 -l4
[1.239s] Invoking command in '/home/vedant/gaitlab_ws/build/odrive_can': CMAKE_PREFIX_PATH=${CMAKE_PREFIX_PATH}:/opt/ros/humble /usr/bin/cmake --install /home/vedant/gaitlab_ws/build/odrive_can
[1.255s] -- Install configuration: ""
[1.258s] -- Up-to-date: /home/vedant/gaitlab_ws/install/odrive_can/share/ament_index/resource_index/rosidl_interfaces/odrive_can
[1.258s] -- Up-to-date: /home/vedant/gaitlab_ws/install/odrive_can/include/odrive_can/odrive_can
[1.258s] -- Up-to-date: /home/vedant/gaitlab_ws/install/odrive_can/include/odrive_can/odrive_can/msg
[1.259s] -- Up-to-date: /home/vedant/gaitlab_ws/install/odrive_can/include/odrive_can/odrive_can/msg/detail
[1.259s] -- Up-to-date: /home/vedant/gaitlab_ws/install/odrive_can/include/odrive_can/odrive_can/msg/detail/controller_status__functions.c
[1.259s] -- Up-to-date: /home/vedant/gaitlab_ws/install/odrive_can/include/odrive_can/odrive_can/msg/detail/o_drive_status__struct.h
[1.259s] -- Up-to-date: /home/vedant/gaitlab_ws/install/odrive_can/include/odrive_can/odrive_can/msg/detail/o_drive_status__functions.c
[1.259s] -- Up-to-date: /home/vedant/gaitlab_ws/install/odrive_can/include/odrive_can/odrive_can/msg/detail/o_drive_status__functions.h
[1.260s] -- Up-to-date: /home/vedant/gaitlab_ws/install/odrive_can/include/odrive_can/odrive_can/msg/detail/controller_status__struct.h
[1.260s] -- Up-to-date: /home/vedant/gaitlab_ws/install/odrive_can/include/odrive_can/odrive_can/msg/detail/controller_status__type_support.h
[1.260s] -- Up-to-date: /home/vedant/gaitlab_ws/install/odrive_can/include/odrive_can/odrive_can/msg/detail/control_message__type_support.h
[1.260s] -- Up-to-date: /home/vedant/gaitlab_ws/install/odrive_can/include/odrive_can/odrive_can/msg/detail/o_drive_status__type_support.h
[1.260s] -- Up-to-date: /home/vedant/gaitlab_ws/install/odrive_can/include/odrive_can/odrive_can/msg/detail/control_message__functions.h
[1.260s] -- Up-to-date: /home/vedant/gaitlab_ws/install/odrive_can/include/odrive_can/odrive_can/msg/detail/control_message__struct.h
[1.261s] -- Up-to-date: /home/vedant/gaitlab_ws/install/odrive_can/include/odrive_can/odrive_can/msg/detail/control_message__functions.c
[1.263s] -- Up-to-date: /home/vedant/gaitlab_ws/install/odrive_can/include/odrive_can/odrive_can/msg/detail/controller_status__functions.h
[1.263s] -- Up-to-date: /home/vedant/gaitlab_ws/install/odrive_can/include/odrive_can/odrive_can/msg/controller_status.h
[1.263s] -- Up-to-date: /home/vedant/gaitlab_ws/install/odrive_can/include/odrive_can/odrive_can/msg/rosidl_generator_c__visibility_control.h
[1.264s] -- Up-to-date: /home/vedant/gaitlab_ws/install/odrive_can/include/odrive_can/odrive_can/msg/o_drive_status.h
[1.264s] -- Up-to-date: /home/vedant/gaitlab_ws/install/odrive_can/include/odrive_can/odrive_can/msg/control_message.h
[1.265s] -- Up-to-date: /home/vedant/gaitlab_ws/install/odrive_can/include/odrive_can/odrive_can/srv
[1.265s] -- Up-to-date: /home/vedant/gaitlab_ws/install/odrive_can/include/odrive_can/odrive_can/srv/detail
[1.267s] -- Up-to-date: /home/vedant/gaitlab_ws/install/odrive_can/include/odrive_can/odrive_can/srv/detail/axis_state__type_support.h
[1.267s] -- Up-to-date: /home/vedant/gaitlab_ws/install/odrive_can/include/odrive_can/odrive_can/srv/detail/axis_state__functions.c
[1.267s] -- Up-to-date: /home/vedant/gaitlab_ws/install/odrive_can/include/odrive_can/odrive_can/srv/detail/axis_state__functions.h
[1.267s] -- Up-to-date: /home/vedant/gaitlab_ws/install/odrive_can/include/odrive_can/odrive_can/srv/detail/axis_state__struct.h
[1.267s] -- Up-to-date: /home/vedant/gaitlab_ws/install/odrive_can/include/odrive_can/odrive_can/srv/axis_state.h
[1.268s] -- Up-to-date: /home/vedant/gaitlab_ws/install/odrive_can/share/odrive_can/environment/library_path.sh
[1.268s] -- Up-to-date: /home/vedant/gaitlab_ws/install/odrive_can/share/odrive_can/environment/library_path.dsv
[1.268s] -- Up-to-date: /home/vedant/gaitlab_ws/install/odrive_can/lib/libodrive_can__rosidl_generator_c.so
[1.268s] -- Up-to-date: /home/vedant/gaitlab_ws/install/odrive_can/include/odrive_can/odrive_can
[1.268s] -- Up-to-date: /home/vedant/gaitlab_ws/install/odrive_can/include/odrive_can/odrive_can/msg
[1.268s] -- Up-to-date: /home/vedant/gaitlab_ws/install/odrive_can/include/odrive_can/odrive_can/msg/detail
[1.268s] -- Up-to-date: /home/vedant/gaitlab_ws/install/odrive_can/include/odrive_can/odrive_can/msg/detail/controller_status__rosidl_typesupport_fastrtps_c.h
[1.269s] -- Up-to-date: /home/vedant/gaitlab_ws/install/odrive_can/include/odrive_can/odrive_can/msg/detail/control_message__rosidl_typesupport_fastrtps_c.h
[1.269s] -- Up-to-date: /home/vedant/gaitlab_ws/install/odrive_can/include/odrive_can/odrive_can/msg/detail/o_drive_status__rosidl_typesupport_fastrtps_c.h
[1.269s] -- Up-to-date: /home/vedant/gaitlab_ws/install/odrive_can/include/odrive_can/odrive_can/msg/rosidl_typesupport_fastrtps_c__visibility_control.h
[1.269s] -- Up-to-date: /home/vedant/gaitlab_ws/install/odrive_can/include/odrive_can/odrive_can/srv
[1.270s] -- Up-to-date: /home/vedant/gaitlab_ws/install/odrive_can/include/odrive_can/odrive_can/srv/detail
[1.271s] -- Up-to-date: /home/vedant/gaitlab_ws/install/odrive_can/include/odrive_can/odrive_can/srv/detail/axis_state__rosidl_typesupport_fastrtps_c.h
[1.272s] -- Up-to-date: /home/vedant/gaitlab_ws/install/odrive_can/lib/libodrive_can__rosidl_typesupport_fastrtps_c.so
[1.272s] -- Up-to-date: /home/vedant/gaitlab_ws/install/odrive_can/include/odrive_can/odrive_can
[1.272s] -- Up-to-date: /home/vedant/gaitlab_ws/install/odrive_can/include/odrive_can/odrive_can/msg
[1.272s] -- Up-to-date: /home/vedant/gaitlab_ws/install/odrive_can/include/odrive_can/odrive_can/msg/o_drive_status.hpp
[1.272s] -- Up-to-date: /home/vedant/gaitlab_ws/install/odrive_can/include/odrive_can/odrive_can/msg/control_message.hpp
[1.272s] -- Up-to-date: /home/vedant/gaitlab_ws/install/odrive_can/include/odrive_can/odrive_can/msg/controller_status.hpp
[1.273s] -- Up-to-date: /home/vedant/gaitlab_ws/install/odrive_can/include/odrive_can/odrive_can/msg/detail
[1.273s] -- Up-to-date: /home/vedant/gaitlab_ws/install/odrive_can/include/odrive_can/odrive_can/msg/detail/o_drive_status__builder.hpp
[1.273s] -- Up-to-date: /home/vedant/gaitlab_ws/install/odrive_can/include/odrive_can/odrive_can/msg/detail/o_drive_status__struct.hpp
[1.273s] -- Up-to-date: /home/vedant/gaitlab_ws/install/odrive_can/include/odrive_can/odrive_can/msg/detail/control_message__struct.hpp
[1.273s] -- Up-to-date: /home/vedant/gaitlab_ws/install/odrive_can/include/odrive_can/odrive_can/msg/detail/control_message__traits.hpp
[1.273s] -- Up-to-date: /home/vedant/gaitlab_ws/install/odrive_can/include/odrive_can/odrive_can/msg/detail/controller_status__traits.hpp
[1.273s] -- Up-to-date: /home/vedant/gaitlab_ws/install/odrive_can/include/odrive_can/odrive_can/msg/detail/control_message__builder.hpp
[1.273s] -- Up-to-date: /home/vedant/gaitlab_ws/install/odrive_can/include/odrive_can/odrive_can/msg/detail/o_drive_status__traits.hpp
[1.273s] -- Up-to-date: /home/vedant/gaitlab_ws/install/odrive_can/include/odrive_can/odrive_can/msg/detail/controller_status__builder.hpp
[1.274s] -- Up-to-date: /home/vedant/gaitlab_ws/install/odrive_can/include/odrive_can/odrive_can/msg/detail/controller_status__struct.hpp
[1.274s] -- Up-to-date: /home/vedant/gaitlab_ws/install/odrive_can/include/odrive_can/odrive_can/srv
[1.274s] -- Up-to-date: /home/vedant/gaitlab_ws/install/odrive_can/include/odrive_can/odrive_can/srv/axis_state.hpp
[1.274s] -- Up-to-date: /home/vedant/gaitlab_ws/install/odrive_can/include/odrive_can/odrive_can/srv/detail
[1.276s] -- Up-to-date: /home/vedant/gaitlab_ws/install/odrive_can/include/odrive_can/odrive_can/srv/detail/axis_state__traits.hpp
[1.277s] -- Up-to-date: /home/vedant/gaitlab_ws/install/odrive_can/include/odrive_can/odrive_can/srv/detail/axis_state__struct.hpp
[1.277s] -- Up-to-date: /home/vedant/gaitlab_ws/install/odrive_can/include/odrive_can/odrive_can/srv/detail/axis_state__builder.hpp
[1.277s] -- Up-to-date: /home/vedant/gaitlab_ws/install/odrive_can/include/odrive_can/odrive_can
[1.277s] -- Up-to-date: /home/vedant/gaitlab_ws/install/odrive_can/include/odrive_can/odrive_can/msg
[1.277s] -- Up-to-date: /home/vedant/gaitlab_ws/install/odrive_can/include/odrive_can/odrive_can/msg/detail
[1.277s] -- Up-to-date: /home/vedant/gaitlab_ws/install/odrive_can/include/odrive_can/odrive_can/msg/detail/control_message__rosidl_typesupport_fastrtps_cpp.hpp
[1.277s] -- Up-to-date: /home/vedant/gaitlab_ws/install/odrive_can/include/odrive_can/odrive_can/msg/detail/o_drive_status__rosidl_typesupport_fastrtps_cpp.hpp
[1.277s] -- Up-to-date: /home/vedant/gaitlab_ws/install/odrive_can/include/odrive_can/odrive_can/msg/detail/dds_fastrtps
[1.278s] -- Up-to-date: /home/vedant/gaitlab_ws/install/odrive_can/include/odrive_can/odrive_can/msg/detail/controller_status__rosidl_typesupport_fastrtps_cpp.hpp
[1.278s] -- Up-to-date: /home/vedant/gaitlab_ws/install/odrive_can/include/odrive_can/odrive_can/msg/rosidl_typesupport_fastrtps_cpp__visibility_control.h
[1.278s] -- Up-to-date: /home/vedant/gaitlab_ws/install/odrive_can/include/odrive_can/odrive_can/srv
[1.278s] -- Up-to-date: /home/vedant/gaitlab_ws/install/odrive_can/include/odrive_can/odrive_can/srv/detail
[1.278s] -- Up-to-date: /home/vedant/gaitlab_ws/install/odrive_can/include/odrive_can/odrive_can/srv/detail/axis_state__rosidl_typesupport_fastrtps_cpp.hpp
[1.278s] -- Up-to-date: /home/vedant/gaitlab_ws/install/odrive_can/include/odrive_can/odrive_can/srv/detail/dds_fastrtps
[1.278s] -- Up-to-date: /home/vedant/gaitlab_ws/install/odrive_can/lib/libodrive_can__rosidl_typesupport_fastrtps_cpp.so
[1.278s] -- Up-to-date: /home/vedant/gaitlab_ws/install/odrive_can/include/odrive_can/odrive_can
[1.279s] -- Up-to-date: /home/vedant/gaitlab_ws/install/odrive_can/include/odrive_can/odrive_can/msg
[1.279s] -- Up-to-date: /home/vedant/gaitlab_ws/install/odrive_can/include/odrive_can/odrive_can/msg/rosidl_typesupport_introspection_c__visibility_control.h
[1.279s] -- Up-to-date: /home/vedant/gaitlab_ws/install/odrive_can/include/odrive_can/odrive_can/msg/detail
[1.279s] -- Up-to-date: /home/vedant/gaitlab_ws/install/odrive_can/include/odrive_can/odrive_can/msg/detail/o_drive_status__type_support.c
[1.280s] -- Up-to-date: /home/vedant/gaitlab_ws/install/odrive_can/include/odrive_can/odrive_can/msg/detail/control_message__type_support.c
[1.281s] -- Up-to-date: /home/vedant/gaitlab_ws/install/odrive_can/include/odrive_can/odrive_can/msg/detail/controller_status__rosidl_typesupport_introspection_c.h
[1.282s] -- Up-to-date: /home/vedant/gaitlab_ws/install/odrive_can/include/odrive_can/odrive_can/msg/detail/o_drive_status__rosidl_typesupport_introspection_c.h
[1.282s] -- Up-to-date: /home/vedant/gaitlab_ws/install/odrive_can/include/odrive_can/odrive_can/msg/detail/controller_status__type_support.c
[1.283s] -- Up-to-date: /home/vedant/gaitlab_ws/install/odrive_can/include/odrive_can/odrive_can/msg/detail/control_message__rosidl_typesupport_introspection_c.h
[1.283s] -- Up-to-date: /home/vedant/gaitlab_ws/install/odrive_can/include/odrive_can/odrive_can/srv
[1.283s] -- Up-to-date: /home/vedant/gaitlab_ws/install/odrive_can/include/odrive_can/odrive_can/srv/detail
[1.284s] -- Up-to-date: /home/vedant/gaitlab_ws/install/odrive_can/include/odrive_can/odrive_can/srv/detail/axis_state__rosidl_typesupport_introspection_c.h
[1.284s] -- Up-to-date: /home/vedant/gaitlab_ws/install/odrive_can/include/odrive_can/odrive_can/srv/detail/axis_state__type_support.c
[1.284s] -- Up-to-date: /home/vedant/gaitlab_ws/install/odrive_can/lib/libodrive_can__rosidl_typesupport_introspection_c.so
[1.284s] -- Up-to-date: /home/vedant/gaitlab_ws/install/odrive_can/lib/libodrive_can__rosidl_typesupport_c.so
[1.284s] -- Up-to-date: /home/vedant/gaitlab_ws/install/odrive_can/include/odrive_can/odrive_can
[1.284s] -- Up-to-date: /home/vedant/gaitlab_ws/install/odrive_can/include/odrive_can/odrive_can/msg
[1.284s] -- Up-to-date: /home/vedant/gaitlab_ws/install/odrive_can/include/odrive_can/odrive_can/msg/detail
[1.284s] -- Up-to-date: /home/vedant/gaitlab_ws/install/odrive_can/include/odrive_can/odrive_can/msg/detail/controller_status__type_support.cpp
[1.285s] -- Up-to-date: /home/vedant/gaitlab_ws/install/odrive_can/include/odrive_can/odrive_can/msg/detail/control_message__rosidl_typesupport_introspection_cpp.hpp
[1.285s] -- Up-to-date: /home/vedant/gaitlab_ws/install/odrive_can/include/odrive_can/odrive_can/msg/detail/o_drive_status__rosidl_typesupport_introspection_cpp.hpp
[1.285s] -- Up-to-date: /home/vedant/gaitlab_ws/install/odrive_can/include/odrive_can/odrive_can/msg/detail/o_drive_status__type_support.cpp
[1.285s] -- Up-to-date: /home/vedant/gaitlab_ws/install/odrive_can/include/odrive_can/odrive_can/msg/detail/controller_status__rosidl_typesupport_introspection_cpp.hpp
[1.285s] -- Up-to-date: /home/vedant/gaitlab_ws/install/odrive_can/include/odrive_can/odrive_can/msg/detail/control_message__type_support.cpp
[1.288s] -- Up-to-date: /home/vedant/gaitlab_ws/install/odrive_can/include/odrive_can/odrive_can/srv
[1.288s] -- Up-to-date: /home/vedant/gaitlab_ws/install/odrive_can/include/odrive_can/odrive_can/srv/detail
[1.288s] -- Up-to-date: /home/vedant/gaitlab_ws/install/odrive_can/include/odrive_can/odrive_can/srv/detail/axis_state__type_support.cpp
[1.288s] -- Up-to-date: /home/vedant/gaitlab_ws/install/odrive_can/include/odrive_can/odrive_can/srv/detail/axis_state__rosidl_typesupport_introspection_cpp.hpp
[1.288s] -- Up-to-date: /home/vedant/gaitlab_ws/install/odrive_can/lib/libodrive_can__rosidl_typesupport_introspection_cpp.so
[1.288s] -- Up-to-date: /home/vedant/gaitlab_ws/install/odrive_can/lib/libodrive_can__rosidl_typesupport_cpp.so
[1.288s] -- Up-to-date: /home/vedant/gaitlab_ws/install/odrive_can/share/odrive_can/environment/pythonpath.sh
[1.289s] -- Up-to-date: /home/vedant/gaitlab_ws/install/odrive_can/share/odrive_can/environment/pythonpath.dsv
[1.289s] -- Up-to-date: /home/vedant/gaitlab_ws/install/odrive_can/local/lib/python3.10/dist-packages/odrive_can-0.0.1-py3.10.egg-info
[1.289s] -- Installing: /home/vedant/gaitlab_ws/install/odrive_can/local/lib/python3.10/dist-packages/odrive_can-0.0.1-py3.10.egg-info/SOURCES.txt
[1.289s] -- Installing: /home/vedant/gaitlab_ws/install/odrive_can/local/lib/python3.10/dist-packages/odrive_can-0.0.1-py3.10.egg-info/dependency_links.txt
[1.289s] -- Installing: /home/vedant/gaitlab_ws/install/odrive_can/local/lib/python3.10/dist-packages/odrive_can-0.0.1-py3.10.egg-info/PKG-INFO
[1.289s] -- Installing: /home/vedant/gaitlab_ws/install/odrive_can/local/lib/python3.10/dist-packages/odrive_can-0.0.1-py3.10.egg-info/top_level.txt
[1.291s] -- Up-to-date: /home/vedant/gaitlab_ws/install/odrive_can/local/lib/python3.10/dist-packages/odrive_can
[1.291s] -- Up-to-date: /home/vedant/gaitlab_ws/install/odrive_can/local/lib/python3.10/dist-packages/odrive_can/_odrive_can_s.ep.rosidl_typesupport_c.c
[1.291s] -- Up-to-date: /home/vedant/gaitlab_ws/install/odrive_can/local/lib/python3.10/dist-packages/odrive_can/libodrive_can__rosidl_generator_py.so
[1.291s] -- Up-to-date: /home/vedant/gaitlab_ws/install/odrive_can/local/lib/python3.10/dist-packages/odrive_can/odrive_can_s__rosidl_typesupport_c.cpython-310-x86_64-linux-gnu.so
[1.291s] -- Up-to-date: /home/vedant/gaitlab_ws/install/odrive_can/local/lib/python3.10/dist-packages/odrive_can/__init__.py
[1.292s] -- Up-to-date: /home/vedant/gaitlab_ws/install/odrive_can/local/lib/python3.10/dist-packages/odrive_can/odrive_can_s__rosidl_typesupport_introspection_c.cpython-310-x86_64-linux-gnu.so
[1.292s] -- Up-to-date: /home/vedant/gaitlab_ws/install/odrive_can/local/lib/python3.10/dist-packages/odrive_can/msg
[1.292s] -- Up-to-date: /home/vedant/gaitlab_ws/install/odrive_can/local/lib/python3.10/dist-packages/odrive_can/msg/_o_drive_status_s.c
[1.292s] -- Up-to-date: /home/vedant/gaitlab_ws/install/odrive_can/local/lib/python3.10/dist-packages/odrive_can/msg/_control_message.py
[1.292s] -- Up-to-date: /home/vedant/gaitlab_ws/install/odrive_can/local/lib/python3.10/dist-packages/odrive_can/msg/__init__.py
[1.292s] -- Up-to-date: /home/vedant/gaitlab_ws/install/odrive_can/local/lib/python3.10/dist-packages/odrive_can/msg/_controller_status_s.c
[1.292s] -- Up-to-date: /home/vedant/gaitlab_ws/install/odrive_can/local/lib/python3.10/dist-packages/odrive_can/msg/_control_message_s.c
[1.292s] -- Up-to-date: /home/vedant/gaitlab_ws/install/odrive_can/local/lib/python3.10/dist-packages/odrive_can/msg/_controller_status.py
[1.293s] -- Up-to-date: /home/vedant/gaitlab_ws/install/odrive_can/local/lib/python3.10/dist-packages/odrive_can/msg/_o_drive_status.py
[1.293s] -- Up-to-date: /home/vedant/gaitlab_ws/install/odrive_can/local/lib/python3.10/dist-packages/odrive_can/odrive_can_s__rosidl_typesupport_fastrtps_c.cpython-310-x86_64-linux-gnu.so
[1.293s] -- Up-to-date: /home/vedant/gaitlab_ws/install/odrive_can/local/lib/python3.10/dist-packages/odrive_can/_odrive_can_s.ep.rosidl_typesupport_fastrtps_c.c
[1.293s] -- Up-to-date: /home/vedant/gaitlab_ws/install/odrive_can/local/lib/python3.10/dist-packages/odrive_can/_odrive_can_s.ep.rosidl_typesupport_introspection_c.c
[1.293s] -- Up-to-date: /home/vedant/gaitlab_ws/install/odrive_can/local/lib/python3.10/dist-packages/odrive_can/srv
[1.293s] -- Up-to-date: /home/vedant/gaitlab_ws/install/odrive_can/local/lib/python3.10/dist-packages/odrive_can/srv/_axis_state_s.c
[1.293s] -- Up-to-date: /home/vedant/gaitlab_ws/install/odrive_can/local/lib/python3.10/dist-packages/odrive_can/srv/__init__.py
[1.293s] -- Up-to-date: /home/vedant/gaitlab_ws/install/odrive_can/local/lib/python3.10/dist-packages/odrive_can/srv/_axis_state.py
[1.323s] Listing '/home/vedant/gaitlab_ws/install/odrive_can/local/lib/python3.10/dist-packages/odrive_can'...
[1.323s] Listing '/home/vedant/gaitlab_ws/install/odrive_can/local/lib/python3.10/dist-packages/odrive_can/msg'...
[1.323s] Listing '/home/vedant/gaitlab_ws/install/odrive_can/local/lib/python3.10/dist-packages/odrive_can/srv'...
[1.333s] -- Up-to-date: /home/vedant/gaitlab_ws/install/odrive_can/local/lib/python3.10/dist-packages/odrive_can/odrive_can_s__rosidl_typesupport_fastrtps_c.cpython-310-x86_64-linux-gnu.so
[1.333s] -- Up-to-date: /home/vedant/gaitlab_ws/install/odrive_can/local/lib/python3.10/dist-packages/odrive_can/odrive_can_s__rosidl_typesupport_introspection_c.cpython-310-x86_64-linux-gnu.so
[1.333s] -- Up-to-date: /home/vedant/gaitlab_ws/install/odrive_can/local/lib/python3.10/dist-packages/odrive_can/odrive_can_s__rosidl_typesupport_c.cpython-310-x86_64-linux-gnu.so
[1.334s] -- Up-to-date: /home/vedant/gaitlab_ws/install/odrive_can/lib/libodrive_can__rosidl_generator_py.so
[1.334s] -- Up-to-date: /home/vedant/gaitlab_ws/install/odrive_can/share/odrive_can/msg/ControlMessage.idl
[1.334s] -- Up-to-date: /home/vedant/gaitlab_ws/install/odrive_can/share/odrive_can/msg/ControllerStatus.idl
[1.335s] -- Up-to-date: /home/vedant/gaitlab_ws/install/odrive_can/share/odrive_can/msg/ODriveStatus.idl
[1.335s] -- Up-to-date: /home/vedant/gaitlab_ws/install/odrive_can/share/odrive_can/srv/AxisState.idl
[1.336s] -- Up-to-date: /home/vedant/gaitlab_ws/install/odrive_can/share/odrive_can/msg/ControlMessage.msg
[1.336s] -- Up-to-date: /home/vedant/gaitlab_ws/install/odrive_can/share/odrive_can/msg/ControllerStatus.msg
[1.336s] -- Up-to-date: /home/vedant/gaitlab_ws/install/odrive_can/share/odrive_can/msg/ODriveStatus.msg
[1.337s] -- Up-to-date: /home/vedant/gaitlab_ws/install/odrive_can/share/odrive_can/srv/AxisState.srv
[1.337s] -- Up-to-date: /home/vedant/gaitlab_ws/install/odrive_can/share/odrive_can/srv/AxisState_Request.msg
[1.338s] -- Up-to-date: /home/vedant/gaitlab_ws/install/odrive_can/share/odrive_can/srv/AxisState_Response.msg
[1.338s] -- Up-to-date: /home/vedant/gaitlab_ws/install/odrive_can/lib/odrive_can/odrive_can_node
[1.338s] -- Up-to-date: /home/vedant/gaitlab_ws/install/odrive_can/share/odrive_can/launch
[1.338s] -- Up-to-date: /home/vedant/gaitlab_ws/install/odrive_can/share/odrive_can/launch/example_launch.yaml
[1.339s] -- Up-to-date: /home/vedant/gaitlab_ws/install/odrive_can/share/ament_index/resource_index/package_run_dependencies/odrive_can
[1.339s] -- Up-to-date: /home/vedant/gaitlab_ws/install/odrive_can/share/ament_index/resource_index/parent_prefix_path/odrive_can
[1.339s] -- Up-to-date: /home/vedant/gaitlab_ws/install/odrive_can/share/odrive_can/environment/ament_prefix_path.sh
[1.340s] -- Up-to-date: /home/vedant/gaitlab_ws/install/odrive_can/share/odrive_can/environment/ament_prefix_path.dsv
[1.340s] -- Up-to-date: /home/vedant/gaitlab_ws/install/odrive_can/share/odrive_can/environment/path.sh
[1.340s] -- Up-to-date: /home/vedant/gaitlab_ws/install/odrive_can/share/odrive_can/environment/path.dsv
[1.341s] -- Up-to-date: /home/vedant/gaitlab_ws/install/odrive_can/share/odrive_can/local_setup.bash
[1.342s] -- Up-to-date: /home/vedant/gaitlab_ws/install/odrive_can/share/odrive_can/local_setup.sh
[1.342s] -- Up-to-date: /home/vedant/gaitlab_ws/install/odrive_can/share/odrive_can/local_setup.zsh
[1.343s] -- Up-to-date: /home/vedant/gaitlab_ws/install/odrive_can/share/odrive_can/local_setup.dsv
[1.343s] -- Installing: /home/vedant/gaitlab_ws/install/odrive_can/share/odrive_can/package.dsv
[1.343s] -- Up-to-date: /home/vedant/gaitlab_ws/install/odrive_can/share/ament_index/resource_index/packages/odrive_can
[1.343s] -- Up-to-date: /home/vedant/gaitlab_ws/install/odrive_can/share/odrive_can/cmake/export_odrive_can__rosidl_generator_cExport.cmake
[1.344s] -- Up-to-date: /home/vedant/gaitlab_ws/install/odrive_can/share/odrive_can/cmake/export_odrive_can__rosidl_generator_cExport-noconfig.cmake
[1.344s] -- Up-to-date: /home/vedant/gaitlab_ws/install/odrive_can/share/odrive_can/cmake/export_odrive_can__rosidl_typesupport_fastrtps_cExport.cmake
[1.344s] -- Up-to-date: /home/vedant/gaitlab_ws/install/odrive_can/share/odrive_can/cmake/export_odrive_can__rosidl_typesupport_fastrtps_cExport-noconfig.cmake
[1.344s] -- Up-to-date: /home/vedant/gaitlab_ws/install/odrive_can/share/odrive_can/cmake/export_odrive_can__rosidl_generator_cppExport.cmake
[1.344s] -- Up-to-date: /home/vedant/gaitlab_ws/install/odrive_can/share/odrive_can/cmake/export_odrive_can__rosidl_typesupport_fastrtps_cppExport.cmake
[1.345s] -- Up-to-date: /home/vedant/gaitlab_ws/install/odrive_can/share/odrive_can/cmake/export_odrive_can__rosidl_typesupport_fastrtps_cppExport-noconfig.cmake
[1.345s] -- Up-to-date: /home/vedant/gaitlab_ws/install/odrive_can/share/odrive_can/cmake/odrive_can__rosidl_typesupport_introspection_cExport.cmake
[1.345s] -- Up-to-date: /home/vedant/gaitlab_ws/install/odrive_can/share/odrive_can/cmake/odrive_can__rosidl_typesupport_introspection_cExport-noconfig.cmake
[1.345s] -- Up-to-date: /home/vedant/gaitlab_ws/install/odrive_can/share/odrive_can/cmake/odrive_can__rosidl_typesupport_cExport.cmake
[1.345s] -- Up-to-date: /home/vedant/gaitlab_ws/install/odrive_can/share/odrive_can/cmake/odrive_can__rosidl_typesupport_cExport-noconfig.cmake
[1.345s] -- Up-to-date: /home/vedant/gaitlab_ws/install/odrive_can/share/odrive_can/cmake/odrive_can__rosidl_typesupport_introspection_cppExport.cmake
[1.346s] -- Up-to-date: /home/vedant/gaitlab_ws/install/odrive_can/share/odrive_can/cmake/odrive_can__rosidl_typesupport_introspection_cppExport-noconfig.cmake
[1.346s] -- Up-to-date: /home/vedant/gaitlab_ws/install/odrive_can/share/odrive_can/cmake/odrive_can__rosidl_typesupport_cppExport.cmake
[1.346s] -- Up-to-date: /home/vedant/gaitlab_ws/install/odrive_can/share/odrive_can/cmake/odrive_can__rosidl_typesupport_cppExport-noconfig.cmake
[1.346s] -- Up-to-date: /home/vedant/gaitlab_ws/install/odrive_can/share/odrive_can/cmake/export_odrive_can__rosidl_generator_pyExport.cmake
[1.346s] -- Up-to-date: /home/vedant/gaitlab_ws/install/odrive_can/share/odrive_can/cmake/export_odrive_can__rosidl_generator_pyExport-noconfig.cmake
[1.346s] -- Up-to-date: /home/vedant/gaitlab_ws/install/odrive_can/share/odrive_can/cmake/rosidl_cmake-extras.cmake
[1.346s] -- Up-to-date: /home/vedant/gaitlab_ws/install/odrive_can/share/odrive_can/cmake/ament_cmake_export_include_directories-extras.cmake
[1.347s] -- Up-to-date: /home/vedant/gaitlab_ws/install/odrive_can/share/odrive_can/cmake/ament_cmake_export_libraries-extras.cmake
[1.347s] -- Up-to-date: /home/vedant/gaitlab_ws/install/odrive_can/share/odrive_can/cmake/ament_cmake_export_targets-extras.cmake
[1.347s] -- Up-to-date: /home/vedant/gaitlab_ws/install/odrive_can/share/odrive_can/cmake/rosidl_cmake_export_typesupport_targets-extras.cmake
[1.347s] -- Up-to-date: /home/vedant/gaitlab_ws/install/odrive_can/share/odrive_can/cmake/ament_cmake_export_dependencies-extras.cmake
[1.347s] -- Up-to-date: /home/vedant/gaitlab_ws/install/odrive_can/share/odrive_can/cmake/rosidl_cmake_export_typesupport_libraries-extras.cmake
[1.347s] -- Up-to-date: /home/vedant/gaitlab_ws/install/odrive_can/share/odrive_can/cmake/odrive_canConfig.cmake
[1.347s] -- Up-to-date: /home/vedant/gaitlab_ws/install/odrive_can/share/odrive_can/cmake/odrive_canConfig-version.cmake
[1.347s] -- Up-to-date: /home/vedant/gaitlab_ws/install/odrive_can/share/odrive_can/package.xml
[1.352s] Invoked command in '/home/vedant/gaitlab_ws/build/odrive_can' returned '0': CMAKE_PREFIX_PATH=${CMAKE_PREFIX_PATH}:/opt/ros/humble /usr/bin/cmake --install /home/vedant/gaitlab_ws/build/odrive_can
