[3.110s] Invoking command in '/home/vedant/OdriveCANControl/src/controller': CMAKE_PREFIX_PATH=/home/vedant/OdriveCANControl/install/custom_msgs:/home/vedant/OdriveCANControl/install/robot_launch:/home/vedant/OdriveCANControl/install/app_server:/home/vedant/OdriveCANControl/install/odrive_can LD_LIBRARY_PATH=/home/vedant/OdriveCANControl/install/custom_msgs/lib:/home/vedant/OdriveCANControl/install/odrive_can/lib:/opt/ros/humble/lib/aarch64-linux-gnu:/opt/ros/humble/lib PYTHONPATH=/home/vedant/OdriveCANControl/build/controller/prefix_override:/usr/lib/python3/dist-packages/colcon_core/task/python/colcon_distutils_commands:/home/vedant/OdriveCANControl/install/controller/lib/python3.10/site-packages:${PYTHONPATH} /usr/bin/python3 -W ignore:setup.py install is deprecated -W ignore:easy_install command is deprecated setup.py egg_info --egg-base ../../build/controller build --build-base /home/vedant/OdriveCANControl/build/controller/build install --record /home/vedant/OdriveCANControl/build/controller/install.log --single-version-externally-managed install_data
[4.174s] running egg_info
[4.176s] writing ../../build/controller/controller.egg-info/PKG-INFO
[4.177s] writing dependency_links to ../../build/controller/controller.egg-info/dependency_links.txt
[4.178s] writing entry points to ../../build/controller/controller.egg-info/entry_points.txt
[4.179s] writing requirements to ../../build/controller/controller.egg-info/requires.txt
[4.180s] writing top-level names to ../../build/controller/controller.egg-info/top_level.txt
[4.188s] reading manifest file '../../build/controller/controller.egg-info/SOURCES.txt'
[4.192s] writing manifest file '../../build/controller/controller.egg-info/SOURCES.txt'
[4.193s] running build
[4.193s] running build_py
[4.194s] copying src/controller/odrive_control.py -> /home/vedant/OdriveCANControl/build/controller/build/lib/controller
[4.196s] running install
[4.198s] running install_lib
[4.202s] copying /home/vedant/OdriveCANControl/build/controller/build/lib/controller/odrive_control.py -> /home/vedant/OdriveCANControl/install/controller/lib/python3.10/site-packages/controller
[4.206s] byte-compiling /home/vedant/OdriveCANControl/install/controller/lib/python3.10/site-packages/controller/odrive_control.py to odrive_control.cpython-310.pyc
[4.212s] running install_data
[4.213s] running install_egg_info
[4.220s] removing '/home/vedant/OdriveCANControl/install/controller/lib/python3.10/site-packages/controller-0.0.0-py3.10.egg-info' (and everything under it)
[4.221s] Copying ../../build/controller/controller.egg-info to /home/vedant/OdriveCANControl/install/controller/lib/python3.10/site-packages/controller-0.0.0-py3.10.egg-info
[4.227s] running install_scripts
[4.307s] Installing odrive_control script to /home/vedant/OdriveCANControl/install/controller/lib/controller
[4.309s] writing list of installed files to '/home/vedant/OdriveCANControl/build/controller/install.log'
[4.429s] Invoked command in '/home/vedant/OdriveCANControl/src/controller' returned '0': CMAKE_PREFIX_PATH=/home/vedant/OdriveCANControl/install/custom_msgs:/home/vedant/OdriveCANControl/install/robot_launch:/home/vedant/OdriveCANControl/install/app_server:/home/vedant/OdriveCANControl/install/odrive_can LD_LIBRARY_PATH=/home/vedant/OdriveCANControl/install/custom_msgs/lib:/home/vedant/OdriveCANControl/install/odrive_can/lib:/opt/ros/humble/lib/aarch64-linux-gnu:/opt/ros/humble/lib PYTHONPATH=/home/vedant/OdriveCANControl/build/controller/prefix_override:/usr/lib/python3/dist-packages/colcon_core/task/python/colcon_distutils_commands:/home/vedant/OdriveCANControl/install/controller/lib/python3.10/site-packages:${PYTHONPATH} /usr/bin/python3 -W ignore:setup.py install is deprecated -W ignore:easy_install command is deprecated setup.py egg_info --egg-base ../../build/controller build --build-base /home/vedant/OdriveCANControl/build/controller/build install --record /home/vedant/OdriveCANControl/build/controller/install.log --single-version-externally-managed install_data
