[0.073s] Invoking command in '/home/vedant/OdriveCANControl/src/build/custom_msgs': CMAKE_PREFIX_PATH=${CMAKE_PREFIX_PATH}:/home/vedant/OdriveCANControl/src/install/encoder:/home/vedant/OdriveCANControl/install/controller:/opt/ros/humble /usr/bin/cmake /home/vedant/OdriveCANControl/src/custom_msgs -DCMAKE_INSTALL_PREFIX=/home/vedant/OdriveCANControl/src/install/custom_msgs
[3.260s] -- The C compiler identification is GNU 11.4.0
[5.689s] -- The CXX compiler identification is GNU 11.4.0
[5.869s] -- Detecting C compiler ABI info
[6.306s] -- Detecting C compiler ABI info - done
[6.331s] -- Check for working C compiler: /usr/bin/cc - skipped
[6.340s] -- Detecting C compile features
[6.347s] -- Detecting C compile features - done
[6.380s] -- Detecting CXX compiler ABI info
[6.807s] -- Detecting CXX compiler ABI info - done
[6.834s] -- Check for working CXX compiler: /usr/bin/c++ - skipped
[6.835s] -- Detecting CXX compile features
[6.837s] -- Detecting CXX compile features - done
[6.892s] -- Found ament_cmake: 1.3.11 (/opt/ros/humble/share/ament_cmake/cmake)
[7.803s] -- Found Python3: /usr/bin/python3 (found version "3.10.12") found components: Interpreter 
[8.800s] -- Found rosidl_default_generators: 1.2.0 (/opt/ros/humble/share/rosidl_default_generators/cmake)
[8.861s] -- Using all available rosidl_typesupport_c: rosidl_typesupport_fastrtps_c;rosidl_typesupport_introspection_c
[8.976s] -- Found rosidl_adapter: 3.1.6 (/opt/ros/humble/share/rosidl_adapter/cmake)
[9.627s] -- Using all available rosidl_typesupport_cpp: rosidl_typesupport_fastrtps_cpp;rosidl_typesupport_introspection_cpp
[10.132s] -- Found std_msgs: 4.2.4 (/opt/ros/humble/share/std_msgs/cmake)
[12.060s] -- Found ament_cmake_ros: 0.10.0 (/opt/ros/humble/share/ament_cmake_ros/cmake)
[13.252s] -- Using all available rosidl_typesupport_c: rosidl_typesupport_fastrtps_c;rosidl_typesupport_introspection_c
[14.633s] -- Using all available rosidl_typesupport_cpp: rosidl_typesupport_fastrtps_cpp;rosidl_typesupport_introspection_cpp
[14.756s] -- Found PythonInterp: /usr/bin/python3 (found suitable version "3.10.12", minimum required is "3.6") 
[14.779s] -- Found python_cmake_module: 0.10.0 (/opt/ros/humble/share/python_cmake_module/cmake)
[14.936s] -- Found PythonLibs: /usr/lib/aarch64-linux-gnu/libpython3.10.so (found suitable version "3.10.12", minimum required is "3.5") 
[14.937s] -- Using PYTHON_EXECUTABLE: /usr/bin/python3
[14.937s] -- Using PYTHON_INCLUDE_DIRS: /usr/include/python3.10
[14.938s] -- Using PYTHON_LIBRARIES: /usr/lib/aarch64-linux-gnu/libpython3.10.so
[15.043s] -- Found PythonExtra: .so  
[15.297s] -- Found ament_lint_auto: 0.12.11 (/opt/ros/humble/share/ament_lint_auto/cmake)
[15.720s] -- Added test 'lint_cmake' to check CMake code style
[15.746s] -- Added test 'xmllint' to check XML markup files
[15.773s] -- Configuring done
[16.090s] -- Generating done
[16.149s] -- Build files have been written to: /home/vedant/OdriveCANControl/src/build/custom_msgs
[16.173s] Invoked command in '/home/vedant/OdriveCANControl/src/build/custom_msgs' returned '0': CMAKE_PREFIX_PATH=${CMAKE_PREFIX_PATH}:/home/vedant/OdriveCANControl/src/install/encoder:/home/vedant/OdriveCANControl/install/controller:/opt/ros/humble /usr/bin/cmake /home/vedant/OdriveCANControl/src/custom_msgs -DCMAKE_INSTALL_PREFIX=/home/vedant/OdriveCANControl/src/install/custom_msgs
[16.182s] Invoking command in '/home/vedant/OdriveCANControl/src/build/custom_msgs': CMAKE_PREFIX_PATH=${CMAKE_PREFIX_PATH}:/home/vedant/OdriveCANControl/src/install/encoder:/home/vedant/OdriveCANControl/install/controller:/opt/ros/humble /usr/bin/cmake --build /home/vedant/OdriveCANControl/src/build/custom_msgs -- -j4 -l4
[16.361s] [  2%] [34m[1mGenerating C code for ROS interfaces[0m
[16.404s] [  5%] [34m[1mGenerating C++ code for ROS interfaces[0m
[16.448s] [  5%] Built target ament_cmake_python_copy_custom_msgs
[17.914s] running egg_info
[17.923s] creating custom_msgs.egg-info
[17.935s] writing custom_msgs.egg-info/PKG-INFO
[17.937s] writing dependency_links to custom_msgs.egg-info/dependency_links.txt
[17.939s] writing top-level names to custom_msgs.egg-info/top_level.txt
[17.964s] writing manifest file 'custom_msgs.egg-info/SOURCES.txt'
[17.971s] reading manifest file 'custom_msgs.egg-info/SOURCES.txt'
[17.977s] writing manifest file 'custom_msgs.egg-info/SOURCES.txt'
[18.191s] [  5%] Built target ament_cmake_python_build_custom_msgs_egg
[18.363s] [  5%] Built target custom_msgs__cpp
[18.380s] [ 10%] [32mBuilding C object CMakeFiles/custom_msgs__rosidl_generator_c.dir/rosidl_generator_c/custom_msgs/srv/detail/o_drive_command__functions.c.o[0m
[18.381s] [ 10%] [32mBuilding C object CMakeFiles/custom_msgs__rosidl_generator_c.dir/rosidl_generator_c/custom_msgs/msg/detail/motion_state__functions.c.o[0m
[18.412s] [ 12%] [34m[1mGenerating C++ type support dispatch for ROS interfaces[0m
[18.416s] [ 15%] [34m[1mGenerating C++ type support for eProsima Fast-RTPS[0m
[19.161s] [ 17%] [34m[1mGenerating C++ introspection for ROS interfaces[0m
[19.231s] [ 20%] [32m[1mLinking C shared library libcustom_msgs__rosidl_generator_c.so[0m
[19.524s] [ 20%] Built target custom_msgs__rosidl_generator_c
[19.588s] [ 23%] [34m[1mGenerating C type support for eProsima Fast-RTPS[0m
[19.918s] [ 25%] [32mBuilding CXX object CMakeFiles/custom_msgs__rosidl_typesupport_cpp.dir/rosidl_typesupport_cpp/custom_msgs/msg/motion_state__type_support.cpp.o[0m
[20.250s] [ 28%] [32mBuilding CXX object CMakeFiles/custom_msgs__rosidl_typesupport_fastrtps_cpp.dir/rosidl_typesupport_fastrtps_cpp/custom_msgs/msg/detail/dds_fastrtps/motion_state__type_support.cpp.o[0m
[21.196s] [ 30%] [32mBuilding CXX object CMakeFiles/custom_msgs__rosidl_typesupport_introspection_cpp.dir/rosidl_typesupport_introspection_cpp/custom_msgs/msg/detail/motion_state__type_support.cpp.o[0m
[22.076s] [ 33%] [32mBuilding CXX object CMakeFiles/custom_msgs__rosidl_typesupport_fastrtps_c.dir/rosidl_typesupport_fastrtps_c/custom_msgs/msg/detail/motion_state__type_support_c.cpp.o[0m
[23.663s] [ 35%] [32mBuilding CXX object CMakeFiles/custom_msgs__rosidl_typesupport_cpp.dir/rosidl_typesupport_cpp/custom_msgs/srv/o_drive_command__type_support.cpp.o[0m
[24.081s] [ 38%] [32mBuilding CXX object CMakeFiles/custom_msgs__rosidl_typesupport_fastrtps_cpp.dir/rosidl_typesupport_fastrtps_cpp/custom_msgs/srv/detail/dds_fastrtps/o_drive_command__type_support.cpp.o[0m
[24.384s] [ 41%] [32mBuilding CXX object CMakeFiles/custom_msgs__rosidl_typesupport_introspection_cpp.dir/rosidl_typesupport_introspection_cpp/custom_msgs/srv/detail/o_drive_command__type_support.cpp.o[0m
[24.794s] [ 43%] [32mBuilding CXX object CMakeFiles/custom_msgs__rosidl_typesupport_fastrtps_c.dir/rosidl_typesupport_fastrtps_c/custom_msgs/srv/detail/o_drive_command__type_support_c.cpp.o[0m
[25.458s] [ 46%] [32m[1mLinking CXX shared library libcustom_msgs__rosidl_typesupport_cpp.so[0m
[25.749s] [ 46%] Built target custom_msgs__rosidl_typesupport_cpp
[25.882s] [ 48%] [34m[1mGenerating C introspection for ROS interfaces[0m
[27.148s] [ 51%] [32m[1mLinking CXX shared library libcustom_msgs__rosidl_typesupport_introspection_cpp.so[0m
[27.153s] [ 53%] [32m[1mLinking CXX shared library libcustom_msgs__rosidl_typesupport_fastrtps_cpp.so[0m
[27.584s] [ 56%] [32m[1mLinking CXX shared library libcustom_msgs__rosidl_typesupport_fastrtps_c.so[0m
[27.642s] [ 56%] Built target custom_msgs__rosidl_typesupport_introspection_cpp
[27.682s] [ 56%] Built target custom_msgs__rosidl_typesupport_fastrtps_cpp
[27.693s] [ 58%] [34m[1mGenerating C type support dispatch for ROS interfaces[0m
[28.056s] [ 58%] Built target custom_msgs__rosidl_typesupport_fastrtps_c
[28.114s] [ 64%] [32mBuilding C object CMakeFiles/custom_msgs__rosidl_typesupport_introspection_c.dir/rosidl_typesupport_introspection_c/custom_msgs/msg/detail/motion_state__type_support.c.o[0m
[28.115s] [ 64%] [32mBuilding C object CMakeFiles/custom_msgs__rosidl_typesupport_introspection_c.dir/rosidl_typesupport_introspection_c/custom_msgs/srv/detail/o_drive_command__type_support.c.o[0m
[28.382s] [ 66%] [32m[1mLinking C shared library libcustom_msgs__rosidl_typesupport_introspection_c.so[0m
[28.551s] [ 66%] Built target custom_msgs__rosidl_typesupport_introspection_c
[29.164s] [ 69%] [32mBuilding CXX object CMakeFiles/custom_msgs__rosidl_typesupport_c.dir/rosidl_typesupport_c/custom_msgs/msg/motion_state__type_support.cpp.o[0m
[29.167s] [ 71%] [32mBuilding CXX object CMakeFiles/custom_msgs__rosidl_typesupport_c.dir/rosidl_typesupport_c/custom_msgs/srv/o_drive_command__type_support.cpp.o[0m
[29.338s] [ 74%] [32m[1mLinking CXX shared library libcustom_msgs__rosidl_typesupport_c.so[0m
[29.521s] [ 74%] Built target custom_msgs__rosidl_typesupport_c
[29.606s] [ 74%] Built target custom_msgs
[29.695s] [ 76%] [34m[1mGenerating Python code for ROS interfaces[0m
[31.750s] [ 76%] Built target custom_msgs__py
[31.839s] [ 79%] [32mBuilding C object CMakeFiles/custom_msgs__rosidl_generator_py.dir/rosidl_generator_py/custom_msgs/msg/_motion_state_s.c.o[0m
[31.842s] [ 82%] [32mBuilding C object CMakeFiles/custom_msgs__rosidl_generator_py.dir/rosidl_generator_py/custom_msgs/srv/_o_drive_command_s.c.o[0m
[33.117s] [ 84%] [32m[1mLinking C shared library rosidl_generator_py/custom_msgs/libcustom_msgs__rosidl_generator_py.so[0m
[33.331s] [ 84%] Built target custom_msgs__rosidl_generator_py
[33.427s] [ 89%] [32mBuilding C object CMakeFiles/custom_msgs__rosidl_typesupport_fastrtps_c__pyext.dir/rosidl_generator_py/custom_msgs/_custom_msgs_s.ep.rosidl_typesupport_fastrtps_c.c.o[0m
[33.428s] [ 89%] [32mBuilding C object CMakeFiles/custom_msgs__rosidl_typesupport_introspection_c__pyext.dir/rosidl_generator_py/custom_msgs/_custom_msgs_s.ep.rosidl_typesupport_introspection_c.c.o[0m
[33.431s] [ 92%] [32mBuilding C object CMakeFiles/custom_msgs__rosidl_typesupport_c__pyext.dir/rosidl_generator_py/custom_msgs/_custom_msgs_s.ep.rosidl_typesupport_c.c.o[0m
[34.011s] [ 94%] [32m[1mLinking C shared library rosidl_generator_py/custom_msgs/custom_msgs_s__rosidl_typesupport_introspection_c.cpython-310-aarch64-linux-gnu.so[0m
[34.017s] [ 97%] [32m[1mLinking C shared library rosidl_generator_py/custom_msgs/custom_msgs_s__rosidl_typesupport_fastrtps_c.cpython-310-aarch64-linux-gnu.so[0m
[34.042s] [100%] [32m[1mLinking C shared library rosidl_generator_py/custom_msgs/custom_msgs_s__rosidl_typesupport_c.cpython-310-aarch64-linux-gnu.so[0m
[34.283s] [100%] Built target custom_msgs__rosidl_typesupport_fastrtps_c__pyext
[34.287s] [100%] Built target custom_msgs__rosidl_typesupport_introspection_c__pyext
[34.301s] [100%] Built target custom_msgs__rosidl_typesupport_c__pyext
[34.347s] Invoked command in '/home/vedant/OdriveCANControl/src/build/custom_msgs' returned '0': CMAKE_PREFIX_PATH=${CMAKE_PREFIX_PATH}:/home/vedant/OdriveCANControl/src/install/encoder:/home/vedant/OdriveCANControl/install/controller:/opt/ros/humble /usr/bin/cmake --build /home/vedant/OdriveCANControl/src/build/custom_msgs -- -j4 -l4
[34.389s] Invoking command in '/home/vedant/OdriveCANControl/src/build/custom_msgs': CMAKE_PREFIX_PATH=${CMAKE_PREFIX_PATH}:/home/vedant/OdriveCANControl/src/install/encoder:/home/vedant/OdriveCANControl/install/controller:/opt/ros/humble /usr/bin/cmake --install /home/vedant/OdriveCANControl/src/build/custom_msgs
[34.417s] -- Install configuration: ""
[34.418s] -- Installing: /home/vedant/OdriveCANControl/src/install/custom_msgs/share/ament_index/resource_index/rosidl_interfaces/custom_msgs
[34.419s] -- Installing: /home/vedant/OdriveCANControl/src/install/custom_msgs/include/custom_msgs/custom_msgs
[34.420s] -- Installing: /home/vedant/OdriveCANControl/src/install/custom_msgs/include/custom_msgs/custom_msgs/srv
[34.421s] -- Installing: /home/vedant/OdriveCANControl/src/install/custom_msgs/include/custom_msgs/custom_msgs/srv/detail
[34.422s] -- Installing: /home/vedant/OdriveCANControl/src/install/custom_msgs/include/custom_msgs/custom_msgs/srv/detail/o_drive_command__functions.h
[34.423s] -- Installing: /home/vedant/OdriveCANControl/src/install/custom_msgs/include/custom_msgs/custom_msgs/srv/detail/o_drive_command__type_support.h
[34.424s] -- Installing: /home/vedant/OdriveCANControl/src/install/custom_msgs/include/custom_msgs/custom_msgs/srv/detail/o_drive_command__struct.h
[34.425s] -- Installing: /home/vedant/OdriveCANControl/src/install/custom_msgs/include/custom_msgs/custom_msgs/srv/detail/o_drive_command__functions.c
[34.426s] -- Installing: /home/vedant/OdriveCANControl/src/install/custom_msgs/include/custom_msgs/custom_msgs/srv/o_drive_command.h
[34.427s] -- Installing: /home/vedant/OdriveCANControl/src/install/custom_msgs/include/custom_msgs/custom_msgs/msg
[34.428s] -- Installing: /home/vedant/OdriveCANControl/src/install/custom_msgs/include/custom_msgs/custom_msgs/msg/motion_state.h
[34.430s] -- Installing: /home/vedant/OdriveCANControl/src/install/custom_msgs/include/custom_msgs/custom_msgs/msg/rosidl_generator_c__visibility_control.h
[34.431s] -- Installing: /home/vedant/OdriveCANControl/src/install/custom_msgs/include/custom_msgs/custom_msgs/msg/detail
[34.432s] -- Installing: /home/vedant/OdriveCANControl/src/install/custom_msgs/include/custom_msgs/custom_msgs/msg/detail/motion_state__struct.h
[34.433s] -- Installing: /home/vedant/OdriveCANControl/src/install/custom_msgs/include/custom_msgs/custom_msgs/msg/detail/motion_state__functions.c
[34.435s] -- Installing: /home/vedant/OdriveCANControl/src/install/custom_msgs/include/custom_msgs/custom_msgs/msg/detail/motion_state__type_support.h
[34.436s] -- Installing: /home/vedant/OdriveCANControl/src/install/custom_msgs/include/custom_msgs/custom_msgs/msg/detail/motion_state__functions.h
[34.437s] -- Installing: /home/vedant/OdriveCANControl/src/install/custom_msgs/share/custom_msgs/environment/library_path.sh
[34.438s] -- Installing: /home/vedant/OdriveCANControl/src/install/custom_msgs/share/custom_msgs/environment/library_path.dsv
[34.440s] -- Installing: /home/vedant/OdriveCANControl/src/install/custom_msgs/lib/libcustom_msgs__rosidl_generator_c.so
[34.443s] -- Set runtime path of "/home/vedant/OdriveCANControl/src/install/custom_msgs/lib/libcustom_msgs__rosidl_generator_c.so" to ""
[34.444s] -- Up-to-date: /home/vedant/OdriveCANControl/src/install/custom_msgs/include/custom_msgs/custom_msgs
[34.445s] -- Up-to-date: /home/vedant/OdriveCANControl/src/install/custom_msgs/include/custom_msgs/custom_msgs/srv
[34.445s] -- Up-to-date: /home/vedant/OdriveCANControl/src/install/custom_msgs/include/custom_msgs/custom_msgs/srv/detail
[34.446s] -- Installing: /home/vedant/OdriveCANControl/src/install/custom_msgs/include/custom_msgs/custom_msgs/srv/detail/o_drive_command__rosidl_typesupport_fastrtps_c.h
[34.447s] -- Up-to-date: /home/vedant/OdriveCANControl/src/install/custom_msgs/include/custom_msgs/custom_msgs/msg
[34.448s] -- Up-to-date: /home/vedant/OdriveCANControl/src/install/custom_msgs/include/custom_msgs/custom_msgs/msg/detail
[34.448s] -- Installing: /home/vedant/OdriveCANControl/src/install/custom_msgs/include/custom_msgs/custom_msgs/msg/detail/motion_state__rosidl_typesupport_fastrtps_c.h
[34.449s] -- Installing: /home/vedant/OdriveCANControl/src/install/custom_msgs/include/custom_msgs/custom_msgs/msg/rosidl_typesupport_fastrtps_c__visibility_control.h
[34.450s] -- Installing: /home/vedant/OdriveCANControl/src/install/custom_msgs/lib/libcustom_msgs__rosidl_typesupport_fastrtps_c.so
[34.453s] -- Set runtime path of "/home/vedant/OdriveCANControl/src/install/custom_msgs/lib/libcustom_msgs__rosidl_typesupport_fastrtps_c.so" to ""
[34.453s] -- Up-to-date: /home/vedant/OdriveCANControl/src/install/custom_msgs/include/custom_msgs/custom_msgs
[34.453s] -- Up-to-date: /home/vedant/OdriveCANControl/src/install/custom_msgs/include/custom_msgs/custom_msgs/srv
[34.454s] -- Up-to-date: /home/vedant/OdriveCANControl/src/install/custom_msgs/include/custom_msgs/custom_msgs/srv/detail
[34.454s] -- Installing: /home/vedant/OdriveCANControl/src/install/custom_msgs/include/custom_msgs/custom_msgs/srv/detail/o_drive_command__type_support.c
[34.455s] -- Installing: /home/vedant/OdriveCANControl/src/install/custom_msgs/include/custom_msgs/custom_msgs/srv/detail/o_drive_command__rosidl_typesupport_introspection_c.h
[34.457s] -- Up-to-date: /home/vedant/OdriveCANControl/src/install/custom_msgs/include/custom_msgs/custom_msgs/msg
[34.457s] -- Up-to-date: /home/vedant/OdriveCANControl/src/install/custom_msgs/include/custom_msgs/custom_msgs/msg/detail
[34.458s] -- Installing: /home/vedant/OdriveCANControl/src/install/custom_msgs/include/custom_msgs/custom_msgs/msg/detail/motion_state__rosidl_typesupport_introspection_c.h
[34.459s] -- Installing: /home/vedant/OdriveCANControl/src/install/custom_msgs/include/custom_msgs/custom_msgs/msg/detail/motion_state__type_support.c
[34.460s] -- Installing: /home/vedant/OdriveCANControl/src/install/custom_msgs/include/custom_msgs/custom_msgs/msg/rosidl_typesupport_introspection_c__visibility_control.h
[34.461s] -- Installing: /home/vedant/OdriveCANControl/src/install/custom_msgs/lib/libcustom_msgs__rosidl_typesupport_introspection_c.so
[34.464s] -- Set runtime path of "/home/vedant/OdriveCANControl/src/install/custom_msgs/lib/libcustom_msgs__rosidl_typesupport_introspection_c.so" to ""
[34.465s] -- Installing: /home/vedant/OdriveCANControl/src/install/custom_msgs/lib/libcustom_msgs__rosidl_typesupport_c.so
[34.467s] -- Set runtime path of "/home/vedant/OdriveCANControl/src/install/custom_msgs/lib/libcustom_msgs__rosidl_typesupport_c.so" to ""
[34.468s] -- Up-to-date: /home/vedant/OdriveCANControl/src/install/custom_msgs/include/custom_msgs/custom_msgs
[34.468s] -- Up-to-date: /home/vedant/OdriveCANControl/src/install/custom_msgs/include/custom_msgs/custom_msgs/srv
[34.469s] -- Installing: /home/vedant/OdriveCANControl/src/install/custom_msgs/include/custom_msgs/custom_msgs/srv/o_drive_command.hpp
[34.469s] -- Up-to-date: /home/vedant/OdriveCANControl/src/install/custom_msgs/include/custom_msgs/custom_msgs/srv/detail
[34.470s] -- Installing: /home/vedant/OdriveCANControl/src/install/custom_msgs/include/custom_msgs/custom_msgs/srv/detail/o_drive_command__struct.hpp
[34.471s] -- Installing: /home/vedant/OdriveCANControl/src/install/custom_msgs/include/custom_msgs/custom_msgs/srv/detail/o_drive_command__traits.hpp
[34.472s] -- Installing: /home/vedant/OdriveCANControl/src/install/custom_msgs/include/custom_msgs/custom_msgs/srv/detail/o_drive_command__builder.hpp
[34.473s] -- Installing: /home/vedant/OdriveCANControl/src/install/custom_msgs/include/custom_msgs/custom_msgs/srv/detail/o_drive_command__type_support.hpp
[34.474s] -- Up-to-date: /home/vedant/OdriveCANControl/src/install/custom_msgs/include/custom_msgs/custom_msgs/msg
[34.475s] -- Installing: /home/vedant/OdriveCANControl/src/install/custom_msgs/include/custom_msgs/custom_msgs/msg/rosidl_generator_cpp__visibility_control.hpp
[34.476s] -- Up-to-date: /home/vedant/OdriveCANControl/src/install/custom_msgs/include/custom_msgs/custom_msgs/msg/detail
[34.477s] -- Installing: /home/vedant/OdriveCANControl/src/install/custom_msgs/include/custom_msgs/custom_msgs/msg/detail/motion_state__type_support.hpp
[34.478s] -- Installing: /home/vedant/OdriveCANControl/src/install/custom_msgs/include/custom_msgs/custom_msgs/msg/detail/motion_state__traits.hpp
[34.479s] -- Installing: /home/vedant/OdriveCANControl/src/install/custom_msgs/include/custom_msgs/custom_msgs/msg/detail/motion_state__builder.hpp
[34.480s] -- Installing: /home/vedant/OdriveCANControl/src/install/custom_msgs/include/custom_msgs/custom_msgs/msg/detail/motion_state__struct.hpp
[34.481s] -- Installing: /home/vedant/OdriveCANControl/src/install/custom_msgs/include/custom_msgs/custom_msgs/msg/motion_state.hpp
[34.483s] -- Up-to-date: /home/vedant/OdriveCANControl/src/install/custom_msgs/include/custom_msgs/custom_msgs
[34.483s] -- Up-to-date: /home/vedant/OdriveCANControl/src/install/custom_msgs/include/custom_msgs/custom_msgs/srv
[34.484s] -- Up-to-date: /home/vedant/OdriveCANControl/src/install/custom_msgs/include/custom_msgs/custom_msgs/srv/detail
[34.484s] -- Installing: /home/vedant/OdriveCANControl/src/install/custom_msgs/include/custom_msgs/custom_msgs/srv/detail/o_drive_command__rosidl_typesupport_fastrtps_cpp.hpp
[34.485s] -- Installing: /home/vedant/OdriveCANControl/src/install/custom_msgs/include/custom_msgs/custom_msgs/srv/detail/dds_fastrtps
[34.486s] -- Up-to-date: /home/vedant/OdriveCANControl/src/install/custom_msgs/include/custom_msgs/custom_msgs/msg
[34.486s] -- Installing: /home/vedant/OdriveCANControl/src/install/custom_msgs/include/custom_msgs/custom_msgs/msg/rosidl_typesupport_fastrtps_cpp__visibility_control.h
[34.488s] -- Up-to-date: /home/vedant/OdriveCANControl/src/install/custom_msgs/include/custom_msgs/custom_msgs/msg/detail
[34.488s] -- Installing: /home/vedant/OdriveCANControl/src/install/custom_msgs/include/custom_msgs/custom_msgs/msg/detail/motion_state__rosidl_typesupport_fastrtps_cpp.hpp
[34.490s] -- Installing: /home/vedant/OdriveCANControl/src/install/custom_msgs/include/custom_msgs/custom_msgs/msg/detail/dds_fastrtps
[34.491s] -- Installing: /home/vedant/OdriveCANControl/src/install/custom_msgs/lib/libcustom_msgs__rosidl_typesupport_fastrtps_cpp.so
[34.494s] -- Set runtime path of "/home/vedant/OdriveCANControl/src/install/custom_msgs/lib/libcustom_msgs__rosidl_typesupport_fastrtps_cpp.so" to ""
[34.494s] -- Up-to-date: /home/vedant/OdriveCANControl/src/install/custom_msgs/include/custom_msgs/custom_msgs
[34.495s] -- Up-to-date: /home/vedant/OdriveCANControl/src/install/custom_msgs/include/custom_msgs/custom_msgs/srv
[34.495s] -- Up-to-date: /home/vedant/OdriveCANControl/src/install/custom_msgs/include/custom_msgs/custom_msgs/srv/detail
[34.496s] -- Installing: /home/vedant/OdriveCANControl/src/install/custom_msgs/include/custom_msgs/custom_msgs/srv/detail/o_drive_command__rosidl_typesupport_introspection_cpp.hpp
[34.497s] -- Installing: /home/vedant/OdriveCANControl/src/install/custom_msgs/include/custom_msgs/custom_msgs/srv/detail/o_drive_command__type_support.cpp
[34.498s] -- Up-to-date: /home/vedant/OdriveCANControl/src/install/custom_msgs/include/custom_msgs/custom_msgs/msg
[34.500s] -- Up-to-date: /home/vedant/OdriveCANControl/src/install/custom_msgs/include/custom_msgs/custom_msgs/msg/detail
[34.500s] -- Installing: /home/vedant/OdriveCANControl/src/install/custom_msgs/include/custom_msgs/custom_msgs/msg/detail/motion_state__rosidl_typesupport_introspection_cpp.hpp
[34.501s] -- Installing: /home/vedant/OdriveCANControl/src/install/custom_msgs/include/custom_msgs/custom_msgs/msg/detail/motion_state__type_support.cpp
[34.502s] -- Installing: /home/vedant/OdriveCANControl/src/install/custom_msgs/lib/libcustom_msgs__rosidl_typesupport_introspection_cpp.so
[34.505s] -- Set runtime path of "/home/vedant/OdriveCANControl/src/install/custom_msgs/lib/libcustom_msgs__rosidl_typesupport_introspection_cpp.so" to ""
[34.506s] -- Installing: /home/vedant/OdriveCANControl/src/install/custom_msgs/lib/libcustom_msgs__rosidl_typesupport_cpp.so
[34.508s] -- Set runtime path of "/home/vedant/OdriveCANControl/src/install/custom_msgs/lib/libcustom_msgs__rosidl_typesupport_cpp.so" to ""
[34.509s] -- Installing: /home/vedant/OdriveCANControl/src/install/custom_msgs/share/custom_msgs/environment/pythonpath.sh
[34.510s] -- Installing: /home/vedant/OdriveCANControl/src/install/custom_msgs/share/custom_msgs/environment/pythonpath.dsv
[34.511s] -- Installing: /home/vedant/OdriveCANControl/src/install/custom_msgs/local/lib/python3.10/dist-packages/custom_msgs-0.0.0-py3.10.egg-info
[34.512s] -- Installing: /home/vedant/OdriveCANControl/src/install/custom_msgs/local/lib/python3.10/dist-packages/custom_msgs-0.0.0-py3.10.egg-info/PKG-INFO
[34.513s] -- Installing: /home/vedant/OdriveCANControl/src/install/custom_msgs/local/lib/python3.10/dist-packages/custom_msgs-0.0.0-py3.10.egg-info/top_level.txt
[34.514s] -- Installing: /home/vedant/OdriveCANControl/src/install/custom_msgs/local/lib/python3.10/dist-packages/custom_msgs-0.0.0-py3.10.egg-info/dependency_links.txt
[34.516s] -- Installing: /home/vedant/OdriveCANControl/src/install/custom_msgs/local/lib/python3.10/dist-packages/custom_msgs-0.0.0-py3.10.egg-info/SOURCES.txt
[34.517s] -- Installing: /home/vedant/OdriveCANControl/src/install/custom_msgs/local/lib/python3.10/dist-packages/custom_msgs
[34.517s] -- Installing: /home/vedant/OdriveCANControl/src/install/custom_msgs/local/lib/python3.10/dist-packages/custom_msgs/srv
[34.518s] -- Installing: /home/vedant/OdriveCANControl/src/install/custom_msgs/local/lib/python3.10/dist-packages/custom_msgs/srv/_o_drive_command.py
[34.520s] -- Installing: /home/vedant/OdriveCANControl/src/install/custom_msgs/local/lib/python3.10/dist-packages/custom_msgs/srv/__init__.py
[34.521s] -- Installing: /home/vedant/OdriveCANControl/src/install/custom_msgs/local/lib/python3.10/dist-packages/custom_msgs/srv/_o_drive_command_s.c
[34.522s] -- Installing: /home/vedant/OdriveCANControl/src/install/custom_msgs/local/lib/python3.10/dist-packages/custom_msgs/libcustom_msgs__rosidl_generator_py.so
[34.523s] -- Installing: /home/vedant/OdriveCANControl/src/install/custom_msgs/local/lib/python3.10/dist-packages/custom_msgs/msg
[34.524s] -- Installing: /home/vedant/OdriveCANControl/src/install/custom_msgs/local/lib/python3.10/dist-packages/custom_msgs/msg/_motion_state.py
[34.525s] -- Installing: /home/vedant/OdriveCANControl/src/install/custom_msgs/local/lib/python3.10/dist-packages/custom_msgs/msg/__init__.py
[34.526s] -- Installing: /home/vedant/OdriveCANControl/src/install/custom_msgs/local/lib/python3.10/dist-packages/custom_msgs/msg/_motion_state_s.c
[34.527s] -- Installing: /home/vedant/OdriveCANControl/src/install/custom_msgs/local/lib/python3.10/dist-packages/custom_msgs/_custom_msgs_s.ep.rosidl_typesupport_introspection_c.c
[34.529s] -- Installing: /home/vedant/OdriveCANControl/src/install/custom_msgs/local/lib/python3.10/dist-packages/custom_msgs/__init__.py
[34.530s] -- Installing: /home/vedant/OdriveCANControl/src/install/custom_msgs/local/lib/python3.10/dist-packages/custom_msgs/custom_msgs_s__rosidl_typesupport_introspection_c.cpython-310-aarch64-linux-gnu.so
[34.531s] -- Installing: /home/vedant/OdriveCANControl/src/install/custom_msgs/local/lib/python3.10/dist-packages/custom_msgs/custom_msgs_s__rosidl_typesupport_c.cpython-310-aarch64-linux-gnu.so
[34.533s] -- Installing: /home/vedant/OdriveCANControl/src/install/custom_msgs/local/lib/python3.10/dist-packages/custom_msgs/_custom_msgs_s.ep.rosidl_typesupport_c.c
[34.534s] -- Installing: /home/vedant/OdriveCANControl/src/install/custom_msgs/local/lib/python3.10/dist-packages/custom_msgs/_custom_msgs_s.ep.rosidl_typesupport_fastrtps_c.c
[34.535s] -- Installing: /home/vedant/OdriveCANControl/src/install/custom_msgs/local/lib/python3.10/dist-packages/custom_msgs/custom_msgs_s__rosidl_typesupport_fastrtps_c.cpython-310-aarch64-linux-gnu.so
[34.730s] Listing '/home/vedant/OdriveCANControl/src/install/custom_msgs/local/lib/python3.10/dist-packages/custom_msgs'...
[34.732s] Compiling '/home/vedant/OdriveCANControl/src/install/custom_msgs/local/lib/python3.10/dist-packages/custom_msgs/__init__.py'...
[34.733s] Listing '/home/vedant/OdriveCANControl/src/install/custom_msgs/local/lib/python3.10/dist-packages/custom_msgs/msg'...
[34.734s] Compiling '/home/vedant/OdriveCANControl/src/install/custom_msgs/local/lib/python3.10/dist-packages/custom_msgs/msg/__init__.py'...
[34.735s] Compiling '/home/vedant/OdriveCANControl/src/install/custom_msgs/local/lib/python3.10/dist-packages/custom_msgs/msg/_motion_state.py'...
[34.736s] Listing '/home/vedant/OdriveCANControl/src/install/custom_msgs/local/lib/python3.10/dist-packages/custom_msgs/srv'...
[34.737s] Compiling '/home/vedant/OdriveCANControl/src/install/custom_msgs/local/lib/python3.10/dist-packages/custom_msgs/srv/__init__.py'...
[34.739s] Compiling '/home/vedant/OdriveCANControl/src/install/custom_msgs/local/lib/python3.10/dist-packages/custom_msgs/srv/_o_drive_command.py'...
[34.759s] -- Installing: /home/vedant/OdriveCANControl/src/install/custom_msgs/local/lib/python3.10/dist-packages/custom_msgs/custom_msgs_s__rosidl_typesupport_fastrtps_c.cpython-310-aarch64-linux-gnu.so
[34.762s] -- Set runtime path of "/home/vedant/OdriveCANControl/src/install/custom_msgs/local/lib/python3.10/dist-packages/custom_msgs/custom_msgs_s__rosidl_typesupport_fastrtps_c.cpython-310-aarch64-linux-gnu.so" to ""
[34.763s] -- Installing: /home/vedant/OdriveCANControl/src/install/custom_msgs/local/lib/python3.10/dist-packages/custom_msgs/custom_msgs_s__rosidl_typesupport_introspection_c.cpython-310-aarch64-linux-gnu.so
[34.767s] -- Set runtime path of "/home/vedant/OdriveCANControl/src/install/custom_msgs/local/lib/python3.10/dist-packages/custom_msgs/custom_msgs_s__rosidl_typesupport_introspection_c.cpython-310-aarch64-linux-gnu.so" to ""
[34.769s] -- Installing: /home/vedant/OdriveCANControl/src/install/custom_msgs/local/lib/python3.10/dist-packages/custom_msgs/custom_msgs_s__rosidl_typesupport_c.cpython-310-aarch64-linux-gnu.so
[34.773s] -- Set runtime path of "/home/vedant/OdriveCANControl/src/install/custom_msgs/local/lib/python3.10/dist-packages/custom_msgs/custom_msgs_s__rosidl_typesupport_c.cpython-310-aarch64-linux-gnu.so" to ""
[34.774s] -- Installing: /home/vedant/OdriveCANControl/src/install/custom_msgs/lib/libcustom_msgs__rosidl_generator_py.so
[34.777s] -- Set runtime path of "/home/vedant/OdriveCANControl/src/install/custom_msgs/lib/libcustom_msgs__rosidl_generator_py.so" to ""
[34.777s] -- Installing: /home/vedant/OdriveCANControl/src/install/custom_msgs/share/custom_msgs/msg/MotionState.idl
[34.779s] -- Installing: /home/vedant/OdriveCANControl/src/install/custom_msgs/share/custom_msgs/srv/ODriveCommand.idl
[34.780s] -- Installing: /home/vedant/OdriveCANControl/src/install/custom_msgs/share/custom_msgs/msg/MotionState.msg
[34.781s] -- Installing: /home/vedant/OdriveCANControl/src/install/custom_msgs/share/custom_msgs/srv/ODriveCommand.srv
[34.783s] -- Installing: /home/vedant/OdriveCANControl/src/install/custom_msgs/share/custom_msgs/srv/ODriveCommand_Request.msg
[34.784s] -- Installing: /home/vedant/OdriveCANControl/src/install/custom_msgs/share/custom_msgs/srv/ODriveCommand_Response.msg
[34.786s] -- Installing: /home/vedant/OdriveCANControl/src/install/custom_msgs/share/ament_index/resource_index/package_run_dependencies/custom_msgs
[34.787s] -- Installing: /home/vedant/OdriveCANControl/src/install/custom_msgs/share/ament_index/resource_index/parent_prefix_path/custom_msgs
[34.789s] -- Installing: /home/vedant/OdriveCANControl/src/install/custom_msgs/share/custom_msgs/environment/ament_prefix_path.sh
[34.790s] -- Installing: /home/vedant/OdriveCANControl/src/install/custom_msgs/share/custom_msgs/environment/ament_prefix_path.dsv
[34.791s] -- Installing: /home/vedant/OdriveCANControl/src/install/custom_msgs/share/custom_msgs/environment/path.sh
[34.792s] -- Installing: /home/vedant/OdriveCANControl/src/install/custom_msgs/share/custom_msgs/environment/path.dsv
[34.794s] -- Installing: /home/vedant/OdriveCANControl/src/install/custom_msgs/share/custom_msgs/local_setup.bash
[34.795s] -- Installing: /home/vedant/OdriveCANControl/src/install/custom_msgs/share/custom_msgs/local_setup.sh
[34.796s] -- Installing: /home/vedant/OdriveCANControl/src/install/custom_msgs/share/custom_msgs/local_setup.zsh
[34.797s] -- Installing: /home/vedant/OdriveCANControl/src/install/custom_msgs/share/custom_msgs/local_setup.dsv
[34.799s] -- Installing: /home/vedant/OdriveCANControl/src/install/custom_msgs/share/custom_msgs/package.dsv
[34.800s] -- Installing: /home/vedant/OdriveCANControl/src/install/custom_msgs/share/ament_index/resource_index/packages/custom_msgs
[34.802s] -- Installing: /home/vedant/OdriveCANControl/src/install/custom_msgs/share/custom_msgs/cmake/export_custom_msgs__rosidl_generator_cExport.cmake
[34.804s] -- Installing: /home/vedant/OdriveCANControl/src/install/custom_msgs/share/custom_msgs/cmake/export_custom_msgs__rosidl_generator_cExport-noconfig.cmake
[34.805s] -- Installing: /home/vedant/OdriveCANControl/src/install/custom_msgs/share/custom_msgs/cmake/export_custom_msgs__rosidl_typesupport_fastrtps_cExport.cmake
[34.807s] -- Installing: /home/vedant/OdriveCANControl/src/install/custom_msgs/share/custom_msgs/cmake/export_custom_msgs__rosidl_typesupport_fastrtps_cExport-noconfig.cmake
[34.808s] -- Installing: /home/vedant/OdriveCANControl/src/install/custom_msgs/share/custom_msgs/cmake/custom_msgs__rosidl_typesupport_introspection_cExport.cmake
[34.810s] -- Installing: /home/vedant/OdriveCANControl/src/install/custom_msgs/share/custom_msgs/cmake/custom_msgs__rosidl_typesupport_introspection_cExport-noconfig.cmake
[34.811s] -- Installing: /home/vedant/OdriveCANControl/src/install/custom_msgs/share/custom_msgs/cmake/custom_msgs__rosidl_typesupport_cExport.cmake
[34.813s] -- Installing: /home/vedant/OdriveCANControl/src/install/custom_msgs/share/custom_msgs/cmake/custom_msgs__rosidl_typesupport_cExport-noconfig.cmake
[34.814s] -- Installing: /home/vedant/OdriveCANControl/src/install/custom_msgs/share/custom_msgs/cmake/export_custom_msgs__rosidl_generator_cppExport.cmake
[34.816s] -- Installing: /home/vedant/OdriveCANControl/src/install/custom_msgs/share/custom_msgs/cmake/export_custom_msgs__rosidl_typesupport_fastrtps_cppExport.cmake
[34.817s] -- Installing: /home/vedant/OdriveCANControl/src/install/custom_msgs/share/custom_msgs/cmake/export_custom_msgs__rosidl_typesupport_fastrtps_cppExport-noconfig.cmake
[34.819s] -- Installing: /home/vedant/OdriveCANControl/src/install/custom_msgs/share/custom_msgs/cmake/custom_msgs__rosidl_typesupport_introspection_cppExport.cmake
[34.821s] -- Installing: /home/vedant/OdriveCANControl/src/install/custom_msgs/share/custom_msgs/cmake/custom_msgs__rosidl_typesupport_introspection_cppExport-noconfig.cmake
[34.822s] -- Installing: /home/vedant/OdriveCANControl/src/install/custom_msgs/share/custom_msgs/cmake/custom_msgs__rosidl_typesupport_cppExport.cmake
[34.823s] -- Installing: /home/vedant/OdriveCANControl/src/install/custom_msgs/share/custom_msgs/cmake/custom_msgs__rosidl_typesupport_cppExport-noconfig.cmake
[34.825s] -- Installing: /home/vedant/OdriveCANControl/src/install/custom_msgs/share/custom_msgs/cmake/export_custom_msgs__rosidl_generator_pyExport.cmake
[34.827s] -- Installing: /home/vedant/OdriveCANControl/src/install/custom_msgs/share/custom_msgs/cmake/export_custom_msgs__rosidl_generator_pyExport-noconfig.cmake
[34.828s] -- Installing: /home/vedant/OdriveCANControl/src/install/custom_msgs/share/custom_msgs/cmake/rosidl_cmake-extras.cmake
[34.829s] -- Installing: /home/vedant/OdriveCANControl/src/install/custom_msgs/share/custom_msgs/cmake/ament_cmake_export_dependencies-extras.cmake
[34.832s] -- Installing: /home/vedant/OdriveCANControl/src/install/custom_msgs/share/custom_msgs/cmake/ament_cmake_export_include_directories-extras.cmake
[34.832s] -- Installing: /home/vedant/OdriveCANControl/src/install/custom_msgs/share/custom_msgs/cmake/ament_cmake_export_libraries-extras.cmake
[34.834s] -- Installing: /home/vedant/OdriveCANControl/src/install/custom_msgs/share/custom_msgs/cmake/ament_cmake_export_targets-extras.cmake
[34.835s] -- Installing: /home/vedant/OdriveCANControl/src/install/custom_msgs/share/custom_msgs/cmake/rosidl_cmake_export_typesupport_targets-extras.cmake
[34.836s] -- Installing: /home/vedant/OdriveCANControl/src/install/custom_msgs/share/custom_msgs/cmake/rosidl_cmake_export_typesupport_libraries-extras.cmake
[34.838s] -- Installing: /home/vedant/OdriveCANControl/src/install/custom_msgs/share/custom_msgs/cmake/custom_msgsConfig.cmake
[34.839s] -- Installing: /home/vedant/OdriveCANControl/src/install/custom_msgs/share/custom_msgs/cmake/custom_msgsConfig-version.cmake
[34.840s] -- Installing: /home/vedant/OdriveCANControl/src/install/custom_msgs/share/custom_msgs/package.xml
[34.850s] Invoked command in '/home/vedant/OdriveCANControl/src/build/custom_msgs' returned '0': CMAKE_PREFIX_PATH=${CMAKE_PREFIX_PATH}:/home/vedant/OdriveCANControl/src/install/encoder:/home/vedant/OdriveCANControl/install/controller:/opt/ros/humble /usr/bin/cmake --install /home/vedant/OdriveCANControl/src/build/custom_msgs
