[8.666s] Invoking command in '/home/vedant/OdriveCANControl/src/controller': AMENT_PREFIX_PATH=/home/vedant/OdriveCANControl/install/custom_msgs:${AMENT_PREFIX_PATH} CMAKE_PREFIX_PATH=/home/vedant/OdriveCANControl/install/custom_msgs LD_LIBRARY_PATH=/home/vedant/OdriveCANControl/install/custom_msgs/lib:${LD_LIBRARY_PATH} PYTHONPATH=/home/vedant/OdriveCANControl/build/controller/prefix_override:/usr/lib/python3/dist-packages/colcon_core/task/python/colcon_distutils_commands:/home/vedant/OdriveCANControl/install/controller/lib/python3.10/site-packages:/home/vedant/OdriveCANControl/install/custom_msgs/local/lib/python3.10/dist-packages:${PYTHONPATH} /usr/bin/python3 -W ignore:setup.py install is deprecated -W ignore:easy_install command is deprecated setup.py egg_info --egg-base ../../build/controller build --build-base /home/vedant/OdriveCANControl/build/controller/build install --record /home/vedant/OdriveCANControl/build/controller/install.log --single-version-externally-managed install_data
[10.569s] running egg_info
[10.572s] writing ../../build/controller/controller.egg-info/PKG-INFO
[10.574s] writing dependency_links to ../../build/controller/controller.egg-info/dependency_links.txt
[10.575s] writing entry points to ../../build/controller/controller.egg-info/entry_points.txt
[10.576s] writing requirements to ../../build/controller/controller.egg-info/requires.txt
[10.577s] writing top-level names to ../../build/controller/controller.egg-info/top_level.txt
[10.588s] reading manifest file '../../build/controller/controller.egg-info/SOURCES.txt'
[10.597s] writing manifest file '../../build/controller/controller.egg-info/SOURCES.txt'
[10.598s] running build
[10.598s] running build_py
[10.601s] running install
[10.603s] running install_lib
[10.612s] running install_data
[10.613s] running install_egg_info
[10.623s] removing '/home/vedant/OdriveCANControl/install/controller/lib/python3.10/site-packages/controller-0.0.0-py3.10.egg-info' (and everything under it)
[10.626s] Copying ../../build/controller/controller.egg-info to /home/vedant/OdriveCANControl/install/controller/lib/python3.10/site-packages/controller-0.0.0-py3.10.egg-info
[10.642s] running install_scripts
[10.768s] Installing Impedance_Control script to /home/vedant/OdriveCANControl/install/controller/lib/controller
[10.770s] Installing friction_compensation_node script to /home/vedant/OdriveCANControl/install/controller/lib/controller
[10.772s] Installing odrive_controller script to /home/vedant/OdriveCANControl/install/controller/lib/controller
[10.775s] writing list of installed files to '/home/vedant/OdriveCANControl/build/controller/install.log'
[10.978s] Invoked command in '/home/vedant/OdriveCANControl/src/controller' returned '0': AMENT_PREFIX_PATH=/home/vedant/OdriveCANControl/install/custom_msgs:${AMENT_PREFIX_PATH} CMAKE_PREFIX_PATH=/home/vedant/OdriveCANControl/install/custom_msgs LD_LIBRARY_PATH=/home/vedant/OdriveCANControl/install/custom_msgs/lib:${LD_LIBRARY_PATH} PYTHONPATH=/home/vedant/OdriveCANControl/build/controller/prefix_override:/usr/lib/python3/dist-packages/colcon_core/task/python/colcon_distutils_commands:/home/vedant/OdriveCANControl/install/controller/lib/python3.10/site-packages:/home/vedant/OdriveCANControl/install/custom_msgs/local/lib/python3.10/dist-packages:${PYTHONPATH} /usr/bin/python3 -W ignore:setup.py install is deprecated -W ignore:easy_install command is deprecated setup.py egg_info --egg-base ../../build/controller build --build-base /home/vedant/OdriveCANControl/build/controller/build install --record /home/vedant/OdriveCANControl/build/controller/install.log --single-version-externally-managed install_data
