[0.054s] Invoking command in '/home/vedant/OdriveCANControl/build/custom_msgs': CMAKE_PREFIX_PATH=${CMAKE_PREFIX_PATH}:/home/vedant/OdriveCANControl/install/odrive_control_py:/home/vedant/OdriveCANControl/install/controller:/home/vedant/OdriveCANControl/install/encoder:/home/vedant/OdriveCANControl/install/data_logging:/opt/ros/humble /usr/bin/cmake --build /home/vedant/OdriveCANControl/build/custom_msgs -- -j4 -l4
[0.289s] [  2%] Built target custom_msgs__cpp
[0.304s] [ 12%] Built target custom_msgs__rosidl_generator_c
[0.348s] [ 12%] Built target ament_cmake_python_copy_custom_msgs
[0.417s] [ 23%] Built target custom_msgs__rosidl_typesupport_cpp
[0.423s] [ 33%] Built target custom_msgs__rosidl_typesupport_fastrtps_cpp
[0.440s] [ 43%] Built target custom_msgs__rosidl_typesupport_introspection_cpp
[0.466s] [ 53%] Built target custom_msgs__rosidl_typesupport_fastrtps_c
[0.528s] [ 64%] Built target custom_msgs__rosidl_typesupport_introspection_c
[0.549s] [ 74%] Built target custom_msgs__rosidl_typesupport_c
[0.658s] [ 74%] Built target custom_msgs
[0.755s] [ 76%] Built target custom_msgs__py
[0.858s] [ 84%] Built target custom_msgs__rosidl_generator_py
[0.980s] [ 89%] Built target custom_msgs__rosidl_typesupport_introspection_c__pyext
[0.989s] [ 94%] Built target custom_msgs__rosidl_typesupport_c__pyext
[1.003s] [100%] Built target custom_msgs__rosidl_typesupport_fastrtps_c__pyext
[1.751s] running egg_info
[1.755s] writing custom_msgs.egg-info/PKG-INFO
[1.756s] writing dependency_links to custom_msgs.egg-info/dependency_links.txt
[1.757s] writing top-level names to custom_msgs.egg-info/top_level.txt
[1.770s] reading manifest file 'custom_msgs.egg-info/SOURCES.txt'
[1.774s] writing manifest file 'custom_msgs.egg-info/SOURCES.txt'
[1.912s] [100%] Built target ament_cmake_python_build_custom_msgs_egg
[1.957s] Invoked command in '/home/vedant/OdriveCANControl/build/custom_msgs' returned '0': CMAKE_PREFIX_PATH=${CMAKE_PREFIX_PATH}:/home/vedant/OdriveCANControl/install/odrive_control_py:/home/vedant/OdriveCANControl/install/controller:/home/vedant/OdriveCANControl/install/encoder:/home/vedant/OdriveCANControl/install/data_logging:/opt/ros/humble /usr/bin/cmake --build /home/vedant/OdriveCANControl/build/custom_msgs -- -j4 -l4
[2.000s] Invoking command in '/home/vedant/OdriveCANControl/build/custom_msgs': CMAKE_PREFIX_PATH=${CMAKE_PREFIX_PATH}:/home/vedant/OdriveCANControl/install/odrive_control_py:/home/vedant/OdriveCANControl/install/controller:/home/vedant/OdriveCANControl/install/encoder:/home/vedant/OdriveCANControl/install/data_logging:/opt/ros/humble /usr/bin/cmake --install /home/vedant/OdriveCANControl/build/custom_msgs
[2.035s] -- Install configuration: ""
[2.035s] -- Up-to-date: /home/vedant/OdriveCANControl/install/custom_msgs/share/ament_index/resource_index/rosidl_interfaces/custom_msgs
[2.036s] -- Up-to-date: /home/vedant/OdriveCANControl/install/custom_msgs/include/custom_msgs/custom_msgs
[2.036s] -- Up-to-date: /home/vedant/OdriveCANControl/install/custom_msgs/include/custom_msgs/custom_msgs/srv
[2.037s] -- Up-to-date: /home/vedant/OdriveCANControl/install/custom_msgs/include/custom_msgs/custom_msgs/srv/detail
[2.037s] -- Up-to-date: /home/vedant/OdriveCANControl/install/custom_msgs/include/custom_msgs/custom_msgs/srv/detail/o_drive_command__functions.h
[2.037s] -- Up-to-date: /home/vedant/OdriveCANControl/install/custom_msgs/include/custom_msgs/custom_msgs/srv/detail/o_drive_command__type_support.h
[2.038s] -- Up-to-date: /home/vedant/OdriveCANControl/install/custom_msgs/include/custom_msgs/custom_msgs/srv/detail/o_drive_command__struct.h
[2.038s] -- Up-to-date: /home/vedant/OdriveCANControl/install/custom_msgs/include/custom_msgs/custom_msgs/srv/detail/o_drive_command__functions.c
[2.039s] -- Up-to-date: /home/vedant/OdriveCANControl/install/custom_msgs/include/custom_msgs/custom_msgs/srv/o_drive_command.h
[2.039s] -- Up-to-date: /home/vedant/OdriveCANControl/install/custom_msgs/include/custom_msgs/custom_msgs/msg
[2.040s] -- Up-to-date: /home/vedant/OdriveCANControl/install/custom_msgs/include/custom_msgs/custom_msgs/msg/motion_state.h
[2.040s] -- Up-to-date: /home/vedant/OdriveCANControl/install/custom_msgs/include/custom_msgs/custom_msgs/msg/rosidl_generator_c__visibility_control.h
[2.041s] -- Up-to-date: /home/vedant/OdriveCANControl/install/custom_msgs/include/custom_msgs/custom_msgs/msg/detail
[2.041s] -- Up-to-date: /home/vedant/OdriveCANControl/install/custom_msgs/include/custom_msgs/custom_msgs/msg/detail/motion_state__struct.h
[2.041s] -- Up-to-date: /home/vedant/OdriveCANControl/install/custom_msgs/include/custom_msgs/custom_msgs/msg/detail/motion_state__functions.c
[2.042s] -- Up-to-date: /home/vedant/OdriveCANControl/install/custom_msgs/include/custom_msgs/custom_msgs/msg/detail/motion_state__type_support.h
[2.042s] -- Up-to-date: /home/vedant/OdriveCANControl/install/custom_msgs/include/custom_msgs/custom_msgs/msg/detail/motion_state__functions.h
[2.042s] -- Up-to-date: /home/vedant/OdriveCANControl/install/custom_msgs/share/custom_msgs/environment/library_path.sh
[2.043s] -- Up-to-date: /home/vedant/OdriveCANControl/install/custom_msgs/share/custom_msgs/environment/library_path.dsv
[2.043s] -- Up-to-date: /home/vedant/OdriveCANControl/install/custom_msgs/lib/libcustom_msgs__rosidl_generator_c.so
[2.044s] -- Up-to-date: /home/vedant/OdriveCANControl/install/custom_msgs/include/custom_msgs/custom_msgs
[2.044s] -- Up-to-date: /home/vedant/OdriveCANControl/install/custom_msgs/include/custom_msgs/custom_msgs/srv
[2.045s] -- Up-to-date: /home/vedant/OdriveCANControl/install/custom_msgs/include/custom_msgs/custom_msgs/srv/detail
[2.045s] -- Up-to-date: /home/vedant/OdriveCANControl/install/custom_msgs/include/custom_msgs/custom_msgs/srv/detail/o_drive_command__rosidl_typesupport_fastrtps_c.h
[2.046s] -- Up-to-date: /home/vedant/OdriveCANControl/install/custom_msgs/include/custom_msgs/custom_msgs/msg
[2.046s] -- Up-to-date: /home/vedant/OdriveCANControl/install/custom_msgs/include/custom_msgs/custom_msgs/msg/detail
[2.046s] -- Up-to-date: /home/vedant/OdriveCANControl/install/custom_msgs/include/custom_msgs/custom_msgs/msg/detail/motion_state__rosidl_typesupport_fastrtps_c.h
[2.047s] -- Up-to-date: /home/vedant/OdriveCANControl/install/custom_msgs/include/custom_msgs/custom_msgs/msg/rosidl_typesupport_fastrtps_c__visibility_control.h
[2.047s] -- Up-to-date: /home/vedant/OdriveCANControl/install/custom_msgs/lib/libcustom_msgs__rosidl_typesupport_fastrtps_c.so
[2.049s] -- Up-to-date: /home/vedant/OdriveCANControl/install/custom_msgs/include/custom_msgs/custom_msgs
[2.049s] -- Up-to-date: /home/vedant/OdriveCANControl/install/custom_msgs/include/custom_msgs/custom_msgs/srv
[2.050s] -- Up-to-date: /home/vedant/OdriveCANControl/install/custom_msgs/include/custom_msgs/custom_msgs/srv/detail
[2.050s] -- Up-to-date: /home/vedant/OdriveCANControl/install/custom_msgs/include/custom_msgs/custom_msgs/srv/detail/o_drive_command__type_support.c
[2.051s] -- Up-to-date: /home/vedant/OdriveCANControl/install/custom_msgs/include/custom_msgs/custom_msgs/srv/detail/o_drive_command__rosidl_typesupport_introspection_c.h
[2.051s] -- Up-to-date: /home/vedant/OdriveCANControl/install/custom_msgs/include/custom_msgs/custom_msgs/msg
[2.051s] -- Up-to-date: /home/vedant/OdriveCANControl/install/custom_msgs/include/custom_msgs/custom_msgs/msg/detail
[2.052s] -- Up-to-date: /home/vedant/OdriveCANControl/install/custom_msgs/include/custom_msgs/custom_msgs/msg/detail/motion_state__rosidl_typesupport_introspection_c.h
[2.052s] -- Up-to-date: /home/vedant/OdriveCANControl/install/custom_msgs/include/custom_msgs/custom_msgs/msg/detail/motion_state__type_support.c
[2.052s] -- Up-to-date: /home/vedant/OdriveCANControl/install/custom_msgs/include/custom_msgs/custom_msgs/msg/rosidl_typesupport_introspection_c__visibility_control.h
[2.053s] -- Up-to-date: /home/vedant/OdriveCANControl/install/custom_msgs/lib/libcustom_msgs__rosidl_typesupport_introspection_c.so
[2.055s] -- Up-to-date: /home/vedant/OdriveCANControl/install/custom_msgs/lib/libcustom_msgs__rosidl_typesupport_c.so
[2.056s] -- Up-to-date: /home/vedant/OdriveCANControl/install/custom_msgs/include/custom_msgs/custom_msgs
[2.057s] -- Up-to-date: /home/vedant/OdriveCANControl/install/custom_msgs/include/custom_msgs/custom_msgs/srv
[2.057s] -- Up-to-date: /home/vedant/OdriveCANControl/install/custom_msgs/include/custom_msgs/custom_msgs/srv/o_drive_command.hpp
[2.058s] -- Up-to-date: /home/vedant/OdriveCANControl/install/custom_msgs/include/custom_msgs/custom_msgs/srv/detail
[2.058s] -- Up-to-date: /home/vedant/OdriveCANControl/install/custom_msgs/include/custom_msgs/custom_msgs/srv/detail/o_drive_command__struct.hpp
[2.059s] -- Up-to-date: /home/vedant/OdriveCANControl/install/custom_msgs/include/custom_msgs/custom_msgs/srv/detail/o_drive_command__traits.hpp
[2.059s] -- Up-to-date: /home/vedant/OdriveCANControl/install/custom_msgs/include/custom_msgs/custom_msgs/srv/detail/o_drive_command__builder.hpp
[2.060s] -- Up-to-date: /home/vedant/OdriveCANControl/install/custom_msgs/include/custom_msgs/custom_msgs/srv/detail/o_drive_command__type_support.hpp
[2.060s] -- Up-to-date: /home/vedant/OdriveCANControl/install/custom_msgs/include/custom_msgs/custom_msgs/msg
[2.060s] -- Up-to-date: /home/vedant/OdriveCANControl/install/custom_msgs/include/custom_msgs/custom_msgs/msg/rosidl_generator_cpp__visibility_control.hpp
[2.061s] -- Up-to-date: /home/vedant/OdriveCANControl/install/custom_msgs/include/custom_msgs/custom_msgs/msg/detail
[2.061s] -- Up-to-date: /home/vedant/OdriveCANControl/install/custom_msgs/include/custom_msgs/custom_msgs/msg/detail/motion_state__type_support.hpp
[2.062s] -- Up-to-date: /home/vedant/OdriveCANControl/install/custom_msgs/include/custom_msgs/custom_msgs/msg/detail/motion_state__traits.hpp
[2.062s] -- Up-to-date: /home/vedant/OdriveCANControl/install/custom_msgs/include/custom_msgs/custom_msgs/msg/detail/motion_state__builder.hpp
[2.063s] -- Up-to-date: /home/vedant/OdriveCANControl/install/custom_msgs/include/custom_msgs/custom_msgs/msg/detail/motion_state__struct.hpp
[2.063s] -- Up-to-date: /home/vedant/OdriveCANControl/install/custom_msgs/include/custom_msgs/custom_msgs/msg/motion_state.hpp
[2.063s] -- Up-to-date: /home/vedant/OdriveCANControl/install/custom_msgs/include/custom_msgs/custom_msgs
[2.064s] -- Up-to-date: /home/vedant/OdriveCANControl/install/custom_msgs/include/custom_msgs/custom_msgs/srv
[2.065s] -- Up-to-date: /home/vedant/OdriveCANControl/install/custom_msgs/include/custom_msgs/custom_msgs/srv/detail
[2.065s] -- Up-to-date: /home/vedant/OdriveCANControl/install/custom_msgs/include/custom_msgs/custom_msgs/srv/detail/o_drive_command__rosidl_typesupport_fastrtps_cpp.hpp
[2.065s] -- Up-to-date: /home/vedant/OdriveCANControl/install/custom_msgs/include/custom_msgs/custom_msgs/srv/detail/dds_fastrtps
[2.066s] -- Up-to-date: /home/vedant/OdriveCANControl/install/custom_msgs/include/custom_msgs/custom_msgs/msg
[2.066s] -- Up-to-date: /home/vedant/OdriveCANControl/install/custom_msgs/include/custom_msgs/custom_msgs/msg/rosidl_typesupport_fastrtps_cpp__visibility_control.h
[2.067s] -- Up-to-date: /home/vedant/OdriveCANControl/install/custom_msgs/include/custom_msgs/custom_msgs/msg/detail
[2.067s] -- Up-to-date: /home/vedant/OdriveCANControl/install/custom_msgs/include/custom_msgs/custom_msgs/msg/detail/motion_state__rosidl_typesupport_fastrtps_cpp.hpp
[2.068s] -- Up-to-date: /home/vedant/OdriveCANControl/install/custom_msgs/include/custom_msgs/custom_msgs/msg/detail/dds_fastrtps
[2.068s] -- Up-to-date: /home/vedant/OdriveCANControl/install/custom_msgs/lib/libcustom_msgs__rosidl_typesupport_fastrtps_cpp.so
[2.069s] -- Up-to-date: /home/vedant/OdriveCANControl/install/custom_msgs/include/custom_msgs/custom_msgs
[2.069s] -- Up-to-date: /home/vedant/OdriveCANControl/install/custom_msgs/include/custom_msgs/custom_msgs/srv
[2.074s] -- Up-to-date: /home/vedant/OdriveCANControl/install/custom_msgs/include/custom_msgs/custom_msgs/srv/detail
[2.075s] -- Up-to-date: /home/vedant/OdriveCANControl/install/custom_msgs/include/custom_msgs/custom_msgs/srv/detail/o_drive_command__rosidl_typesupport_introspection_cpp.hpp
[2.075s] -- Up-to-date: /home/vedant/OdriveCANControl/install/custom_msgs/include/custom_msgs/custom_msgs/srv/detail/o_drive_command__type_support.cpp
[2.075s] -- Up-to-date: /home/vedant/OdriveCANControl/install/custom_msgs/include/custom_msgs/custom_msgs/msg
[2.076s] -- Up-to-date: /home/vedant/OdriveCANControl/install/custom_msgs/include/custom_msgs/custom_msgs/msg/detail
[2.076s] -- Up-to-date: /home/vedant/OdriveCANControl/install/custom_msgs/include/custom_msgs/custom_msgs/msg/detail/motion_state__rosidl_typesupport_introspection_cpp.hpp
[2.076s] -- Up-to-date: /home/vedant/OdriveCANControl/install/custom_msgs/include/custom_msgs/custom_msgs/msg/detail/motion_state__type_support.cpp
[2.077s] -- Up-to-date: /home/vedant/OdriveCANControl/install/custom_msgs/lib/libcustom_msgs__rosidl_typesupport_introspection_cpp.so
[2.077s] -- Up-to-date: /home/vedant/OdriveCANControl/install/custom_msgs/lib/libcustom_msgs__rosidl_typesupport_cpp.so
[2.078s] -- Up-to-date: /home/vedant/OdriveCANControl/install/custom_msgs/share/custom_msgs/environment/pythonpath.sh
[2.078s] -- Up-to-date: /home/vedant/OdriveCANControl/install/custom_msgs/share/custom_msgs/environment/pythonpath.dsv
[2.079s] -- Up-to-date: /home/vedant/OdriveCANControl/install/custom_msgs/local/lib/python3.10/dist-packages/custom_msgs-0.0.0-py3.10.egg-info
[2.079s] -- Installing: /home/vedant/OdriveCANControl/install/custom_msgs/local/lib/python3.10/dist-packages/custom_msgs-0.0.0-py3.10.egg-info/PKG-INFO
[2.079s] -- Installing: /home/vedant/OdriveCANControl/install/custom_msgs/local/lib/python3.10/dist-packages/custom_msgs-0.0.0-py3.10.egg-info/top_level.txt
[2.080s] -- Installing: /home/vedant/OdriveCANControl/install/custom_msgs/local/lib/python3.10/dist-packages/custom_msgs-0.0.0-py3.10.egg-info/dependency_links.txt
[2.081s] -- Installing: /home/vedant/OdriveCANControl/install/custom_msgs/local/lib/python3.10/dist-packages/custom_msgs-0.0.0-py3.10.egg-info/SOURCES.txt
[2.082s] -- Up-to-date: /home/vedant/OdriveCANControl/install/custom_msgs/local/lib/python3.10/dist-packages/custom_msgs
[2.083s] -- Up-to-date: /home/vedant/OdriveCANControl/install/custom_msgs/local/lib/python3.10/dist-packages/custom_msgs/srv
[2.083s] -- Up-to-date: /home/vedant/OdriveCANControl/install/custom_msgs/local/lib/python3.10/dist-packages/custom_msgs/srv/_o_drive_command.py
[2.084s] -- Up-to-date: /home/vedant/OdriveCANControl/install/custom_msgs/local/lib/python3.10/dist-packages/custom_msgs/srv/__init__.py
[2.084s] -- Up-to-date: /home/vedant/OdriveCANControl/install/custom_msgs/local/lib/python3.10/dist-packages/custom_msgs/srv/_o_drive_command_s.c
[2.085s] -- Up-to-date: /home/vedant/OdriveCANControl/install/custom_msgs/local/lib/python3.10/dist-packages/custom_msgs/libcustom_msgs__rosidl_generator_py.so
[2.085s] -- Up-to-date: /home/vedant/OdriveCANControl/install/custom_msgs/local/lib/python3.10/dist-packages/custom_msgs/msg
[2.086s] -- Up-to-date: /home/vedant/OdriveCANControl/install/custom_msgs/local/lib/python3.10/dist-packages/custom_msgs/msg/_motion_state.py
[2.086s] -- Up-to-date: /home/vedant/OdriveCANControl/install/custom_msgs/local/lib/python3.10/dist-packages/custom_msgs/msg/__init__.py
[2.086s] -- Up-to-date: /home/vedant/OdriveCANControl/install/custom_msgs/local/lib/python3.10/dist-packages/custom_msgs/msg/_motion_state_s.c
[2.087s] -- Up-to-date: /home/vedant/OdriveCANControl/install/custom_msgs/local/lib/python3.10/dist-packages/custom_msgs/_custom_msgs_s.ep.rosidl_typesupport_introspection_c.c
[2.087s] -- Up-to-date: /home/vedant/OdriveCANControl/install/custom_msgs/local/lib/python3.10/dist-packages/custom_msgs/__init__.py
[2.088s] -- Up-to-date: /home/vedant/OdriveCANControl/install/custom_msgs/local/lib/python3.10/dist-packages/custom_msgs/custom_msgs_s__rosidl_typesupport_introspection_c.cpython-310-aarch64-linux-gnu.so
[2.088s] -- Up-to-date: /home/vedant/OdriveCANControl/install/custom_msgs/local/lib/python3.10/dist-packages/custom_msgs/custom_msgs_s__rosidl_typesupport_c.cpython-310-aarch64-linux-gnu.so
[2.088s] -- Up-to-date: /home/vedant/OdriveCANControl/install/custom_msgs/local/lib/python3.10/dist-packages/custom_msgs/_custom_msgs_s.ep.rosidl_typesupport_c.c
[2.089s] -- Up-to-date: /home/vedant/OdriveCANControl/install/custom_msgs/local/lib/python3.10/dist-packages/custom_msgs/_custom_msgs_s.ep.rosidl_typesupport_fastrtps_c.c
[2.089s] -- Up-to-date: /home/vedant/OdriveCANControl/install/custom_msgs/local/lib/python3.10/dist-packages/custom_msgs/custom_msgs_s__rosidl_typesupport_fastrtps_c.cpython-310-aarch64-linux-gnu.so
[2.261s] Listing '/home/vedant/OdriveCANControl/install/custom_msgs/local/lib/python3.10/dist-packages/custom_msgs'...
[2.262s] Listing '/home/vedant/OdriveCANControl/install/custom_msgs/local/lib/python3.10/dist-packages/custom_msgs/msg'...
[2.263s] Listing '/home/vedant/OdriveCANControl/install/custom_msgs/local/lib/python3.10/dist-packages/custom_msgs/srv'...
[2.285s] -- Up-to-date: /home/vedant/OdriveCANControl/install/custom_msgs/local/lib/python3.10/dist-packages/custom_msgs/custom_msgs_s__rosidl_typesupport_fastrtps_c.cpython-310-aarch64-linux-gnu.so
[2.288s] -- Up-to-date: /home/vedant/OdriveCANControl/install/custom_msgs/local/lib/python3.10/dist-packages/custom_msgs/custom_msgs_s__rosidl_typesupport_introspection_c.cpython-310-aarch64-linux-gnu.so
[2.291s] -- Up-to-date: /home/vedant/OdriveCANControl/install/custom_msgs/local/lib/python3.10/dist-packages/custom_msgs/custom_msgs_s__rosidl_typesupport_c.cpython-310-aarch64-linux-gnu.so
[2.293s] -- Up-to-date: /home/vedant/OdriveCANControl/install/custom_msgs/lib/libcustom_msgs__rosidl_generator_py.so
[2.295s] -- Up-to-date: /home/vedant/OdriveCANControl/install/custom_msgs/share/custom_msgs/msg/MotionState.idl
[2.296s] -- Up-to-date: /home/vedant/OdriveCANControl/install/custom_msgs/share/custom_msgs/srv/ODriveCommand.idl
[2.297s] -- Up-to-date: /home/vedant/OdriveCANControl/install/custom_msgs/share/custom_msgs/msg/MotionState.msg
[2.299s] -- Up-to-date: /home/vedant/OdriveCANControl/install/custom_msgs/share/custom_msgs/srv/ODriveCommand.srv
[2.300s] -- Up-to-date: /home/vedant/OdriveCANControl/install/custom_msgs/share/custom_msgs/srv/ODriveCommand_Request.msg
[2.301s] -- Up-to-date: /home/vedant/OdriveCANControl/install/custom_msgs/share/custom_msgs/srv/ODriveCommand_Response.msg
[2.303s] -- Up-to-date: /home/vedant/OdriveCANControl/install/custom_msgs/share/ament_index/resource_index/package_run_dependencies/custom_msgs
[2.303s] -- Up-to-date: /home/vedant/OdriveCANControl/install/custom_msgs/share/ament_index/resource_index/parent_prefix_path/custom_msgs
[2.304s] -- Up-to-date: /home/vedant/OdriveCANControl/install/custom_msgs/share/custom_msgs/environment/ament_prefix_path.sh
[2.304s] -- Up-to-date: /home/vedant/OdriveCANControl/install/custom_msgs/share/custom_msgs/environment/ament_prefix_path.dsv
[2.305s] -- Up-to-date: /home/vedant/OdriveCANControl/install/custom_msgs/share/custom_msgs/environment/path.sh
[2.305s] -- Up-to-date: /home/vedant/OdriveCANControl/install/custom_msgs/share/custom_msgs/environment/path.dsv
[2.306s] -- Up-to-date: /home/vedant/OdriveCANControl/install/custom_msgs/share/custom_msgs/local_setup.bash
[2.307s] -- Up-to-date: /home/vedant/OdriveCANControl/install/custom_msgs/share/custom_msgs/local_setup.sh
[2.307s] -- Up-to-date: /home/vedant/OdriveCANControl/install/custom_msgs/share/custom_msgs/local_setup.zsh
[2.307s] -- Up-to-date: /home/vedant/OdriveCANControl/install/custom_msgs/share/custom_msgs/local_setup.dsv
[2.308s] -- Installing: /home/vedant/OdriveCANControl/install/custom_msgs/share/custom_msgs/package.dsv
[2.308s] -- Up-to-date: /home/vedant/OdriveCANControl/install/custom_msgs/share/ament_index/resource_index/packages/custom_msgs
[2.309s] -- Up-to-date: /home/vedant/OdriveCANControl/install/custom_msgs/share/custom_msgs/cmake/export_custom_msgs__rosidl_generator_cExport.cmake
[2.309s] -- Up-to-date: /home/vedant/OdriveCANControl/install/custom_msgs/share/custom_msgs/cmake/export_custom_msgs__rosidl_generator_cExport-noconfig.cmake
[2.310s] -- Up-to-date: /home/vedant/OdriveCANControl/install/custom_msgs/share/custom_msgs/cmake/export_custom_msgs__rosidl_typesupport_fastrtps_cExport.cmake
[2.310s] -- Up-to-date: /home/vedant/OdriveCANControl/install/custom_msgs/share/custom_msgs/cmake/export_custom_msgs__rosidl_typesupport_fastrtps_cExport-noconfig.cmake
[2.311s] -- Up-to-date: /home/vedant/OdriveCANControl/install/custom_msgs/share/custom_msgs/cmake/custom_msgs__rosidl_typesupport_introspection_cExport.cmake
[2.312s] -- Up-to-date: /home/vedant/OdriveCANControl/install/custom_msgs/share/custom_msgs/cmake/custom_msgs__rosidl_typesupport_introspection_cExport-noconfig.cmake
[2.312s] -- Up-to-date: /home/vedant/OdriveCANControl/install/custom_msgs/share/custom_msgs/cmake/custom_msgs__rosidl_typesupport_cExport.cmake
[2.313s] -- Up-to-date: /home/vedant/OdriveCANControl/install/custom_msgs/share/custom_msgs/cmake/custom_msgs__rosidl_typesupport_cExport-noconfig.cmake
[2.314s] -- Up-to-date: /home/vedant/OdriveCANControl/install/custom_msgs/share/custom_msgs/cmake/export_custom_msgs__rosidl_generator_cppExport.cmake
[2.315s] -- Up-to-date: /home/vedant/OdriveCANControl/install/custom_msgs/share/custom_msgs/cmake/export_custom_msgs__rosidl_typesupport_fastrtps_cppExport.cmake
[2.315s] -- Up-to-date: /home/vedant/OdriveCANControl/install/custom_msgs/share/custom_msgs/cmake/export_custom_msgs__rosidl_typesupport_fastrtps_cppExport-noconfig.cmake
[2.316s] -- Up-to-date: /home/vedant/OdriveCANControl/install/custom_msgs/share/custom_msgs/cmake/custom_msgs__rosidl_typesupport_introspection_cppExport.cmake
[2.317s] -- Up-to-date: /home/vedant/OdriveCANControl/install/custom_msgs/share/custom_msgs/cmake/custom_msgs__rosidl_typesupport_introspection_cppExport-noconfig.cmake
[2.317s] -- Up-to-date: /home/vedant/OdriveCANControl/install/custom_msgs/share/custom_msgs/cmake/custom_msgs__rosidl_typesupport_cppExport.cmake
[2.318s] -- Up-to-date: /home/vedant/OdriveCANControl/install/custom_msgs/share/custom_msgs/cmake/custom_msgs__rosidl_typesupport_cppExport-noconfig.cmake
[2.318s] -- Up-to-date: /home/vedant/OdriveCANControl/install/custom_msgs/share/custom_msgs/cmake/export_custom_msgs__rosidl_generator_pyExport.cmake
[2.319s] -- Up-to-date: /home/vedant/OdriveCANControl/install/custom_msgs/share/custom_msgs/cmake/export_custom_msgs__rosidl_generator_pyExport-noconfig.cmake
[2.320s] -- Up-to-date: /home/vedant/OdriveCANControl/install/custom_msgs/share/custom_msgs/cmake/rosidl_cmake-extras.cmake
[2.321s] -- Up-to-date: /home/vedant/OdriveCANControl/install/custom_msgs/share/custom_msgs/cmake/ament_cmake_export_dependencies-extras.cmake
[2.321s] -- Up-to-date: /home/vedant/OdriveCANControl/install/custom_msgs/share/custom_msgs/cmake/ament_cmake_export_include_directories-extras.cmake
[2.322s] -- Up-to-date: /home/vedant/OdriveCANControl/install/custom_msgs/share/custom_msgs/cmake/ament_cmake_export_libraries-extras.cmake
[2.323s] -- Up-to-date: /home/vedant/OdriveCANControl/install/custom_msgs/share/custom_msgs/cmake/ament_cmake_export_targets-extras.cmake
[2.323s] -- Up-to-date: /home/vedant/OdriveCANControl/install/custom_msgs/share/custom_msgs/cmake/rosidl_cmake_export_typesupport_targets-extras.cmake
[2.324s] -- Up-to-date: /home/vedant/OdriveCANControl/install/custom_msgs/share/custom_msgs/cmake/rosidl_cmake_export_typesupport_libraries-extras.cmake
[2.324s] -- Up-to-date: /home/vedant/OdriveCANControl/install/custom_msgs/share/custom_msgs/cmake/custom_msgsConfig.cmake
[2.324s] -- Up-to-date: /home/vedant/OdriveCANControl/install/custom_msgs/share/custom_msgs/cmake/custom_msgsConfig-version.cmake
[2.325s] -- Up-to-date: /home/vedant/OdriveCANControl/install/custom_msgs/share/custom_msgs/package.xml
[2.330s] Invoked command in '/home/vedant/OdriveCANControl/build/custom_msgs' returned '0': CMAKE_PREFIX_PATH=${CMAKE_PREFIX_PATH}:/home/vedant/OdriveCANControl/install/odrive_control_py:/home/vedant/OdriveCANControl/install/controller:/home/vedant/OdriveCANControl/install/encoder:/home/vedant/OdriveCANControl/install/data_logging:/opt/ros/humble /usr/bin/cmake --install /home/vedant/OdriveCANControl/build/custom_msgs
