[35m[1mConsolidate compiler generated dependencies of target subscribe_send[0m
[ 33%] Built target control_node
[ 50%] [32mBuilding CXX object CMakeFiles/receive_send.dir/src/receive_send.cpp.o[0m
[ 83%] Built target subscribe_send
In file included from [01m[K/opt/ros/humble/include/rclcpp/rclcpp/logging.hpp:24[m[K,
                 from [01m[K/opt/ros/humble/include/rclcpp/rclcpp/client.hpp:40[m[K,
                 from [01m[K/opt/ros/humble/include/rclcpp/rclcpp/callback_group.hpp:24[m[K,
                 from [01m[K/opt/ros/humble/include/rclcpp/rclcpp/any_executable.hpp:20[m[K,
                 from [01m[K/opt/ros/humble/include/rclcpp/rclcpp/memory_strategy.hpp:25[m[K,
                 from [01m[K/opt/ros/humble/include/rclcpp/rclcpp/memory_strategies.hpp:18[m[K,
                 from [01m[K/opt/ros/humble/include/rclcpp/rclcpp/executor_options.hpp:20[m[K,
                 from [01m[K/opt/ros/humble/include/rclcpp/rclcpp/executor.hpp:37[m[K,
                 from [01m[K/opt/ros/humble/include/rclcpp/rclcpp/executors/multi_threaded_executor.hpp:25[m[K,
                 from [01m[K/opt/ros/humble/include/rclcpp/rclcpp/executors.hpp:21[m[K,
                 from [01m[K/opt/ros/humble/include/rclcpp/rclcpp/rclcpp.hpp:155[m[K,
                 from [01m[K/home/vedant/gaitlab_ws/src/odrive_control_cpp/src/receive_send.cpp:1[m[K:
[01m[K/home/vedant/gaitlab_ws/src/odrive_control_cpp/src/receive_send.cpp:[m[K In member function ‘[01m[Kvoid ODrivePublisher::control_data_callback(std_msgs::msg::Float32_<std::allocator<void> >::SharedPtr)[m[K’:
[01m[K/home/vedant/gaitlab_ws/src/odrive_control_cpp/src/receive_send.cpp:27:37:[m[K [01;35m[Kwarning: [m[Kformat ‘[01m[K%d[m[K’ expects argument of type ‘[01m[Kint[m[K’, but argument 5 has type ‘[01m[Kdouble[m[K’ [[01;35m[K]8;;https://gcc.gnu.org/onlinedocs/gcc/Warning-Options.html#index-Wformat=-Wformat=]8;;[m[K]
   27 |     RCLCPP_INFO(this->get_logger(), [01;35m[K"Implementing Control Callback: %d"[m[K, [32m[Kcontrol_torque_[m[K);
      |                                     [01;35m[K^~~~~~~~~~~~~~~~~~~~~~~~~~~~~~~~~~~[m[K  [32m[K~~~~~~~~~~~~~~~[m[K
      |                                                                          [32m[K|[m[K
      |                                                                          [32m[Kdouble[m[K
[01m[K/home/vedant/gaitlab_ws/src/odrive_control_cpp/src/receive_send.cpp:27:70:[m[K [01;36m[Knote: [m[Kformat string is defined here
   27 |     RCLCPP_INFO(this->get_logger(), "Implementing Control Callback: [01;36m[K%d[m[K", control_torque_);
      |                                                                     [01;36m[K~^[m[K
      |                                                                      [01;36m[K|[m[K
      |                                                                      [01;36m[Kint[m[K
      |                                                                     [32m[K%f[m[K
[100%] [32m[1mLinking CXX executable receive_send[0m
[100%] Built target receive_send
-- Install configuration: ""
-- Up-to-date: /home/vedant/gaitlab_ws/install/odrive_control_cpp/lib/odrive_control_cpp/control_node
-- Up-to-date: /home/vedant/gaitlab_ws/install/odrive_control_cpp/lib/odrive_control_cpp/subscribe_send
-- Installing: /home/vedant/gaitlab_ws/install/odrive_control_cpp/lib/odrive_control_cpp/receive_send
-- Set runtime path of "/home/vedant/gaitlab_ws/install/odrive_control_cpp/lib/odrive_control_cpp/receive_send" to ""
-- Up-to-date: /home/vedant/gaitlab_ws/install/odrive_control_cpp/share/ament_index/resource_index/package_run_dependencies/odrive_control_cpp
-- Up-to-date: /home/vedant/gaitlab_ws/install/odrive_control_cpp/share/ament_index/resource_index/parent_prefix_path/odrive_control_cpp
-- Up-to-date: /home/vedant/gaitlab_ws/install/odrive_control_cpp/share/odrive_control_cpp/environment/ament_prefix_path.sh
-- Up-to-date: /home/vedant/gaitlab_ws/install/odrive_control_cpp/share/odrive_control_cpp/environment/ament_prefix_path.dsv
-- Up-to-date: /home/vedant/gaitlab_ws/install/odrive_control_cpp/share/odrive_control_cpp/environment/path.sh
-- Up-to-date: /home/vedant/gaitlab_ws/install/odrive_control_cpp/share/odrive_control_cpp/environment/path.dsv
-- Up-to-date: /home/vedant/gaitlab_ws/install/odrive_control_cpp/share/odrive_control_cpp/local_setup.bash
-- Up-to-date: /home/vedant/gaitlab_ws/install/odrive_control_cpp/share/odrive_control_cpp/local_setup.sh
-- Up-to-date: /home/vedant/gaitlab_ws/install/odrive_control_cpp/share/odrive_control_cpp/local_setup.zsh
-- Up-to-date: /home/vedant/gaitlab_ws/install/odrive_control_cpp/share/odrive_control_cpp/local_setup.dsv
-- Installing: /home/vedant/gaitlab_ws/install/odrive_control_cpp/share/odrive_control_cpp/package.dsv
-- Up-to-date: /home/vedant/gaitlab_ws/install/odrive_control_cpp/share/ament_index/resource_index/packages/odrive_control_cpp
-- Up-to-date: /home/vedant/gaitlab_ws/install/odrive_control_cpp/share/odrive_control_cpp/cmake/odrive_control_cppConfig.cmake
-- Up-to-date: /home/vedant/gaitlab_ws/install/odrive_control_cpp/share/odrive_control_cpp/cmake/odrive_control_cppConfig-version.cmake
-- Up-to-date: /home/vedant/gaitlab_ws/install/odrive_control_cpp/share/odrive_control_cpp/package.xml
