[0.017s] Invoking command in '/home/vedant/gaitlab_ws/build/odrive_control_cpp': CMAKE_PREFIX_PATH=/home/vedant/gaitlab_ws/install/odrive_can:/home/vedant/gaitlab_ws/install/odrive_control_cpp:/home/vedant/gaitlab_ws/install/odrive_control:/home/vedant/gaitlab_ws/install/odrive_control_py:/opt/ros/humble /usr/bin/cmake --build /home/vedant/gaitlab_ws/build/odrive_control_cpp -- -j4 -l4
[0.071s] [35m[1mConsolidate compiler generated dependencies of target subscribe_send[0m
[0.089s] [ 33%] Built target control_node
[0.090s] [ 50%] [32mBuilding CXX object CMakeFiles/receive_send.dir/src/receive_send.cpp.o[0m
[0.094s] [ 83%] Built target subscribe_send
[3.513s] In file included from [01m[K/opt/ros/humble/include/rclcpp/rclcpp/logging.hpp:24[m[K,
[3.514s]                  from [01m[K/opt/ros/humble/include/rclcpp/rclcpp/client.hpp:40[m[K,
[3.514s]                  from [01m[K/opt/ros/humble/include/rclcpp/rclcpp/callback_group.hpp:24[m[K,
[3.514s]                  from [01m[K/opt/ros/humble/include/rclcpp/rclcpp/any_executable.hpp:20[m[K,
[3.514s]                  from [01m[K/opt/ros/humble/include/rclcpp/rclcpp/memory_strategy.hpp:25[m[K,
[3.514s]                  from [01m[K/opt/ros/humble/include/rclcpp/rclcpp/memory_strategies.hpp:18[m[K,
[3.514s]                  from [01m[K/opt/ros/humble/include/rclcpp/rclcpp/executor_options.hpp:20[m[K,
[3.514s]                  from [01m[K/opt/ros/humble/include/rclcpp/rclcpp/executor.hpp:37[m[K,
[3.514s]                  from [01m[K/opt/ros/humble/include/rclcpp/rclcpp/executors/multi_threaded_executor.hpp:25[m[K,
[3.514s]                  from [01m[K/opt/ros/humble/include/rclcpp/rclcpp/executors.hpp:21[m[K,
[3.514s]                  from [01m[K/opt/ros/humble/include/rclcpp/rclcpp/rclcpp.hpp:155[m[K,
[3.514s]                  from [01m[K/home/vedant/gaitlab_ws/src/odrive_control_cpp/src/receive_send.cpp:1[m[K:
[3.515s] [01m[K/home/vedant/gaitlab_ws/src/odrive_control_cpp/src/receive_send.cpp:[m[K In member function ‘[01m[Kvoid ODrivePublisher::control_data_callback(std_msgs::msg::Float32_<std::allocator<void> >::SharedPtr)[m[K’:
[3.515s] [01m[K/home/vedant/gaitlab_ws/src/odrive_control_cpp/src/receive_send.cpp:27:37:[m[K [01;35m[Kwarning: [m[Kformat ‘[01m[K%d[m[K’ expects argument of type ‘[01m[Kint[m[K’, but argument 5 has type ‘[01m[Kdouble[m[K’ [[01;35m[K]8;;https://gcc.gnu.org/onlinedocs/gcc/Warning-Options.html#index-Wformat=-Wformat=]8;;[m[K]
[3.515s]    27 |     RCLCPP_INFO(this->get_logger(), [01;35m[K"Implementing Control Callback: %d"[m[K, [32m[Kcontrol_torque_[m[K);
[3.515s]       |                                     [01;35m[K^~~~~~~~~~~~~~~~~~~~~~~~~~~~~~~~~~~[m[K  [32m[K~~~~~~~~~~~~~~~[m[K
[3.515s]       |                                                                          [32m[K|[m[K
[3.515s]       |                                                                          [32m[Kdouble[m[K
[3.515s] [01m[K/home/vedant/gaitlab_ws/src/odrive_control_cpp/src/receive_send.cpp:27:70:[m[K [01;36m[Knote: [m[Kformat string is defined here
[3.515s]    27 |     RCLCPP_INFO(this->get_logger(), "Implementing Control Callback: [01;36m[K%d[m[K", control_torque_);
[3.515s]       |                                                                     [01;36m[K~^[m[K
[3.515s]       |                                                                      [01;36m[K|[m[K
[3.516s]       |                                                                      [01;36m[Kint[m[K
[3.516s]       |                                                                     [32m[K%f[m[K
[12.279s] [100%] [32m[1mLinking CXX executable receive_send[0m
[12.878s] [100%] Built target receive_send
[12.893s] Invoked command in '/home/vedant/gaitlab_ws/build/odrive_control_cpp' returned '0': CMAKE_PREFIX_PATH=/home/vedant/gaitlab_ws/install/odrive_can:/home/vedant/gaitlab_ws/install/odrive_control_cpp:/home/vedant/gaitlab_ws/install/odrive_control:/home/vedant/gaitlab_ws/install/odrive_control_py:/opt/ros/humble /usr/bin/cmake --build /home/vedant/gaitlab_ws/build/odrive_control_cpp -- -j4 -l4
[12.941s] Invoking command in '/home/vedant/gaitlab_ws/build/odrive_control_cpp': CMAKE_PREFIX_PATH=/home/vedant/gaitlab_ws/install/odrive_can:/home/vedant/gaitlab_ws/install/odrive_control_cpp:/home/vedant/gaitlab_ws/install/odrive_control:/home/vedant/gaitlab_ws/install/odrive_control_py:/opt/ros/humble /usr/bin/cmake --install /home/vedant/gaitlab_ws/build/odrive_control_cpp
[12.950s] -- Install configuration: ""
[12.950s] -- Up-to-date: /home/vedant/gaitlab_ws/install/odrive_control_cpp/lib/odrive_control_cpp/control_node
[12.950s] -- Up-to-date: /home/vedant/gaitlab_ws/install/odrive_control_cpp/lib/odrive_control_cpp/subscribe_send
[12.951s] -- Installing: /home/vedant/gaitlab_ws/install/odrive_control_cpp/lib/odrive_control_cpp/receive_send
[12.956s] -- Set runtime path of "/home/vedant/gaitlab_ws/install/odrive_control_cpp/lib/odrive_control_cpp/receive_send" to ""
[12.956s] -- Up-to-date: /home/vedant/gaitlab_ws/install/odrive_control_cpp/share/ament_index/resource_index/package_run_dependencies/odrive_control_cpp
[12.956s] -- Up-to-date: /home/vedant/gaitlab_ws/install/odrive_control_cpp/share/ament_index/resource_index/parent_prefix_path/odrive_control_cpp
[12.957s] -- Up-to-date: /home/vedant/gaitlab_ws/install/odrive_control_cpp/share/odrive_control_cpp/environment/ament_prefix_path.sh
[12.957s] -- Up-to-date: /home/vedant/gaitlab_ws/install/odrive_control_cpp/share/odrive_control_cpp/environment/ament_prefix_path.dsv
[12.957s] -- Up-to-date: /home/vedant/gaitlab_ws/install/odrive_control_cpp/share/odrive_control_cpp/environment/path.sh
[12.957s] -- Up-to-date: /home/vedant/gaitlab_ws/install/odrive_control_cpp/share/odrive_control_cpp/environment/path.dsv
[12.957s] -- Up-to-date: /home/vedant/gaitlab_ws/install/odrive_control_cpp/share/odrive_control_cpp/local_setup.bash
[12.957s] -- Up-to-date: /home/vedant/gaitlab_ws/install/odrive_control_cpp/share/odrive_control_cpp/local_setup.sh
[12.957s] -- Up-to-date: /home/vedant/gaitlab_ws/install/odrive_control_cpp/share/odrive_control_cpp/local_setup.zsh
[12.957s] -- Up-to-date: /home/vedant/gaitlab_ws/install/odrive_control_cpp/share/odrive_control_cpp/local_setup.dsv
[12.957s] -- Installing: /home/vedant/gaitlab_ws/install/odrive_control_cpp/share/odrive_control_cpp/package.dsv
[12.957s] -- Up-to-date: /home/vedant/gaitlab_ws/install/odrive_control_cpp/share/ament_index/resource_index/packages/odrive_control_cpp
[12.958s] -- Up-to-date: /home/vedant/gaitlab_ws/install/odrive_control_cpp/share/odrive_control_cpp/cmake/odrive_control_cppConfig.cmake
[12.958s] -- Up-to-date: /home/vedant/gaitlab_ws/install/odrive_control_cpp/share/odrive_control_cpp/cmake/odrive_control_cppConfig-version.cmake
[12.958s] -- Up-to-date: /home/vedant/gaitlab_ws/install/odrive_control_cpp/share/odrive_control_cpp/package.xml
[12.962s] Invoked command in '/home/vedant/gaitlab_ws/build/odrive_control_cpp' returned '0': CMAKE_PREFIX_PATH=/home/vedant/gaitlab_ws/install/odrive_can:/home/vedant/gaitlab_ws/install/odrive_control_cpp:/home/vedant/gaitlab_ws/install/odrive_control:/home/vedant/gaitlab_ws/install/odrive_control_py:/opt/ros/humble /usr/bin/cmake --install /home/vedant/gaitlab_ws/build/odrive_control_cpp
