[1.432s] Invoking command in '/home/vedant/gaitlab_ws/src/bag_recorder_nodes_py': PYTHONPATH=/home/vedant/gaitlab_ws/build/bag_recorder_nodes_py/prefix_override:/usr/lib/python3/dist-packages/colcon_core/task/python/colcon_distutils_commands:/home/vedant/gaitlab_ws/install/bag_recorder_nodes_py/lib/python3.10/site-packages:${PYTHONPATH} /usr/bin/python3 -W ignore:setup.py install is deprecated setup.py egg_info --egg-base ../../build/bag_recorder_nodes_py build --build-base /home/vedant/gaitlab_ws/build/bag_recorder_nodes_py/build install --record /home/vedant/gaitlab_ws/build/bag_recorder_nodes_py/install.log --single-version-externally-managed install_data
[1.948s] running egg_info
[1.948s] creating ../../build/bag_recorder_nodes_py/bag_recorder_nodes_py.egg-info
[1.949s] writing ../../build/bag_recorder_nodes_py/bag_recorder_nodes_py.egg-info/PKG-INFO
[1.949s] writing dependency_links to ../../build/bag_recorder_nodes_py/bag_recorder_nodes_py.egg-info/dependency_links.txt
[1.950s] writing entry points to ../../build/bag_recorder_nodes_py/bag_recorder_nodes_py.egg-info/entry_points.txt
[1.950s] writing requirements to ../../build/bag_recorder_nodes_py/bag_recorder_nodes_py.egg-info/requires.txt
[1.950s] writing top-level names to ../../build/bag_recorder_nodes_py/bag_recorder_nodes_py.egg-info/top_level.txt
[1.951s] writing manifest file '../../build/bag_recorder_nodes_py/bag_recorder_nodes_py.egg-info/SOURCES.txt'
[1.954s] reading manifest file '../../build/bag_recorder_nodes_py/bag_recorder_nodes_py.egg-info/SOURCES.txt'
[1.955s] adding license file 'LICENSE'
[1.956s] writing manifest file '../../build/bag_recorder_nodes_py/bag_recorder_nodes_py.egg-info/SOURCES.txt'
[1.956s] running build
[1.956s] running build_py
[1.957s] creating /home/vedant/gaitlab_ws/build/bag_recorder_nodes_py/build
[1.958s] creating /home/vedant/gaitlab_ws/build/bag_recorder_nodes_py/build/lib
[1.958s] creating /home/vedant/gaitlab_ws/build/bag_recorder_nodes_py/build/lib/bag_recorder_nodes_py
[1.958s] copying bag_recorder_nodes_py/__init__.py -> /home/vedant/gaitlab_ws/build/bag_recorder_nodes_py/build/lib/bag_recorder_nodes_py
[1.958s] copying bag_recorder_nodes_py/simple_bag_recorder.py -> /home/vedant/gaitlab_ws/build/bag_recorder_nodes_py/build/lib/bag_recorder_nodes_py
[1.961s] running install
[1.961s] running install_lib
[1.961s] creating /home/vedant/gaitlab_ws/install/bag_recorder_nodes_py/lib/python3.10/site-packages/bag_recorder_nodes_py
[1.962s] copying /home/vedant/gaitlab_ws/build/bag_recorder_nodes_py/build/lib/bag_recorder_nodes_py/__init__.py -> /home/vedant/gaitlab_ws/install/bag_recorder_nodes_py/lib/python3.10/site-packages/bag_recorder_nodes_py
[1.962s] copying /home/vedant/gaitlab_ws/build/bag_recorder_nodes_py/build/lib/bag_recorder_nodes_py/simple_bag_recorder.py -> /home/vedant/gaitlab_ws/install/bag_recorder_nodes_py/lib/python3.10/site-packages/bag_recorder_nodes_py
[1.962s] byte-compiling /home/vedant/gaitlab_ws/install/bag_recorder_nodes_py/lib/python3.10/site-packages/bag_recorder_nodes_py/__init__.py to __init__.cpython-310.pyc
[1.963s] byte-compiling /home/vedant/gaitlab_ws/install/bag_recorder_nodes_py/lib/python3.10/site-packages/bag_recorder_nodes_py/simple_bag_recorder.py to simple_bag_recorder.cpython-310.pyc
[1.965s] running install_data
[1.965s] creating /home/vedant/gaitlab_ws/install/bag_recorder_nodes_py/share/ament_index
[1.966s] creating /home/vedant/gaitlab_ws/install/bag_recorder_nodes_py/share/ament_index/resource_index
[1.966s] creating /home/vedant/gaitlab_ws/install/bag_recorder_nodes_py/share/ament_index/resource_index/packages
[1.967s] copying resource/bag_recorder_nodes_py -> /home/vedant/gaitlab_ws/install/bag_recorder_nodes_py/share/ament_index/resource_index/packages
[1.968s] copying package.xml -> /home/vedant/gaitlab_ws/install/bag_recorder_nodes_py/share/bag_recorder_nodes_py
[1.968s] running install_egg_info
[1.970s] Copying ../../build/bag_recorder_nodes_py/bag_recorder_nodes_py.egg-info to /home/vedant/gaitlab_ws/install/bag_recorder_nodes_py/lib/python3.10/site-packages/bag_recorder_nodes_py-0.0.0-py3.10.egg-info
[1.972s] running install_scripts
[2.013s] Installing simple_bag_recorder script to /home/vedant/gaitlab_ws/install/bag_recorder_nodes_py/lib/bag_recorder_nodes_py
[2.015s] writing list of installed files to '/home/vedant/gaitlab_ws/build/bag_recorder_nodes_py/install.log'
[2.073s] Invoked command in '/home/vedant/gaitlab_ws/src/bag_recorder_nodes_py' returned '0': PYTHONPATH=/home/vedant/gaitlab_ws/build/bag_recorder_nodes_py/prefix_override:/usr/lib/python3/dist-packages/colcon_core/task/python/colcon_distutils_commands:/home/vedant/gaitlab_ws/install/bag_recorder_nodes_py/lib/python3.10/site-packages:${PYTHONPATH} /usr/bin/python3 -W ignore:setup.py install is deprecated setup.py egg_info --egg-base ../../build/bag_recorder_nodes_py build --build-base /home/vedant/gaitlab_ws/build/bag_recorder_nodes_py/build install --record /home/vedant/gaitlab_ws/build/bag_recorder_nodes_py/install.log --single-version-externally-managed install_data
