[0.682s] Invoking command in '/home/vedant/gaitlab_ws/OdriveCANControl/src/app_server': AMENT_PREFIX_PATH=/home/vedant/gaitlab_ws/OdriveCANControl/install/odrive_can:${AMENT_PREFIX_PATH} CMAKE_PREFIX_PATH=/home/vedant/gaitlab_ws/OdriveCANControl/install/odrive_can LD_LIBRARY_PATH=/home/vedant/gaitlab_ws/OdriveCANControl/install/odrive_can/lib:${LD_LIBRARY_PATH} PYTHONPATH=/home/vedant/gaitlab_ws/OdriveCANControl/build/app_server/prefix_override:/home/vedant/gaitlab_ws/OdriveCANControl/install/app_server/lib/python3.10/site-packages:/home/vedant/gaitlab_ws/OdriveCANControl/install/odrive_can/local/lib/python3.10/dist-packages:${PYTHONPATH} /usr/bin/python3 -W ignore:setup.py install is deprecated setup.py egg_info --egg-base ../../build/app_server build --build-base /home/vedant/gaitlab_ws/OdriveCANControl/build/app_server/build install --record /home/vedant/gaitlab_ws/OdriveCANControl/build/app_server/install.log --single-version-externally-managed install_data
[0.773s] /home/vedant/.local/lib/python3.10/site-packages/setuptools/_distutils/dist.py:261: UserWarning: Unknown distribution option: 'tests_require'
[0.773s]   warnings.warn(msg)
[0.840s] running egg_info
[0.850s] creating ../../build/app_server/app_server.egg-info
[0.851s] writing ../../build/app_server/app_server.egg-info/PKG-INFO
[0.852s] writing dependency_links to ../../build/app_server/app_server.egg-info/dependency_links.txt
[0.852s] writing entry points to ../../build/app_server/app_server.egg-info/entry_points.txt
[0.852s] writing requirements to ../../build/app_server/app_server.egg-info/requires.txt
[0.852s] writing top-level names to ../../build/app_server/app_server.egg-info/top_level.txt
[0.852s] writing manifest file '../../build/app_server/app_server.egg-info/SOURCES.txt'
[0.875s] reading manifest file '../../build/app_server/app_server.egg-info/SOURCES.txt'
[0.876s] writing manifest file '../../build/app_server/app_server.egg-info/SOURCES.txt'
[0.876s] running build
[0.876s] running build_py
[0.876s] creating /home/vedant/gaitlab_ws/OdriveCANControl/build/app_server/build/lib/app_server
[0.878s] copying app_server/server_node.py -> /home/vedant/gaitlab_ws/OdriveCANControl/build/app_server/build/lib/app_server
[0.878s] copying app_server/__init__.py -> /home/vedant/gaitlab_ws/OdriveCANControl/build/app_server/build/lib/app_server
[0.878s] running install
[0.881s] running install_lib
[0.891s] creating /home/vedant/gaitlab_ws/OdriveCANControl/install/app_server/lib/python3.10/site-packages/app_server
[0.895s] copying /home/vedant/gaitlab_ws/OdriveCANControl/build/app_server/build/lib/app_server/server_node.py -> /home/vedant/gaitlab_ws/OdriveCANControl/install/app_server/lib/python3.10/site-packages/app_server
[0.895s] copying /home/vedant/gaitlab_ws/OdriveCANControl/build/app_server/build/lib/app_server/__init__.py -> /home/vedant/gaitlab_ws/OdriveCANControl/install/app_server/lib/python3.10/site-packages/app_server
[0.895s] byte-compiling /home/vedant/gaitlab_ws/OdriveCANControl/install/app_server/lib/python3.10/site-packages/app_server/server_node.py to server_node.cpython-310.pyc
[0.897s] byte-compiling /home/vedant/gaitlab_ws/OdriveCANControl/install/app_server/lib/python3.10/site-packages/app_server/__init__.py to __init__.cpython-310.pyc
[0.897s] running install_data
[0.897s] creating /home/vedant/gaitlab_ws/OdriveCANControl/install/app_server/share/ament_index/resource_index/packages
[0.898s] copying resource/app_server -> /home/vedant/gaitlab_ws/OdriveCANControl/install/app_server/share/ament_index/resource_index/packages
[0.898s] copying package.xml -> /home/vedant/gaitlab_ws/OdriveCANControl/install/app_server/share/app_server
[0.899s] running install_egg_info
[0.911s] Copying ../../build/app_server/app_server.egg-info to /home/vedant/gaitlab_ws/OdriveCANControl/install/app_server/lib/python3.10/site-packages/app_server-0.0.0-py3.10.egg-info
[0.912s] running install_scripts
[1.001s] Installing odrive_server_app script to /home/vedant/gaitlab_ws/OdriveCANControl/install/app_server/lib/app_server
[1.002s] writing list of installed files to '/home/vedant/gaitlab_ws/OdriveCANControl/build/app_server/install.log'
[1.019s] Invoked command in '/home/vedant/gaitlab_ws/OdriveCANControl/src/app_server' returned '0': AMENT_PREFIX_PATH=/home/vedant/gaitlab_ws/OdriveCANControl/install/odrive_can:${AMENT_PREFIX_PATH} CMAKE_PREFIX_PATH=/home/vedant/gaitlab_ws/OdriveCANControl/install/odrive_can LD_LIBRARY_PATH=/home/vedant/gaitlab_ws/OdriveCANControl/install/odrive_can/lib:${LD_LIBRARY_PATH} PYTHONPATH=/home/vedant/gaitlab_ws/OdriveCANControl/build/app_server/prefix_override:/home/vedant/gaitlab_ws/OdriveCANControl/install/app_server/lib/python3.10/site-packages:/home/vedant/gaitlab_ws/OdriveCANControl/install/odrive_can/local/lib/python3.10/dist-packages:${PYTHONPATH} /usr/bin/python3 -W ignore:setup.py install is deprecated setup.py egg_info --egg-base ../../build/app_server build --build-base /home/vedant/gaitlab_ws/OdriveCANControl/build/app_server/build install --record /home/vedant/gaitlab_ws/OdriveCANControl/build/app_server/install.log --single-version-externally-managed install_data
