running develop
running egg_info
writing odrive_control_py.egg-info/PKG-INFO
writing dependency_links to odrive_control_py.egg-info/dependency_links.txt
writing entry points to odrive_control_py.egg-info/entry_points.txt
writing requirements to odrive_control_py.egg-info/requires.txt
writing top-level names to odrive_control_py.egg-info/top_level.txt
reading manifest file 'odrive_control_py.egg-info/SOURCES.txt'
writing manifest file 'odrive_control_py.egg-info/SOURCES.txt'
running build_ext
Creating /home/vedant/OdriveCANControl/install/odrive_control_py/lib/python3.10/site-packages/odrive-control-py.egg-link (link to .)
Installing FCR_node script to /home/vedant/OdriveCANControl/install/odrive_control_py/lib/odrive_control_py
Installing app script to /home/vedant/OdriveCANControl/install/odrive_control_py/lib/odrive_control_py
Installing data_recording_node script to /home/vedant/OdriveCANControl/install/odrive_control_py/lib/odrive_control_py
Installing encoder_read_node script to /home/vedant/OdriveCANControl/install/odrive_control_py/lib/odrive_control_py
Installing odrive_control_node script to /home/vedant/OdriveCANControl/install/odrive_control_py/lib/odrive_control_py
Installing trial_odrive_control_node script to /home/vedant/OdriveCANControl/install/odrive_control_py/lib/odrive_control_py

Installed /home/vedant/OdriveCANControl/build/odrive_control_py
running symlink_data
symbolically linking /home/vedant/OdriveCANControl/build/odrive_control_py/resource/odrive_control_py -> /home/vedant/OdriveCANControl/install/odrive_control_py/share/ament_index/resource_index/packages
symbolically linking /home/vedant/OdriveCANControl/build/odrive_control_py/package.xml -> /home/vedant/OdriveCANControl/install/odrive_control_py/share/odrive_control_py
symbolically linking /home/vedant/OdriveCANControl/build/odrive_control_py/config/params.yaml -> /home/vedant/OdriveCANControl/install/odrive_control_py/share/odrive_control_py/config
