/home/vedant/gaitlab_ws/install/odrive_control_py/lib/python3.10/site-packages/odrive_control_py/trial_controlnode.py
/home/vedant/gaitlab_ws/install/odrive_control_py/lib/python3.10/site-packages/odrive_control_py/__init__.py
/home/vedant/gaitlab_ws/install/odrive_control_py/lib/python3.10/site-packages/odrive_control_py/record_data.py
/home/vedant/gaitlab_ws/install/odrive_control_py/lib/python3.10/site-packages/odrive_control_py/record_odrive_data.py
/home/vedant/gaitlab_ws/install/odrive_control_py/lib/python3.10/site-packages/odrive_control_py/control_node.py
/home/vedant/gaitlab_ws/install/odrive_control_py/lib/python3.10/site-packages/odrive_control_py/matlab_tcp_node.py
/home/vedant/gaitlab_ws/install/odrive_control_py/lib/python3.10/site-packages/odrive_control_py/__pycache__/trial_controlnode.cpython-310.pyc
/home/vedant/gaitlab_ws/install/odrive_control_py/lib/python3.10/site-packages/odrive_control_py/__pycache__/__init__.cpython-310.pyc
/home/vedant/gaitlab_ws/install/odrive_control_py/lib/python3.10/site-packages/odrive_control_py/__pycache__/record_data.cpython-310.pyc
/home/vedant/gaitlab_ws/install/odrive_control_py/lib/python3.10/site-packages/odrive_control_py/__pycache__/record_odrive_data.cpython-310.pyc
/home/vedant/gaitlab_ws/install/odrive_control_py/lib/python3.10/site-packages/odrive_control_py/__pycache__/control_node.cpython-310.pyc
/home/vedant/gaitlab_ws/install/odrive_control_py/lib/python3.10/site-packages/odrive_control_py/__pycache__/matlab_tcp_node.cpython-310.pyc
/home/vedant/gaitlab_ws/install/odrive_control_py/share/ament_index/resource_index/packages/odrive_control_py
/home/vedant/gaitlab_ws/install/odrive_control_py/share/odrive_control_py/package.xml
/home/vedant/gaitlab_ws/install/odrive_control_py/lib/python3.10/site-packages/odrive_control_py-0.0.0-py3.10.egg-info/top_level.txt
/home/vedant/gaitlab_ws/install/odrive_control_py/lib/python3.10/site-packages/odrive_control_py-0.0.0-py3.10.egg-info/dependency_links.txt
/home/vedant/gaitlab_ws/install/odrive_control_py/lib/python3.10/site-packages/odrive_control_py-0.0.0-py3.10.egg-info/requires.txt
/home/vedant/gaitlab_ws/install/odrive_control_py/lib/python3.10/site-packages/odrive_control_py-0.0.0-py3.10.egg-info/SOURCES.txt
/home/vedant/gaitlab_ws/install/odrive_control_py/lib/python3.10/site-packages/odrive_control_py-0.0.0-py3.10.egg-info/PKG-INFO
/home/vedant/gaitlab_ws/install/odrive_control_py/lib/python3.10/site-packages/odrive_control_py-0.0.0-py3.10.egg-info/entry_points.txt
/home/vedant/gaitlab_ws/install/odrive_control_py/lib/python3.10/site-packages/odrive_control_py-0.0.0-py3.10.egg-info/zip-safe
/home/vedant/gaitlab_ws/install/odrive_control_py/lib/odrive_control_py/matlab_tcp_node
/home/vedant/gaitlab_ws/install/odrive_control_py/lib/odrive_control_py/odrive_control_node
/home/vedant/gaitlab_ws/install/odrive_control_py/lib/odrive_control_py/record_data_node
/home/vedant/gaitlab_ws/install/odrive_control_py/lib/odrive_control_py/trial_odrive_control_node
