[2.777s] Invoking command in '/home/vedant/OdriveCANControl/src/controller': CMAKE_PREFIX_PATH=/home/vedant/OdriveCANControl/install/custom_msgs:/home/vedant/OdriveCANControl/install/robot_launch PYTHONPATH=/home/vedant/OdriveCANControl/build/controller/prefix_override:/usr/lib/python3/dist-packages/colcon_core/task/python/colcon_distutils_commands:/home/vedant/OdriveCANControl/install/controller/lib/python3.10/site-packages:${PYTHONPATH} /usr/bin/python3 -W ignore:setup.py install is deprecated -W ignore:easy_install command is deprecated setup.py egg_info --egg-base ../../build/controller build --build-base /home/vedant/OdriveCANControl/build/controller/build install --record /home/vedant/OdriveCANControl/build/controller/install.log --single-version-externally-managed install_data
[3.877s] running egg_info
[3.880s] writing ../../build/controller/controller.egg-info/PKG-INFO
[3.881s] writing dependency_links to ../../build/controller/controller.egg-info/dependency_links.txt
[3.882s] writing entry points to ../../build/controller/controller.egg-info/entry_points.txt
[3.883s] writing requirements to ../../build/controller/controller.egg-info/requires.txt
[3.883s] writing top-level names to ../../build/controller/controller.egg-info/top_level.txt
[3.892s] reading manifest file '../../build/controller/controller.egg-info/SOURCES.txt'
[3.896s] writing manifest file '../../build/controller/controller.egg-info/SOURCES.txt'
[3.897s] running build
[3.897s] running build_py
[3.900s] running install
[3.902s] running install_lib
[3.909s] running install_data
[3.910s] running install_egg_info
[3.917s] removing '/home/vedant/OdriveCANControl/install/controller/lib/python3.10/site-packages/controller-0.0.0-py3.10.egg-info' (and everything under it)
[3.919s] Copying ../../build/controller/controller.egg-info to /home/vedant/OdriveCANControl/install/controller/lib/python3.10/site-packages/controller-0.0.0-py3.10.egg-info
[3.925s] running install_scripts
[4.008s] Installing Impedance_Control script to /home/vedant/OdriveCANControl/install/controller/lib/controller
[4.009s] Installing friction_compensation_node script to /home/vedant/OdriveCANControl/install/controller/lib/controller
[4.010s] Installing odrive_controller script to /home/vedant/OdriveCANControl/install/controller/lib/controller
[4.012s] writing list of installed files to '/home/vedant/OdriveCANControl/build/controller/install.log'
[4.134s] Invoked command in '/home/vedant/OdriveCANControl/src/controller' returned '0': CMAKE_PREFIX_PATH=/home/vedant/OdriveCANControl/install/custom_msgs:/home/vedant/OdriveCANControl/install/robot_launch PYTHONPATH=/home/vedant/OdriveCANControl/build/controller/prefix_override:/usr/lib/python3/dist-packages/colcon_core/task/python/colcon_distutils_commands:/home/vedant/OdriveCANControl/install/controller/lib/python3.10/site-packages:${PYTHONPATH} /usr/bin/python3 -W ignore:setup.py install is deprecated -W ignore:easy_install command is deprecated setup.py egg_info --egg-base ../../build/controller build --build-base /home/vedant/OdriveCANControl/build/controller/build install --record /home/vedant/OdriveCANControl/build/controller/install.log --single-version-externally-managed install_data
