[0.477s] DEBUG:colcon:Command line arguments: ['/usr/bin/colcon', 'build', '--packages-select', 'robot_launch']
[0.477s] DEBUG:colcon:Parsed command line arguments: Namespace(log_base=None, log_level=None, verb_name='build', build_base='build', install_base='install', merge_install=False, symlink_install=False, test_result_base=None, continue_on_error=False, executor='parallel', parallel_workers=4, event_handlers=None, ignore_user_meta=False, metas=['./colcon.meta'], base_paths=['.'], packages_ignore=None, packages_ignore_regex=None, paths=None, packages_up_to=None, packages_up_to_regex=None, packages_above=None, packages_above_and_dependencies=None, packages_above_depth=None, packages_select_by_dep=None, packages_skip_by_dep=None, packages_skip_up_to=None, packages_select_build_failed=False, packages_skip_build_finished=False, packages_select_test_failures=False, packages_skip_test_passed=False, packages_select=['robot_launch'], packages_skip=None, packages_select_regex=None, packages_skip_regex=None, packages_start=None, packages_end=None, allow_overriding=[], cmake_args=None, cmake_target=None, cmake_target_skip_unavailable=False, cmake_clean_cache=False, cmake_clean_first=False, cmake_force_configure=False, ament_cmake_args=None, catkin_cmake_args=None, catkin_skip_building_tests=False, mixin_files=None, mixin=None, verb_parser=<colcon_mixin.mixin.mixin_argument.MixinArgumentDecorator object at 0xffff861f9840>, verb_extension=<colcon_core.verb.build.BuildVerb object at 0xffff86392740>, main=<bound method BuildVerb.main of <colcon_core.verb.build.BuildVerb object at 0xffff86392740>>, mixin_verb=('build',))
[1.261s] Level 1:colcon.colcon_core.package_discovery:discover_packages(colcon_meta) check parameters
[1.262s] Level 1:colcon.colcon_core.package_discovery:discover_packages(recursive) check parameters
[1.262s] Level 1:colcon.colcon_core.package_discovery:discover_packages(ignore) check parameters
[1.262s] Level 1:colcon.colcon_core.package_discovery:discover_packages(path) check parameters
[1.262s] Level 1:colcon.colcon_core.package_discovery:discover_packages(colcon_meta) discover
[1.263s] Level 1:colcon.colcon_core.package_discovery:discover_packages(recursive) discover
[1.263s] INFO:colcon.colcon_core.package_discovery:Crawling recursively for packages in '/home/vedant/OdriveCANControl'
[1.263s] Level 1:colcon.colcon_core.package_identification:_identify(.) by extensions ['ignore', 'ignore_ament_install']
[1.264s] Level 1:colcon.colcon_core.package_identification:_identify(.) by extension 'ignore'
[1.264s] Level 1:colcon.colcon_core.package_identification:_identify(.) by extension 'ignore_ament_install'
[1.264s] Level 1:colcon.colcon_core.package_identification:_identify(.) by extensions ['colcon_pkg']
[1.264s] Level 1:colcon.colcon_core.package_identification:_identify(.) by extension 'colcon_pkg'
[1.264s] Level 1:colcon.colcon_core.package_identification:_identify(.) by extensions ['colcon_meta']
[1.265s] Level 1:colcon.colcon_core.package_identification:_identify(.) by extension 'colcon_meta'
[1.265s] Level 1:colcon.colcon_core.package_identification:_identify(.) by extensions ['ros']
[1.265s] Level 1:colcon.colcon_core.package_identification:_identify(.) by extension 'ros'
[1.316s] Level 1:colcon.colcon_core.package_identification:_identify(.) by extensions ['cmake', 'python']
[1.316s] Level 1:colcon.colcon_core.package_identification:_identify(.) by extension 'cmake'
[1.316s] Level 1:colcon.colcon_core.package_identification:_identify(.) by extension 'python'
[1.316s] Level 1:colcon.colcon_core.package_identification:_identify(.) by extensions ['python_setup_py']
[1.317s] Level 1:colcon.colcon_core.package_identification:_identify(.) by extension 'python_setup_py'
[1.317s] Level 1:colcon.colcon_core.package_identification:_identify(build) by extensions ['ignore', 'ignore_ament_install']
[1.318s] Level 1:colcon.colcon_core.package_identification:_identify(build) by extension 'ignore'
[1.318s] Level 1:colcon.colcon_core.package_identification:_identify(build) ignored
[1.319s] Level 1:colcon.colcon_core.package_identification:_identify(install) by extensions ['ignore', 'ignore_ament_install']
[1.320s] Level 1:colcon.colcon_core.package_identification:_identify(install) by extension 'ignore'
[1.320s] Level 1:colcon.colcon_core.package_identification:_identify(install) ignored
[1.322s] Level 1:colcon.colcon_core.package_identification:_identify(log) by extensions ['ignore', 'ignore_ament_install']
[1.322s] Level 1:colcon.colcon_core.package_identification:_identify(log) by extension 'ignore'
[1.322s] Level 1:colcon.colcon_core.package_identification:_identify(log) ignored
[1.323s] Level 1:colcon.colcon_core.package_identification:_identify(src) by extensions ['ignore', 'ignore_ament_install']
[1.323s] Level 1:colcon.colcon_core.package_identification:_identify(src) by extension 'ignore'
[1.323s] Level 1:colcon.colcon_core.package_identification:_identify(src) by extension 'ignore_ament_install'
[1.323s] Level 1:colcon.colcon_core.package_identification:_identify(src) by extensions ['colcon_pkg']
[1.324s] Level 1:colcon.colcon_core.package_identification:_identify(src) by extension 'colcon_pkg'
[1.324s] Level 1:colcon.colcon_core.package_identification:_identify(src) by extensions ['colcon_meta']
[1.324s] Level 1:colcon.colcon_core.package_identification:_identify(src) by extension 'colcon_meta'
[1.324s] Level 1:colcon.colcon_core.package_identification:_identify(src) by extensions ['ros']
[1.324s] Level 1:colcon.colcon_core.package_identification:_identify(src) by extension 'ros'
[1.325s] Level 1:colcon.colcon_core.package_identification:_identify(src) by extensions ['cmake', 'python']
[1.325s] Level 1:colcon.colcon_core.package_identification:_identify(src) by extension 'cmake'
[1.325s] Level 1:colcon.colcon_core.package_identification:_identify(src) by extension 'python'
[1.325s] Level 1:colcon.colcon_core.package_identification:_identify(src) by extensions ['python_setup_py']
[1.325s] Level 1:colcon.colcon_core.package_identification:_identify(src) by extension 'python_setup_py'
[1.326s] Level 1:colcon.colcon_core.package_identification:_identify(src/app_server) by extensions ['ignore', 'ignore_ament_install']
[1.326s] Level 1:colcon.colcon_core.package_identification:_identify(src/app_server) by extension 'ignore'
[1.326s] Level 1:colcon.colcon_core.package_identification:_identify(src/app_server) by extension 'ignore_ament_install'
[1.326s] Level 1:colcon.colcon_core.package_identification:_identify(src/app_server) by extensions ['colcon_pkg']
[1.327s] Level 1:colcon.colcon_core.package_identification:_identify(src/app_server) by extension 'colcon_pkg'
[1.327s] Level 1:colcon.colcon_core.package_identification:_identify(src/app_server) by extensions ['colcon_meta']
[1.327s] Level 1:colcon.colcon_core.package_identification:_identify(src/app_server) by extension 'colcon_meta'
[1.327s] Level 1:colcon.colcon_core.package_identification:_identify(src/app_server) by extensions ['ros']
[1.327s] Level 1:colcon.colcon_core.package_identification:_identify(src/app_server) by extension 'ros'
[1.336s] DEBUG:colcon.colcon_core.package_identification:Package 'src/app_server' with type 'ros.ament_python' and name 'app_server'
[1.337s] Level 1:colcon.colcon_core.package_identification:_identify(src/controller) by extensions ['ignore', 'ignore_ament_install']
[1.337s] Level 1:colcon.colcon_core.package_identification:_identify(src/controller) by extension 'ignore'
[1.338s] Level 1:colcon.colcon_core.package_identification:_identify(src/controller) by extension 'ignore_ament_install'
[1.338s] Level 1:colcon.colcon_core.package_identification:_identify(src/controller) by extensions ['colcon_pkg']
[1.338s] Level 1:colcon.colcon_core.package_identification:_identify(src/controller) by extension 'colcon_pkg'
[1.339s] Level 1:colcon.colcon_core.package_identification:_identify(src/controller) by extensions ['colcon_meta']
[1.339s] Level 1:colcon.colcon_core.package_identification:_identify(src/controller) by extension 'colcon_meta'
[1.339s] Level 1:colcon.colcon_core.package_identification:_identify(src/controller) by extensions ['ros']
[1.339s] Level 1:colcon.colcon_core.package_identification:_identify(src/controller) by extension 'ros'
[1.342s] DEBUG:colcon.colcon_core.package_identification:Package 'src/controller' with type 'ros.ament_python' and name 'controller'
[1.343s] Level 1:colcon.colcon_core.package_identification:_identify(src/custom_msgs) by extensions ['ignore', 'ignore_ament_install']
[1.343s] Level 1:colcon.colcon_core.package_identification:_identify(src/custom_msgs) by extension 'ignore'
[1.344s] Level 1:colcon.colcon_core.package_identification:_identify(src/custom_msgs) by extension 'ignore_ament_install'
[1.344s] Level 1:colcon.colcon_core.package_identification:_identify(src/custom_msgs) by extensions ['colcon_pkg']
[1.344s] Level 1:colcon.colcon_core.package_identification:_identify(src/custom_msgs) by extension 'colcon_pkg'
[1.344s] Level 1:colcon.colcon_core.package_identification:_identify(src/custom_msgs) by extensions ['colcon_meta']
[1.344s] Level 1:colcon.colcon_core.package_identification:_identify(src/custom_msgs) by extension 'colcon_meta'
[1.345s] Level 1:colcon.colcon_core.package_identification:_identify(src/custom_msgs) by extensions ['ros']
[1.345s] Level 1:colcon.colcon_core.package_identification:_identify(src/custom_msgs) by extension 'ros'
[1.348s] DEBUG:colcon.colcon_core.package_identification:Package 'src/custom_msgs' with type 'ros.ament_cmake' and name 'custom_msgs'
[1.348s] Level 1:colcon.colcon_core.package_identification:_identify(src/data_logging) by extensions ['ignore', 'ignore_ament_install']
[1.349s] Level 1:colcon.colcon_core.package_identification:_identify(src/data_logging) by extension 'ignore'
[1.349s] Level 1:colcon.colcon_core.package_identification:_identify(src/data_logging) by extension 'ignore_ament_install'
[1.349s] Level 1:colcon.colcon_core.package_identification:_identify(src/data_logging) by extensions ['colcon_pkg']
[1.349s] Level 1:colcon.colcon_core.package_identification:_identify(src/data_logging) by extension 'colcon_pkg'
[1.350s] Level 1:colcon.colcon_core.package_identification:_identify(src/data_logging) by extensions ['colcon_meta']
[1.350s] Level 1:colcon.colcon_core.package_identification:_identify(src/data_logging) by extension 'colcon_meta'
[1.351s] Level 1:colcon.colcon_core.package_identification:_identify(src/data_logging) by extensions ['ros']
[1.351s] Level 1:colcon.colcon_core.package_identification:_identify(src/data_logging) by extension 'ros'
[1.353s] DEBUG:colcon.colcon_core.package_identification:Package 'src/data_logging' with type 'ros.ament_python' and name 'data_logging'
[1.354s] Level 1:colcon.colcon_core.package_identification:_identify(src/encoder) by extensions ['ignore', 'ignore_ament_install']
[1.354s] Level 1:colcon.colcon_core.package_identification:_identify(src/encoder) by extension 'ignore'
[1.355s] Level 1:colcon.colcon_core.package_identification:_identify(src/encoder) by extension 'ignore_ament_install'
[1.355s] Level 1:colcon.colcon_core.package_identification:_identify(src/encoder) by extensions ['colcon_pkg']
[1.355s] Level 1:colcon.colcon_core.package_identification:_identify(src/encoder) by extension 'colcon_pkg'
[1.355s] Level 1:colcon.colcon_core.package_identification:_identify(src/encoder) by extensions ['colcon_meta']
[1.355s] Level 1:colcon.colcon_core.package_identification:_identify(src/encoder) by extension 'colcon_meta'
[1.356s] Level 1:colcon.colcon_core.package_identification:_identify(src/encoder) by extensions ['ros']
[1.356s] Level 1:colcon.colcon_core.package_identification:_identify(src/encoder) by extension 'ros'
[1.359s] DEBUG:colcon.colcon_core.package_identification:Package 'src/encoder' with type 'ros.ament_python' and name 'encoder'
[1.359s] Level 1:colcon.colcon_core.package_identification:_identify(src/odrive_control_py) by extensions ['ignore', 'ignore_ament_install']
[1.360s] Level 1:colcon.colcon_core.package_identification:_identify(src/odrive_control_py) by extension 'ignore'
[1.360s] Level 1:colcon.colcon_core.package_identification:_identify(src/odrive_control_py) by extension 'ignore_ament_install'
[1.360s] Level 1:colcon.colcon_core.package_identification:_identify(src/odrive_control_py) by extensions ['colcon_pkg']
[1.360s] Level 1:colcon.colcon_core.package_identification:_identify(src/odrive_control_py) by extension 'colcon_pkg'
[1.361s] Level 1:colcon.colcon_core.package_identification:_identify(src/odrive_control_py) by extensions ['colcon_meta']
[1.361s] Level 1:colcon.colcon_core.package_identification:_identify(src/odrive_control_py) by extension 'colcon_meta'
[1.361s] Level 1:colcon.colcon_core.package_identification:_identify(src/odrive_control_py) by extensions ['ros']
[1.361s] Level 1:colcon.colcon_core.package_identification:_identify(src/odrive_control_py) by extension 'ros'
[1.364s] DEBUG:colcon.colcon_core.package_identification:Package 'src/odrive_control_py' with type 'ros.ament_python' and name 'odrive_control_py'
[1.365s] Level 1:colcon.colcon_core.package_identification:_identify(src/robot_launch) by extensions ['ignore', 'ignore_ament_install']
[1.365s] Level 1:colcon.colcon_core.package_identification:_identify(src/robot_launch) by extension 'ignore'
[1.365s] Level 1:colcon.colcon_core.package_identification:_identify(src/robot_launch) by extension 'ignore_ament_install'
[1.365s] Level 1:colcon.colcon_core.package_identification:_identify(src/robot_launch) by extensions ['colcon_pkg']
[1.366s] Level 1:colcon.colcon_core.package_identification:_identify(src/robot_launch) by extension 'colcon_pkg'
[1.366s] Level 1:colcon.colcon_core.package_identification:_identify(src/robot_launch) by extensions ['colcon_meta']
[1.366s] Level 1:colcon.colcon_core.package_identification:_identify(src/robot_launch) by extension 'colcon_meta'
[1.366s] Level 1:colcon.colcon_core.package_identification:_identify(src/robot_launch) by extensions ['ros']
[1.366s] Level 1:colcon.colcon_core.package_identification:_identify(src/robot_launch) by extension 'ros'
[1.369s] DEBUG:colcon.colcon_core.package_identification:Package 'src/robot_launch' with type 'ros.ament_cmake' and name 'robot_launch'
[1.370s] Level 1:colcon.colcon_core.package_identification:_identify(src/ros_odrive) by extensions ['ignore', 'ignore_ament_install']
[1.370s] Level 1:colcon.colcon_core.package_identification:_identify(src/ros_odrive) by extension 'ignore'
[1.370s] Level 1:colcon.colcon_core.package_identification:_identify(src/ros_odrive) by extension 'ignore_ament_install'
[1.370s] Level 1:colcon.colcon_core.package_identification:_identify(src/ros_odrive) by extensions ['colcon_pkg']
[1.371s] Level 1:colcon.colcon_core.package_identification:_identify(src/ros_odrive) by extension 'colcon_pkg'
[1.371s] Level 1:colcon.colcon_core.package_identification:_identify(src/ros_odrive) by extensions ['colcon_meta']
[1.371s] Level 1:colcon.colcon_core.package_identification:_identify(src/ros_odrive) by extension 'colcon_meta'
[1.371s] Level 1:colcon.colcon_core.package_identification:_identify(src/ros_odrive) by extensions ['ros']
[1.371s] Level 1:colcon.colcon_core.package_identification:_identify(src/ros_odrive) by extension 'ros'
[1.372s] Level 1:colcon.colcon_core.package_identification:_identify(src/ros_odrive) by extensions ['cmake', 'python']
[1.372s] Level 1:colcon.colcon_core.package_identification:_identify(src/ros_odrive) by extension 'cmake'
[1.372s] Level 1:colcon.colcon_core.package_identification:_identify(src/ros_odrive) by extension 'python'
[1.372s] Level 1:colcon.colcon_core.package_identification:_identify(src/ros_odrive) by extensions ['python_setup_py']
[1.372s] Level 1:colcon.colcon_core.package_identification:_identify(src/ros_odrive) by extension 'python_setup_py'
[1.373s] Level 1:colcon.colcon_core.package_identification:_identify(src/ros_odrive/odrive_base) by extensions ['ignore', 'ignore_ament_install']
[1.373s] Level 1:colcon.colcon_core.package_identification:_identify(src/ros_odrive/odrive_base) by extension 'ignore'
[1.373s] Level 1:colcon.colcon_core.package_identification:_identify(src/ros_odrive/odrive_base) by extension 'ignore_ament_install'
[1.374s] Level 1:colcon.colcon_core.package_identification:_identify(src/ros_odrive/odrive_base) by extensions ['colcon_pkg']
[1.374s] Level 1:colcon.colcon_core.package_identification:_identify(src/ros_odrive/odrive_base) by extension 'colcon_pkg'
[1.374s] Level 1:colcon.colcon_core.package_identification:_identify(src/ros_odrive/odrive_base) by extensions ['colcon_meta']
[1.374s] Level 1:colcon.colcon_core.package_identification:_identify(src/ros_odrive/odrive_base) by extension 'colcon_meta'
[1.374s] Level 1:colcon.colcon_core.package_identification:_identify(src/ros_odrive/odrive_base) by extensions ['ros']
[1.374s] Level 1:colcon.colcon_core.package_identification:_identify(src/ros_odrive/odrive_base) by extension 'ros'
[1.375s] Level 1:colcon.colcon_core.package_identification:_identify(src/ros_odrive/odrive_base) by extensions ['cmake', 'python']
[1.375s] Level 1:colcon.colcon_core.package_identification:_identify(src/ros_odrive/odrive_base) by extension 'cmake'
[1.375s] Level 1:colcon.colcon_core.package_identification:_identify(src/ros_odrive/odrive_base) by extension 'python'
[1.375s] Level 1:colcon.colcon_core.package_identification:_identify(src/ros_odrive/odrive_base) by extensions ['python_setup_py']
[1.375s] Level 1:colcon.colcon_core.package_identification:_identify(src/ros_odrive/odrive_base) by extension 'python_setup_py'
[1.376s] Level 1:colcon.colcon_core.package_identification:_identify(src/ros_odrive/odrive_base/include) by extensions ['ignore', 'ignore_ament_install']
[1.376s] Level 1:colcon.colcon_core.package_identification:_identify(src/ros_odrive/odrive_base/include) by extension 'ignore'
[1.376s] Level 1:colcon.colcon_core.package_identification:_identify(src/ros_odrive/odrive_base/include) by extension 'ignore_ament_install'
[1.377s] Level 1:colcon.colcon_core.package_identification:_identify(src/ros_odrive/odrive_base/include) by extensions ['colcon_pkg']
[1.377s] Level 1:colcon.colcon_core.package_identification:_identify(src/ros_odrive/odrive_base/include) by extension 'colcon_pkg'
[1.377s] Level 1:colcon.colcon_core.package_identification:_identify(src/ros_odrive/odrive_base/include) by extensions ['colcon_meta']
[1.377s] Level 1:colcon.colcon_core.package_identification:_identify(src/ros_odrive/odrive_base/include) by extension 'colcon_meta'
[1.377s] Level 1:colcon.colcon_core.package_identification:_identify(src/ros_odrive/odrive_base/include) by extensions ['ros']
[1.378s] Level 1:colcon.colcon_core.package_identification:_identify(src/ros_odrive/odrive_base/include) by extension 'ros'
[1.378s] Level 1:colcon.colcon_core.package_identification:_identify(src/ros_odrive/odrive_base/include) by extensions ['cmake', 'python']
[1.378s] Level 1:colcon.colcon_core.package_identification:_identify(src/ros_odrive/odrive_base/include) by extension 'cmake'
[1.378s] Level 1:colcon.colcon_core.package_identification:_identify(src/ros_odrive/odrive_base/include) by extension 'python'
[1.378s] Level 1:colcon.colcon_core.package_identification:_identify(src/ros_odrive/odrive_base/include) by extensions ['python_setup_py']
[1.378s] Level 1:colcon.colcon_core.package_identification:_identify(src/ros_odrive/odrive_base/include) by extension 'python_setup_py'
[1.379s] Level 1:colcon.colcon_core.package_identification:_identify(src/ros_odrive/odrive_base/src) by extensions ['ignore', 'ignore_ament_install']
[1.379s] Level 1:colcon.colcon_core.package_identification:_identify(src/ros_odrive/odrive_base/src) by extension 'ignore'
[1.380s] Level 1:colcon.colcon_core.package_identification:_identify(src/ros_odrive/odrive_base/src) by extension 'ignore_ament_install'
[1.380s] Level 1:colcon.colcon_core.package_identification:_identify(src/ros_odrive/odrive_base/src) by extensions ['colcon_pkg']
[1.380s] Level 1:colcon.colcon_core.package_identification:_identify(src/ros_odrive/odrive_base/src) by extension 'colcon_pkg'
[1.380s] Level 1:colcon.colcon_core.package_identification:_identify(src/ros_odrive/odrive_base/src) by extensions ['colcon_meta']
[1.380s] Level 1:colcon.colcon_core.package_identification:_identify(src/ros_odrive/odrive_base/src) by extension 'colcon_meta'
[1.380s] Level 1:colcon.colcon_core.package_identification:_identify(src/ros_odrive/odrive_base/src) by extensions ['ros']
[1.381s] Level 1:colcon.colcon_core.package_identification:_identify(src/ros_odrive/odrive_base/src) by extension 'ros'
[1.381s] Level 1:colcon.colcon_core.package_identification:_identify(src/ros_odrive/odrive_base/src) by extensions ['cmake', 'python']
[1.381s] Level 1:colcon.colcon_core.package_identification:_identify(src/ros_odrive/odrive_base/src) by extension 'cmake'
[1.381s] Level 1:colcon.colcon_core.package_identification:_identify(src/ros_odrive/odrive_base/src) by extension 'python'
[1.382s] Level 1:colcon.colcon_core.package_identification:_identify(src/ros_odrive/odrive_base/src) by extensions ['python_setup_py']
[1.382s] Level 1:colcon.colcon_core.package_identification:_identify(src/ros_odrive/odrive_base/src) by extension 'python_setup_py'
[1.382s] Level 1:colcon.colcon_core.package_identification:_identify(src/ros_odrive/odrive_botwheel_explorer) by extensions ['ignore', 'ignore_ament_install']
[1.383s] Level 1:colcon.colcon_core.package_identification:_identify(src/ros_odrive/odrive_botwheel_explorer) by extension 'ignore'
[1.383s] Level 1:colcon.colcon_core.package_identification:_identify(src/ros_odrive/odrive_botwheel_explorer) by extension 'ignore_ament_install'
[1.383s] Level 1:colcon.colcon_core.package_identification:_identify(src/ros_odrive/odrive_botwheel_explorer) by extensions ['colcon_pkg']
[1.383s] Level 1:colcon.colcon_core.package_identification:_identify(src/ros_odrive/odrive_botwheel_explorer) by extension 'colcon_pkg'
[1.383s] Level 1:colcon.colcon_core.package_identification:_identify(src/ros_odrive/odrive_botwheel_explorer) by extensions ['colcon_meta']
[1.383s] Level 1:colcon.colcon_core.package_identification:_identify(src/ros_odrive/odrive_botwheel_explorer) by extension 'colcon_meta'
[1.384s] Level 1:colcon.colcon_core.package_identification:_identify(src/ros_odrive/odrive_botwheel_explorer) by extensions ['ros']
[1.384s] Level 1:colcon.colcon_core.package_identification:_identify(src/ros_odrive/odrive_botwheel_explorer) by extension 'ros'
[1.386s] DEBUG:colcon.colcon_core.package_identification:Package 'src/ros_odrive/odrive_botwheel_explorer' with type 'ros.ament_cmake' and name 'odrive_botwheel_explorer'
[1.387s] Level 1:colcon.colcon_core.package_identification:_identify(src/ros_odrive/odrive_node) by extensions ['ignore', 'ignore_ament_install']
[1.387s] Level 1:colcon.colcon_core.package_identification:_identify(src/ros_odrive/odrive_node) by extension 'ignore'
[1.387s] Level 1:colcon.colcon_core.package_identification:_identify(src/ros_odrive/odrive_node) by extension 'ignore_ament_install'
[1.388s] Level 1:colcon.colcon_core.package_identification:_identify(src/ros_odrive/odrive_node) by extensions ['colcon_pkg']
[1.388s] Level 1:colcon.colcon_core.package_identification:_identify(src/ros_odrive/odrive_node) by extension 'colcon_pkg'
[1.388s] Level 1:colcon.colcon_core.package_identification:_identify(src/ros_odrive/odrive_node) by extensions ['colcon_meta']
[1.388s] Level 1:colcon.colcon_core.package_identification:_identify(src/ros_odrive/odrive_node) by extension 'colcon_meta'
[1.388s] Level 1:colcon.colcon_core.package_identification:_identify(src/ros_odrive/odrive_node) by extensions ['ros']
[1.389s] Level 1:colcon.colcon_core.package_identification:_identify(src/ros_odrive/odrive_node) by extension 'ros'
[1.392s] DEBUG:colcon.colcon_core.package_identification:Package 'src/ros_odrive/odrive_node' with type 'ros.ament_cmake' and name 'odrive_can'
[1.392s] Level 1:colcon.colcon_core.package_identification:_identify(src/ros_odrive/odrive_ros2_control) by extensions ['ignore', 'ignore_ament_install']
[1.393s] Level 1:colcon.colcon_core.package_identification:_identify(src/ros_odrive/odrive_ros2_control) by extension 'ignore'
[1.393s] Level 1:colcon.colcon_core.package_identification:_identify(src/ros_odrive/odrive_ros2_control) by extension 'ignore_ament_install'
[1.393s] Level 1:colcon.colcon_core.package_identification:_identify(src/ros_odrive/odrive_ros2_control) by extensions ['colcon_pkg']
[1.394s] Level 1:colcon.colcon_core.package_identification:_identify(src/ros_odrive/odrive_ros2_control) by extension 'colcon_pkg'
[1.394s] Level 1:colcon.colcon_core.package_identification:_identify(src/ros_odrive/odrive_ros2_control) by extensions ['colcon_meta']
[1.394s] Level 1:colcon.colcon_core.package_identification:_identify(src/ros_odrive/odrive_ros2_control) by extension 'colcon_meta'
[1.394s] Level 1:colcon.colcon_core.package_identification:_identify(src/ros_odrive/odrive_ros2_control) by extensions ['ros']
[1.394s] Level 1:colcon.colcon_core.package_identification:_identify(src/ros_odrive/odrive_ros2_control) by extension 'ros'
[1.397s] DEBUG:colcon.colcon_core.package_identification:Package 'src/ros_odrive/odrive_ros2_control' with type 'ros.ament_cmake' and name 'odrive_ros2_control'
[1.398s] Level 1:colcon.colcon_core.package_identification:_identify(src/testing) by extensions ['ignore', 'ignore_ament_install']
[1.398s] Level 1:colcon.colcon_core.package_identification:_identify(src/testing) by extension 'ignore'
[1.398s] Level 1:colcon.colcon_core.package_identification:_identify(src/testing) by extension 'ignore_ament_install'
[1.399s] Level 1:colcon.colcon_core.package_identification:_identify(src/testing) by extensions ['colcon_pkg']
[1.399s] Level 1:colcon.colcon_core.package_identification:_identify(src/testing) by extension 'colcon_pkg'
[1.399s] Level 1:colcon.colcon_core.package_identification:_identify(src/testing) by extensions ['colcon_meta']
[1.399s] Level 1:colcon.colcon_core.package_identification:_identify(src/testing) by extension 'colcon_meta'
[1.399s] Level 1:colcon.colcon_core.package_identification:_identify(src/testing) by extensions ['ros']
[1.399s] Level 1:colcon.colcon_core.package_identification:_identify(src/testing) by extension 'ros'
[1.402s] DEBUG:colcon.colcon_core.package_identification:Package 'src/testing' with type 'ros.ament_python' and name 'testing'
[1.402s] Level 1:colcon.colcon_core.package_discovery:discover_packages(recursive) using defaults
[1.402s] Level 1:colcon.colcon_core.package_discovery:discover_packages(ignore) discover
[1.402s] Level 1:colcon.colcon_core.package_discovery:discover_packages(ignore) using defaults
[1.402s] Level 1:colcon.colcon_core.package_discovery:discover_packages(path) discover
[1.402s] Level 1:colcon.colcon_core.package_discovery:discover_packages(path) using defaults
[1.489s] INFO:colcon.colcon_core.package_selection:Skipping not selected package 'custom_msgs' in 'src/custom_msgs'
[1.490s] INFO:colcon.colcon_core.package_selection:Skipping not selected package 'data_logging' in 'src/data_logging'
[1.490s] INFO:colcon.colcon_core.package_selection:Skipping not selected package 'encoder' in 'src/encoder'
[1.490s] INFO:colcon.colcon_core.package_selection:Skipping not selected package 'odrive_can' in 'src/ros_odrive/odrive_node'
[1.490s] INFO:colcon.colcon_core.package_selection:Skipping not selected package 'odrive_ros2_control' in 'src/ros_odrive/odrive_ros2_control'
[1.490s] INFO:colcon.colcon_core.package_selection:Skipping not selected package 'testing' in 'src/testing'
[1.490s] INFO:colcon.colcon_core.package_selection:Skipping not selected package 'app_server' in 'src/app_server'
[1.490s] INFO:colcon.colcon_core.package_selection:Skipping not selected package 'controller' in 'src/controller'
[1.490s] INFO:colcon.colcon_core.package_selection:Skipping not selected package 'odrive_botwheel_explorer' in 'src/ros_odrive/odrive_botwheel_explorer'
[1.491s] INFO:colcon.colcon_core.package_selection:Skipping not selected package 'odrive_control_py' in 'src/odrive_control_py'
[1.492s] Level 1:colcon.colcon_core.package_discovery:discover_packages(prefix_path) check parameters
[1.492s] Level 1:colcon.colcon_core.package_discovery:discover_packages(prefix_path) discover
[1.504s] DEBUG:colcon.colcon_installed_package_information.package_discovery:Found 9 installed packages in /home/vedant/OdriveCANControl/install
[1.510s] DEBUG:colcon.colcon_installed_package_information.package_discovery:Found 189 installed packages in /opt/ros/humble
[1.518s] Level 1:colcon.colcon_core.package_discovery:discover_packages(prefix_path) using defaults
[1.674s] Level 5:colcon.colcon_core.verb:set package 'robot_launch' build argument 'cmake_args' from command line to 'None'
[1.675s] Level 5:colcon.colcon_core.verb:set package 'robot_launch' build argument 'cmake_target' from command line to 'None'
[1.675s] Level 5:colcon.colcon_core.verb:set package 'robot_launch' build argument 'cmake_target_skip_unavailable' from command line to 'False'
[1.675s] Level 5:colcon.colcon_core.verb:set package 'robot_launch' build argument 'cmake_clean_cache' from command line to 'False'
[1.675s] Level 5:colcon.colcon_core.verb:set package 'robot_launch' build argument 'cmake_clean_first' from command line to 'False'
[1.675s] Level 5:colcon.colcon_core.verb:set package 'robot_launch' build argument 'cmake_force_configure' from command line to 'False'
[1.675s] Level 5:colcon.colcon_core.verb:set package 'robot_launch' build argument 'ament_cmake_args' from command line to 'None'
[1.675s] Level 5:colcon.colcon_core.verb:set package 'robot_launch' build argument 'catkin_cmake_args' from command line to 'None'
[1.675s] Level 5:colcon.colcon_core.verb:set package 'robot_launch' build argument 'catkin_skip_building_tests' from command line to 'False'
[1.676s] DEBUG:colcon.colcon_core.verb:Building package 'robot_launch' with the following arguments: {'ament_cmake_args': None, 'build_base': '/home/vedant/OdriveCANControl/build/robot_launch', 'catkin_cmake_args': None, 'catkin_skip_building_tests': False, 'cmake_args': None, 'cmake_clean_cache': False, 'cmake_clean_first': False, 'cmake_force_configure': False, 'cmake_target': None, 'cmake_target_skip_unavailable': False, 'install_base': '/home/vedant/OdriveCANControl/install/robot_launch', 'merge_install': False, 'path': '/home/vedant/OdriveCANControl/src/robot_launch', 'symlink_install': False, 'test_result_base': None}
[1.676s] INFO:colcon.colcon_core.executor:Executing jobs using 'parallel' executor
[1.680s] DEBUG:colcon.colcon_parallel_executor.executor.parallel:run_until_complete
[1.681s] INFO:colcon.colcon_ros.task.ament_cmake.build:Building ROS package in '/home/vedant/OdriveCANControl/src/robot_launch' with build type 'ament_cmake'
[1.681s] INFO:colcon.colcon_cmake.task.cmake.build:Building CMake package in '/home/vedant/OdriveCANControl/src/robot_launch'
[1.694s] INFO:colcon.colcon_core.plugin_system:Skipping extension 'colcon_core.shell.bat': Not used on non-Windows systems
[1.696s] INFO:colcon.colcon_core.shell:Skip shell extension 'powershell' for command environment: Not usable outside of PowerShell
[1.696s] DEBUG:colcon.colcon_core.shell:Skip shell extension 'dsv' for command environment
[1.864s] DEBUG:colcon.colcon_core.event_handler.log_command:Invoking command in '/home/vedant/OdriveCANControl/build/robot_launch': AMENT_PREFIX_PATH=/home/vedant/OdriveCANControl/install/odrive_control_py:/home/vedant/OdriveCANControl/install/controller:/home/vedant/OdriveCANControl/install/app_server:/home/vedant/OdriveCANControl/install/robot_launch:/home/vedant/OdriveCANControl/install/odrive_can:/home/vedant/OdriveCANControl/install/encoder:/home/vedant/OdriveCANControl/install/data_logging:/home/vedant/OdriveCANControl/install/custom_msgs:/opt/ros/humble CMAKE_PREFIX_PATH=/home/vedant/OdriveCANControl/install/app_server:/home/vedant/OdriveCANControl/install/odrive_can:/home/vedant/OdriveCANControl/install/custom_msgs:/home/vedant/OdriveCANControl/install/robot_launch:/home/vedant/OdriveCANControl/install/odrive_control_py:/home/vedant/OdriveCANControl/install/controller:/home/vedant/OdriveCANControl/install/encoder:/home/vedant/OdriveCANControl/install/data_logging:/opt/ros/humble PYTHONPATH=/home/vedant/OdriveCANControl/install/odrive_control_py/lib/python3.10/site-packages:/home/vedant/OdriveCANControl/install/controller/lib/python3.10/site-packages:/home/vedant/OdriveCANControl/install/app_server/lib/python3.10/site-packages:/home/vedant/OdriveCANControl/install/robot_launch/lib/python3.10/site-packages:/home/vedant/OdriveCANControl/install/odrive_can/local/lib/python3.10/dist-packages:/home/vedant/OdriveCANControl/install/encoder/lib/python3.10/site-packages:/home/vedant/OdriveCANControl/install/data_logging/lib/python3.10/site-packages:/home/vedant/OdriveCANControl/install/custom_msgs/local/lib/python3.10/dist-packages:/opt/ros/humble/lib/python3.10/site-packages:/opt/ros/humble/local/lib/python3.10/dist-packages /usr/bin/cmake --build /home/vedant/OdriveCANControl/build/robot_launch -- -j4 -l4
[2.094s] DEBUG:colcon.colcon_core.event_handler.log_command:Invoked command in '/home/vedant/OdriveCANControl/build/robot_launch' returned '0': AMENT_PREFIX_PATH=/home/vedant/OdriveCANControl/install/odrive_control_py:/home/vedant/OdriveCANControl/install/controller:/home/vedant/OdriveCANControl/install/app_server:/home/vedant/OdriveCANControl/install/robot_launch:/home/vedant/OdriveCANControl/install/odrive_can:/home/vedant/OdriveCANControl/install/encoder:/home/vedant/OdriveCANControl/install/data_logging:/home/vedant/OdriveCANControl/install/custom_msgs:/opt/ros/humble CMAKE_PREFIX_PATH=/home/vedant/OdriveCANControl/install/app_server:/home/vedant/OdriveCANControl/install/odrive_can:/home/vedant/OdriveCANControl/install/custom_msgs:/home/vedant/OdriveCANControl/install/robot_launch:/home/vedant/OdriveCANControl/install/odrive_control_py:/home/vedant/OdriveCANControl/install/controller:/home/vedant/OdriveCANControl/install/encoder:/home/vedant/OdriveCANControl/install/data_logging:/opt/ros/humble PYTHONPATH=/home/vedant/OdriveCANControl/install/odrive_control_py/lib/python3.10/site-packages:/home/vedant/OdriveCANControl/install/controller/lib/python3.10/site-packages:/home/vedant/OdriveCANControl/install/app_server/lib/python3.10/site-packages:/home/vedant/OdriveCANControl/install/robot_launch/lib/python3.10/site-packages:/home/vedant/OdriveCANControl/install/odrive_can/local/lib/python3.10/dist-packages:/home/vedant/OdriveCANControl/install/encoder/lib/python3.10/site-packages:/home/vedant/OdriveCANControl/install/data_logging/lib/python3.10/site-packages:/home/vedant/OdriveCANControl/install/custom_msgs/local/lib/python3.10/dist-packages:/opt/ros/humble/lib/python3.10/site-packages:/opt/ros/humble/local/lib/python3.10/dist-packages /usr/bin/cmake --build /home/vedant/OdriveCANControl/build/robot_launch -- -j4 -l4
[2.153s] DEBUG:colcon.colcon_core.event_handler.log_command:Invoking command in '/home/vedant/OdriveCANControl/build/robot_launch': AMENT_PREFIX_PATH=/home/vedant/OdriveCANControl/install/odrive_control_py:/home/vedant/OdriveCANControl/install/controller:/home/vedant/OdriveCANControl/install/app_server:/home/vedant/OdriveCANControl/install/robot_launch:/home/vedant/OdriveCANControl/install/odrive_can:/home/vedant/OdriveCANControl/install/encoder:/home/vedant/OdriveCANControl/install/data_logging:/home/vedant/OdriveCANControl/install/custom_msgs:/opt/ros/humble CMAKE_PREFIX_PATH=/home/vedant/OdriveCANControl/install/app_server:/home/vedant/OdriveCANControl/install/odrive_can:/home/vedant/OdriveCANControl/install/custom_msgs:/home/vedant/OdriveCANControl/install/robot_launch:/home/vedant/OdriveCANControl/install/odrive_control_py:/home/vedant/OdriveCANControl/install/controller:/home/vedant/OdriveCANControl/install/encoder:/home/vedant/OdriveCANControl/install/data_logging:/opt/ros/humble PYTHONPATH=/home/vedant/OdriveCANControl/install/odrive_control_py/lib/python3.10/site-packages:/home/vedant/OdriveCANControl/install/controller/lib/python3.10/site-packages:/home/vedant/OdriveCANControl/install/app_server/lib/python3.10/site-packages:/home/vedant/OdriveCANControl/install/robot_launch/lib/python3.10/site-packages:/home/vedant/OdriveCANControl/install/odrive_can/local/lib/python3.10/dist-packages:/home/vedant/OdriveCANControl/install/encoder/lib/python3.10/site-packages:/home/vedant/OdriveCANControl/install/data_logging/lib/python3.10/site-packages:/home/vedant/OdriveCANControl/install/custom_msgs/local/lib/python3.10/dist-packages:/opt/ros/humble/lib/python3.10/site-packages:/opt/ros/humble/local/lib/python3.10/dist-packages /usr/bin/cmake --install /home/vedant/OdriveCANControl/build/robot_launch
[2.202s] Level 1:colcon.colcon_core.environment:create_environment_scripts_only(robot_launch)
[2.204s] DEBUG:colcon.colcon_core.event_handler.log_command:Invoked command in '/home/vedant/OdriveCANControl/build/robot_launch' returned '0': AMENT_PREFIX_PATH=/home/vedant/OdriveCANControl/install/odrive_control_py:/home/vedant/OdriveCANControl/install/controller:/home/vedant/OdriveCANControl/install/app_server:/home/vedant/OdriveCANControl/install/robot_launch:/home/vedant/OdriveCANControl/install/odrive_can:/home/vedant/OdriveCANControl/install/encoder:/home/vedant/OdriveCANControl/install/data_logging:/home/vedant/OdriveCANControl/install/custom_msgs:/opt/ros/humble CMAKE_PREFIX_PATH=/home/vedant/OdriveCANControl/install/app_server:/home/vedant/OdriveCANControl/install/odrive_can:/home/vedant/OdriveCANControl/install/custom_msgs:/home/vedant/OdriveCANControl/install/robot_launch:/home/vedant/OdriveCANControl/install/odrive_control_py:/home/vedant/OdriveCANControl/install/controller:/home/vedant/OdriveCANControl/install/encoder:/home/vedant/OdriveCANControl/install/data_logging:/opt/ros/humble PYTHONPATH=/home/vedant/OdriveCANControl/install/odrive_control_py/lib/python3.10/site-packages:/home/vedant/OdriveCANControl/install/controller/lib/python3.10/site-packages:/home/vedant/OdriveCANControl/install/app_server/lib/python3.10/site-packages:/home/vedant/OdriveCANControl/install/robot_launch/lib/python3.10/site-packages:/home/vedant/OdriveCANControl/install/odrive_can/local/lib/python3.10/dist-packages:/home/vedant/OdriveCANControl/install/encoder/lib/python3.10/site-packages:/home/vedant/OdriveCANControl/install/data_logging/lib/python3.10/site-packages:/home/vedant/OdriveCANControl/install/custom_msgs/local/lib/python3.10/dist-packages:/opt/ros/humble/lib/python3.10/site-packages:/opt/ros/humble/local/lib/python3.10/dist-packages /usr/bin/cmake --install /home/vedant/OdriveCANControl/build/robot_launch
[2.214s] Level 1:colcon.colcon_core.environment:checking '/home/vedant/OdriveCANControl/install/robot_launch' for CMake module files
[2.217s] Level 1:colcon.colcon_core.environment:checking '/home/vedant/OdriveCANControl/install/robot_launch' for CMake config files
[2.220s] Level 1:colcon.colcon_core.shell:create_environment_hook('robot_launch', 'cmake_prefix_path')
[2.221s] INFO:colcon.colcon_core.shell:Creating environment hook '/home/vedant/OdriveCANControl/install/robot_launch/share/robot_launch/hook/cmake_prefix_path.ps1'
[2.224s] INFO:colcon.colcon_core.shell:Creating environment descriptor '/home/vedant/OdriveCANControl/install/robot_launch/share/robot_launch/hook/cmake_prefix_path.dsv'
[2.226s] INFO:colcon.colcon_core.shell:Creating environment hook '/home/vedant/OdriveCANControl/install/robot_launch/share/robot_launch/hook/cmake_prefix_path.sh'
[2.230s] Level 1:colcon.colcon_core.environment:checking '/home/vedant/OdriveCANControl/install/robot_launch/lib'
[2.231s] Level 1:colcon.colcon_core.environment:checking '/home/vedant/OdriveCANControl/install/robot_launch/bin'
[2.231s] Level 1:colcon.colcon_core.environment:checking '/home/vedant/OdriveCANControl/install/robot_launch/lib/pkgconfig/robot_launch.pc'
[2.232s] Level 1:colcon.colcon_core.environment:checking '/home/vedant/OdriveCANControl/install/robot_launch/lib/python3.10/site-packages'
[2.233s] Level 1:colcon.colcon_core.shell:create_environment_hook('robot_launch', 'pythonpath')
[2.234s] INFO:colcon.colcon_core.shell:Creating environment hook '/home/vedant/OdriveCANControl/install/robot_launch/share/robot_launch/hook/pythonpath.ps1'
[2.236s] INFO:colcon.colcon_core.shell:Creating environment descriptor '/home/vedant/OdriveCANControl/install/robot_launch/share/robot_launch/hook/pythonpath.dsv'
[2.237s] INFO:colcon.colcon_core.shell:Creating environment hook '/home/vedant/OdriveCANControl/install/robot_launch/share/robot_launch/hook/pythonpath.sh'
[2.240s] Level 1:colcon.colcon_core.environment:checking '/home/vedant/OdriveCANControl/install/robot_launch/bin'
[2.242s] INFO:colcon.colcon_core.shell:Creating package script '/home/vedant/OdriveCANControl/install/robot_launch/share/robot_launch/package.ps1'
[2.245s] INFO:colcon.colcon_core.shell:Creating package descriptor '/home/vedant/OdriveCANControl/install/robot_launch/share/robot_launch/package.dsv'
[2.248s] INFO:colcon.colcon_core.shell:Creating package script '/home/vedant/OdriveCANControl/install/robot_launch/share/robot_launch/package.sh'
[2.251s] INFO:colcon.colcon_core.shell:Creating package script '/home/vedant/OdriveCANControl/install/robot_launch/share/robot_launch/package.bash'
[2.255s] INFO:colcon.colcon_core.shell:Creating package script '/home/vedant/OdriveCANControl/install/robot_launch/share/robot_launch/package.zsh'
[2.258s] Level 1:colcon.colcon_core.environment:create_file_with_runtime_dependencies(/home/vedant/OdriveCANControl/install/robot_launch/share/colcon-core/packages/robot_launch)
[2.261s] Level 1:colcon.colcon_core.environment:create_environment_scripts_only(robot_launch)
[2.262s] Level 1:colcon.colcon_core.environment:checking '/home/vedant/OdriveCANControl/install/robot_launch' for CMake module files
[2.265s] Level 1:colcon.colcon_core.environment:checking '/home/vedant/OdriveCANControl/install/robot_launch' for CMake config files
[2.267s] Level 1:colcon.colcon_core.shell:create_environment_hook('robot_launch', 'cmake_prefix_path')
[2.268s] INFO:colcon.colcon_core.shell:Creating environment hook '/home/vedant/OdriveCANControl/install/robot_launch/share/robot_launch/hook/cmake_prefix_path.ps1'
[2.270s] INFO:colcon.colcon_core.shell:Creating environment descriptor '/home/vedant/OdriveCANControl/install/robot_launch/share/robot_launch/hook/cmake_prefix_path.dsv'
[2.272s] INFO:colcon.colcon_core.shell:Creating environment hook '/home/vedant/OdriveCANControl/install/robot_launch/share/robot_launch/hook/cmake_prefix_path.sh'
[2.275s] Level 1:colcon.colcon_core.environment:checking '/home/vedant/OdriveCANControl/install/robot_launch/lib'
[2.275s] Level 1:colcon.colcon_core.environment:checking '/home/vedant/OdriveCANControl/install/robot_launch/bin'
[2.275s] Level 1:colcon.colcon_core.environment:checking '/home/vedant/OdriveCANControl/install/robot_launch/lib/pkgconfig/robot_launch.pc'
[2.276s] Level 1:colcon.colcon_core.environment:checking '/home/vedant/OdriveCANControl/install/robot_launch/lib/python3.10/site-packages'
[2.277s] Level 1:colcon.colcon_core.shell:create_environment_hook('robot_launch', 'pythonpath')
[2.277s] INFO:colcon.colcon_core.shell:Creating environment hook '/home/vedant/OdriveCANControl/install/robot_launch/share/robot_launch/hook/pythonpath.ps1'
[2.280s] INFO:colcon.colcon_core.shell:Creating environment descriptor '/home/vedant/OdriveCANControl/install/robot_launch/share/robot_launch/hook/pythonpath.dsv'
[2.282s] INFO:colcon.colcon_core.shell:Creating environment hook '/home/vedant/OdriveCANControl/install/robot_launch/share/robot_launch/hook/pythonpath.sh'
[2.285s] Level 1:colcon.colcon_core.environment:checking '/home/vedant/OdriveCANControl/install/robot_launch/bin'
[2.287s] INFO:colcon.colcon_core.shell:Creating package script '/home/vedant/OdriveCANControl/install/robot_launch/share/robot_launch/package.ps1'
[2.290s] INFO:colcon.colcon_core.shell:Creating package descriptor '/home/vedant/OdriveCANControl/install/robot_launch/share/robot_launch/package.dsv'
[2.292s] INFO:colcon.colcon_core.shell:Creating package script '/home/vedant/OdriveCANControl/install/robot_launch/share/robot_launch/package.sh'
[2.295s] INFO:colcon.colcon_core.shell:Creating package script '/home/vedant/OdriveCANControl/install/robot_launch/share/robot_launch/package.bash'
[2.297s] INFO:colcon.colcon_core.shell:Creating package script '/home/vedant/OdriveCANControl/install/robot_launch/share/robot_launch/package.zsh'
[2.299s] Level 1:colcon.colcon_core.environment:create_file_with_runtime_dependencies(/home/vedant/OdriveCANControl/install/robot_launch/share/colcon-core/packages/robot_launch)
[2.300s] DEBUG:colcon.colcon_parallel_executor.executor.parallel:closing loop
[2.302s] DEBUG:colcon.colcon_parallel_executor.executor.parallel:loop closed
[2.302s] DEBUG:colcon.colcon_parallel_executor.executor.parallel:run_until_complete finished with '0'
[2.302s] DEBUG:colcon.colcon_core.event_reactor:joining thread
[2.326s] INFO:colcon.colcon_core.plugin_system:Skipping extension 'colcon_notification.desktop_notification.terminal_notifier': Not used on non-Darwin systems
[2.327s] INFO:colcon.colcon_core.plugin_system:Skipping extension 'colcon_notification.desktop_notification.win32': Not used on non-Windows systems
[2.327s] INFO:colcon.colcon_notification.desktop_notification:Sending desktop notification using 'notify2'
[2.332s] DEBUG:colcon.colcon_notification.desktop_notification.notify2:Failed to initialize notify2: org.freedesktop.DBus.Error.ServiceUnknown: The name org.freedesktop.Notifications was not provided by any .service files
[2.333s] DEBUG:colcon.colcon_core.event_reactor:joined thread
[2.334s] INFO:colcon.colcon_core.shell:Creating prefix script '/home/vedant/OdriveCANControl/install/local_setup.ps1'
[2.338s] INFO:colcon.colcon_core.shell:Creating prefix util module '/home/vedant/OdriveCANControl/install/_local_setup_util_ps1.py'
[2.345s] INFO:colcon.colcon_core.shell:Creating prefix chain script '/home/vedant/OdriveCANControl/install/setup.ps1'
[2.352s] INFO:colcon.colcon_core.shell:Creating prefix script '/home/vedant/OdriveCANControl/install/local_setup.sh'
[2.355s] INFO:colcon.colcon_core.shell:Creating prefix util module '/home/vedant/OdriveCANControl/install/_local_setup_util_sh.py'
[2.358s] INFO:colcon.colcon_core.shell:Creating prefix chain script '/home/vedant/OdriveCANControl/install/setup.sh'
[2.364s] INFO:colcon.colcon_core.shell:Creating prefix script '/home/vedant/OdriveCANControl/install/local_setup.bash'
[2.367s] INFO:colcon.colcon_core.shell:Creating prefix chain script '/home/vedant/OdriveCANControl/install/setup.bash'
[2.374s] INFO:colcon.colcon_core.shell:Creating prefix script '/home/vedant/OdriveCANControl/install/local_setup.zsh'
[2.377s] INFO:colcon.colcon_core.shell:Creating prefix chain script '/home/vedant/OdriveCANControl/install/setup.zsh'
