[0.021s] Invoking command in '/home/vedant/gaitlab_ws/build/odrive_can': CMAKE_PREFIX_PATH=${CMAKE_PREFIX_PATH}:/home/vedant/gaitlab_ws/install/odrive_control_py:/opt/ros/humble /usr/bin/cmake --build /home/vedant/gaitlab_ws/build/odrive_can -- -j4 -l4
[0.101s] [  1%] Built target odrive_can__cpp
[0.107s] [ 11%] Built target odrive_can__rosidl_generator_c
[0.133s] [ 11%] Built target ament_cmake_python_copy_odrive_can
[0.149s] [ 31%] Built target odrive_can__rosidl_typesupport_fastrtps_cpp
[0.150s] [ 31%] Built target odrive_can__rosidl_typesupport_cpp
[0.155s] [ 41%] Built target odrive_can__rosidl_typesupport_introspection_cpp
[0.176s] [ 51%] Built target odrive_can__rosidl_typesupport_fastrtps_c
[0.185s] [ 71%] Built target odrive_can__rosidl_typesupport_introspection_c
[0.185s] [ 71%] Built target odrive_can__rosidl_typesupport_c
[0.216s] [ 71%] Built target odrive_can
[0.223s] [ 80%] Built target odrive_can_node
[0.248s] [ 81%] Built target odrive_can__py
[0.284s] [ 90%] Built target odrive_can__rosidl_generator_py
[0.321s] [ 93%] Built target odrive_can__rosidl_typesupport_c__pyext
[0.322s] [100%] Built target odrive_can__rosidl_typesupport_fastrtps_c__pyext
[0.322s] [100%] Built target odrive_can__rosidl_typesupport_introspection_c__pyext
[0.537s] running egg_info
[0.538s] writing odrive_can.egg-info/PKG-INFO
[0.538s] writing dependency_links to odrive_can.egg-info/dependency_links.txt
[0.539s] writing top-level names to odrive_can.egg-info/top_level.txt
[0.543s] reading manifest file 'odrive_can.egg-info/SOURCES.txt'
[0.544s] writing manifest file 'odrive_can.egg-info/SOURCES.txt'
[0.583s] [100%] Built target ament_cmake_python_build_odrive_can_egg
[0.598s] Invoked command in '/home/vedant/gaitlab_ws/build/odrive_can' returned '0': CMAKE_PREFIX_PATH=${CMAKE_PREFIX_PATH}:/home/vedant/gaitlab_ws/install/odrive_control_py:/opt/ros/humble /usr/bin/cmake --build /home/vedant/gaitlab_ws/build/odrive_can -- -j4 -l4
[0.745s] Invoking command in '/home/vedant/gaitlab_ws/build/odrive_can': CMAKE_PREFIX_PATH=${CMAKE_PREFIX_PATH}:/home/vedant/gaitlab_ws/install/odrive_control_py:/opt/ros/humble /usr/bin/cmake --install /home/vedant/gaitlab_ws/build/odrive_can
[0.764s] -- Install configuration: ""
[0.764s] -- Up-to-date: /home/vedant/gaitlab_ws/install/odrive_can/share/ament_index/resource_index/rosidl_interfaces/odrive_can
[0.765s] -- Up-to-date: /home/vedant/gaitlab_ws/install/odrive_can/include/odrive_can/odrive_can
[0.765s] -- Up-to-date: /home/vedant/gaitlab_ws/install/odrive_can/include/odrive_can/odrive_can/srv
[0.765s] -- Up-to-date: /home/vedant/gaitlab_ws/install/odrive_can/include/odrive_can/odrive_can/srv/detail
[0.766s] -- Up-to-date: /home/vedant/gaitlab_ws/install/odrive_can/include/odrive_can/odrive_can/srv/detail/axis_state__functions.h
[0.766s] -- Up-to-date: /home/vedant/gaitlab_ws/install/odrive_can/include/odrive_can/odrive_can/srv/detail/axis_state__functions.c
[0.766s] -- Up-to-date: /home/vedant/gaitlab_ws/install/odrive_can/include/odrive_can/odrive_can/srv/detail/axis_state__type_support.h
[0.767s] -- Up-to-date: /home/vedant/gaitlab_ws/install/odrive_can/include/odrive_can/odrive_can/srv/detail/axis_state__struct.h
[0.767s] -- Up-to-date: /home/vedant/gaitlab_ws/install/odrive_can/include/odrive_can/odrive_can/srv/axis_state.h
[0.767s] -- Up-to-date: /home/vedant/gaitlab_ws/install/odrive_can/include/odrive_can/odrive_can/msg
[0.767s] -- Up-to-date: /home/vedant/gaitlab_ws/install/odrive_can/include/odrive_can/odrive_can/msg/controller_status.h
[0.767s] -- Up-to-date: /home/vedant/gaitlab_ws/install/odrive_can/include/odrive_can/odrive_can/msg/detail
[0.767s] -- Up-to-date: /home/vedant/gaitlab_ws/install/odrive_can/include/odrive_can/odrive_can/msg/detail/o_drive_status__functions.h
[0.768s] -- Up-to-date: /home/vedant/gaitlab_ws/install/odrive_can/include/odrive_can/odrive_can/msg/detail/control_message__type_support.h
[0.768s] -- Up-to-date: /home/vedant/gaitlab_ws/install/odrive_can/include/odrive_can/odrive_can/msg/detail/control_message__functions.c
[0.768s] -- Up-to-date: /home/vedant/gaitlab_ws/install/odrive_can/include/odrive_can/odrive_can/msg/detail/controller_status__struct.h
[0.768s] -- Up-to-date: /home/vedant/gaitlab_ws/install/odrive_can/include/odrive_can/odrive_can/msg/detail/o_drive_status__functions.c
[0.768s] -- Up-to-date: /home/vedant/gaitlab_ws/install/odrive_can/include/odrive_can/odrive_can/msg/detail/control_message__functions.h
[0.768s] -- Up-to-date: /home/vedant/gaitlab_ws/install/odrive_can/include/odrive_can/odrive_can/msg/detail/controller_status__functions.h
[0.768s] -- Up-to-date: /home/vedant/gaitlab_ws/install/odrive_can/include/odrive_can/odrive_can/msg/detail/control_message__struct.h
[0.768s] -- Up-to-date: /home/vedant/gaitlab_ws/install/odrive_can/include/odrive_can/odrive_can/msg/detail/controller_status__type_support.h
[0.768s] -- Up-to-date: /home/vedant/gaitlab_ws/install/odrive_can/include/odrive_can/odrive_can/msg/detail/controller_status__functions.c
[0.768s] -- Up-to-date: /home/vedant/gaitlab_ws/install/odrive_can/include/odrive_can/odrive_can/msg/detail/o_drive_status__struct.h
[0.768s] -- Up-to-date: /home/vedant/gaitlab_ws/install/odrive_can/include/odrive_can/odrive_can/msg/detail/o_drive_status__type_support.h
[0.769s] -- Up-to-date: /home/vedant/gaitlab_ws/install/odrive_can/include/odrive_can/odrive_can/msg/rosidl_generator_c__visibility_control.h
[0.769s] -- Up-to-date: /home/vedant/gaitlab_ws/install/odrive_can/include/odrive_can/odrive_can/msg/o_drive_status.h
[0.769s] -- Up-to-date: /home/vedant/gaitlab_ws/install/odrive_can/include/odrive_can/odrive_can/msg/control_message.h
[0.769s] -- Up-to-date: /home/vedant/gaitlab_ws/install/odrive_can/share/odrive_can/environment/library_path.sh
[0.769s] -- Up-to-date: /home/vedant/gaitlab_ws/install/odrive_can/share/odrive_can/environment/library_path.dsv
[0.769s] -- Up-to-date: /home/vedant/gaitlab_ws/install/odrive_can/lib/libodrive_can__rosidl_generator_c.so
[0.769s] -- Up-to-date: /home/vedant/gaitlab_ws/install/odrive_can/include/odrive_can/odrive_can
[0.769s] -- Up-to-date: /home/vedant/gaitlab_ws/install/odrive_can/include/odrive_can/odrive_can/srv
[0.770s] -- Up-to-date: /home/vedant/gaitlab_ws/install/odrive_can/include/odrive_can/odrive_can/srv/detail
[0.770s] -- Up-to-date: /home/vedant/gaitlab_ws/install/odrive_can/include/odrive_can/odrive_can/srv/detail/axis_state__rosidl_typesupport_fastrtps_c.h
[0.770s] -- Up-to-date: /home/vedant/gaitlab_ws/install/odrive_can/include/odrive_can/odrive_can/msg
[0.771s] -- Up-to-date: /home/vedant/gaitlab_ws/install/odrive_can/include/odrive_can/odrive_can/msg/detail
[0.771s] -- Up-to-date: /home/vedant/gaitlab_ws/install/odrive_can/include/odrive_can/odrive_can/msg/detail/controller_status__rosidl_typesupport_fastrtps_c.h
[0.772s] -- Up-to-date: /home/vedant/gaitlab_ws/install/odrive_can/include/odrive_can/odrive_can/msg/detail/o_drive_status__rosidl_typesupport_fastrtps_c.h
[0.772s] -- Up-to-date: /home/vedant/gaitlab_ws/install/odrive_can/include/odrive_can/odrive_can/msg/detail/control_message__rosidl_typesupport_fastrtps_c.h
[0.772s] -- Up-to-date: /home/vedant/gaitlab_ws/install/odrive_can/include/odrive_can/odrive_can/msg/rosidl_typesupport_fastrtps_c__visibility_control.h
[0.773s] -- Up-to-date: /home/vedant/gaitlab_ws/install/odrive_can/lib/libodrive_can__rosidl_typesupport_fastrtps_c.so
[0.773s] -- Up-to-date: /home/vedant/gaitlab_ws/install/odrive_can/include/odrive_can/odrive_can
[0.774s] -- Up-to-date: /home/vedant/gaitlab_ws/install/odrive_can/include/odrive_can/odrive_can/srv
[0.774s] -- Up-to-date: /home/vedant/gaitlab_ws/install/odrive_can/include/odrive_can/odrive_can/srv/detail
[0.774s] -- Up-to-date: /home/vedant/gaitlab_ws/install/odrive_can/include/odrive_can/odrive_can/srv/detail/axis_state__traits.hpp
[0.775s] -- Up-to-date: /home/vedant/gaitlab_ws/install/odrive_can/include/odrive_can/odrive_can/srv/detail/axis_state__builder.hpp
[0.775s] -- Up-to-date: /home/vedant/gaitlab_ws/install/odrive_can/include/odrive_can/odrive_can/srv/detail/axis_state__struct.hpp
[0.775s] -- Up-to-date: /home/vedant/gaitlab_ws/install/odrive_can/include/odrive_can/odrive_can/srv/axis_state.hpp
[0.775s] -- Up-to-date: /home/vedant/gaitlab_ws/install/odrive_can/include/odrive_can/odrive_can/msg
[0.775s] -- Up-to-date: /home/vedant/gaitlab_ws/install/odrive_can/include/odrive_can/odrive_can/msg/controller_status.hpp
[0.775s] -- Up-to-date: /home/vedant/gaitlab_ws/install/odrive_can/include/odrive_can/odrive_can/msg/control_message.hpp
[0.775s] -- Up-to-date: /home/vedant/gaitlab_ws/install/odrive_can/include/odrive_can/odrive_can/msg/detail
[0.775s] -- Up-to-date: /home/vedant/gaitlab_ws/install/odrive_can/include/odrive_can/odrive_can/msg/detail/control_message__struct.hpp
[0.776s] -- Up-to-date: /home/vedant/gaitlab_ws/install/odrive_can/include/odrive_can/odrive_can/msg/detail/o_drive_status__builder.hpp
[0.776s] -- Up-to-date: /home/vedant/gaitlab_ws/install/odrive_can/include/odrive_can/odrive_can/msg/detail/control_message__traits.hpp
[0.776s] -- Up-to-date: /home/vedant/gaitlab_ws/install/odrive_can/include/odrive_can/odrive_can/msg/detail/controller_status__traits.hpp
[0.776s] -- Up-to-date: /home/vedant/gaitlab_ws/install/odrive_can/include/odrive_can/odrive_can/msg/detail/controller_status__builder.hpp
[0.776s] -- Up-to-date: /home/vedant/gaitlab_ws/install/odrive_can/include/odrive_can/odrive_can/msg/detail/controller_status__struct.hpp
[0.776s] -- Up-to-date: /home/vedant/gaitlab_ws/install/odrive_can/include/odrive_can/odrive_can/msg/detail/o_drive_status__struct.hpp
[0.776s] -- Up-to-date: /home/vedant/gaitlab_ws/install/odrive_can/include/odrive_can/odrive_can/msg/detail/control_message__builder.hpp
[0.776s] -- Up-to-date: /home/vedant/gaitlab_ws/install/odrive_can/include/odrive_can/odrive_can/msg/detail/o_drive_status__traits.hpp
[0.776s] -- Up-to-date: /home/vedant/gaitlab_ws/install/odrive_can/include/odrive_can/odrive_can/msg/o_drive_status.hpp
[0.776s] -- Up-to-date: /home/vedant/gaitlab_ws/install/odrive_can/include/odrive_can/odrive_can
[0.777s] -- Up-to-date: /home/vedant/gaitlab_ws/install/odrive_can/include/odrive_can/odrive_can/srv
[0.777s] -- Up-to-date: /home/vedant/gaitlab_ws/install/odrive_can/include/odrive_can/odrive_can/srv/detail
[0.777s] -- Up-to-date: /home/vedant/gaitlab_ws/install/odrive_can/include/odrive_can/odrive_can/srv/detail/axis_state__rosidl_typesupport_fastrtps_cpp.hpp
[0.777s] -- Up-to-date: /home/vedant/gaitlab_ws/install/odrive_can/include/odrive_can/odrive_can/srv/detail/dds_fastrtps
[0.778s] -- Up-to-date: /home/vedant/gaitlab_ws/install/odrive_can/include/odrive_can/odrive_can/msg
[0.778s] -- Up-to-date: /home/vedant/gaitlab_ws/install/odrive_can/include/odrive_can/odrive_can/msg/detail
[0.779s] -- Up-to-date: /home/vedant/gaitlab_ws/install/odrive_can/include/odrive_can/odrive_can/msg/detail/controller_status__rosidl_typesupport_fastrtps_cpp.hpp
[0.779s] -- Up-to-date: /home/vedant/gaitlab_ws/install/odrive_can/include/odrive_can/odrive_can/msg/detail/o_drive_status__rosidl_typesupport_fastrtps_cpp.hpp
[0.779s] -- Up-to-date: /home/vedant/gaitlab_ws/install/odrive_can/include/odrive_can/odrive_can/msg/detail/dds_fastrtps
[0.779s] -- Up-to-date: /home/vedant/gaitlab_ws/install/odrive_can/include/odrive_can/odrive_can/msg/detail/control_message__rosidl_typesupport_fastrtps_cpp.hpp
[0.779s] -- Up-to-date: /home/vedant/gaitlab_ws/install/odrive_can/include/odrive_can/odrive_can/msg/rosidl_typesupport_fastrtps_cpp__visibility_control.h
[0.781s] -- Up-to-date: /home/vedant/gaitlab_ws/install/odrive_can/lib/libodrive_can__rosidl_typesupport_fastrtps_cpp.so
[0.781s] -- Up-to-date: /home/vedant/gaitlab_ws/install/odrive_can/include/odrive_can/odrive_can
[0.781s] -- Up-to-date: /home/vedant/gaitlab_ws/install/odrive_can/include/odrive_can/odrive_can/srv
[0.782s] -- Up-to-date: /home/vedant/gaitlab_ws/install/odrive_can/include/odrive_can/odrive_can/srv/detail
[0.782s] -- Up-to-date: /home/vedant/gaitlab_ws/install/odrive_can/include/odrive_can/odrive_can/srv/detail/axis_state__type_support.c
[0.783s] -- Up-to-date: /home/vedant/gaitlab_ws/install/odrive_can/include/odrive_can/odrive_can/srv/detail/axis_state__rosidl_typesupport_introspection_c.h
[0.783s] -- Up-to-date: /home/vedant/gaitlab_ws/install/odrive_can/include/odrive_can/odrive_can/msg
[0.783s] -- Up-to-date: /home/vedant/gaitlab_ws/install/odrive_can/include/odrive_can/odrive_can/msg/detail
[0.784s] -- Up-to-date: /home/vedant/gaitlab_ws/install/odrive_can/include/odrive_can/odrive_can/msg/detail/o_drive_status__rosidl_typesupport_introspection_c.h
[0.784s] -- Up-to-date: /home/vedant/gaitlab_ws/install/odrive_can/include/odrive_can/odrive_can/msg/detail/controller_status__rosidl_typesupport_introspection_c.h
[0.784s] -- Up-to-date: /home/vedant/gaitlab_ws/install/odrive_can/include/odrive_can/odrive_can/msg/detail/control_message__rosidl_typesupport_introspection_c.h
[0.784s] -- Up-to-date: /home/vedant/gaitlab_ws/install/odrive_can/include/odrive_can/odrive_can/msg/detail/o_drive_status__type_support.c
[0.784s] -- Up-to-date: /home/vedant/gaitlab_ws/install/odrive_can/include/odrive_can/odrive_can/msg/detail/controller_status__type_support.c
[0.784s] -- Up-to-date: /home/vedant/gaitlab_ws/install/odrive_can/include/odrive_can/odrive_can/msg/detail/control_message__type_support.c
[0.784s] -- Up-to-date: /home/vedant/gaitlab_ws/install/odrive_can/include/odrive_can/odrive_can/msg/rosidl_typesupport_introspection_c__visibility_control.h
[0.785s] -- Up-to-date: /home/vedant/gaitlab_ws/install/odrive_can/lib/libodrive_can__rosidl_typesupport_introspection_c.so
[0.785s] -- Up-to-date: /home/vedant/gaitlab_ws/install/odrive_can/lib/libodrive_can__rosidl_typesupport_c.so
[0.785s] -- Up-to-date: /home/vedant/gaitlab_ws/install/odrive_can/include/odrive_can/odrive_can
[0.786s] -- Up-to-date: /home/vedant/gaitlab_ws/install/odrive_can/include/odrive_can/odrive_can/srv
[0.786s] -- Up-to-date: /home/vedant/gaitlab_ws/install/odrive_can/include/odrive_can/odrive_can/srv/detail
[0.787s] -- Up-to-date: /home/vedant/gaitlab_ws/install/odrive_can/include/odrive_can/odrive_can/srv/detail/axis_state__type_support.cpp
[0.787s] -- Up-to-date: /home/vedant/gaitlab_ws/install/odrive_can/include/odrive_can/odrive_can/srv/detail/axis_state__rosidl_typesupport_introspection_cpp.hpp
[0.787s] -- Up-to-date: /home/vedant/gaitlab_ws/install/odrive_can/include/odrive_can/odrive_can/msg
[0.787s] -- Up-to-date: /home/vedant/gaitlab_ws/install/odrive_can/include/odrive_can/odrive_can/msg/detail
[0.788s] -- Up-to-date: /home/vedant/gaitlab_ws/install/odrive_can/include/odrive_can/odrive_can/msg/detail/o_drive_status__rosidl_typesupport_introspection_cpp.hpp
[0.788s] -- Up-to-date: /home/vedant/gaitlab_ws/install/odrive_can/include/odrive_can/odrive_can/msg/detail/control_message__rosidl_typesupport_introspection_cpp.hpp
[0.788s] -- Up-to-date: /home/vedant/gaitlab_ws/install/odrive_can/include/odrive_can/odrive_can/msg/detail/control_message__type_support.cpp
[0.788s] -- Up-to-date: /home/vedant/gaitlab_ws/install/odrive_can/include/odrive_can/odrive_can/msg/detail/o_drive_status__type_support.cpp
[0.788s] -- Up-to-date: /home/vedant/gaitlab_ws/install/odrive_can/include/odrive_can/odrive_can/msg/detail/controller_status__rosidl_typesupport_introspection_cpp.hpp
[0.788s] -- Up-to-date: /home/vedant/gaitlab_ws/install/odrive_can/include/odrive_can/odrive_can/msg/detail/controller_status__type_support.cpp
[0.788s] -- Up-to-date: /home/vedant/gaitlab_ws/install/odrive_can/lib/libodrive_can__rosidl_typesupport_introspection_cpp.so
[0.788s] -- Up-to-date: /home/vedant/gaitlab_ws/install/odrive_can/lib/libodrive_can__rosidl_typesupport_cpp.so
[0.789s] -- Up-to-date: /home/vedant/gaitlab_ws/install/odrive_can/share/odrive_can/environment/pythonpath.sh
[0.789s] -- Up-to-date: /home/vedant/gaitlab_ws/install/odrive_can/share/odrive_can/environment/pythonpath.dsv
[0.789s] -- Up-to-date: /home/vedant/gaitlab_ws/install/odrive_can/local/lib/python3.10/dist-packages/odrive_can-0.0.1-py3.10.egg-info
[0.789s] -- Installing: /home/vedant/gaitlab_ws/install/odrive_can/local/lib/python3.10/dist-packages/odrive_can-0.0.1-py3.10.egg-info/top_level.txt
[0.789s] -- Installing: /home/vedant/gaitlab_ws/install/odrive_can/local/lib/python3.10/dist-packages/odrive_can-0.0.1-py3.10.egg-info/dependency_links.txt
[0.789s] -- Installing: /home/vedant/gaitlab_ws/install/odrive_can/local/lib/python3.10/dist-packages/odrive_can-0.0.1-py3.10.egg-info/SOURCES.txt
[0.789s] -- Installing: /home/vedant/gaitlab_ws/install/odrive_can/local/lib/python3.10/dist-packages/odrive_can-0.0.1-py3.10.egg-info/PKG-INFO
[0.789s] -- Up-to-date: /home/vedant/gaitlab_ws/install/odrive_can/local/lib/python3.10/dist-packages/odrive_can
[0.790s] -- Up-to-date: /home/vedant/gaitlab_ws/install/odrive_can/local/lib/python3.10/dist-packages/odrive_can/srv
[0.790s] -- Up-to-date: /home/vedant/gaitlab_ws/install/odrive_can/local/lib/python3.10/dist-packages/odrive_can/srv/__init__.py
[0.790s] -- Up-to-date: /home/vedant/gaitlab_ws/install/odrive_can/local/lib/python3.10/dist-packages/odrive_can/srv/_axis_state.py
[0.790s] -- Up-to-date: /home/vedant/gaitlab_ws/install/odrive_can/local/lib/python3.10/dist-packages/odrive_can/srv/_axis_state_s.c
[0.790s] -- Up-to-date: /home/vedant/gaitlab_ws/install/odrive_can/local/lib/python3.10/dist-packages/odrive_can/__init__.py
[0.790s] -- Up-to-date: /home/vedant/gaitlab_ws/install/odrive_can/local/lib/python3.10/dist-packages/odrive_can/_odrive_can_s.ep.rosidl_typesupport_c.c
[0.790s] -- Up-to-date: /home/vedant/gaitlab_ws/install/odrive_can/local/lib/python3.10/dist-packages/odrive_can/_odrive_can_s.ep.rosidl_typesupport_introspection_c.c
[0.790s] -- Up-to-date: /home/vedant/gaitlab_ws/install/odrive_can/local/lib/python3.10/dist-packages/odrive_can/msg
[0.790s] -- Up-to-date: /home/vedant/gaitlab_ws/install/odrive_can/local/lib/python3.10/dist-packages/odrive_can/msg/__init__.py
[0.791s] -- Up-to-date: /home/vedant/gaitlab_ws/install/odrive_can/local/lib/python3.10/dist-packages/odrive_can/msg/_control_message.py
[0.791s] -- Up-to-date: /home/vedant/gaitlab_ws/install/odrive_can/local/lib/python3.10/dist-packages/odrive_can/msg/_controller_status_s.c
[0.791s] -- Up-to-date: /home/vedant/gaitlab_ws/install/odrive_can/local/lib/python3.10/dist-packages/odrive_can/msg/_control_message_s.c
[0.791s] -- Up-to-date: /home/vedant/gaitlab_ws/install/odrive_can/local/lib/python3.10/dist-packages/odrive_can/msg/_o_drive_status_s.c
[0.791s] -- Up-to-date: /home/vedant/gaitlab_ws/install/odrive_can/local/lib/python3.10/dist-packages/odrive_can/msg/_controller_status.py
[0.791s] -- Up-to-date: /home/vedant/gaitlab_ws/install/odrive_can/local/lib/python3.10/dist-packages/odrive_can/msg/_o_drive_status.py
[0.791s] -- Up-to-date: /home/vedant/gaitlab_ws/install/odrive_can/local/lib/python3.10/dist-packages/odrive_can/libodrive_can__rosidl_generator_py.so
[0.791s] -- Up-to-date: /home/vedant/gaitlab_ws/install/odrive_can/local/lib/python3.10/dist-packages/odrive_can/odrive_can_s__rosidl_typesupport_introspection_c.cpython-310-x86_64-linux-gnu.so
[0.791s] -- Up-to-date: /home/vedant/gaitlab_ws/install/odrive_can/local/lib/python3.10/dist-packages/odrive_can/odrive_can_s__rosidl_typesupport_fastrtps_c.cpython-310-x86_64-linux-gnu.so
[0.792s] -- Up-to-date: /home/vedant/gaitlab_ws/install/odrive_can/local/lib/python3.10/dist-packages/odrive_can/odrive_can_s__rosidl_typesupport_c.cpython-310-x86_64-linux-gnu.so
[0.792s] -- Up-to-date: /home/vedant/gaitlab_ws/install/odrive_can/local/lib/python3.10/dist-packages/odrive_can/_odrive_can_s.ep.rosidl_typesupport_fastrtps_c.c
[0.835s] Listing '/home/vedant/gaitlab_ws/install/odrive_can/local/lib/python3.10/dist-packages/odrive_can'...
[0.835s] Listing '/home/vedant/gaitlab_ws/install/odrive_can/local/lib/python3.10/dist-packages/odrive_can/msg'...
[0.836s] Listing '/home/vedant/gaitlab_ws/install/odrive_can/local/lib/python3.10/dist-packages/odrive_can/srv'...
[0.842s] -- Up-to-date: /home/vedant/gaitlab_ws/install/odrive_can/local/lib/python3.10/dist-packages/odrive_can/odrive_can_s__rosidl_typesupport_fastrtps_c.cpython-310-x86_64-linux-gnu.so
[0.844s] -- Up-to-date: /home/vedant/gaitlab_ws/install/odrive_can/local/lib/python3.10/dist-packages/odrive_can/odrive_can_s__rosidl_typesupport_introspection_c.cpython-310-x86_64-linux-gnu.so
[0.845s] -- Up-to-date: /home/vedant/gaitlab_ws/install/odrive_can/local/lib/python3.10/dist-packages/odrive_can/odrive_can_s__rosidl_typesupport_c.cpython-310-x86_64-linux-gnu.so
[0.845s] -- Up-to-date: /home/vedant/gaitlab_ws/install/odrive_can/lib/libodrive_can__rosidl_generator_py.so
[0.846s] -- Up-to-date: /home/vedant/gaitlab_ws/install/odrive_can/share/odrive_can/msg/ControlMessage.idl
[0.846s] -- Up-to-date: /home/vedant/gaitlab_ws/install/odrive_can/share/odrive_can/msg/ControllerStatus.idl
[0.846s] -- Up-to-date: /home/vedant/gaitlab_ws/install/odrive_can/share/odrive_can/msg/ODriveStatus.idl
[0.846s] -- Up-to-date: /home/vedant/gaitlab_ws/install/odrive_can/share/odrive_can/srv/AxisState.idl
[0.846s] -- Up-to-date: /home/vedant/gaitlab_ws/install/odrive_can/share/odrive_can/msg/ControlMessage.msg
[0.846s] -- Up-to-date: /home/vedant/gaitlab_ws/install/odrive_can/share/odrive_can/msg/ControllerStatus.msg
[0.846s] -- Up-to-date: /home/vedant/gaitlab_ws/install/odrive_can/share/odrive_can/msg/ODriveStatus.msg
[0.846s] -- Up-to-date: /home/vedant/gaitlab_ws/install/odrive_can/share/odrive_can/srv/AxisState.srv
[0.847s] -- Up-to-date: /home/vedant/gaitlab_ws/install/odrive_can/share/odrive_can/srv/AxisState_Request.msg
[0.847s] -- Up-to-date: /home/vedant/gaitlab_ws/install/odrive_can/share/odrive_can/srv/AxisState_Response.msg
[0.848s] -- Up-to-date: /home/vedant/gaitlab_ws/install/odrive_can/lib/odrive_can/odrive_can_node
[0.848s] -- Up-to-date: /home/vedant/gaitlab_ws/install/odrive_can/share/odrive_can/launch
[0.848s] -- Up-to-date: /home/vedant/gaitlab_ws/install/odrive_can/share/odrive_can/launch/example_launch.yaml
[0.848s] -- Up-to-date: /home/vedant/gaitlab_ws/install/odrive_can/share/ament_index/resource_index/package_run_dependencies/odrive_can
[0.848s] -- Up-to-date: /home/vedant/gaitlab_ws/install/odrive_can/share/ament_index/resource_index/parent_prefix_path/odrive_can
[0.848s] -- Up-to-date: /home/vedant/gaitlab_ws/install/odrive_can/share/odrive_can/environment/ament_prefix_path.sh
[0.848s] -- Up-to-date: /home/vedant/gaitlab_ws/install/odrive_can/share/odrive_can/environment/ament_prefix_path.dsv
[0.849s] -- Up-to-date: /home/vedant/gaitlab_ws/install/odrive_can/share/odrive_can/environment/path.sh
[0.849s] -- Up-to-date: /home/vedant/gaitlab_ws/install/odrive_can/share/odrive_can/environment/path.dsv
[0.849s] -- Up-to-date: /home/vedant/gaitlab_ws/install/odrive_can/share/odrive_can/local_setup.bash
[0.849s] -- Up-to-date: /home/vedant/gaitlab_ws/install/odrive_can/share/odrive_can/local_setup.sh
[0.849s] -- Up-to-date: /home/vedant/gaitlab_ws/install/odrive_can/share/odrive_can/local_setup.zsh
[0.849s] -- Up-to-date: /home/vedant/gaitlab_ws/install/odrive_can/share/odrive_can/local_setup.dsv
[0.849s] -- Installing: /home/vedant/gaitlab_ws/install/odrive_can/share/odrive_can/package.dsv
[0.850s] -- Up-to-date: /home/vedant/gaitlab_ws/install/odrive_can/share/ament_index/resource_index/packages/odrive_can
[0.851s] -- Up-to-date: /home/vedant/gaitlab_ws/install/odrive_can/share/odrive_can/cmake/export_odrive_can__rosidl_generator_cExport.cmake
[0.851s] -- Up-to-date: /home/vedant/gaitlab_ws/install/odrive_can/share/odrive_can/cmake/export_odrive_can__rosidl_generator_cExport-noconfig.cmake
[0.851s] -- Up-to-date: /home/vedant/gaitlab_ws/install/odrive_can/share/odrive_can/cmake/export_odrive_can__rosidl_typesupport_fastrtps_cExport.cmake
[0.852s] -- Up-to-date: /home/vedant/gaitlab_ws/install/odrive_can/share/odrive_can/cmake/export_odrive_can__rosidl_typesupport_fastrtps_cExport-noconfig.cmake
[0.852s] -- Up-to-date: /home/vedant/gaitlab_ws/install/odrive_can/share/odrive_can/cmake/export_odrive_can__rosidl_generator_cppExport.cmake
[0.853s] -- Up-to-date: /home/vedant/gaitlab_ws/install/odrive_can/share/odrive_can/cmake/export_odrive_can__rosidl_typesupport_fastrtps_cppExport.cmake
[0.853s] -- Up-to-date: /home/vedant/gaitlab_ws/install/odrive_can/share/odrive_can/cmake/export_odrive_can__rosidl_typesupport_fastrtps_cppExport-noconfig.cmake
[0.854s] -- Up-to-date: /home/vedant/gaitlab_ws/install/odrive_can/share/odrive_can/cmake/odrive_can__rosidl_typesupport_introspection_cExport.cmake
[0.854s] -- Up-to-date: /home/vedant/gaitlab_ws/install/odrive_can/share/odrive_can/cmake/odrive_can__rosidl_typesupport_introspection_cExport-noconfig.cmake
[0.855s] -- Up-to-date: /home/vedant/gaitlab_ws/install/odrive_can/share/odrive_can/cmake/odrive_can__rosidl_typesupport_cExport.cmake
[0.855s] -- Up-to-date: /home/vedant/gaitlab_ws/install/odrive_can/share/odrive_can/cmake/odrive_can__rosidl_typesupport_cExport-noconfig.cmake
[0.855s] -- Up-to-date: /home/vedant/gaitlab_ws/install/odrive_can/share/odrive_can/cmake/odrive_can__rosidl_typesupport_introspection_cppExport.cmake
[0.856s] -- Up-to-date: /home/vedant/gaitlab_ws/install/odrive_can/share/odrive_can/cmake/odrive_can__rosidl_typesupport_introspection_cppExport-noconfig.cmake
[0.856s] -- Up-to-date: /home/vedant/gaitlab_ws/install/odrive_can/share/odrive_can/cmake/odrive_can__rosidl_typesupport_cppExport.cmake
[0.856s] -- Up-to-date: /home/vedant/gaitlab_ws/install/odrive_can/share/odrive_can/cmake/odrive_can__rosidl_typesupport_cppExport-noconfig.cmake
[0.857s] -- Up-to-date: /home/vedant/gaitlab_ws/install/odrive_can/share/odrive_can/cmake/export_odrive_can__rosidl_generator_pyExport.cmake
[0.858s] -- Up-to-date: /home/vedant/gaitlab_ws/install/odrive_can/share/odrive_can/cmake/export_odrive_can__rosidl_generator_pyExport-noconfig.cmake
[0.858s] -- Up-to-date: /home/vedant/gaitlab_ws/install/odrive_can/share/odrive_can/cmake/rosidl_cmake-extras.cmake
[0.858s] -- Up-to-date: /home/vedant/gaitlab_ws/install/odrive_can/share/odrive_can/cmake/ament_cmake_export_include_directories-extras.cmake
[0.858s] -- Up-to-date: /home/vedant/gaitlab_ws/install/odrive_can/share/odrive_can/cmake/ament_cmake_export_libraries-extras.cmake
[0.858s] -- Up-to-date: /home/vedant/gaitlab_ws/install/odrive_can/share/odrive_can/cmake/ament_cmake_export_targets-extras.cmake
[0.858s] -- Up-to-date: /home/vedant/gaitlab_ws/install/odrive_can/share/odrive_can/cmake/rosidl_cmake_export_typesupport_targets-extras.cmake
[0.858s] -- Up-to-date: /home/vedant/gaitlab_ws/install/odrive_can/share/odrive_can/cmake/ament_cmake_export_dependencies-extras.cmake
[0.859s] -- Up-to-date: /home/vedant/gaitlab_ws/install/odrive_can/share/odrive_can/cmake/rosidl_cmake_export_typesupport_libraries-extras.cmake
[0.859s] -- Up-to-date: /home/vedant/gaitlab_ws/install/odrive_can/share/odrive_can/cmake/odrive_canConfig.cmake
[0.859s] -- Up-to-date: /home/vedant/gaitlab_ws/install/odrive_can/share/odrive_can/cmake/odrive_canConfig-version.cmake
[0.859s] -- Up-to-date: /home/vedant/gaitlab_ws/install/odrive_can/share/odrive_can/package.xml
[0.862s] Invoked command in '/home/vedant/gaitlab_ws/build/odrive_can' returned '0': CMAKE_PREFIX_PATH=${CMAKE_PREFIX_PATH}:/home/vedant/gaitlab_ws/install/odrive_control_py:/opt/ros/humble /usr/bin/cmake --install /home/vedant/gaitlab_ws/build/odrive_can
