/home/vedant/.local/lib/python3.10/site-packages/setuptools/_distutils/dist.py:261: UserWarning: Unknown distribution option: 'tests_require'
  warnings.warn(msg)
running egg_info
writing ../../build/odrive_control_py/odrive_control_py.egg-info/PKG-INFO
writing dependency_links to ../../build/odrive_control_py/odrive_control_py.egg-info/dependency_links.txt
writing entry points to ../../build/odrive_control_py/odrive_control_py.egg-info/entry_points.txt
writing requirements to ../../build/odrive_control_py/odrive_control_py.egg-info/requires.txt
writing top-level names to ../../build/odrive_control_py/odrive_control_py.egg-info/top_level.txt
reading manifest file '../../build/odrive_control_py/odrive_control_py.egg-info/SOURCES.txt'
writing manifest file '../../build/odrive_control_py/odrive_control_py.egg-info/SOURCES.txt'
running build
running build_py
copying odrive_control_py/record_odrive_data_test.py -> /home/vedant/gaitlab_ws/OdriveCANControl/build/odrive_control_py/build/lib/odrive_control_py
copying odrive_control_py/data_recording_node.py -> /home/vedant/gaitlab_ws/OdriveCANControl/build/odrive_control_py/build/lib/odrive_control_py
copying odrive_control_py/app_tcp_server.py -> /home/vedant/gaitlab_ws/OdriveCANControl/build/odrive_control_py/build/lib/odrive_control_py
copying odrive_control_py/trial_controlnode.py -> /home/vedant/gaitlab_ws/OdriveCANControl/build/odrive_control_py/build/lib/odrive_control_py
copying odrive_control_py/matlab_tcp_node_test.py -> /home/vedant/gaitlab_ws/OdriveCANControl/build/odrive_control_py/build/lib/odrive_control_py
copying odrive_control_py/control_node.py -> /home/vedant/gaitlab_ws/OdriveCANControl/build/odrive_control_py/build/lib/odrive_control_py
copying odrive_control_py/encoder_read_node.py -> /home/vedant/gaitlab_ws/OdriveCANControl/build/odrive_control_py/build/lib/odrive_control_py
copying odrive_control_py/__init__.py -> /home/vedant/gaitlab_ws/OdriveCANControl/build/odrive_control_py/build/lib/odrive_control_py
running install
running install_lib
running install_data
copying resource/odrive_control_py -> /home/vedant/gaitlab_ws/OdriveCANControl/install/odrive_control_py/share/ament_index/resource_index/packages
copying package.xml -> /home/vedant/gaitlab_ws/OdriveCANControl/install/odrive_control_py/share/odrive_control_py
running install_egg_info
removing '/home/vedant/gaitlab_ws/OdriveCANControl/install/odrive_control_py/lib/python3.10/site-packages/odrive_control_py-0.0.0-py3.10.egg-info' (and everything under it)
Copying ../../build/odrive_control_py/odrive_control_py.egg-info to /home/vedant/gaitlab_ws/OdriveCANControl/install/odrive_control_py/lib/python3.10/site-packages/odrive_control_py-0.0.0-py3.10.egg-info
running install_scripts
Installing data_recording_node script to /home/vedant/gaitlab_ws/OdriveCANControl/install/odrive_control_py/lib/odrive_control_py
Installing encoder_read_node script to /home/vedant/gaitlab_ws/OdriveCANControl/install/odrive_control_py/lib/odrive_control_py
Installing odrive_control_node script to /home/vedant/gaitlab_ws/OdriveCANControl/install/odrive_control_py/lib/odrive_control_py
writing list of installed files to '/home/vedant/gaitlab_ws/OdriveCANControl/build/odrive_control_py/install.log'
