[0.795s] Invoking command in '/home/vedant/gaitlab_ws/OdriveCANControl/src/odrive_control_py': AMENT_PREFIX_PATH=/home/vedant/gaitlab_ws/OdriveCANControl/install/data_sync:${AMENT_PREFIX_PATH} CMAKE_PREFIX_PATH=/home/vedant/gaitlab_ws/OdriveCANControl/install/data_sync LD_LIBRARY_PATH=/home/vedant/gaitlab_ws/OdriveCANControl/install/data_sync/lib:${LD_LIBRARY_PATH} PYTHONPATH=/home/vedant/gaitlab_ws/OdriveCANControl/build/odrive_control_py/prefix_override:/home/vedant/gaitlab_ws/OdriveCANControl/install/odrive_control_py/lib/python3.10/site-packages:/home/vedant/gaitlab_ws/OdriveCANControl/install/data_sync/local/lib/python3.10/dist-packages:${PYTHONPATH} /usr/bin/python3 -W ignore:setup.py install is deprecated setup.py egg_info --egg-base ../../build/odrive_control_py build --build-base /home/vedant/gaitlab_ws/OdriveCANControl/build/odrive_control_py/build install --record /home/vedant/gaitlab_ws/OdriveCANControl/build/odrive_control_py/install.log --single-version-externally-managed install_data
[0.887s] /home/vedant/.local/lib/python3.10/site-packages/setuptools/_distutils/dist.py:261: UserWarning: Unknown distribution option: 'tests_require'
[0.887s]   warnings.warn(msg)
[0.953s] running egg_info
[0.964s] writing ../../build/odrive_control_py/odrive_control_py.egg-info/PKG-INFO
[0.964s] writing dependency_links to ../../build/odrive_control_py/odrive_control_py.egg-info/dependency_links.txt
[0.965s] writing entry points to ../../build/odrive_control_py/odrive_control_py.egg-info/entry_points.txt
[0.965s] writing requirements to ../../build/odrive_control_py/odrive_control_py.egg-info/requires.txt
[0.966s] writing top-level names to ../../build/odrive_control_py/odrive_control_py.egg-info/top_level.txt
[0.988s] reading manifest file '../../build/odrive_control_py/odrive_control_py.egg-info/SOURCES.txt'
[0.989s] writing manifest file '../../build/odrive_control_py/odrive_control_py.egg-info/SOURCES.txt'
[0.989s] running build
[0.989s] running build_py
[0.989s] copying odrive_control_py/record_odrive_data_test.py -> /home/vedant/gaitlab_ws/OdriveCANControl/build/odrive_control_py/build/lib/odrive_control_py
[0.990s] copying odrive_control_py/data_recording_node.py -> /home/vedant/gaitlab_ws/OdriveCANControl/build/odrive_control_py/build/lib/odrive_control_py
[0.990s] copying odrive_control_py/app_tcp_server.py -> /home/vedant/gaitlab_ws/OdriveCANControl/build/odrive_control_py/build/lib/odrive_control_py
[0.990s] copying odrive_control_py/trial_controlnode.py -> /home/vedant/gaitlab_ws/OdriveCANControl/build/odrive_control_py/build/lib/odrive_control_py
[0.990s] copying odrive_control_py/matlab_tcp_node_test.py -> /home/vedant/gaitlab_ws/OdriveCANControl/build/odrive_control_py/build/lib/odrive_control_py
[0.990s] copying odrive_control_py/control_node.py -> /home/vedant/gaitlab_ws/OdriveCANControl/build/odrive_control_py/build/lib/odrive_control_py
[0.990s] copying odrive_control_py/encoder_read_node.py -> /home/vedant/gaitlab_ws/OdriveCANControl/build/odrive_control_py/build/lib/odrive_control_py
[0.991s] copying odrive_control_py/__init__.py -> /home/vedant/gaitlab_ws/OdriveCANControl/build/odrive_control_py/build/lib/odrive_control_py
[0.991s] running install
[0.994s] running install_lib
[1.005s] running install_data
[1.005s] copying resource/odrive_control_py -> /home/vedant/gaitlab_ws/OdriveCANControl/install/odrive_control_py/share/ament_index/resource_index/packages
[1.005s] copying package.xml -> /home/vedant/gaitlab_ws/OdriveCANControl/install/odrive_control_py/share/odrive_control_py
[1.005s] running install_egg_info
[1.017s] removing '/home/vedant/gaitlab_ws/OdriveCANControl/install/odrive_control_py/lib/python3.10/site-packages/odrive_control_py-0.0.0-py3.10.egg-info' (and everything under it)
[1.017s] Copying ../../build/odrive_control_py/odrive_control_py.egg-info to /home/vedant/gaitlab_ws/OdriveCANControl/install/odrive_control_py/lib/python3.10/site-packages/odrive_control_py-0.0.0-py3.10.egg-info
[1.017s] running install_scripts
[1.105s] Installing data_recording_node script to /home/vedant/gaitlab_ws/OdriveCANControl/install/odrive_control_py/lib/odrive_control_py
[1.106s] Installing encoder_read_node script to /home/vedant/gaitlab_ws/OdriveCANControl/install/odrive_control_py/lib/odrive_control_py
[1.106s] Installing odrive_control_node script to /home/vedant/gaitlab_ws/OdriveCANControl/install/odrive_control_py/lib/odrive_control_py
[1.106s] writing list of installed files to '/home/vedant/gaitlab_ws/OdriveCANControl/build/odrive_control_py/install.log'
[1.120s] Invoked command in '/home/vedant/gaitlab_ws/OdriveCANControl/src/odrive_control_py' returned '0': AMENT_PREFIX_PATH=/home/vedant/gaitlab_ws/OdriveCANControl/install/data_sync:${AMENT_PREFIX_PATH} CMAKE_PREFIX_PATH=/home/vedant/gaitlab_ws/OdriveCANControl/install/data_sync LD_LIBRARY_PATH=/home/vedant/gaitlab_ws/OdriveCANControl/install/data_sync/lib:${LD_LIBRARY_PATH} PYTHONPATH=/home/vedant/gaitlab_ws/OdriveCANControl/build/odrive_control_py/prefix_override:/home/vedant/gaitlab_ws/OdriveCANControl/install/odrive_control_py/lib/python3.10/site-packages:/home/vedant/gaitlab_ws/OdriveCANControl/install/data_sync/local/lib/python3.10/dist-packages:${PYTHONPATH} /usr/bin/python3 -W ignore:setup.py install is deprecated setup.py egg_info --egg-base ../../build/odrive_control_py build --build-base /home/vedant/gaitlab_ws/OdriveCANControl/build/odrive_control_py/build install --record /home/vedant/gaitlab_ws/OdriveCANControl/build/odrive_control_py/install.log --single-version-externally-managed install_data
