[0.012s] Invoking command in '/home/vedant/gaitlab_ws/build/odrive_can': CMAKE_PREFIX_PATH=/opt/ros/humble /usr/bin/cmake /home/vedant/gaitlab_ws/src/ros_odrive/odrive_node -DCMAKE_INSTALL_PREFIX=/home/vedant/gaitlab_ws/install/odrive_can
[0.227s] -- The C compiler identification is GNU 11.4.0
[0.455s] -- The CXX compiler identification is GNU 11.4.0
[0.473s] -- Detecting C compiler ABI info
[0.573s] -- Detecting C compiler ABI info - done
[0.583s] -- Check for working C compiler: /usr/bin/cc - skipped
[0.603s] -- Detecting C compile features
[0.604s] -- Detecting C compile features - done
[0.609s] -- Detecting CXX compiler ABI info
[0.715s] -- Detecting CXX compiler ABI info - done
[0.725s] -- Check for working CXX compiler: /usr/bin/c++ - skipped
[0.726s] -- Detecting CXX compile features
[0.726s] -- Detecting CXX compile features - done
[0.755s] -- Found ament_cmake: 1.3.9 (/opt/ros/humble/share/ament_cmake/cmake)
[0.968s] -- Found Python3: /usr/bin/python3 (found version "3.10.12") found components: Interpreter 
[1.126s] -- Found rclcpp: 16.0.9 (/opt/ros/humble/share/rclcpp/cmake)
[1.219s] -- Found rosidl_generator_c: 3.1.5 (/opt/ros/humble/share/rosidl_generator_c/cmake)
[1.230s] -- Found rosidl_adapter: 3.1.5 (/opt/ros/humble/share/rosidl_adapter/cmake)
[1.247s] -- Found rosidl_generator_cpp: 3.1.5 (/opt/ros/humble/share/rosidl_generator_cpp/cmake)
[1.278s] -- Using all available rosidl_typesupport_c: rosidl_typesupport_fastrtps_c;rosidl_typesupport_introspection_c
[1.315s] -- Using all available rosidl_typesupport_cpp: rosidl_typesupport_fastrtps_cpp;rosidl_typesupport_introspection_cpp
[1.446s] -- Found rmw_implementation_cmake: 6.1.2 (/opt/ros/humble/share/rmw_implementation_cmake/cmake)
[1.451s] -- Found rmw_cyclonedds_cpp: 1.3.4 (/opt/ros/humble/share/rmw_cyclonedds_cpp/cmake)
[1.517s] -- Using RMW implementation 'rmw_cyclonedds_cpp' as default
[1.536s] -- Looking for pthread.h
[1.654s] -- Looking for pthread.h - found
[1.654s] -- Performing Test CMAKE_HAVE_LIBC_PTHREAD
[1.748s] -- Performing Test CMAKE_HAVE_LIBC_PTHREAD - Success
[1.750s] -- Found Threads: TRUE  
[2.016s] -- Found rosidl_default_generators: 1.2.0 (/opt/ros/humble/share/rosidl_default_generators/cmake)
[2.416s] -- Found ament_cmake_ros: 0.10.0 (/opt/ros/humble/share/ament_cmake_ros/cmake)
[2.857s] -- Using all available rosidl_typesupport_c: rosidl_typesupport_fastrtps_c;rosidl_typesupport_introspection_c
[3.028s] -- Using all available rosidl_typesupport_cpp: rosidl_typesupport_fastrtps_cpp;rosidl_typesupport_introspection_cpp
[3.064s] -- Found PythonInterp: /usr/bin/python3 (found suitable version "3.10.12", minimum required is "3.6") 
[3.068s] -- Found python_cmake_module: 0.10.0 (/opt/ros/humble/share/python_cmake_module/cmake)
[3.107s] -- Found PythonLibs: /usr/lib/x86_64-linux-gnu/libpython3.10.so (found suitable version "3.10.12", minimum required is "3.5") 
[3.107s] -- Using PYTHON_EXECUTABLE: /usr/bin/python3
[3.107s] -- Using PYTHON_INCLUDE_DIRS: /usr/include/python3.10
[3.107s] -- Using PYTHON_LIBRARIES: /usr/lib/x86_64-linux-gnu/libpython3.10.so
[3.137s] -- Found PythonExtra: .so  
[3.200s] -- Configuring done
[3.250s] -- Generating done
[3.253s] -- Build files have been written to: /home/vedant/gaitlab_ws/build/odrive_can
[3.268s] Invoked command in '/home/vedant/gaitlab_ws/build/odrive_can' returned '0': CMAKE_PREFIX_PATH=/opt/ros/humble /usr/bin/cmake /home/vedant/gaitlab_ws/src/ros_odrive/odrive_node -DCMAKE_INSTALL_PREFIX=/home/vedant/gaitlab_ws/install/odrive_can
[3.270s] Invoking command in '/home/vedant/gaitlab_ws/build/odrive_can': CMAKE_PREFIX_PATH=/opt/ros/humble /usr/bin/cmake --build /home/vedant/gaitlab_ws/build/odrive_can -- -j4 -l4
[3.322s] [  1%] [34m[1mGenerating C code for ROS interfaces[0m
[3.336s] [  3%] [34m[1mGenerating C++ code for ROS interfaces[0m
[3.350s] [  3%] Built target ament_cmake_python_copy_odrive_can
[3.852s] running egg_info
[3.853s] creating odrive_can.egg-info
[3.853s] writing odrive_can.egg-info/PKG-INFO
[3.854s] writing dependency_links to odrive_can.egg-info/dependency_links.txt
[3.854s] writing top-level names to odrive_can.egg-info/top_level.txt
[3.854s] writing manifest file 'odrive_can.egg-info/SOURCES.txt'
[3.872s] reading manifest file 'odrive_can.egg-info/SOURCES.txt'
[3.875s] writing manifest file 'odrive_can.egg-info/SOURCES.txt'
[3.918s] [  3%] Built target ament_cmake_python_build_odrive_can_egg
[4.126s] [  3%] Built target odrive_can__cpp
[4.142s] [  6%] [34m[1mGenerating C++ introspection for ROS interfaces[0m
[4.142s] [  8%] [34m[1mGenerating C++ type support for eProsima Fast-RTPS[0m
[4.142s] [  8%] [34m[1mGenerating C++ type support dispatch for ROS interfaces[0m
[4.396s] [ 10%] [32mBuilding C object CMakeFiles/odrive_can__rosidl_generator_c.dir/rosidl_generator_c/odrive_can/msg/detail/control_message__functions.c.o[0m
[4.516s] [ 11%] [32mBuilding C object CMakeFiles/odrive_can__rosidl_generator_c.dir/rosidl_generator_c/odrive_can/msg/detail/controller_status__functions.c.o[0m
[4.604s] [ 13%] [32mBuilding C object CMakeFiles/odrive_can__rosidl_generator_c.dir/rosidl_generator_c/odrive_can/msg/detail/o_drive_status__functions.c.o[0m
[4.691s] [ 15%] [32mBuilding C object CMakeFiles/odrive_can__rosidl_generator_c.dir/rosidl_generator_c/odrive_can/srv/detail/axis_state__functions.c.o[0m
[4.730s] [ 16%] [32mBuilding CXX object CMakeFiles/odrive_can__rosidl_typesupport_cpp.dir/rosidl_typesupport_cpp/odrive_can/msg/control_message__type_support.cpp.o[0m
[4.783s] [ 18%] [32m[1mLinking C shared library libodrive_can__rosidl_generator_c.so[0m
[4.825s] [ 20%] [32mBuilding CXX object CMakeFiles/odrive_can__rosidl_typesupport_introspection_cpp.dir/rosidl_typesupport_introspection_cpp/odrive_can/msg/detail/control_message__type_support.cpp.o[0m
[4.858s] [ 20%] Built target odrive_can__rosidl_generator_c
[4.873s] [ 21%] [34m[1mGenerating C type support for eProsima Fast-RTPS[0m
[4.929s] [ 23%] [32mBuilding CXX object CMakeFiles/odrive_can__rosidl_typesupport_fastrtps_cpp.dir/rosidl_typesupport_fastrtps_cpp/odrive_can/msg/detail/dds_fastrtps/control_message__type_support.cpp.o[0m
[5.301s] [ 25%] [32mBuilding CXX object CMakeFiles/odrive_can__rosidl_typesupport_cpp.dir/rosidl_typesupport_cpp/odrive_can/msg/controller_status__type_support.cpp.o[0m
[5.519s] [ 26%] [32mBuilding CXX object CMakeFiles/odrive_can__rosidl_typesupport_introspection_cpp.dir/rosidl_typesupport_introspection_cpp/odrive_can/msg/detail/controller_status__type_support.cpp.o[0m
[5.686s] [ 28%] [32mBuilding CXX object CMakeFiles/odrive_can__rosidl_typesupport_fastrtps_c.dir/rosidl_typesupport_fastrtps_c/odrive_can/msg/detail/control_message__type_support_c.cpp.o[0m
[5.692s] [ 30%] [32mBuilding CXX object CMakeFiles/odrive_can__rosidl_typesupport_fastrtps_cpp.dir/rosidl_typesupport_fastrtps_cpp/odrive_can/msg/detail/dds_fastrtps/controller_status__type_support.cpp.o[0m
[5.797s] [ 31%] [32mBuilding CXX object CMakeFiles/odrive_can__rosidl_typesupport_cpp.dir/rosidl_typesupport_cpp/odrive_can/msg/o_drive_status__type_support.cpp.o[0m
[6.170s] [ 33%] [32mBuilding CXX object CMakeFiles/odrive_can__rosidl_typesupport_introspection_cpp.dir/rosidl_typesupport_introspection_cpp/odrive_can/msg/detail/o_drive_status__type_support.cpp.o[0m
[6.279s] [ 35%] [32mBuilding CXX object CMakeFiles/odrive_can__rosidl_typesupport_cpp.dir/rosidl_typesupport_cpp/odrive_can/srv/axis_state__type_support.cpp.o[0m
[6.293s] [ 36%] [32mBuilding CXX object CMakeFiles/odrive_can__rosidl_typesupport_fastrtps_c.dir/rosidl_typesupport_fastrtps_c/odrive_can/msg/detail/controller_status__type_support_c.cpp.o[0m
[6.413s] [ 38%] [32mBuilding CXX object CMakeFiles/odrive_can__rosidl_typesupport_fastrtps_cpp.dir/rosidl_typesupport_fastrtps_cpp/odrive_can/msg/detail/dds_fastrtps/o_drive_status__type_support.cpp.o[0m
[6.755s] [ 40%] [32m[1mLinking CXX shared library libodrive_can__rosidl_typesupport_cpp.so[0m
[6.824s] [ 40%] Built target odrive_can__rosidl_typesupport_cpp
[6.836s] [ 41%] [32mBuilding CXX object CMakeFiles/odrive_can__rosidl_typesupport_introspection_cpp.dir/rosidl_typesupport_introspection_cpp/odrive_can/srv/detail/axis_state__type_support.cpp.o[0m
[6.837s] [ 43%] [32mBuilding CXX object CMakeFiles/odrive_can__rosidl_typesupport_fastrtps_c.dir/rosidl_typesupport_fastrtps_c/odrive_can/msg/detail/o_drive_status__type_support_c.cpp.o[0m
[6.931s] [ 45%] [32mBuilding CXX object CMakeFiles/odrive_can__rosidl_typesupport_fastrtps_cpp.dir/rosidl_typesupport_fastrtps_cpp/odrive_can/srv/detail/dds_fastrtps/axis_state__type_support.cpp.o[0m
[7.135s] [ 46%] [32mBuilding CXX object CMakeFiles/odrive_can__rosidl_typesupport_fastrtps_c.dir/rosidl_typesupport_fastrtps_c/odrive_can/srv/detail/axis_state__type_support_c.cpp.o[0m
[7.412s] [ 48%] [34m[1mGenerating C introspection for ROS interfaces[0m
[7.594s] [ 50%] [32m[1mLinking CXX shared library libodrive_can__rosidl_typesupport_introspection_cpp.so[0m
[7.671s] [ 50%] Built target odrive_can__rosidl_typesupport_introspection_cpp
[7.687s] [ 51%] [34m[1mGenerating C type support dispatch for ROS interfaces[0m
[7.697s] [ 53%] [32m[1mLinking CXX shared library libodrive_can__rosidl_typesupport_fastrtps_cpp.so[0m
[7.810s] [ 55%] [32m[1mLinking CXX shared library libodrive_can__rosidl_typesupport_fastrtps_c.so[0m
[7.842s] [ 55%] Built target odrive_can__rosidl_typesupport_fastrtps_cpp
[7.875s] [ 56%] [32mBuilding CXX object CMakeFiles/odrive_can_node.dir/home/vedant/gaitlab_ws/src/ros_odrive/odrive_base/src/epoll_event_loop.cpp.o[0m
[7.961s] [ 56%] Built target odrive_can__rosidl_typesupport_fastrtps_c
[7.975s] [ 58%] [32mBuilding CXX object CMakeFiles/odrive_can_node.dir/home/vedant/gaitlab_ws/src/ros_odrive/odrive_base/src/socket_can.cpp.o[0m
[8.228s] [ 60%] [32mBuilding C object CMakeFiles/odrive_can__rosidl_typesupport_introspection_c.dir/rosidl_typesupport_introspection_c/odrive_can/msg/detail/control_message__type_support.c.o[0m
[8.298s] [ 61%] [32mBuilding C object CMakeFiles/odrive_can__rosidl_typesupport_introspection_c.dir/rosidl_typesupport_introspection_c/odrive_can/msg/detail/controller_status__type_support.c.o[0m
[8.321s] [ 63%] [32mBuilding CXX object CMakeFiles/odrive_can__rosidl_typesupport_c.dir/rosidl_typesupport_c/odrive_can/msg/control_message__type_support.cpp.o[0m
[8.351s] [ 65%] [32mBuilding C object CMakeFiles/odrive_can__rosidl_typesupport_introspection_c.dir/rosidl_typesupport_introspection_c/odrive_can/msg/detail/o_drive_status__type_support.c.o[0m
[8.367s] [ 66%] [32mBuilding CXX object CMakeFiles/odrive_can__rosidl_typesupport_c.dir/rosidl_typesupport_c/odrive_can/msg/controller_status__type_support.cpp.o[0m
[8.404s] [ 68%] [32mBuilding C object CMakeFiles/odrive_can__rosidl_typesupport_introspection_c.dir/rosidl_typesupport_introspection_c/odrive_can/srv/detail/axis_state__type_support.c.o[0m
[8.412s] [ 70%] [32mBuilding CXX object CMakeFiles/odrive_can__rosidl_typesupport_c.dir/rosidl_typesupport_c/odrive_can/msg/o_drive_status__type_support.cpp.o[0m
[8.457s] [ 71%] [32mBuilding CXX object CMakeFiles/odrive_can__rosidl_typesupport_c.dir/rosidl_typesupport_c/odrive_can/srv/axis_state__type_support.cpp.o[0m
[8.462s] [ 73%] [32m[1mLinking C shared library libodrive_can__rosidl_typesupport_introspection_c.so[0m
[8.507s] [ 75%] [32m[1mLinking CXX shared library libodrive_can__rosidl_typesupport_c.so[0m
[8.511s] [ 75%] Built target odrive_can__rosidl_typesupport_introspection_c
[8.525s] [ 76%] [32mBuilding CXX object CMakeFiles/odrive_can_node.dir/src/odrive_can_node.cpp.o[0m
[8.574s] [ 76%] Built target odrive_can__rosidl_typesupport_c
[8.603s] [ 76%] Built target odrive_can
[8.634s] [ 78%] [34m[1mGenerating Python code for ROS interfaces[0m
[9.131s] [ 80%] [32mBuilding CXX object CMakeFiles/odrive_can_node.dir/src/main.cpp.o[0m
[9.917s] [ 80%] Built target odrive_can__py
[9.949s] [ 81%] [32mBuilding C object CMakeFiles/odrive_can__rosidl_generator_py.dir/rosidl_generator_py/odrive_can/msg/_controller_status_s.c.o[0m
[9.950s] [ 83%] [32mBuilding C object CMakeFiles/odrive_can__rosidl_generator_py.dir/rosidl_generator_py/odrive_can/msg/_control_message_s.c.o[0m
[10.180s] [ 85%] [32mBuilding C object CMakeFiles/odrive_can__rosidl_generator_py.dir/rosidl_generator_py/odrive_can/msg/_o_drive_status_s.c.o[0m
[10.185s] [ 86%] [32mBuilding C object CMakeFiles/odrive_can__rosidl_generator_py.dir/rosidl_generator_py/odrive_can/srv/_axis_state_s.c.o[0m
[10.385s] [ 88%] [32m[1mLinking C shared library rosidl_generator_py/odrive_can/libodrive_can__rosidl_generator_py.so[0m
[10.452s] [ 88%] Built target odrive_can__rosidl_generator_py
[10.486s] [ 90%] [32mBuilding C object CMakeFiles/odrive_can__rosidl_typesupport_fastrtps_c__pyext.dir/rosidl_generator_py/odrive_can/_odrive_can_s.ep.rosidl_typesupport_fastrtps_c.c.o[0m
[10.489s] [ 91%] [32mBuilding C object CMakeFiles/odrive_can__rosidl_typesupport_introspection_c__pyext.dir/rosidl_generator_py/odrive_can/_odrive_can_s.ep.rosidl_typesupport_introspection_c.c.o[0m
[10.675s] [ 93%] [32m[1mLinking C shared library rosidl_generator_py/odrive_can/odrive_can_s__rosidl_typesupport_fastrtps_c.cpython-310-x86_64-linux-gnu.so[0m
[10.680s] [ 95%] [32m[1mLinking C shared library rosidl_generator_py/odrive_can/odrive_can_s__rosidl_typesupport_introspection_c.cpython-310-x86_64-linux-gnu.so[0m
[10.736s] [ 95%] Built target odrive_can__rosidl_typesupport_fastrtps_c__pyext
[10.744s] [ 95%] Built target odrive_can__rosidl_typesupport_introspection_c__pyext
[10.769s] [ 96%] [32mBuilding C object CMakeFiles/odrive_can__rosidl_typesupport_c__pyext.dir/rosidl_generator_py/odrive_can/_odrive_can_s.ep.rosidl_typesupport_c.c.o[0m
[10.940s] [ 98%] [32m[1mLinking C shared library rosidl_generator_py/odrive_can/odrive_can_s__rosidl_typesupport_c.cpython-310-x86_64-linux-gnu.so[0m
[10.994s] [ 98%] Built target odrive_can__rosidl_typesupport_c__pyext
[24.479s] [100%] [32m[1mLinking CXX executable odrive_can_node[0m
[25.167s] [100%] Built target odrive_can_node
[25.183s] Invoked command in '/home/vedant/gaitlab_ws/build/odrive_can' returned '0': CMAKE_PREFIX_PATH=/opt/ros/humble /usr/bin/cmake --build /home/vedant/gaitlab_ws/build/odrive_can -- -j4 -l4
[25.323s] Invoking command in '/home/vedant/gaitlab_ws/build/odrive_can': CMAKE_PREFIX_PATH=/opt/ros/humble /usr/bin/cmake --install /home/vedant/gaitlab_ws/build/odrive_can
[25.333s] -- Install configuration: ""
[25.334s] -- Installing: /home/vedant/gaitlab_ws/install/odrive_can/share/ament_index/resource_index/rosidl_interfaces/odrive_can
[25.334s] -- Installing: /home/vedant/gaitlab_ws/install/odrive_can/include/odrive_can/odrive_can
[25.334s] -- Installing: /home/vedant/gaitlab_ws/install/odrive_can/include/odrive_can/odrive_can/srv
[25.334s] -- Installing: /home/vedant/gaitlab_ws/install/odrive_can/include/odrive_can/odrive_can/srv/detail
[25.334s] -- Installing: /home/vedant/gaitlab_ws/install/odrive_can/include/odrive_can/odrive_can/srv/detail/axis_state__functions.h
[25.335s] -- Installing: /home/vedant/gaitlab_ws/install/odrive_can/include/odrive_can/odrive_can/srv/detail/axis_state__functions.c
[25.335s] -- Installing: /home/vedant/gaitlab_ws/install/odrive_can/include/odrive_can/odrive_can/srv/detail/axis_state__type_support.h
[25.335s] -- Installing: /home/vedant/gaitlab_ws/install/odrive_can/include/odrive_can/odrive_can/srv/detail/axis_state__struct.h
[25.335s] -- Installing: /home/vedant/gaitlab_ws/install/odrive_can/include/odrive_can/odrive_can/srv/axis_state.h
[25.335s] -- Installing: /home/vedant/gaitlab_ws/install/odrive_can/include/odrive_can/odrive_can/msg
[25.335s] -- Installing: /home/vedant/gaitlab_ws/install/odrive_can/include/odrive_can/odrive_can/msg/controller_status.h
[25.335s] -- Installing: /home/vedant/gaitlab_ws/install/odrive_can/include/odrive_can/odrive_can/msg/detail
[25.335s] -- Installing: /home/vedant/gaitlab_ws/install/odrive_can/include/odrive_can/odrive_can/msg/detail/o_drive_status__functions.h
[25.336s] -- Installing: /home/vedant/gaitlab_ws/install/odrive_can/include/odrive_can/odrive_can/msg/detail/control_message__type_support.h
[25.336s] -- Installing: /home/vedant/gaitlab_ws/install/odrive_can/include/odrive_can/odrive_can/msg/detail/control_message__functions.c
[25.336s] -- Installing: /home/vedant/gaitlab_ws/install/odrive_can/include/odrive_can/odrive_can/msg/detail/controller_status__struct.h
[25.336s] -- Installing: /home/vedant/gaitlab_ws/install/odrive_can/include/odrive_can/odrive_can/msg/detail/o_drive_status__functions.c
[25.336s] -- Installing: /home/vedant/gaitlab_ws/install/odrive_can/include/odrive_can/odrive_can/msg/detail/control_message__functions.h
[25.336s] -- Installing: /home/vedant/gaitlab_ws/install/odrive_can/include/odrive_can/odrive_can/msg/detail/controller_status__functions.h
[25.336s] -- Installing: /home/vedant/gaitlab_ws/install/odrive_can/include/odrive_can/odrive_can/msg/detail/control_message__struct.h
[25.336s] -- Installing: /home/vedant/gaitlab_ws/install/odrive_can/include/odrive_can/odrive_can/msg/detail/controller_status__type_support.h
[25.337s] -- Installing: /home/vedant/gaitlab_ws/install/odrive_can/include/odrive_can/odrive_can/msg/detail/controller_status__functions.c
[25.337s] -- Installing: /home/vedant/gaitlab_ws/install/odrive_can/include/odrive_can/odrive_can/msg/detail/o_drive_status__struct.h
[25.337s] -- Installing: /home/vedant/gaitlab_ws/install/odrive_can/include/odrive_can/odrive_can/msg/detail/o_drive_status__type_support.h
[25.337s] -- Installing: /home/vedant/gaitlab_ws/install/odrive_can/include/odrive_can/odrive_can/msg/rosidl_generator_c__visibility_control.h
[25.337s] -- Installing: /home/vedant/gaitlab_ws/install/odrive_can/include/odrive_can/odrive_can/msg/o_drive_status.h
[25.337s] -- Installing: /home/vedant/gaitlab_ws/install/odrive_can/include/odrive_can/odrive_can/msg/control_message.h
[25.337s] -- Installing: /home/vedant/gaitlab_ws/install/odrive_can/share/odrive_can/environment/library_path.sh
[25.337s] -- Installing: /home/vedant/gaitlab_ws/install/odrive_can/share/odrive_can/environment/library_path.dsv
[25.338s] -- Installing: /home/vedant/gaitlab_ws/install/odrive_can/lib/libodrive_can__rosidl_generator_c.so
[25.338s] -- Set runtime path of "/home/vedant/gaitlab_ws/install/odrive_can/lib/libodrive_can__rosidl_generator_c.so" to ""
[25.338s] -- Up-to-date: /home/vedant/gaitlab_ws/install/odrive_can/include/odrive_can/odrive_can
[25.338s] -- Up-to-date: /home/vedant/gaitlab_ws/install/odrive_can/include/odrive_can/odrive_can/srv
[25.339s] -- Up-to-date: /home/vedant/gaitlab_ws/install/odrive_can/include/odrive_can/odrive_can/srv/detail
[25.339s] -- Installing: /home/vedant/gaitlab_ws/install/odrive_can/include/odrive_can/odrive_can/srv/detail/axis_state__rosidl_typesupport_fastrtps_c.h
[25.339s] -- Up-to-date: /home/vedant/gaitlab_ws/install/odrive_can/include/odrive_can/odrive_can/msg
[25.339s] -- Up-to-date: /home/vedant/gaitlab_ws/install/odrive_can/include/odrive_can/odrive_can/msg/detail
[25.339s] -- Installing: /home/vedant/gaitlab_ws/install/odrive_can/include/odrive_can/odrive_can/msg/detail/controller_status__rosidl_typesupport_fastrtps_c.h
[25.339s] -- Installing: /home/vedant/gaitlab_ws/install/odrive_can/include/odrive_can/odrive_can/msg/detail/o_drive_status__rosidl_typesupport_fastrtps_c.h
[25.339s] -- Installing: /home/vedant/gaitlab_ws/install/odrive_can/include/odrive_can/odrive_can/msg/detail/control_message__rosidl_typesupport_fastrtps_c.h
[25.339s] -- Installing: /home/vedant/gaitlab_ws/install/odrive_can/include/odrive_can/odrive_can/msg/rosidl_typesupport_fastrtps_c__visibility_control.h
[25.340s] -- Installing: /home/vedant/gaitlab_ws/install/odrive_can/lib/libodrive_can__rosidl_typesupport_fastrtps_c.so
[25.340s] -- Set runtime path of "/home/vedant/gaitlab_ws/install/odrive_can/lib/libodrive_can__rosidl_typesupport_fastrtps_c.so" to ""
[25.340s] -- Up-to-date: /home/vedant/gaitlab_ws/install/odrive_can/include/odrive_can/odrive_can
[25.340s] -- Up-to-date: /home/vedant/gaitlab_ws/install/odrive_can/include/odrive_can/odrive_can/srv
[25.340s] -- Up-to-date: /home/vedant/gaitlab_ws/install/odrive_can/include/odrive_can/odrive_can/srv/detail
[25.340s] -- Installing: /home/vedant/gaitlab_ws/install/odrive_can/include/odrive_can/odrive_can/srv/detail/axis_state__traits.hpp
[25.340s] -- Installing: /home/vedant/gaitlab_ws/install/odrive_can/include/odrive_can/odrive_can/srv/detail/axis_state__builder.hpp
[25.340s] -- Installing: /home/vedant/gaitlab_ws/install/odrive_can/include/odrive_can/odrive_can/srv/detail/axis_state__struct.hpp
[25.340s] -- Installing: /home/vedant/gaitlab_ws/install/odrive_can/include/odrive_can/odrive_can/srv/axis_state.hpp
[25.341s] -- Up-to-date: /home/vedant/gaitlab_ws/install/odrive_can/include/odrive_can/odrive_can/msg
[25.341s] -- Installing: /home/vedant/gaitlab_ws/install/odrive_can/include/odrive_can/odrive_can/msg/controller_status.hpp
[25.341s] -- Installing: /home/vedant/gaitlab_ws/install/odrive_can/include/odrive_can/odrive_can/msg/control_message.hpp
[25.341s] -- Up-to-date: /home/vedant/gaitlab_ws/install/odrive_can/include/odrive_can/odrive_can/msg/detail
[25.341s] -- Installing: /home/vedant/gaitlab_ws/install/odrive_can/include/odrive_can/odrive_can/msg/detail/control_message__struct.hpp
[25.341s] -- Installing: /home/vedant/gaitlab_ws/install/odrive_can/include/odrive_can/odrive_can/msg/detail/o_drive_status__builder.hpp
[25.341s] -- Installing: /home/vedant/gaitlab_ws/install/odrive_can/include/odrive_can/odrive_can/msg/detail/control_message__traits.hpp
[25.341s] -- Installing: /home/vedant/gaitlab_ws/install/odrive_can/include/odrive_can/odrive_can/msg/detail/controller_status__traits.hpp
[25.341s] -- Installing: /home/vedant/gaitlab_ws/install/odrive_can/include/odrive_can/odrive_can/msg/detail/controller_status__builder.hpp
[25.342s] -- Installing: /home/vedant/gaitlab_ws/install/odrive_can/include/odrive_can/odrive_can/msg/detail/controller_status__struct.hpp
[25.342s] -- Installing: /home/vedant/gaitlab_ws/install/odrive_can/include/odrive_can/odrive_can/msg/detail/o_drive_status__struct.hpp
[25.342s] -- Installing: /home/vedant/gaitlab_ws/install/odrive_can/include/odrive_can/odrive_can/msg/detail/control_message__builder.hpp
[25.342s] -- Installing: /home/vedant/gaitlab_ws/install/odrive_can/include/odrive_can/odrive_can/msg/detail/o_drive_status__traits.hpp
[25.342s] -- Installing: /home/vedant/gaitlab_ws/install/odrive_can/include/odrive_can/odrive_can/msg/o_drive_status.hpp
[25.342s] -- Up-to-date: /home/vedant/gaitlab_ws/install/odrive_can/include/odrive_can/odrive_can
[25.342s] -- Up-to-date: /home/vedant/gaitlab_ws/install/odrive_can/include/odrive_can/odrive_can/srv
[25.342s] -- Up-to-date: /home/vedant/gaitlab_ws/install/odrive_can/include/odrive_can/odrive_can/srv/detail
[25.342s] -- Installing: /home/vedant/gaitlab_ws/install/odrive_can/include/odrive_can/odrive_can/srv/detail/axis_state__rosidl_typesupport_fastrtps_cpp.hpp
[25.343s] -- Installing: /home/vedant/gaitlab_ws/install/odrive_can/include/odrive_can/odrive_can/srv/detail/dds_fastrtps
[25.343s] -- Up-to-date: /home/vedant/gaitlab_ws/install/odrive_can/include/odrive_can/odrive_can/msg
[25.343s] -- Up-to-date: /home/vedant/gaitlab_ws/install/odrive_can/include/odrive_can/odrive_can/msg/detail
[25.343s] -- Installing: /home/vedant/gaitlab_ws/install/odrive_can/include/odrive_can/odrive_can/msg/detail/controller_status__rosidl_typesupport_fastrtps_cpp.hpp
[25.343s] -- Installing: /home/vedant/gaitlab_ws/install/odrive_can/include/odrive_can/odrive_can/msg/detail/o_drive_status__rosidl_typesupport_fastrtps_cpp.hpp
[25.343s] -- Installing: /home/vedant/gaitlab_ws/install/odrive_can/include/odrive_can/odrive_can/msg/detail/dds_fastrtps
[25.343s] -- Installing: /home/vedant/gaitlab_ws/install/odrive_can/include/odrive_can/odrive_can/msg/detail/control_message__rosidl_typesupport_fastrtps_cpp.hpp
[25.343s] -- Installing: /home/vedant/gaitlab_ws/install/odrive_can/include/odrive_can/odrive_can/msg/rosidl_typesupport_fastrtps_cpp__visibility_control.h
[25.343s] -- Installing: /home/vedant/gaitlab_ws/install/odrive_can/lib/libodrive_can__rosidl_typesupport_fastrtps_cpp.so
[25.344s] -- Set runtime path of "/home/vedant/gaitlab_ws/install/odrive_can/lib/libodrive_can__rosidl_typesupport_fastrtps_cpp.so" to ""
[25.344s] -- Up-to-date: /home/vedant/gaitlab_ws/install/odrive_can/include/odrive_can/odrive_can
[25.344s] -- Up-to-date: /home/vedant/gaitlab_ws/install/odrive_can/include/odrive_can/odrive_can/srv
[25.344s] -- Up-to-date: /home/vedant/gaitlab_ws/install/odrive_can/include/odrive_can/odrive_can/srv/detail
[25.344s] -- Installing: /home/vedant/gaitlab_ws/install/odrive_can/include/odrive_can/odrive_can/srv/detail/axis_state__type_support.c
[25.344s] -- Installing: /home/vedant/gaitlab_ws/install/odrive_can/include/odrive_can/odrive_can/srv/detail/axis_state__rosidl_typesupport_introspection_c.h
[25.344s] -- Up-to-date: /home/vedant/gaitlab_ws/install/odrive_can/include/odrive_can/odrive_can/msg
[25.344s] -- Up-to-date: /home/vedant/gaitlab_ws/install/odrive_can/include/odrive_can/odrive_can/msg/detail
[25.345s] -- Installing: /home/vedant/gaitlab_ws/install/odrive_can/include/odrive_can/odrive_can/msg/detail/o_drive_status__rosidl_typesupport_introspection_c.h
[25.345s] -- Installing: /home/vedant/gaitlab_ws/install/odrive_can/include/odrive_can/odrive_can/msg/detail/controller_status__rosidl_typesupport_introspection_c.h
[25.345s] -- Installing: /home/vedant/gaitlab_ws/install/odrive_can/include/odrive_can/odrive_can/msg/detail/control_message__rosidl_typesupport_introspection_c.h
[25.345s] -- Installing: /home/vedant/gaitlab_ws/install/odrive_can/include/odrive_can/odrive_can/msg/detail/o_drive_status__type_support.c
[25.345s] -- Installing: /home/vedant/gaitlab_ws/install/odrive_can/include/odrive_can/odrive_can/msg/detail/controller_status__type_support.c
[25.345s] -- Installing: /home/vedant/gaitlab_ws/install/odrive_can/include/odrive_can/odrive_can/msg/detail/control_message__type_support.c
[25.345s] -- Installing: /home/vedant/gaitlab_ws/install/odrive_can/include/odrive_can/odrive_can/msg/rosidl_typesupport_introspection_c__visibility_control.h
[25.345s] -- Installing: /home/vedant/gaitlab_ws/install/odrive_can/lib/libodrive_can__rosidl_typesupport_introspection_c.so
[25.345s] -- Set runtime path of "/home/vedant/gaitlab_ws/install/odrive_can/lib/libodrive_can__rosidl_typesupport_introspection_c.so" to ""
[25.346s] -- Installing: /home/vedant/gaitlab_ws/install/odrive_can/lib/libodrive_can__rosidl_typesupport_c.so
[25.346s] -- Set runtime path of "/home/vedant/gaitlab_ws/install/odrive_can/lib/libodrive_can__rosidl_typesupport_c.so" to ""
[25.346s] -- Up-to-date: /home/vedant/gaitlab_ws/install/odrive_can/include/odrive_can/odrive_can
[25.346s] -- Up-to-date: /home/vedant/gaitlab_ws/install/odrive_can/include/odrive_can/odrive_can/srv
[25.346s] -- Up-to-date: /home/vedant/gaitlab_ws/install/odrive_can/include/odrive_can/odrive_can/srv/detail
[25.346s] -- Installing: /home/vedant/gaitlab_ws/install/odrive_can/include/odrive_can/odrive_can/srv/detail/axis_state__type_support.cpp
[25.346s] -- Installing: /home/vedant/gaitlab_ws/install/odrive_can/include/odrive_can/odrive_can/srv/detail/axis_state__rosidl_typesupport_introspection_cpp.hpp
[25.346s] -- Up-to-date: /home/vedant/gaitlab_ws/install/odrive_can/include/odrive_can/odrive_can/msg
[25.347s] -- Up-to-date: /home/vedant/gaitlab_ws/install/odrive_can/include/odrive_can/odrive_can/msg/detail
[25.347s] -- Installing: /home/vedant/gaitlab_ws/install/odrive_can/include/odrive_can/odrive_can/msg/detail/o_drive_status__rosidl_typesupport_introspection_cpp.hpp
[25.347s] -- Installing: /home/vedant/gaitlab_ws/install/odrive_can/include/odrive_can/odrive_can/msg/detail/control_message__rosidl_typesupport_introspection_cpp.hpp
[25.347s] -- Installing: /home/vedant/gaitlab_ws/install/odrive_can/include/odrive_can/odrive_can/msg/detail/control_message__type_support.cpp
[25.347s] -- Installing: /home/vedant/gaitlab_ws/install/odrive_can/include/odrive_can/odrive_can/msg/detail/o_drive_status__type_support.cpp
[25.347s] -- Installing: /home/vedant/gaitlab_ws/install/odrive_can/include/odrive_can/odrive_can/msg/detail/controller_status__rosidl_typesupport_introspection_cpp.hpp
[25.347s] -- Installing: /home/vedant/gaitlab_ws/install/odrive_can/include/odrive_can/odrive_can/msg/detail/controller_status__type_support.cpp
[25.347s] -- Installing: /home/vedant/gaitlab_ws/install/odrive_can/lib/libodrive_can__rosidl_typesupport_introspection_cpp.so
[25.348s] -- Set runtime path of "/home/vedant/gaitlab_ws/install/odrive_can/lib/libodrive_can__rosidl_typesupport_introspection_cpp.so" to ""
[25.348s] -- Installing: /home/vedant/gaitlab_ws/install/odrive_can/lib/libodrive_can__rosidl_typesupport_cpp.so
[25.348s] -- Set runtime path of "/home/vedant/gaitlab_ws/install/odrive_can/lib/libodrive_can__rosidl_typesupport_cpp.so" to ""
[25.348s] -- Installing: /home/vedant/gaitlab_ws/install/odrive_can/share/odrive_can/environment/pythonpath.sh
[25.348s] -- Installing: /home/vedant/gaitlab_ws/install/odrive_can/share/odrive_can/environment/pythonpath.dsv
[25.348s] -- Installing: /home/vedant/gaitlab_ws/install/odrive_can/local/lib/python3.10/dist-packages/odrive_can-0.0.1-py3.10.egg-info
[25.349s] -- Installing: /home/vedant/gaitlab_ws/install/odrive_can/local/lib/python3.10/dist-packages/odrive_can-0.0.1-py3.10.egg-info/top_level.txt
[25.349s] -- Installing: /home/vedant/gaitlab_ws/install/odrive_can/local/lib/python3.10/dist-packages/odrive_can-0.0.1-py3.10.egg-info/dependency_links.txt
[25.349s] -- Installing: /home/vedant/gaitlab_ws/install/odrive_can/local/lib/python3.10/dist-packages/odrive_can-0.0.1-py3.10.egg-info/SOURCES.txt
[25.349s] -- Installing: /home/vedant/gaitlab_ws/install/odrive_can/local/lib/python3.10/dist-packages/odrive_can-0.0.1-py3.10.egg-info/PKG-INFO
[25.349s] -- Installing: /home/vedant/gaitlab_ws/install/odrive_can/local/lib/python3.10/dist-packages/odrive_can
[25.349s] -- Installing: /home/vedant/gaitlab_ws/install/odrive_can/local/lib/python3.10/dist-packages/odrive_can/srv
[25.349s] -- Installing: /home/vedant/gaitlab_ws/install/odrive_can/local/lib/python3.10/dist-packages/odrive_can/srv/__init__.py
[25.349s] -- Installing: /home/vedant/gaitlab_ws/install/odrive_can/local/lib/python3.10/dist-packages/odrive_can/srv/_axis_state.py
[25.350s] -- Installing: /home/vedant/gaitlab_ws/install/odrive_can/local/lib/python3.10/dist-packages/odrive_can/srv/_axis_state_s.c
[25.350s] -- Installing: /home/vedant/gaitlab_ws/install/odrive_can/local/lib/python3.10/dist-packages/odrive_can/__init__.py
[25.350s] -- Installing: /home/vedant/gaitlab_ws/install/odrive_can/local/lib/python3.10/dist-packages/odrive_can/_odrive_can_s.ep.rosidl_typesupport_c.c
[25.350s] -- Installing: /home/vedant/gaitlab_ws/install/odrive_can/local/lib/python3.10/dist-packages/odrive_can/_odrive_can_s.ep.rosidl_typesupport_introspection_c.c
[25.350s] -- Installing: /home/vedant/gaitlab_ws/install/odrive_can/local/lib/python3.10/dist-packages/odrive_can/msg
[25.350s] -- Installing: /home/vedant/gaitlab_ws/install/odrive_can/local/lib/python3.10/dist-packages/odrive_can/msg/__init__.py
[25.350s] -- Installing: /home/vedant/gaitlab_ws/install/odrive_can/local/lib/python3.10/dist-packages/odrive_can/msg/_control_message.py
[25.350s] -- Installing: /home/vedant/gaitlab_ws/install/odrive_can/local/lib/python3.10/dist-packages/odrive_can/msg/_controller_status_s.c
[25.351s] -- Installing: /home/vedant/gaitlab_ws/install/odrive_can/local/lib/python3.10/dist-packages/odrive_can/msg/_control_message_s.c
[25.351s] -- Installing: /home/vedant/gaitlab_ws/install/odrive_can/local/lib/python3.10/dist-packages/odrive_can/msg/_o_drive_status_s.c
[25.351s] -- Installing: /home/vedant/gaitlab_ws/install/odrive_can/local/lib/python3.10/dist-packages/odrive_can/msg/_controller_status.py
[25.351s] -- Installing: /home/vedant/gaitlab_ws/install/odrive_can/local/lib/python3.10/dist-packages/odrive_can/msg/_o_drive_status.py
[25.351s] -- Installing: /home/vedant/gaitlab_ws/install/odrive_can/local/lib/python3.10/dist-packages/odrive_can/libodrive_can__rosidl_generator_py.so
[25.351s] -- Installing: /home/vedant/gaitlab_ws/install/odrive_can/local/lib/python3.10/dist-packages/odrive_can/odrive_can_s__rosidl_typesupport_introspection_c.cpython-310-x86_64-linux-gnu.so
[25.351s] -- Installing: /home/vedant/gaitlab_ws/install/odrive_can/local/lib/python3.10/dist-packages/odrive_can/odrive_can_s__rosidl_typesupport_fastrtps_c.cpython-310-x86_64-linux-gnu.so
[25.352s] -- Installing: /home/vedant/gaitlab_ws/install/odrive_can/local/lib/python3.10/dist-packages/odrive_can/odrive_can_s__rosidl_typesupport_c.cpython-310-x86_64-linux-gnu.so
[25.352s] -- Installing: /home/vedant/gaitlab_ws/install/odrive_can/local/lib/python3.10/dist-packages/odrive_can/_odrive_can_s.ep.rosidl_typesupport_fastrtps_c.c
[25.410s] Listing '/home/vedant/gaitlab_ws/install/odrive_can/local/lib/python3.10/dist-packages/odrive_can'...
[25.410s] Compiling '/home/vedant/gaitlab_ws/install/odrive_can/local/lib/python3.10/dist-packages/odrive_can/__init__.py'...
[25.410s] Listing '/home/vedant/gaitlab_ws/install/odrive_can/local/lib/python3.10/dist-packages/odrive_can/msg'...
[25.411s] Compiling '/home/vedant/gaitlab_ws/install/odrive_can/local/lib/python3.10/dist-packages/odrive_can/msg/__init__.py'...
[25.411s] Compiling '/home/vedant/gaitlab_ws/install/odrive_can/local/lib/python3.10/dist-packages/odrive_can/msg/_control_message.py'...
[25.411s] Compiling '/home/vedant/gaitlab_ws/install/odrive_can/local/lib/python3.10/dist-packages/odrive_can/msg/_controller_status.py'...
[25.411s] Compiling '/home/vedant/gaitlab_ws/install/odrive_can/local/lib/python3.10/dist-packages/odrive_can/msg/_o_drive_status.py'...
[25.411s] Listing '/home/vedant/gaitlab_ws/install/odrive_can/local/lib/python3.10/dist-packages/odrive_can/srv'...
[25.411s] Compiling '/home/vedant/gaitlab_ws/install/odrive_can/local/lib/python3.10/dist-packages/odrive_can/srv/__init__.py'...
[25.411s] Compiling '/home/vedant/gaitlab_ws/install/odrive_can/local/lib/python3.10/dist-packages/odrive_can/srv/_axis_state.py'...
[25.417s] -- Installing: /home/vedant/gaitlab_ws/install/odrive_can/local/lib/python3.10/dist-packages/odrive_can/odrive_can_s__rosidl_typesupport_fastrtps_c.cpython-310-x86_64-linux-gnu.so
[25.417s] -- Set runtime path of "/home/vedant/gaitlab_ws/install/odrive_can/local/lib/python3.10/dist-packages/odrive_can/odrive_can_s__rosidl_typesupport_fastrtps_c.cpython-310-x86_64-linux-gnu.so" to ""
[25.417s] -- Installing: /home/vedant/gaitlab_ws/install/odrive_can/local/lib/python3.10/dist-packages/odrive_can/odrive_can_s__rosidl_typesupport_introspection_c.cpython-310-x86_64-linux-gnu.so
[25.418s] -- Set runtime path of "/home/vedant/gaitlab_ws/install/odrive_can/local/lib/python3.10/dist-packages/odrive_can/odrive_can_s__rosidl_typesupport_introspection_c.cpython-310-x86_64-linux-gnu.so" to ""
[25.418s] -- Installing: /home/vedant/gaitlab_ws/install/odrive_can/local/lib/python3.10/dist-packages/odrive_can/odrive_can_s__rosidl_typesupport_c.cpython-310-x86_64-linux-gnu.so
[25.418s] -- Set runtime path of "/home/vedant/gaitlab_ws/install/odrive_can/local/lib/python3.10/dist-packages/odrive_can/odrive_can_s__rosidl_typesupport_c.cpython-310-x86_64-linux-gnu.so" to ""
[25.418s] -- Installing: /home/vedant/gaitlab_ws/install/odrive_can/lib/libodrive_can__rosidl_generator_py.so
[25.419s] -- Set runtime path of "/home/vedant/gaitlab_ws/install/odrive_can/lib/libodrive_can__rosidl_generator_py.so" to ""
[25.419s] -- Installing: /home/vedant/gaitlab_ws/install/odrive_can/share/odrive_can/msg/ControlMessage.idl
[25.419s] -- Installing: /home/vedant/gaitlab_ws/install/odrive_can/share/odrive_can/msg/ControllerStatus.idl
[25.419s] -- Installing: /home/vedant/gaitlab_ws/install/odrive_can/share/odrive_can/msg/ODriveStatus.idl
[25.420s] -- Installing: /home/vedant/gaitlab_ws/install/odrive_can/share/odrive_can/srv/AxisState.idl
[25.420s] -- Installing: /home/vedant/gaitlab_ws/install/odrive_can/share/odrive_can/msg/ControlMessage.msg
[25.420s] -- Installing: /home/vedant/gaitlab_ws/install/odrive_can/share/odrive_can/msg/ControllerStatus.msg
[25.420s] -- Installing: /home/vedant/gaitlab_ws/install/odrive_can/share/odrive_can/msg/ODriveStatus.msg
[25.420s] -- Installing: /home/vedant/gaitlab_ws/install/odrive_can/share/odrive_can/srv/AxisState.srv
[25.420s] -- Installing: /home/vedant/gaitlab_ws/install/odrive_can/share/odrive_can/srv/AxisState_Request.msg
[25.420s] -- Installing: /home/vedant/gaitlab_ws/install/odrive_can/share/odrive_can/srv/AxisState_Response.msg
[25.421s] -- Installing: /home/vedant/gaitlab_ws/install/odrive_can/lib/odrive_can/odrive_can_node
[25.426s] -- Set runtime path of "/home/vedant/gaitlab_ws/install/odrive_can/lib/odrive_can/odrive_can_node" to ""
[25.426s] -- Installing: /home/vedant/gaitlab_ws/install/odrive_can/share/odrive_can/launch
[25.427s] -- Installing: /home/vedant/gaitlab_ws/install/odrive_can/share/odrive_can/launch/example_launch.yaml
[25.427s] -- Installing: /home/vedant/gaitlab_ws/install/odrive_can/share/ament_index/resource_index/package_run_dependencies/odrive_can
[25.427s] -- Installing: /home/vedant/gaitlab_ws/install/odrive_can/share/ament_index/resource_index/parent_prefix_path/odrive_can
[25.427s] -- Installing: /home/vedant/gaitlab_ws/install/odrive_can/share/odrive_can/environment/ament_prefix_path.sh
[25.427s] -- Installing: /home/vedant/gaitlab_ws/install/odrive_can/share/odrive_can/environment/ament_prefix_path.dsv
[25.428s] -- Installing: /home/vedant/gaitlab_ws/install/odrive_can/share/odrive_can/environment/path.sh
[25.428s] -- Installing: /home/vedant/gaitlab_ws/install/odrive_can/share/odrive_can/environment/path.dsv
[25.428s] -- Installing: /home/vedant/gaitlab_ws/install/odrive_can/share/odrive_can/local_setup.bash
[25.428s] -- Installing: /home/vedant/gaitlab_ws/install/odrive_can/share/odrive_can/local_setup.sh
[25.428s] -- Installing: /home/vedant/gaitlab_ws/install/odrive_can/share/odrive_can/local_setup.zsh
[25.428s] -- Installing: /home/vedant/gaitlab_ws/install/odrive_can/share/odrive_can/local_setup.dsv
[25.428s] -- Installing: /home/vedant/gaitlab_ws/install/odrive_can/share/odrive_can/package.dsv
[25.429s] -- Installing: /home/vedant/gaitlab_ws/install/odrive_can/share/ament_index/resource_index/packages/odrive_can
[25.429s] -- Installing: /home/vedant/gaitlab_ws/install/odrive_can/share/odrive_can/cmake/export_odrive_can__rosidl_generator_cExport.cmake
[25.429s] -- Installing: /home/vedant/gaitlab_ws/install/odrive_can/share/odrive_can/cmake/export_odrive_can__rosidl_generator_cExport-noconfig.cmake
[25.429s] -- Installing: /home/vedant/gaitlab_ws/install/odrive_can/share/odrive_can/cmake/export_odrive_can__rosidl_typesupport_fastrtps_cExport.cmake
[25.429s] -- Installing: /home/vedant/gaitlab_ws/install/odrive_can/share/odrive_can/cmake/export_odrive_can__rosidl_typesupport_fastrtps_cExport-noconfig.cmake
[25.430s] -- Installing: /home/vedant/gaitlab_ws/install/odrive_can/share/odrive_can/cmake/export_odrive_can__rosidl_generator_cppExport.cmake
[25.430s] -- Installing: /home/vedant/gaitlab_ws/install/odrive_can/share/odrive_can/cmake/export_odrive_can__rosidl_typesupport_fastrtps_cppExport.cmake
[25.430s] -- Installing: /home/vedant/gaitlab_ws/install/odrive_can/share/odrive_can/cmake/export_odrive_can__rosidl_typesupport_fastrtps_cppExport-noconfig.cmake
[25.430s] -- Installing: /home/vedant/gaitlab_ws/install/odrive_can/share/odrive_can/cmake/odrive_can__rosidl_typesupport_introspection_cExport.cmake
[25.430s] -- Installing: /home/vedant/gaitlab_ws/install/odrive_can/share/odrive_can/cmake/odrive_can__rosidl_typesupport_introspection_cExport-noconfig.cmake
[25.430s] -- Installing: /home/vedant/gaitlab_ws/install/odrive_can/share/odrive_can/cmake/odrive_can__rosidl_typesupport_cExport.cmake
[25.431s] -- Installing: /home/vedant/gaitlab_ws/install/odrive_can/share/odrive_can/cmake/odrive_can__rosidl_typesupport_cExport-noconfig.cmake
[25.431s] -- Installing: /home/vedant/gaitlab_ws/install/odrive_can/share/odrive_can/cmake/odrive_can__rosidl_typesupport_introspection_cppExport.cmake
[25.431s] -- Installing: /home/vedant/gaitlab_ws/install/odrive_can/share/odrive_can/cmake/odrive_can__rosidl_typesupport_introspection_cppExport-noconfig.cmake
[25.431s] -- Installing: /home/vedant/gaitlab_ws/install/odrive_can/share/odrive_can/cmake/odrive_can__rosidl_typesupport_cppExport.cmake
[25.431s] -- Installing: /home/vedant/gaitlab_ws/install/odrive_can/share/odrive_can/cmake/odrive_can__rosidl_typesupport_cppExport-noconfig.cmake
[25.432s] -- Installing: /home/vedant/gaitlab_ws/install/odrive_can/share/odrive_can/cmake/export_odrive_can__rosidl_generator_pyExport.cmake
[25.432s] -- Installing: /home/vedant/gaitlab_ws/install/odrive_can/share/odrive_can/cmake/export_odrive_can__rosidl_generator_pyExport-noconfig.cmake
[25.432s] -- Installing: /home/vedant/gaitlab_ws/install/odrive_can/share/odrive_can/cmake/rosidl_cmake-extras.cmake
[25.432s] -- Installing: /home/vedant/gaitlab_ws/install/odrive_can/share/odrive_can/cmake/ament_cmake_export_include_directories-extras.cmake
[25.432s] -- Installing: /home/vedant/gaitlab_ws/install/odrive_can/share/odrive_can/cmake/ament_cmake_export_libraries-extras.cmake
[25.433s] -- Installing: /home/vedant/gaitlab_ws/install/odrive_can/share/odrive_can/cmake/ament_cmake_export_targets-extras.cmake
[25.433s] -- Installing: /home/vedant/gaitlab_ws/install/odrive_can/share/odrive_can/cmake/rosidl_cmake_export_typesupport_targets-extras.cmake
[25.433s] -- Installing: /home/vedant/gaitlab_ws/install/odrive_can/share/odrive_can/cmake/ament_cmake_export_dependencies-extras.cmake
[25.433s] -- Installing: /home/vedant/gaitlab_ws/install/odrive_can/share/odrive_can/cmake/rosidl_cmake_export_typesupport_libraries-extras.cmake
[25.433s] -- Installing: /home/vedant/gaitlab_ws/install/odrive_can/share/odrive_can/cmake/odrive_canConfig.cmake
[25.434s] -- Installing: /home/vedant/gaitlab_ws/install/odrive_can/share/odrive_can/cmake/odrive_canConfig-version.cmake
[25.434s] -- Installing: /home/vedant/gaitlab_ws/install/odrive_can/share/odrive_can/package.xml
[25.437s] Invoked command in '/home/vedant/gaitlab_ws/build/odrive_can' returned '0': CMAKE_PREFIX_PATH=/opt/ros/humble /usr/bin/cmake --install /home/vedant/gaitlab_ws/build/odrive_can
