[5.949s] Invoking command in '/home/vedant/OdriveCANControl/src/controller': PYTHONPATH=/home/vedant/OdriveCANControl/build/controller/prefix_override:/usr/lib/python3/dist-packages/colcon_core/task/python/colcon_distutils_commands:/home/vedant/OdriveCANControl/install/controller/lib/python3.10/site-packages:${PYTHONPATH} /usr/bin/python3 -W ignore:setup.py install is deprecated -W ignore:easy_install command is deprecated setup.py egg_info --egg-base ../../build/controller build --build-base /home/vedant/OdriveCANControl/build/controller/build install --record /home/vedant/OdriveCANControl/build/controller/install.log --single-version-externally-managed install_data
[8.099s] running egg_info
[8.102s] writing ../../build/controller/controller.egg-info/PKG-INFO
[8.110s] writing dependency_links to ../../build/controller/controller.egg-info/dependency_links.txt
[8.110s] writing entry points to ../../build/controller/controller.egg-info/entry_points.txt
[8.111s] writing requirements to ../../build/controller/controller.egg-info/requires.txt
[8.112s] writing top-level names to ../../build/controller/controller.egg-info/top_level.txt
[8.123s] reading manifest file '../../build/controller/controller.egg-info/SOURCES.txt'
[8.141s] writing manifest file '../../build/controller/controller.egg-info/SOURCES.txt'
[8.142s] running build
[8.143s] running build_py
[8.146s] running install
[8.146s] running install_lib
[8.149s] running install_data
[8.150s] running install_egg_info
[8.161s] removing '/home/vedant/OdriveCANControl/install/controller/lib/python3.10/site-packages/controller-0.0.0-py3.10.egg-info' (and everything under it)
[8.163s] Copying ../../build/controller/controller.egg-info to /home/vedant/OdriveCANControl/install/controller/lib/python3.10/site-packages/controller-0.0.0-py3.10.egg-info
[8.184s] running install_scripts
[8.368s] Installing odrive_control_node script to /home/vedant/OdriveCANControl/install/controller/lib/controller
[8.371s] writing list of installed files to '/home/vedant/OdriveCANControl/build/controller/install.log'
[8.682s] Invoked command in '/home/vedant/OdriveCANControl/src/controller' returned '0': PYTHONPATH=/home/vedant/OdriveCANControl/build/controller/prefix_override:/usr/lib/python3/dist-packages/colcon_core/task/python/colcon_distutils_commands:/home/vedant/OdriveCANControl/install/controller/lib/python3.10/site-packages:${PYTHONPATH} /usr/bin/python3 -W ignore:setup.py install is deprecated -W ignore:easy_install command is deprecated setup.py egg_info --egg-base ../../build/controller build --build-base /home/vedant/OdriveCANControl/build/controller/build install --record /home/vedant/OdriveCANControl/build/controller/install.log --single-version-externally-managed install_data
