[2.733s] Invoking command in '/home/vedant/OdriveCANControl/src/controller': CMAKE_PREFIX_PATH=/home/vedant/OdriveCANControl/install/custom_msgs:/home/vedant/OdriveCANControl/install/robot_launch PYTHONPATH=/home/vedant/OdriveCANControl/build/controller/prefix_override:/usr/lib/python3/dist-packages/colcon_core/task/python/colcon_distutils_commands:/home/vedant/OdriveCANControl/install/controller/lib/python3.10/site-packages:${PYTHONPATH} /usr/bin/python3 -W ignore:setup.py install is deprecated -W ignore:easy_install command is deprecated setup.py egg_info --egg-base ../../build/controller build --build-base /home/vedant/OdriveCANControl/build/controller/build install --record /home/vedant/OdriveCANControl/build/controller/install.log --single-version-externally-managed install_data
[3.817s] running egg_info
[3.819s] writing ../../build/controller/controller.egg-info/PKG-INFO
[3.837s] writing dependency_links to ../../build/controller/controller.egg-info/dependency_links.txt
[3.838s] writing entry points to ../../build/controller/controller.egg-info/entry_points.txt
[3.840s] writing requirements to ../../build/controller/controller.egg-info/requires.txt
[3.841s] writing top-level names to ../../build/controller/controller.egg-info/top_level.txt
[3.852s] reading manifest file '../../build/controller/controller.egg-info/SOURCES.txt'
[3.856s] writing manifest file '../../build/controller/controller.egg-info/SOURCES.txt'
[3.857s] running build
[3.857s] running build_py
[3.859s] copying src/controller/odrive_control.py -> /home/vedant/OdriveCANControl/build/controller/build/lib/controller
[3.861s] running install
[3.862s] running install_lib
[3.867s] copying /home/vedant/OdriveCANControl/build/controller/build/lib/controller/odrive_control.py -> /home/vedant/OdriveCANControl/install/controller/lib/python3.10/site-packages/controller
[3.871s] byte-compiling /home/vedant/OdriveCANControl/install/controller/lib/python3.10/site-packages/controller/odrive_control.py to odrive_control.cpython-310.pyc
[3.879s] running install_data
[3.880s] running install_egg_info
[3.886s] removing '/home/vedant/OdriveCANControl/install/controller/lib/python3.10/site-packages/controller-0.0.0-py3.10.egg-info' (and everything under it)
[3.888s] Copying ../../build/controller/controller.egg-info to /home/vedant/OdriveCANControl/install/controller/lib/python3.10/site-packages/controller-0.0.0-py3.10.egg-info
[3.894s] running install_scripts
[3.976s] Installing Impedance_Control script to /home/vedant/OdriveCANControl/install/controller/lib/controller
[3.976s] Installing friction_compensation_node script to /home/vedant/OdriveCANControl/install/controller/lib/controller
[3.977s] Installing odrive_controller script to /home/vedant/OdriveCANControl/install/controller/lib/controller
[3.979s] writing list of installed files to '/home/vedant/OdriveCANControl/build/controller/install.log'
[4.097s] Invoked command in '/home/vedant/OdriveCANControl/src/controller' returned '0': CMAKE_PREFIX_PATH=/home/vedant/OdriveCANControl/install/custom_msgs:/home/vedant/OdriveCANControl/install/robot_launch PYTHONPATH=/home/vedant/OdriveCANControl/build/controller/prefix_override:/usr/lib/python3/dist-packages/colcon_core/task/python/colcon_distutils_commands:/home/vedant/OdriveCANControl/install/controller/lib/python3.10/site-packages:${PYTHONPATH} /usr/bin/python3 -W ignore:setup.py install is deprecated -W ignore:easy_install command is deprecated setup.py egg_info --egg-base ../../build/controller build --build-base /home/vedant/OdriveCANControl/build/controller/build install --record /home/vedant/OdriveCANControl/build/controller/install.log --single-version-externally-managed install_data
