[1.021s] Invoking command in '/home/vedant/gaitlab_ws/src/odrive_control_py': AMENT_PREFIX_PATH=/home/vedant/gaitlab_ws/install/odrive_can:/home/vedant/gaitlab_ws/install/data_sync:${AMENT_PREFIX_PATH} CMAKE_PREFIX_PATH=/home/vedant/gaitlab_ws/install/odrive_can:/home/vedant/gaitlab_ws/install/data_sync LD_LIBRARY_PATH=/home/vedant/gaitlab_ws/install/odrive_can/lib:/home/vedant/gaitlab_ws/install/data_sync/lib:${LD_LIBRARY_PATH} PYTHONPATH=/home/vedant/gaitlab_ws/build/odrive_control_py/prefix_override:/usr/lib/python3/dist-packages/colcon_core/task/python/colcon_distutils_commands:/home/vedant/gaitlab_ws/install/odrive_control_py/lib/python3.10/site-packages:/home/vedant/gaitlab_ws/install/odrive_can/local/lib/python3.10/dist-packages:/home/vedant/gaitlab_ws/install/data_sync/local/lib/python3.10/dist-packages:/home/vedant/gaitlab_ws/install/data_sync/lib/python3.10/site-packages:${PYTHONPATH} /usr/bin/python3 -W ignore:setup.py install is deprecated setup.py egg_info --egg-base ../../build/odrive_control_py build --build-base /home/vedant/gaitlab_ws/build/odrive_control_py/build install --record /home/vedant/gaitlab_ws/build/odrive_control_py/install.log --single-version-externally-managed install_data
[1.405s] running egg_info
[1.406s] writing ../../build/odrive_control_py/odrive_control_py.egg-info/PKG-INFO
[1.407s] writing dependency_links to ../../build/odrive_control_py/odrive_control_py.egg-info/dependency_links.txt
[1.408s] writing entry points to ../../build/odrive_control_py/odrive_control_py.egg-info/entry_points.txt
[1.408s] writing requirements to ../../build/odrive_control_py/odrive_control_py.egg-info/requires.txt
[1.408s] writing top-level names to ../../build/odrive_control_py/odrive_control_py.egg-info/top_level.txt
[1.413s] reading manifest file '../../build/odrive_control_py/odrive_control_py.egg-info/SOURCES.txt'
[1.414s] writing manifest file '../../build/odrive_control_py/odrive_control_py.egg-info/SOURCES.txt'
[1.414s] running build
[1.414s] running build_py
[1.415s] running install
[1.416s] running install_lib
[1.418s] running install_data
[1.418s] running install_egg_info
[1.421s] removing '/home/vedant/gaitlab_ws/install/odrive_control_py/lib/python3.10/site-packages/odrive_control_py-0.0.0-py3.10.egg-info' (and everything under it)
[1.421s] Copying ../../build/odrive_control_py/odrive_control_py.egg-info to /home/vedant/gaitlab_ws/install/odrive_control_py/lib/python3.10/site-packages/odrive_control_py-0.0.0-py3.10.egg-info
[1.422s] running install_scripts
[1.455s] Installing odrive_control_node script to /home/vedant/gaitlab_ws/install/odrive_control_py/lib/odrive_control_py
[1.455s] Installing record_data_node script to /home/vedant/gaitlab_ws/install/odrive_control_py/lib/odrive_control_py
[1.455s] Installing trial_odrive_control_node script to /home/vedant/gaitlab_ws/install/odrive_control_py/lib/odrive_control_py
[1.456s] writing list of installed files to '/home/vedant/gaitlab_ws/build/odrive_control_py/install.log'
[1.496s] Invoked command in '/home/vedant/gaitlab_ws/src/odrive_control_py' returned '0': AMENT_PREFIX_PATH=/home/vedant/gaitlab_ws/install/odrive_can:/home/vedant/gaitlab_ws/install/data_sync:${AMENT_PREFIX_PATH} CMAKE_PREFIX_PATH=/home/vedant/gaitlab_ws/install/odrive_can:/home/vedant/gaitlab_ws/install/data_sync LD_LIBRARY_PATH=/home/vedant/gaitlab_ws/install/odrive_can/lib:/home/vedant/gaitlab_ws/install/data_sync/lib:${LD_LIBRARY_PATH} PYTHONPATH=/home/vedant/gaitlab_ws/build/odrive_control_py/prefix_override:/usr/lib/python3/dist-packages/colcon_core/task/python/colcon_distutils_commands:/home/vedant/gaitlab_ws/install/odrive_control_py/lib/python3.10/site-packages:/home/vedant/gaitlab_ws/install/odrive_can/local/lib/python3.10/dist-packages:/home/vedant/gaitlab_ws/install/data_sync/local/lib/python3.10/dist-packages:/home/vedant/gaitlab_ws/install/data_sync/lib/python3.10/site-packages:${PYTHONPATH} /usr/bin/python3 -W ignore:setup.py install is deprecated setup.py egg_info --egg-base ../../build/odrive_control_py build --build-base /home/vedant/gaitlab_ws/build/odrive_control_py/build install --record /home/vedant/gaitlab_ws/build/odrive_control_py/install.log --single-version-externally-managed install_data
