[4.159s] Invoking command in '/home/vedant/OdriveCANControl/src/robot_launch': PYTHONPATH=/home/vedant/OdriveCANControl/build/robot_launch/prefix_override:/usr/lib/python3/dist-packages/colcon_core/task/python/colcon_distutils_commands:/home/vedant/OdriveCANControl/install/robot_launch/lib/python3.10/site-packages:${PYTHONPATH} /usr/bin/python3 -W ignore:setup.py install is deprecated -W ignore:easy_install command is deprecated setup.py egg_info --egg-base ../../build/robot_launch build --build-base /home/vedant/OdriveCANControl/build/robot_launch/build install --record /home/vedant/OdriveCANControl/build/robot_launch/install.log --single-version-externally-managed install_data
[5.403s] running egg_info
[5.406s] creating ../../build/robot_launch/robot_launch.egg-info
[5.407s] writing ../../build/robot_launch/robot_launch.egg-info/PKG-INFO
[5.408s] writing dependency_links to ../../build/robot_launch/robot_launch.egg-info/dependency_links.txt
[5.410s] writing entry points to ../../build/robot_launch/robot_launch.egg-info/entry_points.txt
[5.411s] writing requirements to ../../build/robot_launch/robot_launch.egg-info/requires.txt
[5.412s] writing top-level names to ../../build/robot_launch/robot_launch.egg-info/top_level.txt
[5.412s] writing manifest file '../../build/robot_launch/robot_launch.egg-info/SOURCES.txt'
[5.421s] reading manifest file '../../build/robot_launch/robot_launch.egg-info/SOURCES.txt'
[5.424s] writing manifest file '../../build/robot_launch/robot_launch.egg-info/SOURCES.txt'
[5.425s] running build
[5.426s] running build_py
[5.427s] creating /home/vedant/OdriveCANControl/build/robot_launch/build
[5.428s] creating /home/vedant/OdriveCANControl/build/robot_launch/build/lib
[5.428s] creating /home/vedant/OdriveCANControl/build/robot_launch/build/lib/robot_launch
[5.429s] copying robot_launch/__init__.py -> /home/vedant/OdriveCANControl/build/robot_launch/build/lib/robot_launch
[5.430s] running install
[5.430s] running install_lib
[5.433s] creating /home/vedant/OdriveCANControl/install/robot_launch/lib/python3.10/site-packages/robot_launch
[5.435s] copying /home/vedant/OdriveCANControl/build/robot_launch/build/lib/robot_launch/__init__.py -> /home/vedant/OdriveCANControl/install/robot_launch/lib/python3.10/site-packages/robot_launch
[5.443s] byte-compiling /home/vedant/OdriveCANControl/install/robot_launch/lib/python3.10/site-packages/robot_launch/__init__.py to __init__.cpython-310.pyc
[5.444s] running install_data
[5.446s] creating /home/vedant/OdriveCANControl/install/robot_launch/share/ament_index
[5.447s] creating /home/vedant/OdriveCANControl/install/robot_launch/share/ament_index/resource_index
[5.448s] creating /home/vedant/OdriveCANControl/install/robot_launch/share/ament_index/resource_index/packages
[5.448s] copying resource/robot_launch -> /home/vedant/OdriveCANControl/install/robot_launch/share/ament_index/resource_index/packages
[5.449s] copying package.xml -> /home/vedant/OdriveCANControl/install/robot_launch/share/robot_launch
[5.449s] running install_egg_info
[5.462s] Copying ../../build/robot_launch/robot_launch.egg-info to /home/vedant/OdriveCANControl/install/robot_launch/lib/python3.10/site-packages/robot_launch-0.0.0-py3.10.egg-info
[5.463s] running install_scripts
[5.559s] writing list of installed files to '/home/vedant/OdriveCANControl/build/robot_launch/install.log'
[5.775s] Invoked command in '/home/vedant/OdriveCANControl/src/robot_launch' returned '0': PYTHONPATH=/home/vedant/OdriveCANControl/build/robot_launch/prefix_override:/usr/lib/python3/dist-packages/colcon_core/task/python/colcon_distutils_commands:/home/vedant/OdriveCANControl/install/robot_launch/lib/python3.10/site-packages:${PYTHONPATH} /usr/bin/python3 -W ignore:setup.py install is deprecated -W ignore:easy_install command is deprecated setup.py egg_info --egg-base ../../build/robot_launch build --build-base /home/vedant/OdriveCANControl/build/robot_launch/build install --record /home/vedant/OdriveCANControl/build/robot_launch/install.log --single-version-externally-managed install_data
