[8.458s] Invoking command in '/home/vedant/OdriveCANControl/src/data_logging': PYTHONPATH=/home/vedant/OdriveCANControl/build/data_logging/prefix_override:/usr/lib/python3/dist-packages/colcon_core/task/python/colcon_distutils_commands:/home/vedant/OdriveCANControl/install/data_logging/lib/python3.10/site-packages:${PYTHONPATH} /usr/bin/python3 -W ignore:setup.py install is deprecated -W ignore:easy_install command is deprecated setup.py egg_info --egg-base ../../build/data_logging build --build-base /home/vedant/OdriveCANControl/build/data_logging/build install --record /home/vedant/OdriveCANControl/build/data_logging/install.log --single-version-externally-managed install_data
[10.422s] running egg_info
[10.431s] writing ../../build/data_logging/data_logging.egg-info/PKG-INFO
[10.435s] writing dependency_links to ../../build/data_logging/data_logging.egg-info/dependency_links.txt
[10.436s] writing entry points to ../../build/data_logging/data_logging.egg-info/entry_points.txt
[10.437s] writing requirements to ../../build/data_logging/data_logging.egg-info/requires.txt
[10.438s] writing top-level names to ../../build/data_logging/data_logging.egg-info/top_level.txt
[10.444s] reading manifest file '../../build/data_logging/data_logging.egg-info/SOURCES.txt'
[10.451s] writing manifest file '../../build/data_logging/data_logging.egg-info/SOURCES.txt'
[10.451s] running build
[10.455s] running build_py
[10.456s] running install
[10.457s] running install_lib
[10.463s] running install_data
[10.464s] running install_egg_info
[10.476s] removing '/home/vedant/OdriveCANControl/install/data_logging/lib/python3.10/site-packages/data_logging-0.0.0-py3.10.egg-info' (and everything under it)
[10.477s] Copying ../../build/data_logging/data_logging.egg-info to /home/vedant/OdriveCANControl/install/data_logging/lib/python3.10/site-packages/data_logging-0.0.0-py3.10.egg-info
[10.486s] running install_scripts
[10.606s] writing list of installed files to '/home/vedant/OdriveCANControl/build/data_logging/install.log'
[10.857s] Invoked command in '/home/vedant/OdriveCANControl/src/data_logging' returned '0': PYTHONPATH=/home/vedant/OdriveCANControl/build/data_logging/prefix_override:/usr/lib/python3/dist-packages/colcon_core/task/python/colcon_distutils_commands:/home/vedant/OdriveCANControl/install/data_logging/lib/python3.10/site-packages:${PYTHONPATH} /usr/bin/python3 -W ignore:setup.py install is deprecated -W ignore:easy_install command is deprecated setup.py egg_info --egg-base ../../build/data_logging build --build-base /home/vedant/OdriveCANControl/build/data_logging/build install --record /home/vedant/OdriveCANControl/build/data_logging/install.log --single-version-externally-managed install_data
