[3.372s] Invoking command in '/home/vedant/OdriveCANControl/src/odrive_control_py': PYTHONPATH=/home/vedant/OdriveCANControl/build/odrive_control_py/prefix_override:/usr/lib/python3/dist-packages/colcon_core/task/python/colcon_distutils_commands:/home/vedant/OdriveCANControl/install/odrive_control_py/lib/python3.10/site-packages:${PYTHONPATH} /usr/bin/python3 -W ignore:setup.py install is deprecated -W ignore:easy_install command is deprecated setup.py egg_info --egg-base ../../build/odrive_control_py build --build-base /home/vedant/OdriveCANControl/build/odrive_control_py/build install --record /home/vedant/OdriveCANControl/build/odrive_control_py/install.log --single-version-externally-managed install_data
[4.406s] running egg_info
[4.409s] writing ../../build/odrive_control_py/odrive_control_py.egg-info/PKG-INFO
[4.410s] writing dependency_links to ../../build/odrive_control_py/odrive_control_py.egg-info/dependency_links.txt
[4.411s] writing entry points to ../../build/odrive_control_py/odrive_control_py.egg-info/entry_points.txt
[4.412s] writing requirements to ../../build/odrive_control_py/odrive_control_py.egg-info/requires.txt
[4.413s] writing top-level names to ../../build/odrive_control_py/odrive_control_py.egg-info/top_level.txt
[4.421s] reading manifest file '../../build/odrive_control_py/odrive_control_py.egg-info/SOURCES.txt'
[4.425s] writing manifest file '../../build/odrive_control_py/odrive_control_py.egg-info/SOURCES.txt'
[4.426s] running build
[4.426s] running build_py
[4.427s] copying odrive_control_py/encoder_read_node.py -> /home/vedant/OdriveCANControl/build/odrive_control_py/build/lib/odrive_control_py
[4.432s] copying odrive_control_py/data_recording_node.py -> /home/vedant/OdriveCANControl/build/odrive_control_py/build/lib/odrive_control_py
[4.433s] running install
[4.434s] running install_lib
[4.438s] copying /home/vedant/OdriveCANControl/build/odrive_control_py/build/lib/odrive_control_py/encoder_read_node.py -> /home/vedant/OdriveCANControl/install/odrive_control_py/lib/python3.10/site-packages/odrive_control_py
[4.441s] copying /home/vedant/OdriveCANControl/build/odrive_control_py/build/lib/odrive_control_py/data_recording_node.py -> /home/vedant/OdriveCANControl/install/odrive_control_py/lib/python3.10/site-packages/odrive_control_py
[4.444s] byte-compiling /home/vedant/OdriveCANControl/install/odrive_control_py/lib/python3.10/site-packages/odrive_control_py/encoder_read_node.py to encoder_read_node.cpython-310.pyc
[4.451s] byte-compiling /home/vedant/OdriveCANControl/install/odrive_control_py/lib/python3.10/site-packages/odrive_control_py/data_recording_node.py to data_recording_node.cpython-310.pyc
[4.453s] running install_data
[4.453s] running install_egg_info
[4.461s] removing '/home/vedant/OdriveCANControl/install/odrive_control_py/lib/python3.10/site-packages/odrive_control_py-0.0.0-py3.10.egg-info' (and everything under it)
[4.463s] Copying ../../build/odrive_control_py/odrive_control_py.egg-info to /home/vedant/OdriveCANControl/install/odrive_control_py/lib/python3.10/site-packages/odrive_control_py-0.0.0-py3.10.egg-info
[4.473s] running install_scripts
[4.555s] Installing data_recording_node script to /home/vedant/OdriveCANControl/install/odrive_control_py/lib/odrive_control_py
[4.556s] Installing encoder_read_node script to /home/vedant/OdriveCANControl/install/odrive_control_py/lib/odrive_control_py
[4.557s] Installing odrive_control_node script to /home/vedant/OdriveCANControl/install/odrive_control_py/lib/odrive_control_py
[4.560s] writing list of installed files to '/home/vedant/OdriveCANControl/build/odrive_control_py/install.log'
[4.709s] Invoked command in '/home/vedant/OdriveCANControl/src/odrive_control_py' returned '0': PYTHONPATH=/home/vedant/OdriveCANControl/build/odrive_control_py/prefix_override:/usr/lib/python3/dist-packages/colcon_core/task/python/colcon_distutils_commands:/home/vedant/OdriveCANControl/install/odrive_control_py/lib/python3.10/site-packages:${PYTHONPATH} /usr/bin/python3 -W ignore:setup.py install is deprecated -W ignore:easy_install command is deprecated setup.py egg_info --egg-base ../../build/odrive_control_py build --build-base /home/vedant/OdriveCANControl/build/odrive_control_py/build install --record /home/vedant/OdriveCANControl/build/odrive_control_py/install.log --single-version-externally-managed install_data
