[0.865s] Invoking command in '/home/vedant/gaitlab_ws/src/odrive_control_py': PYTHONPATH=/home/vedant/gaitlab_ws/build/odrive_control_py/prefix_override:/usr/lib/python3/dist-packages/colcon_core/task/python/colcon_distutils_commands:/home/vedant/gaitlab_ws/install/odrive_control_py/lib/python3.10/site-packages:${PYTHONPATH} /usr/bin/python3 -W ignore:setup.py install is deprecated setup.py egg_info --egg-base ../../build/odrive_control_py build --build-base /home/vedant/gaitlab_ws/build/odrive_control_py/build install --record /home/vedant/gaitlab_ws/build/odrive_control_py/install.log --single-version-externally-managed install_data
[1.177s] running egg_info
[1.178s] creating ../../build/odrive_control_py/odrive_control_py.egg-info
[1.179s] writing ../../build/odrive_control_py/odrive_control_py.egg-info/PKG-INFO
[1.179s] writing dependency_links to ../../build/odrive_control_py/odrive_control_py.egg-info/dependency_links.txt
[1.179s] writing entry points to ../../build/odrive_control_py/odrive_control_py.egg-info/entry_points.txt
[1.180s] writing requirements to ../../build/odrive_control_py/odrive_control_py.egg-info/requires.txt
[1.180s] writing top-level names to ../../build/odrive_control_py/odrive_control_py.egg-info/top_level.txt
[1.180s] writing manifest file '../../build/odrive_control_py/odrive_control_py.egg-info/SOURCES.txt'
[1.182s] reading manifest file '../../build/odrive_control_py/odrive_control_py.egg-info/SOURCES.txt'
[1.183s] writing manifest file '../../build/odrive_control_py/odrive_control_py.egg-info/SOURCES.txt'
[1.184s] running build
[1.184s] running build_py
[1.184s] creating /home/vedant/gaitlab_ws/build/odrive_control_py/build
[1.184s] creating /home/vedant/gaitlab_ws/build/odrive_control_py/build/lib
[1.185s] creating /home/vedant/gaitlab_ws/build/odrive_control_py/build/lib/odrive_control_py
[1.185s] copying odrive_control_py/__init__.py -> /home/vedant/gaitlab_ws/build/odrive_control_py/build/lib/odrive_control_py
[1.185s] copying odrive_control_py/control_node.py -> /home/vedant/gaitlab_ws/build/odrive_control_py/build/lib/odrive_control_py
[1.185s] running install
[1.186s] running install_lib
[1.188s] creating /home/vedant/gaitlab_ws/install/odrive_control_py/lib/python3.10/site-packages/odrive_control_py
[1.188s] copying /home/vedant/gaitlab_ws/build/odrive_control_py/build/lib/odrive_control_py/__init__.py -> /home/vedant/gaitlab_ws/install/odrive_control_py/lib/python3.10/site-packages/odrive_control_py
[1.188s] copying /home/vedant/gaitlab_ws/build/odrive_control_py/build/lib/odrive_control_py/control_node.py -> /home/vedant/gaitlab_ws/install/odrive_control_py/lib/python3.10/site-packages/odrive_control_py
[1.189s] byte-compiling /home/vedant/gaitlab_ws/install/odrive_control_py/lib/python3.10/site-packages/odrive_control_py/__init__.py to __init__.cpython-310.pyc
[1.189s] byte-compiling /home/vedant/gaitlab_ws/install/odrive_control_py/lib/python3.10/site-packages/odrive_control_py/control_node.py to control_node.cpython-310.pyc
[1.190s] running install_data
[1.190s] creating /home/vedant/gaitlab_ws/install/odrive_control_py/share/ament_index
[1.190s] creating /home/vedant/gaitlab_ws/install/odrive_control_py/share/ament_index/resource_index
[1.190s] creating /home/vedant/gaitlab_ws/install/odrive_control_py/share/ament_index/resource_index/packages
[1.190s] copying resource/odrive_control_py -> /home/vedant/gaitlab_ws/install/odrive_control_py/share/ament_index/resource_index/packages
[1.190s] copying package.xml -> /home/vedant/gaitlab_ws/install/odrive_control_py/share/odrive_control_py
[1.190s] running install_egg_info
[1.193s] Copying ../../build/odrive_control_py/odrive_control_py.egg-info to /home/vedant/gaitlab_ws/install/odrive_control_py/lib/python3.10/site-packages/odrive_control_py-0.0.0-py3.10.egg-info
[1.194s] running install_scripts
[1.221s] Installing odrive_control_node script to /home/vedant/gaitlab_ws/install/odrive_control_py/lib/odrive_control_py
[1.221s] writing list of installed files to '/home/vedant/gaitlab_ws/build/odrive_control_py/install.log'
[1.258s] Invoked command in '/home/vedant/gaitlab_ws/src/odrive_control_py' returned '0': PYTHONPATH=/home/vedant/gaitlab_ws/build/odrive_control_py/prefix_override:/usr/lib/python3/dist-packages/colcon_core/task/python/colcon_distutils_commands:/home/vedant/gaitlab_ws/install/odrive_control_py/lib/python3.10/site-packages:${PYTHONPATH} /usr/bin/python3 -W ignore:setup.py install is deprecated setup.py egg_info --egg-base ../../build/odrive_control_py build --build-base /home/vedant/gaitlab_ws/build/odrive_control_py/build install --record /home/vedant/gaitlab_ws/build/odrive_control_py/install.log --single-version-externally-managed install_data
