[3.464s] Invoking command in '/home/vedant/OdriveCANControl/src/controller': CMAKE_PREFIX_PATH=/home/vedant/OdriveCANControl/install/custom_msgs:/home/vedant/OdriveCANControl/install/robot_launch PYTHONPATH=/home/vedant/OdriveCANControl/build/controller/prefix_override:/usr/lib/python3/dist-packages/colcon_core/task/python/colcon_distutils_commands:/home/vedant/OdriveCANControl/install/controller/lib/python3.10/site-packages:${PYTHONPATH} /usr/bin/python3 -W ignore:setup.py install is deprecated -W ignore:easy_install command is deprecated setup.py egg_info --egg-base ../../build/controller build --build-base /home/vedant/OdriveCANControl/build/controller/build install --record /home/vedant/OdriveCANControl/build/controller/install.log --single-version-externally-managed install_data
[4.839s] running egg_info
[4.842s] writing ../../build/controller/controller.egg-info/PKG-INFO
[4.843s] writing dependency_links to ../../build/controller/controller.egg-info/dependency_links.txt
[4.844s] writing entry points to ../../build/controller/controller.egg-info/entry_points.txt
[4.845s] writing requirements to ../../build/controller/controller.egg-info/requires.txt
[4.848s] writing top-level names to ../../build/controller/controller.egg-info/top_level.txt
[4.861s] reading manifest file '../../build/controller/controller.egg-info/SOURCES.txt'
[4.862s] writing manifest file '../../build/controller/controller.egg-info/SOURCES.txt'
[4.863s] running build
[4.864s] running build_py
[4.865s] copying src/controller/impedance_control.py -> /home/vedant/OdriveCANControl/build/controller/build/lib/controller
[4.869s] running install
[4.873s] running install_lib
[4.877s] copying /home/vedant/OdriveCANControl/build/controller/build/lib/controller/impedance_control.py -> /home/vedant/OdriveCANControl/install/controller/lib/python3.10/site-packages/controller
[4.883s] byte-compiling /home/vedant/OdriveCANControl/install/controller/lib/python3.10/site-packages/controller/impedance_control.py to impedance_control.cpython-310.pyc
[4.886s] running install_data
[4.888s] running install_egg_info
[4.897s] removing '/home/vedant/OdriveCANControl/install/controller/lib/python3.10/site-packages/controller-0.0.0-py3.10.egg-info' (and everything under it)
[4.899s] Copying ../../build/controller/controller.egg-info to /home/vedant/OdriveCANControl/install/controller/lib/python3.10/site-packages/controller-0.0.0-py3.10.egg-info
[4.908s] running install_scripts
[5.010s] Installing Impedance_Control script to /home/vedant/OdriveCANControl/install/controller/lib/controller
[5.011s] Installing friction_compensation_node script to /home/vedant/OdriveCANControl/install/controller/lib/controller
[5.013s] Installing odrive_controller script to /home/vedant/OdriveCANControl/install/controller/lib/controller
[5.020s] writing list of installed files to '/home/vedant/OdriveCANControl/build/controller/install.log'
[5.185s] Invoked command in '/home/vedant/OdriveCANControl/src/controller' returned '0': CMAKE_PREFIX_PATH=/home/vedant/OdriveCANControl/install/custom_msgs:/home/vedant/OdriveCANControl/install/robot_launch PYTHONPATH=/home/vedant/OdriveCANControl/build/controller/prefix_override:/usr/lib/python3/dist-packages/colcon_core/task/python/colcon_distutils_commands:/home/vedant/OdriveCANControl/install/controller/lib/python3.10/site-packages:${PYTHONPATH} /usr/bin/python3 -W ignore:setup.py install is deprecated -W ignore:easy_install command is deprecated setup.py egg_info --egg-base ../../build/controller build --build-base /home/vedant/OdriveCANControl/build/controller/build install --record /home/vedant/OdriveCANControl/build/controller/install.log --single-version-externally-managed install_data
