[0.205s] DEBUG:colcon:Command line arguments: ['/usr/bin/colcon', 'list', '-p', '--base-paths', '/home/vedant/gaitlab_ws']
[0.205s] DEBUG:colcon:Parsed command line arguments: Namespace(log_base=None, log_level=None, verb_name='list', build_base='build', ignore_user_meta=False, metas=['./colcon.meta'], base_paths=['/home/vedant/gaitlab_ws'], packages_ignore=None, packages_ignore_regex=None, paths=None, packages_up_to=None, packages_up_to_regex=None, packages_above=None, packages_above_and_dependencies=None, packages_above_depth=None, packages_select_by_dep=None, packages_skip_by_dep=None, packages_skip_up_to=None, packages_select_build_failed=False, packages_skip_build_finished=False, packages_select_test_failures=False, packages_skip_test_passed=False, packages_select=None, packages_skip=None, packages_select_regex=None, packages_skip_regex=None, packages_start=None, packages_end=None, allow_overriding=[], topological_order=False, names_only=False, paths_only=True, topological_graph=False, topological_graph_dot=False, topological_graph_density=False, topological_graph_legend=False, topological_graph_dot_cluster=False, topological_graph_dot_include_skipped=False, verb_parser=<colcon_defaults.argument_parser.defaults.DefaultArgumentsDecorator object at 0x70840e134b80>, verb_extension=<colcon_package_information.verb.list.ListVerb object at 0x70840e2450f0>, main=<bound method ListVerb.main of <colcon_package_information.verb.list.ListVerb object at 0x70840e2450f0>>)
[0.600s] Level 1:colcon.colcon_core.package_discovery:discover_packages(colcon_meta) check parameters
[0.601s] Level 1:colcon.colcon_core.package_discovery:discover_packages(recursive) check parameters
[0.601s] Level 1:colcon.colcon_core.package_discovery:discover_packages(ignore) check parameters
[0.601s] Level 1:colcon.colcon_core.package_discovery:discover_packages(path) check parameters
[0.601s] Level 1:colcon.colcon_core.package_discovery:discover_packages(recursive) discover
[0.601s] INFO:colcon.colcon_core.package_discovery:Crawling recursively for packages in '/home/vedant/gaitlab_ws'
[0.601s] Level 1:colcon.colcon_core.package_identification:_identify(/home/vedant/gaitlab_ws) by extensions ['ignore', 'ignore_ament_install']
[0.601s] Level 1:colcon.colcon_core.package_identification:_identify(/home/vedant/gaitlab_ws) by extension 'ignore'
[0.602s] Level 1:colcon.colcon_core.package_identification:_identify(/home/vedant/gaitlab_ws) by extension 'ignore_ament_install'
[0.602s] Level 1:colcon.colcon_core.package_identification:_identify(/home/vedant/gaitlab_ws) by extensions ['colcon_pkg']
[0.602s] Level 1:colcon.colcon_core.package_identification:_identify(/home/vedant/gaitlab_ws) by extension 'colcon_pkg'
[0.602s] Level 1:colcon.colcon_core.package_identification:_identify(/home/vedant/gaitlab_ws) by extensions ['colcon_meta']
[0.602s] Level 1:colcon.colcon_core.package_identification:_identify(/home/vedant/gaitlab_ws) by extension 'colcon_meta'
[0.602s] Level 1:colcon.colcon_core.package_identification:_identify(/home/vedant/gaitlab_ws) by extensions ['ros']
[0.602s] Level 1:colcon.colcon_core.package_identification:_identify(/home/vedant/gaitlab_ws) by extension 'ros'
[0.624s] Level 1:colcon.colcon_core.package_identification:_identify(/home/vedant/gaitlab_ws) by extensions ['cmake', 'python']
[0.624s] Level 1:colcon.colcon_core.package_identification:_identify(/home/vedant/gaitlab_ws) by extension 'cmake'
[0.624s] Level 1:colcon.colcon_core.package_identification:_identify(/home/vedant/gaitlab_ws) by extension 'python'
[0.624s] Level 1:colcon.colcon_core.package_identification:_identify(/home/vedant/gaitlab_ws) by extensions ['python_setup_py']
[0.624s] Level 1:colcon.colcon_core.package_identification:_identify(/home/vedant/gaitlab_ws) by extension 'python_setup_py'
[0.625s] Level 1:colcon.colcon_core.package_identification:_identify(/home/vedant/gaitlab_ws/build) by extensions ['ignore', 'ignore_ament_install']
[0.625s] Level 1:colcon.colcon_core.package_identification:_identify(/home/vedant/gaitlab_ws/build) by extension 'ignore'
[0.625s] Level 1:colcon.colcon_core.package_identification:_identify(/home/vedant/gaitlab_ws/build) ignored
[0.626s] Level 1:colcon.colcon_core.package_identification:_identify(/home/vedant/gaitlab_ws/install) by extensions ['ignore', 'ignore_ament_install']
[0.626s] Level 1:colcon.colcon_core.package_identification:_identify(/home/vedant/gaitlab_ws/install) by extension 'ignore'
[0.626s] Level 1:colcon.colcon_core.package_identification:_identify(/home/vedant/gaitlab_ws/install) ignored
[0.626s] Level 1:colcon.colcon_core.package_identification:_identify(/home/vedant/gaitlab_ws/log) by extensions ['ignore', 'ignore_ament_install']
[0.626s] Level 1:colcon.colcon_core.package_identification:_identify(/home/vedant/gaitlab_ws/log) by extension 'ignore'
[0.626s] Level 1:colcon.colcon_core.package_identification:_identify(/home/vedant/gaitlab_ws/log) ignored
[0.627s] Level 1:colcon.colcon_core.package_identification:_identify(/home/vedant/gaitlab_ws/src) by extensions ['ignore', 'ignore_ament_install']
[0.627s] Level 1:colcon.colcon_core.package_identification:_identify(/home/vedant/gaitlab_ws/src) by extension 'ignore'
[0.627s] Level 1:colcon.colcon_core.package_identification:_identify(/home/vedant/gaitlab_ws/src) by extension 'ignore_ament_install'
[0.627s] Level 1:colcon.colcon_core.package_identification:_identify(/home/vedant/gaitlab_ws/src) by extensions ['colcon_pkg']
[0.627s] Level 1:colcon.colcon_core.package_identification:_identify(/home/vedant/gaitlab_ws/src) by extension 'colcon_pkg'
[0.627s] Level 1:colcon.colcon_core.package_identification:_identify(/home/vedant/gaitlab_ws/src) by extensions ['colcon_meta']
[0.627s] Level 1:colcon.colcon_core.package_identification:_identify(/home/vedant/gaitlab_ws/src) by extension 'colcon_meta'
[0.627s] Level 1:colcon.colcon_core.package_identification:_identify(/home/vedant/gaitlab_ws/src) by extensions ['ros']
[0.627s] Level 1:colcon.colcon_core.package_identification:_identify(/home/vedant/gaitlab_ws/src) by extension 'ros'
[0.628s] Level 1:colcon.colcon_core.package_identification:_identify(/home/vedant/gaitlab_ws/src) by extensions ['cmake', 'python']
[0.628s] Level 1:colcon.colcon_core.package_identification:_identify(/home/vedant/gaitlab_ws/src) by extension 'cmake'
[0.628s] Level 1:colcon.colcon_core.package_identification:_identify(/home/vedant/gaitlab_ws/src) by extension 'python'
[0.628s] Level 1:colcon.colcon_core.package_identification:_identify(/home/vedant/gaitlab_ws/src) by extensions ['python_setup_py']
[0.628s] Level 1:colcon.colcon_core.package_identification:_identify(/home/vedant/gaitlab_ws/src) by extension 'python_setup_py'
[0.628s] Level 1:colcon.colcon_core.package_identification:_identify(/home/vedant/gaitlab_ws/src/ros_odrive) by extensions ['ignore', 'ignore_ament_install']
[0.629s] Level 1:colcon.colcon_core.package_identification:_identify(/home/vedant/gaitlab_ws/src/ros_odrive) by extension 'ignore'
[0.629s] Level 1:colcon.colcon_core.package_identification:_identify(/home/vedant/gaitlab_ws/src/ros_odrive) by extension 'ignore_ament_install'
[0.629s] Level 1:colcon.colcon_core.package_identification:_identify(/home/vedant/gaitlab_ws/src/ros_odrive) by extensions ['colcon_pkg']
[0.629s] Level 1:colcon.colcon_core.package_identification:_identify(/home/vedant/gaitlab_ws/src/ros_odrive) by extension 'colcon_pkg'
[0.629s] Level 1:colcon.colcon_core.package_identification:_identify(/home/vedant/gaitlab_ws/src/ros_odrive) by extensions ['colcon_meta']
[0.629s] Level 1:colcon.colcon_core.package_identification:_identify(/home/vedant/gaitlab_ws/src/ros_odrive) by extension 'colcon_meta'
[0.629s] Level 1:colcon.colcon_core.package_identification:_identify(/home/vedant/gaitlab_ws/src/ros_odrive) by extensions ['ros']
[0.629s] Level 1:colcon.colcon_core.package_identification:_identify(/home/vedant/gaitlab_ws/src/ros_odrive) by extension 'ros'
[0.629s] Level 1:colcon.colcon_core.package_identification:_identify(/home/vedant/gaitlab_ws/src/ros_odrive) by extensions ['cmake', 'python']
[0.629s] Level 1:colcon.colcon_core.package_identification:_identify(/home/vedant/gaitlab_ws/src/ros_odrive) by extension 'cmake'
[0.629s] Level 1:colcon.colcon_core.package_identification:_identify(/home/vedant/gaitlab_ws/src/ros_odrive) by extension 'python'
[0.630s] Level 1:colcon.colcon_core.package_identification:_identify(/home/vedant/gaitlab_ws/src/ros_odrive) by extensions ['python_setup_py']
[0.630s] Level 1:colcon.colcon_core.package_identification:_identify(/home/vedant/gaitlab_ws/src/ros_odrive) by extension 'python_setup_py'
[0.630s] Level 1:colcon.colcon_core.package_identification:_identify(/home/vedant/gaitlab_ws/src/ros_odrive/odrive_base) by extensions ['ignore', 'ignore_ament_install']
[0.630s] Level 1:colcon.colcon_core.package_identification:_identify(/home/vedant/gaitlab_ws/src/ros_odrive/odrive_base) by extension 'ignore'
[0.630s] Level 1:colcon.colcon_core.package_identification:_identify(/home/vedant/gaitlab_ws/src/ros_odrive/odrive_base) by extension 'ignore_ament_install'
[0.630s] Level 1:colcon.colcon_core.package_identification:_identify(/home/vedant/gaitlab_ws/src/ros_odrive/odrive_base) by extensions ['colcon_pkg']
[0.630s] Level 1:colcon.colcon_core.package_identification:_identify(/home/vedant/gaitlab_ws/src/ros_odrive/odrive_base) by extension 'colcon_pkg'
[0.631s] Level 1:colcon.colcon_core.package_identification:_identify(/home/vedant/gaitlab_ws/src/ros_odrive/odrive_base) by extensions ['colcon_meta']
[0.631s] Level 1:colcon.colcon_core.package_identification:_identify(/home/vedant/gaitlab_ws/src/ros_odrive/odrive_base) by extension 'colcon_meta'
[0.631s] Level 1:colcon.colcon_core.package_identification:_identify(/home/vedant/gaitlab_ws/src/ros_odrive/odrive_base) by extensions ['ros']
[0.631s] Level 1:colcon.colcon_core.package_identification:_identify(/home/vedant/gaitlab_ws/src/ros_odrive/odrive_base) by extension 'ros'
[0.631s] Level 1:colcon.colcon_core.package_identification:_identify(/home/vedant/gaitlab_ws/src/ros_odrive/odrive_base) by extensions ['cmake', 'python']
[0.631s] Level 1:colcon.colcon_core.package_identification:_identify(/home/vedant/gaitlab_ws/src/ros_odrive/odrive_base) by extension 'cmake'
[0.631s] Level 1:colcon.colcon_core.package_identification:_identify(/home/vedant/gaitlab_ws/src/ros_odrive/odrive_base) by extension 'python'
[0.631s] Level 1:colcon.colcon_core.package_identification:_identify(/home/vedant/gaitlab_ws/src/ros_odrive/odrive_base) by extensions ['python_setup_py']
[0.631s] Level 1:colcon.colcon_core.package_identification:_identify(/home/vedant/gaitlab_ws/src/ros_odrive/odrive_base) by extension 'python_setup_py'
[0.631s] Level 1:colcon.colcon_core.package_identification:_identify(/home/vedant/gaitlab_ws/src/ros_odrive/odrive_base/include) by extensions ['ignore', 'ignore_ament_install']
[0.632s] Level 1:colcon.colcon_core.package_identification:_identify(/home/vedant/gaitlab_ws/src/ros_odrive/odrive_base/include) by extension 'ignore'
[0.632s] Level 1:colcon.colcon_core.package_identification:_identify(/home/vedant/gaitlab_ws/src/ros_odrive/odrive_base/include) by extension 'ignore_ament_install'
[0.632s] Level 1:colcon.colcon_core.package_identification:_identify(/home/vedant/gaitlab_ws/src/ros_odrive/odrive_base/include) by extensions ['colcon_pkg']
[0.632s] Level 1:colcon.colcon_core.package_identification:_identify(/home/vedant/gaitlab_ws/src/ros_odrive/odrive_base/include) by extension 'colcon_pkg'
[0.632s] Level 1:colcon.colcon_core.package_identification:_identify(/home/vedant/gaitlab_ws/src/ros_odrive/odrive_base/include) by extensions ['colcon_meta']
[0.632s] Level 1:colcon.colcon_core.package_identification:_identify(/home/vedant/gaitlab_ws/src/ros_odrive/odrive_base/include) by extension 'colcon_meta'
[0.632s] Level 1:colcon.colcon_core.package_identification:_identify(/home/vedant/gaitlab_ws/src/ros_odrive/odrive_base/include) by extensions ['ros']
[0.633s] Level 1:colcon.colcon_core.package_identification:_identify(/home/vedant/gaitlab_ws/src/ros_odrive/odrive_base/include) by extension 'ros'
[0.633s] Level 1:colcon.colcon_core.package_identification:_identify(/home/vedant/gaitlab_ws/src/ros_odrive/odrive_base/include) by extensions ['cmake', 'python']
[0.633s] Level 1:colcon.colcon_core.package_identification:_identify(/home/vedant/gaitlab_ws/src/ros_odrive/odrive_base/include) by extension 'cmake'
[0.633s] Level 1:colcon.colcon_core.package_identification:_identify(/home/vedant/gaitlab_ws/src/ros_odrive/odrive_base/include) by extension 'python'
[0.633s] Level 1:colcon.colcon_core.package_identification:_identify(/home/vedant/gaitlab_ws/src/ros_odrive/odrive_base/include) by extensions ['python_setup_py']
[0.633s] Level 1:colcon.colcon_core.package_identification:_identify(/home/vedant/gaitlab_ws/src/ros_odrive/odrive_base/include) by extension 'python_setup_py'
[0.633s] Level 1:colcon.colcon_core.package_identification:_identify(/home/vedant/gaitlab_ws/src/ros_odrive/odrive_base/src) by extensions ['ignore', 'ignore_ament_install']
[0.634s] Level 1:colcon.colcon_core.package_identification:_identify(/home/vedant/gaitlab_ws/src/ros_odrive/odrive_base/src) by extension 'ignore'
[0.634s] Level 1:colcon.colcon_core.package_identification:_identify(/home/vedant/gaitlab_ws/src/ros_odrive/odrive_base/src) by extension 'ignore_ament_install'
[0.634s] Level 1:colcon.colcon_core.package_identification:_identify(/home/vedant/gaitlab_ws/src/ros_odrive/odrive_base/src) by extensions ['colcon_pkg']
[0.634s] Level 1:colcon.colcon_core.package_identification:_identify(/home/vedant/gaitlab_ws/src/ros_odrive/odrive_base/src) by extension 'colcon_pkg'
[0.634s] Level 1:colcon.colcon_core.package_identification:_identify(/home/vedant/gaitlab_ws/src/ros_odrive/odrive_base/src) by extensions ['colcon_meta']
[0.634s] Level 1:colcon.colcon_core.package_identification:_identify(/home/vedant/gaitlab_ws/src/ros_odrive/odrive_base/src) by extension 'colcon_meta'
[0.634s] Level 1:colcon.colcon_core.package_identification:_identify(/home/vedant/gaitlab_ws/src/ros_odrive/odrive_base/src) by extensions ['ros']
[0.634s] Level 1:colcon.colcon_core.package_identification:_identify(/home/vedant/gaitlab_ws/src/ros_odrive/odrive_base/src) by extension 'ros'
[0.634s] Level 1:colcon.colcon_core.package_identification:_identify(/home/vedant/gaitlab_ws/src/ros_odrive/odrive_base/src) by extensions ['cmake', 'python']
[0.635s] Level 1:colcon.colcon_core.package_identification:_identify(/home/vedant/gaitlab_ws/src/ros_odrive/odrive_base/src) by extension 'cmake'
[0.635s] Level 1:colcon.colcon_core.package_identification:_identify(/home/vedant/gaitlab_ws/src/ros_odrive/odrive_base/src) by extension 'python'
[0.635s] Level 1:colcon.colcon_core.package_identification:_identify(/home/vedant/gaitlab_ws/src/ros_odrive/odrive_base/src) by extensions ['python_setup_py']
[0.635s] Level 1:colcon.colcon_core.package_identification:_identify(/home/vedant/gaitlab_ws/src/ros_odrive/odrive_base/src) by extension 'python_setup_py'
[0.635s] Level 1:colcon.colcon_core.package_identification:_identify(/home/vedant/gaitlab_ws/src/ros_odrive/odrive_botwheel_explorer) by extensions ['ignore', 'ignore_ament_install']
[0.635s] Level 1:colcon.colcon_core.package_identification:_identify(/home/vedant/gaitlab_ws/src/ros_odrive/odrive_botwheel_explorer) by extension 'ignore'
[0.635s] Level 1:colcon.colcon_core.package_identification:_identify(/home/vedant/gaitlab_ws/src/ros_odrive/odrive_botwheel_explorer) by extension 'ignore_ament_install'
[0.635s] Level 1:colcon.colcon_core.package_identification:_identify(/home/vedant/gaitlab_ws/src/ros_odrive/odrive_botwheel_explorer) by extensions ['colcon_pkg']
[0.635s] Level 1:colcon.colcon_core.package_identification:_identify(/home/vedant/gaitlab_ws/src/ros_odrive/odrive_botwheel_explorer) by extension 'colcon_pkg'
[0.635s] Level 1:colcon.colcon_core.package_identification:_identify(/home/vedant/gaitlab_ws/src/ros_odrive/odrive_botwheel_explorer) by extensions ['colcon_meta']
[0.636s] Level 1:colcon.colcon_core.package_identification:_identify(/home/vedant/gaitlab_ws/src/ros_odrive/odrive_botwheel_explorer) by extension 'colcon_meta'
[0.636s] Level 1:colcon.colcon_core.package_identification:_identify(/home/vedant/gaitlab_ws/src/ros_odrive/odrive_botwheel_explorer) by extensions ['ros']
[0.636s] Level 1:colcon.colcon_core.package_identification:_identify(/home/vedant/gaitlab_ws/src/ros_odrive/odrive_botwheel_explorer) by extension 'ros'
[0.641s] DEBUG:colcon.colcon_core.package_identification:Package '/home/vedant/gaitlab_ws/src/ros_odrive/odrive_botwheel_explorer' with type 'ros.ament_cmake' and name 'odrive_botwheel_explorer'
[0.641s] Level 1:colcon.colcon_core.package_identification:_identify(/home/vedant/gaitlab_ws/src/ros_odrive/odrive_node) by extensions ['ignore', 'ignore_ament_install']
[0.641s] Level 1:colcon.colcon_core.package_identification:_identify(/home/vedant/gaitlab_ws/src/ros_odrive/odrive_node) by extension 'ignore'
[0.641s] Level 1:colcon.colcon_core.package_identification:_identify(/home/vedant/gaitlab_ws/src/ros_odrive/odrive_node) by extension 'ignore_ament_install'
[0.642s] Level 1:colcon.colcon_core.package_identification:_identify(/home/vedant/gaitlab_ws/src/ros_odrive/odrive_node) by extensions ['colcon_pkg']
[0.642s] Level 1:colcon.colcon_core.package_identification:_identify(/home/vedant/gaitlab_ws/src/ros_odrive/odrive_node) by extension 'colcon_pkg'
[0.642s] Level 1:colcon.colcon_core.package_identification:_identify(/home/vedant/gaitlab_ws/src/ros_odrive/odrive_node) by extensions ['colcon_meta']
[0.642s] Level 1:colcon.colcon_core.package_identification:_identify(/home/vedant/gaitlab_ws/src/ros_odrive/odrive_node) by extension 'colcon_meta'
[0.642s] Level 1:colcon.colcon_core.package_identification:_identify(/home/vedant/gaitlab_ws/src/ros_odrive/odrive_node) by extensions ['ros']
[0.642s] Level 1:colcon.colcon_core.package_identification:_identify(/home/vedant/gaitlab_ws/src/ros_odrive/odrive_node) by extension 'ros'
[0.643s] DEBUG:colcon.colcon_core.package_identification:Package '/home/vedant/gaitlab_ws/src/ros_odrive/odrive_node' with type 'ros.ament_cmake' and name 'odrive_can'
[0.644s] Level 1:colcon.colcon_core.package_identification:_identify(/home/vedant/gaitlab_ws/src/ros_odrive/odrive_ros2_control) by extensions ['ignore', 'ignore_ament_install']
[0.644s] Level 1:colcon.colcon_core.package_identification:_identify(/home/vedant/gaitlab_ws/src/ros_odrive/odrive_ros2_control) by extension 'ignore'
[0.644s] Level 1:colcon.colcon_core.package_identification:_identify(/home/vedant/gaitlab_ws/src/ros_odrive/odrive_ros2_control) by extension 'ignore_ament_install'
[0.644s] Level 1:colcon.colcon_core.package_identification:_identify(/home/vedant/gaitlab_ws/src/ros_odrive/odrive_ros2_control) by extensions ['colcon_pkg']
[0.644s] Level 1:colcon.colcon_core.package_identification:_identify(/home/vedant/gaitlab_ws/src/ros_odrive/odrive_ros2_control) by extension 'colcon_pkg'
[0.644s] Level 1:colcon.colcon_core.package_identification:_identify(/home/vedant/gaitlab_ws/src/ros_odrive/odrive_ros2_control) by extensions ['colcon_meta']
[0.644s] Level 1:colcon.colcon_core.package_identification:_identify(/home/vedant/gaitlab_ws/src/ros_odrive/odrive_ros2_control) by extension 'colcon_meta'
[0.644s] Level 1:colcon.colcon_core.package_identification:_identify(/home/vedant/gaitlab_ws/src/ros_odrive/odrive_ros2_control) by extensions ['ros']
[0.645s] Level 1:colcon.colcon_core.package_identification:_identify(/home/vedant/gaitlab_ws/src/ros_odrive/odrive_ros2_control) by extension 'ros'
[0.646s] DEBUG:colcon.colcon_core.package_identification:Package '/home/vedant/gaitlab_ws/src/ros_odrive/odrive_ros2_control' with type 'ros.ament_cmake' and name 'odrive_ros2_control'
[0.647s] Level 1:colcon.colcon_core.package_discovery:discover_packages(recursive) using defaults
