[0.056s] Invoking command in '/home/vedant/OdriveCANControl/build/custom_msgs': CMAKE_PREFIX_PATH=${CMAKE_PREFIX_PATH}:/home/vedant/OdriveCANControl/install/odrive_control_py:/home/vedant/OdriveCANControl/install/encoder:/home/vedant/OdriveCANControl/install/data_logging:/home/vedant/OdriveCANControl/install/controller:/opt/ros/humble /usr/bin/cmake --build /home/vedant/OdriveCANControl/build/custom_msgs -- -j4 -l4
[0.241s] [35m[1mConsolidate compiler generated dependencies of target custom_msgs__rosidl_generator_c[0m
[0.299s] [  6%] Built target custom_msgs__cpp
[0.303s] [ 12%] Built target custom_msgs__rosidl_generator_c
[0.351s] [35m[1mConsolidate compiler generated dependencies of target custom_msgs__rosidl_typesupport_fastrtps_cpp[0m
[0.352s] [ 12%] Built target ament_cmake_python_copy_custom_msgs
[0.354s] [35m[1mConsolidate compiler generated dependencies of target custom_msgs__rosidl_typesupport_introspection_cpp[0m
[0.388s] [35m[1mConsolidate compiler generated dependencies of target custom_msgs__rosidl_typesupport_cpp[0m
[0.432s] [35m[1mConsolidate compiler generated dependencies of target custom_msgs__rosidl_typesupport_fastrtps_c[0m
[0.459s] [ 22%] Built target custom_msgs__rosidl_typesupport_cpp
[0.481s] [ 32%] Built target custom_msgs__rosidl_typesupport_fastrtps_cpp
[0.490s] [ 41%] Built target custom_msgs__rosidl_typesupport_introspection_cpp
[0.524s] [35m[1mConsolidate compiler generated dependencies of target custom_msgs__rosidl_typesupport_introspection_c[0m
[0.564s] [ 51%] Built target custom_msgs__rosidl_typesupport_fastrtps_c
[0.565s] [35m[1mConsolidate compiler generated dependencies of target custom_msgs__rosidl_typesupport_c[0m
[0.628s] [ 61%] Built target custom_msgs__rosidl_typesupport_introspection_c
[0.647s] [ 70%] Built target custom_msgs__rosidl_typesupport_c
[0.743s] [ 70%] Built target custom_msgs
[0.841s] [ 74%] Built target custom_msgs__py
[0.888s] [35m[1mConsolidate compiler generated dependencies of target custom_msgs__rosidl_generator_py[0m
[0.957s] [ 80%] Built target custom_msgs__rosidl_generator_py
[1.035s] [35m[1mConsolidate compiler generated dependencies of target custom_msgs__rosidl_typesupport_introspection_c__pyext[0m
[1.036s] [35m[1mConsolidate compiler generated dependencies of target custom_msgs__rosidl_typesupport_c__pyext[0m
[1.036s] [35m[1mConsolidate compiler generated dependencies of target custom_msgs__rosidl_typesupport_fastrtps_c__pyext[0m
[1.121s] [ 87%] Built target custom_msgs__rosidl_typesupport_fastrtps_c__pyext
[1.156s] [ 93%] Built target custom_msgs__rosidl_typesupport_c__pyext
[1.164s] [100%] Built target custom_msgs__rosidl_typesupport_introspection_c__pyext
[1.811s] running egg_info
[1.814s] writing custom_msgs.egg-info/PKG-INFO
[1.815s] writing dependency_links to custom_msgs.egg-info/dependency_links.txt
[1.817s] writing top-level names to custom_msgs.egg-info/top_level.txt
[1.826s] reading manifest file 'custom_msgs.egg-info/SOURCES.txt'
[1.829s] writing manifest file 'custom_msgs.egg-info/SOURCES.txt'
[1.960s] [100%] Built target ament_cmake_python_build_custom_msgs_egg
[2.004s] Invoked command in '/home/vedant/OdriveCANControl/build/custom_msgs' returned '0': CMAKE_PREFIX_PATH=${CMAKE_PREFIX_PATH}:/home/vedant/OdriveCANControl/install/odrive_control_py:/home/vedant/OdriveCANControl/install/encoder:/home/vedant/OdriveCANControl/install/data_logging:/home/vedant/OdriveCANControl/install/controller:/opt/ros/humble /usr/bin/cmake --build /home/vedant/OdriveCANControl/build/custom_msgs -- -j4 -l4
[2.045s] Invoking command in '/home/vedant/OdriveCANControl/build/custom_msgs': CMAKE_PREFIX_PATH=${CMAKE_PREFIX_PATH}:/home/vedant/OdriveCANControl/install/odrive_control_py:/home/vedant/OdriveCANControl/install/encoder:/home/vedant/OdriveCANControl/install/data_logging:/home/vedant/OdriveCANControl/install/controller:/opt/ros/humble /usr/bin/cmake --install /home/vedant/OdriveCANControl/build/custom_msgs
[2.076s] -- Install configuration: ""
[2.078s] -- Up-to-date: /home/vedant/OdriveCANControl/install/custom_msgs/share/ament_index/resource_index/rosidl_interfaces/custom_msgs
[2.078s] -- Up-to-date: /home/vedant/OdriveCANControl/install/custom_msgs/include/custom_msgs/custom_msgs
[2.079s] -- Up-to-date: /home/vedant/OdriveCANControl/install/custom_msgs/include/custom_msgs/custom_msgs/msg
[2.079s] -- Up-to-date: /home/vedant/OdriveCANControl/install/custom_msgs/include/custom_msgs/custom_msgs/msg/motion_state.h
[2.080s] -- Up-to-date: /home/vedant/OdriveCANControl/install/custom_msgs/include/custom_msgs/custom_msgs/msg/rosidl_generator_c__visibility_control.h
[2.080s] -- Up-to-date: /home/vedant/OdriveCANControl/install/custom_msgs/include/custom_msgs/custom_msgs/msg/detail
[2.080s] -- Up-to-date: /home/vedant/OdriveCANControl/install/custom_msgs/include/custom_msgs/custom_msgs/msg/detail/motion_state__struct.h
[2.081s] -- Up-to-date: /home/vedant/OdriveCANControl/install/custom_msgs/include/custom_msgs/custom_msgs/msg/detail/motion_state__functions.c
[2.081s] -- Up-to-date: /home/vedant/OdriveCANControl/install/custom_msgs/include/custom_msgs/custom_msgs/msg/detail/motion_state__type_support.h
[2.082s] -- Up-to-date: /home/vedant/OdriveCANControl/install/custom_msgs/include/custom_msgs/custom_msgs/msg/detail/motion_state__functions.h
[2.082s] -- Up-to-date: /home/vedant/OdriveCANControl/install/custom_msgs/share/custom_msgs/environment/library_path.sh
[2.083s] -- Up-to-date: /home/vedant/OdriveCANControl/install/custom_msgs/share/custom_msgs/environment/library_path.dsv
[2.084s] -- Up-to-date: /home/vedant/OdriveCANControl/install/custom_msgs/lib/libcustom_msgs__rosidl_generator_c.so
[2.085s] -- Up-to-date: /home/vedant/OdriveCANControl/install/custom_msgs/include/custom_msgs/custom_msgs
[2.085s] -- Up-to-date: /home/vedant/OdriveCANControl/install/custom_msgs/include/custom_msgs/custom_msgs/msg
[2.085s] -- Up-to-date: /home/vedant/OdriveCANControl/install/custom_msgs/include/custom_msgs/custom_msgs/msg/detail
[2.086s] -- Up-to-date: /home/vedant/OdriveCANControl/install/custom_msgs/include/custom_msgs/custom_msgs/msg/detail/motion_state__rosidl_typesupport_fastrtps_c.h
[2.086s] -- Up-to-date: /home/vedant/OdriveCANControl/install/custom_msgs/include/custom_msgs/custom_msgs/msg/rosidl_typesupport_fastrtps_c__visibility_control.h
[2.086s] -- Up-to-date: /home/vedant/OdriveCANControl/install/custom_msgs/lib/libcustom_msgs__rosidl_typesupport_fastrtps_c.so
[2.088s] -- Up-to-date: /home/vedant/OdriveCANControl/install/custom_msgs/include/custom_msgs/custom_msgs
[2.088s] -- Up-to-date: /home/vedant/OdriveCANControl/install/custom_msgs/include/custom_msgs/custom_msgs/msg
[2.089s] -- Up-to-date: /home/vedant/OdriveCANControl/install/custom_msgs/include/custom_msgs/custom_msgs/msg/detail
[2.090s] -- Up-to-date: /home/vedant/OdriveCANControl/install/custom_msgs/include/custom_msgs/custom_msgs/msg/detail/motion_state__rosidl_typesupport_introspection_c.h
[2.090s] -- Up-to-date: /home/vedant/OdriveCANControl/install/custom_msgs/include/custom_msgs/custom_msgs/msg/detail/motion_state__type_support.c
[2.091s] -- Up-to-date: /home/vedant/OdriveCANControl/install/custom_msgs/include/custom_msgs/custom_msgs/msg/rosidl_typesupport_introspection_c__visibility_control.h
[2.091s] -- Up-to-date: /home/vedant/OdriveCANControl/install/custom_msgs/lib/libcustom_msgs__rosidl_typesupport_introspection_c.so
[2.093s] -- Up-to-date: /home/vedant/OdriveCANControl/install/custom_msgs/lib/libcustom_msgs__rosidl_typesupport_c.so
[2.094s] -- Up-to-date: /home/vedant/OdriveCANControl/install/custom_msgs/include/custom_msgs/custom_msgs
[2.095s] -- Up-to-date: /home/vedant/OdriveCANControl/install/custom_msgs/include/custom_msgs/custom_msgs/msg
[2.096s] -- Up-to-date: /home/vedant/OdriveCANControl/install/custom_msgs/include/custom_msgs/custom_msgs/msg/rosidl_generator_cpp__visibility_control.hpp
[2.097s] -- Up-to-date: /home/vedant/OdriveCANControl/install/custom_msgs/include/custom_msgs/custom_msgs/msg/detail
[2.097s] -- Up-to-date: /home/vedant/OdriveCANControl/install/custom_msgs/include/custom_msgs/custom_msgs/msg/detail/motion_state__type_support.hpp
[2.098s] -- Up-to-date: /home/vedant/OdriveCANControl/install/custom_msgs/include/custom_msgs/custom_msgs/msg/detail/motion_state__traits.hpp
[2.098s] -- Up-to-date: /home/vedant/OdriveCANControl/install/custom_msgs/include/custom_msgs/custom_msgs/msg/detail/motion_state__builder.hpp
[2.099s] -- Up-to-date: /home/vedant/OdriveCANControl/install/custom_msgs/include/custom_msgs/custom_msgs/msg/detail/motion_state__struct.hpp
[2.099s] -- Up-to-date: /home/vedant/OdriveCANControl/install/custom_msgs/include/custom_msgs/custom_msgs/msg/motion_state.hpp
[2.100s] -- Up-to-date: /home/vedant/OdriveCANControl/install/custom_msgs/include/custom_msgs/custom_msgs
[2.100s] -- Up-to-date: /home/vedant/OdriveCANControl/install/custom_msgs/include/custom_msgs/custom_msgs/msg
[2.101s] -- Up-to-date: /home/vedant/OdriveCANControl/install/custom_msgs/include/custom_msgs/custom_msgs/msg/rosidl_typesupport_fastrtps_cpp__visibility_control.h
[2.101s] -- Up-to-date: /home/vedant/OdriveCANControl/install/custom_msgs/include/custom_msgs/custom_msgs/msg/detail
[2.102s] -- Up-to-date: /home/vedant/OdriveCANControl/install/custom_msgs/include/custom_msgs/custom_msgs/msg/detail/motion_state__rosidl_typesupport_fastrtps_cpp.hpp
[2.102s] -- Up-to-date: /home/vedant/OdriveCANControl/install/custom_msgs/include/custom_msgs/custom_msgs/msg/detail/dds_fastrtps
[2.103s] -- Up-to-date: /home/vedant/OdriveCANControl/install/custom_msgs/lib/libcustom_msgs__rosidl_typesupport_fastrtps_cpp.so
[2.103s] -- Up-to-date: /home/vedant/OdriveCANControl/install/custom_msgs/include/custom_msgs/custom_msgs
[2.104s] -- Up-to-date: /home/vedant/OdriveCANControl/install/custom_msgs/include/custom_msgs/custom_msgs/msg
[2.104s] -- Up-to-date: /home/vedant/OdriveCANControl/install/custom_msgs/include/custom_msgs/custom_msgs/msg/detail
[2.105s] -- Up-to-date: /home/vedant/OdriveCANControl/install/custom_msgs/include/custom_msgs/custom_msgs/msg/detail/motion_state__rosidl_typesupport_introspection_cpp.hpp
[2.105s] -- Up-to-date: /home/vedant/OdriveCANControl/install/custom_msgs/include/custom_msgs/custom_msgs/msg/detail/motion_state__type_support.cpp
[2.105s] -- Up-to-date: /home/vedant/OdriveCANControl/install/custom_msgs/lib/libcustom_msgs__rosidl_typesupport_introspection_cpp.so
[2.106s] -- Up-to-date: /home/vedant/OdriveCANControl/install/custom_msgs/lib/libcustom_msgs__rosidl_typesupport_cpp.so
[2.108s] -- Up-to-date: /home/vedant/OdriveCANControl/install/custom_msgs/share/custom_msgs/environment/pythonpath.sh
[2.109s] -- Up-to-date: /home/vedant/OdriveCANControl/install/custom_msgs/share/custom_msgs/environment/pythonpath.dsv
[2.110s] -- Up-to-date: /home/vedant/OdriveCANControl/install/custom_msgs/local/lib/python3.10/dist-packages/custom_msgs-0.0.0-py3.10.egg-info
[2.111s] -- Installing: /home/vedant/OdriveCANControl/install/custom_msgs/local/lib/python3.10/dist-packages/custom_msgs-0.0.0-py3.10.egg-info/PKG-INFO
[2.112s] -- Installing: /home/vedant/OdriveCANControl/install/custom_msgs/local/lib/python3.10/dist-packages/custom_msgs-0.0.0-py3.10.egg-info/top_level.txt
[2.112s] -- Installing: /home/vedant/OdriveCANControl/install/custom_msgs/local/lib/python3.10/dist-packages/custom_msgs-0.0.0-py3.10.egg-info/dependency_links.txt
[2.113s] -- Installing: /home/vedant/OdriveCANControl/install/custom_msgs/local/lib/python3.10/dist-packages/custom_msgs-0.0.0-py3.10.egg-info/SOURCES.txt
[2.115s] -- Up-to-date: /home/vedant/OdriveCANControl/install/custom_msgs/local/lib/python3.10/dist-packages/custom_msgs
[2.118s] -- Up-to-date: /home/vedant/OdriveCANControl/install/custom_msgs/local/lib/python3.10/dist-packages/custom_msgs/libcustom_msgs__rosidl_generator_py.so
[2.118s] -- Up-to-date: /home/vedant/OdriveCANControl/install/custom_msgs/local/lib/python3.10/dist-packages/custom_msgs/msg
[2.119s] -- Up-to-date: /home/vedant/OdriveCANControl/install/custom_msgs/local/lib/python3.10/dist-packages/custom_msgs/msg/_motion_state.py
[2.119s] -- Up-to-date: /home/vedant/OdriveCANControl/install/custom_msgs/local/lib/python3.10/dist-packages/custom_msgs/msg/__init__.py
[2.120s] -- Up-to-date: /home/vedant/OdriveCANControl/install/custom_msgs/local/lib/python3.10/dist-packages/custom_msgs/msg/_motion_state_s.c
[2.120s] -- Up-to-date: /home/vedant/OdriveCANControl/install/custom_msgs/local/lib/python3.10/dist-packages/custom_msgs/_custom_msgs_s.ep.rosidl_typesupport_introspection_c.c
[2.120s] -- Up-to-date: /home/vedant/OdriveCANControl/install/custom_msgs/local/lib/python3.10/dist-packages/custom_msgs/__init__.py
[2.121s] -- Up-to-date: /home/vedant/OdriveCANControl/install/custom_msgs/local/lib/python3.10/dist-packages/custom_msgs/custom_msgs_s__rosidl_typesupport_introspection_c.cpython-310-aarch64-linux-gnu.so
[2.121s] -- Up-to-date: /home/vedant/OdriveCANControl/install/custom_msgs/local/lib/python3.10/dist-packages/custom_msgs/custom_msgs_s__rosidl_typesupport_c.cpython-310-aarch64-linux-gnu.so
[2.122s] -- Up-to-date: /home/vedant/OdriveCANControl/install/custom_msgs/local/lib/python3.10/dist-packages/custom_msgs/_custom_msgs_s.ep.rosidl_typesupport_c.c
[2.122s] -- Up-to-date: /home/vedant/OdriveCANControl/install/custom_msgs/local/lib/python3.10/dist-packages/custom_msgs/_custom_msgs_s.ep.rosidl_typesupport_fastrtps_c.c
[2.122s] -- Up-to-date: /home/vedant/OdriveCANControl/install/custom_msgs/local/lib/python3.10/dist-packages/custom_msgs/custom_msgs_s__rosidl_typesupport_fastrtps_c.cpython-310-aarch64-linux-gnu.so
[2.274s] Listing '/home/vedant/OdriveCANControl/install/custom_msgs/local/lib/python3.10/dist-packages/custom_msgs'...
[2.276s] Listing '/home/vedant/OdriveCANControl/install/custom_msgs/local/lib/python3.10/dist-packages/custom_msgs/msg'...
[2.300s] -- Up-to-date: /home/vedant/OdriveCANControl/install/custom_msgs/local/lib/python3.10/dist-packages/custom_msgs/custom_msgs_s__rosidl_typesupport_fastrtps_c.cpython-310-aarch64-linux-gnu.so
[2.302s] -- Up-to-date: /home/vedant/OdriveCANControl/install/custom_msgs/local/lib/python3.10/dist-packages/custom_msgs/custom_msgs_s__rosidl_typesupport_introspection_c.cpython-310-aarch64-linux-gnu.so
[2.305s] -- Up-to-date: /home/vedant/OdriveCANControl/install/custom_msgs/local/lib/python3.10/dist-packages/custom_msgs/custom_msgs_s__rosidl_typesupport_c.cpython-310-aarch64-linux-gnu.so
[2.307s] -- Up-to-date: /home/vedant/OdriveCANControl/install/custom_msgs/lib/libcustom_msgs__rosidl_generator_py.so
[2.309s] -- Up-to-date: /home/vedant/OdriveCANControl/install/custom_msgs/share/custom_msgs/msg/MotionState.idl
[2.309s] -- Up-to-date: /home/vedant/OdriveCANControl/install/custom_msgs/share/custom_msgs/msg/MotionState.msg
[2.312s] -- Up-to-date: /home/vedant/OdriveCANControl/install/custom_msgs/share/ament_index/resource_index/package_run_dependencies/custom_msgs
[2.312s] -- Up-to-date: /home/vedant/OdriveCANControl/install/custom_msgs/share/ament_index/resource_index/parent_prefix_path/custom_msgs
[2.314s] -- Up-to-date: /home/vedant/OdriveCANControl/install/custom_msgs/share/custom_msgs/environment/ament_prefix_path.sh
[2.314s] -- Up-to-date: /home/vedant/OdriveCANControl/install/custom_msgs/share/custom_msgs/environment/ament_prefix_path.dsv
[2.315s] -- Up-to-date: /home/vedant/OdriveCANControl/install/custom_msgs/share/custom_msgs/environment/path.sh
[2.316s] -- Up-to-date: /home/vedant/OdriveCANControl/install/custom_msgs/share/custom_msgs/environment/path.dsv
[2.316s] -- Up-to-date: /home/vedant/OdriveCANControl/install/custom_msgs/share/custom_msgs/local_setup.bash
[2.317s] -- Up-to-date: /home/vedant/OdriveCANControl/install/custom_msgs/share/custom_msgs/local_setup.sh
[2.318s] -- Up-to-date: /home/vedant/OdriveCANControl/install/custom_msgs/share/custom_msgs/local_setup.zsh
[2.319s] -- Up-to-date: /home/vedant/OdriveCANControl/install/custom_msgs/share/custom_msgs/local_setup.dsv
[2.319s] -- Installing: /home/vedant/OdriveCANControl/install/custom_msgs/share/custom_msgs/package.dsv
[2.320s] -- Up-to-date: /home/vedant/OdriveCANControl/install/custom_msgs/share/ament_index/resource_index/packages/custom_msgs
[2.320s] -- Up-to-date: /home/vedant/OdriveCANControl/install/custom_msgs/share/custom_msgs/cmake/export_custom_msgs__rosidl_generator_cExport.cmake
[2.321s] -- Up-to-date: /home/vedant/OdriveCANControl/install/custom_msgs/share/custom_msgs/cmake/export_custom_msgs__rosidl_generator_cExport-noconfig.cmake
[2.322s] -- Up-to-date: /home/vedant/OdriveCANControl/install/custom_msgs/share/custom_msgs/cmake/export_custom_msgs__rosidl_typesupport_fastrtps_cExport.cmake
[2.322s] -- Up-to-date: /home/vedant/OdriveCANControl/install/custom_msgs/share/custom_msgs/cmake/export_custom_msgs__rosidl_typesupport_fastrtps_cExport-noconfig.cmake
[2.323s] -- Up-to-date: /home/vedant/OdriveCANControl/install/custom_msgs/share/custom_msgs/cmake/custom_msgs__rosidl_typesupport_introspection_cExport.cmake
[2.323s] -- Up-to-date: /home/vedant/OdriveCANControl/install/custom_msgs/share/custom_msgs/cmake/custom_msgs__rosidl_typesupport_introspection_cExport-noconfig.cmake
[2.324s] -- Up-to-date: /home/vedant/OdriveCANControl/install/custom_msgs/share/custom_msgs/cmake/custom_msgs__rosidl_typesupport_cExport.cmake
[2.324s] -- Up-to-date: /home/vedant/OdriveCANControl/install/custom_msgs/share/custom_msgs/cmake/custom_msgs__rosidl_typesupport_cExport-noconfig.cmake
[2.325s] -- Up-to-date: /home/vedant/OdriveCANControl/install/custom_msgs/share/custom_msgs/cmake/export_custom_msgs__rosidl_generator_cppExport.cmake
[2.325s] -- Up-to-date: /home/vedant/OdriveCANControl/install/custom_msgs/share/custom_msgs/cmake/export_custom_msgs__rosidl_typesupport_fastrtps_cppExport.cmake
[2.326s] -- Up-to-date: /home/vedant/OdriveCANControl/install/custom_msgs/share/custom_msgs/cmake/export_custom_msgs__rosidl_typesupport_fastrtps_cppExport-noconfig.cmake
[2.327s] -- Up-to-date: /home/vedant/OdriveCANControl/install/custom_msgs/share/custom_msgs/cmake/custom_msgs__rosidl_typesupport_introspection_cppExport.cmake
[2.327s] -- Up-to-date: /home/vedant/OdriveCANControl/install/custom_msgs/share/custom_msgs/cmake/custom_msgs__rosidl_typesupport_introspection_cppExport-noconfig.cmake
[2.328s] -- Up-to-date: /home/vedant/OdriveCANControl/install/custom_msgs/share/custom_msgs/cmake/custom_msgs__rosidl_typesupport_cppExport.cmake
[2.328s] -- Up-to-date: /home/vedant/OdriveCANControl/install/custom_msgs/share/custom_msgs/cmake/custom_msgs__rosidl_typesupport_cppExport-noconfig.cmake
[2.329s] -- Up-to-date: /home/vedant/OdriveCANControl/install/custom_msgs/share/custom_msgs/cmake/export_custom_msgs__rosidl_generator_pyExport.cmake
[2.330s] -- Up-to-date: /home/vedant/OdriveCANControl/install/custom_msgs/share/custom_msgs/cmake/export_custom_msgs__rosidl_generator_pyExport-noconfig.cmake
[2.330s] -- Up-to-date: /home/vedant/OdriveCANControl/install/custom_msgs/share/custom_msgs/cmake/rosidl_cmake-extras.cmake
[2.331s] -- Up-to-date: /home/vedant/OdriveCANControl/install/custom_msgs/share/custom_msgs/cmake/ament_cmake_export_include_directories-extras.cmake
[2.332s] -- Up-to-date: /home/vedant/OdriveCANControl/install/custom_msgs/share/custom_msgs/cmake/ament_cmake_export_libraries-extras.cmake
[2.333s] -- Up-to-date: /home/vedant/OdriveCANControl/install/custom_msgs/share/custom_msgs/cmake/ament_cmake_export_targets-extras.cmake
[2.333s] -- Up-to-date: /home/vedant/OdriveCANControl/install/custom_msgs/share/custom_msgs/cmake/rosidl_cmake_export_typesupport_targets-extras.cmake
[2.334s] -- Up-to-date: /home/vedant/OdriveCANControl/install/custom_msgs/share/custom_msgs/cmake/ament_cmake_export_dependencies-extras.cmake
[2.334s] -- Up-to-date: /home/vedant/OdriveCANControl/install/custom_msgs/share/custom_msgs/cmake/rosidl_cmake_export_typesupport_libraries-extras.cmake
[2.335s] -- Up-to-date: /home/vedant/OdriveCANControl/install/custom_msgs/share/custom_msgs/cmake/custom_msgsConfig.cmake
[2.335s] -- Up-to-date: /home/vedant/OdriveCANControl/install/custom_msgs/share/custom_msgs/cmake/custom_msgsConfig-version.cmake
[2.336s] -- Up-to-date: /home/vedant/OdriveCANControl/install/custom_msgs/share/custom_msgs/package.xml
[2.343s] Invoked command in '/home/vedant/OdriveCANControl/build/custom_msgs' returned '0': CMAKE_PREFIX_PATH=${CMAKE_PREFIX_PATH}:/home/vedant/OdriveCANControl/install/odrive_control_py:/home/vedant/OdriveCANControl/install/encoder:/home/vedant/OdriveCANControl/install/data_logging:/home/vedant/OdriveCANControl/install/controller:/opt/ros/humble /usr/bin/cmake --install /home/vedant/OdriveCANControl/build/custom_msgs
