[0.022s] Invoking command in '/home/vedant/gaitlab_ws/build/odrive_ros2_control': CMAKE_PREFIX_PATH=${CMAKE_PREFIX_PATH}:/opt/ros/humble /usr/bin/cmake /home/vedant/gaitlab_ws/src/ros_odrive/odrive_ros2_control -DCMAKE_INSTALL_PREFIX=/home/vedant/gaitlab_ws/install/odrive_ros2_control
[0.224s] -- The C compiler identification is GNU 11.4.0
[0.389s] -- The CXX compiler identification is GNU 11.4.0
[0.408s] -- Detecting C compiler ABI info
[0.515s] -- Detecting C compiler ABI info - done
[0.525s] -- Check for working C compiler: /usr/bin/cc - skipped
[0.540s] -- Detecting C compile features
[0.541s] -- Detecting C compile features - done
[0.547s] -- Detecting CXX compiler ABI info
[0.653s] -- Detecting CXX compiler ABI info - done
[0.666s] -- Check for working CXX compiler: /usr/bin/c++ - skipped
[0.667s] -- Detecting CXX compile features
[0.668s] -- Detecting CXX compile features - done
[0.672s] -- Found ament_cmake: 1.3.9 (/opt/ros/humble/share/ament_cmake/cmake)
[0.916s] -- Found Python3: /usr/bin/python3 (found version "3.10.12") found components: Interpreter 
[1.092s] -- Found rclcpp: 16.0.9 (/opt/ros/humble/share/rclcpp/cmake)
[1.185s] -- Found rosidl_generator_c: 3.1.5 (/opt/ros/humble/share/rosidl_generator_c/cmake)
[1.195s] -- Found rosidl_adapter: 3.1.5 (/opt/ros/humble/share/rosidl_adapter/cmake)
[1.214s] -- Found rosidl_generator_cpp: 3.1.5 (/opt/ros/humble/share/rosidl_generator_cpp/cmake)
[1.242s] -- Using all available rosidl_typesupport_c: rosidl_typesupport_fastrtps_c;rosidl_typesupport_introspection_c
[1.280s] -- Using all available rosidl_typesupport_cpp: rosidl_typesupport_fastrtps_cpp;rosidl_typesupport_introspection_cpp
[1.415s] -- Found rmw_implementation_cmake: 6.1.2 (/opt/ros/humble/share/rmw_implementation_cmake/cmake)
[1.421s] -- Found rmw_cyclonedds_cpp: 1.3.4 (/opt/ros/humble/share/rmw_cyclonedds_cpp/cmake)
[1.485s] -- Using RMW implementation 'rmw_cyclonedds_cpp' as default
[1.502s] -- Looking for pthread.h
[1.596s] -- Looking for pthread.h - found
[1.596s] -- Performing Test CMAKE_HAVE_LIBC_PTHREAD
[1.689s] -- Performing Test CMAKE_HAVE_LIBC_PTHREAD - Success
[1.690s] -- Found Threads: TRUE  
[1.955s] -- Found ament_cmake_auto: 1.3.9 (/opt/ros/humble/share/ament_cmake_auto/cmake)
[2.057s] [31mCMake Error at CMakeLists.txt:30 (pluginlib_export_plugin_description_file):
[2.057s]   Unknown CMake command "pluginlib_export_plugin_description_file".
[2.057s] 
[2.058s] [0m
[2.058s] -- Configuring incomplete, errors occurred!
[2.058s] See also "/home/vedant/gaitlab_ws/build/odrive_ros2_control/CMakeFiles/CMakeOutput.log".
[2.068s] Invoked command in '/home/vedant/gaitlab_ws/build/odrive_ros2_control' returned '1': CMAKE_PREFIX_PATH=${CMAKE_PREFIX_PATH}:/opt/ros/humble /usr/bin/cmake /home/vedant/gaitlab_ws/src/ros_odrive/odrive_ros2_control -DCMAKE_INSTALL_PREFIX=/home/vedant/gaitlab_ws/install/odrive_ros2_control
