[1.304s] DEBUG:colcon:Command line arguments: ['/usr/bin/colcon', 'build', '--packages-select', 'custom_msgs']
[1.305s] DEBUG:colcon:Parsed command line arguments: Namespace(log_base=None, log_level=None, verb_name='build', build_base='build', install_base='install', merge_install=False, symlink_install=False, test_result_base=None, continue_on_error=False, executor='parallel', parallel_workers=4, event_handlers=None, ignore_user_meta=False, metas=['./colcon.meta'], base_paths=['.'], packages_ignore=None, packages_ignore_regex=None, paths=None, packages_up_to=None, packages_up_to_regex=None, packages_above=None, packages_above_and_dependencies=None, packages_above_depth=None, packages_select_by_dep=None, packages_skip_by_dep=None, packages_skip_up_to=None, packages_select_build_failed=False, packages_skip_build_finished=False, packages_select_test_failures=False, packages_skip_test_passed=False, packages_select=['custom_msgs'], packages_skip=None, packages_select_regex=None, packages_skip_regex=None, packages_start=None, packages_end=None, allow_overriding=[], cmake_args=None, cmake_target=None, cmake_target_skip_unavailable=False, cmake_clean_cache=False, cmake_clean_first=False, cmake_force_configure=False, ament_cmake_args=None, catkin_cmake_args=None, catkin_skip_building_tests=False, mixin_files=None, mixin=None, verb_parser=<colcon_mixin.mixin.mixin_argument.MixinArgumentDecorator object at 0xffff976866e0>, verb_extension=<colcon_core.verb.build.BuildVerb object at 0xffff97813670>, main=<bound method BuildVerb.main of <colcon_core.verb.build.BuildVerb object at 0xffff97813670>>, mixin_verb=('build',))
[4.775s] Level 1:colcon.colcon_core.package_discovery:discover_packages(colcon_meta) check parameters
[4.776s] Level 1:colcon.colcon_core.package_discovery:discover_packages(recursive) check parameters
[4.776s] Level 1:colcon.colcon_core.package_discovery:discover_packages(ignore) check parameters
[4.776s] Level 1:colcon.colcon_core.package_discovery:discover_packages(path) check parameters
[4.777s] Level 1:colcon.colcon_core.package_discovery:discover_packages(colcon_meta) discover
[4.777s] Level 1:colcon.colcon_core.package_discovery:discover_packages(recursive) discover
[4.777s] INFO:colcon.colcon_core.package_discovery:Crawling recursively for packages in '/home/vedant/OdriveCANControl'
[4.780s] Level 1:colcon.colcon_core.package_identification:_identify(.) by extensions ['ignore', 'ignore_ament_install']
[4.781s] Level 1:colcon.colcon_core.package_identification:_identify(.) by extension 'ignore'
[4.781s] Level 1:colcon.colcon_core.package_identification:_identify(.) by extension 'ignore_ament_install'
[4.782s] Level 1:colcon.colcon_core.package_identification:_identify(.) by extensions ['colcon_pkg']
[4.782s] Level 1:colcon.colcon_core.package_identification:_identify(.) by extension 'colcon_pkg'
[4.783s] Level 1:colcon.colcon_core.package_identification:_identify(.) by extensions ['colcon_meta']
[4.783s] Level 1:colcon.colcon_core.package_identification:_identify(.) by extension 'colcon_meta'
[4.784s] Level 1:colcon.colcon_core.package_identification:_identify(.) by extensions ['ros']
[4.784s] Level 1:colcon.colcon_core.package_identification:_identify(.) by extension 'ros'
[4.877s] Level 1:colcon.colcon_core.package_identification:_identify(.) by extensions ['cmake', 'python']
[4.877s] Level 1:colcon.colcon_core.package_identification:_identify(.) by extension 'cmake'
[4.878s] Level 1:colcon.colcon_core.package_identification:_identify(.) by extension 'python'
[4.878s] Level 1:colcon.colcon_core.package_identification:_identify(.) by extensions ['python_setup_py']
[4.880s] Level 1:colcon.colcon_core.package_identification:_identify(.) by extension 'python_setup_py'
[4.882s] Level 1:colcon.colcon_core.package_identification:_identify(build) by extensions ['ignore', 'ignore_ament_install']
[4.882s] Level 1:colcon.colcon_core.package_identification:_identify(build) by extension 'ignore'
[4.883s] Level 1:colcon.colcon_core.package_identification:_identify(build) ignored
[4.884s] Level 1:colcon.colcon_core.package_identification:_identify(install) by extensions ['ignore', 'ignore_ament_install']
[4.885s] Level 1:colcon.colcon_core.package_identification:_identify(install) by extension 'ignore'
[4.885s] Level 1:colcon.colcon_core.package_identification:_identify(install) ignored
[4.886s] Level 1:colcon.colcon_core.package_identification:_identify(log) by extensions ['ignore', 'ignore_ament_install']
[4.887s] Level 1:colcon.colcon_core.package_identification:_identify(log) by extension 'ignore'
[4.887s] Level 1:colcon.colcon_core.package_identification:_identify(log) ignored
[4.890s] Level 1:colcon.colcon_core.package_identification:_identify(src) by extensions ['ignore', 'ignore_ament_install']
[4.893s] Level 1:colcon.colcon_core.package_identification:_identify(src) by extension 'ignore'
[4.893s] Level 1:colcon.colcon_core.package_identification:_identify(src) by extension 'ignore_ament_install'
[4.894s] Level 1:colcon.colcon_core.package_identification:_identify(src) by extensions ['colcon_pkg']
[4.894s] Level 1:colcon.colcon_core.package_identification:_identify(src) by extension 'colcon_pkg'
[4.895s] Level 1:colcon.colcon_core.package_identification:_identify(src) by extensions ['colcon_meta']
[4.896s] Level 1:colcon.colcon_core.package_identification:_identify(src) by extension 'colcon_meta'
[4.899s] Level 1:colcon.colcon_core.package_identification:_identify(src) by extensions ['ros']
[4.900s] Level 1:colcon.colcon_core.package_identification:_identify(src) by extension 'ros'
[4.901s] Level 1:colcon.colcon_core.package_identification:_identify(src) by extensions ['cmake', 'python']
[4.902s] Level 1:colcon.colcon_core.package_identification:_identify(src) by extension 'cmake'
[4.903s] Level 1:colcon.colcon_core.package_identification:_identify(src) by extension 'python'
[4.904s] Level 1:colcon.colcon_core.package_identification:_identify(src) by extensions ['python_setup_py']
[4.904s] Level 1:colcon.colcon_core.package_identification:_identify(src) by extension 'python_setup_py'
[4.906s] Level 1:colcon.colcon_core.package_identification:_identify(src/build) by extensions ['ignore', 'ignore_ament_install']
[4.908s] Level 1:colcon.colcon_core.package_identification:_identify(src/build) by extension 'ignore'
[4.910s] Level 1:colcon.colcon_core.package_identification:_identify(src/build) ignored
[4.911s] Level 1:colcon.colcon_core.package_identification:_identify(src/controller) by extensions ['ignore', 'ignore_ament_install']
[4.914s] Level 1:colcon.colcon_core.package_identification:_identify(src/controller) by extension 'ignore'
[4.914s] Level 1:colcon.colcon_core.package_identification:_identify(src/controller) by extension 'ignore_ament_install'
[4.915s] Level 1:colcon.colcon_core.package_identification:_identify(src/controller) by extensions ['colcon_pkg']
[4.915s] Level 1:colcon.colcon_core.package_identification:_identify(src/controller) by extension 'colcon_pkg'
[4.916s] Level 1:colcon.colcon_core.package_identification:_identify(src/controller) by extensions ['colcon_meta']
[4.916s] Level 1:colcon.colcon_core.package_identification:_identify(src/controller) by extension 'colcon_meta'
[4.916s] Level 1:colcon.colcon_core.package_identification:_identify(src/controller) by extensions ['ros']
[4.917s] Level 1:colcon.colcon_core.package_identification:_identify(src/controller) by extension 'ros'
[4.940s] DEBUG:colcon.colcon_core.package_identification:Package 'src/controller' with type 'ros.ament_python' and name 'controller'
[4.943s] Level 1:colcon.colcon_core.package_identification:_identify(src/custom_msgs) by extensions ['ignore', 'ignore_ament_install']
[4.943s] Level 1:colcon.colcon_core.package_identification:_identify(src/custom_msgs) by extension 'ignore'
[4.944s] Level 1:colcon.colcon_core.package_identification:_identify(src/custom_msgs) by extension 'ignore_ament_install'
[4.946s] Level 1:colcon.colcon_core.package_identification:_identify(src/custom_msgs) by extensions ['colcon_pkg']
[4.947s] Level 1:colcon.colcon_core.package_identification:_identify(src/custom_msgs) by extension 'colcon_pkg'
[4.947s] Level 1:colcon.colcon_core.package_identification:_identify(src/custom_msgs) by extensions ['colcon_meta']
[4.947s] Level 1:colcon.colcon_core.package_identification:_identify(src/custom_msgs) by extension 'colcon_meta'
[4.947s] Level 1:colcon.colcon_core.package_identification:_identify(src/custom_msgs) by extensions ['ros']
[4.948s] Level 1:colcon.colcon_core.package_identification:_identify(src/custom_msgs) by extension 'ros'
[4.957s] DEBUG:colcon.colcon_core.package_identification:Package 'src/custom_msgs' with type 'ros.ament_cmake' and name 'custom_msgs'
[4.958s] Level 1:colcon.colcon_core.package_identification:_identify(src/data_logging) by extensions ['ignore', 'ignore_ament_install']
[4.960s] Level 1:colcon.colcon_core.package_identification:_identify(src/data_logging) by extension 'ignore'
[4.960s] Level 1:colcon.colcon_core.package_identification:_identify(src/data_logging) by extension 'ignore_ament_install'
[4.961s] Level 1:colcon.colcon_core.package_identification:_identify(src/data_logging) by extensions ['colcon_pkg']
[4.963s] Level 1:colcon.colcon_core.package_identification:_identify(src/data_logging) by extension 'colcon_pkg'
[4.964s] Level 1:colcon.colcon_core.package_identification:_identify(src/data_logging) by extensions ['colcon_meta']
[4.964s] Level 1:colcon.colcon_core.package_identification:_identify(src/data_logging) by extension 'colcon_meta'
[4.966s] Level 1:colcon.colcon_core.package_identification:_identify(src/data_logging) by extensions ['ros']
[4.968s] Level 1:colcon.colcon_core.package_identification:_identify(src/data_logging) by extension 'ros'
[4.974s] DEBUG:colcon.colcon_core.package_identification:Package 'src/data_logging' with type 'ros.ament_python' and name 'data_logging'
[4.975s] Level 1:colcon.colcon_core.package_identification:_identify(src/encoder) by extensions ['ignore', 'ignore_ament_install']
[4.976s] Level 1:colcon.colcon_core.package_identification:_identify(src/encoder) by extension 'ignore'
[4.976s] Level 1:colcon.colcon_core.package_identification:_identify(src/encoder) by extension 'ignore_ament_install'
[4.977s] Level 1:colcon.colcon_core.package_identification:_identify(src/encoder) by extensions ['colcon_pkg']
[4.977s] Level 1:colcon.colcon_core.package_identification:_identify(src/encoder) by extension 'colcon_pkg'
[4.978s] Level 1:colcon.colcon_core.package_identification:_identify(src/encoder) by extensions ['colcon_meta']
[4.979s] Level 1:colcon.colcon_core.package_identification:_identify(src/encoder) by extension 'colcon_meta'
[4.980s] Level 1:colcon.colcon_core.package_identification:_identify(src/encoder) by extensions ['ros']
[4.980s] Level 1:colcon.colcon_core.package_identification:_identify(src/encoder) by extension 'ros'
[4.990s] DEBUG:colcon.colcon_core.package_identification:Package 'src/encoder' with type 'ros.ament_python' and name 'encoder'
[4.993s] Level 1:colcon.colcon_core.package_identification:_identify(src/install) by extensions ['ignore', 'ignore_ament_install']
[4.994s] Level 1:colcon.colcon_core.package_identification:_identify(src/install) by extension 'ignore'
[4.994s] Level 1:colcon.colcon_core.package_identification:_identify(src/install) ignored
[5.000s] Level 1:colcon.colcon_core.package_identification:_identify(src/log) by extensions ['ignore', 'ignore_ament_install']
[5.000s] Level 1:colcon.colcon_core.package_identification:_identify(src/log) by extension 'ignore'
[5.001s] Level 1:colcon.colcon_core.package_identification:_identify(src/log) ignored
[5.003s] Level 1:colcon.colcon_core.package_identification:_identify(src/odrive_control_py) by extensions ['ignore', 'ignore_ament_install']
[5.004s] Level 1:colcon.colcon_core.package_identification:_identify(src/odrive_control_py) by extension 'ignore'
[5.004s] Level 1:colcon.colcon_core.package_identification:_identify(src/odrive_control_py) by extension 'ignore_ament_install'
[5.006s] Level 1:colcon.colcon_core.package_identification:_identify(src/odrive_control_py) by extensions ['colcon_pkg']
[5.008s] Level 1:colcon.colcon_core.package_identification:_identify(src/odrive_control_py) by extension 'colcon_pkg'
[5.010s] Level 1:colcon.colcon_core.package_identification:_identify(src/odrive_control_py) by extensions ['colcon_meta']
[5.010s] Level 1:colcon.colcon_core.package_identification:_identify(src/odrive_control_py) by extension 'colcon_meta'
[5.011s] Level 1:colcon.colcon_core.package_identification:_identify(src/odrive_control_py) by extensions ['ros']
[5.012s] Level 1:colcon.colcon_core.package_identification:_identify(src/odrive_control_py) by extension 'ros'
[5.017s] DEBUG:colcon.colcon_core.package_identification:Package 'src/odrive_control_py' with type 'ros.ament_python' and name 'odrive_control_py'
[5.019s] Level 1:colcon.colcon_core.package_identification:_identify(src/robot_launch) by extensions ['ignore', 'ignore_ament_install']
[5.020s] Level 1:colcon.colcon_core.package_identification:_identify(src/robot_launch) by extension 'ignore'
[5.021s] Level 1:colcon.colcon_core.package_identification:_identify(src/robot_launch) by extension 'ignore_ament_install'
[5.023s] Level 1:colcon.colcon_core.package_identification:_identify(src/robot_launch) by extensions ['colcon_pkg']
[5.023s] Level 1:colcon.colcon_core.package_identification:_identify(src/robot_launch) by extension 'colcon_pkg'
[5.024s] Level 1:colcon.colcon_core.package_identification:_identify(src/robot_launch) by extensions ['colcon_meta']
[5.024s] Level 1:colcon.colcon_core.package_identification:_identify(src/robot_launch) by extension 'colcon_meta'
[5.027s] Level 1:colcon.colcon_core.package_identification:_identify(src/robot_launch) by extensions ['ros']
[5.028s] Level 1:colcon.colcon_core.package_identification:_identify(src/robot_launch) by extension 'ros'
[5.036s] DEBUG:colcon.colcon_core.package_identification:Package 'src/robot_launch' with type 'ros.ament_cmake' and name 'robot_launch'
[5.036s] Level 1:colcon.colcon_core.package_discovery:discover_packages(recursive) using defaults
[5.036s] Level 1:colcon.colcon_core.package_discovery:discover_packages(ignore) discover
[5.037s] Level 1:colcon.colcon_core.package_discovery:discover_packages(ignore) using defaults
[5.037s] Level 1:colcon.colcon_core.package_discovery:discover_packages(path) discover
[5.037s] Level 1:colcon.colcon_core.package_discovery:discover_packages(path) using defaults
[5.254s] INFO:colcon.colcon_core.package_selection:Skipping not selected package 'data_logging' in 'src/data_logging'
[5.254s] INFO:colcon.colcon_core.package_selection:Skipping not selected package 'encoder' in 'src/encoder'
[5.254s] INFO:colcon.colcon_core.package_selection:Skipping not selected package 'controller' in 'src/controller'
[5.255s] INFO:colcon.colcon_core.package_selection:Skipping not selected package 'odrive_control_py' in 'src/odrive_control_py'
[5.255s] INFO:colcon.colcon_core.package_selection:Skipping not selected package 'robot_launch' in 'src/robot_launch'
[5.261s] Level 1:colcon.colcon_core.package_discovery:discover_packages(prefix_path) check parameters
[5.261s] Level 1:colcon.colcon_core.package_discovery:discover_packages(prefix_path) discover
[5.272s] WARNING:colcon.colcon_ros.prefix_path.ament:The path '/home/vedant/OdriveCANControl/install/odrive_control_py' in the environment variable AMENT_PREFIX_PATH doesn't exist
[5.274s] WARNING:colcon.colcon_ros.prefix_path.ament:The path '/home/vedant/OdriveCANControl/install/data_logging' in the environment variable AMENT_PREFIX_PATH doesn't exist
[5.276s] WARNING:colcon.colcon_ros.prefix_path.ament:The path '/home/vedant/OdriveCANControl/install/robot_launch' in the environment variable AMENT_PREFIX_PATH doesn't exist
[5.282s] WARNING:colcon.colcon_ros.prefix_path.ament:The path '/home/vedant/OdriveCANControl/install/encoder' in the environment variable AMENT_PREFIX_PATH doesn't exist
[5.284s] WARNING:colcon.colcon_ros.prefix_path.ament:The path '/home/vedant/OdriveCANControl/src/install/controller' in the environment variable AMENT_PREFIX_PATH doesn't exist
[5.285s] WARNING:colcon.colcon_ros.prefix_path.ament:The path '/home/vedant/OdriveCANControl/src/install/custom_msgs' in the environment variable AMENT_PREFIX_PATH doesn't exist
[5.294s] WARNING:colcon.colcon_ros.prefix_path.ament:The path '/home/vedant/OdriveCANControl/install/controller' in the environment variable AMENT_PREFIX_PATH doesn't exist
[5.299s] WARNING:colcon.colcon_ros.prefix_path.ament:The path '/home/vedant/OdriveCANControl/install/custom_msgs' in the environment variable AMENT_PREFIX_PATH doesn't exist
[5.300s] WARNING:colcon.colcon_ros.prefix_path.catkin:The path '/home/vedant/OdriveCANControl/install/robot_launch' in the environment variable CMAKE_PREFIX_PATH doesn't exist
[5.301s] WARNING:colcon.colcon_ros.prefix_path.catkin:The path '/home/vedant/OdriveCANControl/src/install/custom_msgs' in the environment variable CMAKE_PREFIX_PATH doesn't exist
[5.301s] WARNING:colcon.colcon_ros.prefix_path.catkin:The path '/home/vedant/OdriveCANControl/install/custom_msgs' in the environment variable CMAKE_PREFIX_PATH doesn't exist
[5.311s] DEBUG:colcon.colcon_installed_package_information.package_discovery:Found 0 installed packages in /home/vedant/OdriveCANControl/install
[5.317s] DEBUG:colcon.colcon_installed_package_information.package_discovery:Found 2 installed packages in /home/vedant/OdriveCANControl/src/install
[5.330s] DEBUG:colcon.colcon_installed_package_information.package_discovery:Found 189 installed packages in /opt/ros/humble
[5.348s] Level 1:colcon.colcon_core.package_discovery:discover_packages(prefix_path) using defaults
[5.930s] Level 5:colcon.colcon_core.verb:set package 'custom_msgs' build argument 'cmake_args' from command line to 'None'
[5.930s] Level 5:colcon.colcon_core.verb:set package 'custom_msgs' build argument 'cmake_target' from command line to 'None'
[5.930s] Level 5:colcon.colcon_core.verb:set package 'custom_msgs' build argument 'cmake_target_skip_unavailable' from command line to 'False'
[5.931s] Level 5:colcon.colcon_core.verb:set package 'custom_msgs' build argument 'cmake_clean_cache' from command line to 'False'
[5.932s] Level 5:colcon.colcon_core.verb:set package 'custom_msgs' build argument 'cmake_clean_first' from command line to 'False'
[5.933s] Level 5:colcon.colcon_core.verb:set package 'custom_msgs' build argument 'cmake_force_configure' from command line to 'False'
[5.933s] Level 5:colcon.colcon_core.verb:set package 'custom_msgs' build argument 'ament_cmake_args' from command line to 'None'
[5.934s] Level 5:colcon.colcon_core.verb:set package 'custom_msgs' build argument 'catkin_cmake_args' from command line to 'None'
[5.935s] Level 5:colcon.colcon_core.verb:set package 'custom_msgs' build argument 'catkin_skip_building_tests' from command line to 'False'
[5.935s] DEBUG:colcon.colcon_core.verb:Building package 'custom_msgs' with the following arguments: {'ament_cmake_args': None, 'build_base': '/home/vedant/OdriveCANControl/build/custom_msgs', 'catkin_cmake_args': None, 'catkin_skip_building_tests': False, 'cmake_args': None, 'cmake_clean_cache': False, 'cmake_clean_first': False, 'cmake_force_configure': False, 'cmake_target': None, 'cmake_target_skip_unavailable': False, 'install_base': '/home/vedant/OdriveCANControl/install/custom_msgs', 'merge_install': False, 'path': '/home/vedant/OdriveCANControl/src/custom_msgs', 'symlink_install': False, 'test_result_base': None}
[5.936s] INFO:colcon.colcon_core.executor:Executing jobs using 'parallel' executor
[5.946s] DEBUG:colcon.colcon_parallel_executor.executor.parallel:run_until_complete
[5.947s] INFO:colcon.colcon_ros.task.ament_cmake.build:Building ROS package in '/home/vedant/OdriveCANControl/src/custom_msgs' with build type 'ament_cmake'
[5.948s] INFO:colcon.colcon_cmake.task.cmake.build:Building CMake package in '/home/vedant/OdriveCANControl/src/custom_msgs'
[5.977s] INFO:colcon.colcon_core.plugin_system:Skipping extension 'colcon_core.shell.bat': Not used on non-Windows systems
[5.978s] INFO:colcon.colcon_core.shell:Skip shell extension 'powershell' for command environment: Not usable outside of PowerShell
[5.979s] DEBUG:colcon.colcon_core.shell:Skip shell extension 'dsv' for command environment
[6.050s] DEBUG:colcon.colcon_core.event_handler.log_command:Invoking command in '/home/vedant/OdriveCANControl/build/custom_msgs': CMAKE_PREFIX_PATH=${CMAKE_PREFIX_PATH}:/home/vedant/OdriveCANControl/install/odrive_control_py:/home/vedant/OdriveCANControl/install/data_logging:/home/vedant/OdriveCANControl/install/encoder:/home/vedant/OdriveCANControl/src/install/controller:/home/vedant/OdriveCANControl/src/install/encoder:/home/vedant/OdriveCANControl/install/controller:/opt/ros/humble /usr/bin/cmake /home/vedant/OdriveCANControl/src/custom_msgs -DCMAKE_INSTALL_PREFIX=/home/vedant/OdriveCANControl/install/custom_msgs
[29.564s] DEBUG:colcon.colcon_core.event_handler.log_command:Invoked command in '/home/vedant/OdriveCANControl/build/custom_msgs' returned '0': CMAKE_PREFIX_PATH=${CMAKE_PREFIX_PATH}:/home/vedant/OdriveCANControl/install/odrive_control_py:/home/vedant/OdriveCANControl/install/data_logging:/home/vedant/OdriveCANControl/install/encoder:/home/vedant/OdriveCANControl/src/install/controller:/home/vedant/OdriveCANControl/src/install/encoder:/home/vedant/OdriveCANControl/install/controller:/opt/ros/humble /usr/bin/cmake /home/vedant/OdriveCANControl/src/custom_msgs -DCMAKE_INSTALL_PREFIX=/home/vedant/OdriveCANControl/install/custom_msgs
[29.568s] DEBUG:colcon.colcon_core.event_handler.log_command:Invoking command in '/home/vedant/OdriveCANControl/build/custom_msgs': CMAKE_PREFIX_PATH=${CMAKE_PREFIX_PATH}:/home/vedant/OdriveCANControl/install/odrive_control_py:/home/vedant/OdriveCANControl/install/data_logging:/home/vedant/OdriveCANControl/install/encoder:/home/vedant/OdriveCANControl/src/install/controller:/home/vedant/OdriveCANControl/src/install/encoder:/home/vedant/OdriveCANControl/install/controller:/opt/ros/humble /usr/bin/cmake --build /home/vedant/OdriveCANControl/build/custom_msgs -- -j4 -l4
[146.473s] DEBUG:colcon.colcon_core.event_handler.log_command:Invoked command in '/home/vedant/OdriveCANControl/build/custom_msgs' returned '0': CMAKE_PREFIX_PATH=${CMAKE_PREFIX_PATH}:/home/vedant/OdriveCANControl/install/odrive_control_py:/home/vedant/OdriveCANControl/install/data_logging:/home/vedant/OdriveCANControl/install/encoder:/home/vedant/OdriveCANControl/src/install/controller:/home/vedant/OdriveCANControl/src/install/encoder:/home/vedant/OdriveCANControl/install/controller:/opt/ros/humble /usr/bin/cmake --build /home/vedant/OdriveCANControl/build/custom_msgs -- -j4 -l4
[146.601s] DEBUG:colcon.colcon_core.event_handler.log_command:Invoking command in '/home/vedant/OdriveCANControl/build/custom_msgs': CMAKE_PREFIX_PATH=${CMAKE_PREFIX_PATH}:/home/vedant/OdriveCANControl/install/odrive_control_py:/home/vedant/OdriveCANControl/install/data_logging:/home/vedant/OdriveCANControl/install/encoder:/home/vedant/OdriveCANControl/src/install/controller:/home/vedant/OdriveCANControl/src/install/encoder:/home/vedant/OdriveCANControl/install/controller:/opt/ros/humble /usr/bin/cmake --install /home/vedant/OdriveCANControl/build/custom_msgs
[147.901s] Level 1:colcon.colcon_core.environment:create_environment_scripts_only(custom_msgs)
[147.904s] DEBUG:colcon.colcon_core.event_handler.log_command:Invoked command in '/home/vedant/OdriveCANControl/build/custom_msgs' returned '0': CMAKE_PREFIX_PATH=${CMAKE_PREFIX_PATH}:/home/vedant/OdriveCANControl/install/odrive_control_py:/home/vedant/OdriveCANControl/install/data_logging:/home/vedant/OdriveCANControl/install/encoder:/home/vedant/OdriveCANControl/src/install/controller:/home/vedant/OdriveCANControl/src/install/encoder:/home/vedant/OdriveCANControl/install/controller:/opt/ros/humble /usr/bin/cmake --install /home/vedant/OdriveCANControl/build/custom_msgs
[147.926s] Level 1:colcon.colcon_core.environment:checking '/home/vedant/OdriveCANControl/install/custom_msgs' for CMake module files
[147.935s] Level 1:colcon.colcon_core.environment:checking '/home/vedant/OdriveCANControl/install/custom_msgs' for CMake config files
[147.946s] Level 1:colcon.colcon_core.shell:create_environment_hook('custom_msgs', 'cmake_prefix_path')
[147.947s] INFO:colcon.colcon_core.shell:Creating environment hook '/home/vedant/OdriveCANControl/install/custom_msgs/share/custom_msgs/hook/cmake_prefix_path.ps1'
[147.953s] INFO:colcon.colcon_core.shell:Creating environment descriptor '/home/vedant/OdriveCANControl/install/custom_msgs/share/custom_msgs/hook/cmake_prefix_path.dsv'
[147.956s] INFO:colcon.colcon_core.shell:Creating environment hook '/home/vedant/OdriveCANControl/install/custom_msgs/share/custom_msgs/hook/cmake_prefix_path.sh'
[147.964s] Level 1:colcon.colcon_core.environment:checking '/home/vedant/OdriveCANControl/install/custom_msgs/lib'
[147.965s] Level 1:colcon.colcon_core.shell:create_environment_hook('custom_msgs', 'ld_library_path_lib')
[147.966s] INFO:colcon.colcon_core.shell:Creating environment hook '/home/vedant/OdriveCANControl/install/custom_msgs/share/custom_msgs/hook/ld_library_path_lib.ps1'
[147.972s] INFO:colcon.colcon_core.shell:Creating environment descriptor '/home/vedant/OdriveCANControl/install/custom_msgs/share/custom_msgs/hook/ld_library_path_lib.dsv'
[147.975s] INFO:colcon.colcon_core.shell:Creating environment hook '/home/vedant/OdriveCANControl/install/custom_msgs/share/custom_msgs/hook/ld_library_path_lib.sh'
[147.980s] Level 1:colcon.colcon_core.environment:checking '/home/vedant/OdriveCANControl/install/custom_msgs/bin'
[147.982s] Level 1:colcon.colcon_core.environment:checking '/home/vedant/OdriveCANControl/install/custom_msgs/lib/pkgconfig/custom_msgs.pc'
[147.984s] Level 1:colcon.colcon_core.environment:checking '/home/vedant/OdriveCANControl/install/custom_msgs/lib/python3.10/site-packages'
[147.985s] Level 1:colcon.colcon_core.environment:checking '/home/vedant/OdriveCANControl/install/custom_msgs/bin'
[147.988s] INFO:colcon.colcon_core.shell:Creating package script '/home/vedant/OdriveCANControl/install/custom_msgs/share/custom_msgs/package.ps1'
[148.000s] INFO:colcon.colcon_core.shell:Creating package descriptor '/home/vedant/OdriveCANControl/install/custom_msgs/share/custom_msgs/package.dsv'
[148.004s] INFO:colcon.colcon_core.shell:Creating package script '/home/vedant/OdriveCANControl/install/custom_msgs/share/custom_msgs/package.sh'
[148.012s] INFO:colcon.colcon_core.shell:Creating package script '/home/vedant/OdriveCANControl/install/custom_msgs/share/custom_msgs/package.bash'
[148.023s] INFO:colcon.colcon_core.shell:Creating package script '/home/vedant/OdriveCANControl/install/custom_msgs/share/custom_msgs/package.zsh'
[148.033s] Level 1:colcon.colcon_core.environment:create_file_with_runtime_dependencies(/home/vedant/OdriveCANControl/install/custom_msgs/share/colcon-core/packages/custom_msgs)
[148.042s] Level 1:colcon.colcon_core.environment:create_environment_scripts_only(custom_msgs)
[148.043s] Level 1:colcon.colcon_core.environment:checking '/home/vedant/OdriveCANControl/install/custom_msgs' for CMake module files
[148.050s] Level 1:colcon.colcon_core.environment:checking '/home/vedant/OdriveCANControl/install/custom_msgs' for CMake config files
[148.058s] Level 1:colcon.colcon_core.shell:create_environment_hook('custom_msgs', 'cmake_prefix_path')
[148.062s] INFO:colcon.colcon_core.shell:Creating environment hook '/home/vedant/OdriveCANControl/install/custom_msgs/share/custom_msgs/hook/cmake_prefix_path.ps1'
[148.065s] INFO:colcon.colcon_core.shell:Creating environment descriptor '/home/vedant/OdriveCANControl/install/custom_msgs/share/custom_msgs/hook/cmake_prefix_path.dsv'
[148.070s] INFO:colcon.colcon_core.shell:Creating environment hook '/home/vedant/OdriveCANControl/install/custom_msgs/share/custom_msgs/hook/cmake_prefix_path.sh'
[148.074s] Level 1:colcon.colcon_core.environment:checking '/home/vedant/OdriveCANControl/install/custom_msgs/lib'
[148.075s] Level 1:colcon.colcon_core.shell:create_environment_hook('custom_msgs', 'ld_library_path_lib')
[148.077s] INFO:colcon.colcon_core.shell:Creating environment hook '/home/vedant/OdriveCANControl/install/custom_msgs/share/custom_msgs/hook/ld_library_path_lib.ps1'
[148.084s] INFO:colcon.colcon_core.shell:Creating environment descriptor '/home/vedant/OdriveCANControl/install/custom_msgs/share/custom_msgs/hook/ld_library_path_lib.dsv'
[148.087s] INFO:colcon.colcon_core.shell:Creating environment hook '/home/vedant/OdriveCANControl/install/custom_msgs/share/custom_msgs/hook/ld_library_path_lib.sh'
[148.094s] Level 1:colcon.colcon_core.environment:checking '/home/vedant/OdriveCANControl/install/custom_msgs/bin'
[148.094s] Level 1:colcon.colcon_core.environment:checking '/home/vedant/OdriveCANControl/install/custom_msgs/lib/pkgconfig/custom_msgs.pc'
[148.096s] Level 1:colcon.colcon_core.environment:checking '/home/vedant/OdriveCANControl/install/custom_msgs/lib/python3.10/site-packages'
[148.098s] Level 1:colcon.colcon_core.environment:checking '/home/vedant/OdriveCANControl/install/custom_msgs/bin'
[148.102s] INFO:colcon.colcon_core.shell:Creating package script '/home/vedant/OdriveCANControl/install/custom_msgs/share/custom_msgs/package.ps1'
[148.106s] INFO:colcon.colcon_core.shell:Creating package descriptor '/home/vedant/OdriveCANControl/install/custom_msgs/share/custom_msgs/package.dsv'
[148.112s] INFO:colcon.colcon_core.shell:Creating package script '/home/vedant/OdriveCANControl/install/custom_msgs/share/custom_msgs/package.sh'
[148.116s] INFO:colcon.colcon_core.shell:Creating package script '/home/vedant/OdriveCANControl/install/custom_msgs/share/custom_msgs/package.bash'
[148.121s] INFO:colcon.colcon_core.shell:Creating package script '/home/vedant/OdriveCANControl/install/custom_msgs/share/custom_msgs/package.zsh'
[148.125s] Level 1:colcon.colcon_core.environment:create_file_with_runtime_dependencies(/home/vedant/OdriveCANControl/install/custom_msgs/share/colcon-core/packages/custom_msgs)
[148.132s] DEBUG:colcon.colcon_parallel_executor.executor.parallel:closing loop
[148.135s] DEBUG:colcon.colcon_parallel_executor.executor.parallel:loop closed
[148.136s] DEBUG:colcon.colcon_parallel_executor.executor.parallel:run_until_complete finished with '0'
[148.136s] DEBUG:colcon.colcon_core.event_reactor:joining thread
[148.188s] INFO:colcon.colcon_core.plugin_system:Skipping extension 'colcon_notification.desktop_notification.terminal_notifier': Not used on non-Darwin systems
[148.192s] INFO:colcon.colcon_core.plugin_system:Skipping extension 'colcon_notification.desktop_notification.win32': Not used on non-Windows systems
[148.193s] INFO:colcon.colcon_notification.desktop_notification:Sending desktop notification using 'notify2'
[148.289s] DEBUG:colcon.colcon_core.event_reactor:joined thread
[148.290s] INFO:colcon.colcon_core.shell:Creating prefix script '/home/vedant/OdriveCANControl/install/local_setup.ps1'
[148.298s] INFO:colcon.colcon_core.shell:Creating prefix util module '/home/vedant/OdriveCANControl/install/_local_setup_util_ps1.py'
[148.316s] INFO:colcon.colcon_core.shell:Creating prefix chain script '/home/vedant/OdriveCANControl/install/setup.ps1'
[148.333s] INFO:colcon.colcon_core.shell:Creating prefix script '/home/vedant/OdriveCANControl/install/local_setup.sh'
[148.338s] INFO:colcon.colcon_core.shell:Creating prefix util module '/home/vedant/OdriveCANControl/install/_local_setup_util_sh.py'
[148.346s] INFO:colcon.colcon_core.shell:Creating prefix chain script '/home/vedant/OdriveCANControl/install/setup.sh'
[148.360s] INFO:colcon.colcon_core.shell:Creating prefix script '/home/vedant/OdriveCANControl/install/local_setup.bash'
[148.366s] INFO:colcon.colcon_core.shell:Creating prefix chain script '/home/vedant/OdriveCANControl/install/setup.bash'
[148.377s] INFO:colcon.colcon_core.shell:Creating prefix script '/home/vedant/OdriveCANControl/install/local_setup.zsh'
[148.389s] INFO:colcon.colcon_core.shell:Creating prefix chain script '/home/vedant/OdriveCANControl/install/setup.zsh'
