[0.008s] Invoking command in '/home/vedant/gaitlab_ws/OdriveCANControl/build/odrive_control_cpp': CMAKE_PREFIX_PATH=/opt/ros/humble /usr/bin/cmake /home/vedant/gaitlab_ws/OdriveCANControl/src/odrive_control_cpp -DCMAKE_INSTALL_PREFIX=/home/vedant/gaitlab_ws/OdriveCANControl/install/odrive_control_cpp
[0.214s] -- The C compiler identification is GNU 11.4.0
[0.937s] -- The CXX compiler identification is GNU 11.4.0
[1.377s] -- Detecting C compiler ABI info
[1.534s] -- Detecting C compiler ABI info - done
[1.538s] -- Check for working C compiler: /usr/bin/cc - skipped
[1.539s] -- Detecting C compile features
[1.540s] -- Detecting C compile features - done
[1.543s] -- Detecting CXX compiler ABI info
[1.722s] -- Detecting CXX compiler ABI info - done
[1.726s] -- Check for working CXX compiler: /usr/bin/c++ - skipped
[1.727s] -- Detecting CXX compile features
[1.727s] -- Detecting CXX compile features - done
[1.733s] -- Found ament_cmake: 1.3.10 (/opt/ros/humble/share/ament_cmake/cmake)
[1.954s] -- Found Python3: /usr/bin/python3 (found version "3.10.12") found components: Interpreter 
[2.034s] -- Found rclcpp: 16.0.10 (/opt/ros/humble/share/rclcpp/cmake)
[2.158s] -- Found rosidl_generator_c: 3.1.5 (/opt/ros/humble/share/rosidl_generator_c/cmake)
[2.161s] -- Found rosidl_adapter: 3.1.5 (/opt/ros/humble/share/rosidl_adapter/cmake)
[2.167s] -- Found rosidl_generator_cpp: 3.1.5 (/opt/ros/humble/share/rosidl_generator_cpp/cmake)
[2.180s] -- Using all available rosidl_typesupport_c: rosidl_typesupport_fastrtps_c;rosidl_typesupport_introspection_c
[2.190s] -- Using all available rosidl_typesupport_cpp: rosidl_typesupport_fastrtps_cpp;rosidl_typesupport_introspection_cpp
[2.234s] -- Found rmw_implementation_cmake: 6.1.2 (/opt/ros/humble/share/rmw_implementation_cmake/cmake)
[2.237s] -- Found rmw_fastrtps_cpp: 6.2.7 (/opt/ros/humble/share/rmw_fastrtps_cpp/cmake)
[4.420s] -- Found OpenSSL: /usr/lib/x86_64-linux-gnu/libcrypto.so (found version "3.0.2")  
[7.418s] -- Found FastRTPS: /opt/ros/humble/include  
[12.375s] -- Using RMW implementation 'rmw_fastrtps_cpp' as default
[12.389s] -- Looking for pthread.h
[12.611s] -- Looking for pthread.h - found
[12.612s] -- Performing Test CMAKE_HAVE_LIBC_PTHREAD
[12.761s] -- Performing Test CMAKE_HAVE_LIBC_PTHREAD - Success
[12.762s] -- Found Threads: TRUE  
[14.595s] [31mCMake Error at CMakeLists.txt:12 (find_package):
[14.596s]   By not providing "Findodrive_can.cmake" in CMAKE_MODULE_PATH this project
[14.596s]   has asked CMake to find a package configuration file provided by
[14.596s]   "odrive_can", but CMake did not find one.
[14.596s] 
[14.596s]   Could not find a package configuration file provided by "odrive_can" with
[14.596s]   any of the following names:
[14.596s] 
[14.596s]     odrive_canConfig.cmake
[14.596s]     odrive_can-config.cmake
[14.596s] 
[14.596s]   Add the installation prefix of "odrive_can" to CMAKE_PREFIX_PATH or set
[14.596s]   "odrive_can_DIR" to a directory containing one of the above files.  If
[14.596s]   "odrive_can" provides a separate development package or SDK, be sure it has
[14.596s]   been installed.
[14.596s] 
[14.596s] [0m
[14.596s] -- Configuring incomplete, errors occurred!
[14.596s] See also "/home/vedant/gaitlab_ws/OdriveCANControl/build/odrive_control_cpp/CMakeFiles/CMakeOutput.log".
[14.601s] Invoked command in '/home/vedant/gaitlab_ws/OdriveCANControl/build/odrive_control_cpp' returned '1': CMAKE_PREFIX_PATH=/opt/ros/humble /usr/bin/cmake /home/vedant/gaitlab_ws/OdriveCANControl/src/odrive_control_cpp -DCMAKE_INSTALL_PREFIX=/home/vedant/gaitlab_ws/OdriveCANControl/install/odrive_control_cpp
