[0.478s] DEBUG:colcon:Command line arguments: ['/usr/bin/colcon', 'build', '--packages-select', 'controller', 'robot_launch']
[0.478s] DEBUG:colcon:Parsed command line arguments: Namespace(log_base=None, log_level=None, verb_name='build', build_base='build', install_base='install', merge_install=False, symlink_install=False, test_result_base=None, continue_on_error=False, executor='parallel', parallel_workers=4, event_handlers=None, ignore_user_meta=False, metas=['./colcon.meta'], base_paths=['.'], packages_ignore=None, packages_ignore_regex=None, paths=None, packages_up_to=None, packages_up_to_regex=None, packages_above=None, packages_above_and_dependencies=None, packages_above_depth=None, packages_select_by_dep=None, packages_skip_by_dep=None, packages_skip_up_to=None, packages_select_build_failed=False, packages_skip_build_finished=False, packages_select_test_failures=False, packages_skip_test_passed=False, packages_select=['controller', 'robot_launch'], packages_skip=None, packages_select_regex=None, packages_skip_regex=None, packages_start=None, packages_end=None, allow_overriding=[], cmake_args=None, cmake_target=None, cmake_target_skip_unavailable=False, cmake_clean_cache=False, cmake_clean_first=False, cmake_force_configure=False, ament_cmake_args=None, catkin_cmake_args=None, catkin_skip_building_tests=False, mixin_files=None, mixin=None, verb_parser=<colcon_mixin.mixin.mixin_argument.MixinArgumentDecorator object at 0xffff7fa1cd30>, verb_extension=<colcon_core.verb.build.BuildVerb object at 0xffff7fbb5c30>, main=<bound method BuildVerb.main of <colcon_core.verb.build.BuildVerb object at 0xffff7fbb5c30>>, mixin_verb=('build',))
[1.287s] Level 1:colcon.colcon_core.package_discovery:discover_packages(colcon_meta) check parameters
[1.288s] Level 1:colcon.colcon_core.package_discovery:discover_packages(recursive) check parameters
[1.288s] Level 1:colcon.colcon_core.package_discovery:discover_packages(ignore) check parameters
[1.288s] Level 1:colcon.colcon_core.package_discovery:discover_packages(path) check parameters
[1.288s] Level 1:colcon.colcon_core.package_discovery:discover_packages(colcon_meta) discover
[1.289s] Level 1:colcon.colcon_core.package_discovery:discover_packages(recursive) discover
[1.289s] INFO:colcon.colcon_core.package_discovery:Crawling recursively for packages in '/home/vedant/OdriveCANControl'
[1.290s] Level 1:colcon.colcon_core.package_identification:_identify(.) by extensions ['ignore', 'ignore_ament_install']
[1.290s] Level 1:colcon.colcon_core.package_identification:_identify(.) by extension 'ignore'
[1.290s] Level 1:colcon.colcon_core.package_identification:_identify(.) by extension 'ignore_ament_install'
[1.290s] Level 1:colcon.colcon_core.package_identification:_identify(.) by extensions ['colcon_pkg']
[1.291s] Level 1:colcon.colcon_core.package_identification:_identify(.) by extension 'colcon_pkg'
[1.291s] Level 1:colcon.colcon_core.package_identification:_identify(.) by extensions ['colcon_meta']
[1.291s] Level 1:colcon.colcon_core.package_identification:_identify(.) by extension 'colcon_meta'
[1.291s] Level 1:colcon.colcon_core.package_identification:_identify(.) by extensions ['ros']
[1.291s] Level 1:colcon.colcon_core.package_identification:_identify(.) by extension 'ros'
[1.340s] Level 1:colcon.colcon_core.package_identification:_identify(.) by extensions ['cmake', 'python']
[1.340s] Level 1:colcon.colcon_core.package_identification:_identify(.) by extension 'cmake'
[1.340s] Level 1:colcon.colcon_core.package_identification:_identify(.) by extension 'python'
[1.341s] Level 1:colcon.colcon_core.package_identification:_identify(.) by extensions ['python_setup_py']
[1.341s] Level 1:colcon.colcon_core.package_identification:_identify(.) by extension 'python_setup_py'
[1.341s] Level 1:colcon.colcon_core.package_identification:_identify(build) by extensions ['ignore', 'ignore_ament_install']
[1.342s] Level 1:colcon.colcon_core.package_identification:_identify(build) by extension 'ignore'
[1.342s] Level 1:colcon.colcon_core.package_identification:_identify(build) ignored
[1.343s] Level 1:colcon.colcon_core.package_identification:_identify(install) by extensions ['ignore', 'ignore_ament_install']
[1.343s] Level 1:colcon.colcon_core.package_identification:_identify(install) by extension 'ignore'
[1.343s] Level 1:colcon.colcon_core.package_identification:_identify(install) ignored
[1.344s] Level 1:colcon.colcon_core.package_identification:_identify(log) by extensions ['ignore', 'ignore_ament_install']
[1.344s] Level 1:colcon.colcon_core.package_identification:_identify(log) by extension 'ignore'
[1.345s] Level 1:colcon.colcon_core.package_identification:_identify(log) ignored
[1.345s] Level 1:colcon.colcon_core.package_identification:_identify(src) by extensions ['ignore', 'ignore_ament_install']
[1.345s] Level 1:colcon.colcon_core.package_identification:_identify(src) by extension 'ignore'
[1.346s] Level 1:colcon.colcon_core.package_identification:_identify(src) by extension 'ignore_ament_install'
[1.346s] Level 1:colcon.colcon_core.package_identification:_identify(src) by extensions ['colcon_pkg']
[1.346s] Level 1:colcon.colcon_core.package_identification:_identify(src) by extension 'colcon_pkg'
[1.346s] Level 1:colcon.colcon_core.package_identification:_identify(src) by extensions ['colcon_meta']
[1.346s] Level 1:colcon.colcon_core.package_identification:_identify(src) by extension 'colcon_meta'
[1.346s] Level 1:colcon.colcon_core.package_identification:_identify(src) by extensions ['ros']
[1.347s] Level 1:colcon.colcon_core.package_identification:_identify(src) by extension 'ros'
[1.347s] Level 1:colcon.colcon_core.package_identification:_identify(src) by extensions ['cmake', 'python']
[1.347s] Level 1:colcon.colcon_core.package_identification:_identify(src) by extension 'cmake'
[1.347s] Level 1:colcon.colcon_core.package_identification:_identify(src) by extension 'python'
[1.347s] Level 1:colcon.colcon_core.package_identification:_identify(src) by extensions ['python_setup_py']
[1.348s] Level 1:colcon.colcon_core.package_identification:_identify(src) by extension 'python_setup_py'
[1.348s] Level 1:colcon.colcon_core.package_identification:_identify(src/controller) by extensions ['ignore', 'ignore_ament_install']
[1.349s] Level 1:colcon.colcon_core.package_identification:_identify(src/controller) by extension 'ignore'
[1.349s] Level 1:colcon.colcon_core.package_identification:_identify(src/controller) by extension 'ignore_ament_install'
[1.349s] Level 1:colcon.colcon_core.package_identification:_identify(src/controller) by extensions ['colcon_pkg']
[1.349s] Level 1:colcon.colcon_core.package_identification:_identify(src/controller) by extension 'colcon_pkg'
[1.349s] Level 1:colcon.colcon_core.package_identification:_identify(src/controller) by extensions ['colcon_meta']
[1.349s] Level 1:colcon.colcon_core.package_identification:_identify(src/controller) by extension 'colcon_meta'
[1.350s] Level 1:colcon.colcon_core.package_identification:_identify(src/controller) by extensions ['ros']
[1.350s] Level 1:colcon.colcon_core.package_identification:_identify(src/controller) by extension 'ros'
[1.360s] DEBUG:colcon.colcon_core.package_identification:Package 'src/controller' with type 'ros.ament_python' and name 'controller'
[1.361s] Level 1:colcon.colcon_core.package_identification:_identify(src/custom_msgs) by extensions ['ignore', 'ignore_ament_install']
[1.361s] Level 1:colcon.colcon_core.package_identification:_identify(src/custom_msgs) by extension 'ignore'
[1.362s] Level 1:colcon.colcon_core.package_identification:_identify(src/custom_msgs) by extension 'ignore_ament_install'
[1.362s] Level 1:colcon.colcon_core.package_identification:_identify(src/custom_msgs) by extensions ['colcon_pkg']
[1.362s] Level 1:colcon.colcon_core.package_identification:_identify(src/custom_msgs) by extension 'colcon_pkg'
[1.362s] Level 1:colcon.colcon_core.package_identification:_identify(src/custom_msgs) by extensions ['colcon_meta']
[1.362s] Level 1:colcon.colcon_core.package_identification:_identify(src/custom_msgs) by extension 'colcon_meta'
[1.362s] Level 1:colcon.colcon_core.package_identification:_identify(src/custom_msgs) by extensions ['ros']
[1.363s] Level 1:colcon.colcon_core.package_identification:_identify(src/custom_msgs) by extension 'ros'
[1.365s] DEBUG:colcon.colcon_core.package_identification:Package 'src/custom_msgs' with type 'ros.ament_cmake' and name 'custom_msgs'
[1.366s] Level 1:colcon.colcon_core.package_identification:_identify(src/data_logging) by extensions ['ignore', 'ignore_ament_install']
[1.367s] Level 1:colcon.colcon_core.package_identification:_identify(src/data_logging) by extension 'ignore'
[1.367s] Level 1:colcon.colcon_core.package_identification:_identify(src/data_logging) by extension 'ignore_ament_install'
[1.368s] Level 1:colcon.colcon_core.package_identification:_identify(src/data_logging) by extensions ['colcon_pkg']
[1.368s] Level 1:colcon.colcon_core.package_identification:_identify(src/data_logging) by extension 'colcon_pkg'
[1.368s] Level 1:colcon.colcon_core.package_identification:_identify(src/data_logging) by extensions ['colcon_meta']
[1.368s] Level 1:colcon.colcon_core.package_identification:_identify(src/data_logging) by extension 'colcon_meta'
[1.368s] Level 1:colcon.colcon_core.package_identification:_identify(src/data_logging) by extensions ['ros']
[1.369s] Level 1:colcon.colcon_core.package_identification:_identify(src/data_logging) by extension 'ros'
[1.371s] DEBUG:colcon.colcon_core.package_identification:Package 'src/data_logging' with type 'ros.ament_python' and name 'data_logging'
[1.371s] Level 1:colcon.colcon_core.package_identification:_identify(src/encoder) by extensions ['ignore', 'ignore_ament_install']
[1.372s] Level 1:colcon.colcon_core.package_identification:_identify(src/encoder) by extension 'ignore'
[1.372s] Level 1:colcon.colcon_core.package_identification:_identify(src/encoder) by extension 'ignore_ament_install'
[1.372s] Level 1:colcon.colcon_core.package_identification:_identify(src/encoder) by extensions ['colcon_pkg']
[1.372s] Level 1:colcon.colcon_core.package_identification:_identify(src/encoder) by extension 'colcon_pkg'
[1.372s] Level 1:colcon.colcon_core.package_identification:_identify(src/encoder) by extensions ['colcon_meta']
[1.373s] Level 1:colcon.colcon_core.package_identification:_identify(src/encoder) by extension 'colcon_meta'
[1.373s] Level 1:colcon.colcon_core.package_identification:_identify(src/encoder) by extensions ['ros']
[1.373s] Level 1:colcon.colcon_core.package_identification:_identify(src/encoder) by extension 'ros'
[1.376s] DEBUG:colcon.colcon_core.package_identification:Package 'src/encoder' with type 'ros.ament_python' and name 'encoder'
[1.377s] Level 1:colcon.colcon_core.package_identification:_identify(src/odrive_control_py) by extensions ['ignore', 'ignore_ament_install']
[1.377s] Level 1:colcon.colcon_core.package_identification:_identify(src/odrive_control_py) by extension 'ignore'
[1.377s] Level 1:colcon.colcon_core.package_identification:_identify(src/odrive_control_py) by extension 'ignore_ament_install'
[1.378s] Level 1:colcon.colcon_core.package_identification:_identify(src/odrive_control_py) by extensions ['colcon_pkg']
[1.378s] Level 1:colcon.colcon_core.package_identification:_identify(src/odrive_control_py) by extension 'colcon_pkg'
[1.378s] Level 1:colcon.colcon_core.package_identification:_identify(src/odrive_control_py) by extensions ['colcon_meta']
[1.378s] Level 1:colcon.colcon_core.package_identification:_identify(src/odrive_control_py) by extension 'colcon_meta'
[1.378s] Level 1:colcon.colcon_core.package_identification:_identify(src/odrive_control_py) by extensions ['ros']
[1.378s] Level 1:colcon.colcon_core.package_identification:_identify(src/odrive_control_py) by extension 'ros'
[1.381s] DEBUG:colcon.colcon_core.package_identification:Package 'src/odrive_control_py' with type 'ros.ament_python' and name 'odrive_control_py'
[1.382s] Level 1:colcon.colcon_core.package_identification:_identify(src/robot_launch) by extensions ['ignore', 'ignore_ament_install']
[1.382s] Level 1:colcon.colcon_core.package_identification:_identify(src/robot_launch) by extension 'ignore'
[1.382s] Level 1:colcon.colcon_core.package_identification:_identify(src/robot_launch) by extension 'ignore_ament_install'
[1.383s] Level 1:colcon.colcon_core.package_identification:_identify(src/robot_launch) by extensions ['colcon_pkg']
[1.383s] Level 1:colcon.colcon_core.package_identification:_identify(src/robot_launch) by extension 'colcon_pkg'
[1.384s] Level 1:colcon.colcon_core.package_identification:_identify(src/robot_launch) by extensions ['colcon_meta']
[1.384s] Level 1:colcon.colcon_core.package_identification:_identify(src/robot_launch) by extension 'colcon_meta'
[1.384s] Level 1:colcon.colcon_core.package_identification:_identify(src/robot_launch) by extensions ['ros']
[1.384s] Level 1:colcon.colcon_core.package_identification:_identify(src/robot_launch) by extension 'ros'
[1.387s] DEBUG:colcon.colcon_core.package_identification:Package 'src/robot_launch' with type 'ros.ament_cmake' and name 'robot_launch'
[1.387s] Level 1:colcon.colcon_core.package_discovery:discover_packages(recursive) using defaults
[1.388s] Level 1:colcon.colcon_core.package_discovery:discover_packages(ignore) discover
[1.388s] Level 1:colcon.colcon_core.package_discovery:discover_packages(ignore) using defaults
[1.388s] Level 1:colcon.colcon_core.package_discovery:discover_packages(path) discover
[1.388s] Level 1:colcon.colcon_core.package_discovery:discover_packages(path) using defaults
[1.472s] INFO:colcon.colcon_core.package_selection:Skipping not selected package 'custom_msgs' in 'src/custom_msgs'
[1.472s] INFO:colcon.colcon_core.package_selection:Skipping not selected package 'data_logging' in 'src/data_logging'
[1.472s] INFO:colcon.colcon_core.package_selection:Skipping not selected package 'encoder' in 'src/encoder'
[1.472s] INFO:colcon.colcon_core.package_selection:Skipping not selected package 'odrive_control_py' in 'src/odrive_control_py'
[1.474s] Level 1:colcon.colcon_core.package_discovery:discover_packages(prefix_path) check parameters
[1.474s] Level 1:colcon.colcon_core.package_discovery:discover_packages(prefix_path) discover
[1.485s] DEBUG:colcon.colcon_installed_package_information.package_discovery:Found 6 installed packages in /home/vedant/OdriveCANControl/install
[1.491s] DEBUG:colcon.colcon_installed_package_information.package_discovery:Found 189 installed packages in /opt/ros/humble
[1.500s] Level 1:colcon.colcon_core.package_discovery:discover_packages(prefix_path) using defaults
[1.655s] Level 5:colcon.colcon_core.verb:set package 'controller' build argument 'cmake_args' from command line to 'None'
[1.655s] Level 5:colcon.colcon_core.verb:set package 'controller' build argument 'cmake_target' from command line to 'None'
[1.655s] Level 5:colcon.colcon_core.verb:set package 'controller' build argument 'cmake_target_skip_unavailable' from command line to 'False'
[1.655s] Level 5:colcon.colcon_core.verb:set package 'controller' build argument 'cmake_clean_cache' from command line to 'False'
[1.656s] Level 5:colcon.colcon_core.verb:set package 'controller' build argument 'cmake_clean_first' from command line to 'False'
[1.656s] Level 5:colcon.colcon_core.verb:set package 'controller' build argument 'cmake_force_configure' from command line to 'False'
[1.656s] Level 5:colcon.colcon_core.verb:set package 'controller' build argument 'ament_cmake_args' from command line to 'None'
[1.656s] Level 5:colcon.colcon_core.verb:set package 'controller' build argument 'catkin_cmake_args' from command line to 'None'
[1.656s] Level 5:colcon.colcon_core.verb:set package 'controller' build argument 'catkin_skip_building_tests' from command line to 'False'
[1.656s] DEBUG:colcon.colcon_core.verb:Building package 'controller' with the following arguments: {'ament_cmake_args': None, 'build_base': '/home/vedant/OdriveCANControl/build/controller', 'catkin_cmake_args': None, 'catkin_skip_building_tests': False, 'cmake_args': None, 'cmake_clean_cache': False, 'cmake_clean_first': False, 'cmake_force_configure': False, 'cmake_target': None, 'cmake_target_skip_unavailable': False, 'install_base': '/home/vedant/OdriveCANControl/install/controller', 'merge_install': False, 'path': '/home/vedant/OdriveCANControl/src/controller', 'symlink_install': False, 'test_result_base': None}
[1.658s] Level 5:colcon.colcon_core.verb:set package 'robot_launch' build argument 'cmake_args' from command line to 'None'
[1.658s] Level 5:colcon.colcon_core.verb:set package 'robot_launch' build argument 'cmake_target' from command line to 'None'
[1.658s] Level 5:colcon.colcon_core.verb:set package 'robot_launch' build argument 'cmake_target_skip_unavailable' from command line to 'False'
[1.658s] Level 5:colcon.colcon_core.verb:set package 'robot_launch' build argument 'cmake_clean_cache' from command line to 'False'
[1.658s] Level 5:colcon.colcon_core.verb:set package 'robot_launch' build argument 'cmake_clean_first' from command line to 'False'
[1.658s] Level 5:colcon.colcon_core.verb:set package 'robot_launch' build argument 'cmake_force_configure' from command line to 'False'
[1.659s] Level 5:colcon.colcon_core.verb:set package 'robot_launch' build argument 'ament_cmake_args' from command line to 'None'
[1.659s] Level 5:colcon.colcon_core.verb:set package 'robot_launch' build argument 'catkin_cmake_args' from command line to 'None'
[1.659s] Level 5:colcon.colcon_core.verb:set package 'robot_launch' build argument 'catkin_skip_building_tests' from command line to 'False'
[1.659s] DEBUG:colcon.colcon_core.verb:Building package 'robot_launch' with the following arguments: {'ament_cmake_args': None, 'build_base': '/home/vedant/OdriveCANControl/build/robot_launch', 'catkin_cmake_args': None, 'catkin_skip_building_tests': False, 'cmake_args': None, 'cmake_clean_cache': False, 'cmake_clean_first': False, 'cmake_force_configure': False, 'cmake_target': None, 'cmake_target_skip_unavailable': False, 'install_base': '/home/vedant/OdriveCANControl/install/robot_launch', 'merge_install': False, 'path': '/home/vedant/OdriveCANControl/src/robot_launch', 'symlink_install': False, 'test_result_base': None}
[1.659s] INFO:colcon.colcon_core.executor:Executing jobs using 'parallel' executor
[1.663s] DEBUG:colcon.colcon_parallel_executor.executor.parallel:run_until_complete
[1.664s] INFO:colcon.colcon_ros.task.ament_python.build:Building ROS package in '/home/vedant/OdriveCANControl/src/controller' with build type 'ament_python'
[1.665s] Level 1:colcon.colcon_core.shell:create_environment_hook('controller', 'ament_prefix_path')
[1.675s] INFO:colcon.colcon_core.plugin_system:Skipping extension 'colcon_core.shell.bat': Not used on non-Windows systems
[1.676s] INFO:colcon.colcon_core.shell:Creating environment hook '/home/vedant/OdriveCANControl/install/controller/share/controller/hook/ament_prefix_path.ps1'
[1.679s] INFO:colcon.colcon_core.shell:Creating environment descriptor '/home/vedant/OdriveCANControl/install/controller/share/controller/hook/ament_prefix_path.dsv'
[1.682s] INFO:colcon.colcon_core.shell:Creating environment hook '/home/vedant/OdriveCANControl/install/controller/share/controller/hook/ament_prefix_path.sh'
[1.686s] INFO:colcon.colcon_core.shell:Skip shell extension 'powershell' for command environment: Not usable outside of PowerShell
[1.686s] DEBUG:colcon.colcon_core.shell:Skip shell extension 'dsv' for command environment
[2.895s] INFO:colcon.colcon_core.task.python.build:Building Python package in '/home/vedant/OdriveCANControl/src/controller'
[2.897s] INFO:colcon.colcon_core.shell:Skip shell extension 'powershell' for command environment: Not usable outside of PowerShell
[2.897s] DEBUG:colcon.colcon_core.shell:Skip shell extension 'dsv' for command environment
[4.458s] DEBUG:colcon.colcon_core.event_handler.log_command:Invoking command in '/home/vedant/OdriveCANControl/src/controller': CMAKE_PREFIX_PATH=/home/vedant/OdriveCANControl/install/custom_msgs:/home/vedant/OdriveCANControl/install/robot_launch PYTHONPATH=/home/vedant/OdriveCANControl/build/controller/prefix_override:/usr/lib/python3/dist-packages/colcon_core/task/python/colcon_distutils_commands:/home/vedant/OdriveCANControl/install/controller/lib/python3.10/site-packages:${PYTHONPATH} /usr/bin/python3 -W ignore:setup.py install is deprecated -W ignore:easy_install command is deprecated setup.py egg_info --egg-base ../../build/controller build --build-base /home/vedant/OdriveCANControl/build/controller/build install --record /home/vedant/OdriveCANControl/build/controller/install.log --single-version-externally-managed install_data
[6.021s] DEBUG:colcon.colcon_core.event_handler.log_command:Invoked command in '/home/vedant/OdriveCANControl/src/controller' returned '0': CMAKE_PREFIX_PATH=/home/vedant/OdriveCANControl/install/custom_msgs:/home/vedant/OdriveCANControl/install/robot_launch PYTHONPATH=/home/vedant/OdriveCANControl/build/controller/prefix_override:/usr/lib/python3/dist-packages/colcon_core/task/python/colcon_distutils_commands:/home/vedant/OdriveCANControl/install/controller/lib/python3.10/site-packages:${PYTHONPATH} /usr/bin/python3 -W ignore:setup.py install is deprecated -W ignore:easy_install command is deprecated setup.py egg_info --egg-base ../../build/controller build --build-base /home/vedant/OdriveCANControl/build/controller/build install --record /home/vedant/OdriveCANControl/build/controller/install.log --single-version-externally-managed install_data
[6.034s] Level 1:colcon.colcon_core.environment:checking '/home/vedant/OdriveCANControl/install/controller' for CMake module files
[6.036s] Level 1:colcon.colcon_core.environment:checking '/home/vedant/OdriveCANControl/install/controller' for CMake config files
[6.041s] Level 1:colcon.colcon_core.environment:checking '/home/vedant/OdriveCANControl/install/controller/lib'
[6.042s] Level 1:colcon.colcon_core.environment:checking '/home/vedant/OdriveCANControl/install/controller/bin'
[6.043s] Level 1:colcon.colcon_core.environment:checking '/home/vedant/OdriveCANControl/install/controller/lib/pkgconfig/controller.pc'
[6.044s] Level 1:colcon.colcon_core.environment:checking '/home/vedant/OdriveCANControl/install/controller/lib/python3.10/site-packages'
[6.044s] Level 1:colcon.colcon_core.shell:create_environment_hook('controller', 'pythonpath')
[6.045s] INFO:colcon.colcon_core.shell:Creating environment hook '/home/vedant/OdriveCANControl/install/controller/share/controller/hook/pythonpath.ps1'
[6.048s] INFO:colcon.colcon_core.shell:Creating environment descriptor '/home/vedant/OdriveCANControl/install/controller/share/controller/hook/pythonpath.dsv'
[6.050s] INFO:colcon.colcon_core.shell:Creating environment hook '/home/vedant/OdriveCANControl/install/controller/share/controller/hook/pythonpath.sh'
[6.053s] Level 1:colcon.colcon_core.environment:checking '/home/vedant/OdriveCANControl/install/controller/bin'
[6.054s] Level 1:colcon.colcon_core.environment:create_environment_scripts_only(controller)
[6.055s] INFO:colcon.colcon_core.shell:Creating package script '/home/vedant/OdriveCANControl/install/controller/share/controller/package.ps1'
[6.060s] INFO:colcon.colcon_core.shell:Creating package descriptor '/home/vedant/OdriveCANControl/install/controller/share/controller/package.dsv'
[6.063s] INFO:colcon.colcon_core.shell:Creating package script '/home/vedant/OdriveCANControl/install/controller/share/controller/package.sh'
[6.067s] INFO:colcon.colcon_core.shell:Creating package script '/home/vedant/OdriveCANControl/install/controller/share/controller/package.bash'
[6.072s] INFO:colcon.colcon_core.shell:Creating package script '/home/vedant/OdriveCANControl/install/controller/share/controller/package.zsh'
[6.075s] Level 1:colcon.colcon_core.environment:create_file_with_runtime_dependencies(/home/vedant/OdriveCANControl/install/controller/share/colcon-core/packages/controller)
[6.077s] INFO:colcon.colcon_ros.task.ament_cmake.build:Building ROS package in '/home/vedant/OdriveCANControl/src/robot_launch' with build type 'ament_cmake'
[6.078s] INFO:colcon.colcon_cmake.task.cmake.build:Building CMake package in '/home/vedant/OdriveCANControl/src/robot_launch'
[6.080s] INFO:colcon.colcon_core.shell:Skip shell extension 'powershell' for command environment: Not usable outside of PowerShell
[6.081s] DEBUG:colcon.colcon_core.shell:Skip shell extension 'dsv' for command environment
[6.148s] DEBUG:colcon.colcon_core.event_handler.log_command:Invoking command in '/home/vedant/OdriveCANControl/build/robot_launch': AMENT_PREFIX_PATH=/home/vedant/OdriveCANControl/install/controller:/home/vedant/OdriveCANControl/install/encoder:/home/vedant/OdriveCANControl/install/robot_launch:/home/vedant/OdriveCANControl/install/odrive_control_py:/home/vedant/OdriveCANControl/install/data_logging:/home/vedant/OdriveCANControl/install/custom_msgs:/opt/ros/humble CMAKE_PREFIX_PATH=/home/vedant/OdriveCANControl/install/custom_msgs:/home/vedant/OdriveCANControl/install/robot_launch:/home/vedant/OdriveCANControl/install/odrive_control_py:/home/vedant/OdriveCANControl/install/encoder:/home/vedant/OdriveCANControl/install/data_logging:/home/vedant/OdriveCANControl/install/controller:/opt/ros/humble PYTHONPATH=/home/vedant/OdriveCANControl/install/controller/lib/python3.10/site-packages:/home/vedant/OdriveCANControl/install/encoder/lib/python3.10/site-packages:/home/vedant/OdriveCANControl/install/odrive_control_py/lib/python3.10/site-packages:/home/vedant/OdriveCANControl/install/data_logging/lib/python3.10/site-packages:/home/vedant/OdriveCANControl/install/custom_msgs/local/lib/python3.10/dist-packages:/opt/ros/humble/lib/python3.10/site-packages:/opt/ros/humble/local/lib/python3.10/dist-packages /usr/bin/cmake --build /home/vedant/OdriveCANControl/build/robot_launch -- -j4 -l4
[6.315s] DEBUG:colcon.colcon_core.event_handler.log_command:Invoked command in '/home/vedant/OdriveCANControl/build/robot_launch' returned '0': AMENT_PREFIX_PATH=/home/vedant/OdriveCANControl/install/controller:/home/vedant/OdriveCANControl/install/encoder:/home/vedant/OdriveCANControl/install/robot_launch:/home/vedant/OdriveCANControl/install/odrive_control_py:/home/vedant/OdriveCANControl/install/data_logging:/home/vedant/OdriveCANControl/install/custom_msgs:/opt/ros/humble CMAKE_PREFIX_PATH=/home/vedant/OdriveCANControl/install/custom_msgs:/home/vedant/OdriveCANControl/install/robot_launch:/home/vedant/OdriveCANControl/install/odrive_control_py:/home/vedant/OdriveCANControl/install/encoder:/home/vedant/OdriveCANControl/install/data_logging:/home/vedant/OdriveCANControl/install/controller:/opt/ros/humble PYTHONPATH=/home/vedant/OdriveCANControl/install/controller/lib/python3.10/site-packages:/home/vedant/OdriveCANControl/install/encoder/lib/python3.10/site-packages:/home/vedant/OdriveCANControl/install/odrive_control_py/lib/python3.10/site-packages:/home/vedant/OdriveCANControl/install/data_logging/lib/python3.10/site-packages:/home/vedant/OdriveCANControl/install/custom_msgs/local/lib/python3.10/dist-packages:/opt/ros/humble/lib/python3.10/site-packages:/opt/ros/humble/local/lib/python3.10/dist-packages /usr/bin/cmake --build /home/vedant/OdriveCANControl/build/robot_launch -- -j4 -l4
[6.361s] DEBUG:colcon.colcon_core.event_handler.log_command:Invoking command in '/home/vedant/OdriveCANControl/build/robot_launch': AMENT_PREFIX_PATH=/home/vedant/OdriveCANControl/install/controller:/home/vedant/OdriveCANControl/install/encoder:/home/vedant/OdriveCANControl/install/robot_launch:/home/vedant/OdriveCANControl/install/odrive_control_py:/home/vedant/OdriveCANControl/install/data_logging:/home/vedant/OdriveCANControl/install/custom_msgs:/opt/ros/humble CMAKE_PREFIX_PATH=/home/vedant/OdriveCANControl/install/custom_msgs:/home/vedant/OdriveCANControl/install/robot_launch:/home/vedant/OdriveCANControl/install/odrive_control_py:/home/vedant/OdriveCANControl/install/encoder:/home/vedant/OdriveCANControl/install/data_logging:/home/vedant/OdriveCANControl/install/controller:/opt/ros/humble PYTHONPATH=/home/vedant/OdriveCANControl/install/controller/lib/python3.10/site-packages:/home/vedant/OdriveCANControl/install/encoder/lib/python3.10/site-packages:/home/vedant/OdriveCANControl/install/odrive_control_py/lib/python3.10/site-packages:/home/vedant/OdriveCANControl/install/data_logging/lib/python3.10/site-packages:/home/vedant/OdriveCANControl/install/custom_msgs/local/lib/python3.10/dist-packages:/opt/ros/humble/lib/python3.10/site-packages:/opt/ros/humble/local/lib/python3.10/dist-packages /usr/bin/cmake --install /home/vedant/OdriveCANControl/build/robot_launch
[6.407s] Level 1:colcon.colcon_core.environment:create_environment_scripts_only(robot_launch)
[6.409s] Level 1:colcon.colcon_core.environment:checking '/home/vedant/OdriveCANControl/install/robot_launch' for CMake module files
[6.415s] DEBUG:colcon.colcon_core.event_handler.log_command:Invoked command in '/home/vedant/OdriveCANControl/build/robot_launch' returned '0': AMENT_PREFIX_PATH=/home/vedant/OdriveCANControl/install/controller:/home/vedant/OdriveCANControl/install/encoder:/home/vedant/OdriveCANControl/install/robot_launch:/home/vedant/OdriveCANControl/install/odrive_control_py:/home/vedant/OdriveCANControl/install/data_logging:/home/vedant/OdriveCANControl/install/custom_msgs:/opt/ros/humble CMAKE_PREFIX_PATH=/home/vedant/OdriveCANControl/install/custom_msgs:/home/vedant/OdriveCANControl/install/robot_launch:/home/vedant/OdriveCANControl/install/odrive_control_py:/home/vedant/OdriveCANControl/install/encoder:/home/vedant/OdriveCANControl/install/data_logging:/home/vedant/OdriveCANControl/install/controller:/opt/ros/humble PYTHONPATH=/home/vedant/OdriveCANControl/install/controller/lib/python3.10/site-packages:/home/vedant/OdriveCANControl/install/encoder/lib/python3.10/site-packages:/home/vedant/OdriveCANControl/install/odrive_control_py/lib/python3.10/site-packages:/home/vedant/OdriveCANControl/install/data_logging/lib/python3.10/site-packages:/home/vedant/OdriveCANControl/install/custom_msgs/local/lib/python3.10/dist-packages:/opt/ros/humble/lib/python3.10/site-packages:/opt/ros/humble/local/lib/python3.10/dist-packages /usr/bin/cmake --install /home/vedant/OdriveCANControl/build/robot_launch
[6.416s] Level 1:colcon.colcon_core.environment:checking '/home/vedant/OdriveCANControl/install/robot_launch' for CMake config files
[6.419s] Level 1:colcon.colcon_core.shell:create_environment_hook('robot_launch', 'cmake_prefix_path')
[6.421s] INFO:colcon.colcon_core.shell:Creating environment hook '/home/vedant/OdriveCANControl/install/robot_launch/share/robot_launch/hook/cmake_prefix_path.ps1'
[6.423s] INFO:colcon.colcon_core.shell:Creating environment descriptor '/home/vedant/OdriveCANControl/install/robot_launch/share/robot_launch/hook/cmake_prefix_path.dsv'
[6.426s] INFO:colcon.colcon_core.shell:Creating environment hook '/home/vedant/OdriveCANControl/install/robot_launch/share/robot_launch/hook/cmake_prefix_path.sh'
[6.429s] Level 1:colcon.colcon_core.environment:checking '/home/vedant/OdriveCANControl/install/robot_launch/bin'
[6.429s] Level 1:colcon.colcon_core.environment:checking '/home/vedant/OdriveCANControl/install/robot_launch/lib/pkgconfig/robot_launch.pc'
[6.431s] Level 1:colcon.colcon_core.environment:checking '/home/vedant/OdriveCANControl/install/robot_launch/lib/python3.10/site-packages'
[6.432s] Level 1:colcon.colcon_core.environment:checking '/home/vedant/OdriveCANControl/install/robot_launch/bin'
[6.433s] INFO:colcon.colcon_core.shell:Creating package script '/home/vedant/OdriveCANControl/install/robot_launch/share/robot_launch/package.ps1'
[6.436s] INFO:colcon.colcon_core.shell:Creating package descriptor '/home/vedant/OdriveCANControl/install/robot_launch/share/robot_launch/package.dsv'
[6.438s] INFO:colcon.colcon_core.shell:Creating package script '/home/vedant/OdriveCANControl/install/robot_launch/share/robot_launch/package.sh'
[6.441s] INFO:colcon.colcon_core.shell:Creating package script '/home/vedant/OdriveCANControl/install/robot_launch/share/robot_launch/package.bash'
[6.443s] INFO:colcon.colcon_core.shell:Creating package script '/home/vedant/OdriveCANControl/install/robot_launch/share/robot_launch/package.zsh'
[6.446s] Level 1:colcon.colcon_core.environment:create_file_with_runtime_dependencies(/home/vedant/OdriveCANControl/install/robot_launch/share/colcon-core/packages/robot_launch)
[6.449s] Level 1:colcon.colcon_core.environment:create_environment_scripts_only(robot_launch)
[6.450s] Level 1:colcon.colcon_core.environment:checking '/home/vedant/OdriveCANControl/install/robot_launch' for CMake module files
[6.452s] Level 1:colcon.colcon_core.environment:checking '/home/vedant/OdriveCANControl/install/robot_launch' for CMake config files
[6.454s] Level 1:colcon.colcon_core.shell:create_environment_hook('robot_launch', 'cmake_prefix_path')
[6.455s] INFO:colcon.colcon_core.shell:Creating environment hook '/home/vedant/OdriveCANControl/install/robot_launch/share/robot_launch/hook/cmake_prefix_path.ps1'
[6.458s] INFO:colcon.colcon_core.shell:Creating environment descriptor '/home/vedant/OdriveCANControl/install/robot_launch/share/robot_launch/hook/cmake_prefix_path.dsv'
[6.460s] INFO:colcon.colcon_core.shell:Creating environment hook '/home/vedant/OdriveCANControl/install/robot_launch/share/robot_launch/hook/cmake_prefix_path.sh'
[6.463s] Level 1:colcon.colcon_core.environment:checking '/home/vedant/OdriveCANControl/install/robot_launch/bin'
[6.463s] Level 1:colcon.colcon_core.environment:checking '/home/vedant/OdriveCANControl/install/robot_launch/lib/pkgconfig/robot_launch.pc'
[6.464s] Level 1:colcon.colcon_core.environment:checking '/home/vedant/OdriveCANControl/install/robot_launch/lib/python3.10/site-packages'
[6.465s] Level 1:colcon.colcon_core.environment:checking '/home/vedant/OdriveCANControl/install/robot_launch/bin'
[6.467s] INFO:colcon.colcon_core.shell:Creating package script '/home/vedant/OdriveCANControl/install/robot_launch/share/robot_launch/package.ps1'
[6.470s] INFO:colcon.colcon_core.shell:Creating package descriptor '/home/vedant/OdriveCANControl/install/robot_launch/share/robot_launch/package.dsv'
[6.473s] INFO:colcon.colcon_core.shell:Creating package script '/home/vedant/OdriveCANControl/install/robot_launch/share/robot_launch/package.sh'
[6.475s] INFO:colcon.colcon_core.shell:Creating package script '/home/vedant/OdriveCANControl/install/robot_launch/share/robot_launch/package.bash'
[6.477s] INFO:colcon.colcon_core.shell:Creating package script '/home/vedant/OdriveCANControl/install/robot_launch/share/robot_launch/package.zsh'
[6.480s] Level 1:colcon.colcon_core.environment:create_file_with_runtime_dependencies(/home/vedant/OdriveCANControl/install/robot_launch/share/colcon-core/packages/robot_launch)
[6.481s] DEBUG:colcon.colcon_parallel_executor.executor.parallel:closing loop
[6.483s] DEBUG:colcon.colcon_parallel_executor.executor.parallel:loop closed
[6.483s] DEBUG:colcon.colcon_parallel_executor.executor.parallel:run_until_complete finished with '0'
[6.484s] DEBUG:colcon.colcon_core.event_reactor:joining thread
[6.513s] INFO:colcon.colcon_core.plugin_system:Skipping extension 'colcon_notification.desktop_notification.terminal_notifier': Not used on non-Darwin systems
[6.513s] INFO:colcon.colcon_core.plugin_system:Skipping extension 'colcon_notification.desktop_notification.win32': Not used on non-Windows systems
[6.513s] INFO:colcon.colcon_notification.desktop_notification:Sending desktop notification using 'notify2'
[6.552s] DEBUG:colcon.colcon_core.event_reactor:joined thread
[6.553s] INFO:colcon.colcon_core.shell:Creating prefix script '/home/vedant/OdriveCANControl/install/local_setup.ps1'
[6.558s] INFO:colcon.colcon_core.shell:Creating prefix util module '/home/vedant/OdriveCANControl/install/_local_setup_util_ps1.py'
[6.564s] INFO:colcon.colcon_core.shell:Creating prefix chain script '/home/vedant/OdriveCANControl/install/setup.ps1'
[6.572s] INFO:colcon.colcon_core.shell:Creating prefix script '/home/vedant/OdriveCANControl/install/local_setup.sh'
[6.575s] INFO:colcon.colcon_core.shell:Creating prefix util module '/home/vedant/OdriveCANControl/install/_local_setup_util_sh.py'
[6.579s] INFO:colcon.colcon_core.shell:Creating prefix chain script '/home/vedant/OdriveCANControl/install/setup.sh'
[6.587s] INFO:colcon.colcon_core.shell:Creating prefix script '/home/vedant/OdriveCANControl/install/local_setup.bash'
[6.590s] INFO:colcon.colcon_core.shell:Creating prefix chain script '/home/vedant/OdriveCANControl/install/setup.bash'
[6.599s] INFO:colcon.colcon_core.shell:Creating prefix script '/home/vedant/OdriveCANControl/install/local_setup.zsh'
[6.602s] INFO:colcon.colcon_core.shell:Creating prefix chain script '/home/vedant/OdriveCANControl/install/setup.zsh'
