-- Found ament_cmake: 1.3.11 (/opt/ros/humble/share/ament_cmake/cmake)
-- Found ament_lint_auto: 0.12.11 (/opt/ros/humble/share/ament_lint_auto/cmake)
-- Added test 'lint_cmake' to check CMake code style
-- Added test 'xmllint' to check XML markup files
-- Configuring done
-- Generating done
-- Build files have been written to: /home/vedant/OdriveCANControl/build/custom_msgs
-- Install configuration: ""
-- Installing: /home/vedant/OdriveCANControl/install/custom_msgs/share/ament_index/resource_index/package_run_dependencies/custom_msgs
-- Installing: /home/vedant/OdriveCANControl/install/custom_msgs/share/ament_index/resource_index/parent_prefix_path/custom_msgs
-- Installing: /home/vedant/OdriveCANControl/install/custom_msgs/share/custom_msgs/environment/ament_prefix_path.sh
-- Installing: /home/vedant/OdriveCANControl/install/custom_msgs/share/custom_msgs/environment/ament_prefix_path.dsv
-- Installing: /home/vedant/OdriveCANControl/install/custom_msgs/share/custom_msgs/environment/path.sh
-- Installing: /home/vedant/OdriveCANControl/install/custom_msgs/share/custom_msgs/environment/path.dsv
-- Installing: /home/vedant/OdriveCANControl/install/custom_msgs/share/custom_msgs/local_setup.bash
-- Installing: /home/vedant/OdriveCANControl/install/custom_msgs/share/custom_msgs/local_setup.sh
-- Installing: /home/vedant/OdriveCANControl/install/custom_msgs/share/custom_msgs/local_setup.zsh
-- Installing: /home/vedant/OdriveCANControl/install/custom_msgs/share/custom_msgs/local_setup.dsv
-- Installing: /home/vedant/OdriveCANControl/install/custom_msgs/share/custom_msgs/package.dsv
-- Installing: /home/vedant/OdriveCANControl/install/custom_msgs/share/ament_index/resource_index/packages/custom_msgs
-- Installing: /home/vedant/OdriveCANControl/install/custom_msgs/share/custom_msgs/cmake/custom_msgsConfig.cmake
-- Installing: /home/vedant/OdriveCANControl/install/custom_msgs/share/custom_msgs/cmake/custom_msgsConfig-version.cmake
-- Installing: /home/vedant/OdriveCANControl/install/custom_msgs/share/custom_msgs/package.xml
