[2.789s] Invoking command in '/home/vedant/OdriveCANControl/src/odrive_control_py': PYTHONPATH=/home/vedant/OdriveCANControl/build/odrive_control_py/prefix_override:/usr/lib/python3/dist-packages/colcon_core/task/python/colcon_distutils_commands:/home/vedant/OdriveCANControl/install/odrive_control_py/lib/python3.10/site-packages: /usr/bin/python3 -W ignore:setup.py install is deprecated -W ignore:easy_install command is deprecated setup.py egg_info --egg-base ../../build/odrive_control_py build --build-base /home/vedant/OdriveCANControl/build/odrive_control_py/build install --record /home/vedant/OdriveCANControl/build/odrive_control_py/install.log --single-version-externally-managed install_data
[3.573s] running egg_info
[3.575s] creating ../../build/odrive_control_py/odrive_control_py.egg-info
[3.576s] writing ../../build/odrive_control_py/odrive_control_py.egg-info/PKG-INFO
[3.577s] writing dependency_links to ../../build/odrive_control_py/odrive_control_py.egg-info/dependency_links.txt
[3.578s] writing entry points to ../../build/odrive_control_py/odrive_control_py.egg-info/entry_points.txt
[3.578s] writing requirements to ../../build/odrive_control_py/odrive_control_py.egg-info/requires.txt
[3.579s] writing top-level names to ../../build/odrive_control_py/odrive_control_py.egg-info/top_level.txt
[3.580s] writing manifest file '../../build/odrive_control_py/odrive_control_py.egg-info/SOURCES.txt'
[3.586s] reading manifest file '../../build/odrive_control_py/odrive_control_py.egg-info/SOURCES.txt'
[3.590s] writing manifest file '../../build/odrive_control_py/odrive_control_py.egg-info/SOURCES.txt'
[3.590s] running build
[3.591s] running build_py
[3.591s] creating /home/vedant/OdriveCANControl/build/odrive_control_py/build
[3.592s] creating /home/vedant/OdriveCANControl/build/odrive_control_py/build/lib
[3.593s] creating /home/vedant/OdriveCANControl/build/odrive_control_py/build/lib/odrive_control_py
[3.593s] copying odrive_control_py/encoder_read_node.py -> /home/vedant/OdriveCANControl/build/odrive_control_py/build/lib/odrive_control_py
[3.594s] copying odrive_control_py/app_tcp_server.py -> /home/vedant/OdriveCANControl/build/odrive_control_py/build/lib/odrive_control_py
[3.594s] copying odrive_control_py/matlab_tcp_node_test.py -> /home/vedant/OdriveCANControl/build/odrive_control_py/build/lib/odrive_control_py
[3.595s] copying odrive_control_py/control_node.py -> /home/vedant/OdriveCANControl/build/odrive_control_py/build/lib/odrive_control_py
[3.596s] copying odrive_control_py/__init__.py -> /home/vedant/OdriveCANControl/build/odrive_control_py/build/lib/odrive_control_py
[3.596s] copying odrive_control_py/data_recording_node.py -> /home/vedant/OdriveCANControl/build/odrive_control_py/build/lib/odrive_control_py
[3.597s] copying odrive_control_py/trial_controlnode.py -> /home/vedant/OdriveCANControl/build/odrive_control_py/build/lib/odrive_control_py
[3.598s] copying odrive_control_py/record_odrive_data_test.py -> /home/vedant/OdriveCANControl/build/odrive_control_py/build/lib/odrive_control_py
[3.599s] running install
[3.601s] running install_lib
[3.603s] creating /home/vedant/OdriveCANControl/install/odrive_control_py/lib/python3.10/site-packages/odrive_control_py
[3.604s] copying /home/vedant/OdriveCANControl/build/odrive_control_py/build/lib/odrive_control_py/encoder_read_node.py -> /home/vedant/OdriveCANControl/install/odrive_control_py/lib/python3.10/site-packages/odrive_control_py
[3.605s] copying /home/vedant/OdriveCANControl/build/odrive_control_py/build/lib/odrive_control_py/app_tcp_server.py -> /home/vedant/OdriveCANControl/install/odrive_control_py/lib/python3.10/site-packages/odrive_control_py
[3.606s] copying /home/vedant/OdriveCANControl/build/odrive_control_py/build/lib/odrive_control_py/matlab_tcp_node_test.py -> /home/vedant/OdriveCANControl/install/odrive_control_py/lib/python3.10/site-packages/odrive_control_py
[3.606s] copying /home/vedant/OdriveCANControl/build/odrive_control_py/build/lib/odrive_control_py/control_node.py -> /home/vedant/OdriveCANControl/install/odrive_control_py/lib/python3.10/site-packages/odrive_control_py
[3.607s] copying /home/vedant/OdriveCANControl/build/odrive_control_py/build/lib/odrive_control_py/__init__.py -> /home/vedant/OdriveCANControl/install/odrive_control_py/lib/python3.10/site-packages/odrive_control_py
[3.608s] copying /home/vedant/OdriveCANControl/build/odrive_control_py/build/lib/odrive_control_py/data_recording_node.py -> /home/vedant/OdriveCANControl/install/odrive_control_py/lib/python3.10/site-packages/odrive_control_py
[3.609s] copying /home/vedant/OdriveCANControl/build/odrive_control_py/build/lib/odrive_control_py/trial_controlnode.py -> /home/vedant/OdriveCANControl/install/odrive_control_py/lib/python3.10/site-packages/odrive_control_py
[3.610s] copying /home/vedant/OdriveCANControl/build/odrive_control_py/build/lib/odrive_control_py/record_odrive_data_test.py -> /home/vedant/OdriveCANControl/install/odrive_control_py/lib/python3.10/site-packages/odrive_control_py
[3.612s] byte-compiling /home/vedant/OdriveCANControl/install/odrive_control_py/lib/python3.10/site-packages/odrive_control_py/encoder_read_node.py to encoder_read_node.cpython-310.pyc
[3.616s] byte-compiling /home/vedant/OdriveCANControl/install/odrive_control_py/lib/python3.10/site-packages/odrive_control_py/app_tcp_server.py to app_tcp_server.cpython-310.pyc
[3.620s] byte-compiling /home/vedant/OdriveCANControl/install/odrive_control_py/lib/python3.10/site-packages/odrive_control_py/matlab_tcp_node_test.py to matlab_tcp_node_test.cpython-310.pyc
[3.624s] byte-compiling /home/vedant/OdriveCANControl/install/odrive_control_py/lib/python3.10/site-packages/odrive_control_py/control_node.py to control_node.cpython-310.pyc
[3.626s] byte-compiling /home/vedant/OdriveCANControl/install/odrive_control_py/lib/python3.10/site-packages/odrive_control_py/__init__.py to __init__.cpython-310.pyc
[3.627s] byte-compiling /home/vedant/OdriveCANControl/install/odrive_control_py/lib/python3.10/site-packages/odrive_control_py/data_recording_node.py to data_recording_node.cpython-310.pyc
[3.629s] byte-compiling /home/vedant/OdriveCANControl/install/odrive_control_py/lib/python3.10/site-packages/odrive_control_py/trial_controlnode.py to trial_controlnode.cpython-310.pyc
[3.631s] byte-compiling /home/vedant/OdriveCANControl/install/odrive_control_py/lib/python3.10/site-packages/odrive_control_py/record_odrive_data_test.py to record_odrive_data_test.cpython-310.pyc
[3.634s] running install_data
[3.634s] creating /home/vedant/OdriveCANControl/install/odrive_control_py/share/ament_index
[3.635s] creating /home/vedant/OdriveCANControl/install/odrive_control_py/share/ament_index/resource_index
[3.635s] creating /home/vedant/OdriveCANControl/install/odrive_control_py/share/ament_index/resource_index/packages
[3.636s] copying resource/odrive_control_py -> /home/vedant/OdriveCANControl/install/odrive_control_py/share/ament_index/resource_index/packages
[3.636s] copying package.xml -> /home/vedant/OdriveCANControl/install/odrive_control_py/share/odrive_control_py
[3.637s] running install_egg_info
[3.643s] Copying ../../build/odrive_control_py/odrive_control_py.egg-info to /home/vedant/OdriveCANControl/install/odrive_control_py/lib/python3.10/site-packages/odrive_control_py-0.0.0-py3.10.egg-info
[3.649s] running install_scripts
[3.724s] Installing data_recording_node script to /home/vedant/OdriveCANControl/install/odrive_control_py/lib/odrive_control_py
[3.726s] Installing encoder_read_node script to /home/vedant/OdriveCANControl/install/odrive_control_py/lib/odrive_control_py
[3.726s] Installing odrive_control_node script to /home/vedant/OdriveCANControl/install/odrive_control_py/lib/odrive_control_py
[3.728s] writing list of installed files to '/home/vedant/OdriveCANControl/build/odrive_control_py/install.log'
[3.846s] Invoked command in '/home/vedant/OdriveCANControl/src/odrive_control_py' returned '0': PYTHONPATH=/home/vedant/OdriveCANControl/build/odrive_control_py/prefix_override:/usr/lib/python3/dist-packages/colcon_core/task/python/colcon_distutils_commands:/home/vedant/OdriveCANControl/install/odrive_control_py/lib/python3.10/site-packages: /usr/bin/python3 -W ignore:setup.py install is deprecated -W ignore:easy_install command is deprecated setup.py egg_info --egg-base ../../build/odrive_control_py build --build-base /home/vedant/OdriveCANControl/build/odrive_control_py/build install --record /home/vedant/OdriveCANControl/build/odrive_control_py/install.log --single-version-externally-managed install_data
