[0.058s] Invoking command in '/home/vedant/OdriveCANControl/build/odrive_can': CMAKE_PREFIX_PATH=/opt/ros/humble /usr/bin/cmake --build /home/vedant/OdriveCANControl/build/odrive_can -- -j4 -l4
[1.742s] [  1%] Built target odrive_can__cpp
[2.037s] [ 11%] Built target odrive_can__rosidl_generator_c
[2.039s] [ 11%] Built target ament_cmake_python_copy_odrive_can
[2.276s] [ 21%] Built target odrive_can__rosidl_typesupport_cpp
[2.300s] [ 31%] Built target odrive_can__rosidl_typesupport_fastrtps_cpp
[2.305s] [ 41%] Built target odrive_can__rosidl_typesupport_fastrtps_c
[2.321s] [ 51%] Built target odrive_can__rosidl_typesupport_introspection_cpp
[2.501s] [ 61%] Built target odrive_can__rosidl_typesupport_introspection_c
[2.516s] [ 71%] Built target odrive_can__rosidl_typesupport_c
[2.633s] [ 71%] Built target odrive_can
[2.762s] [ 73%] Built target odrive_can__py
[3.007s] [ 81%] Built target odrive_can_node
[3.039s] [ 90%] Built target odrive_can__rosidl_generator_py
[3.344s] [ 93%] Built target odrive_can__rosidl_typesupport_introspection_c__pyext
[3.363s] [ 96%] Built target odrive_can__rosidl_typesupport_fastrtps_c__pyext
[3.381s] [100%] Built target odrive_can__rosidl_typesupport_c__pyext
[3.854s] running egg_info
[3.857s] writing odrive_can.egg-info/PKG-INFO
[3.859s] writing dependency_links to odrive_can.egg-info/dependency_links.txt
[3.860s] writing top-level names to odrive_can.egg-info/top_level.txt
[3.869s] reading manifest file 'odrive_can.egg-info/SOURCES.txt'
[3.908s] writing manifest file 'odrive_can.egg-info/SOURCES.txt'
[4.038s] [100%] Built target ament_cmake_python_build_odrive_can_egg
[4.086s] Invoked command in '/home/vedant/OdriveCANControl/build/odrive_can' returned '0': CMAKE_PREFIX_PATH=/opt/ros/humble /usr/bin/cmake --build /home/vedant/OdriveCANControl/build/odrive_can -- -j4 -l4
[4.137s] Invoking command in '/home/vedant/OdriveCANControl/build/odrive_can': CMAKE_PREFIX_PATH=/opt/ros/humble /usr/bin/cmake --install /home/vedant/OdriveCANControl/build/odrive_can
[4.185s] -- Install configuration: ""
[4.198s] -- Up-to-date: /home/vedant/OdriveCANControl/install/odrive_can/share/ament_index/resource_index/rosidl_interfaces/odrive_can
[4.200s] -- Up-to-date: /home/vedant/OdriveCANControl/install/odrive_can/include/odrive_can/odrive_can
[4.200s] -- Up-to-date: /home/vedant/OdriveCANControl/install/odrive_can/include/odrive_can/odrive_can/srv
[4.201s] -- Up-to-date: /home/vedant/OdriveCANControl/install/odrive_can/include/odrive_can/odrive_can/srv/axis_state.h
[4.203s] -- Up-to-date: /home/vedant/OdriveCANControl/install/odrive_can/include/odrive_can/odrive_can/srv/detail
[4.205s] -- Up-to-date: /home/vedant/OdriveCANControl/install/odrive_can/include/odrive_can/odrive_can/srv/detail/axis_state__struct.h
[4.209s] -- Up-to-date: /home/vedant/OdriveCANControl/install/odrive_can/include/odrive_can/odrive_can/srv/detail/axis_state__functions.h
[4.210s] -- Up-to-date: /home/vedant/OdriveCANControl/install/odrive_can/include/odrive_can/odrive_can/srv/detail/axis_state__type_support.h
[4.213s] -- Up-to-date: /home/vedant/OdriveCANControl/install/odrive_can/include/odrive_can/odrive_can/srv/detail/axis_state__functions.c
[4.214s] -- Up-to-date: /home/vedant/OdriveCANControl/install/odrive_can/include/odrive_can/odrive_can/msg
[4.214s] -- Up-to-date: /home/vedant/OdriveCANControl/install/odrive_can/include/odrive_can/odrive_can/msg/rosidl_generator_c__visibility_control.h
[4.215s] -- Up-to-date: /home/vedant/OdriveCANControl/install/odrive_can/include/odrive_can/odrive_can/msg/control_message.h
[4.215s] -- Up-to-date: /home/vedant/OdriveCANControl/install/odrive_can/include/odrive_can/odrive_can/msg/controller_status.h
[4.217s] -- Up-to-date: /home/vedant/OdriveCANControl/install/odrive_can/include/odrive_can/odrive_can/msg/detail
[4.218s] -- Up-to-date: /home/vedant/OdriveCANControl/install/odrive_can/include/odrive_can/odrive_can/msg/detail/control_message__functions.c
[4.219s] -- Up-to-date: /home/vedant/OdriveCANControl/install/odrive_can/include/odrive_can/odrive_can/msg/detail/controller_status__functions.h
[4.219s] -- Up-to-date: /home/vedant/OdriveCANControl/install/odrive_can/include/odrive_can/odrive_can/msg/detail/o_drive_status__struct.h
[4.220s] -- Up-to-date: /home/vedant/OdriveCANControl/install/odrive_can/include/odrive_can/odrive_can/msg/detail/controller_status__functions.c
[4.221s] -- Up-to-date: /home/vedant/OdriveCANControl/install/odrive_can/include/odrive_can/odrive_can/msg/detail/o_drive_status__type_support.h
[4.222s] -- Up-to-date: /home/vedant/OdriveCANControl/install/odrive_can/include/odrive_can/odrive_can/msg/detail/controller_status__struct.h
[4.222s] -- Up-to-date: /home/vedant/OdriveCANControl/install/odrive_can/include/odrive_can/odrive_can/msg/detail/control_message__type_support.h
[4.223s] -- Up-to-date: /home/vedant/OdriveCANControl/install/odrive_can/include/odrive_can/odrive_can/msg/detail/control_message__struct.h
[4.224s] -- Up-to-date: /home/vedant/OdriveCANControl/install/odrive_can/include/odrive_can/odrive_can/msg/detail/control_message__functions.h
[4.224s] -- Up-to-date: /home/vedant/OdriveCANControl/install/odrive_can/include/odrive_can/odrive_can/msg/detail/o_drive_status__functions.h
[4.225s] -- Up-to-date: /home/vedant/OdriveCANControl/install/odrive_can/include/odrive_can/odrive_can/msg/detail/o_drive_status__functions.c
[4.225s] -- Up-to-date: /home/vedant/OdriveCANControl/install/odrive_can/include/odrive_can/odrive_can/msg/detail/controller_status__type_support.h
[4.225s] -- Up-to-date: /home/vedant/OdriveCANControl/install/odrive_can/include/odrive_can/odrive_can/msg/o_drive_status.h
[4.226s] -- Up-to-date: /home/vedant/OdriveCANControl/install/odrive_can/share/odrive_can/environment/library_path.sh
[4.226s] -- Up-to-date: /home/vedant/OdriveCANControl/install/odrive_can/share/odrive_can/environment/library_path.dsv
[4.226s] -- Up-to-date: /home/vedant/OdriveCANControl/install/odrive_can/lib/libodrive_can__rosidl_generator_c.so
[4.227s] -- Up-to-date: /home/vedant/OdriveCANControl/install/odrive_can/include/odrive_can/odrive_can
[4.227s] -- Up-to-date: /home/vedant/OdriveCANControl/install/odrive_can/include/odrive_can/odrive_can/srv
[4.228s] -- Up-to-date: /home/vedant/OdriveCANControl/install/odrive_can/include/odrive_can/odrive_can/srv/detail
[4.228s] -- Up-to-date: /home/vedant/OdriveCANControl/install/odrive_can/include/odrive_can/odrive_can/srv/detail/axis_state__rosidl_typesupport_fastrtps_c.h
[4.229s] -- Up-to-date: /home/vedant/OdriveCANControl/install/odrive_can/include/odrive_can/odrive_can/msg
[4.229s] -- Up-to-date: /home/vedant/OdriveCANControl/install/odrive_can/include/odrive_can/odrive_can/msg/detail
[4.229s] -- Up-to-date: /home/vedant/OdriveCANControl/install/odrive_can/include/odrive_can/odrive_can/msg/detail/control_message__rosidl_typesupport_fastrtps_c.h
[4.230s] -- Up-to-date: /home/vedant/OdriveCANControl/install/odrive_can/include/odrive_can/odrive_can/msg/detail/o_drive_status__rosidl_typesupport_fastrtps_c.h
[4.230s] -- Up-to-date: /home/vedant/OdriveCANControl/install/odrive_can/include/odrive_can/odrive_can/msg/detail/controller_status__rosidl_typesupport_fastrtps_c.h
[4.231s] -- Up-to-date: /home/vedant/OdriveCANControl/install/odrive_can/include/odrive_can/odrive_can/msg/rosidl_typesupport_fastrtps_c__visibility_control.h
[4.231s] -- Up-to-date: /home/vedant/OdriveCANControl/install/odrive_can/lib/libodrive_can__rosidl_typesupport_fastrtps_c.so
[4.232s] -- Up-to-date: /home/vedant/OdriveCANControl/install/odrive_can/include/odrive_can/odrive_can
[4.232s] -- Up-to-date: /home/vedant/OdriveCANControl/install/odrive_can/include/odrive_can/odrive_can/srv
[4.233s] -- Up-to-date: /home/vedant/OdriveCANControl/install/odrive_can/include/odrive_can/odrive_can/srv/axis_state.hpp
[4.233s] -- Up-to-date: /home/vedant/OdriveCANControl/install/odrive_can/include/odrive_can/odrive_can/srv/detail
[4.233s] -- Up-to-date: /home/vedant/OdriveCANControl/install/odrive_can/include/odrive_can/odrive_can/srv/detail/axis_state__builder.hpp
[4.234s] -- Up-to-date: /home/vedant/OdriveCANControl/install/odrive_can/include/odrive_can/odrive_can/srv/detail/axis_state__type_support.hpp
[4.234s] -- Up-to-date: /home/vedant/OdriveCANControl/install/odrive_can/include/odrive_can/odrive_can/srv/detail/axis_state__struct.hpp
[4.235s] -- Up-to-date: /home/vedant/OdriveCANControl/install/odrive_can/include/odrive_can/odrive_can/srv/detail/axis_state__traits.hpp
[4.235s] -- Up-to-date: /home/vedant/OdriveCANControl/install/odrive_can/include/odrive_can/odrive_can/msg
[4.236s] -- Up-to-date: /home/vedant/OdriveCANControl/install/odrive_can/include/odrive_can/odrive_can/msg/rosidl_generator_cpp__visibility_control.hpp
[4.236s] -- Up-to-date: /home/vedant/OdriveCANControl/install/odrive_can/include/odrive_can/odrive_can/msg/control_message.hpp
[4.236s] -- Up-to-date: /home/vedant/OdriveCANControl/install/odrive_can/include/odrive_can/odrive_can/msg/o_drive_status.hpp
[4.237s] -- Up-to-date: /home/vedant/OdriveCANControl/install/odrive_can/include/odrive_can/odrive_can/msg/controller_status.hpp
[4.237s] -- Up-to-date: /home/vedant/OdriveCANControl/install/odrive_can/include/odrive_can/odrive_can/msg/detail
[4.238s] -- Up-to-date: /home/vedant/OdriveCANControl/install/odrive_can/include/odrive_can/odrive_can/msg/detail/control_message__traits.hpp
[4.238s] -- Up-to-date: /home/vedant/OdriveCANControl/install/odrive_can/include/odrive_can/odrive_can/msg/detail/controller_status__traits.hpp
[4.239s] -- Up-to-date: /home/vedant/OdriveCANControl/install/odrive_can/include/odrive_can/odrive_can/msg/detail/control_message__builder.hpp
[4.239s] -- Up-to-date: /home/vedant/OdriveCANControl/install/odrive_can/include/odrive_can/odrive_can/msg/detail/controller_status__type_support.hpp
[4.239s] -- Up-to-date: /home/vedant/OdriveCANControl/install/odrive_can/include/odrive_can/odrive_can/msg/detail/o_drive_status__struct.hpp
[4.240s] -- Up-to-date: /home/vedant/OdriveCANControl/install/odrive_can/include/odrive_can/odrive_can/msg/detail/controller_status__builder.hpp
[4.240s] -- Up-to-date: /home/vedant/OdriveCANControl/install/odrive_can/include/odrive_can/odrive_can/msg/detail/o_drive_status__traits.hpp
[4.240s] -- Up-to-date: /home/vedant/OdriveCANControl/install/odrive_can/include/odrive_can/odrive_can/msg/detail/o_drive_status__builder.hpp
[4.240s] -- Up-to-date: /home/vedant/OdriveCANControl/install/odrive_can/include/odrive_can/odrive_can/msg/detail/o_drive_status__type_support.hpp
[4.241s] -- Up-to-date: /home/vedant/OdriveCANControl/install/odrive_can/include/odrive_can/odrive_can/msg/detail/control_message__type_support.hpp
[4.241s] -- Up-to-date: /home/vedant/OdriveCANControl/install/odrive_can/include/odrive_can/odrive_can/msg/detail/control_message__struct.hpp
[4.241s] -- Up-to-date: /home/vedant/OdriveCANControl/install/odrive_can/include/odrive_can/odrive_can/msg/detail/controller_status__struct.hpp
[4.242s] -- Up-to-date: /home/vedant/OdriveCANControl/install/odrive_can/include/odrive_can/odrive_can
[4.242s] -- Up-to-date: /home/vedant/OdriveCANControl/install/odrive_can/include/odrive_can/odrive_can/srv
[4.242s] -- Up-to-date: /home/vedant/OdriveCANControl/install/odrive_can/include/odrive_can/odrive_can/srv/detail
[4.243s] -- Up-to-date: /home/vedant/OdriveCANControl/install/odrive_can/include/odrive_can/odrive_can/srv/detail/axis_state__rosidl_typesupport_fastrtps_cpp.hpp
[4.243s] -- Up-to-date: /home/vedant/OdriveCANControl/install/odrive_can/include/odrive_can/odrive_can/srv/detail/dds_fastrtps
[4.243s] -- Up-to-date: /home/vedant/OdriveCANControl/install/odrive_can/include/odrive_can/odrive_can/msg
[4.244s] -- Up-to-date: /home/vedant/OdriveCANControl/install/odrive_can/include/odrive_can/odrive_can/msg/rosidl_typesupport_fastrtps_cpp__visibility_control.h
[4.244s] -- Up-to-date: /home/vedant/OdriveCANControl/install/odrive_can/include/odrive_can/odrive_can/msg/detail
[4.244s] -- Up-to-date: /home/vedant/OdriveCANControl/install/odrive_can/include/odrive_can/odrive_can/msg/detail/o_drive_status__rosidl_typesupport_fastrtps_cpp.hpp
[4.245s] -- Up-to-date: /home/vedant/OdriveCANControl/install/odrive_can/include/odrive_can/odrive_can/msg/detail/dds_fastrtps
[4.245s] -- Up-to-date: /home/vedant/OdriveCANControl/install/odrive_can/include/odrive_can/odrive_can/msg/detail/controller_status__rosidl_typesupport_fastrtps_cpp.hpp
[4.245s] -- Up-to-date: /home/vedant/OdriveCANControl/install/odrive_can/include/odrive_can/odrive_can/msg/detail/control_message__rosidl_typesupport_fastrtps_cpp.hpp
[4.253s] -- Up-to-date: /home/vedant/OdriveCANControl/install/odrive_can/lib/libodrive_can__rosidl_typesupport_fastrtps_cpp.so
[4.253s] -- Up-to-date: /home/vedant/OdriveCANControl/install/odrive_can/include/odrive_can/odrive_can
[4.254s] -- Up-to-date: /home/vedant/OdriveCANControl/install/odrive_can/include/odrive_can/odrive_can/srv
[4.254s] -- Up-to-date: /home/vedant/OdriveCANControl/install/odrive_can/include/odrive_can/odrive_can/srv/detail
[4.255s] -- Up-to-date: /home/vedant/OdriveCANControl/install/odrive_can/include/odrive_can/odrive_can/srv/detail/axis_state__type_support.c
[4.255s] -- Up-to-date: /home/vedant/OdriveCANControl/install/odrive_can/include/odrive_can/odrive_can/srv/detail/axis_state__rosidl_typesupport_introspection_c.h
[4.256s] -- Up-to-date: /home/vedant/OdriveCANControl/install/odrive_can/include/odrive_can/odrive_can/msg
[4.256s] -- Up-to-date: /home/vedant/OdriveCANControl/install/odrive_can/include/odrive_can/odrive_can/msg/detail
[4.256s] -- Up-to-date: /home/vedant/OdriveCANControl/install/odrive_can/include/odrive_can/odrive_can/msg/detail/o_drive_status__rosidl_typesupport_introspection_c.h
[4.257s] -- Up-to-date: /home/vedant/OdriveCANControl/install/odrive_can/include/odrive_can/odrive_can/msg/detail/control_message__rosidl_typesupport_introspection_c.h
[4.257s] -- Up-to-date: /home/vedant/OdriveCANControl/install/odrive_can/include/odrive_can/odrive_can/msg/detail/control_message__type_support.c
[4.258s] -- Up-to-date: /home/vedant/OdriveCANControl/install/odrive_can/include/odrive_can/odrive_can/msg/detail/controller_status__type_support.c
[4.258s] -- Up-to-date: /home/vedant/OdriveCANControl/install/odrive_can/include/odrive_can/odrive_can/msg/detail/o_drive_status__type_support.c
[4.258s] -- Up-to-date: /home/vedant/OdriveCANControl/install/odrive_can/include/odrive_can/odrive_can/msg/detail/controller_status__rosidl_typesupport_introspection_c.h
[4.259s] -- Up-to-date: /home/vedant/OdriveCANControl/install/odrive_can/include/odrive_can/odrive_can/msg/rosidl_typesupport_introspection_c__visibility_control.h
[4.259s] -- Up-to-date: /home/vedant/OdriveCANControl/install/odrive_can/lib/libodrive_can__rosidl_typesupport_introspection_c.so
[4.261s] -- Up-to-date: /home/vedant/OdriveCANControl/install/odrive_can/lib/libodrive_can__rosidl_typesupport_c.so
[4.263s] -- Up-to-date: /home/vedant/OdriveCANControl/install/odrive_can/include/odrive_can/odrive_can
[4.263s] -- Up-to-date: /home/vedant/OdriveCANControl/install/odrive_can/include/odrive_can/odrive_can/srv
[4.263s] -- Up-to-date: /home/vedant/OdriveCANControl/install/odrive_can/include/odrive_can/odrive_can/srv/detail
[4.264s] -- Up-to-date: /home/vedant/OdriveCANControl/install/odrive_can/include/odrive_can/odrive_can/srv/detail/axis_state__type_support.cpp
[4.264s] -- Up-to-date: /home/vedant/OdriveCANControl/install/odrive_can/include/odrive_can/odrive_can/srv/detail/axis_state__rosidl_typesupport_introspection_cpp.hpp
[4.265s] -- Up-to-date: /home/vedant/OdriveCANControl/install/odrive_can/include/odrive_can/odrive_can/msg
[4.265s] -- Up-to-date: /home/vedant/OdriveCANControl/install/odrive_can/include/odrive_can/odrive_can/msg/detail
[4.265s] -- Up-to-date: /home/vedant/OdriveCANControl/install/odrive_can/include/odrive_can/odrive_can/msg/detail/controller_status__type_support.cpp
[4.266s] -- Up-to-date: /home/vedant/OdriveCANControl/install/odrive_can/include/odrive_can/odrive_can/msg/detail/o_drive_status__rosidl_typesupport_introspection_cpp.hpp
[4.266s] -- Up-to-date: /home/vedant/OdriveCANControl/install/odrive_can/include/odrive_can/odrive_can/msg/detail/o_drive_status__type_support.cpp
[4.267s] -- Up-to-date: /home/vedant/OdriveCANControl/install/odrive_can/include/odrive_can/odrive_can/msg/detail/control_message__rosidl_typesupport_introspection_cpp.hpp
[4.267s] -- Up-to-date: /home/vedant/OdriveCANControl/install/odrive_can/include/odrive_can/odrive_can/msg/detail/controller_status__rosidl_typesupport_introspection_cpp.hpp
[4.267s] -- Up-to-date: /home/vedant/OdriveCANControl/install/odrive_can/include/odrive_can/odrive_can/msg/detail/control_message__type_support.cpp
[4.280s] -- Up-to-date: /home/vedant/OdriveCANControl/install/odrive_can/lib/libodrive_can__rosidl_typesupport_introspection_cpp.so
[4.294s] -- Up-to-date: /home/vedant/OdriveCANControl/install/odrive_can/lib/libodrive_can__rosidl_typesupport_cpp.so
[4.295s] -- Up-to-date: /home/vedant/OdriveCANControl/install/odrive_can/share/odrive_can/environment/pythonpath.sh
[4.295s] -- Up-to-date: /home/vedant/OdriveCANControl/install/odrive_can/share/odrive_can/environment/pythonpath.dsv
[4.296s] -- Up-to-date: /home/vedant/OdriveCANControl/install/odrive_can/local/lib/python3.10/dist-packages/odrive_can-0.0.1-py3.10.egg-info
[4.296s] -- Installing: /home/vedant/OdriveCANControl/install/odrive_can/local/lib/python3.10/dist-packages/odrive_can-0.0.1-py3.10.egg-info/PKG-INFO
[4.298s] -- Installing: /home/vedant/OdriveCANControl/install/odrive_can/local/lib/python3.10/dist-packages/odrive_can-0.0.1-py3.10.egg-info/top_level.txt
[4.299s] -- Installing: /home/vedant/OdriveCANControl/install/odrive_can/local/lib/python3.10/dist-packages/odrive_can-0.0.1-py3.10.egg-info/dependency_links.txt
[4.300s] -- Installing: /home/vedant/OdriveCANControl/install/odrive_can/local/lib/python3.10/dist-packages/odrive_can-0.0.1-py3.10.egg-info/SOURCES.txt
[4.301s] -- Up-to-date: /home/vedant/OdriveCANControl/install/odrive_can/local/lib/python3.10/dist-packages/odrive_can
[4.302s] -- Up-to-date: /home/vedant/OdriveCANControl/install/odrive_can/local/lib/python3.10/dist-packages/odrive_can/srv
[4.302s] -- Up-to-date: /home/vedant/OdriveCANControl/install/odrive_can/local/lib/python3.10/dist-packages/odrive_can/srv/_axis_state_s.c
[4.303s] -- Up-to-date: /home/vedant/OdriveCANControl/install/odrive_can/local/lib/python3.10/dist-packages/odrive_can/srv/__init__.py
[4.303s] -- Up-to-date: /home/vedant/OdriveCANControl/install/odrive_can/local/lib/python3.10/dist-packages/odrive_can/srv/_axis_state.py
[4.304s] -- Up-to-date: /home/vedant/OdriveCANControl/install/odrive_can/local/lib/python3.10/dist-packages/odrive_can/msg
[4.304s] -- Up-to-date: /home/vedant/OdriveCANControl/install/odrive_can/local/lib/python3.10/dist-packages/odrive_can/msg/_o_drive_status_s.c
[4.305s] -- Up-to-date: /home/vedant/OdriveCANControl/install/odrive_can/local/lib/python3.10/dist-packages/odrive_can/msg/_o_drive_status.py
[4.305s] -- Up-to-date: /home/vedant/OdriveCANControl/install/odrive_can/local/lib/python3.10/dist-packages/odrive_can/msg/__init__.py
[4.306s] -- Up-to-date: /home/vedant/OdriveCANControl/install/odrive_can/local/lib/python3.10/dist-packages/odrive_can/msg/_controller_status.py
[4.306s] -- Up-to-date: /home/vedant/OdriveCANControl/install/odrive_can/local/lib/python3.10/dist-packages/odrive_can/msg/_control_message_s.c
[4.306s] -- Up-to-date: /home/vedant/OdriveCANControl/install/odrive_can/local/lib/python3.10/dist-packages/odrive_can/msg/_controller_status_s.c
[4.307s] -- Up-to-date: /home/vedant/OdriveCANControl/install/odrive_can/local/lib/python3.10/dist-packages/odrive_can/msg/_control_message.py
[4.307s] -- Up-to-date: /home/vedant/OdriveCANControl/install/odrive_can/local/lib/python3.10/dist-packages/odrive_can/_odrive_can_s.ep.rosidl_typesupport_introspection_c.c
[4.308s] -- Up-to-date: /home/vedant/OdriveCANControl/install/odrive_can/local/lib/python3.10/dist-packages/odrive_can/libodrive_can__rosidl_generator_py.so
[4.308s] -- Up-to-date: /home/vedant/OdriveCANControl/install/odrive_can/local/lib/python3.10/dist-packages/odrive_can/odrive_can_s__rosidl_typesupport_c.cpython-310-aarch64-linux-gnu.so
[4.309s] -- Up-to-date: /home/vedant/OdriveCANControl/install/odrive_can/local/lib/python3.10/dist-packages/odrive_can/_odrive_can_s.ep.rosidl_typesupport_c.c
[4.309s] -- Up-to-date: /home/vedant/OdriveCANControl/install/odrive_can/local/lib/python3.10/dist-packages/odrive_can/_odrive_can_s.ep.rosidl_typesupport_fastrtps_c.c
[4.309s] -- Up-to-date: /home/vedant/OdriveCANControl/install/odrive_can/local/lib/python3.10/dist-packages/odrive_can/__init__.py
[4.310s] -- Up-to-date: /home/vedant/OdriveCANControl/install/odrive_can/local/lib/python3.10/dist-packages/odrive_can/odrive_can_s__rosidl_typesupport_fastrtps_c.cpython-310-aarch64-linux-gnu.so
[4.310s] -- Up-to-date: /home/vedant/OdriveCANControl/install/odrive_can/local/lib/python3.10/dist-packages/odrive_can/odrive_can_s__rosidl_typesupport_introspection_c.cpython-310-aarch64-linux-gnu.so
[4.477s] Listing '/home/vedant/OdriveCANControl/install/odrive_can/local/lib/python3.10/dist-packages/odrive_can'...
[4.479s] Listing '/home/vedant/OdriveCANControl/install/odrive_can/local/lib/python3.10/dist-packages/odrive_can/msg'...
[4.480s] Listing '/home/vedant/OdriveCANControl/install/odrive_can/local/lib/python3.10/dist-packages/odrive_can/srv'...
[4.519s] -- Up-to-date: /home/vedant/OdriveCANControl/install/odrive_can/local/lib/python3.10/dist-packages/odrive_can/odrive_can_s__rosidl_typesupport_fastrtps_c.cpython-310-aarch64-linux-gnu.so
[4.532s] -- Up-to-date: /home/vedant/OdriveCANControl/install/odrive_can/local/lib/python3.10/dist-packages/odrive_can/odrive_can_s__rosidl_typesupport_introspection_c.cpython-310-aarch64-linux-gnu.so
[4.538s] -- Up-to-date: /home/vedant/OdriveCANControl/install/odrive_can/local/lib/python3.10/dist-packages/odrive_can/odrive_can_s__rosidl_typesupport_c.cpython-310-aarch64-linux-gnu.so
[4.541s] -- Up-to-date: /home/vedant/OdriveCANControl/install/odrive_can/lib/libodrive_can__rosidl_generator_py.so
[4.544s] -- Up-to-date: /home/vedant/OdriveCANControl/install/odrive_can/share/odrive_can/msg/ControlMessage.idl
[4.545s] -- Up-to-date: /home/vedant/OdriveCANControl/install/odrive_can/share/odrive_can/msg/ControllerStatus.idl
[4.546s] -- Up-to-date: /home/vedant/OdriveCANControl/install/odrive_can/share/odrive_can/msg/ODriveStatus.idl
[4.546s] -- Up-to-date: /home/vedant/OdriveCANControl/install/odrive_can/share/odrive_can/srv/AxisState.idl
[4.547s] -- Up-to-date: /home/vedant/OdriveCANControl/install/odrive_can/share/odrive_can/msg/ControlMessage.msg
[4.549s] -- Up-to-date: /home/vedant/OdriveCANControl/install/odrive_can/share/odrive_can/msg/ControllerStatus.msg
[4.550s] -- Up-to-date: /home/vedant/OdriveCANControl/install/odrive_can/share/odrive_can/msg/ODriveStatus.msg
[4.550s] -- Up-to-date: /home/vedant/OdriveCANControl/install/odrive_can/share/odrive_can/srv/AxisState.srv
[4.551s] -- Up-to-date: /home/vedant/OdriveCANControl/install/odrive_can/share/odrive_can/srv/AxisState_Request.msg
[4.551s] -- Up-to-date: /home/vedant/OdriveCANControl/install/odrive_can/share/odrive_can/srv/AxisState_Response.msg
[4.563s] -- Up-to-date: /home/vedant/OdriveCANControl/install/odrive_can/lib/odrive_can/odrive_can_node
[4.564s] -- Up-to-date: /home/vedant/OdriveCANControl/install/odrive_can/share/odrive_can/launch
[4.565s] -- Up-to-date: /home/vedant/OdriveCANControl/install/odrive_can/share/odrive_can/launch/example_launch.yaml
[4.566s] -- Up-to-date: /home/vedant/OdriveCANControl/install/odrive_can/share/ament_index/resource_index/package_run_dependencies/odrive_can
[4.567s] -- Up-to-date: /home/vedant/OdriveCANControl/install/odrive_can/share/ament_index/resource_index/parent_prefix_path/odrive_can
[4.567s] -- Up-to-date: /home/vedant/OdriveCANControl/install/odrive_can/share/odrive_can/environment/ament_prefix_path.sh
[4.568s] -- Up-to-date: /home/vedant/OdriveCANControl/install/odrive_can/share/odrive_can/environment/ament_prefix_path.dsv
[4.569s] -- Up-to-date: /home/vedant/OdriveCANControl/install/odrive_can/share/odrive_can/environment/path.sh
[4.569s] -- Up-to-date: /home/vedant/OdriveCANControl/install/odrive_can/share/odrive_can/environment/path.dsv
[4.570s] -- Up-to-date: /home/vedant/OdriveCANControl/install/odrive_can/share/odrive_can/local_setup.bash
[4.570s] -- Up-to-date: /home/vedant/OdriveCANControl/install/odrive_can/share/odrive_can/local_setup.sh
[4.571s] -- Up-to-date: /home/vedant/OdriveCANControl/install/odrive_can/share/odrive_can/local_setup.zsh
[4.571s] -- Up-to-date: /home/vedant/OdriveCANControl/install/odrive_can/share/odrive_can/local_setup.dsv
[4.572s] -- Installing: /home/vedant/OdriveCANControl/install/odrive_can/share/odrive_can/package.dsv
[4.575s] -- Up-to-date: /home/vedant/OdriveCANControl/install/odrive_can/share/ament_index/resource_index/packages/odrive_can
[4.583s] -- Up-to-date: /home/vedant/OdriveCANControl/install/odrive_can/share/odrive_can/cmake/export_odrive_can__rosidl_generator_cExport.cmake
[4.583s] -- Up-to-date: /home/vedant/OdriveCANControl/install/odrive_can/share/odrive_can/cmake/export_odrive_can__rosidl_generator_cExport-noconfig.cmake
[4.593s] -- Up-to-date: /home/vedant/OdriveCANControl/install/odrive_can/share/odrive_can/cmake/export_odrive_can__rosidl_typesupport_fastrtps_cExport.cmake
[4.594s] -- Up-to-date: /home/vedant/OdriveCANControl/install/odrive_can/share/odrive_can/cmake/export_odrive_can__rosidl_typesupport_fastrtps_cExport-noconfig.cmake
[4.603s] -- Up-to-date: /home/vedant/OdriveCANControl/install/odrive_can/share/odrive_can/cmake/export_odrive_can__rosidl_generator_cppExport.cmake
[4.612s] -- Up-to-date: /home/vedant/OdriveCANControl/install/odrive_can/share/odrive_can/cmake/export_odrive_can__rosidl_typesupport_fastrtps_cppExport.cmake
[4.613s] -- Up-to-date: /home/vedant/OdriveCANControl/install/odrive_can/share/odrive_can/cmake/export_odrive_can__rosidl_typesupport_fastrtps_cppExport-noconfig.cmake
[4.624s] -- Up-to-date: /home/vedant/OdriveCANControl/install/odrive_can/share/odrive_can/cmake/odrive_can__rosidl_typesupport_introspection_cExport.cmake
[4.624s] -- Up-to-date: /home/vedant/OdriveCANControl/install/odrive_can/share/odrive_can/cmake/odrive_can__rosidl_typesupport_introspection_cExport-noconfig.cmake
[4.633s] -- Up-to-date: /home/vedant/OdriveCANControl/install/odrive_can/share/odrive_can/cmake/odrive_can__rosidl_typesupport_cExport.cmake
[4.634s] -- Up-to-date: /home/vedant/OdriveCANControl/install/odrive_can/share/odrive_can/cmake/odrive_can__rosidl_typesupport_cExport-noconfig.cmake
[4.643s] -- Up-to-date: /home/vedant/OdriveCANControl/install/odrive_can/share/odrive_can/cmake/odrive_can__rosidl_typesupport_introspection_cppExport.cmake
[4.644s] -- Up-to-date: /home/vedant/OdriveCANControl/install/odrive_can/share/odrive_can/cmake/odrive_can__rosidl_typesupport_introspection_cppExport-noconfig.cmake
[4.653s] -- Up-to-date: /home/vedant/OdriveCANControl/install/odrive_can/share/odrive_can/cmake/odrive_can__rosidl_typesupport_cppExport.cmake
[4.654s] -- Up-to-date: /home/vedant/OdriveCANControl/install/odrive_can/share/odrive_can/cmake/odrive_can__rosidl_typesupport_cppExport-noconfig.cmake
[4.663s] -- Up-to-date: /home/vedant/OdriveCANControl/install/odrive_can/share/odrive_can/cmake/export_odrive_can__rosidl_generator_pyExport.cmake
[4.664s] -- Up-to-date: /home/vedant/OdriveCANControl/install/odrive_can/share/odrive_can/cmake/export_odrive_can__rosidl_generator_pyExport-noconfig.cmake
[4.665s] -- Up-to-date: /home/vedant/OdriveCANControl/install/odrive_can/share/odrive_can/cmake/rosidl_cmake-extras.cmake
[4.666s] -- Up-to-date: /home/vedant/OdriveCANControl/install/odrive_can/share/odrive_can/cmake/ament_cmake_export_include_directories-extras.cmake
[4.667s] -- Up-to-date: /home/vedant/OdriveCANControl/install/odrive_can/share/odrive_can/cmake/ament_cmake_export_libraries-extras.cmake
[4.668s] -- Up-to-date: /home/vedant/OdriveCANControl/install/odrive_can/share/odrive_can/cmake/ament_cmake_export_targets-extras.cmake
[4.669s] -- Up-to-date: /home/vedant/OdriveCANControl/install/odrive_can/share/odrive_can/cmake/rosidl_cmake_export_typesupport_targets-extras.cmake
[4.670s] -- Up-to-date: /home/vedant/OdriveCANControl/install/odrive_can/share/odrive_can/cmake/ament_cmake_export_dependencies-extras.cmake
[4.671s] -- Up-to-date: /home/vedant/OdriveCANControl/install/odrive_can/share/odrive_can/cmake/rosidl_cmake_export_typesupport_libraries-extras.cmake
[4.672s] -- Up-to-date: /home/vedant/OdriveCANControl/install/odrive_can/share/odrive_can/cmake/odrive_canConfig.cmake
[4.672s] -- Up-to-date: /home/vedant/OdriveCANControl/install/odrive_can/share/odrive_can/cmake/odrive_canConfig-version.cmake
[4.673s] -- Up-to-date: /home/vedant/OdriveCANControl/install/odrive_can/share/odrive_can/package.xml
[4.683s] Invoked command in '/home/vedant/OdriveCANControl/build/odrive_can' returned '0': CMAKE_PREFIX_PATH=/opt/ros/humble /usr/bin/cmake --install /home/vedant/OdriveCANControl/build/odrive_can
