[7.239s] Invoking command in '/home/vedant/OdriveCANControl/src/odrive_control_py': AMENT_PREFIX_PATH=/home/vedant/OdriveCANControl/install/custom_msgs:${AMENT_PREFIX_PATH} CMAKE_PREFIX_PATH=/home/vedant/OdriveCANControl/install/custom_msgs LD_LIBRARY_PATH=/home/vedant/OdriveCANControl/install/custom_msgs/lib:${LD_LIBRARY_PATH} PYTHONPATH=/home/vedant/OdriveCANControl/build/odrive_control_py/prefix_override:/usr/lib/python3/dist-packages/colcon_core/task/python/colcon_distutils_commands:/home/vedant/OdriveCANControl/install/odrive_control_py/lib/python3.10/site-packages:/home/vedant/OdriveCANControl/install/custom_msgs/local/lib/python3.10/dist-packages:${PYTHONPATH} /usr/bin/python3 -W ignore:setup.py install is deprecated -W ignore:easy_install command is deprecated setup.py egg_info --egg-base ../../build/odrive_control_py build --build-base /home/vedant/OdriveCANControl/build/odrive_control_py/build install --record /home/vedant/OdriveCANControl/build/odrive_control_py/install.log --single-version-externally-managed install_data
[9.556s] running egg_info
[9.560s] creating ../../build/odrive_control_py/odrive_control_py.egg-info
[9.561s] writing ../../build/odrive_control_py/odrive_control_py.egg-info/PKG-INFO
[9.562s] writing dependency_links to ../../build/odrive_control_py/odrive_control_py.egg-info/dependency_links.txt
[9.564s] writing entry points to ../../build/odrive_control_py/odrive_control_py.egg-info/entry_points.txt
[9.565s] writing requirements to ../../build/odrive_control_py/odrive_control_py.egg-info/requires.txt
[9.566s] writing top-level names to ../../build/odrive_control_py/odrive_control_py.egg-info/top_level.txt
[9.567s] writing manifest file '../../build/odrive_control_py/odrive_control_py.egg-info/SOURCES.txt'
[9.637s] reading manifest file '../../build/odrive_control_py/odrive_control_py.egg-info/SOURCES.txt'
[9.642s] writing manifest file '../../build/odrive_control_py/odrive_control_py.egg-info/SOURCES.txt'
[9.644s] running build
[9.646s] running build_py
[9.650s] creating /home/vedant/OdriveCANControl/build/odrive_control_py/build
[9.653s] creating /home/vedant/OdriveCANControl/build/odrive_control_py/build/lib
[9.655s] creating /home/vedant/OdriveCANControl/build/odrive_control_py/build/lib/odrive_control_py
[9.656s] copying odrive_control_py/encoder_read_node.py -> /home/vedant/OdriveCANControl/build/odrive_control_py/build/lib/odrive_control_py
[9.659s] copying odrive_control_py/FCM_test_node.py -> /home/vedant/OdriveCANControl/build/odrive_control_py/build/lib/odrive_control_py
[9.661s] copying odrive_control_py/app_tcp_server.py -> /home/vedant/OdriveCANControl/build/odrive_control_py/build/lib/odrive_control_py
[9.664s] copying odrive_control_py/Impedance_test_node copy.py -> /home/vedant/OdriveCANControl/build/odrive_control_py/build/lib/odrive_control_py
[9.665s] copying odrive_control_py/control_node.py -> /home/vedant/OdriveCANControl/build/odrive_control_py/build/lib/odrive_control_py
[9.666s] copying odrive_control_py/__init__.py -> /home/vedant/OdriveCANControl/build/odrive_control_py/build/lib/odrive_control_py
[9.671s] copying odrive_control_py/data_recording_node.py -> /home/vedant/OdriveCANControl/build/odrive_control_py/build/lib/odrive_control_py
[9.672s] copying odrive_control_py/app_server_node.py -> /home/vedant/OdriveCANControl/build/odrive_control_py/build/lib/odrive_control_py
[9.672s] copying odrive_control_py/trial_controlnode.py -> /home/vedant/OdriveCANControl/build/odrive_control_py/build/lib/odrive_control_py
[9.673s] running install
[9.674s] running install_lib
[9.680s] creating /home/vedant/OdriveCANControl/install/odrive_control_py/lib/python3.10/site-packages/odrive_control_py
[9.681s] copying /home/vedant/OdriveCANControl/build/odrive_control_py/build/lib/odrive_control_py/encoder_read_node.py -> /home/vedant/OdriveCANControl/install/odrive_control_py/lib/python3.10/site-packages/odrive_control_py
[9.682s] copying /home/vedant/OdriveCANControl/build/odrive_control_py/build/lib/odrive_control_py/FCM_test_node.py -> /home/vedant/OdriveCANControl/install/odrive_control_py/lib/python3.10/site-packages/odrive_control_py
[9.686s] copying /home/vedant/OdriveCANControl/build/odrive_control_py/build/lib/odrive_control_py/app_tcp_server.py -> /home/vedant/OdriveCANControl/install/odrive_control_py/lib/python3.10/site-packages/odrive_control_py
[9.686s] copying /home/vedant/OdriveCANControl/build/odrive_control_py/build/lib/odrive_control_py/Impedance_test_node copy.py -> /home/vedant/OdriveCANControl/install/odrive_control_py/lib/python3.10/site-packages/odrive_control_py
[9.687s] copying /home/vedant/OdriveCANControl/build/odrive_control_py/build/lib/odrive_control_py/control_node.py -> /home/vedant/OdriveCANControl/install/odrive_control_py/lib/python3.10/site-packages/odrive_control_py
[9.691s] copying /home/vedant/OdriveCANControl/build/odrive_control_py/build/lib/odrive_control_py/__init__.py -> /home/vedant/OdriveCANControl/install/odrive_control_py/lib/python3.10/site-packages/odrive_control_py
[9.691s] copying /home/vedant/OdriveCANControl/build/odrive_control_py/build/lib/odrive_control_py/data_recording_node.py -> /home/vedant/OdriveCANControl/install/odrive_control_py/lib/python3.10/site-packages/odrive_control_py
[9.694s] copying /home/vedant/OdriveCANControl/build/odrive_control_py/build/lib/odrive_control_py/app_server_node.py -> /home/vedant/OdriveCANControl/install/odrive_control_py/lib/python3.10/site-packages/odrive_control_py
[9.695s] copying /home/vedant/OdriveCANControl/build/odrive_control_py/build/lib/odrive_control_py/trial_controlnode.py -> /home/vedant/OdriveCANControl/install/odrive_control_py/lib/python3.10/site-packages/odrive_control_py
[9.696s] byte-compiling /home/vedant/OdriveCANControl/install/odrive_control_py/lib/python3.10/site-packages/odrive_control_py/encoder_read_node.py to encoder_read_node.cpython-310.pyc
[9.702s] byte-compiling /home/vedant/OdriveCANControl/install/odrive_control_py/lib/python3.10/site-packages/odrive_control_py/FCM_test_node.py to FCM_test_node.cpython-310.pyc
[9.705s] byte-compiling /home/vedant/OdriveCANControl/install/odrive_control_py/lib/python3.10/site-packages/odrive_control_py/app_tcp_server.py to app_tcp_server.cpython-310.pyc
[9.709s] byte-compiling /home/vedant/OdriveCANControl/install/odrive_control_py/lib/python3.10/site-packages/odrive_control_py/Impedance_test_node copy.py to Impedance_test_node copy.cpython-310.pyc
[9.713s] byte-compiling /home/vedant/OdriveCANControl/install/odrive_control_py/lib/python3.10/site-packages/odrive_control_py/control_node.py to control_node.cpython-310.pyc
[9.720s] byte-compiling /home/vedant/OdriveCANControl/install/odrive_control_py/lib/python3.10/site-packages/odrive_control_py/__init__.py to __init__.cpython-310.pyc
[9.721s] byte-compiling /home/vedant/OdriveCANControl/install/odrive_control_py/lib/python3.10/site-packages/odrive_control_py/data_recording_node.py to data_recording_node.cpython-310.pyc
[9.722s] byte-compiling /home/vedant/OdriveCANControl/install/odrive_control_py/lib/python3.10/site-packages/odrive_control_py/app_server_node.py to app_server_node.cpython-310.pyc
[9.732s] byte-compiling /home/vedant/OdriveCANControl/install/odrive_control_py/lib/python3.10/site-packages/odrive_control_py/trial_controlnode.py to trial_controlnode.cpython-310.pyc
[9.734s] running install_data
[9.735s] creating /home/vedant/OdriveCANControl/install/odrive_control_py/share/ament_index
[9.736s] creating /home/vedant/OdriveCANControl/install/odrive_control_py/share/ament_index/resource_index
[9.737s] creating /home/vedant/OdriveCANControl/install/odrive_control_py/share/ament_index/resource_index/packages
[9.738s] copying resource/odrive_control_py -> /home/vedant/OdriveCANControl/install/odrive_control_py/share/ament_index/resource_index/packages
[9.738s] copying package.xml -> /home/vedant/OdriveCANControl/install/odrive_control_py/share/odrive_control_py
[9.739s] creating /home/vedant/OdriveCANControl/install/odrive_control_py/share/odrive_control_py/config
[9.748s] copying config/params.yaml -> /home/vedant/OdriveCANControl/install/odrive_control_py/share/odrive_control_py/config
[9.749s] running install_egg_info
[9.760s] Copying ../../build/odrive_control_py/odrive_control_py.egg-info to /home/vedant/OdriveCANControl/install/odrive_control_py/lib/python3.10/site-packages/odrive_control_py-0.0.0-py3.10.egg-info
[9.765s] running install_scripts
[9.897s] Installing FCR_node script to /home/vedant/OdriveCANControl/install/odrive_control_py/lib/odrive_control_py
[9.898s] Installing app script to /home/vedant/OdriveCANControl/install/odrive_control_py/lib/odrive_control_py
[9.900s] Installing data_recording_node script to /home/vedant/OdriveCANControl/install/odrive_control_py/lib/odrive_control_py
[9.901s] Installing encoder_read_node script to /home/vedant/OdriveCANControl/install/odrive_control_py/lib/odrive_control_py
[9.902s] Installing odrive_control_node script to /home/vedant/OdriveCANControl/install/odrive_control_py/lib/odrive_control_py
[9.919s] Installing trial_odrive_control_node script to /home/vedant/OdriveCANControl/install/odrive_control_py/lib/odrive_control_py
[9.921s] writing list of installed files to '/home/vedant/OdriveCANControl/build/odrive_control_py/install.log'
[10.072s] Invoked command in '/home/vedant/OdriveCANControl/src/odrive_control_py' returned '0': AMENT_PREFIX_PATH=/home/vedant/OdriveCANControl/install/custom_msgs:${AMENT_PREFIX_PATH} CMAKE_PREFIX_PATH=/home/vedant/OdriveCANControl/install/custom_msgs LD_LIBRARY_PATH=/home/vedant/OdriveCANControl/install/custom_msgs/lib:${LD_LIBRARY_PATH} PYTHONPATH=/home/vedant/OdriveCANControl/build/odrive_control_py/prefix_override:/usr/lib/python3/dist-packages/colcon_core/task/python/colcon_distutils_commands:/home/vedant/OdriveCANControl/install/odrive_control_py/lib/python3.10/site-packages:/home/vedant/OdriveCANControl/install/custom_msgs/local/lib/python3.10/dist-packages:${PYTHONPATH} /usr/bin/python3 -W ignore:setup.py install is deprecated -W ignore:easy_install command is deprecated setup.py egg_info --egg-base ../../build/odrive_control_py build --build-base /home/vedant/OdriveCANControl/build/odrive_control_py/build install --record /home/vedant/OdriveCANControl/build/odrive_control_py/install.log --single-version-externally-managed install_data
