[0.000000] (-) TimerEvent: {}
[0.002117] (-) JobUnselected: {'identifier': 'app_server'}
[0.002750] (-) JobUnselected: {'identifier': 'custom_msgs'}
[0.003223] (-) JobUnselected: {'identifier': 'data_logging'}
[0.003341] (-) JobUnselected: {'identifier': 'encoder'}
[0.003426] (-) JobUnselected: {'identifier': 'odrive_botwheel_explorer'}
[0.003520] (-) JobUnselected: {'identifier': 'odrive_can'}
[0.003715] (-) JobUnselected: {'identifier': 'odrive_control_py'}
[0.004070] (-) JobUnselected: {'identifier': 'odrive_ros2_control'}
[0.004244] (-) JobUnselected: {'identifier': 'robot_launch'}
[0.004341] (-) JobUnselected: {'identifier': 'testing'}
[0.004445] (controller) JobQueued: {'identifier': 'controller', 'dependencies': OrderedDict([('custom_msgs', '/home/vedant/OdriveCANControl/install/custom_msgs'), ('odrive_can', '/home/vedant/OdriveCANControl/install/odrive_can')])}
[0.004588] (controller) JobStarted: {'identifier': 'controller'}
[0.099052] (-) TimerEvent: {}
[0.199871] (-) TimerEvent: {}
[0.300574] (-) TimerEvent: {}
[0.401438] (-) TimerEvent: {}
[0.502333] (-) TimerEvent: {}
[0.603341] (-) TimerEvent: {}
[0.704024] (-) TimerEvent: {}
[0.804691] (-) TimerEvent: {}
[0.905338] (-) TimerEvent: {}
[1.006031] (-) TimerEvent: {}
[1.106717] (-) TimerEvent: {}
[1.207434] (-) TimerEvent: {}
[1.308309] (-) TimerEvent: {}
[1.409409] (-) TimerEvent: {}
[1.422541] (controller) StderrLine: {'line': b'Traceback (most recent call last):\n  File "/usr/lib/python3/dist-packages/colcon_core/executor/__init__.py", line 91, in __call__\n    rc = await self.task(*args, **kwargs)\n  File "/usr/lib/python3/dist-packages/colcon_core/task/__init__.py", line 93, in __call__\n    return await task_method(*args, **kwargs)\n  File "/usr/lib/python3/dist-packages/colcon_ros/task/ament_python/build.py", line 51, in build\n    setup_py_data = get_setup_data(self.context.pkg, env)\n  File "/usr/lib/python3/dist-packages/colcon_core/task/python/__init__.py", line 20, in get_setup_data\n    return dict(pkg.metadata[key](env))\n  File "/usr/lib/python3/dist-packages/colcon_ros/package_augmentation/ros_ament_python.py", line 57, in getter\n    return get_setup_information(\n  File "/usr/lib/python3/dist-packages/colcon_python_setup_py/package_identification/python_setup_py.py", line 249, in get_setup_information\n    _setup_information_cache[hashable_env] = _get_setup_information(\n  File "/usr/lib/python3/dist-packages/colcon_python_setup_py/package_identification/python_setup_py.py", line 296, in _get_setup_information\n    result = subprocess.run(\n  File "/usr/lib/python3.10/subprocess.py", line 526, in run\n    raise CalledProcessError(retcode, process.args,\nsubprocess.CalledProcessError: Command \'[\'/usr/bin/python3\', \'-c\', \'import sys;from contextlib import suppress;exec("with suppress(ImportError):    from setuptools.extern.packaging.specifiers    import SpecifierSet");exec("with suppress(ImportError):    from packaging.specifiers import SpecifierSet");from distutils.core import run_setup;dist = run_setup(    \\\'setup.py\\\', script_args=(\\\'--dry-run\\\',), stop_after=\\\'config\\\');skip_keys = (\\\'cmdclass\\\', \\\'distclass\\\', \\\'ext_modules\\\', \\\'metadata\\\');data = {    key: value for key, value in dist.__dict__.items()     if (        not key.startswith(\\\'_\\\') and         not callable(value) and         key not in skip_keys and         key not in dist.display_option_names    )};data[\\\'metadata\\\'] = {    k: v for k, v in dist.metadata.__dict__.items()     if k not in (\\\'license_files\\\', \\\'provides_extras\\\')};sys.stdout.buffer.write(repr(data).encode(\\\'utf-8\\\'))\']\' returned non-zero exit status 1.\n'}
[1.425590] (controller) JobEnded: {'identifier': 'controller', 'rc': 1}
[1.435517] (-) EventReactorShutdown: {}
