[0.146s] DEBUG:colcon:Command line arguments: ['/usr/bin/colcon', 'build', '--packages-select', 'data_sync']
[0.147s] DEBUG:colcon:Parsed command line arguments: Namespace(log_base=None, log_level=None, verb_name='build', build_base='build', install_base='install', merge_install=False, symlink_install=False, test_result_base=None, continue_on_error=False, executor='parallel', parallel_workers=4, event_handlers=None, ignore_user_meta=False, metas=['./colcon.meta'], base_paths=['.'], packages_ignore=None, packages_ignore_regex=None, paths=None, packages_up_to=None, packages_up_to_regex=None, packages_above=None, packages_above_and_dependencies=None, packages_above_depth=None, packages_select_by_dep=None, packages_skip_by_dep=None, packages_skip_up_to=None, packages_select_build_failed=False, packages_skip_build_finished=False, packages_select_test_failures=False, packages_skip_test_passed=False, packages_select=['data_sync'], packages_skip=None, packages_select_regex=None, packages_skip_regex=None, packages_start=None, packages_end=None, allow_overriding=[], cmake_args=None, cmake_target=None, cmake_target_skip_unavailable=False, cmake_clean_cache=False, cmake_clean_first=False, cmake_force_configure=False, ament_cmake_args=None, catkin_cmake_args=None, catkin_skip_building_tests=False, verb_parser=<colcon_defaults.argument_parser.defaults.DefaultArgumentsDecorator object at 0x7120b6c08b80>, verb_extension=<colcon_core.verb.build.BuildVerb object at 0x7120b6dc62f0>, main=<bound method BuildVerb.main of <colcon_core.verb.build.BuildVerb object at 0x7120b6dc62f0>>)
[0.387s] Level 1:colcon.colcon_core.package_discovery:discover_packages(colcon_meta) check parameters
[0.387s] Level 1:colcon.colcon_core.package_discovery:discover_packages(recursive) check parameters
[0.387s] Level 1:colcon.colcon_core.package_discovery:discover_packages(ignore) check parameters
[0.387s] Level 1:colcon.colcon_core.package_discovery:discover_packages(path) check parameters
[0.387s] Level 1:colcon.colcon_core.package_discovery:discover_packages(colcon_meta) discover
[0.387s] Level 1:colcon.colcon_core.package_discovery:discover_packages(recursive) discover
[0.387s] INFO:colcon.colcon_core.package_discovery:Crawling recursively for packages in '/home/vedant/gaitlab_ws'
[0.388s] Level 1:colcon.colcon_core.package_identification:_identify(.) by extensions ['ignore', 'ignore_ament_install']
[0.388s] Level 1:colcon.colcon_core.package_identification:_identify(.) by extension 'ignore'
[0.388s] Level 1:colcon.colcon_core.package_identification:_identify(.) by extension 'ignore_ament_install'
[0.388s] Level 1:colcon.colcon_core.package_identification:_identify(.) by extensions ['colcon_pkg']
[0.388s] Level 1:colcon.colcon_core.package_identification:_identify(.) by extension 'colcon_pkg'
[0.388s] Level 1:colcon.colcon_core.package_identification:_identify(.) by extensions ['colcon_meta']
[0.388s] Level 1:colcon.colcon_core.package_identification:_identify(.) by extension 'colcon_meta'
[0.388s] Level 1:colcon.colcon_core.package_identification:_identify(.) by extensions ['ros']
[0.388s] Level 1:colcon.colcon_core.package_identification:_identify(.) by extension 'ros'
[0.404s] Level 1:colcon.colcon_core.package_identification:_identify(.) by extensions ['cmake', 'python']
[0.404s] Level 1:colcon.colcon_core.package_identification:_identify(.) by extension 'cmake'
[0.404s] Level 1:colcon.colcon_core.package_identification:_identify(.) by extension 'python'
[0.404s] Level 1:colcon.colcon_core.package_identification:_identify(.) by extensions ['python_setup_py']
[0.404s] Level 1:colcon.colcon_core.package_identification:_identify(.) by extension 'python_setup_py'
[0.405s] Level 1:colcon.colcon_core.package_identification:_identify(bag_files) by extensions ['ignore', 'ignore_ament_install']
[0.405s] Level 1:colcon.colcon_core.package_identification:_identify(bag_files) by extension 'ignore'
[0.405s] Level 1:colcon.colcon_core.package_identification:_identify(bag_files) by extension 'ignore_ament_install'
[0.405s] Level 1:colcon.colcon_core.package_identification:_identify(bag_files) by extensions ['colcon_pkg']
[0.405s] Level 1:colcon.colcon_core.package_identification:_identify(bag_files) by extension 'colcon_pkg'
[0.405s] Level 1:colcon.colcon_core.package_identification:_identify(bag_files) by extensions ['colcon_meta']
[0.405s] Level 1:colcon.colcon_core.package_identification:_identify(bag_files) by extension 'colcon_meta'
[0.405s] Level 1:colcon.colcon_core.package_identification:_identify(bag_files) by extensions ['ros']
[0.405s] Level 1:colcon.colcon_core.package_identification:_identify(bag_files) by extension 'ros'
[0.405s] Level 1:colcon.colcon_core.package_identification:_identify(bag_files) by extensions ['cmake', 'python']
[0.405s] Level 1:colcon.colcon_core.package_identification:_identify(bag_files) by extension 'cmake'
[0.405s] Level 1:colcon.colcon_core.package_identification:_identify(bag_files) by extension 'python'
[0.405s] Level 1:colcon.colcon_core.package_identification:_identify(bag_files) by extensions ['python_setup_py']
[0.405s] Level 1:colcon.colcon_core.package_identification:_identify(bag_files) by extension 'python_setup_py'
[0.406s] Level 1:colcon.colcon_core.package_identification:_identify(bag_files/rosbag2_2024_08_22-12_20_42) by extensions ['ignore', 'ignore_ament_install']
[0.406s] Level 1:colcon.colcon_core.package_identification:_identify(bag_files/rosbag2_2024_08_22-12_20_42) by extension 'ignore'
[0.406s] Level 1:colcon.colcon_core.package_identification:_identify(bag_files/rosbag2_2024_08_22-12_20_42) by extension 'ignore_ament_install'
[0.406s] Level 1:colcon.colcon_core.package_identification:_identify(bag_files/rosbag2_2024_08_22-12_20_42) by extensions ['colcon_pkg']
[0.406s] Level 1:colcon.colcon_core.package_identification:_identify(bag_files/rosbag2_2024_08_22-12_20_42) by extension 'colcon_pkg'
[0.406s] Level 1:colcon.colcon_core.package_identification:_identify(bag_files/rosbag2_2024_08_22-12_20_42) by extensions ['colcon_meta']
[0.406s] Level 1:colcon.colcon_core.package_identification:_identify(bag_files/rosbag2_2024_08_22-12_20_42) by extension 'colcon_meta'
[0.406s] Level 1:colcon.colcon_core.package_identification:_identify(bag_files/rosbag2_2024_08_22-12_20_42) by extensions ['ros']
[0.406s] Level 1:colcon.colcon_core.package_identification:_identify(bag_files/rosbag2_2024_08_22-12_20_42) by extension 'ros'
[0.406s] Level 1:colcon.colcon_core.package_identification:_identify(bag_files/rosbag2_2024_08_22-12_20_42) by extensions ['cmake', 'python']
[0.406s] Level 1:colcon.colcon_core.package_identification:_identify(bag_files/rosbag2_2024_08_22-12_20_42) by extension 'cmake'
[0.406s] Level 1:colcon.colcon_core.package_identification:_identify(bag_files/rosbag2_2024_08_22-12_20_42) by extension 'python'
[0.406s] Level 1:colcon.colcon_core.package_identification:_identify(bag_files/rosbag2_2024_08_22-12_20_42) by extensions ['python_setup_py']
[0.406s] Level 1:colcon.colcon_core.package_identification:_identify(bag_files/rosbag2_2024_08_22-12_20_42) by extension 'python_setup_py'
[0.406s] Level 1:colcon.colcon_core.package_identification:_identify(build) by extensions ['ignore', 'ignore_ament_install']
[0.407s] Level 1:colcon.colcon_core.package_identification:_identify(build) by extension 'ignore'
[0.407s] Level 1:colcon.colcon_core.package_identification:_identify(build) ignored
[0.407s] Level 1:colcon.colcon_core.package_identification:_identify(controller) by extensions ['ignore', 'ignore_ament_install']
[0.407s] Level 1:colcon.colcon_core.package_identification:_identify(controller) by extension 'ignore'
[0.407s] Level 1:colcon.colcon_core.package_identification:_identify(controller) by extension 'ignore_ament_install'
[0.407s] Level 1:colcon.colcon_core.package_identification:_identify(controller) by extensions ['colcon_pkg']
[0.407s] Level 1:colcon.colcon_core.package_identification:_identify(controller) by extension 'colcon_pkg'
[0.407s] Level 1:colcon.colcon_core.package_identification:_identify(controller) by extensions ['colcon_meta']
[0.407s] Level 1:colcon.colcon_core.package_identification:_identify(controller) by extension 'colcon_meta'
[0.407s] Level 1:colcon.colcon_core.package_identification:_identify(controller) by extensions ['ros']
[0.407s] Level 1:colcon.colcon_core.package_identification:_identify(controller) by extension 'ros'
[0.407s] Level 1:colcon.colcon_core.package_identification:_identify(controller) by extensions ['cmake', 'python']
[0.407s] Level 1:colcon.colcon_core.package_identification:_identify(controller) by extension 'cmake'
[0.407s] Level 1:colcon.colcon_core.package_identification:_identify(controller) by extension 'python'
[0.407s] Level 1:colcon.colcon_core.package_identification:_identify(controller) by extensions ['python_setup_py']
[0.408s] Level 1:colcon.colcon_core.package_identification:_identify(controller) by extension 'python_setup_py'
[0.408s] Level 1:colcon.colcon_core.package_identification:_identify(controller1) by extensions ['ignore', 'ignore_ament_install']
[0.408s] Level 1:colcon.colcon_core.package_identification:_identify(controller1) by extension 'ignore'
[0.408s] Level 1:colcon.colcon_core.package_identification:_identify(controller1) by extension 'ignore_ament_install'
[0.408s] Level 1:colcon.colcon_core.package_identification:_identify(controller1) by extensions ['colcon_pkg']
[0.408s] Level 1:colcon.colcon_core.package_identification:_identify(controller1) by extension 'colcon_pkg'
[0.408s] Level 1:colcon.colcon_core.package_identification:_identify(controller1) by extensions ['colcon_meta']
[0.408s] Level 1:colcon.colcon_core.package_identification:_identify(controller1) by extension 'colcon_meta'
[0.408s] Level 1:colcon.colcon_core.package_identification:_identify(controller1) by extensions ['ros']
[0.408s] Level 1:colcon.colcon_core.package_identification:_identify(controller1) by extension 'ros'
[0.408s] Level 1:colcon.colcon_core.package_identification:_identify(controller1) by extensions ['cmake', 'python']
[0.408s] Level 1:colcon.colcon_core.package_identification:_identify(controller1) by extension 'cmake'
[0.408s] Level 1:colcon.colcon_core.package_identification:_identify(controller1) by extension 'python'
[0.408s] Level 1:colcon.colcon_core.package_identification:_identify(controller1) by extensions ['python_setup_py']
[0.408s] Level 1:colcon.colcon_core.package_identification:_identify(controller1) by extension 'python_setup_py'
[0.408s] Level 1:colcon.colcon_core.package_identification:_identify(install) by extensions ['ignore', 'ignore_ament_install']
[0.409s] Level 1:colcon.colcon_core.package_identification:_identify(install) by extension 'ignore'
[0.409s] Level 1:colcon.colcon_core.package_identification:_identify(install) ignored
[0.409s] Level 1:colcon.colcon_core.package_identification:_identify(log) by extensions ['ignore', 'ignore_ament_install']
[0.409s] Level 1:colcon.colcon_core.package_identification:_identify(log) by extension 'ignore'
[0.409s] Level 1:colcon.colcon_core.package_identification:_identify(log) ignored
[0.409s] Level 1:colcon.colcon_core.package_identification:_identify(my_bag) by extensions ['ignore', 'ignore_ament_install']
[0.409s] Level 1:colcon.colcon_core.package_identification:_identify(my_bag) by extension 'ignore'
[0.409s] Level 1:colcon.colcon_core.package_identification:_identify(my_bag) by extension 'ignore_ament_install'
[0.409s] Level 1:colcon.colcon_core.package_identification:_identify(my_bag) by extensions ['colcon_pkg']
[0.409s] Level 1:colcon.colcon_core.package_identification:_identify(my_bag) by extension 'colcon_pkg'
[0.409s] Level 1:colcon.colcon_core.package_identification:_identify(my_bag) by extensions ['colcon_meta']
[0.409s] Level 1:colcon.colcon_core.package_identification:_identify(my_bag) by extension 'colcon_meta'
[0.409s] Level 1:colcon.colcon_core.package_identification:_identify(my_bag) by extensions ['ros']
[0.409s] Level 1:colcon.colcon_core.package_identification:_identify(my_bag) by extension 'ros'
[0.410s] Level 1:colcon.colcon_core.package_identification:_identify(my_bag) by extensions ['cmake', 'python']
[0.410s] Level 1:colcon.colcon_core.package_identification:_identify(my_bag) by extension 'cmake'
[0.410s] Level 1:colcon.colcon_core.package_identification:_identify(my_bag) by extension 'python'
[0.410s] Level 1:colcon.colcon_core.package_identification:_identify(my_bag) by extensions ['python_setup_py']
[0.410s] Level 1:colcon.colcon_core.package_identification:_identify(my_bag) by extension 'python_setup_py'
[0.410s] Level 1:colcon.colcon_core.package_identification:_identify(my_talker_bag) by extensions ['ignore', 'ignore_ament_install']
[0.410s] Level 1:colcon.colcon_core.package_identification:_identify(my_talker_bag) by extension 'ignore'
[0.410s] Level 1:colcon.colcon_core.package_identification:_identify(my_talker_bag) by extension 'ignore_ament_install'
[0.410s] Level 1:colcon.colcon_core.package_identification:_identify(my_talker_bag) by extensions ['colcon_pkg']
[0.410s] Level 1:colcon.colcon_core.package_identification:_identify(my_talker_bag) by extension 'colcon_pkg'
[0.410s] Level 1:colcon.colcon_core.package_identification:_identify(my_talker_bag) by extensions ['colcon_meta']
[0.410s] Level 1:colcon.colcon_core.package_identification:_identify(my_talker_bag) by extension 'colcon_meta'
[0.410s] Level 1:colcon.colcon_core.package_identification:_identify(my_talker_bag) by extensions ['ros']
[0.410s] Level 1:colcon.colcon_core.package_identification:_identify(my_talker_bag) by extension 'ros'
[0.410s] Level 1:colcon.colcon_core.package_identification:_identify(my_talker_bag) by extensions ['cmake', 'python']
[0.411s] Level 1:colcon.colcon_core.package_identification:_identify(my_talker_bag) by extension 'cmake'
[0.411s] Level 1:colcon.colcon_core.package_identification:_identify(my_talker_bag) by extension 'python'
[0.411s] Level 1:colcon.colcon_core.package_identification:_identify(my_talker_bag) by extensions ['python_setup_py']
[0.411s] Level 1:colcon.colcon_core.package_identification:_identify(my_talker_bag) by extension 'python_setup_py'
[0.411s] Level 1:colcon.colcon_core.package_identification:_identify(my_talker_bag12) by extensions ['ignore', 'ignore_ament_install']
[0.411s] Level 1:colcon.colcon_core.package_identification:_identify(my_talker_bag12) by extension 'ignore'
[0.411s] Level 1:colcon.colcon_core.package_identification:_identify(my_talker_bag12) by extension 'ignore_ament_install'
[0.411s] Level 1:colcon.colcon_core.package_identification:_identify(my_talker_bag12) by extensions ['colcon_pkg']
[0.411s] Level 1:colcon.colcon_core.package_identification:_identify(my_talker_bag12) by extension 'colcon_pkg'
[0.411s] Level 1:colcon.colcon_core.package_identification:_identify(my_talker_bag12) by extensions ['colcon_meta']
[0.411s] Level 1:colcon.colcon_core.package_identification:_identify(my_talker_bag12) by extension 'colcon_meta'
[0.411s] Level 1:colcon.colcon_core.package_identification:_identify(my_talker_bag12) by extensions ['ros']
[0.411s] Level 1:colcon.colcon_core.package_identification:_identify(my_talker_bag12) by extension 'ros'
[0.411s] Level 1:colcon.colcon_core.package_identification:_identify(my_talker_bag12) by extensions ['cmake', 'python']
[0.411s] Level 1:colcon.colcon_core.package_identification:_identify(my_talker_bag12) by extension 'cmake'
[0.411s] Level 1:colcon.colcon_core.package_identification:_identify(my_talker_bag12) by extension 'python'
[0.411s] Level 1:colcon.colcon_core.package_identification:_identify(my_talker_bag12) by extensions ['python_setup_py']
[0.411s] Level 1:colcon.colcon_core.package_identification:_identify(my_talker_bag12) by extension 'python_setup_py'
[0.412s] Level 1:colcon.colcon_core.package_identification:_identify(src) by extensions ['ignore', 'ignore_ament_install']
[0.412s] Level 1:colcon.colcon_core.package_identification:_identify(src) by extension 'ignore'
[0.412s] Level 1:colcon.colcon_core.package_identification:_identify(src) by extension 'ignore_ament_install'
[0.412s] Level 1:colcon.colcon_core.package_identification:_identify(src) by extensions ['colcon_pkg']
[0.412s] Level 1:colcon.colcon_core.package_identification:_identify(src) by extension 'colcon_pkg'
[0.412s] Level 1:colcon.colcon_core.package_identification:_identify(src) by extensions ['colcon_meta']
[0.412s] Level 1:colcon.colcon_core.package_identification:_identify(src) by extension 'colcon_meta'
[0.412s] Level 1:colcon.colcon_core.package_identification:_identify(src) by extensions ['ros']
[0.412s] Level 1:colcon.colcon_core.package_identification:_identify(src) by extension 'ros'
[0.412s] Level 1:colcon.colcon_core.package_identification:_identify(src) by extensions ['cmake', 'python']
[0.412s] Level 1:colcon.colcon_core.package_identification:_identify(src) by extension 'cmake'
[0.412s] Level 1:colcon.colcon_core.package_identification:_identify(src) by extension 'python'
[0.412s] Level 1:colcon.colcon_core.package_identification:_identify(src) by extensions ['python_setup_py']
[0.412s] Level 1:colcon.colcon_core.package_identification:_identify(src) by extension 'python_setup_py'
[0.412s] Level 1:colcon.colcon_core.package_identification:_identify(src/bag_recorder_nodes_py) by extensions ['ignore', 'ignore_ament_install']
[0.412s] Level 1:colcon.colcon_core.package_identification:_identify(src/bag_recorder_nodes_py) by extension 'ignore'
[0.413s] Level 1:colcon.colcon_core.package_identification:_identify(src/bag_recorder_nodes_py) by extension 'ignore_ament_install'
[0.413s] Level 1:colcon.colcon_core.package_identification:_identify(src/bag_recorder_nodes_py) by extensions ['colcon_pkg']
[0.413s] Level 1:colcon.colcon_core.package_identification:_identify(src/bag_recorder_nodes_py) by extension 'colcon_pkg'
[0.413s] Level 1:colcon.colcon_core.package_identification:_identify(src/bag_recorder_nodes_py) by extensions ['colcon_meta']
[0.413s] Level 1:colcon.colcon_core.package_identification:_identify(src/bag_recorder_nodes_py) by extension 'colcon_meta'
[0.413s] Level 1:colcon.colcon_core.package_identification:_identify(src/bag_recorder_nodes_py) by extensions ['ros']
[0.413s] Level 1:colcon.colcon_core.package_identification:_identify(src/bag_recorder_nodes_py) by extension 'ros'
[0.425s] DEBUG:colcon.colcon_core.package_identification:Package 'src/bag_recorder_nodes_py' with type 'ros.ament_python' and name 'bag_recorder_nodes_py'
[0.425s] Level 1:colcon.colcon_core.package_identification:_identify(src/data_sync) by extensions ['ignore', 'ignore_ament_install']
[0.425s] Level 1:colcon.colcon_core.package_identification:_identify(src/data_sync) by extension 'ignore'
[0.425s] Level 1:colcon.colcon_core.package_identification:_identify(src/data_sync) by extension 'ignore_ament_install'
[0.425s] Level 1:colcon.colcon_core.package_identification:_identify(src/data_sync) by extensions ['colcon_pkg']
[0.425s] Level 1:colcon.colcon_core.package_identification:_identify(src/data_sync) by extension 'colcon_pkg'
[0.426s] Level 1:colcon.colcon_core.package_identification:_identify(src/data_sync) by extensions ['colcon_meta']
[0.426s] Level 1:colcon.colcon_core.package_identification:_identify(src/data_sync) by extension 'colcon_meta'
[0.426s] Level 1:colcon.colcon_core.package_identification:_identify(src/data_sync) by extensions ['ros']
[0.426s] Level 1:colcon.colcon_core.package_identification:_identify(src/data_sync) by extension 'ros'
[0.427s] DEBUG:colcon.colcon_core.package_identification:Package 'src/data_sync' with type 'ros.ament_cmake' and name 'data_sync'
[0.427s] Level 1:colcon.colcon_core.package_identification:_identify(src/odrive_control) by extensions ['ignore', 'ignore_ament_install']
[0.427s] Level 1:colcon.colcon_core.package_identification:_identify(src/odrive_control) by extension 'ignore'
[0.427s] Level 1:colcon.colcon_core.package_identification:_identify(src/odrive_control) by extension 'ignore_ament_install'
[0.427s] Level 1:colcon.colcon_core.package_identification:_identify(src/odrive_control) by extensions ['colcon_pkg']
[0.427s] Level 1:colcon.colcon_core.package_identification:_identify(src/odrive_control) by extension 'colcon_pkg'
[0.427s] Level 1:colcon.colcon_core.package_identification:_identify(src/odrive_control) by extensions ['colcon_meta']
[0.427s] Level 1:colcon.colcon_core.package_identification:_identify(src/odrive_control) by extension 'colcon_meta'
[0.427s] Level 1:colcon.colcon_core.package_identification:_identify(src/odrive_control) by extensions ['ros']
[0.427s] Level 1:colcon.colcon_core.package_identification:_identify(src/odrive_control) by extension 'ros'
[0.428s] DEBUG:colcon.colcon_core.package_identification:Package 'src/odrive_control' with type 'ros.ament_cmake' and name 'odrive_control'
[0.428s] Level 1:colcon.colcon_core.package_identification:_identify(src/odrive_control_cpp) by extensions ['ignore', 'ignore_ament_install']
[0.429s] Level 1:colcon.colcon_core.package_identification:_identify(src/odrive_control_cpp) by extension 'ignore'
[0.429s] Level 1:colcon.colcon_core.package_identification:_identify(src/odrive_control_cpp) by extension 'ignore_ament_install'
[0.429s] Level 1:colcon.colcon_core.package_identification:_identify(src/odrive_control_cpp) by extensions ['colcon_pkg']
[0.429s] Level 1:colcon.colcon_core.package_identification:_identify(src/odrive_control_cpp) by extension 'colcon_pkg'
[0.429s] Level 1:colcon.colcon_core.package_identification:_identify(src/odrive_control_cpp) by extensions ['colcon_meta']
[0.429s] Level 1:colcon.colcon_core.package_identification:_identify(src/odrive_control_cpp) by extension 'colcon_meta'
[0.429s] Level 1:colcon.colcon_core.package_identification:_identify(src/odrive_control_cpp) by extensions ['ros']
[0.429s] Level 1:colcon.colcon_core.package_identification:_identify(src/odrive_control_cpp) by extension 'ros'
[0.430s] DEBUG:colcon.colcon_core.package_identification:Package 'src/odrive_control_cpp' with type 'ros.ament_cmake' and name 'odrive_control_cpp'
[0.430s] Level 1:colcon.colcon_core.package_identification:_identify(src/odrive_control_py) by extensions ['ignore', 'ignore_ament_install']
[0.431s] Level 1:colcon.colcon_core.package_identification:_identify(src/odrive_control_py) by extension 'ignore'
[0.431s] Level 1:colcon.colcon_core.package_identification:_identify(src/odrive_control_py) by extension 'ignore_ament_install'
[0.431s] Level 1:colcon.colcon_core.package_identification:_identify(src/odrive_control_py) by extensions ['colcon_pkg']
[0.431s] Level 1:colcon.colcon_core.package_identification:_identify(src/odrive_control_py) by extension 'colcon_pkg'
[0.431s] Level 1:colcon.colcon_core.package_identification:_identify(src/odrive_control_py) by extensions ['colcon_meta']
[0.431s] Level 1:colcon.colcon_core.package_identification:_identify(src/odrive_control_py) by extension 'colcon_meta'
[0.431s] Level 1:colcon.colcon_core.package_identification:_identify(src/odrive_control_py) by extensions ['ros']
[0.431s] Level 1:colcon.colcon_core.package_identification:_identify(src/odrive_control_py) by extension 'ros'
[0.432s] DEBUG:colcon.colcon_core.package_identification:Package 'src/odrive_control_py' with type 'ros.ament_python' and name 'odrive_control_py'
[0.432s] Level 1:colcon.colcon_core.package_identification:_identify(src/ros_odrive) by extensions ['ignore', 'ignore_ament_install']
[0.432s] Level 1:colcon.colcon_core.package_identification:_identify(src/ros_odrive) by extension 'ignore'
[0.432s] Level 1:colcon.colcon_core.package_identification:_identify(src/ros_odrive) by extension 'ignore_ament_install'
[0.432s] Level 1:colcon.colcon_core.package_identification:_identify(src/ros_odrive) by extensions ['colcon_pkg']
[0.432s] Level 1:colcon.colcon_core.package_identification:_identify(src/ros_odrive) by extension 'colcon_pkg'
[0.432s] Level 1:colcon.colcon_core.package_identification:_identify(src/ros_odrive) by extensions ['colcon_meta']
[0.432s] Level 1:colcon.colcon_core.package_identification:_identify(src/ros_odrive) by extension 'colcon_meta'
[0.432s] Level 1:colcon.colcon_core.package_identification:_identify(src/ros_odrive) by extensions ['ros']
[0.432s] Level 1:colcon.colcon_core.package_identification:_identify(src/ros_odrive) by extension 'ros'
[0.432s] Level 1:colcon.colcon_core.package_identification:_identify(src/ros_odrive) by extensions ['cmake', 'python']
[0.433s] Level 1:colcon.colcon_core.package_identification:_identify(src/ros_odrive) by extension 'cmake'
[0.433s] Level 1:colcon.colcon_core.package_identification:_identify(src/ros_odrive) by extension 'python'
[0.433s] Level 1:colcon.colcon_core.package_identification:_identify(src/ros_odrive) by extensions ['python_setup_py']
[0.433s] Level 1:colcon.colcon_core.package_identification:_identify(src/ros_odrive) by extension 'python_setup_py'
[0.433s] Level 1:colcon.colcon_core.package_identification:_identify(src/ros_odrive/odrive_base) by extensions ['ignore', 'ignore_ament_install']
[0.433s] Level 1:colcon.colcon_core.package_identification:_identify(src/ros_odrive/odrive_base) by extension 'ignore'
[0.433s] Level 1:colcon.colcon_core.package_identification:_identify(src/ros_odrive/odrive_base) by extension 'ignore_ament_install'
[0.433s] Level 1:colcon.colcon_core.package_identification:_identify(src/ros_odrive/odrive_base) by extensions ['colcon_pkg']
[0.433s] Level 1:colcon.colcon_core.package_identification:_identify(src/ros_odrive/odrive_base) by extension 'colcon_pkg'
[0.433s] Level 1:colcon.colcon_core.package_identification:_identify(src/ros_odrive/odrive_base) by extensions ['colcon_meta']
[0.433s] Level 1:colcon.colcon_core.package_identification:_identify(src/ros_odrive/odrive_base) by extension 'colcon_meta'
[0.433s] Level 1:colcon.colcon_core.package_identification:_identify(src/ros_odrive/odrive_base) by extensions ['ros']
[0.433s] Level 1:colcon.colcon_core.package_identification:_identify(src/ros_odrive/odrive_base) by extension 'ros'
[0.433s] Level 1:colcon.colcon_core.package_identification:_identify(src/ros_odrive/odrive_base) by extensions ['cmake', 'python']
[0.433s] Level 1:colcon.colcon_core.package_identification:_identify(src/ros_odrive/odrive_base) by extension 'cmake'
[0.433s] Level 1:colcon.colcon_core.package_identification:_identify(src/ros_odrive/odrive_base) by extension 'python'
[0.434s] Level 1:colcon.colcon_core.package_identification:_identify(src/ros_odrive/odrive_base) by extensions ['python_setup_py']
[0.434s] Level 1:colcon.colcon_core.package_identification:_identify(src/ros_odrive/odrive_base) by extension 'python_setup_py'
[0.434s] Level 1:colcon.colcon_core.package_identification:_identify(src/ros_odrive/odrive_base/include) by extensions ['ignore', 'ignore_ament_install']
[0.434s] Level 1:colcon.colcon_core.package_identification:_identify(src/ros_odrive/odrive_base/include) by extension 'ignore'
[0.434s] Level 1:colcon.colcon_core.package_identification:_identify(src/ros_odrive/odrive_base/include) by extension 'ignore_ament_install'
[0.434s] Level 1:colcon.colcon_core.package_identification:_identify(src/ros_odrive/odrive_base/include) by extensions ['colcon_pkg']
[0.434s] Level 1:colcon.colcon_core.package_identification:_identify(src/ros_odrive/odrive_base/include) by extension 'colcon_pkg'
[0.434s] Level 1:colcon.colcon_core.package_identification:_identify(src/ros_odrive/odrive_base/include) by extensions ['colcon_meta']
[0.434s] Level 1:colcon.colcon_core.package_identification:_identify(src/ros_odrive/odrive_base/include) by extension 'colcon_meta'
[0.434s] Level 1:colcon.colcon_core.package_identification:_identify(src/ros_odrive/odrive_base/include) by extensions ['ros']
[0.434s] Level 1:colcon.colcon_core.package_identification:_identify(src/ros_odrive/odrive_base/include) by extension 'ros'
[0.434s] Level 1:colcon.colcon_core.package_identification:_identify(src/ros_odrive/odrive_base/include) by extensions ['cmake', 'python']
[0.434s] Level 1:colcon.colcon_core.package_identification:_identify(src/ros_odrive/odrive_base/include) by extension 'cmake'
[0.434s] Level 1:colcon.colcon_core.package_identification:_identify(src/ros_odrive/odrive_base/include) by extension 'python'
[0.434s] Level 1:colcon.colcon_core.package_identification:_identify(src/ros_odrive/odrive_base/include) by extensions ['python_setup_py']
[0.434s] Level 1:colcon.colcon_core.package_identification:_identify(src/ros_odrive/odrive_base/include) by extension 'python_setup_py'
[0.435s] Level 1:colcon.colcon_core.package_identification:_identify(src/ros_odrive/odrive_base/src) by extensions ['ignore', 'ignore_ament_install']
[0.435s] Level 1:colcon.colcon_core.package_identification:_identify(src/ros_odrive/odrive_base/src) by extension 'ignore'
[0.435s] Level 1:colcon.colcon_core.package_identification:_identify(src/ros_odrive/odrive_base/src) by extension 'ignore_ament_install'
[0.435s] Level 1:colcon.colcon_core.package_identification:_identify(src/ros_odrive/odrive_base/src) by extensions ['colcon_pkg']
[0.435s] Level 1:colcon.colcon_core.package_identification:_identify(src/ros_odrive/odrive_base/src) by extension 'colcon_pkg'
[0.435s] Level 1:colcon.colcon_core.package_identification:_identify(src/ros_odrive/odrive_base/src) by extensions ['colcon_meta']
[0.435s] Level 1:colcon.colcon_core.package_identification:_identify(src/ros_odrive/odrive_base/src) by extension 'colcon_meta'
[0.435s] Level 1:colcon.colcon_core.package_identification:_identify(src/ros_odrive/odrive_base/src) by extensions ['ros']
[0.435s] Level 1:colcon.colcon_core.package_identification:_identify(src/ros_odrive/odrive_base/src) by extension 'ros'
[0.435s] Level 1:colcon.colcon_core.package_identification:_identify(src/ros_odrive/odrive_base/src) by extensions ['cmake', 'python']
[0.435s] Level 1:colcon.colcon_core.package_identification:_identify(src/ros_odrive/odrive_base/src) by extension 'cmake'
[0.435s] Level 1:colcon.colcon_core.package_identification:_identify(src/ros_odrive/odrive_base/src) by extension 'python'
[0.435s] Level 1:colcon.colcon_core.package_identification:_identify(src/ros_odrive/odrive_base/src) by extensions ['python_setup_py']
[0.435s] Level 1:colcon.colcon_core.package_identification:_identify(src/ros_odrive/odrive_base/src) by extension 'python_setup_py'
[0.435s] Level 1:colcon.colcon_core.package_identification:_identify(src/ros_odrive/odrive_botwheel_explorer) by extensions ['ignore', 'ignore_ament_install']
[0.436s] Level 1:colcon.colcon_core.package_identification:_identify(src/ros_odrive/odrive_botwheel_explorer) by extension 'ignore'
[0.436s] Level 1:colcon.colcon_core.package_identification:_identify(src/ros_odrive/odrive_botwheel_explorer) by extension 'ignore_ament_install'
[0.436s] Level 1:colcon.colcon_core.package_identification:_identify(src/ros_odrive/odrive_botwheel_explorer) by extensions ['colcon_pkg']
[0.436s] Level 1:colcon.colcon_core.package_identification:_identify(src/ros_odrive/odrive_botwheel_explorer) by extension 'colcon_pkg'
[0.436s] Level 1:colcon.colcon_core.package_identification:_identify(src/ros_odrive/odrive_botwheel_explorer) by extensions ['colcon_meta']
[0.436s] Level 1:colcon.colcon_core.package_identification:_identify(src/ros_odrive/odrive_botwheel_explorer) by extension 'colcon_meta'
[0.436s] Level 1:colcon.colcon_core.package_identification:_identify(src/ros_odrive/odrive_botwheel_explorer) by extensions ['ros']
[0.436s] Level 1:colcon.colcon_core.package_identification:_identify(src/ros_odrive/odrive_botwheel_explorer) by extension 'ros'
[0.437s] DEBUG:colcon.colcon_core.package_identification:Package 'src/ros_odrive/odrive_botwheel_explorer' with type 'ros.ament_cmake' and name 'odrive_botwheel_explorer'
[0.437s] Level 1:colcon.colcon_core.package_identification:_identify(src/ros_odrive/odrive_node) by extensions ['ignore', 'ignore_ament_install']
[0.437s] Level 1:colcon.colcon_core.package_identification:_identify(src/ros_odrive/odrive_node) by extension 'ignore'
[0.437s] Level 1:colcon.colcon_core.package_identification:_identify(src/ros_odrive/odrive_node) by extension 'ignore_ament_install'
[0.437s] Level 1:colcon.colcon_core.package_identification:_identify(src/ros_odrive/odrive_node) by extensions ['colcon_pkg']
[0.437s] Level 1:colcon.colcon_core.package_identification:_identify(src/ros_odrive/odrive_node) by extension 'colcon_pkg'
[0.437s] Level 1:colcon.colcon_core.package_identification:_identify(src/ros_odrive/odrive_node) by extensions ['colcon_meta']
[0.437s] Level 1:colcon.colcon_core.package_identification:_identify(src/ros_odrive/odrive_node) by extension 'colcon_meta'
[0.437s] Level 1:colcon.colcon_core.package_identification:_identify(src/ros_odrive/odrive_node) by extensions ['ros']
[0.437s] Level 1:colcon.colcon_core.package_identification:_identify(src/ros_odrive/odrive_node) by extension 'ros'
[0.438s] DEBUG:colcon.colcon_core.package_identification:Package 'src/ros_odrive/odrive_node' with type 'ros.ament_cmake' and name 'odrive_can'
[0.438s] Level 1:colcon.colcon_core.package_identification:_identify(src/ros_odrive/odrive_ros2_control) by extensions ['ignore', 'ignore_ament_install']
[0.438s] Level 1:colcon.colcon_core.package_identification:_identify(src/ros_odrive/odrive_ros2_control) by extension 'ignore'
[0.438s] Level 1:colcon.colcon_core.package_identification:_identify(src/ros_odrive/odrive_ros2_control) by extension 'ignore_ament_install'
[0.439s] Level 1:colcon.colcon_core.package_identification:_identify(src/ros_odrive/odrive_ros2_control) by extensions ['colcon_pkg']
[0.439s] Level 1:colcon.colcon_core.package_identification:_identify(src/ros_odrive/odrive_ros2_control) by extension 'colcon_pkg'
[0.439s] Level 1:colcon.colcon_core.package_identification:_identify(src/ros_odrive/odrive_ros2_control) by extensions ['colcon_meta']
[0.439s] Level 1:colcon.colcon_core.package_identification:_identify(src/ros_odrive/odrive_ros2_control) by extension 'colcon_meta'
[0.439s] Level 1:colcon.colcon_core.package_identification:_identify(src/ros_odrive/odrive_ros2_control) by extensions ['ros']
[0.439s] Level 1:colcon.colcon_core.package_identification:_identify(src/ros_odrive/odrive_ros2_control) by extension 'ros'
[0.440s] DEBUG:colcon.colcon_core.package_identification:Package 'src/ros_odrive/odrive_ros2_control' with type 'ros.ament_cmake' and name 'odrive_ros2_control'
[0.440s] Level 1:colcon.colcon_core.package_discovery:discover_packages(recursive) using defaults
[0.440s] Level 1:colcon.colcon_core.package_discovery:discover_packages(ignore) discover
[0.440s] Level 1:colcon.colcon_core.package_discovery:discover_packages(ignore) using defaults
[0.440s] Level 1:colcon.colcon_core.package_discovery:discover_packages(path) discover
[0.440s] Level 1:colcon.colcon_core.package_discovery:discover_packages(path) using defaults
[0.468s] INFO:colcon.colcon_core.package_selection:Skipping not selected package 'bag_recorder_nodes_py' in 'src/bag_recorder_nodes_py'
[0.468s] INFO:colcon.colcon_core.package_selection:Skipping not selected package 'odrive_can' in 'src/ros_odrive/odrive_node'
[0.468s] INFO:colcon.colcon_core.package_selection:Skipping not selected package 'odrive_control' in 'src/odrive_control'
[0.468s] INFO:colcon.colcon_core.package_selection:Skipping not selected package 'odrive_ros2_control' in 'src/ros_odrive/odrive_ros2_control'
[0.468s] INFO:colcon.colcon_core.package_selection:Skipping not selected package 'odrive_botwheel_explorer' in 'src/ros_odrive/odrive_botwheel_explorer'
[0.468s] INFO:colcon.colcon_core.package_selection:Skipping not selected package 'odrive_control_cpp' in 'src/odrive_control_cpp'
[0.468s] INFO:colcon.colcon_core.package_selection:Skipping not selected package 'odrive_control_py' in 'src/odrive_control_py'
[0.469s] Level 1:colcon.colcon_core.package_discovery:discover_packages(prefix_path) check parameters
[0.469s] Level 1:colcon.colcon_core.package_discovery:discover_packages(prefix_path) discover
[0.472s] DEBUG:colcon.colcon_installed_package_information.package_discovery:Found 371 installed packages in /opt/ros/humble
[0.491s] Level 1:colcon.colcon_core.package_discovery:discover_packages(prefix_path) using defaults
[0.568s] Level 5:colcon.colcon_core.verb:set package 'data_sync' build argument 'cmake_args' from command line to 'None'
[0.568s] Level 5:colcon.colcon_core.verb:set package 'data_sync' build argument 'cmake_target' from command line to 'None'
[0.568s] Level 5:colcon.colcon_core.verb:set package 'data_sync' build argument 'cmake_target_skip_unavailable' from command line to 'False'
[0.568s] Level 5:colcon.colcon_core.verb:set package 'data_sync' build argument 'cmake_clean_cache' from command line to 'False'
[0.568s] Level 5:colcon.colcon_core.verb:set package 'data_sync' build argument 'cmake_clean_first' from command line to 'False'
[0.568s] Level 5:colcon.colcon_core.verb:set package 'data_sync' build argument 'cmake_force_configure' from command line to 'False'
[0.568s] Level 5:colcon.colcon_core.verb:set package 'data_sync' build argument 'ament_cmake_args' from command line to 'None'
[0.568s] Level 5:colcon.colcon_core.verb:set package 'data_sync' build argument 'catkin_cmake_args' from command line to 'None'
[0.568s] Level 5:colcon.colcon_core.verb:set package 'data_sync' build argument 'catkin_skip_building_tests' from command line to 'False'
[0.568s] DEBUG:colcon.colcon_core.verb:Building package 'data_sync' with the following arguments: {'ament_cmake_args': None, 'build_base': '/home/vedant/gaitlab_ws/build/data_sync', 'catkin_cmake_args': None, 'catkin_skip_building_tests': False, 'cmake_args': None, 'cmake_clean_cache': False, 'cmake_clean_first': False, 'cmake_force_configure': False, 'cmake_target': None, 'cmake_target_skip_unavailable': False, 'install_base': '/home/vedant/gaitlab_ws/install/data_sync', 'merge_install': False, 'path': '/home/vedant/gaitlab_ws/src/data_sync', 'symlink_install': False, 'test_result_base': None}
[0.568s] INFO:colcon.colcon_core.executor:Executing jobs using 'parallel' executor
[0.570s] DEBUG:colcon.colcon_parallel_executor.executor.parallel:run_until_complete
[0.570s] INFO:colcon.colcon_ros.task.ament_cmake.build:Building ROS package in '/home/vedant/gaitlab_ws/src/data_sync' with build type 'ament_cmake'
[0.571s] INFO:colcon.colcon_cmake.task.cmake.build:Building CMake package in '/home/vedant/gaitlab_ws/src/data_sync'
[0.573s] INFO:colcon.colcon_core.plugin_system:Skipping extension 'colcon_core.shell.bat': Not used on non-Windows systems
[0.573s] INFO:colcon.colcon_core.shell:Skip shell extension 'powershell' for command environment: Not usable outside of PowerShell
[0.573s] DEBUG:colcon.colcon_core.shell:Skip shell extension 'dsv' for command environment
[0.584s] DEBUG:colcon.colcon_core.event_handler.log_command:Invoking command in '/home/vedant/gaitlab_ws/build/data_sync': CMAKE_PREFIX_PATH=/opt/ros/humble /usr/bin/cmake /home/vedant/gaitlab_ws/src/data_sync -DCMAKE_INSTALL_PREFIX=/home/vedant/gaitlab_ws/install/data_sync
[2.972s] DEBUG:colcon.colcon_core.event_handler.log_command:Invoked command in '/home/vedant/gaitlab_ws/build/data_sync' returned '0': CMAKE_PREFIX_PATH=/opt/ros/humble /usr/bin/cmake /home/vedant/gaitlab_ws/src/data_sync -DCMAKE_INSTALL_PREFIX=/home/vedant/gaitlab_ws/install/data_sync
[2.974s] DEBUG:colcon.colcon_core.event_handler.log_command:Invoking command in '/home/vedant/gaitlab_ws/build/data_sync': CMAKE_PREFIX_PATH=/opt/ros/humble /usr/bin/cmake --build /home/vedant/gaitlab_ws/build/data_sync -- -j4 -l4
[6.469s] DEBUG:colcon.colcon_core.event_handler.log_command:Invoked command in '/home/vedant/gaitlab_ws/build/data_sync' returned '0': CMAKE_PREFIX_PATH=/opt/ros/humble /usr/bin/cmake --build /home/vedant/gaitlab_ws/build/data_sync -- -j4 -l4
[6.548s] DEBUG:colcon.colcon_core.event_handler.log_command:Invoking command in '/home/vedant/gaitlab_ws/build/data_sync': CMAKE_PREFIX_PATH=/opt/ros/humble /usr/bin/cmake --install /home/vedant/gaitlab_ws/build/data_sync
[6.641s] Level 1:colcon.colcon_core.environment:create_environment_scripts_only(data_sync)
[6.642s] DEBUG:colcon.colcon_core.event_handler.log_command:Invoked command in '/home/vedant/gaitlab_ws/build/data_sync' returned '0': CMAKE_PREFIX_PATH=/opt/ros/humble /usr/bin/cmake --install /home/vedant/gaitlab_ws/build/data_sync
[6.645s] Level 1:colcon.colcon_core.environment:checking '/home/vedant/gaitlab_ws/install/data_sync' for CMake module files
[6.646s] Level 1:colcon.colcon_core.environment:checking '/home/vedant/gaitlab_ws/install/data_sync' for CMake config files
[6.647s] Level 1:colcon.colcon_core.shell:create_environment_hook('data_sync', 'cmake_prefix_path')
[6.647s] INFO:colcon.colcon_core.shell:Creating environment hook '/home/vedant/gaitlab_ws/install/data_sync/share/data_sync/hook/cmake_prefix_path.ps1'
[6.648s] INFO:colcon.colcon_core.shell:Creating environment descriptor '/home/vedant/gaitlab_ws/install/data_sync/share/data_sync/hook/cmake_prefix_path.dsv'
[6.648s] INFO:colcon.colcon_core.shell:Creating environment hook '/home/vedant/gaitlab_ws/install/data_sync/share/data_sync/hook/cmake_prefix_path.sh'
[6.650s] Level 1:colcon.colcon_core.environment:checking '/home/vedant/gaitlab_ws/install/data_sync/lib'
[6.650s] Level 1:colcon.colcon_core.shell:create_environment_hook('data_sync', 'ld_library_path_lib')
[6.650s] INFO:colcon.colcon_core.shell:Creating environment hook '/home/vedant/gaitlab_ws/install/data_sync/share/data_sync/hook/ld_library_path_lib.ps1'
[6.651s] INFO:colcon.colcon_core.shell:Creating environment descriptor '/home/vedant/gaitlab_ws/install/data_sync/share/data_sync/hook/ld_library_path_lib.dsv'
[6.651s] INFO:colcon.colcon_core.shell:Creating environment hook '/home/vedant/gaitlab_ws/install/data_sync/share/data_sync/hook/ld_library_path_lib.sh'
[6.652s] Level 1:colcon.colcon_core.environment:checking '/home/vedant/gaitlab_ws/install/data_sync/bin'
[6.652s] Level 1:colcon.colcon_core.environment:checking '/home/vedant/gaitlab_ws/install/data_sync/lib/pkgconfig/data_sync.pc'
[6.652s] Level 1:colcon.colcon_core.environment:checking '/home/vedant/gaitlab_ws/install/data_sync/lib/python3.10/site-packages'
[6.652s] Level 1:colcon.colcon_core.shell:create_environment_hook('data_sync', 'pythonpath')
[6.653s] INFO:colcon.colcon_core.shell:Creating environment hook '/home/vedant/gaitlab_ws/install/data_sync/share/data_sync/hook/pythonpath.ps1'
[6.653s] INFO:colcon.colcon_core.shell:Creating environment descriptor '/home/vedant/gaitlab_ws/install/data_sync/share/data_sync/hook/pythonpath.dsv'
[6.653s] INFO:colcon.colcon_core.shell:Creating environment hook '/home/vedant/gaitlab_ws/install/data_sync/share/data_sync/hook/pythonpath.sh'
[6.654s] Level 1:colcon.colcon_core.environment:checking '/home/vedant/gaitlab_ws/install/data_sync/bin'
[6.655s] INFO:colcon.colcon_core.shell:Creating package script '/home/vedant/gaitlab_ws/install/data_sync/share/data_sync/package.ps1'
[6.656s] INFO:colcon.colcon_core.shell:Creating package descriptor '/home/vedant/gaitlab_ws/install/data_sync/share/data_sync/package.dsv'
[6.657s] INFO:colcon.colcon_core.shell:Creating package script '/home/vedant/gaitlab_ws/install/data_sync/share/data_sync/package.sh'
[6.658s] INFO:colcon.colcon_core.shell:Creating package script '/home/vedant/gaitlab_ws/install/data_sync/share/data_sync/package.bash'
[6.659s] INFO:colcon.colcon_core.shell:Creating package script '/home/vedant/gaitlab_ws/install/data_sync/share/data_sync/package.zsh'
[6.660s] Level 1:colcon.colcon_core.environment:create_file_with_runtime_dependencies(/home/vedant/gaitlab_ws/install/data_sync/share/colcon-core/packages/data_sync)
[6.725s] Level 1:colcon.colcon_core.environment:create_environment_scripts_only(data_sync)
[6.725s] Level 1:colcon.colcon_core.environment:checking '/home/vedant/gaitlab_ws/install/data_sync' for CMake module files
[6.726s] Level 1:colcon.colcon_core.environment:checking '/home/vedant/gaitlab_ws/install/data_sync' for CMake config files
[6.727s] Level 1:colcon.colcon_core.shell:create_environment_hook('data_sync', 'cmake_prefix_path')
[6.727s] INFO:colcon.colcon_core.shell:Creating environment hook '/home/vedant/gaitlab_ws/install/data_sync/share/data_sync/hook/cmake_prefix_path.ps1'
[6.728s] INFO:colcon.colcon_core.shell:Creating environment descriptor '/home/vedant/gaitlab_ws/install/data_sync/share/data_sync/hook/cmake_prefix_path.dsv'
[6.728s] INFO:colcon.colcon_core.shell:Creating environment hook '/home/vedant/gaitlab_ws/install/data_sync/share/data_sync/hook/cmake_prefix_path.sh'
[6.729s] Level 1:colcon.colcon_core.environment:checking '/home/vedant/gaitlab_ws/install/data_sync/lib'
[6.729s] Level 1:colcon.colcon_core.shell:create_environment_hook('data_sync', 'ld_library_path_lib')
[6.729s] INFO:colcon.colcon_core.shell:Creating environment hook '/home/vedant/gaitlab_ws/install/data_sync/share/data_sync/hook/ld_library_path_lib.ps1'
[6.730s] INFO:colcon.colcon_core.shell:Creating environment descriptor '/home/vedant/gaitlab_ws/install/data_sync/share/data_sync/hook/ld_library_path_lib.dsv'
[6.731s] INFO:colcon.colcon_core.shell:Creating environment hook '/home/vedant/gaitlab_ws/install/data_sync/share/data_sync/hook/ld_library_path_lib.sh'
[6.732s] Level 1:colcon.colcon_core.environment:checking '/home/vedant/gaitlab_ws/install/data_sync/bin'
[6.732s] Level 1:colcon.colcon_core.environment:checking '/home/vedant/gaitlab_ws/install/data_sync/lib/pkgconfig/data_sync.pc'
[6.732s] Level 1:colcon.colcon_core.environment:checking '/home/vedant/gaitlab_ws/install/data_sync/lib/python3.10/site-packages'
[6.733s] Level 1:colcon.colcon_core.shell:create_environment_hook('data_sync', 'pythonpath')
[6.733s] INFO:colcon.colcon_core.shell:Creating environment hook '/home/vedant/gaitlab_ws/install/data_sync/share/data_sync/hook/pythonpath.ps1'
[6.735s] INFO:colcon.colcon_core.shell:Creating environment descriptor '/home/vedant/gaitlab_ws/install/data_sync/share/data_sync/hook/pythonpath.dsv'
[6.735s] INFO:colcon.colcon_core.shell:Creating environment hook '/home/vedant/gaitlab_ws/install/data_sync/share/data_sync/hook/pythonpath.sh'
[6.736s] Level 1:colcon.colcon_core.environment:checking '/home/vedant/gaitlab_ws/install/data_sync/bin'
[6.736s] INFO:colcon.colcon_core.shell:Creating package script '/home/vedant/gaitlab_ws/install/data_sync/share/data_sync/package.ps1'
[6.737s] INFO:colcon.colcon_core.shell:Creating package descriptor '/home/vedant/gaitlab_ws/install/data_sync/share/data_sync/package.dsv'
[6.738s] INFO:colcon.colcon_core.shell:Creating package script '/home/vedant/gaitlab_ws/install/data_sync/share/data_sync/package.sh'
[6.739s] INFO:colcon.colcon_core.shell:Creating package script '/home/vedant/gaitlab_ws/install/data_sync/share/data_sync/package.bash'
[6.739s] INFO:colcon.colcon_core.shell:Creating package script '/home/vedant/gaitlab_ws/install/data_sync/share/data_sync/package.zsh'
[6.740s] Level 1:colcon.colcon_core.environment:create_file_with_runtime_dependencies(/home/vedant/gaitlab_ws/install/data_sync/share/colcon-core/packages/data_sync)
[6.740s] DEBUG:colcon.colcon_parallel_executor.executor.parallel:closing loop
[6.741s] DEBUG:colcon.colcon_parallel_executor.executor.parallel:loop closed
[6.741s] DEBUG:colcon.colcon_parallel_executor.executor.parallel:run_until_complete finished with '0'
[6.741s] DEBUG:colcon.colcon_core.event_reactor:joining thread
[6.756s] INFO:colcon.colcon_core.plugin_system:Skipping extension 'colcon_notification.desktop_notification.terminal_notifier': Not used on non-Darwin systems
[6.756s] INFO:colcon.colcon_core.plugin_system:Skipping extension 'colcon_notification.desktop_notification.win32': Not used on non-Windows systems
[6.756s] INFO:colcon.colcon_notification.desktop_notification:Sending desktop notification using 'notify2'
[6.773s] DEBUG:colcon.colcon_core.event_reactor:joined thread
[6.774s] INFO:colcon.colcon_core.shell:Creating prefix script '/home/vedant/gaitlab_ws/install/local_setup.ps1'
[6.775s] INFO:colcon.colcon_core.shell:Creating prefix util module '/home/vedant/gaitlab_ws/install/_local_setup_util_ps1.py'
[6.777s] INFO:colcon.colcon_core.shell:Creating prefix chain script '/home/vedant/gaitlab_ws/install/setup.ps1'
[6.779s] INFO:colcon.colcon_core.shell:Creating prefix script '/home/vedant/gaitlab_ws/install/local_setup.sh'
[6.780s] INFO:colcon.colcon_core.shell:Creating prefix util module '/home/vedant/gaitlab_ws/install/_local_setup_util_sh.py'
[6.781s] INFO:colcon.colcon_core.shell:Creating prefix chain script '/home/vedant/gaitlab_ws/install/setup.sh'
[6.782s] INFO:colcon.colcon_core.shell:Creating prefix script '/home/vedant/gaitlab_ws/install/local_setup.bash'
[6.783s] INFO:colcon.colcon_core.shell:Creating prefix chain script '/home/vedant/gaitlab_ws/install/setup.bash'
[6.785s] INFO:colcon.colcon_core.shell:Creating prefix script '/home/vedant/gaitlab_ws/install/local_setup.zsh'
[6.785s] INFO:colcon.colcon_core.shell:Creating prefix chain script '/home/vedant/gaitlab_ws/install/setup.zsh'
