[0.052s] Invoking command in '/home/vedant/OdriveCANControl/build/custom_msgs': CMAKE_PREFIX_PATH=${CMAKE_PREFIX_PATH}:/home/vedant/OdriveCANControl/install/encoder:/home/vedant/OdriveCANControl/install/controller:/home/vedant/OdriveCANControl/src/install/encoder:/opt/ros/humble /usr/bin/cmake --build /home/vedant/OdriveCANControl/build/custom_msgs -- -j4 -l4
[0.285s] [  2%] Built target custom_msgs__cpp
[0.292s] [ 12%] Built target custom_msgs__rosidl_generator_c
[0.331s] [ 12%] Built target ament_cmake_python_copy_custom_msgs
[0.404s] [ 23%] Built target custom_msgs__rosidl_typesupport_cpp
[0.412s] [ 41%] Built target custom_msgs__rosidl_typesupport_fastrtps_cpp
[0.418s] [ 43%] Built target custom_msgs__rosidl_typesupport_introspection_cpp
[0.443s] [ 53%] Built target custom_msgs__rosidl_typesupport_fastrtps_c
[0.519s] [ 64%] Built target custom_msgs__rosidl_typesupport_introspection_c
[0.524s] [ 74%] Built target custom_msgs__rosidl_typesupport_c
[0.615s] [ 74%] Built target custom_msgs
[0.712s] [ 76%] Built target custom_msgs__py
[0.811s] [ 84%] Built target custom_msgs__rosidl_generator_py
[0.928s] [ 89%] Built target custom_msgs__rosidl_typesupport_fastrtps_c__pyext
[0.932s] [ 94%] Built target custom_msgs__rosidl_typesupport_introspection_c__pyext
[0.945s] [100%] Built target custom_msgs__rosidl_typesupport_c__pyext
[1.617s] running egg_info
[1.620s] writing custom_msgs.egg-info/PKG-INFO
[1.621s] writing dependency_links to custom_msgs.egg-info/dependency_links.txt
[1.622s] writing top-level names to custom_msgs.egg-info/top_level.txt
[1.633s] reading manifest file 'custom_msgs.egg-info/SOURCES.txt'
[1.636s] writing manifest file 'custom_msgs.egg-info/SOURCES.txt'
[1.765s] [100%] Built target ament_cmake_python_build_custom_msgs_egg
[1.808s] Invoked command in '/home/vedant/OdriveCANControl/build/custom_msgs' returned '0': CMAKE_PREFIX_PATH=${CMAKE_PREFIX_PATH}:/home/vedant/OdriveCANControl/install/encoder:/home/vedant/OdriveCANControl/install/controller:/home/vedant/OdriveCANControl/src/install/encoder:/opt/ros/humble /usr/bin/cmake --build /home/vedant/OdriveCANControl/build/custom_msgs -- -j4 -l4
[1.851s] Invoking command in '/home/vedant/OdriveCANControl/build/custom_msgs': CMAKE_PREFIX_PATH=${CMAKE_PREFIX_PATH}:/home/vedant/OdriveCANControl/install/encoder:/home/vedant/OdriveCANControl/install/controller:/home/vedant/OdriveCANControl/src/install/encoder:/opt/ros/humble /usr/bin/cmake --install /home/vedant/OdriveCANControl/build/custom_msgs
[1.880s] -- Install configuration: ""
[1.880s] -- Up-to-date: /home/vedant/OdriveCANControl/install/custom_msgs/share/ament_index/resource_index/rosidl_interfaces/custom_msgs
[1.881s] -- Up-to-date: /home/vedant/OdriveCANControl/install/custom_msgs/include/custom_msgs/custom_msgs
[1.882s] -- Up-to-date: /home/vedant/OdriveCANControl/install/custom_msgs/include/custom_msgs/custom_msgs/srv
[1.882s] -- Up-to-date: /home/vedant/OdriveCANControl/install/custom_msgs/include/custom_msgs/custom_msgs/srv/detail
[1.882s] -- Up-to-date: /home/vedant/OdriveCANControl/install/custom_msgs/include/custom_msgs/custom_msgs/srv/detail/o_drive_command__functions.h
[1.883s] -- Up-to-date: /home/vedant/OdriveCANControl/install/custom_msgs/include/custom_msgs/custom_msgs/srv/detail/o_drive_command__type_support.h
[1.883s] -- Up-to-date: /home/vedant/OdriveCANControl/install/custom_msgs/include/custom_msgs/custom_msgs/srv/detail/o_drive_command__struct.h
[1.884s] -- Up-to-date: /home/vedant/OdriveCANControl/install/custom_msgs/include/custom_msgs/custom_msgs/srv/detail/o_drive_command__functions.c
[1.884s] -- Up-to-date: /home/vedant/OdriveCANControl/install/custom_msgs/include/custom_msgs/custom_msgs/srv/o_drive_command.h
[1.885s] -- Up-to-date: /home/vedant/OdriveCANControl/install/custom_msgs/include/custom_msgs/custom_msgs/msg
[1.885s] -- Up-to-date: /home/vedant/OdriveCANControl/install/custom_msgs/include/custom_msgs/custom_msgs/msg/motion_state.h
[1.886s] -- Up-to-date: /home/vedant/OdriveCANControl/install/custom_msgs/include/custom_msgs/custom_msgs/msg/rosidl_generator_c__visibility_control.h
[1.886s] -- Up-to-date: /home/vedant/OdriveCANControl/install/custom_msgs/include/custom_msgs/custom_msgs/msg/detail
[1.886s] -- Up-to-date: /home/vedant/OdriveCANControl/install/custom_msgs/include/custom_msgs/custom_msgs/msg/detail/motion_state__struct.h
[1.887s] -- Up-to-date: /home/vedant/OdriveCANControl/install/custom_msgs/include/custom_msgs/custom_msgs/msg/detail/motion_state__functions.c
[1.887s] -- Up-to-date: /home/vedant/OdriveCANControl/install/custom_msgs/include/custom_msgs/custom_msgs/msg/detail/motion_state__type_support.h
[1.887s] -- Up-to-date: /home/vedant/OdriveCANControl/install/custom_msgs/include/custom_msgs/custom_msgs/msg/detail/motion_state__functions.h
[1.888s] -- Up-to-date: /home/vedant/OdriveCANControl/install/custom_msgs/share/custom_msgs/environment/library_path.sh
[1.888s] -- Up-to-date: /home/vedant/OdriveCANControl/install/custom_msgs/share/custom_msgs/environment/library_path.dsv
[1.889s] -- Up-to-date: /home/vedant/OdriveCANControl/install/custom_msgs/lib/libcustom_msgs__rosidl_generator_c.so
[1.889s] -- Up-to-date: /home/vedant/OdriveCANControl/install/custom_msgs/include/custom_msgs/custom_msgs
[1.890s] -- Up-to-date: /home/vedant/OdriveCANControl/install/custom_msgs/include/custom_msgs/custom_msgs/srv
[1.890s] -- Up-to-date: /home/vedant/OdriveCANControl/install/custom_msgs/include/custom_msgs/custom_msgs/srv/detail
[1.891s] -- Up-to-date: /home/vedant/OdriveCANControl/install/custom_msgs/include/custom_msgs/custom_msgs/srv/detail/o_drive_command__rosidl_typesupport_fastrtps_c.h
[1.891s] -- Up-to-date: /home/vedant/OdriveCANControl/install/custom_msgs/include/custom_msgs/custom_msgs/msg
[1.891s] -- Up-to-date: /home/vedant/OdriveCANControl/install/custom_msgs/include/custom_msgs/custom_msgs/msg/detail
[1.892s] -- Up-to-date: /home/vedant/OdriveCANControl/install/custom_msgs/include/custom_msgs/custom_msgs/msg/detail/motion_state__rosidl_typesupport_fastrtps_c.h
[1.892s] -- Up-to-date: /home/vedant/OdriveCANControl/install/custom_msgs/include/custom_msgs/custom_msgs/msg/rosidl_typesupport_fastrtps_c__visibility_control.h
[1.892s] -- Up-to-date: /home/vedant/OdriveCANControl/install/custom_msgs/lib/libcustom_msgs__rosidl_typesupport_fastrtps_c.so
[1.895s] -- Up-to-date: /home/vedant/OdriveCANControl/install/custom_msgs/include/custom_msgs/custom_msgs
[1.896s] -- Up-to-date: /home/vedant/OdriveCANControl/install/custom_msgs/include/custom_msgs/custom_msgs/srv
[1.897s] -- Up-to-date: /home/vedant/OdriveCANControl/install/custom_msgs/include/custom_msgs/custom_msgs/srv/detail
[1.897s] -- Up-to-date: /home/vedant/OdriveCANControl/install/custom_msgs/include/custom_msgs/custom_msgs/srv/detail/o_drive_command__type_support.c
[1.898s] -- Up-to-date: /home/vedant/OdriveCANControl/install/custom_msgs/include/custom_msgs/custom_msgs/srv/detail/o_drive_command__rosidl_typesupport_introspection_c.h
[1.898s] -- Up-to-date: /home/vedant/OdriveCANControl/install/custom_msgs/include/custom_msgs/custom_msgs/msg
[1.899s] -- Up-to-date: /home/vedant/OdriveCANControl/install/custom_msgs/include/custom_msgs/custom_msgs/msg/detail
[1.899s] -- Up-to-date: /home/vedant/OdriveCANControl/install/custom_msgs/include/custom_msgs/custom_msgs/msg/detail/motion_state__rosidl_typesupport_introspection_c.h
[1.899s] -- Up-to-date: /home/vedant/OdriveCANControl/install/custom_msgs/include/custom_msgs/custom_msgs/msg/detail/motion_state__type_support.c
[1.900s] -- Up-to-date: /home/vedant/OdriveCANControl/install/custom_msgs/include/custom_msgs/custom_msgs/msg/rosidl_typesupport_introspection_c__visibility_control.h
[1.900s] -- Up-to-date: /home/vedant/OdriveCANControl/install/custom_msgs/lib/libcustom_msgs__rosidl_typesupport_introspection_c.so
[1.901s] -- Up-to-date: /home/vedant/OdriveCANControl/install/custom_msgs/lib/libcustom_msgs__rosidl_typesupport_c.so
[1.902s] -- Up-to-date: /home/vedant/OdriveCANControl/install/custom_msgs/include/custom_msgs/custom_msgs
[1.904s] -- Up-to-date: /home/vedant/OdriveCANControl/install/custom_msgs/include/custom_msgs/custom_msgs/srv
[1.905s] -- Up-to-date: /home/vedant/OdriveCANControl/install/custom_msgs/include/custom_msgs/custom_msgs/srv/o_drive_command.hpp
[1.906s] -- Up-to-date: /home/vedant/OdriveCANControl/install/custom_msgs/include/custom_msgs/custom_msgs/srv/detail
[1.907s] -- Up-to-date: /home/vedant/OdriveCANControl/install/custom_msgs/include/custom_msgs/custom_msgs/srv/detail/o_drive_command__struct.hpp
[1.907s] -- Up-to-date: /home/vedant/OdriveCANControl/install/custom_msgs/include/custom_msgs/custom_msgs/srv/detail/o_drive_command__traits.hpp
[1.908s] -- Up-to-date: /home/vedant/OdriveCANControl/install/custom_msgs/include/custom_msgs/custom_msgs/srv/detail/o_drive_command__builder.hpp
[1.908s] -- Up-to-date: /home/vedant/OdriveCANControl/install/custom_msgs/include/custom_msgs/custom_msgs/srv/detail/o_drive_command__type_support.hpp
[1.909s] -- Up-to-date: /home/vedant/OdriveCANControl/install/custom_msgs/include/custom_msgs/custom_msgs/msg
[1.911s] -- Up-to-date: /home/vedant/OdriveCANControl/install/custom_msgs/include/custom_msgs/custom_msgs/msg/rosidl_generator_cpp__visibility_control.hpp
[1.911s] -- Up-to-date: /home/vedant/OdriveCANControl/install/custom_msgs/include/custom_msgs/custom_msgs/msg/detail
[1.912s] -- Up-to-date: /home/vedant/OdriveCANControl/install/custom_msgs/include/custom_msgs/custom_msgs/msg/detail/motion_state__type_support.hpp
[1.912s] -- Up-to-date: /home/vedant/OdriveCANControl/install/custom_msgs/include/custom_msgs/custom_msgs/msg/detail/motion_state__traits.hpp
[1.913s] -- Up-to-date: /home/vedant/OdriveCANControl/install/custom_msgs/include/custom_msgs/custom_msgs/msg/detail/motion_state__builder.hpp
[1.913s] -- Up-to-date: /home/vedant/OdriveCANControl/install/custom_msgs/include/custom_msgs/custom_msgs/msg/detail/motion_state__struct.hpp
[1.914s] -- Up-to-date: /home/vedant/OdriveCANControl/install/custom_msgs/include/custom_msgs/custom_msgs/msg/motion_state.hpp
[1.916s] -- Up-to-date: /home/vedant/OdriveCANControl/install/custom_msgs/include/custom_msgs/custom_msgs
[1.917s] -- Up-to-date: /home/vedant/OdriveCANControl/install/custom_msgs/include/custom_msgs/custom_msgs/srv
[1.918s] -- Up-to-date: /home/vedant/OdriveCANControl/install/custom_msgs/include/custom_msgs/custom_msgs/srv/detail
[1.918s] -- Up-to-date: /home/vedant/OdriveCANControl/install/custom_msgs/include/custom_msgs/custom_msgs/srv/detail/o_drive_command__rosidl_typesupport_fastrtps_cpp.hpp
[1.918s] -- Up-to-date: /home/vedant/OdriveCANControl/install/custom_msgs/include/custom_msgs/custom_msgs/srv/detail/dds_fastrtps
[1.919s] -- Up-to-date: /home/vedant/OdriveCANControl/install/custom_msgs/include/custom_msgs/custom_msgs/msg
[1.919s] -- Up-to-date: /home/vedant/OdriveCANControl/install/custom_msgs/include/custom_msgs/custom_msgs/msg/rosidl_typesupport_fastrtps_cpp__visibility_control.h
[1.920s] -- Up-to-date: /home/vedant/OdriveCANControl/install/custom_msgs/include/custom_msgs/custom_msgs/msg/detail
[1.920s] -- Up-to-date: /home/vedant/OdriveCANControl/install/custom_msgs/include/custom_msgs/custom_msgs/msg/detail/motion_state__rosidl_typesupport_fastrtps_cpp.hpp
[1.921s] -- Up-to-date: /home/vedant/OdriveCANControl/install/custom_msgs/include/custom_msgs/custom_msgs/msg/detail/dds_fastrtps
[1.922s] -- Up-to-date: /home/vedant/OdriveCANControl/install/custom_msgs/lib/libcustom_msgs__rosidl_typesupport_fastrtps_cpp.so
[1.922s] -- Up-to-date: /home/vedant/OdriveCANControl/install/custom_msgs/include/custom_msgs/custom_msgs
[1.923s] -- Up-to-date: /home/vedant/OdriveCANControl/install/custom_msgs/include/custom_msgs/custom_msgs/srv
[1.923s] -- Up-to-date: /home/vedant/OdriveCANControl/install/custom_msgs/include/custom_msgs/custom_msgs/srv/detail
[1.923s] -- Up-to-date: /home/vedant/OdriveCANControl/install/custom_msgs/include/custom_msgs/custom_msgs/srv/detail/o_drive_command__rosidl_typesupport_introspection_cpp.hpp
[1.924s] -- Up-to-date: /home/vedant/OdriveCANControl/install/custom_msgs/include/custom_msgs/custom_msgs/srv/detail/o_drive_command__type_support.cpp
[1.924s] -- Up-to-date: /home/vedant/OdriveCANControl/install/custom_msgs/include/custom_msgs/custom_msgs/msg
[1.925s] -- Up-to-date: /home/vedant/OdriveCANControl/install/custom_msgs/include/custom_msgs/custom_msgs/msg/detail
[1.925s] -- Up-to-date: /home/vedant/OdriveCANControl/install/custom_msgs/include/custom_msgs/custom_msgs/msg/detail/motion_state__rosidl_typesupport_introspection_cpp.hpp
[1.926s] -- Up-to-date: /home/vedant/OdriveCANControl/install/custom_msgs/include/custom_msgs/custom_msgs/msg/detail/motion_state__type_support.cpp
[1.926s] -- Up-to-date: /home/vedant/OdriveCANControl/install/custom_msgs/lib/libcustom_msgs__rosidl_typesupport_introspection_cpp.so
[1.926s] -- Up-to-date: /home/vedant/OdriveCANControl/install/custom_msgs/lib/libcustom_msgs__rosidl_typesupport_cpp.so
[1.927s] -- Up-to-date: /home/vedant/OdriveCANControl/install/custom_msgs/share/custom_msgs/environment/pythonpath.sh
[1.927s] -- Up-to-date: /home/vedant/OdriveCANControl/install/custom_msgs/share/custom_msgs/environment/pythonpath.dsv
[1.928s] -- Up-to-date: /home/vedant/OdriveCANControl/install/custom_msgs/local/lib/python3.10/dist-packages/custom_msgs-0.0.0-py3.10.egg-info
[1.929s] -- Installing: /home/vedant/OdriveCANControl/install/custom_msgs/local/lib/python3.10/dist-packages/custom_msgs-0.0.0-py3.10.egg-info/PKG-INFO
[1.930s] -- Installing: /home/vedant/OdriveCANControl/install/custom_msgs/local/lib/python3.10/dist-packages/custom_msgs-0.0.0-py3.10.egg-info/top_level.txt
[1.930s] -- Installing: /home/vedant/OdriveCANControl/install/custom_msgs/local/lib/python3.10/dist-packages/custom_msgs-0.0.0-py3.10.egg-info/dependency_links.txt
[1.931s] -- Installing: /home/vedant/OdriveCANControl/install/custom_msgs/local/lib/python3.10/dist-packages/custom_msgs-0.0.0-py3.10.egg-info/SOURCES.txt
[1.932s] -- Up-to-date: /home/vedant/OdriveCANControl/install/custom_msgs/local/lib/python3.10/dist-packages/custom_msgs
[1.932s] -- Up-to-date: /home/vedant/OdriveCANControl/install/custom_msgs/local/lib/python3.10/dist-packages/custom_msgs/srv
[1.933s] -- Up-to-date: /home/vedant/OdriveCANControl/install/custom_msgs/local/lib/python3.10/dist-packages/custom_msgs/srv/_o_drive_command.py
[1.933s] -- Up-to-date: /home/vedant/OdriveCANControl/install/custom_msgs/local/lib/python3.10/dist-packages/custom_msgs/srv/__init__.py
[1.934s] -- Up-to-date: /home/vedant/OdriveCANControl/install/custom_msgs/local/lib/python3.10/dist-packages/custom_msgs/srv/_o_drive_command_s.c
[1.934s] -- Up-to-date: /home/vedant/OdriveCANControl/install/custom_msgs/local/lib/python3.10/dist-packages/custom_msgs/libcustom_msgs__rosidl_generator_py.so
[1.934s] -- Up-to-date: /home/vedant/OdriveCANControl/install/custom_msgs/local/lib/python3.10/dist-packages/custom_msgs/msg
[1.935s] -- Up-to-date: /home/vedant/OdriveCANControl/install/custom_msgs/local/lib/python3.10/dist-packages/custom_msgs/msg/_motion_state.py
[1.935s] -- Up-to-date: /home/vedant/OdriveCANControl/install/custom_msgs/local/lib/python3.10/dist-packages/custom_msgs/msg/__init__.py
[1.935s] -- Up-to-date: /home/vedant/OdriveCANControl/install/custom_msgs/local/lib/python3.10/dist-packages/custom_msgs/msg/_motion_state_s.c
[1.936s] -- Up-to-date: /home/vedant/OdriveCANControl/install/custom_msgs/local/lib/python3.10/dist-packages/custom_msgs/_custom_msgs_s.ep.rosidl_typesupport_introspection_c.c
[1.936s] -- Up-to-date: /home/vedant/OdriveCANControl/install/custom_msgs/local/lib/python3.10/dist-packages/custom_msgs/__init__.py
[1.936s] -- Up-to-date: /home/vedant/OdriveCANControl/install/custom_msgs/local/lib/python3.10/dist-packages/custom_msgs/custom_msgs_s__rosidl_typesupport_introspection_c.cpython-310-aarch64-linux-gnu.so
[1.937s] -- Up-to-date: /home/vedant/OdriveCANControl/install/custom_msgs/local/lib/python3.10/dist-packages/custom_msgs/custom_msgs_s__rosidl_typesupport_c.cpython-310-aarch64-linux-gnu.so
[1.937s] -- Up-to-date: /home/vedant/OdriveCANControl/install/custom_msgs/local/lib/python3.10/dist-packages/custom_msgs/_custom_msgs_s.ep.rosidl_typesupport_c.c
[1.937s] -- Up-to-date: /home/vedant/OdriveCANControl/install/custom_msgs/local/lib/python3.10/dist-packages/custom_msgs/_custom_msgs_s.ep.rosidl_typesupport_fastrtps_c.c
[1.938s] -- Up-to-date: /home/vedant/OdriveCANControl/install/custom_msgs/local/lib/python3.10/dist-packages/custom_msgs/custom_msgs_s__rosidl_typesupport_fastrtps_c.cpython-310-aarch64-linux-gnu.so
[2.088s] Listing '/home/vedant/OdriveCANControl/install/custom_msgs/local/lib/python3.10/dist-packages/custom_msgs'...
[2.090s] Listing '/home/vedant/OdriveCANControl/install/custom_msgs/local/lib/python3.10/dist-packages/custom_msgs/msg'...
[2.092s] Listing '/home/vedant/OdriveCANControl/install/custom_msgs/local/lib/python3.10/dist-packages/custom_msgs/srv'...
[2.112s] -- Up-to-date: /home/vedant/OdriveCANControl/install/custom_msgs/local/lib/python3.10/dist-packages/custom_msgs/custom_msgs_s__rosidl_typesupport_fastrtps_c.cpython-310-aarch64-linux-gnu.so
[2.114s] -- Up-to-date: /home/vedant/OdriveCANControl/install/custom_msgs/local/lib/python3.10/dist-packages/custom_msgs/custom_msgs_s__rosidl_typesupport_introspection_c.cpython-310-aarch64-linux-gnu.so
[2.117s] -- Up-to-date: /home/vedant/OdriveCANControl/install/custom_msgs/local/lib/python3.10/dist-packages/custom_msgs/custom_msgs_s__rosidl_typesupport_c.cpython-310-aarch64-linux-gnu.so
[2.120s] -- Up-to-date: /home/vedant/OdriveCANControl/install/custom_msgs/lib/libcustom_msgs__rosidl_generator_py.so
[2.121s] -- Up-to-date: /home/vedant/OdriveCANControl/install/custom_msgs/share/custom_msgs/msg/MotionState.idl
[2.122s] -- Up-to-date: /home/vedant/OdriveCANControl/install/custom_msgs/share/custom_msgs/srv/ODriveCommand.idl
[2.122s] -- Up-to-date: /home/vedant/OdriveCANControl/install/custom_msgs/share/custom_msgs/msg/MotionState.msg
[2.123s] -- Up-to-date: /home/vedant/OdriveCANControl/install/custom_msgs/share/custom_msgs/srv/ODriveCommand.srv
[2.123s] -- Up-to-date: /home/vedant/OdriveCANControl/install/custom_msgs/share/custom_msgs/srv/ODriveCommand_Request.msg
[2.124s] -- Up-to-date: /home/vedant/OdriveCANControl/install/custom_msgs/share/custom_msgs/srv/ODriveCommand_Response.msg
[2.124s] -- Up-to-date: /home/vedant/OdriveCANControl/install/custom_msgs/share/ament_index/resource_index/package_run_dependencies/custom_msgs
[2.125s] -- Up-to-date: /home/vedant/OdriveCANControl/install/custom_msgs/share/ament_index/resource_index/parent_prefix_path/custom_msgs
[2.125s] -- Up-to-date: /home/vedant/OdriveCANControl/install/custom_msgs/share/custom_msgs/environment/ament_prefix_path.sh
[2.126s] -- Up-to-date: /home/vedant/OdriveCANControl/install/custom_msgs/share/custom_msgs/environment/ament_prefix_path.dsv
[2.126s] -- Up-to-date: /home/vedant/OdriveCANControl/install/custom_msgs/share/custom_msgs/environment/path.sh
[2.127s] -- Up-to-date: /home/vedant/OdriveCANControl/install/custom_msgs/share/custom_msgs/environment/path.dsv
[2.127s] -- Up-to-date: /home/vedant/OdriveCANControl/install/custom_msgs/share/custom_msgs/local_setup.bash
[2.128s] -- Up-to-date: /home/vedant/OdriveCANControl/install/custom_msgs/share/custom_msgs/local_setup.sh
[2.128s] -- Up-to-date: /home/vedant/OdriveCANControl/install/custom_msgs/share/custom_msgs/local_setup.zsh
[2.128s] -- Up-to-date: /home/vedant/OdriveCANControl/install/custom_msgs/share/custom_msgs/local_setup.dsv
[2.129s] -- Installing: /home/vedant/OdriveCANControl/install/custom_msgs/share/custom_msgs/package.dsv
[2.129s] -- Up-to-date: /home/vedant/OdriveCANControl/install/custom_msgs/share/ament_index/resource_index/packages/custom_msgs
[2.130s] -- Up-to-date: /home/vedant/OdriveCANControl/install/custom_msgs/share/custom_msgs/cmake/export_custom_msgs__rosidl_generator_cExport.cmake
[2.130s] -- Up-to-date: /home/vedant/OdriveCANControl/install/custom_msgs/share/custom_msgs/cmake/export_custom_msgs__rosidl_generator_cExport-noconfig.cmake
[2.131s] -- Up-to-date: /home/vedant/OdriveCANControl/install/custom_msgs/share/custom_msgs/cmake/export_custom_msgs__rosidl_typesupport_fastrtps_cExport.cmake
[2.131s] -- Up-to-date: /home/vedant/OdriveCANControl/install/custom_msgs/share/custom_msgs/cmake/export_custom_msgs__rosidl_typesupport_fastrtps_cExport-noconfig.cmake
[2.132s] -- Up-to-date: /home/vedant/OdriveCANControl/install/custom_msgs/share/custom_msgs/cmake/custom_msgs__rosidl_typesupport_introspection_cExport.cmake
[2.133s] -- Up-to-date: /home/vedant/OdriveCANControl/install/custom_msgs/share/custom_msgs/cmake/custom_msgs__rosidl_typesupport_introspection_cExport-noconfig.cmake
[2.134s] -- Up-to-date: /home/vedant/OdriveCANControl/install/custom_msgs/share/custom_msgs/cmake/custom_msgs__rosidl_typesupport_cExport.cmake
[2.134s] -- Up-to-date: /home/vedant/OdriveCANControl/install/custom_msgs/share/custom_msgs/cmake/custom_msgs__rosidl_typesupport_cExport-noconfig.cmake
[2.135s] -- Up-to-date: /home/vedant/OdriveCANControl/install/custom_msgs/share/custom_msgs/cmake/export_custom_msgs__rosidl_generator_cppExport.cmake
[2.136s] -- Up-to-date: /home/vedant/OdriveCANControl/install/custom_msgs/share/custom_msgs/cmake/export_custom_msgs__rosidl_typesupport_fastrtps_cppExport.cmake
[2.136s] -- Up-to-date: /home/vedant/OdriveCANControl/install/custom_msgs/share/custom_msgs/cmake/export_custom_msgs__rosidl_typesupport_fastrtps_cppExport-noconfig.cmake
[2.138s] -- Up-to-date: /home/vedant/OdriveCANControl/install/custom_msgs/share/custom_msgs/cmake/custom_msgs__rosidl_typesupport_introspection_cppExport.cmake
[2.139s] -- Up-to-date: /home/vedant/OdriveCANControl/install/custom_msgs/share/custom_msgs/cmake/custom_msgs__rosidl_typesupport_introspection_cppExport-noconfig.cmake
[2.140s] -- Up-to-date: /home/vedant/OdriveCANControl/install/custom_msgs/share/custom_msgs/cmake/custom_msgs__rosidl_typesupport_cppExport.cmake
[2.140s] -- Up-to-date: /home/vedant/OdriveCANControl/install/custom_msgs/share/custom_msgs/cmake/custom_msgs__rosidl_typesupport_cppExport-noconfig.cmake
[2.142s] -- Up-to-date: /home/vedant/OdriveCANControl/install/custom_msgs/share/custom_msgs/cmake/export_custom_msgs__rosidl_generator_pyExport.cmake
[2.143s] -- Up-to-date: /home/vedant/OdriveCANControl/install/custom_msgs/share/custom_msgs/cmake/export_custom_msgs__rosidl_generator_pyExport-noconfig.cmake
[2.144s] -- Up-to-date: /home/vedant/OdriveCANControl/install/custom_msgs/share/custom_msgs/cmake/rosidl_cmake-extras.cmake
[2.146s] -- Up-to-date: /home/vedant/OdriveCANControl/install/custom_msgs/share/custom_msgs/cmake/ament_cmake_export_dependencies-extras.cmake
[2.147s] -- Up-to-date: /home/vedant/OdriveCANControl/install/custom_msgs/share/custom_msgs/cmake/ament_cmake_export_include_directories-extras.cmake
[2.148s] -- Up-to-date: /home/vedant/OdriveCANControl/install/custom_msgs/share/custom_msgs/cmake/ament_cmake_export_libraries-extras.cmake
[2.148s] -- Up-to-date: /home/vedant/OdriveCANControl/install/custom_msgs/share/custom_msgs/cmake/ament_cmake_export_targets-extras.cmake
[2.149s] -- Up-to-date: /home/vedant/OdriveCANControl/install/custom_msgs/share/custom_msgs/cmake/rosidl_cmake_export_typesupport_targets-extras.cmake
[2.149s] -- Up-to-date: /home/vedant/OdriveCANControl/install/custom_msgs/share/custom_msgs/cmake/rosidl_cmake_export_typesupport_libraries-extras.cmake
[2.150s] -- Up-to-date: /home/vedant/OdriveCANControl/install/custom_msgs/share/custom_msgs/cmake/custom_msgsConfig.cmake
[2.150s] -- Up-to-date: /home/vedant/OdriveCANControl/install/custom_msgs/share/custom_msgs/cmake/custom_msgsConfig-version.cmake
[2.151s] -- Up-to-date: /home/vedant/OdriveCANControl/install/custom_msgs/share/custom_msgs/package.xml
[2.157s] Invoked command in '/home/vedant/OdriveCANControl/build/custom_msgs' returned '0': CMAKE_PREFIX_PATH=${CMAKE_PREFIX_PATH}:/home/vedant/OdriveCANControl/install/encoder:/home/vedant/OdriveCANControl/install/controller:/home/vedant/OdriveCANControl/src/install/encoder:/opt/ros/humble /usr/bin/cmake --install /home/vedant/OdriveCANControl/build/custom_msgs
