[5.852s] Invoking command in '/home/vedant/OdriveCANControl/src/encoder': PYTHONPATH=/home/vedant/OdriveCANControl/build/encoder/prefix_override:/usr/lib/python3/dist-packages/colcon_core/task/python/colcon_distutils_commands:/home/vedant/OdriveCANControl/install/encoder/lib/python3.10/site-packages:${PYTHONPATH} /usr/bin/python3 -W ignore:setup.py install is deprecated -W ignore:easy_install command is deprecated setup.py egg_info --egg-base ../../build/encoder build --build-base /home/vedant/OdriveCANControl/build/encoder/build install --record /home/vedant/OdriveCANControl/build/encoder/install.log --single-version-externally-managed install_data
[8.247s] running egg_info
[8.258s] writing ../../build/encoder/encoder.egg-info/PKG-INFO
[8.265s] writing dependency_links to ../../build/encoder/encoder.egg-info/dependency_links.txt
[8.277s] writing entry points to ../../build/encoder/encoder.egg-info/entry_points.txt
[8.281s] writing requirements to ../../build/encoder/encoder.egg-info/requires.txt
[8.287s] writing top-level names to ../../build/encoder/encoder.egg-info/top_level.txt
[8.302s] reading manifest file '../../build/encoder/encoder.egg-info/SOURCES.txt'
[8.312s] writing manifest file '../../build/encoder/encoder.egg-info/SOURCES.txt'
[8.325s] running build
[8.326s] running build_py
[8.327s] running install
[8.342s] running install_lib
[8.372s] running install_data
[8.374s] running install_egg_info
[8.399s] removing '/home/vedant/OdriveCANControl/install/encoder/lib/python3.10/site-packages/encoder-0.0.0-py3.10.egg-info' (and everything under it)
[8.400s] Copying ../../build/encoder/encoder.egg-info to /home/vedant/OdriveCANControl/install/encoder/lib/python3.10/site-packages/encoder-0.0.0-py3.10.egg-info
[8.416s] running install_scripts
[8.544s] Installing encoder_read_node script to /home/vedant/OdriveCANControl/install/encoder/lib/encoder
[8.547s] writing list of installed files to '/home/vedant/OdriveCANControl/build/encoder/install.log'
[8.709s] Invoked command in '/home/vedant/OdriveCANControl/src/encoder' returned '0': PYTHONPATH=/home/vedant/OdriveCANControl/build/encoder/prefix_override:/usr/lib/python3/dist-packages/colcon_core/task/python/colcon_distutils_commands:/home/vedant/OdriveCANControl/install/encoder/lib/python3.10/site-packages:${PYTHONPATH} /usr/bin/python3 -W ignore:setup.py install is deprecated -W ignore:easy_install command is deprecated setup.py egg_info --egg-base ../../build/encoder build --build-base /home/vedant/OdriveCANControl/build/encoder/build install --record /home/vedant/OdriveCANControl/build/encoder/install.log --single-version-externally-managed install_data
