[3.354s] DEBUG:colcon:Command line arguments: ['/usr/bin/colcon', 'build', '--packages-select', 'odrive_control_py']
[3.355s] DEBUG:colcon:Parsed command line arguments: Namespace(log_base=None, log_level=None, verb_name='build', build_base='build', install_base='install', merge_install=False, symlink_install=False, test_result_base=None, continue_on_error=False, executor='parallel', parallel_workers=4, event_handlers=None, ignore_user_meta=False, metas=['./colcon.meta'], base_paths=['.'], packages_ignore=None, packages_ignore_regex=None, paths=None, packages_up_to=None, packages_up_to_regex=None, packages_above=None, packages_above_and_dependencies=None, packages_above_depth=None, packages_select_by_dep=None, packages_skip_by_dep=None, packages_skip_up_to=None, packages_select_build_failed=False, packages_skip_build_finished=False, packages_select_test_failures=False, packages_skip_test_passed=False, packages_select=['odrive_control_py'], packages_skip=None, packages_select_regex=None, packages_skip_regex=None, packages_start=None, packages_end=None, allow_overriding=[], cmake_args=None, cmake_target=None, cmake_target_skip_unavailable=False, cmake_clean_cache=False, cmake_clean_first=False, cmake_force_configure=False, ament_cmake_args=None, catkin_cmake_args=None, catkin_skip_building_tests=False, mixin_files=None, mixin=None, verb_parser=<colcon_mixin.mixin.mixin_argument.MixinArgumentDecorator object at 0xffff9e25d000>, verb_extension=<colcon_core.verb.build.BuildVerb object at 0xffff9e385f90>, main=<bound method BuildVerb.main of <colcon_core.verb.build.BuildVerb object at 0xffff9e385f90>>, mixin_verb=('build',))
[5.386s] Level 1:colcon.colcon_core.package_discovery:discover_packages(colcon_meta) check parameters
[5.387s] Level 1:colcon.colcon_core.package_discovery:discover_packages(recursive) check parameters
[5.388s] Level 1:colcon.colcon_core.package_discovery:discover_packages(ignore) check parameters
[5.388s] Level 1:colcon.colcon_core.package_discovery:discover_packages(path) check parameters
[5.388s] Level 1:colcon.colcon_core.package_discovery:discover_packages(colcon_meta) discover
[5.389s] Level 1:colcon.colcon_core.package_discovery:discover_packages(recursive) discover
[5.389s] INFO:colcon.colcon_core.package_discovery:Crawling recursively for packages in '/home/vedant/OdriveCANControl'
[5.390s] Level 1:colcon.colcon_core.package_identification:_identify(.) by extensions ['ignore', 'ignore_ament_install']
[5.391s] Level 1:colcon.colcon_core.package_identification:_identify(.) by extension 'ignore'
[5.391s] Level 1:colcon.colcon_core.package_identification:_identify(.) by extension 'ignore_ament_install'
[5.392s] Level 1:colcon.colcon_core.package_identification:_identify(.) by extensions ['colcon_pkg']
[5.392s] Level 1:colcon.colcon_core.package_identification:_identify(.) by extension 'colcon_pkg'
[5.393s] Level 1:colcon.colcon_core.package_identification:_identify(.) by extensions ['colcon_meta']
[5.393s] Level 1:colcon.colcon_core.package_identification:_identify(.) by extension 'colcon_meta'
[5.393s] Level 1:colcon.colcon_core.package_identification:_identify(.) by extensions ['ros']
[5.394s] Level 1:colcon.colcon_core.package_identification:_identify(.) by extension 'ros'
[5.532s] Level 1:colcon.colcon_core.package_identification:_identify(.) by extensions ['cmake', 'python']
[5.532s] Level 1:colcon.colcon_core.package_identification:_identify(.) by extension 'cmake'
[5.533s] Level 1:colcon.colcon_core.package_identification:_identify(.) by extension 'python'
[5.533s] Level 1:colcon.colcon_core.package_identification:_identify(.) by extensions ['python_setup_py']
[5.533s] Level 1:colcon.colcon_core.package_identification:_identify(.) by extension 'python_setup_py'
[5.534s] Level 1:colcon.colcon_core.package_identification:_identify(build) by extensions ['ignore', 'ignore_ament_install']
[5.534s] Level 1:colcon.colcon_core.package_identification:_identify(build) by extension 'ignore'
[5.534s] Level 1:colcon.colcon_core.package_identification:_identify(build) ignored
[5.535s] Level 1:colcon.colcon_core.package_identification:_identify(install) by extensions ['ignore', 'ignore_ament_install']
[5.535s] Level 1:colcon.colcon_core.package_identification:_identify(install) by extension 'ignore'
[5.535s] Level 1:colcon.colcon_core.package_identification:_identify(install) ignored
[5.536s] Level 1:colcon.colcon_core.package_identification:_identify(log) by extensions ['ignore', 'ignore_ament_install']
[5.536s] Level 1:colcon.colcon_core.package_identification:_identify(log) by extension 'ignore'
[5.536s] Level 1:colcon.colcon_core.package_identification:_identify(log) ignored
[5.561s] Level 1:colcon.colcon_core.package_identification:_identify(src) by extensions ['ignore', 'ignore_ament_install']
[5.562s] Level 1:colcon.colcon_core.package_identification:_identify(src) by extension 'ignore'
[5.562s] Level 1:colcon.colcon_core.package_identification:_identify(src) by extension 'ignore_ament_install'
[5.563s] Level 1:colcon.colcon_core.package_identification:_identify(src) by extensions ['colcon_pkg']
[5.563s] Level 1:colcon.colcon_core.package_identification:_identify(src) by extension 'colcon_pkg'
[5.564s] Level 1:colcon.colcon_core.package_identification:_identify(src) by extensions ['colcon_meta']
[5.564s] Level 1:colcon.colcon_core.package_identification:_identify(src) by extension 'colcon_meta'
[5.565s] Level 1:colcon.colcon_core.package_identification:_identify(src) by extensions ['ros']
[5.565s] Level 1:colcon.colcon_core.package_identification:_identify(src) by extension 'ros'
[5.566s] Level 1:colcon.colcon_core.package_identification:_identify(src) by extensions ['cmake', 'python']
[5.567s] Level 1:colcon.colcon_core.package_identification:_identify(src) by extension 'cmake'
[5.567s] Level 1:colcon.colcon_core.package_identification:_identify(src) by extension 'python'
[5.567s] Level 1:colcon.colcon_core.package_identification:_identify(src) by extensions ['python_setup_py']
[5.568s] Level 1:colcon.colcon_core.package_identification:_identify(src) by extension 'python_setup_py'
[5.571s] Level 1:colcon.colcon_core.package_identification:_identify(src/data_sync) by extensions ['ignore', 'ignore_ament_install']
[5.572s] Level 1:colcon.colcon_core.package_identification:_identify(src/data_sync) by extension 'ignore'
[5.572s] Level 1:colcon.colcon_core.package_identification:_identify(src/data_sync) by extension 'ignore_ament_install'
[5.573s] Level 1:colcon.colcon_core.package_identification:_identify(src/data_sync) by extensions ['colcon_pkg']
[5.573s] Level 1:colcon.colcon_core.package_identification:_identify(src/data_sync) by extension 'colcon_pkg'
[5.573s] Level 1:colcon.colcon_core.package_identification:_identify(src/data_sync) by extensions ['colcon_meta']
[5.573s] Level 1:colcon.colcon_core.package_identification:_identify(src/data_sync) by extension 'colcon_meta'
[5.574s] Level 1:colcon.colcon_core.package_identification:_identify(src/data_sync) by extensions ['ros']
[5.574s] Level 1:colcon.colcon_core.package_identification:_identify(src/data_sync) by extension 'ros'
[5.603s] DEBUG:colcon.colcon_core.package_identification:Package 'src/data_sync' with type 'ros.ament_cmake' and name 'data_sync'
[5.607s] Level 1:colcon.colcon_core.package_identification:_identify(src/odrive_control_py) by extensions ['ignore', 'ignore_ament_install']
[5.608s] Level 1:colcon.colcon_core.package_identification:_identify(src/odrive_control_py) by extension 'ignore'
[5.608s] Level 1:colcon.colcon_core.package_identification:_identify(src/odrive_control_py) by extension 'ignore_ament_install'
[5.608s] Level 1:colcon.colcon_core.package_identification:_identify(src/odrive_control_py) by extensions ['colcon_pkg']
[5.609s] Level 1:colcon.colcon_core.package_identification:_identify(src/odrive_control_py) by extension 'colcon_pkg'
[5.609s] Level 1:colcon.colcon_core.package_identification:_identify(src/odrive_control_py) by extensions ['colcon_meta']
[5.609s] Level 1:colcon.colcon_core.package_identification:_identify(src/odrive_control_py) by extension 'colcon_meta'
[5.609s] Level 1:colcon.colcon_core.package_identification:_identify(src/odrive_control_py) by extensions ['ros']
[5.610s] Level 1:colcon.colcon_core.package_identification:_identify(src/odrive_control_py) by extension 'ros'
[5.615s] DEBUG:colcon.colcon_core.package_identification:Package 'src/odrive_control_py' with type 'ros.ament_python' and name 'odrive_control_py'
[5.620s] Level 1:colcon.colcon_core.package_identification:_identify(src/ros_odrive) by extensions ['ignore', 'ignore_ament_install']
[5.620s] Level 1:colcon.colcon_core.package_identification:_identify(src/ros_odrive) by extension 'ignore'
[5.621s] Level 1:colcon.colcon_core.package_identification:_identify(src/ros_odrive) by extension 'ignore_ament_install'
[5.621s] Level 1:colcon.colcon_core.package_identification:_identify(src/ros_odrive) by extensions ['colcon_pkg']
[5.621s] Level 1:colcon.colcon_core.package_identification:_identify(src/ros_odrive) by extension 'colcon_pkg'
[5.621s] Level 1:colcon.colcon_core.package_identification:_identify(src/ros_odrive) by extensions ['colcon_meta']
[5.622s] Level 1:colcon.colcon_core.package_identification:_identify(src/ros_odrive) by extension 'colcon_meta'
[5.622s] Level 1:colcon.colcon_core.package_identification:_identify(src/ros_odrive) by extensions ['ros']
[5.622s] Level 1:colcon.colcon_core.package_identification:_identify(src/ros_odrive) by extension 'ros'
[5.622s] Level 1:colcon.colcon_core.package_identification:_identify(src/ros_odrive) by extensions ['cmake', 'python']
[5.623s] Level 1:colcon.colcon_core.package_identification:_identify(src/ros_odrive) by extension 'cmake'
[5.623s] Level 1:colcon.colcon_core.package_identification:_identify(src/ros_odrive) by extension 'python'
[5.623s] Level 1:colcon.colcon_core.package_identification:_identify(src/ros_odrive) by extensions ['python_setup_py']
[5.623s] Level 1:colcon.colcon_core.package_identification:_identify(src/ros_odrive) by extension 'python_setup_py'
[5.627s] Level 1:colcon.colcon_core.package_identification:_identify(src/ros_odrive/odrive_base) by extensions ['ignore', 'ignore_ament_install']
[5.627s] Level 1:colcon.colcon_core.package_identification:_identify(src/ros_odrive/odrive_base) by extension 'ignore'
[5.628s] Level 1:colcon.colcon_core.package_identification:_identify(src/ros_odrive/odrive_base) by extension 'ignore_ament_install'
[5.628s] Level 1:colcon.colcon_core.package_identification:_identify(src/ros_odrive/odrive_base) by extensions ['colcon_pkg']
[5.628s] Level 1:colcon.colcon_core.package_identification:_identify(src/ros_odrive/odrive_base) by extension 'colcon_pkg'
[5.629s] Level 1:colcon.colcon_core.package_identification:_identify(src/ros_odrive/odrive_base) by extensions ['colcon_meta']
[5.629s] Level 1:colcon.colcon_core.package_identification:_identify(src/ros_odrive/odrive_base) by extension 'colcon_meta'
[5.629s] Level 1:colcon.colcon_core.package_identification:_identify(src/ros_odrive/odrive_base) by extensions ['ros']
[5.629s] Level 1:colcon.colcon_core.package_identification:_identify(src/ros_odrive/odrive_base) by extension 'ros'
[5.630s] Level 1:colcon.colcon_core.package_identification:_identify(src/ros_odrive/odrive_base) by extensions ['cmake', 'python']
[5.630s] Level 1:colcon.colcon_core.package_identification:_identify(src/ros_odrive/odrive_base) by extension 'cmake'
[5.630s] Level 1:colcon.colcon_core.package_identification:_identify(src/ros_odrive/odrive_base) by extension 'python'
[5.630s] Level 1:colcon.colcon_core.package_identification:_identify(src/ros_odrive/odrive_base) by extensions ['python_setup_py']
[5.631s] Level 1:colcon.colcon_core.package_identification:_identify(src/ros_odrive/odrive_base) by extension 'python_setup_py'
[5.635s] Level 1:colcon.colcon_core.package_identification:_identify(src/ros_odrive/odrive_base/include) by extensions ['ignore', 'ignore_ament_install']
[5.636s] Level 1:colcon.colcon_core.package_identification:_identify(src/ros_odrive/odrive_base/include) by extension 'ignore'
[5.636s] Level 1:colcon.colcon_core.package_identification:_identify(src/ros_odrive/odrive_base/include) by extension 'ignore_ament_install'
[5.637s] Level 1:colcon.colcon_core.package_identification:_identify(src/ros_odrive/odrive_base/include) by extensions ['colcon_pkg']
[5.637s] Level 1:colcon.colcon_core.package_identification:_identify(src/ros_odrive/odrive_base/include) by extension 'colcon_pkg'
[5.637s] Level 1:colcon.colcon_core.package_identification:_identify(src/ros_odrive/odrive_base/include) by extensions ['colcon_meta']
[5.637s] Level 1:colcon.colcon_core.package_identification:_identify(src/ros_odrive/odrive_base/include) by extension 'colcon_meta'
[5.638s] Level 1:colcon.colcon_core.package_identification:_identify(src/ros_odrive/odrive_base/include) by extensions ['ros']
[5.638s] Level 1:colcon.colcon_core.package_identification:_identify(src/ros_odrive/odrive_base/include) by extension 'ros'
[5.639s] Level 1:colcon.colcon_core.package_identification:_identify(src/ros_odrive/odrive_base/include) by extensions ['cmake', 'python']
[5.639s] Level 1:colcon.colcon_core.package_identification:_identify(src/ros_odrive/odrive_base/include) by extension 'cmake'
[5.639s] Level 1:colcon.colcon_core.package_identification:_identify(src/ros_odrive/odrive_base/include) by extension 'python'
[5.639s] Level 1:colcon.colcon_core.package_identification:_identify(src/ros_odrive/odrive_base/include) by extensions ['python_setup_py']
[5.639s] Level 1:colcon.colcon_core.package_identification:_identify(src/ros_odrive/odrive_base/include) by extension 'python_setup_py'
[5.643s] Level 1:colcon.colcon_core.package_identification:_identify(src/ros_odrive/odrive_base/src) by extensions ['ignore', 'ignore_ament_install']
[5.643s] Level 1:colcon.colcon_core.package_identification:_identify(src/ros_odrive/odrive_base/src) by extension 'ignore'
[5.643s] Level 1:colcon.colcon_core.package_identification:_identify(src/ros_odrive/odrive_base/src) by extension 'ignore_ament_install'
[5.644s] Level 1:colcon.colcon_core.package_identification:_identify(src/ros_odrive/odrive_base/src) by extensions ['colcon_pkg']
[5.644s] Level 1:colcon.colcon_core.package_identification:_identify(src/ros_odrive/odrive_base/src) by extension 'colcon_pkg'
[5.644s] Level 1:colcon.colcon_core.package_identification:_identify(src/ros_odrive/odrive_base/src) by extensions ['colcon_meta']
[5.645s] Level 1:colcon.colcon_core.package_identification:_identify(src/ros_odrive/odrive_base/src) by extension 'colcon_meta'
[5.645s] Level 1:colcon.colcon_core.package_identification:_identify(src/ros_odrive/odrive_base/src) by extensions ['ros']
[5.645s] Level 1:colcon.colcon_core.package_identification:_identify(src/ros_odrive/odrive_base/src) by extension 'ros'
[5.646s] Level 1:colcon.colcon_core.package_identification:_identify(src/ros_odrive/odrive_base/src) by extensions ['cmake', 'python']
[5.646s] Level 1:colcon.colcon_core.package_identification:_identify(src/ros_odrive/odrive_base/src) by extension 'cmake'
[5.646s] Level 1:colcon.colcon_core.package_identification:_identify(src/ros_odrive/odrive_base/src) by extension 'python'
[5.646s] Level 1:colcon.colcon_core.package_identification:_identify(src/ros_odrive/odrive_base/src) by extensions ['python_setup_py']
[5.647s] Level 1:colcon.colcon_core.package_identification:_identify(src/ros_odrive/odrive_base/src) by extension 'python_setup_py'
[5.650s] Level 1:colcon.colcon_core.package_identification:_identify(src/ros_odrive/odrive_botwheel_explorer) by extensions ['ignore', 'ignore_ament_install']
[5.650s] Level 1:colcon.colcon_core.package_identification:_identify(src/ros_odrive/odrive_botwheel_explorer) by extension 'ignore'
[5.650s] Level 1:colcon.colcon_core.package_identification:_identify(src/ros_odrive/odrive_botwheel_explorer) by extension 'ignore_ament_install'
[5.651s] Level 1:colcon.colcon_core.package_identification:_identify(src/ros_odrive/odrive_botwheel_explorer) by extensions ['colcon_pkg']
[5.651s] Level 1:colcon.colcon_core.package_identification:_identify(src/ros_odrive/odrive_botwheel_explorer) by extension 'colcon_pkg'
[5.651s] Level 1:colcon.colcon_core.package_identification:_identify(src/ros_odrive/odrive_botwheel_explorer) by extensions ['colcon_meta']
[5.651s] Level 1:colcon.colcon_core.package_identification:_identify(src/ros_odrive/odrive_botwheel_explorer) by extension 'colcon_meta'
[5.651s] Level 1:colcon.colcon_core.package_identification:_identify(src/ros_odrive/odrive_botwheel_explorer) by extensions ['ros']
[5.652s] Level 1:colcon.colcon_core.package_identification:_identify(src/ros_odrive/odrive_botwheel_explorer) by extension 'ros'
[5.657s] DEBUG:colcon.colcon_core.package_identification:Package 'src/ros_odrive/odrive_botwheel_explorer' with type 'ros.ament_cmake' and name 'odrive_botwheel_explorer'
[5.661s] Level 1:colcon.colcon_core.package_identification:_identify(src/ros_odrive/odrive_node) by extensions ['ignore', 'ignore_ament_install']
[5.661s] Level 1:colcon.colcon_core.package_identification:_identify(src/ros_odrive/odrive_node) by extension 'ignore'
[5.662s] Level 1:colcon.colcon_core.package_identification:_identify(src/ros_odrive/odrive_node) by extension 'ignore_ament_install'
[5.662s] Level 1:colcon.colcon_core.package_identification:_identify(src/ros_odrive/odrive_node) by extensions ['colcon_pkg']
[5.662s] Level 1:colcon.colcon_core.package_identification:_identify(src/ros_odrive/odrive_node) by extension 'colcon_pkg'
[5.663s] Level 1:colcon.colcon_core.package_identification:_identify(src/ros_odrive/odrive_node) by extensions ['colcon_meta']
[5.663s] Level 1:colcon.colcon_core.package_identification:_identify(src/ros_odrive/odrive_node) by extension 'colcon_meta'
[5.663s] Level 1:colcon.colcon_core.package_identification:_identify(src/ros_odrive/odrive_node) by extensions ['ros']
[5.663s] Level 1:colcon.colcon_core.package_identification:_identify(src/ros_odrive/odrive_node) by extension 'ros'
[5.671s] DEBUG:colcon.colcon_core.package_identification:Package 'src/ros_odrive/odrive_node' with type 'ros.ament_cmake' and name 'odrive_can'
[5.675s] Level 1:colcon.colcon_core.package_identification:_identify(src/ros_odrive/odrive_ros2_control) by extensions ['ignore', 'ignore_ament_install']
[5.675s] Level 1:colcon.colcon_core.package_identification:_identify(src/ros_odrive/odrive_ros2_control) by extension 'ignore'
[5.676s] Level 1:colcon.colcon_core.package_identification:_identify(src/ros_odrive/odrive_ros2_control) by extension 'ignore_ament_install'
[5.676s] Level 1:colcon.colcon_core.package_identification:_identify(src/ros_odrive/odrive_ros2_control) by extensions ['colcon_pkg']
[5.676s] Level 1:colcon.colcon_core.package_identification:_identify(src/ros_odrive/odrive_ros2_control) by extension 'colcon_pkg'
[5.676s] Level 1:colcon.colcon_core.package_identification:_identify(src/ros_odrive/odrive_ros2_control) by extensions ['colcon_meta']
[5.677s] Level 1:colcon.colcon_core.package_identification:_identify(src/ros_odrive/odrive_ros2_control) by extension 'colcon_meta'
[5.677s] Level 1:colcon.colcon_core.package_identification:_identify(src/ros_odrive/odrive_ros2_control) by extensions ['ros']
[5.677s] Level 1:colcon.colcon_core.package_identification:_identify(src/ros_odrive/odrive_ros2_control) by extension 'ros'
[5.684s] DEBUG:colcon.colcon_core.package_identification:Package 'src/ros_odrive/odrive_ros2_control' with type 'ros.ament_cmake' and name 'odrive_ros2_control'
[5.684s] Level 1:colcon.colcon_core.package_discovery:discover_packages(recursive) using defaults
[5.684s] Level 1:colcon.colcon_core.package_discovery:discover_packages(ignore) discover
[5.684s] Level 1:colcon.colcon_core.package_discovery:discover_packages(ignore) using defaults
[5.685s] Level 1:colcon.colcon_core.package_discovery:discover_packages(path) discover
[5.685s] Level 1:colcon.colcon_core.package_discovery:discover_packages(path) using defaults
[6.026s] INFO:colcon.colcon_core.package_selection:Skipping not selected package 'data_sync' in 'src/data_sync'
[6.026s] INFO:colcon.colcon_core.package_selection:Skipping not selected package 'odrive_can' in 'src/ros_odrive/odrive_node'
[6.027s] INFO:colcon.colcon_core.package_selection:Skipping not selected package 'odrive_ros2_control' in 'src/ros_odrive/odrive_ros2_control'
[6.027s] INFO:colcon.colcon_core.package_selection:Skipping not selected package 'odrive_botwheel_explorer' in 'src/ros_odrive/odrive_botwheel_explorer'
[6.032s] Level 1:colcon.colcon_core.package_discovery:discover_packages(prefix_path) check parameters
[6.033s] Level 1:colcon.colcon_core.package_discovery:discover_packages(prefix_path) discover
[6.056s] Level 1:colcon.colcon_core.package_discovery:discover_packages(prefix_path) using defaults
[6.073s] Level 5:colcon.colcon_core.verb:set package 'odrive_control_py' build argument 'cmake_args' from command line to 'None'
[6.073s] Level 5:colcon.colcon_core.verb:set package 'odrive_control_py' build argument 'cmake_target' from command line to 'None'
[6.073s] Level 5:colcon.colcon_core.verb:set package 'odrive_control_py' build argument 'cmake_target_skip_unavailable' from command line to 'False'
[6.073s] Level 5:colcon.colcon_core.verb:set package 'odrive_control_py' build argument 'cmake_clean_cache' from command line to 'False'
[6.073s] Level 5:colcon.colcon_core.verb:set package 'odrive_control_py' build argument 'cmake_clean_first' from command line to 'False'
[6.074s] Level 5:colcon.colcon_core.verb:set package 'odrive_control_py' build argument 'cmake_force_configure' from command line to 'False'
[6.074s] Level 5:colcon.colcon_core.verb:set package 'odrive_control_py' build argument 'ament_cmake_args' from command line to 'None'
[6.074s] Level 5:colcon.colcon_core.verb:set package 'odrive_control_py' build argument 'catkin_cmake_args' from command line to 'None'
[6.074s] Level 5:colcon.colcon_core.verb:set package 'odrive_control_py' build argument 'catkin_skip_building_tests' from command line to 'False'
[6.074s] DEBUG:colcon.colcon_core.verb:Building package 'odrive_control_py' with the following arguments: {'ament_cmake_args': None, 'build_base': '/home/vedant/OdriveCANControl/build/odrive_control_py', 'catkin_cmake_args': None, 'catkin_skip_building_tests': False, 'cmake_args': None, 'cmake_clean_cache': False, 'cmake_clean_first': False, 'cmake_force_configure': False, 'cmake_target': None, 'cmake_target_skip_unavailable': False, 'install_base': '/home/vedant/OdriveCANControl/install/odrive_control_py', 'merge_install': False, 'path': '/home/vedant/OdriveCANControl/src/odrive_control_py', 'symlink_install': False, 'test_result_base': None}
[6.075s] INFO:colcon.colcon_core.executor:Executing jobs using 'parallel' executor
[6.079s] DEBUG:colcon.colcon_parallel_executor.executor.parallel:run_until_complete
[6.080s] INFO:colcon.colcon_ros.task.ament_python.build:Building ROS package in '/home/vedant/OdriveCANControl/src/odrive_control_py' with build type 'ament_python'
[6.081s] Level 1:colcon.colcon_core.shell:create_environment_hook('odrive_control_py', 'ament_prefix_path')
[6.153s] INFO:colcon.colcon_core.plugin_system:Skipping extension 'colcon_core.shell.bat': Not used on non-Windows systems
[6.155s] INFO:colcon.colcon_core.shell:Creating environment hook '/home/vedant/OdriveCANControl/install/odrive_control_py/share/odrive_control_py/hook/ament_prefix_path.ps1'
[6.178s] INFO:colcon.colcon_core.shell:Creating environment descriptor '/home/vedant/OdriveCANControl/install/odrive_control_py/share/odrive_control_py/hook/ament_prefix_path.dsv'
[6.186s] INFO:colcon.colcon_core.shell:Creating environment hook '/home/vedant/OdriveCANControl/install/odrive_control_py/share/odrive_control_py/hook/ament_prefix_path.sh'
[6.196s] INFO:colcon.colcon_core.shell:Skip shell extension 'powershell' for command environment: Not usable outside of PowerShell
[6.196s] DEBUG:colcon.colcon_core.shell:Skip shell extension 'dsv' for command environment
[7.099s] INFO:colcon.colcon_core.task.python.build:Building Python package in '/home/vedant/OdriveCANControl/src/odrive_control_py'
[7.100s] INFO:colcon.colcon_core.shell:Skip shell extension 'powershell' for command environment: Not usable outside of PowerShell
[7.101s] DEBUG:colcon.colcon_core.shell:Skip shell extension 'dsv' for command environment
[9.208s] DEBUG:colcon.colcon_core.event_handler.log_command:Invoking command in '/home/vedant/OdriveCANControl/src/odrive_control_py': PYTHONPATH=/home/vedant/OdriveCANControl/build/odrive_control_py/prefix_override:/usr/lib/python3/dist-packages/colcon_core/task/python/colcon_distutils_commands:/home/vedant/OdriveCANControl/install/odrive_control_py/lib/python3.10/site-packages: /usr/bin/python3 -W ignore:setup.py install is deprecated -W ignore:easy_install command is deprecated setup.py egg_info --egg-base ../../build/odrive_control_py build --build-base /home/vedant/OdriveCANControl/build/odrive_control_py/build install --record /home/vedant/OdriveCANControl/build/odrive_control_py/install.log --single-version-externally-managed install_data
[10.330s] DEBUG:colcon.colcon_core.event_handler.log_command:Invoked command in '/home/vedant/OdriveCANControl/src/odrive_control_py' returned '0': PYTHONPATH=/home/vedant/OdriveCANControl/build/odrive_control_py/prefix_override:/usr/lib/python3/dist-packages/colcon_core/task/python/colcon_distutils_commands:/home/vedant/OdriveCANControl/install/odrive_control_py/lib/python3.10/site-packages: /usr/bin/python3 -W ignore:setup.py install is deprecated -W ignore:easy_install command is deprecated setup.py egg_info --egg-base ../../build/odrive_control_py build --build-base /home/vedant/OdriveCANControl/build/odrive_control_py/build install --record /home/vedant/OdriveCANControl/build/odrive_control_py/install.log --single-version-externally-managed install_data
[10.443s] Level 1:colcon.colcon_core.environment:checking '/home/vedant/OdriveCANControl/install/odrive_control_py' for CMake module files
[10.448s] Level 1:colcon.colcon_core.environment:checking '/home/vedant/OdriveCANControl/install/odrive_control_py' for CMake config files
[10.461s] Level 1:colcon.colcon_core.environment:checking '/home/vedant/OdriveCANControl/install/odrive_control_py/lib'
[10.462s] Level 1:colcon.colcon_core.environment:checking '/home/vedant/OdriveCANControl/install/odrive_control_py/bin'
[10.462s] Level 1:colcon.colcon_core.environment:checking '/home/vedant/OdriveCANControl/install/odrive_control_py/lib/pkgconfig/odrive_control_py.pc'
[10.463s] Level 1:colcon.colcon_core.environment:checking '/home/vedant/OdriveCANControl/install/odrive_control_py/lib/python3.10/site-packages'
[10.463s] Level 1:colcon.colcon_core.shell:create_environment_hook('odrive_control_py', 'pythonpath')
[10.464s] INFO:colcon.colcon_core.shell:Creating environment hook '/home/vedant/OdriveCANControl/install/odrive_control_py/share/odrive_control_py/hook/pythonpath.ps1'
[10.467s] INFO:colcon.colcon_core.shell:Creating environment descriptor '/home/vedant/OdriveCANControl/install/odrive_control_py/share/odrive_control_py/hook/pythonpath.dsv'
[10.469s] INFO:colcon.colcon_core.shell:Creating environment hook '/home/vedant/OdriveCANControl/install/odrive_control_py/share/odrive_control_py/hook/pythonpath.sh'
[10.472s] Level 1:colcon.colcon_core.environment:checking '/home/vedant/OdriveCANControl/install/odrive_control_py/bin'
[10.473s] Level 1:colcon.colcon_core.environment:create_environment_scripts_only(odrive_control_py)
[10.474s] INFO:colcon.colcon_core.shell:Creating package script '/home/vedant/OdriveCANControl/install/odrive_control_py/share/odrive_control_py/package.ps1'
[10.482s] INFO:colcon.colcon_core.shell:Creating package descriptor '/home/vedant/OdriveCANControl/install/odrive_control_py/share/odrive_control_py/package.dsv'
[10.490s] INFO:colcon.colcon_core.shell:Creating package script '/home/vedant/OdriveCANControl/install/odrive_control_py/share/odrive_control_py/package.sh'
[10.498s] INFO:colcon.colcon_core.shell:Creating package script '/home/vedant/OdriveCANControl/install/odrive_control_py/share/odrive_control_py/package.bash'
[10.512s] INFO:colcon.colcon_core.shell:Creating package script '/home/vedant/OdriveCANControl/install/odrive_control_py/share/odrive_control_py/package.zsh'
[10.526s] Level 1:colcon.colcon_core.environment:create_file_with_runtime_dependencies(/home/vedant/OdriveCANControl/install/odrive_control_py/share/colcon-core/packages/odrive_control_py)
[10.529s] DEBUG:colcon.colcon_parallel_executor.executor.parallel:closing loop
[10.530s] DEBUG:colcon.colcon_parallel_executor.executor.parallel:loop closed
[10.531s] DEBUG:colcon.colcon_parallel_executor.executor.parallel:run_until_complete finished with '0'
[10.531s] DEBUG:colcon.colcon_core.event_reactor:joining thread
[10.574s] INFO:colcon.colcon_core.plugin_system:Skipping extension 'colcon_notification.desktop_notification.terminal_notifier': Not used on non-Darwin systems
[10.575s] INFO:colcon.colcon_core.plugin_system:Skipping extension 'colcon_notification.desktop_notification.win32': Not used on non-Windows systems
[10.575s] INFO:colcon.colcon_notification.desktop_notification:Sending desktop notification using 'notify2'
[10.626s] DEBUG:colcon.colcon_core.event_reactor:joined thread
[10.627s] INFO:colcon.colcon_core.shell:Creating prefix script '/home/vedant/OdriveCANControl/install/local_setup.ps1'
[10.668s] INFO:colcon.colcon_core.shell:Creating prefix util module '/home/vedant/OdriveCANControl/install/_local_setup_util_ps1.py'
[10.702s] INFO:colcon.colcon_core.shell:Creating prefix chain script '/home/vedant/OdriveCANControl/install/setup.ps1'
[10.711s] INFO:colcon.colcon_core.shell:Creating prefix script '/home/vedant/OdriveCANControl/install/local_setup.sh'
[10.719s] INFO:colcon.colcon_core.shell:Creating prefix util module '/home/vedant/OdriveCANControl/install/_local_setup_util_sh.py'
[10.723s] INFO:colcon.colcon_core.shell:Creating prefix chain script '/home/vedant/OdriveCANControl/install/setup.sh'
[10.732s] INFO:colcon.colcon_core.shell:Creating prefix script '/home/vedant/OdriveCANControl/install/local_setup.bash'
[10.739s] INFO:colcon.colcon_core.shell:Creating prefix chain script '/home/vedant/OdriveCANControl/install/setup.bash'
[10.748s] INFO:colcon.colcon_core.shell:Creating prefix script '/home/vedant/OdriveCANControl/install/local_setup.zsh'
[10.756s] INFO:colcon.colcon_core.shell:Creating prefix chain script '/home/vedant/OdriveCANControl/install/setup.zsh'
