[0.559s] [34mcolcon[0m [1;30mDEBUG[0m [32mCommand line arguments: ['/usr/local/bin/colcon', 'build', '--packages-select', 'controller', 'custom_msgs', 'odrive_can'][0m
[0.559s] [34mcolcon[0m [1;30mDEBUG[0m [32mParsed command line arguments: Namespace(log_base=None, log_level=None, verb_name='build', build_base='build', install_base='install', merge_install=False, symlink_install=False, test_result_base=None, continue_on_error=False, executor='parallel', parallel_workers=20, event_handlers=None, ignore_user_meta=False, metas=['./colcon.meta'], base_paths=['.'], packages_ignore=None, packages_ignore_regex=None, paths=None, packages_up_to=None, packages_up_to_regex=None, packages_above=None, packages_above_and_dependencies=None, packages_above_depth=None, packages_select_by_dep=None, packages_skip_by_dep=None, packages_skip_up_to=None, packages_select_build_failed=False, packages_skip_build_finished=False, packages_select_test_failures=False, packages_skip_test_passed=False, packages_select=['controller', 'custom_msgs', 'odrive_can'], packages_skip=None, packages_select_regex=None, packages_skip_regex=None, packages_start=None, packages_end=None, allow_overriding=[], cmake_args=None, cmake_target=None, cmake_target_skip_unavailable=False, cmake_clean_cache=False, cmake_clean_first=False, cmake_force_configure=False, ament_cmake_args=None, catkin_cmake_args=None, catkin_skip_building_tests=False, mixin_files=None, mixin=None, verb_parser=<colcon_mixin.mixin.mixin_argument.MixinArgumentDecorator object at 0x7fcd568f5cc0>, verb_extension=<colcon_core.verb.build.BuildVerb object at 0x7fcd56a66b30>, main=<bound method BuildVerb.main of <colcon_core.verb.build.BuildVerb object at 0x7fcd56a66b30>>, mixin_verb=('build',))[0m
[0.590s] [34mcolcon.colcon_core.package_discovery[0m [1;30mLevel 1[0m discover_packages(colcon_meta) check parameters
[0.590s] [34mcolcon.colcon_core.package_discovery[0m [1;30mLevel 1[0m discover_packages(recursive) check parameters
[0.590s] [34mcolcon.colcon_core.package_discovery[0m [1;30mLevel 1[0m discover_packages(ignore) check parameters
[0.590s] [34mcolcon.colcon_core.package_discovery[0m [1;30mLevel 1[0m discover_packages(path) check parameters
[0.590s] [34mcolcon.colcon_core.package_discovery[0m [1;30mLevel 1[0m discover_packages(colcon_meta) discover
[0.591s] [34mcolcon.colcon_core.package_discovery[0m [1;30mLevel 1[0m discover_packages(recursive) discover
[0.591s] [34mcolcon.colcon_core.package_discovery[0m [1;30mINFO[0m Crawling recursively for packages in '/home/vedant/gaitlab_ws/OdriveCANControl'
[0.591s] [34mcolcon.colcon_core.package_identification[0m [1;30mLevel 1[0m _identify(.) by extensions ['ignore', 'ignore_ament_install']
[0.591s] [34mcolcon.colcon_core.package_identification[0m [1;30mLevel 1[0m _identify(.) by extension 'ignore'
[0.591s] [34mcolcon.colcon_core.package_identification[0m [1;30mLevel 1[0m _identify(.) by extension 'ignore_ament_install'
[0.591s] [34mcolcon.colcon_core.package_identification[0m [1;30mLevel 1[0m _identify(.) by extensions ['colcon_pkg']
[0.591s] [34mcolcon.colcon_core.package_identification[0m [1;30mLevel 1[0m _identify(.) by extension 'colcon_pkg'
[0.591s] [34mcolcon.colcon_core.package_identification[0m [1;30mLevel 1[0m _identify(.) by extensions ['colcon_meta']
[0.591s] [34mcolcon.colcon_core.package_identification[0m [1;30mLevel 1[0m _identify(.) by extension 'colcon_meta'
[0.591s] [34mcolcon.colcon_core.package_identification[0m [1;30mLevel 1[0m _identify(.) by extensions ['ros']
[0.591s] [34mcolcon.colcon_core.package_identification[0m [1;30mLevel 1[0m _identify(.) by extension 'ros'
[0.602s] [34mcolcon.colcon_core.package_identification[0m [1;30mLevel 1[0m _identify(.) by extensions ['cmake', 'python']
[0.603s] [34mcolcon.colcon_core.package_identification[0m [1;30mLevel 1[0m _identify(.) by extension 'cmake'
[0.603s] [34mcolcon.colcon_core.package_identification[0m [1;30mLevel 1[0m _identify(.) by extension 'python'
[0.603s] [34mcolcon.colcon_core.package_identification[0m [1;30mLevel 1[0m _identify(.) by extensions ['python_setup_py']
[0.603s] [34mcolcon.colcon_core.package_identification[0m [1;30mLevel 1[0m _identify(.) by extension 'python_setup_py'
[0.603s] [34mcolcon.colcon_core.package_identification[0m [1;30mLevel 1[0m _identify(build) by extensions ['ignore', 'ignore_ament_install']
[0.603s] [34mcolcon.colcon_core.package_identification[0m [1;30mLevel 1[0m _identify(build) by extension 'ignore'
[0.603s] [34mcolcon.colcon_core.package_identification[0m [1;30mLevel 1[0m _identify(build) ignored
[0.603s] [34mcolcon.colcon_core.package_identification[0m [1;30mLevel 1[0m _identify(install) by extensions ['ignore', 'ignore_ament_install']
[0.603s] [34mcolcon.colcon_core.package_identification[0m [1;30mLevel 1[0m _identify(install) by extension 'ignore'
[0.603s] [34mcolcon.colcon_core.package_identification[0m [1;30mLevel 1[0m _identify(install) ignored
[0.603s] [34mcolcon.colcon_core.package_identification[0m [1;30mLevel 1[0m _identify(log) by extensions ['ignore', 'ignore_ament_install']
[0.603s] [34mcolcon.colcon_core.package_identification[0m [1;30mLevel 1[0m _identify(log) by extension 'ignore'
[0.603s] [34mcolcon.colcon_core.package_identification[0m [1;30mLevel 1[0m _identify(log) ignored
[0.603s] [34mcolcon.colcon_core.package_identification[0m [1;30mLevel 1[0m _identify(src) by extensions ['ignore', 'ignore_ament_install']
[0.603s] [34mcolcon.colcon_core.package_identification[0m [1;30mLevel 1[0m _identify(src) by extension 'ignore'
[0.603s] [34mcolcon.colcon_core.package_identification[0m [1;30mLevel 1[0m _identify(src) by extension 'ignore_ament_install'
[0.603s] [34mcolcon.colcon_core.package_identification[0m [1;30mLevel 1[0m _identify(src) by extensions ['colcon_pkg']
[0.603s] [34mcolcon.colcon_core.package_identification[0m [1;30mLevel 1[0m _identify(src) by extension 'colcon_pkg'
[0.603s] [34mcolcon.colcon_core.package_identification[0m [1;30mLevel 1[0m _identify(src) by extensions ['colcon_meta']
[0.603s] [34mcolcon.colcon_core.package_identification[0m [1;30mLevel 1[0m _identify(src) by extension 'colcon_meta'
[0.603s] [34mcolcon.colcon_core.package_identification[0m [1;30mLevel 1[0m _identify(src) by extensions ['ros']
[0.603s] [34mcolcon.colcon_core.package_identification[0m [1;30mLevel 1[0m _identify(src) by extension 'ros'
[0.603s] [34mcolcon.colcon_core.package_identification[0m [1;30mLevel 1[0m _identify(src) by extensions ['cmake', 'python']
[0.604s] [34mcolcon.colcon_core.package_identification[0m [1;30mLevel 1[0m _identify(src) by extension 'cmake'
[0.604s] [34mcolcon.colcon_core.package_identification[0m [1;30mLevel 1[0m _identify(src) by extension 'python'
[0.604s] [34mcolcon.colcon_core.package_identification[0m [1;30mLevel 1[0m _identify(src) by extensions ['python_setup_py']
[0.604s] [34mcolcon.colcon_core.package_identification[0m [1;30mLevel 1[0m _identify(src) by extension 'python_setup_py'
[0.604s] [34mcolcon.colcon_core.package_identification[0m [1;30mLevel 1[0m _identify(src/app_server) by extensions ['ignore', 'ignore_ament_install']
[0.604s] [34mcolcon.colcon_core.package_identification[0m [1;30mLevel 1[0m _identify(src/app_server) by extension 'ignore'
[0.604s] [34mcolcon.colcon_core.package_identification[0m [1;30mLevel 1[0m _identify(src/app_server) by extension 'ignore_ament_install'
[0.604s] [34mcolcon.colcon_core.package_identification[0m [1;30mLevel 1[0m _identify(src/app_server) by extensions ['colcon_pkg']
[0.604s] [34mcolcon.colcon_core.package_identification[0m [1;30mLevel 1[0m _identify(src/app_server) by extension 'colcon_pkg'
[0.604s] [34mcolcon.colcon_core.package_identification[0m [1;30mLevel 1[0m _identify(src/app_server) by extensions ['colcon_meta']
[0.604s] [34mcolcon.colcon_core.package_identification[0m [1;30mLevel 1[0m _identify(src/app_server) by extension 'colcon_meta'
[0.604s] [34mcolcon.colcon_core.package_identification[0m [1;30mLevel 1[0m _identify(src/app_server) by extensions ['ros']
[0.604s] [34mcolcon.colcon_core.package_identification[0m [1;30mLevel 1[0m _identify(src/app_server) by extension 'ros'
[0.608s] [34mcolcon.colcon_core.package_identification[0m [1;30mDEBUG[0m [32mPackage 'src/app_server' with type 'ros.ament_python' and name 'app_server'[0m
[0.608s] [34mcolcon.colcon_core.package_identification[0m [1;30mLevel 1[0m _identify(src/controller) by extensions ['ignore', 'ignore_ament_install']
[0.608s] [34mcolcon.colcon_core.package_identification[0m [1;30mLevel 1[0m _identify(src/controller) by extension 'ignore'
[0.608s] [34mcolcon.colcon_core.package_identification[0m [1;30mLevel 1[0m _identify(src/controller) by extension 'ignore_ament_install'
[0.608s] [34mcolcon.colcon_core.package_identification[0m [1;30mLevel 1[0m _identify(src/controller) by extensions ['colcon_pkg']
[0.608s] [34mcolcon.colcon_core.package_identification[0m [1;30mLevel 1[0m _identify(src/controller) by extension 'colcon_pkg'
[0.608s] [34mcolcon.colcon_core.package_identification[0m [1;30mLevel 1[0m _identify(src/controller) by extensions ['colcon_meta']
[0.608s] [34mcolcon.colcon_core.package_identification[0m [1;30mLevel 1[0m _identify(src/controller) by extension 'colcon_meta'
[0.608s] [34mcolcon.colcon_core.package_identification[0m [1;30mLevel 1[0m _identify(src/controller) by extensions ['ros']
[0.608s] [34mcolcon.colcon_core.package_identification[0m [1;30mLevel 1[0m _identify(src/controller) by extension 'ros'
[0.609s] [34mcolcon.colcon_core.package_identification[0m [1;30mDEBUG[0m [32mPackage 'src/controller' with type 'ros.ament_python' and name 'controller'[0m
[0.609s] [34mcolcon.colcon_core.package_identification[0m [1;30mLevel 1[0m _identify(src/custom_msgs) by extensions ['ignore', 'ignore_ament_install']
[0.609s] [34mcolcon.colcon_core.package_identification[0m [1;30mLevel 1[0m _identify(src/custom_msgs) by extension 'ignore'
[0.609s] [34mcolcon.colcon_core.package_identification[0m [1;30mLevel 1[0m _identify(src/custom_msgs) by extension 'ignore_ament_install'
[0.609s] [34mcolcon.colcon_core.package_identification[0m [1;30mLevel 1[0m _identify(src/custom_msgs) by extensions ['colcon_pkg']
[0.609s] [34mcolcon.colcon_core.package_identification[0m [1;30mLevel 1[0m _identify(src/custom_msgs) by extension 'colcon_pkg'
[0.609s] [34mcolcon.colcon_core.package_identification[0m [1;30mLevel 1[0m _identify(src/custom_msgs) by extensions ['colcon_meta']
[0.609s] [34mcolcon.colcon_core.package_identification[0m [1;30mLevel 1[0m _identify(src/custom_msgs) by extension 'colcon_meta'
[0.609s] [34mcolcon.colcon_core.package_identification[0m [1;30mLevel 1[0m _identify(src/custom_msgs) by extensions ['ros']
[0.609s] [34mcolcon.colcon_core.package_identification[0m [1;30mLevel 1[0m _identify(src/custom_msgs) by extension 'ros'
[0.610s] [34mcolcon.colcon_core.package_identification[0m [1;30mDEBUG[0m [32mPackage 'src/custom_msgs' with type 'ros.ament_cmake' and name 'custom_msgs'[0m
[0.610s] [34mcolcon.colcon_core.package_identification[0m [1;30mLevel 1[0m _identify(src/data_logging) by extensions ['ignore', 'ignore_ament_install']
[0.610s] [34mcolcon.colcon_core.package_identification[0m [1;30mLevel 1[0m _identify(src/data_logging) by extension 'ignore'
[0.610s] [34mcolcon.colcon_core.package_identification[0m [1;30mLevel 1[0m _identify(src/data_logging) by extension 'ignore_ament_install'
[0.610s] [34mcolcon.colcon_core.package_identification[0m [1;30mLevel 1[0m _identify(src/data_logging) by extensions ['colcon_pkg']
[0.610s] [34mcolcon.colcon_core.package_identification[0m [1;30mLevel 1[0m _identify(src/data_logging) by extension 'colcon_pkg'
[0.610s] [34mcolcon.colcon_core.package_identification[0m [1;30mLevel 1[0m _identify(src/data_logging) by extensions ['colcon_meta']
[0.610s] [34mcolcon.colcon_core.package_identification[0m [1;30mLevel 1[0m _identify(src/data_logging) by extension 'colcon_meta'
[0.610s] [34mcolcon.colcon_core.package_identification[0m [1;30mLevel 1[0m _identify(src/data_logging) by extensions ['ros']
[0.610s] [34mcolcon.colcon_core.package_identification[0m [1;30mLevel 1[0m _identify(src/data_logging) by extension 'ros'
[0.610s] [34mcolcon.colcon_core.package_identification[0m [1;30mDEBUG[0m [32mPackage 'src/data_logging' with type 'ros.ament_python' and name 'data_logging'[0m
[0.610s] [34mcolcon.colcon_core.package_identification[0m [1;30mLevel 1[0m _identify(src/encoder) by extensions ['ignore', 'ignore_ament_install']
[0.611s] [34mcolcon.colcon_core.package_identification[0m [1;30mLevel 1[0m _identify(src/encoder) by extension 'ignore'
[0.611s] [34mcolcon.colcon_core.package_identification[0m [1;30mLevel 1[0m _identify(src/encoder) by extension 'ignore_ament_install'
[0.611s] [34mcolcon.colcon_core.package_identification[0m [1;30mLevel 1[0m _identify(src/encoder) by extensions ['colcon_pkg']
[0.611s] [34mcolcon.colcon_core.package_identification[0m [1;30mLevel 1[0m _identify(src/encoder) by extension 'colcon_pkg'
[0.611s] [34mcolcon.colcon_core.package_identification[0m [1;30mLevel 1[0m _identify(src/encoder) by extensions ['colcon_meta']
[0.611s] [34mcolcon.colcon_core.package_identification[0m [1;30mLevel 1[0m _identify(src/encoder) by extension 'colcon_meta'
[0.611s] [34mcolcon.colcon_core.package_identification[0m [1;30mLevel 1[0m _identify(src/encoder) by extensions ['ros']
[0.611s] [34mcolcon.colcon_core.package_identification[0m [1;30mLevel 1[0m _identify(src/encoder) by extension 'ros'
[0.611s] [34mcolcon.colcon_core.package_identification[0m [1;30mDEBUG[0m [32mPackage 'src/encoder' with type 'ros.ament_python' and name 'encoder'[0m
[0.611s] [34mcolcon.colcon_core.package_identification[0m [1;30mLevel 1[0m _identify(src/odrive_control_py) by extensions ['ignore', 'ignore_ament_install']
[0.611s] [34mcolcon.colcon_core.package_identification[0m [1;30mLevel 1[0m _identify(src/odrive_control_py) by extension 'ignore'
[0.611s] [34mcolcon.colcon_core.package_identification[0m [1;30mLevel 1[0m _identify(src/odrive_control_py) by extension 'ignore_ament_install'
[0.611s] [34mcolcon.colcon_core.package_identification[0m [1;30mLevel 1[0m _identify(src/odrive_control_py) by extensions ['colcon_pkg']
[0.611s] [34mcolcon.colcon_core.package_identification[0m [1;30mLevel 1[0m _identify(src/odrive_control_py) by extension 'colcon_pkg'
[0.611s] [34mcolcon.colcon_core.package_identification[0m [1;30mLevel 1[0m _identify(src/odrive_control_py) by extensions ['colcon_meta']
[0.612s] [34mcolcon.colcon_core.package_identification[0m [1;30mLevel 1[0m _identify(src/odrive_control_py) by extension 'colcon_meta'
[0.612s] [34mcolcon.colcon_core.package_identification[0m [1;30mLevel 1[0m _identify(src/odrive_control_py) by extensions ['ros']
[0.612s] [34mcolcon.colcon_core.package_identification[0m [1;30mLevel 1[0m _identify(src/odrive_control_py) by extension 'ros'
[0.612s] [34mcolcon.colcon_core.package_identification[0m [1;30mDEBUG[0m [32mPackage 'src/odrive_control_py' with type 'ros.ament_python' and name 'odrive_control_py'[0m
[0.612s] [34mcolcon.colcon_core.package_identification[0m [1;30mLevel 1[0m _identify(src/robot_launch) by extensions ['ignore', 'ignore_ament_install']
[0.612s] [34mcolcon.colcon_core.package_identification[0m [1;30mLevel 1[0m _identify(src/robot_launch) by extension 'ignore'
[0.612s] [34mcolcon.colcon_core.package_identification[0m [1;30mLevel 1[0m _identify(src/robot_launch) by extension 'ignore_ament_install'
[0.612s] [34mcolcon.colcon_core.package_identification[0m [1;30mLevel 1[0m _identify(src/robot_launch) by extensions ['colcon_pkg']
[0.612s] [34mcolcon.colcon_core.package_identification[0m [1;30mLevel 1[0m _identify(src/robot_launch) by extension 'colcon_pkg'
[0.612s] [34mcolcon.colcon_core.package_identification[0m [1;30mLevel 1[0m _identify(src/robot_launch) by extensions ['colcon_meta']
[0.612s] [34mcolcon.colcon_core.package_identification[0m [1;30mLevel 1[0m _identify(src/robot_launch) by extension 'colcon_meta'
[0.612s] [34mcolcon.colcon_core.package_identification[0m [1;30mLevel 1[0m _identify(src/robot_launch) by extensions ['ros']
[0.612s] [34mcolcon.colcon_core.package_identification[0m [1;30mLevel 1[0m _identify(src/robot_launch) by extension 'ros'
[0.613s] [34mcolcon.colcon_core.package_identification[0m [1;30mDEBUG[0m [32mPackage 'src/robot_launch' with type 'ros.ament_cmake' and name 'robot_launch'[0m
[0.613s] [34mcolcon.colcon_core.package_identification[0m [1;30mLevel 1[0m _identify(src/ros_odrive) by extensions ['ignore', 'ignore_ament_install']
[0.613s] [34mcolcon.colcon_core.package_identification[0m [1;30mLevel 1[0m _identify(src/ros_odrive) by extension 'ignore'
[0.613s] [34mcolcon.colcon_core.package_identification[0m [1;30mLevel 1[0m _identify(src/ros_odrive) by extension 'ignore_ament_install'
[0.613s] [34mcolcon.colcon_core.package_identification[0m [1;30mLevel 1[0m _identify(src/ros_odrive) by extensions ['colcon_pkg']
[0.613s] [34mcolcon.colcon_core.package_identification[0m [1;30mLevel 1[0m _identify(src/ros_odrive) by extension 'colcon_pkg'
[0.613s] [34mcolcon.colcon_core.package_identification[0m [1;30mLevel 1[0m _identify(src/ros_odrive) by extensions ['colcon_meta']
[0.613s] [34mcolcon.colcon_core.package_identification[0m [1;30mLevel 1[0m _identify(src/ros_odrive) by extension 'colcon_meta'
[0.613s] [34mcolcon.colcon_core.package_identification[0m [1;30mLevel 1[0m _identify(src/ros_odrive) by extensions ['ros']
[0.613s] [34mcolcon.colcon_core.package_identification[0m [1;30mLevel 1[0m _identify(src/ros_odrive) by extension 'ros'
[0.613s] [34mcolcon.colcon_core.package_identification[0m [1;30mLevel 1[0m _identify(src/ros_odrive) by extensions ['cmake', 'python']
[0.613s] [34mcolcon.colcon_core.package_identification[0m [1;30mLevel 1[0m _identify(src/ros_odrive) by extension 'cmake'
[0.613s] [34mcolcon.colcon_core.package_identification[0m [1;30mLevel 1[0m _identify(src/ros_odrive) by extension 'python'
[0.613s] [34mcolcon.colcon_core.package_identification[0m [1;30mLevel 1[0m _identify(src/ros_odrive) by extensions ['python_setup_py']
[0.613s] [34mcolcon.colcon_core.package_identification[0m [1;30mLevel 1[0m _identify(src/ros_odrive) by extension 'python_setup_py'
[0.613s] [34mcolcon.colcon_core.package_identification[0m [1;30mLevel 1[0m _identify(src/ros_odrive/odrive_base) by extensions ['ignore', 'ignore_ament_install']
[0.613s] [34mcolcon.colcon_core.package_identification[0m [1;30mLevel 1[0m _identify(src/ros_odrive/odrive_base) by extension 'ignore'
[0.613s] [34mcolcon.colcon_core.package_identification[0m [1;30mLevel 1[0m _identify(src/ros_odrive/odrive_base) by extension 'ignore_ament_install'
[0.613s] [34mcolcon.colcon_core.package_identification[0m [1;30mLevel 1[0m _identify(src/ros_odrive/odrive_base) by extensions ['colcon_pkg']
[0.614s] [34mcolcon.colcon_core.package_identification[0m [1;30mLevel 1[0m _identify(src/ros_odrive/odrive_base) by extension 'colcon_pkg'
[0.614s] [34mcolcon.colcon_core.package_identification[0m [1;30mLevel 1[0m _identify(src/ros_odrive/odrive_base) by extensions ['colcon_meta']
[0.614s] [34mcolcon.colcon_core.package_identification[0m [1;30mLevel 1[0m _identify(src/ros_odrive/odrive_base) by extension 'colcon_meta'
[0.614s] [34mcolcon.colcon_core.package_identification[0m [1;30mLevel 1[0m _identify(src/ros_odrive/odrive_base) by extensions ['ros']
[0.614s] [34mcolcon.colcon_core.package_identification[0m [1;30mLevel 1[0m _identify(src/ros_odrive/odrive_base) by extension 'ros'
[0.614s] [34mcolcon.colcon_core.package_identification[0m [1;30mLevel 1[0m _identify(src/ros_odrive/odrive_base) by extensions ['cmake', 'python']
[0.614s] [34mcolcon.colcon_core.package_identification[0m [1;30mLevel 1[0m _identify(src/ros_odrive/odrive_base) by extension 'cmake'
[0.614s] [34mcolcon.colcon_core.package_identification[0m [1;30mLevel 1[0m _identify(src/ros_odrive/odrive_base) by extension 'python'
[0.614s] [34mcolcon.colcon_core.package_identification[0m [1;30mLevel 1[0m _identify(src/ros_odrive/odrive_base) by extensions ['python_setup_py']
[0.614s] [34mcolcon.colcon_core.package_identification[0m [1;30mLevel 1[0m _identify(src/ros_odrive/odrive_base) by extension 'python_setup_py'
[0.614s] [34mcolcon.colcon_core.package_identification[0m [1;30mLevel 1[0m _identify(src/ros_odrive/odrive_base/include) by extensions ['ignore', 'ignore_ament_install']
[0.614s] [34mcolcon.colcon_core.package_identification[0m [1;30mLevel 1[0m _identify(src/ros_odrive/odrive_base/include) by extension 'ignore'
[0.614s] [34mcolcon.colcon_core.package_identification[0m [1;30mLevel 1[0m _identify(src/ros_odrive/odrive_base/include) by extension 'ignore_ament_install'
[0.614s] [34mcolcon.colcon_core.package_identification[0m [1;30mLevel 1[0m _identify(src/ros_odrive/odrive_base/include) by extensions ['colcon_pkg']
[0.614s] [34mcolcon.colcon_core.package_identification[0m [1;30mLevel 1[0m _identify(src/ros_odrive/odrive_base/include) by extension 'colcon_pkg'
[0.614s] [34mcolcon.colcon_core.package_identification[0m [1;30mLevel 1[0m _identify(src/ros_odrive/odrive_base/include) by extensions ['colcon_meta']
[0.614s] [34mcolcon.colcon_core.package_identification[0m [1;30mLevel 1[0m _identify(src/ros_odrive/odrive_base/include) by extension 'colcon_meta'
[0.614s] [34mcolcon.colcon_core.package_identification[0m [1;30mLevel 1[0m _identify(src/ros_odrive/odrive_base/include) by extensions ['ros']
[0.614s] [34mcolcon.colcon_core.package_identification[0m [1;30mLevel 1[0m _identify(src/ros_odrive/odrive_base/include) by extension 'ros'
[0.614s] [34mcolcon.colcon_core.package_identification[0m [1;30mLevel 1[0m _identify(src/ros_odrive/odrive_base/include) by extensions ['cmake', 'python']
[0.614s] [34mcolcon.colcon_core.package_identification[0m [1;30mLevel 1[0m _identify(src/ros_odrive/odrive_base/include) by extension 'cmake'
[0.614s] [34mcolcon.colcon_core.package_identification[0m [1;30mLevel 1[0m _identify(src/ros_odrive/odrive_base/include) by extension 'python'
[0.614s] [34mcolcon.colcon_core.package_identification[0m [1;30mLevel 1[0m _identify(src/ros_odrive/odrive_base/include) by extensions ['python_setup_py']
[0.614s] [34mcolcon.colcon_core.package_identification[0m [1;30mLevel 1[0m _identify(src/ros_odrive/odrive_base/include) by extension 'python_setup_py'
[0.614s] [34mcolcon.colcon_core.package_identification[0m [1;30mLevel 1[0m _identify(src/ros_odrive/odrive_base/src) by extensions ['ignore', 'ignore_ament_install']
[0.614s] [34mcolcon.colcon_core.package_identification[0m [1;30mLevel 1[0m _identify(src/ros_odrive/odrive_base/src) by extension 'ignore'
[0.614s] [34mcolcon.colcon_core.package_identification[0m [1;30mLevel 1[0m _identify(src/ros_odrive/odrive_base/src) by extension 'ignore_ament_install'
[0.614s] [34mcolcon.colcon_core.package_identification[0m [1;30mLevel 1[0m _identify(src/ros_odrive/odrive_base/src) by extensions ['colcon_pkg']
[0.614s] [34mcolcon.colcon_core.package_identification[0m [1;30mLevel 1[0m _identify(src/ros_odrive/odrive_base/src) by extension 'colcon_pkg'
[0.614s] [34mcolcon.colcon_core.package_identification[0m [1;30mLevel 1[0m _identify(src/ros_odrive/odrive_base/src) by extensions ['colcon_meta']
[0.614s] [34mcolcon.colcon_core.package_identification[0m [1;30mLevel 1[0m _identify(src/ros_odrive/odrive_base/src) by extension 'colcon_meta'
[0.614s] [34mcolcon.colcon_core.package_identification[0m [1;30mLevel 1[0m _identify(src/ros_odrive/odrive_base/src) by extensions ['ros']
[0.614s] [34mcolcon.colcon_core.package_identification[0m [1;30mLevel 1[0m _identify(src/ros_odrive/odrive_base/src) by extension 'ros'
[0.614s] [34mcolcon.colcon_core.package_identification[0m [1;30mLevel 1[0m _identify(src/ros_odrive/odrive_base/src) by extensions ['cmake', 'python']
[0.615s] [34mcolcon.colcon_core.package_identification[0m [1;30mLevel 1[0m _identify(src/ros_odrive/odrive_base/src) by extension 'cmake'
[0.615s] [34mcolcon.colcon_core.package_identification[0m [1;30mLevel 1[0m _identify(src/ros_odrive/odrive_base/src) by extension 'python'
[0.615s] [34mcolcon.colcon_core.package_identification[0m [1;30mLevel 1[0m _identify(src/ros_odrive/odrive_base/src) by extensions ['python_setup_py']
[0.615s] [34mcolcon.colcon_core.package_identification[0m [1;30mLevel 1[0m _identify(src/ros_odrive/odrive_base/src) by extension 'python_setup_py'
[0.615s] [34mcolcon.colcon_core.package_identification[0m [1;30mLevel 1[0m _identify(src/ros_odrive/odrive_botwheel_explorer) by extensions ['ignore', 'ignore_ament_install']
[0.615s] [34mcolcon.colcon_core.package_identification[0m [1;30mLevel 1[0m _identify(src/ros_odrive/odrive_botwheel_explorer) by extension 'ignore'
[0.615s] [34mcolcon.colcon_core.package_identification[0m [1;30mLevel 1[0m _identify(src/ros_odrive/odrive_botwheel_explorer) by extension 'ignore_ament_install'
[0.615s] [34mcolcon.colcon_core.package_identification[0m [1;30mLevel 1[0m _identify(src/ros_odrive/odrive_botwheel_explorer) by extensions ['colcon_pkg']
[0.615s] [34mcolcon.colcon_core.package_identification[0m [1;30mLevel 1[0m _identify(src/ros_odrive/odrive_botwheel_explorer) by extension 'colcon_pkg'
[0.615s] [34mcolcon.colcon_core.package_identification[0m [1;30mLevel 1[0m _identify(src/ros_odrive/odrive_botwheel_explorer) by extensions ['colcon_meta']
[0.615s] [34mcolcon.colcon_core.package_identification[0m [1;30mLevel 1[0m _identify(src/ros_odrive/odrive_botwheel_explorer) by extension 'colcon_meta'
[0.615s] [34mcolcon.colcon_core.package_identification[0m [1;30mLevel 1[0m _identify(src/ros_odrive/odrive_botwheel_explorer) by extensions ['ros']
[0.615s] [34mcolcon.colcon_core.package_identification[0m [1;30mLevel 1[0m _identify(src/ros_odrive/odrive_botwheel_explorer) by extension 'ros'
[0.615s] [34mcolcon.colcon_core.package_identification[0m [1;30mDEBUG[0m [32mPackage 'src/ros_odrive/odrive_botwheel_explorer' with type 'ros.ament_cmake' and name 'odrive_botwheel_explorer'[0m
[0.615s] [34mcolcon.colcon_core.package_identification[0m [1;30mLevel 1[0m _identify(src/ros_odrive/odrive_node) by extensions ['ignore', 'ignore_ament_install']
[0.615s] [34mcolcon.colcon_core.package_identification[0m [1;30mLevel 1[0m _identify(src/ros_odrive/odrive_node) by extension 'ignore'
[0.615s] [34mcolcon.colcon_core.package_identification[0m [1;30mLevel 1[0m _identify(src/ros_odrive/odrive_node) by extension 'ignore_ament_install'
[0.615s] [34mcolcon.colcon_core.package_identification[0m [1;30mLevel 1[0m _identify(src/ros_odrive/odrive_node) by extensions ['colcon_pkg']
[0.615s] [34mcolcon.colcon_core.package_identification[0m [1;30mLevel 1[0m _identify(src/ros_odrive/odrive_node) by extension 'colcon_pkg'
[0.616s] [34mcolcon.colcon_core.package_identification[0m [1;30mLevel 1[0m _identify(src/ros_odrive/odrive_node) by extensions ['colcon_meta']
[0.616s] [34mcolcon.colcon_core.package_identification[0m [1;30mLevel 1[0m _identify(src/ros_odrive/odrive_node) by extension 'colcon_meta'
[0.616s] [34mcolcon.colcon_core.package_identification[0m [1;30mLevel 1[0m _identify(src/ros_odrive/odrive_node) by extensions ['ros']
[0.616s] [34mcolcon.colcon_core.package_identification[0m [1;30mLevel 1[0m _identify(src/ros_odrive/odrive_node) by extension 'ros'
[0.616s] [34mcolcon.colcon_core.package_identification[0m [1;30mDEBUG[0m [32mPackage 'src/ros_odrive/odrive_node' with type 'ros.ament_cmake' and name 'odrive_can'[0m
[0.616s] [34mcolcon.colcon_core.package_identification[0m [1;30mLevel 1[0m _identify(src/ros_odrive/odrive_ros2_control) by extensions ['ignore', 'ignore_ament_install']
[0.616s] [34mcolcon.colcon_core.package_identification[0m [1;30mLevel 1[0m _identify(src/ros_odrive/odrive_ros2_control) by extension 'ignore'
[0.616s] [34mcolcon.colcon_core.package_identification[0m [1;30mLevel 1[0m _identify(src/ros_odrive/odrive_ros2_control) by extension 'ignore_ament_install'
[0.616s] [34mcolcon.colcon_core.package_identification[0m [1;30mLevel 1[0m _identify(src/ros_odrive/odrive_ros2_control) by extensions ['colcon_pkg']
[0.616s] [34mcolcon.colcon_core.package_identification[0m [1;30mLevel 1[0m _identify(src/ros_odrive/odrive_ros2_control) by extension 'colcon_pkg'
[0.616s] [34mcolcon.colcon_core.package_identification[0m [1;30mLevel 1[0m _identify(src/ros_odrive/odrive_ros2_control) by extensions ['colcon_meta']
[0.616s] [34mcolcon.colcon_core.package_identification[0m [1;30mLevel 1[0m _identify(src/ros_odrive/odrive_ros2_control) by extension 'colcon_meta'
[0.616s] [34mcolcon.colcon_core.package_identification[0m [1;30mLevel 1[0m _identify(src/ros_odrive/odrive_ros2_control) by extensions ['ros']
[0.616s] [34mcolcon.colcon_core.package_identification[0m [1;30mLevel 1[0m _identify(src/ros_odrive/odrive_ros2_control) by extension 'ros'
[0.617s] [34mcolcon.colcon_core.package_identification[0m [1;30mDEBUG[0m [32mPackage 'src/ros_odrive/odrive_ros2_control' with type 'ros.ament_cmake' and name 'odrive_ros2_control'[0m
[0.618s] [34mcolcon.colcon_core.package_identification[0m [1;30mLevel 1[0m _identify(src/testing) by extensions ['ignore', 'ignore_ament_install']
[0.618s] [34mcolcon.colcon_core.package_identification[0m [1;30mLevel 1[0m _identify(src/testing) by extension 'ignore'
[0.618s] [34mcolcon.colcon_core.package_identification[0m [1;30mLevel 1[0m _identify(src/testing) by extension 'ignore_ament_install'
[0.618s] [34mcolcon.colcon_core.package_identification[0m [1;30mLevel 1[0m _identify(src/testing) by extensions ['colcon_pkg']
[0.618s] [34mcolcon.colcon_core.package_identification[0m [1;30mLevel 1[0m _identify(src/testing) by extension 'colcon_pkg'
[0.618s] [34mcolcon.colcon_core.package_identification[0m [1;30mLevel 1[0m _identify(src/testing) by extensions ['colcon_meta']
[0.618s] [34mcolcon.colcon_core.package_identification[0m [1;30mLevel 1[0m _identify(src/testing) by extension 'colcon_meta'
[0.618s] [34mcolcon.colcon_core.package_identification[0m [1;30mLevel 1[0m _identify(src/testing) by extensions ['ros']
[0.618s] [34mcolcon.colcon_core.package_identification[0m [1;30mLevel 1[0m _identify(src/testing) by extension 'ros'
[0.619s] [34mcolcon.colcon_core.package_identification[0m [1;30mDEBUG[0m [32mPackage 'src/testing' with type 'ros.ament_python' and name 'testing'[0m
[0.619s] [34mcolcon.colcon_core.package_discovery[0m [1;30mLevel 1[0m discover_packages(recursive) using defaults
[0.619s] [34mcolcon.colcon_core.package_discovery[0m [1;30mLevel 1[0m discover_packages(ignore) discover
[0.619s] [34mcolcon.colcon_core.package_discovery[0m [1;30mLevel 1[0m discover_packages(ignore) using defaults
[0.619s] [34mcolcon.colcon_core.package_discovery[0m [1;30mLevel 1[0m discover_packages(path) discover
[0.619s] [34mcolcon.colcon_core.package_discovery[0m [1;30mLevel 1[0m discover_packages(path) using defaults
[0.633s] [34mcolcon.colcon_core.package_selection[0m [1;30mINFO[0m Skipping not selected package 'data_logging' in 'src/data_logging'
[0.633s] [34mcolcon.colcon_core.package_selection[0m [1;30mINFO[0m Skipping not selected package 'encoder' in 'src/encoder'
[0.633s] [34mcolcon.colcon_core.package_selection[0m [1;30mINFO[0m Skipping not selected package 'odrive_ros2_control' in 'src/ros_odrive/odrive_ros2_control'
[0.633s] [34mcolcon.colcon_core.package_selection[0m [1;30mINFO[0m Skipping not selected package 'testing' in 'src/testing'
[0.633s] [34mcolcon.colcon_core.package_selection[0m [1;30mINFO[0m Skipping not selected package 'app_server' in 'src/app_server'
[0.633s] [34mcolcon.colcon_core.package_selection[0m [1;30mINFO[0m Skipping not selected package 'odrive_botwheel_explorer' in 'src/ros_odrive/odrive_botwheel_explorer'
[0.633s] [34mcolcon.colcon_core.package_selection[0m [1;30mINFO[0m Skipping not selected package 'odrive_control_py' in 'src/odrive_control_py'
[0.633s] [34mcolcon.colcon_core.package_selection[0m [1;30mINFO[0m Skipping not selected package 'robot_launch' in 'src/robot_launch'
[0.634s] [34mcolcon.colcon_core.package_discovery[0m [1;30mLevel 1[0m discover_packages(prefix_path) check parameters
[0.634s] [34mcolcon.colcon_core.package_discovery[0m [1;30mLevel 1[0m discover_packages(prefix_path) discover
[0.636s] [34mcolcon.colcon_installed_package_information.package_discovery[0m [1;30mDEBUG[0m [32mFound 479 installed packages in /opt/ros/humble[0m
[0.637s] [34mcolcon.colcon_core.package_discovery[0m [1;30mLevel 1[0m discover_packages(prefix_path) using defaults
[0.684s] [34mcolcon.colcon_core.verb[0m [1;30mLevel 5[0m set package 'custom_msgs' build argument 'cmake_args' from command line to 'None'
[0.684s] [34mcolcon.colcon_core.verb[0m [1;30mLevel 5[0m set package 'custom_msgs' build argument 'cmake_target' from command line to 'None'
[0.684s] [34mcolcon.colcon_core.verb[0m [1;30mLevel 5[0m set package 'custom_msgs' build argument 'cmake_target_skip_unavailable' from command line to 'False'
[0.684s] [34mcolcon.colcon_core.verb[0m [1;30mLevel 5[0m set package 'custom_msgs' build argument 'cmake_clean_cache' from command line to 'False'
[0.684s] [34mcolcon.colcon_core.verb[0m [1;30mLevel 5[0m set package 'custom_msgs' build argument 'cmake_clean_first' from command line to 'False'
[0.684s] [34mcolcon.colcon_core.verb[0m [1;30mLevel 5[0m set package 'custom_msgs' build argument 'cmake_force_configure' from command line to 'False'
[0.684s] [34mcolcon.colcon_core.verb[0m [1;30mLevel 5[0m set package 'custom_msgs' build argument 'ament_cmake_args' from command line to 'None'
[0.684s] [34mcolcon.colcon_core.verb[0m [1;30mLevel 5[0m set package 'custom_msgs' build argument 'catkin_cmake_args' from command line to 'None'
[0.684s] [34mcolcon.colcon_core.verb[0m [1;30mLevel 5[0m set package 'custom_msgs' build argument 'catkin_skip_building_tests' from command line to 'False'
[0.684s] [34mcolcon.colcon_core.verb[0m [1;30mDEBUG[0m [32mBuilding package 'custom_msgs' with the following arguments: {'ament_cmake_args': None, 'build_base': '/home/vedant/gaitlab_ws/OdriveCANControl/build/custom_msgs', 'catkin_cmake_args': None, 'catkin_skip_building_tests': False, 'cmake_args': None, 'cmake_clean_cache': False, 'cmake_clean_first': False, 'cmake_force_configure': False, 'cmake_target': None, 'cmake_target_skip_unavailable': False, 'install_base': '/home/vedant/gaitlab_ws/OdriveCANControl/install/custom_msgs', 'merge_install': False, 'path': '/home/vedant/gaitlab_ws/OdriveCANControl/src/custom_msgs', 'symlink_install': False, 'test_result_base': None}[0m
[0.685s] [34mcolcon.colcon_core.verb[0m [1;30mLevel 5[0m set package 'odrive_can' build argument 'cmake_args' from command line to 'None'
[0.685s] [34mcolcon.colcon_core.verb[0m [1;30mLevel 5[0m set package 'odrive_can' build argument 'cmake_target' from command line to 'None'
[0.685s] [34mcolcon.colcon_core.verb[0m [1;30mLevel 5[0m set package 'odrive_can' build argument 'cmake_target_skip_unavailable' from command line to 'False'
[0.685s] [34mcolcon.colcon_core.verb[0m [1;30mLevel 5[0m set package 'odrive_can' build argument 'cmake_clean_cache' from command line to 'False'
[0.685s] [34mcolcon.colcon_core.verb[0m [1;30mLevel 5[0m set package 'odrive_can' build argument 'cmake_clean_first' from command line to 'False'
[0.685s] [34mcolcon.colcon_core.verb[0m [1;30mLevel 5[0m set package 'odrive_can' build argument 'cmake_force_configure' from command line to 'False'
[0.685s] [34mcolcon.colcon_core.verb[0m [1;30mLevel 5[0m set package 'odrive_can' build argument 'ament_cmake_args' from command line to 'None'
[0.685s] [34mcolcon.colcon_core.verb[0m [1;30mLevel 5[0m set package 'odrive_can' build argument 'catkin_cmake_args' from command line to 'None'
[0.685s] [34mcolcon.colcon_core.verb[0m [1;30mLevel 5[0m set package 'odrive_can' build argument 'catkin_skip_building_tests' from command line to 'False'
[0.685s] [34mcolcon.colcon_core.verb[0m [1;30mDEBUG[0m [32mBuilding package 'odrive_can' with the following arguments: {'ament_cmake_args': None, 'build_base': '/home/vedant/gaitlab_ws/OdriveCANControl/build/odrive_can', 'catkin_cmake_args': None, 'catkin_skip_building_tests': False, 'cmake_args': None, 'cmake_clean_cache': False, 'cmake_clean_first': False, 'cmake_force_configure': False, 'cmake_target': None, 'cmake_target_skip_unavailable': False, 'install_base': '/home/vedant/gaitlab_ws/OdriveCANControl/install/odrive_can', 'merge_install': False, 'path': '/home/vedant/gaitlab_ws/OdriveCANControl/src/ros_odrive/odrive_node', 'symlink_install': False, 'test_result_base': None}[0m
[0.685s] [34mcolcon.colcon_core.verb[0m [1;30mLevel 5[0m set package 'controller' build argument 'cmake_args' from command line to 'None'
[0.685s] [34mcolcon.colcon_core.verb[0m [1;30mLevel 5[0m set package 'controller' build argument 'cmake_target' from command line to 'None'
[0.685s] [34mcolcon.colcon_core.verb[0m [1;30mLevel 5[0m set package 'controller' build argument 'cmake_target_skip_unavailable' from command line to 'False'
[0.685s] [34mcolcon.colcon_core.verb[0m [1;30mLevel 5[0m set package 'controller' build argument 'cmake_clean_cache' from command line to 'False'
[0.685s] [34mcolcon.colcon_core.verb[0m [1;30mLevel 5[0m set package 'controller' build argument 'cmake_clean_first' from command line to 'False'
[0.685s] [34mcolcon.colcon_core.verb[0m [1;30mLevel 5[0m set package 'controller' build argument 'cmake_force_configure' from command line to 'False'
[0.685s] [34mcolcon.colcon_core.verb[0m [1;30mLevel 5[0m set package 'controller' build argument 'ament_cmake_args' from command line to 'None'
[0.685s] [34mcolcon.colcon_core.verb[0m [1;30mLevel 5[0m set package 'controller' build argument 'catkin_cmake_args' from command line to 'None'
[0.685s] [34mcolcon.colcon_core.verb[0m [1;30mLevel 5[0m set package 'controller' build argument 'catkin_skip_building_tests' from command line to 'False'
[0.685s] [34mcolcon.colcon_core.verb[0m [1;30mDEBUG[0m [32mBuilding package 'controller' with the following arguments: {'ament_cmake_args': None, 'build_base': '/home/vedant/gaitlab_ws/OdriveCANControl/build/controller', 'catkin_cmake_args': None, 'catkin_skip_building_tests': False, 'cmake_args': None, 'cmake_clean_cache': False, 'cmake_clean_first': False, 'cmake_force_configure': False, 'cmake_target': None, 'cmake_target_skip_unavailable': False, 'install_base': '/home/vedant/gaitlab_ws/OdriveCANControl/install/controller', 'merge_install': False, 'path': '/home/vedant/gaitlab_ws/OdriveCANControl/src/controller', 'symlink_install': False, 'test_result_base': None}[0m
[0.685s] [34mcolcon.colcon_core.executor[0m [1;30mINFO[0m Executing jobs using 'parallel' executor
[0.686s] [34mcolcon.colcon_parallel_executor.executor.parallel[0m [1;30mDEBUG[0m [32mrun_until_complete[0m
[0.686s] [34mcolcon.colcon_ros.task.ament_cmake.build[0m [1;30mINFO[0m Building ROS package in '/home/vedant/gaitlab_ws/OdriveCANControl/src/custom_msgs' with build type 'ament_cmake'
[0.687s] [34mcolcon.colcon_cmake.task.cmake.build[0m [1;30mINFO[0m Building CMake package in '/home/vedant/gaitlab_ws/OdriveCANControl/src/custom_msgs'
[0.690s] [34mcolcon.colcon_core.plugin_system[0m [1;30mINFO[0m Skipping extension 'colcon_core.shell.bat': Not used on non-Windows systems
[0.690s] [34mcolcon.colcon_core.shell[0m [1;30mINFO[0m Skip shell extension 'powershell' for command environment: Not usable outside of PowerShell
[0.690s] [34mcolcon.colcon_core.shell[0m [1;30mDEBUG[0m [32mSkip shell extension 'dsv' for command environment[0m
[0.698s] [34mcolcon.colcon_ros.task.ament_cmake.build[0m [1;30mINFO[0m Building ROS package in '/home/vedant/gaitlab_ws/OdriveCANControl/src/ros_odrive/odrive_node' with build type 'ament_cmake'
[0.698s] [34mcolcon.colcon_cmake.task.cmake.build[0m [1;30mINFO[0m Building CMake package in '/home/vedant/gaitlab_ws/OdriveCANControl/src/ros_odrive/odrive_node'
[0.699s] [34mcolcon.colcon_core.shell[0m [1;30mINFO[0m Skip shell extension 'powershell' for command environment: Not usable outside of PowerShell
[0.699s] [34mcolcon.colcon_core.shell[0m [1;30mDEBUG[0m [32mSkip shell extension 'dsv' for command environment[0m
[0.708s] [34mcolcon.colcon_core.event_handler.log_command[0m [1;30mDEBUG[0m [32mInvoking command in '/home/vedant/gaitlab_ws/OdriveCANControl/build/custom_msgs': CMAKE_PREFIX_PATH=/opt/ros/humble /usr/bin/cmake /home/vedant/gaitlab_ws/OdriveCANControl/src/custom_msgs -DCMAKE_INSTALL_PREFIX=/home/vedant/gaitlab_ws/OdriveCANControl/install/custom_msgs[0m
[0.714s] [34mcolcon.colcon_core.event_handler.log_command[0m [1;30mDEBUG[0m [32mInvoking command in '/home/vedant/gaitlab_ws/OdriveCANControl/build/odrive_can': CMAKE_PREFIX_PATH=/opt/ros/humble /usr/bin/cmake /home/vedant/gaitlab_ws/OdriveCANControl/src/ros_odrive/odrive_node -DCMAKE_INSTALL_PREFIX=/home/vedant/gaitlab_ws/OdriveCANControl/install/odrive_can[0m
[5.129s] [34mcolcon.colcon_core.event_handler.log_command[0m [1;30mDEBUG[0m [32mInvoked command in '/home/vedant/gaitlab_ws/OdriveCANControl/build/custom_msgs' returned '0': CMAKE_PREFIX_PATH=/opt/ros/humble /usr/bin/cmake /home/vedant/gaitlab_ws/OdriveCANControl/src/custom_msgs -DCMAKE_INSTALL_PREFIX=/home/vedant/gaitlab_ws/OdriveCANControl/install/custom_msgs[0m
[5.131s] [34mcolcon.colcon_core.event_handler.log_command[0m [1;30mDEBUG[0m [32mInvoking command in '/home/vedant/gaitlab_ws/OdriveCANControl/build/custom_msgs': CMAKE_PREFIX_PATH=/opt/ros/humble /usr/bin/cmake --build /home/vedant/gaitlab_ws/OdriveCANControl/build/custom_msgs -- -j20 -l20[0m
[8.431s] [34mcolcon.colcon_core.event_handler.log_command[0m [1;30mDEBUG[0m [32mInvoked command in '/home/vedant/gaitlab_ws/OdriveCANControl/build/custom_msgs' returned '0': CMAKE_PREFIX_PATH=/opt/ros/humble /usr/bin/cmake --build /home/vedant/gaitlab_ws/OdriveCANControl/build/custom_msgs -- -j20 -l20[0m
[8.504s] [34mcolcon.colcon_core.event_handler.log_command[0m [1;30mDEBUG[0m [32mInvoking command in '/home/vedant/gaitlab_ws/OdriveCANControl/build/custom_msgs': CMAKE_PREFIX_PATH=/opt/ros/humble /usr/bin/cmake --install /home/vedant/gaitlab_ws/OdriveCANControl/build/custom_msgs[0m
[8.583s] [34mcolcon.colcon_core.environment[0m [1;30mLevel 1[0m create_environment_scripts_only(custom_msgs)
[8.584s] [34mcolcon.colcon_core.event_handler.log_command[0m [1;30mDEBUG[0m [32mInvoked command in '/home/vedant/gaitlab_ws/OdriveCANControl/build/custom_msgs' returned '0': CMAKE_PREFIX_PATH=/opt/ros/humble /usr/bin/cmake --install /home/vedant/gaitlab_ws/OdriveCANControl/build/custom_msgs[0m
[8.596s] [34mcolcon.colcon_core.environment[0m [1;30mLevel 1[0m checking '/home/vedant/gaitlab_ws/OdriveCANControl/install/custom_msgs' for CMake module files
[8.597s] [34mcolcon.colcon_core.environment[0m [1;30mLevel 1[0m checking '/home/vedant/gaitlab_ws/OdriveCANControl/install/custom_msgs' for CMake config files
[8.597s] [34mcolcon.colcon_core.shell[0m [1;30mLevel 1[0m create_environment_hook('custom_msgs', 'cmake_prefix_path')
[8.597s] [34mcolcon.colcon_core.shell[0m [1;30mINFO[0m Creating environment hook '/home/vedant/gaitlab_ws/OdriveCANControl/install/custom_msgs/share/custom_msgs/hook/cmake_prefix_path.ps1'
[8.598s] [34mcolcon.colcon_core.shell[0m [1;30mINFO[0m Creating environment descriptor '/home/vedant/gaitlab_ws/OdriveCANControl/install/custom_msgs/share/custom_msgs/hook/cmake_prefix_path.dsv'
[8.598s] [34mcolcon.colcon_core.shell[0m [1;30mINFO[0m Creating environment hook '/home/vedant/gaitlab_ws/OdriveCANControl/install/custom_msgs/share/custom_msgs/hook/cmake_prefix_path.sh'
[8.599s] [34mcolcon.colcon_core.environment[0m [1;30mLevel 1[0m checking '/home/vedant/gaitlab_ws/OdriveCANControl/install/custom_msgs/lib'
[8.600s] [34mcolcon.colcon_core.shell[0m [1;30mLevel 1[0m create_environment_hook('custom_msgs', 'ld_library_path_lib')
[8.600s] [34mcolcon.colcon_core.shell[0m [1;30mINFO[0m Creating environment hook '/home/vedant/gaitlab_ws/OdriveCANControl/install/custom_msgs/share/custom_msgs/hook/ld_library_path_lib.ps1'
[8.600s] [34mcolcon.colcon_core.shell[0m [1;30mINFO[0m Creating environment descriptor '/home/vedant/gaitlab_ws/OdriveCANControl/install/custom_msgs/share/custom_msgs/hook/ld_library_path_lib.dsv'
[8.601s] [34mcolcon.colcon_core.shell[0m [1;30mINFO[0m Creating environment hook '/home/vedant/gaitlab_ws/OdriveCANControl/install/custom_msgs/share/custom_msgs/hook/ld_library_path_lib.sh'
[8.601s] [34mcolcon.colcon_core.environment[0m [1;30mLevel 1[0m checking '/home/vedant/gaitlab_ws/OdriveCANControl/install/custom_msgs/bin'
[8.601s] [34mcolcon.colcon_core.environment[0m [1;30mLevel 1[0m checking '/home/vedant/gaitlab_ws/OdriveCANControl/install/custom_msgs/lib/pkgconfig/custom_msgs.pc'
[8.601s] [34mcolcon.colcon_core.environment[0m [1;30mLevel 1[0m checking '/home/vedant/gaitlab_ws/OdriveCANControl/install/custom_msgs/lib/python3.10/site-packages'
[8.602s] [34mcolcon.colcon_core.environment[0m [1;30mLevel 1[0m checking '/home/vedant/gaitlab_ws/OdriveCANControl/install/custom_msgs/bin'
[8.602s] [34mcolcon.colcon_core.shell[0m [1;30mINFO[0m Creating package script '/home/vedant/gaitlab_ws/OdriveCANControl/install/custom_msgs/share/custom_msgs/package.ps1'
[8.603s] [34mcolcon.colcon_core.shell[0m [1;30mINFO[0m Creating package descriptor '/home/vedant/gaitlab_ws/OdriveCANControl/install/custom_msgs/share/custom_msgs/package.dsv'
[8.605s] [34mcolcon.colcon_core.shell[0m [1;30mINFO[0m Creating package script '/home/vedant/gaitlab_ws/OdriveCANControl/install/custom_msgs/share/custom_msgs/package.sh'
[8.607s] [34mcolcon.colcon_core.shell[0m [1;30mINFO[0m Creating package script '/home/vedant/gaitlab_ws/OdriveCANControl/install/custom_msgs/share/custom_msgs/package.bash'
[8.608s] [34mcolcon.colcon_core.shell[0m [1;30mINFO[0m Creating package script '/home/vedant/gaitlab_ws/OdriveCANControl/install/custom_msgs/share/custom_msgs/package.zsh'
[8.609s] [34mcolcon.colcon_core.environment[0m [1;30mLevel 1[0m create_file_with_runtime_dependencies(/home/vedant/gaitlab_ws/OdriveCANControl/install/custom_msgs/share/colcon-core/packages/custom_msgs)
[8.673s] [34mcolcon.colcon_core.environment[0m [1;30mLevel 1[0m create_environment_scripts_only(custom_msgs)
[8.674s] [34mcolcon.colcon_core.environment[0m [1;30mLevel 1[0m checking '/home/vedant/gaitlab_ws/OdriveCANControl/install/custom_msgs' for CMake module files
[8.674s] [34mcolcon.colcon_core.environment[0m [1;30mLevel 1[0m checking '/home/vedant/gaitlab_ws/OdriveCANControl/install/custom_msgs' for CMake config files
[8.674s] [34mcolcon.colcon_core.shell[0m [1;30mLevel 1[0m create_environment_hook('custom_msgs', 'cmake_prefix_path')
[8.675s] [34mcolcon.colcon_core.shell[0m [1;30mINFO[0m Creating environment hook '/home/vedant/gaitlab_ws/OdriveCANControl/install/custom_msgs/share/custom_msgs/hook/cmake_prefix_path.ps1'
[8.675s] [34mcolcon.colcon_core.shell[0m [1;30mINFO[0m Creating environment descriptor '/home/vedant/gaitlab_ws/OdriveCANControl/install/custom_msgs/share/custom_msgs/hook/cmake_prefix_path.dsv'
[8.675s] [34mcolcon.colcon_core.shell[0m [1;30mINFO[0m Creating environment hook '/home/vedant/gaitlab_ws/OdriveCANControl/install/custom_msgs/share/custom_msgs/hook/cmake_prefix_path.sh'
[8.676s] [34mcolcon.colcon_core.environment[0m [1;30mLevel 1[0m checking '/home/vedant/gaitlab_ws/OdriveCANControl/install/custom_msgs/lib'
[8.676s] [34mcolcon.colcon_core.shell[0m [1;30mLevel 1[0m create_environment_hook('custom_msgs', 'ld_library_path_lib')
[8.676s] [34mcolcon.colcon_core.shell[0m [1;30mINFO[0m Creating environment hook '/home/vedant/gaitlab_ws/OdriveCANControl/install/custom_msgs/share/custom_msgs/hook/ld_library_path_lib.ps1'
[8.677s] [34mcolcon.colcon_core.shell[0m [1;30mINFO[0m Creating environment descriptor '/home/vedant/gaitlab_ws/OdriveCANControl/install/custom_msgs/share/custom_msgs/hook/ld_library_path_lib.dsv'
[8.677s] [34mcolcon.colcon_core.shell[0m [1;30mINFO[0m Creating environment hook '/home/vedant/gaitlab_ws/OdriveCANControl/install/custom_msgs/share/custom_msgs/hook/ld_library_path_lib.sh'
[8.677s] [34mcolcon.colcon_core.environment[0m [1;30mLevel 1[0m checking '/home/vedant/gaitlab_ws/OdriveCANControl/install/custom_msgs/bin'
[8.677s] [34mcolcon.colcon_core.environment[0m [1;30mLevel 1[0m checking '/home/vedant/gaitlab_ws/OdriveCANControl/install/custom_msgs/lib/pkgconfig/custom_msgs.pc'
[8.678s] [34mcolcon.colcon_core.environment[0m [1;30mLevel 1[0m checking '/home/vedant/gaitlab_ws/OdriveCANControl/install/custom_msgs/lib/python3.10/site-packages'
[8.678s] [34mcolcon.colcon_core.environment[0m [1;30mLevel 1[0m checking '/home/vedant/gaitlab_ws/OdriveCANControl/install/custom_msgs/bin'
[8.678s] [34mcolcon.colcon_core.shell[0m [1;30mINFO[0m Creating package script '/home/vedant/gaitlab_ws/OdriveCANControl/install/custom_msgs/share/custom_msgs/package.ps1'
[8.679s] [34mcolcon.colcon_core.shell[0m [1;30mINFO[0m Creating package descriptor '/home/vedant/gaitlab_ws/OdriveCANControl/install/custom_msgs/share/custom_msgs/package.dsv'
[8.679s] [34mcolcon.colcon_core.shell[0m [1;30mINFO[0m Creating package script '/home/vedant/gaitlab_ws/OdriveCANControl/install/custom_msgs/share/custom_msgs/package.sh'
[8.680s] [34mcolcon.colcon_core.shell[0m [1;30mINFO[0m Creating package script '/home/vedant/gaitlab_ws/OdriveCANControl/install/custom_msgs/share/custom_msgs/package.bash'
[8.680s] [34mcolcon.colcon_core.shell[0m [1;30mINFO[0m Creating package script '/home/vedant/gaitlab_ws/OdriveCANControl/install/custom_msgs/share/custom_msgs/package.zsh'
[8.680s] [34mcolcon.colcon_core.environment[0m [1;30mLevel 1[0m create_file_with_runtime_dependencies(/home/vedant/gaitlab_ws/OdriveCANControl/install/custom_msgs/share/colcon-core/packages/custom_msgs)
[19.801s] [34mcolcon.colcon_core.event_handler.log_command[0m [1;30mDEBUG[0m [32mInvoked command in '/home/vedant/gaitlab_ws/OdriveCANControl/build/odrive_can' returned '0': CMAKE_PREFIX_PATH=/opt/ros/humble /usr/bin/cmake /home/vedant/gaitlab_ws/OdriveCANControl/src/ros_odrive/odrive_node -DCMAKE_INSTALL_PREFIX=/home/vedant/gaitlab_ws/OdriveCANControl/install/odrive_can[0m
[19.803s] [34mcolcon.colcon_core.event_handler.log_command[0m [1;30mDEBUG[0m [32mInvoking command in '/home/vedant/gaitlab_ws/OdriveCANControl/build/odrive_can': CMAKE_PREFIX_PATH=/opt/ros/humble /usr/bin/cmake --build /home/vedant/gaitlab_ws/OdriveCANControl/build/odrive_can -- -j20 -l20[0m
[36.268s] [34mcolcon.colcon_core.event_handler.log_command[0m [1;30mDEBUG[0m [32mInvoked command in '/home/vedant/gaitlab_ws/OdriveCANControl/build/odrive_can' returned '0': CMAKE_PREFIX_PATH=/opt/ros/humble /usr/bin/cmake --build /home/vedant/gaitlab_ws/OdriveCANControl/build/odrive_can -- -j20 -l20[0m
[36.362s] [34mcolcon.colcon_core.event_handler.log_command[0m [1;30mDEBUG[0m [32mInvoking command in '/home/vedant/gaitlab_ws/OdriveCANControl/build/odrive_can': CMAKE_PREFIX_PATH=/opt/ros/humble /usr/bin/cmake --install /home/vedant/gaitlab_ws/OdriveCANControl/build/odrive_can[0m
[36.505s] [34mcolcon.colcon_core.environment[0m [1;30mLevel 1[0m create_environment_scripts_only(odrive_can)
[36.505s] [34mcolcon.colcon_core.event_handler.log_command[0m [1;30mDEBUG[0m [32mInvoked command in '/home/vedant/gaitlab_ws/OdriveCANControl/build/odrive_can' returned '0': CMAKE_PREFIX_PATH=/opt/ros/humble /usr/bin/cmake --install /home/vedant/gaitlab_ws/OdriveCANControl/build/odrive_can[0m
[36.506s] [34mcolcon.colcon_core.environment[0m [1;30mLevel 1[0m checking '/home/vedant/gaitlab_ws/OdriveCANControl/install/odrive_can' for CMake module files
[36.507s] [34mcolcon.colcon_core.environment[0m [1;30mLevel 1[0m checking '/home/vedant/gaitlab_ws/OdriveCANControl/install/odrive_can' for CMake config files
[36.507s] [34mcolcon.colcon_core.shell[0m [1;30mLevel 1[0m create_environment_hook('odrive_can', 'cmake_prefix_path')
[36.507s] [34mcolcon.colcon_core.shell[0m [1;30mINFO[0m Creating environment hook '/home/vedant/gaitlab_ws/OdriveCANControl/install/odrive_can/share/odrive_can/hook/cmake_prefix_path.ps1'
[36.507s] [34mcolcon.colcon_core.shell[0m [1;30mINFO[0m Creating environment descriptor '/home/vedant/gaitlab_ws/OdriveCANControl/install/odrive_can/share/odrive_can/hook/cmake_prefix_path.dsv'
[36.508s] [34mcolcon.colcon_core.shell[0m [1;30mINFO[0m Creating environment hook '/home/vedant/gaitlab_ws/OdriveCANControl/install/odrive_can/share/odrive_can/hook/cmake_prefix_path.sh'
[36.508s] [34mcolcon.colcon_core.environment[0m [1;30mLevel 1[0m checking '/home/vedant/gaitlab_ws/OdriveCANControl/install/odrive_can/lib'
[36.508s] [34mcolcon.colcon_core.shell[0m [1;30mLevel 1[0m create_environment_hook('odrive_can', 'ld_library_path_lib')
[36.508s] [34mcolcon.colcon_core.shell[0m [1;30mINFO[0m Creating environment hook '/home/vedant/gaitlab_ws/OdriveCANControl/install/odrive_can/share/odrive_can/hook/ld_library_path_lib.ps1'
[36.509s] [34mcolcon.colcon_core.shell[0m [1;30mINFO[0m Creating environment descriptor '/home/vedant/gaitlab_ws/OdriveCANControl/install/odrive_can/share/odrive_can/hook/ld_library_path_lib.dsv'
[36.509s] [34mcolcon.colcon_core.shell[0m [1;30mINFO[0m Creating environment hook '/home/vedant/gaitlab_ws/OdriveCANControl/install/odrive_can/share/odrive_can/hook/ld_library_path_lib.sh'
[36.509s] [34mcolcon.colcon_core.environment[0m [1;30mLevel 1[0m checking '/home/vedant/gaitlab_ws/OdriveCANControl/install/odrive_can/bin'
[36.509s] [34mcolcon.colcon_core.environment[0m [1;30mLevel 1[0m checking '/home/vedant/gaitlab_ws/OdriveCANControl/install/odrive_can/lib/pkgconfig/odrive_can.pc'
[36.509s] [34mcolcon.colcon_core.environment[0m [1;30mLevel 1[0m checking '/home/vedant/gaitlab_ws/OdriveCANControl/install/odrive_can/lib/python3.10/site-packages'
[36.509s] [34mcolcon.colcon_core.environment[0m [1;30mLevel 1[0m checking '/home/vedant/gaitlab_ws/OdriveCANControl/install/odrive_can/bin'
[36.510s] [34mcolcon.colcon_core.shell[0m [1;30mINFO[0m Creating package script '/home/vedant/gaitlab_ws/OdriveCANControl/install/odrive_can/share/odrive_can/package.ps1'
[36.510s] [34mcolcon.colcon_core.shell[0m [1;30mINFO[0m Creating package descriptor '/home/vedant/gaitlab_ws/OdriveCANControl/install/odrive_can/share/odrive_can/package.dsv'
[36.511s] [34mcolcon.colcon_core.shell[0m [1;30mINFO[0m Creating package script '/home/vedant/gaitlab_ws/OdriveCANControl/install/odrive_can/share/odrive_can/package.sh'
[36.511s] [34mcolcon.colcon_core.shell[0m [1;30mINFO[0m Creating package script '/home/vedant/gaitlab_ws/OdriveCANControl/install/odrive_can/share/odrive_can/package.bash'
[36.511s] [34mcolcon.colcon_core.shell[0m [1;30mINFO[0m Creating package script '/home/vedant/gaitlab_ws/OdriveCANControl/install/odrive_can/share/odrive_can/package.zsh'
[36.511s] [34mcolcon.colcon_core.environment[0m [1;30mLevel 1[0m create_file_with_runtime_dependencies(/home/vedant/gaitlab_ws/OdriveCANControl/install/odrive_can/share/colcon-core/packages/odrive_can)
[36.604s] [34mcolcon.colcon_core.environment[0m [1;30mLevel 1[0m create_environment_scripts_only(odrive_can)
[36.604s] [34mcolcon.colcon_core.environment[0m [1;30mLevel 1[0m checking '/home/vedant/gaitlab_ws/OdriveCANControl/install/odrive_can' for CMake module files
[36.605s] [34mcolcon.colcon_core.environment[0m [1;30mLevel 1[0m checking '/home/vedant/gaitlab_ws/OdriveCANControl/install/odrive_can' for CMake config files
[36.605s] [34mcolcon.colcon_core.shell[0m [1;30mLevel 1[0m create_environment_hook('odrive_can', 'cmake_prefix_path')
[36.605s] [34mcolcon.colcon_core.shell[0m [1;30mINFO[0m Creating environment hook '/home/vedant/gaitlab_ws/OdriveCANControl/install/odrive_can/share/odrive_can/hook/cmake_prefix_path.ps1'
[36.606s] [34mcolcon.colcon_core.shell[0m [1;30mINFO[0m Creating environment descriptor '/home/vedant/gaitlab_ws/OdriveCANControl/install/odrive_can/share/odrive_can/hook/cmake_prefix_path.dsv'
[36.606s] [34mcolcon.colcon_core.shell[0m [1;30mINFO[0m Creating environment hook '/home/vedant/gaitlab_ws/OdriveCANControl/install/odrive_can/share/odrive_can/hook/cmake_prefix_path.sh'
[36.607s] [34mcolcon.colcon_core.environment[0m [1;30mLevel 1[0m checking '/home/vedant/gaitlab_ws/OdriveCANControl/install/odrive_can/lib'
[36.607s] [34mcolcon.colcon_core.shell[0m [1;30mLevel 1[0m create_environment_hook('odrive_can', 'ld_library_path_lib')
[36.607s] [34mcolcon.colcon_core.shell[0m [1;30mINFO[0m Creating environment hook '/home/vedant/gaitlab_ws/OdriveCANControl/install/odrive_can/share/odrive_can/hook/ld_library_path_lib.ps1'
[36.607s] [34mcolcon.colcon_core.shell[0m [1;30mINFO[0m Creating environment descriptor '/home/vedant/gaitlab_ws/OdriveCANControl/install/odrive_can/share/odrive_can/hook/ld_library_path_lib.dsv'
[36.607s] [34mcolcon.colcon_core.shell[0m [1;30mINFO[0m Creating environment hook '/home/vedant/gaitlab_ws/OdriveCANControl/install/odrive_can/share/odrive_can/hook/ld_library_path_lib.sh'
[36.608s] [34mcolcon.colcon_core.environment[0m [1;30mLevel 1[0m checking '/home/vedant/gaitlab_ws/OdriveCANControl/install/odrive_can/bin'
[36.608s] [34mcolcon.colcon_core.environment[0m [1;30mLevel 1[0m checking '/home/vedant/gaitlab_ws/OdriveCANControl/install/odrive_can/lib/pkgconfig/odrive_can.pc'
[36.608s] [34mcolcon.colcon_core.environment[0m [1;30mLevel 1[0m checking '/home/vedant/gaitlab_ws/OdriveCANControl/install/odrive_can/lib/python3.10/site-packages'
[36.608s] [34mcolcon.colcon_core.environment[0m [1;30mLevel 1[0m checking '/home/vedant/gaitlab_ws/OdriveCANControl/install/odrive_can/bin'
[36.608s] [34mcolcon.colcon_core.shell[0m [1;30mINFO[0m Creating package script '/home/vedant/gaitlab_ws/OdriveCANControl/install/odrive_can/share/odrive_can/package.ps1'
[36.609s] [34mcolcon.colcon_core.shell[0m [1;30mINFO[0m Creating package descriptor '/home/vedant/gaitlab_ws/OdriveCANControl/install/odrive_can/share/odrive_can/package.dsv'
[36.609s] [34mcolcon.colcon_core.shell[0m [1;30mINFO[0m Creating package script '/home/vedant/gaitlab_ws/OdriveCANControl/install/odrive_can/share/odrive_can/package.sh'
[36.610s] [34mcolcon.colcon_core.shell[0m [1;30mINFO[0m Creating package script '/home/vedant/gaitlab_ws/OdriveCANControl/install/odrive_can/share/odrive_can/package.bash'
[36.610s] [34mcolcon.colcon_core.shell[0m [1;30mINFO[0m Creating package script '/home/vedant/gaitlab_ws/OdriveCANControl/install/odrive_can/share/odrive_can/package.zsh'
[36.610s] [34mcolcon.colcon_core.environment[0m [1;30mLevel 1[0m create_file_with_runtime_dependencies(/home/vedant/gaitlab_ws/OdriveCANControl/install/odrive_can/share/colcon-core/packages/odrive_can)
[36.610s] [34mcolcon.colcon_ros.task.ament_python.build[0m [1;30mINFO[0m Building ROS package in '/home/vedant/gaitlab_ws/OdriveCANControl/src/controller' with build type 'ament_python'
[36.611s] [34mcolcon.colcon_core.shell[0m [1;30mLevel 1[0m create_environment_hook('controller', 'ament_prefix_path')
[36.611s] [34mcolcon.colcon_core.shell[0m [1;30mINFO[0m Creating environment hook '/home/vedant/gaitlab_ws/OdriveCANControl/install/controller/share/controller/hook/ament_prefix_path.ps1'
[36.612s] [34mcolcon.colcon_core.shell[0m [1;30mINFO[0m Creating environment descriptor '/home/vedant/gaitlab_ws/OdriveCANControl/install/controller/share/controller/hook/ament_prefix_path.dsv'
[36.613s] [34mcolcon.colcon_core.shell[0m [1;30mINFO[0m Creating environment hook '/home/vedant/gaitlab_ws/OdriveCANControl/install/controller/share/controller/hook/ament_prefix_path.sh'
[36.613s] [34mcolcon.colcon_core.shell[0m [1;30mINFO[0m Skip shell extension 'powershell' for command environment: Not usable outside of PowerShell
[36.613s] [34mcolcon.colcon_core.shell[0m [1;30mDEBUG[0m [32mSkip shell extension 'dsv' for command environment[0m
[37.408s] [34mcolcon.colcon_core.task.python.build[0m [1;30mINFO[0m Building Python package in '/home/vedant/gaitlab_ws/OdriveCANControl/src/controller'
[37.409s] [34mcolcon.colcon_core.shell[0m [1;30mINFO[0m Skip shell extension 'powershell' for command environment: Not usable outside of PowerShell
[37.409s] [34mcolcon.colcon_core.shell[0m [1;30mDEBUG[0m [32mSkip shell extension 'dsv' for command environment[0m
[39.187s] [34mcolcon.colcon_core.event_handler.log_command[0m [1;30mDEBUG[0m [32mInvoking command in '/home/vedant/gaitlab_ws/OdriveCANControl/src/controller': AMENT_PREFIX_PATH=/home/vedant/gaitlab_ws/OdriveCANControl/install/odrive_can:/home/vedant/gaitlab_ws/OdriveCANControl/install/custom_msgs:${AMENT_PREFIX_PATH} CMAKE_PREFIX_PATH=/home/vedant/gaitlab_ws/OdriveCANControl/install/odrive_can:/home/vedant/gaitlab_ws/OdriveCANControl/install/custom_msgs LD_LIBRARY_PATH=/home/vedant/gaitlab_ws/OdriveCANControl/install/odrive_can/lib:/home/vedant/gaitlab_ws/OdriveCANControl/install/custom_msgs/lib:${LD_LIBRARY_PATH} PYTHONPATH=/home/vedant/gaitlab_ws/OdriveCANControl/build/controller/prefix_override:/home/vedant/gaitlab_ws/OdriveCANControl/install/controller/lib/python3.10/site-packages:/home/vedant/gaitlab_ws/OdriveCANControl/install/odrive_can/local/lib/python3.10/dist-packages:/home/vedant/gaitlab_ws/OdriveCANControl/install/custom_msgs/local/lib/python3.10/dist-packages:${PYTHONPATH} /usr/bin/python3 -W ignore:setup.py install is deprecated setup.py egg_info --egg-base ../../build/controller build --build-base /home/vedant/gaitlab_ws/OdriveCANControl/build/controller/build install --record /home/vedant/gaitlab_ws/OdriveCANControl/build/controller/install.log --single-version-externally-managed install_data[0m
[39.811s] [34mcolcon.colcon_core.environment[0m [1;30mLevel 1[0m checking '/home/vedant/gaitlab_ws/OdriveCANControl/install/controller' for CMake module files
[39.812s] [34mcolcon.colcon_core.event_handler.log_command[0m [1;30mDEBUG[0m [32mInvoked command in '/home/vedant/gaitlab_ws/OdriveCANControl/src/controller' returned '0': AMENT_PREFIX_PATH=/home/vedant/gaitlab_ws/OdriveCANControl/install/odrive_can:/home/vedant/gaitlab_ws/OdriveCANControl/install/custom_msgs:${AMENT_PREFIX_PATH} CMAKE_PREFIX_PATH=/home/vedant/gaitlab_ws/OdriveCANControl/install/odrive_can:/home/vedant/gaitlab_ws/OdriveCANControl/install/custom_msgs LD_LIBRARY_PATH=/home/vedant/gaitlab_ws/OdriveCANControl/install/odrive_can/lib:/home/vedant/gaitlab_ws/OdriveCANControl/install/custom_msgs/lib:${LD_LIBRARY_PATH} PYTHONPATH=/home/vedant/gaitlab_ws/OdriveCANControl/build/controller/prefix_override:/home/vedant/gaitlab_ws/OdriveCANControl/install/controller/lib/python3.10/site-packages:/home/vedant/gaitlab_ws/OdriveCANControl/install/odrive_can/local/lib/python3.10/dist-packages:/home/vedant/gaitlab_ws/OdriveCANControl/install/custom_msgs/local/lib/python3.10/dist-packages:${PYTHONPATH} /usr/bin/python3 -W ignore:setup.py install is deprecated setup.py egg_info --egg-base ../../build/controller build --build-base /home/vedant/gaitlab_ws/OdriveCANControl/build/controller/build install --record /home/vedant/gaitlab_ws/OdriveCANControl/build/controller/install.log --single-version-externally-managed install_data[0m
[39.812s] [34mcolcon.colcon_core.environment[0m [1;30mLevel 1[0m checking '/home/vedant/gaitlab_ws/OdriveCANControl/install/controller' for CMake config files
[39.813s] [34mcolcon.colcon_core.environment[0m [1;30mLevel 1[0m checking '/home/vedant/gaitlab_ws/OdriveCANControl/install/controller/lib'
[39.813s] [34mcolcon.colcon_core.environment[0m [1;30mLevel 1[0m checking '/home/vedant/gaitlab_ws/OdriveCANControl/install/controller/bin'
[39.813s] [34mcolcon.colcon_core.environment[0m [1;30mLevel 1[0m checking '/home/vedant/gaitlab_ws/OdriveCANControl/install/controller/lib/pkgconfig/controller.pc'
[39.813s] [34mcolcon.colcon_core.environment[0m [1;30mLevel 1[0m checking '/home/vedant/gaitlab_ws/OdriveCANControl/install/controller/lib/python3.10/site-packages'
[39.813s] [34mcolcon.colcon_core.shell[0m [1;30mLevel 1[0m create_environment_hook('controller', 'pythonpath')
[39.814s] [34mcolcon.colcon_core.shell[0m [1;30mINFO[0m Creating environment hook '/home/vedant/gaitlab_ws/OdriveCANControl/install/controller/share/controller/hook/pythonpath.ps1'
[39.814s] [34mcolcon.colcon_core.shell[0m [1;30mINFO[0m Creating environment descriptor '/home/vedant/gaitlab_ws/OdriveCANControl/install/controller/share/controller/hook/pythonpath.dsv'
[39.814s] [34mcolcon.colcon_core.shell[0m [1;30mINFO[0m Creating environment hook '/home/vedant/gaitlab_ws/OdriveCANControl/install/controller/share/controller/hook/pythonpath.sh'
[39.815s] [34mcolcon.colcon_core.environment[0m [1;30mLevel 1[0m checking '/home/vedant/gaitlab_ws/OdriveCANControl/install/controller/bin'
[39.815s] [34mcolcon.colcon_core.environment[0m [1;30mLevel 1[0m create_environment_scripts_only(controller)
[39.815s] [34mcolcon.colcon_core.shell[0m [1;30mINFO[0m Creating package script '/home/vedant/gaitlab_ws/OdriveCANControl/install/controller/share/controller/package.ps1'
[39.816s] [34mcolcon.colcon_core.shell[0m [1;30mINFO[0m Creating package descriptor '/home/vedant/gaitlab_ws/OdriveCANControl/install/controller/share/controller/package.dsv'
[39.816s] [34mcolcon.colcon_core.shell[0m [1;30mINFO[0m Creating package script '/home/vedant/gaitlab_ws/OdriveCANControl/install/controller/share/controller/package.sh'
[39.817s] [34mcolcon.colcon_core.shell[0m [1;30mINFO[0m Creating package script '/home/vedant/gaitlab_ws/OdriveCANControl/install/controller/share/controller/package.bash'
[39.817s] [34mcolcon.colcon_core.shell[0m [1;30mINFO[0m Creating package script '/home/vedant/gaitlab_ws/OdriveCANControl/install/controller/share/controller/package.zsh'
[39.818s] [34mcolcon.colcon_core.environment[0m [1;30mLevel 1[0m create_file_with_runtime_dependencies(/home/vedant/gaitlab_ws/OdriveCANControl/install/controller/share/colcon-core/packages/controller)
[39.818s] [34mcolcon.colcon_parallel_executor.executor.parallel[0m [1;30mDEBUG[0m [32mclosing loop[0m
[39.819s] [34mcolcon.colcon_parallel_executor.executor.parallel[0m [1;30mDEBUG[0m [32mloop closed[0m
[39.819s] [34mcolcon.colcon_parallel_executor.executor.parallel[0m [1;30mDEBUG[0m [32mrun_until_complete finished with '0'[0m
[39.820s] [34mcolcon.colcon_core.event_reactor[0m [1;30mDEBUG[0m [32mjoining thread[0m
[40.021s] [34mcolcon.colcon_core.plugin_system[0m [1;30mINFO[0m Skipping extension 'colcon_notification.desktop_notification.notify_send': Could not find 'notify-send'
[40.021s] [34mcolcon.colcon_core.plugin_system[0m [1;30mINFO[0m Skipping extension 'colcon_notification.desktop_notification.terminal_notifier': Not used on non-Darwin systems
[40.021s] [34mcolcon.colcon_core.plugin_system[0m [1;30mINFO[0m Skipping extension 'colcon_notification.desktop_notification.win32': Not used on non-Windows systems
[40.021s] [34mcolcon.colcon_notification.desktop_notification[0m [1;30mINFO[0m Sending desktop notification using 'notify2'
[40.022s] [34mcolcon.colcon_notification.desktop_notification.notify2[0m [1;30mDEBUG[0m [32mFailed to initialize notify2: org.freedesktop.DBus.Error.FileNotFound: Failed to connect to socket /run/user/1000/bus: No such file or directory[0m
[40.022s] [34mcolcon.colcon_core.event_reactor[0m [1;30mDEBUG[0m [32mjoined thread[0m
[40.022s] [34mcolcon.colcon_core.shell[0m [1;30mINFO[0m Creating prefix script '/home/vedant/gaitlab_ws/OdriveCANControl/install/local_setup.ps1'
[40.023s] [34mcolcon.colcon_core.shell[0m [1;30mINFO[0m Creating prefix util module '/home/vedant/gaitlab_ws/OdriveCANControl/install/_local_setup_util_ps1.py'
[40.024s] [34mcolcon.colcon_core.shell[0m [1;30mINFO[0m Creating prefix chain script '/home/vedant/gaitlab_ws/OdriveCANControl/install/setup.ps1'
[40.025s] [34mcolcon.colcon_core.shell[0m [1;30mINFO[0m Creating prefix script '/home/vedant/gaitlab_ws/OdriveCANControl/install/local_setup.sh'
[40.026s] [34mcolcon.colcon_core.shell[0m [1;30mINFO[0m Creating prefix util module '/home/vedant/gaitlab_ws/OdriveCANControl/install/_local_setup_util_sh.py'
[40.027s] [34mcolcon.colcon_core.shell[0m [1;30mINFO[0m Creating prefix chain script '/home/vedant/gaitlab_ws/OdriveCANControl/install/setup.sh'
[40.028s] [34mcolcon.colcon_core.shell[0m [1;30mINFO[0m Creating prefix script '/home/vedant/gaitlab_ws/OdriveCANControl/install/local_setup.bash'
[40.029s] [34mcolcon.colcon_core.shell[0m [1;30mINFO[0m Creating prefix chain script '/home/vedant/gaitlab_ws/OdriveCANControl/install/setup.bash'
[40.030s] [34mcolcon.colcon_core.shell[0m [1;30mINFO[0m Creating prefix script '/home/vedant/gaitlab_ws/OdriveCANControl/install/local_setup.zsh'
[40.030s] [34mcolcon.colcon_core.shell[0m [1;30mINFO[0m Creating prefix chain script '/home/vedant/gaitlab_ws/OdriveCANControl/install/setup.zsh'
