-- Found ament_cmake: 1.3.10 (/opt/ros/humble/share/ament_cmake/cmake)
-- Found std_msgs: 4.2.4 (/opt/ros/humble/share/std_msgs/cmake)
-- Found rosidl_generator_c: 3.1.5 (/opt/ros/humble/share/rosidl_generator_c/cmake)
-- Found rosidl_adapter: 3.1.5 (/opt/ros/humble/share/rosidl_adapter/cmake)
-- Found rosidl_generator_cpp: 3.1.5 (/opt/ros/humble/share/rosidl_generator_cpp/cmake)
-- Using all available rosidl_typesupport_c: rosidl_typesupport_fastrtps_c;rosidl_typesupport_introspection_c
-- Using all available rosidl_typesupport_cpp: rosidl_typesupport_fastrtps_cpp;rosidl_typesupport_introspection_cpp
-- Found rosidl_default_generators: 1.2.0 (/opt/ros/humble/share/rosidl_default_generators/cmake)
-- Found ament_cmake_ros: 0.10.0 (/opt/ros/humble/share/ament_cmake_ros/cmake)
-- Using all available rosidl_typesupport_c: rosidl_typesupport_fastrtps_c;rosidl_typesupport_introspection_c
-- Using all available rosidl_typesupport_cpp: rosidl_typesupport_fastrtps_cpp;rosidl_typesupport_introspection_cpp
-- Found python_cmake_module: 0.10.0 (/opt/ros/humble/share/python_cmake_module/cmake)
-- Using PYTHON_EXECUTABLE: /usr/bin/python3
-- Using PYTHON_INCLUDE_DIRS: /usr/include/python3.10
-- Using PYTHON_LIBRARIES: /usr/lib/x86_64-linux-gnu/libpython3.10.so
-- Found ament_lint_auto: 0.12.11 (/opt/ros/humble/share/ament_lint_auto/cmake)
-- Added test 'lint_cmake' to check CMake code style
-- Added test 'xmllint' to check XML markup files
-- Configuring done
-- Generating done
-- Build files have been written to: /home/vedant/gaitlab_ws/build/data_sync
[35m[1mConsolidate compiler generated dependencies of target data_sync__rosidl_generator_c[0m
[  3%] Built target data_sync__cpp
[ 12%] Built target data_sync__rosidl_generator_c
[ 12%] Built target ament_cmake_python_copy_data_sync
[35m[1mConsolidate compiler generated dependencies of target data_sync__rosidl_typesupport_cpp[0m
[35m[1mConsolidate compiler generated dependencies of target data_sync__rosidl_typesupport_fastrtps_cpp[0m
[35m[1mConsolidate compiler generated dependencies of target data_sync__rosidl_typesupport_introspection_cpp[0m
[35m[1mConsolidate compiler generated dependencies of target data_sync__rosidl_typesupport_fastrtps_c[0m
[ 22%] Built target data_sync__rosidl_typesupport_cpp
[ 32%] Built target data_sync__rosidl_typesupport_fastrtps_cpp
[ 41%] Built target data_sync__rosidl_typesupport_introspection_cpp
[35m[1mConsolidate compiler generated dependencies of target data_sync__rosidl_typesupport_introspection_c[0m
[35m[1mConsolidate compiler generated dependencies of target data_sync__rosidl_typesupport_c[0m
[ 51%] Built target data_sync__rosidl_typesupport_fastrtps_c
[ 61%] Built target data_sync__rosidl_typesupport_introspection_c
[ 70%] Built target data_sync__rosidl_typesupport_c
[ 70%] Built target data_sync
[ 74%] Built target data_sync__py
[35m[1mConsolidate compiler generated dependencies of target data_sync__rosidl_generator_py[0m
[ 80%] Built target data_sync__rosidl_generator_py
[35m[1mConsolidate compiler generated dependencies of target data_sync__rosidl_typesupport_c__pyext[0m
[35m[1mConsolidate compiler generated dependencies of target data_sync__rosidl_typesupport_introspection_c__pyext[0m
[35m[1mConsolidate compiler generated dependencies of target data_sync__rosidl_typesupport_fastrtps_c__pyext[0m
[ 87%] Built target data_sync__rosidl_typesupport_c__pyext
[ 93%] Built target data_sync__rosidl_typesupport_introspection_c__pyext
[100%] Built target data_sync__rosidl_typesupport_fastrtps_c__pyext
running egg_info
writing data_sync.egg-info/PKG-INFO
writing dependency_links to data_sync.egg-info/dependency_links.txt
writing top-level names to data_sync.egg-info/top_level.txt
reading manifest file 'data_sync.egg-info/SOURCES.txt'
writing manifest file 'data_sync.egg-info/SOURCES.txt'
[100%] Built target ament_cmake_python_build_data_sync_egg
-- Install configuration: ""
-- Up-to-date: /home/vedant/gaitlab_ws/install/data_sync/share/ament_index/resource_index/rosidl_interfaces/data_sync
-- Up-to-date: /home/vedant/gaitlab_ws/install/data_sync/include/data_sync/data_sync
-- Up-to-date: /home/vedant/gaitlab_ws/install/data_sync/include/data_sync/data_sync/srv
-- Up-to-date: /home/vedant/gaitlab_ws/install/data_sync/include/data_sync/data_sync/srv/detail
-- Up-to-date: /home/vedant/gaitlab_ws/install/data_sync/include/data_sync/data_sync/srv/detail/start_stop_data_collection__functions.h
-- Up-to-date: /home/vedant/gaitlab_ws/install/data_sync/include/data_sync/data_sync/srv/detail/start_stop_data_collection__struct.h
-- Up-to-date: /home/vedant/gaitlab_ws/install/data_sync/include/data_sync/data_sync/srv/detail/start_stop_data_collection__type_support.h
-- Up-to-date: /home/vedant/gaitlab_ws/install/data_sync/include/data_sync/data_sync/srv/detail/start_stop_data_collection__functions.c
-- Up-to-date: /home/vedant/gaitlab_ws/install/data_sync/include/data_sync/data_sync/srv/start_stop_data_collection.h
-- Up-to-date: /home/vedant/gaitlab_ws/install/data_sync/include/data_sync/data_sync/msg
-- Up-to-date: /home/vedant/gaitlab_ws/install/data_sync/include/data_sync/data_sync/msg/rosidl_generator_c__visibility_control.h
-- Up-to-date: /home/vedant/gaitlab_ws/install/data_sync/share/data_sync/environment/library_path.sh
-- Installing: /home/vedant/gaitlab_ws/install/data_sync/share/data_sync/environment/library_path.dsv
-- Up-to-date: /home/vedant/gaitlab_ws/install/data_sync/lib/libdata_sync__rosidl_generator_c.so
-- Up-to-date: /home/vedant/gaitlab_ws/install/data_sync/include/data_sync/data_sync
-- Up-to-date: /home/vedant/gaitlab_ws/install/data_sync/include/data_sync/data_sync/srv
-- Up-to-date: /home/vedant/gaitlab_ws/install/data_sync/include/data_sync/data_sync/srv/detail
-- Up-to-date: /home/vedant/gaitlab_ws/install/data_sync/include/data_sync/data_sync/srv/detail/start_stop_data_collection__rosidl_typesupport_fastrtps_c.h
-- Up-to-date: /home/vedant/gaitlab_ws/install/data_sync/include/data_sync/data_sync/msg
-- Up-to-date: /home/vedant/gaitlab_ws/install/data_sync/include/data_sync/data_sync/msg/rosidl_typesupport_fastrtps_c__visibility_control.h
-- Up-to-date: /home/vedant/gaitlab_ws/install/data_sync/lib/libdata_sync__rosidl_typesupport_fastrtps_c.so
-- Up-to-date: /home/vedant/gaitlab_ws/install/data_sync/include/data_sync/data_sync
-- Up-to-date: /home/vedant/gaitlab_ws/install/data_sync/include/data_sync/data_sync/srv
-- Up-to-date: /home/vedant/gaitlab_ws/install/data_sync/include/data_sync/data_sync/srv/detail
-- Up-to-date: /home/vedant/gaitlab_ws/install/data_sync/include/data_sync/data_sync/srv/detail/start_stop_data_collection__struct.hpp
-- Up-to-date: /home/vedant/gaitlab_ws/install/data_sync/include/data_sync/data_sync/srv/detail/start_stop_data_collection__builder.hpp
-- Up-to-date: /home/vedant/gaitlab_ws/install/data_sync/include/data_sync/data_sync/srv/detail/start_stop_data_collection__traits.hpp
-- Up-to-date: /home/vedant/gaitlab_ws/install/data_sync/include/data_sync/data_sync/srv/start_stop_data_collection.hpp
-- Up-to-date: /home/vedant/gaitlab_ws/install/data_sync/include/data_sync/data_sync
-- Up-to-date: /home/vedant/gaitlab_ws/install/data_sync/include/data_sync/data_sync/srv
-- Up-to-date: /home/vedant/gaitlab_ws/install/data_sync/include/data_sync/data_sync/srv/detail
-- Up-to-date: /home/vedant/gaitlab_ws/install/data_sync/include/data_sync/data_sync/srv/detail/start_stop_data_collection__rosidl_typesupport_fastrtps_cpp.hpp
-- Up-to-date: /home/vedant/gaitlab_ws/install/data_sync/include/data_sync/data_sync/srv/detail/dds_fastrtps
-- Up-to-date: /home/vedant/gaitlab_ws/install/data_sync/include/data_sync/data_sync/msg
-- Up-to-date: /home/vedant/gaitlab_ws/install/data_sync/include/data_sync/data_sync/msg/rosidl_typesupport_fastrtps_cpp__visibility_control.h
-- Up-to-date: /home/vedant/gaitlab_ws/install/data_sync/lib/libdata_sync__rosidl_typesupport_fastrtps_cpp.so
-- Up-to-date: /home/vedant/gaitlab_ws/install/data_sync/include/data_sync/data_sync
-- Up-to-date: /home/vedant/gaitlab_ws/install/data_sync/include/data_sync/data_sync/srv
-- Up-to-date: /home/vedant/gaitlab_ws/install/data_sync/include/data_sync/data_sync/srv/detail
-- Up-to-date: /home/vedant/gaitlab_ws/install/data_sync/include/data_sync/data_sync/srv/detail/start_stop_data_collection__rosidl_typesupport_introspection_c.h
-- Up-to-date: /home/vedant/gaitlab_ws/install/data_sync/include/data_sync/data_sync/srv/detail/start_stop_data_collection__type_support.c
-- Up-to-date: /home/vedant/gaitlab_ws/install/data_sync/include/data_sync/data_sync/msg
-- Up-to-date: /home/vedant/gaitlab_ws/install/data_sync/include/data_sync/data_sync/msg/rosidl_typesupport_introspection_c__visibility_control.h
-- Up-to-date: /home/vedant/gaitlab_ws/install/data_sync/lib/libdata_sync__rosidl_typesupport_introspection_c.so
-- Up-to-date: /home/vedant/gaitlab_ws/install/data_sync/lib/libdata_sync__rosidl_typesupport_c.so
-- Up-to-date: /home/vedant/gaitlab_ws/install/data_sync/include/data_sync/data_sync
-- Up-to-date: /home/vedant/gaitlab_ws/install/data_sync/include/data_sync/data_sync/srv
-- Up-to-date: /home/vedant/gaitlab_ws/install/data_sync/include/data_sync/data_sync/srv/detail
-- Up-to-date: /home/vedant/gaitlab_ws/install/data_sync/include/data_sync/data_sync/srv/detail/start_stop_data_collection__rosidl_typesupport_introspection_cpp.hpp
-- Up-to-date: /home/vedant/gaitlab_ws/install/data_sync/include/data_sync/data_sync/srv/detail/start_stop_data_collection__type_support.cpp
-- Up-to-date: /home/vedant/gaitlab_ws/install/data_sync/lib/libdata_sync__rosidl_typesupport_introspection_cpp.so
-- Up-to-date: /home/vedant/gaitlab_ws/install/data_sync/lib/libdata_sync__rosidl_typesupport_cpp.so
-- Up-to-date: /home/vedant/gaitlab_ws/install/data_sync/share/data_sync/environment/pythonpath.sh
-- Installing: /home/vedant/gaitlab_ws/install/data_sync/share/data_sync/environment/pythonpath.dsv
-- Up-to-date: /home/vedant/gaitlab_ws/install/data_sync/local/lib/python3.10/dist-packages/data_sync-0.0.0-py3.10.egg-info
-- Installing: /home/vedant/gaitlab_ws/install/data_sync/local/lib/python3.10/dist-packages/data_sync-0.0.0-py3.10.egg-info/top_level.txt
-- Installing: /home/vedant/gaitlab_ws/install/data_sync/local/lib/python3.10/dist-packages/data_sync-0.0.0-py3.10.egg-info/dependency_links.txt
-- Installing: /home/vedant/gaitlab_ws/install/data_sync/local/lib/python3.10/dist-packages/data_sync-0.0.0-py3.10.egg-info/SOURCES.txt
-- Installing: /home/vedant/gaitlab_ws/install/data_sync/local/lib/python3.10/dist-packages/data_sync-0.0.0-py3.10.egg-info/PKG-INFO
-- Up-to-date: /home/vedant/gaitlab_ws/install/data_sync/local/lib/python3.10/dist-packages/data_sync
-- Up-to-date: /home/vedant/gaitlab_ws/install/data_sync/local/lib/python3.10/dist-packages/data_sync/srv
-- Up-to-date: /home/vedant/gaitlab_ws/install/data_sync/local/lib/python3.10/dist-packages/data_sync/srv/_start_stop_data_collection_s.c
-- Up-to-date: /home/vedant/gaitlab_ws/install/data_sync/local/lib/python3.10/dist-packages/data_sync/srv/__init__.py
-- Up-to-date: /home/vedant/gaitlab_ws/install/data_sync/local/lib/python3.10/dist-packages/data_sync/srv/_start_stop_data_collection.py
-- Up-to-date: /home/vedant/gaitlab_ws/install/data_sync/local/lib/python3.10/dist-packages/data_sync/data_sync_s__rosidl_typesupport_introspection_c.cpython-310-x86_64-linux-gnu.so
-- Installing: /home/vedant/gaitlab_ws/install/data_sync/local/lib/python3.10/dist-packages/data_sync/__init__.py
-- Up-to-date: /home/vedant/gaitlab_ws/install/data_sync/local/lib/python3.10/dist-packages/data_sync/data_sync_s__rosidl_typesupport_fastrtps_c.cpython-310-x86_64-linux-gnu.so
-- Up-to-date: /home/vedant/gaitlab_ws/install/data_sync/local/lib/python3.10/dist-packages/data_sync/libdata_sync__rosidl_generator_py.so
-- Up-to-date: /home/vedant/gaitlab_ws/install/data_sync/local/lib/python3.10/dist-packages/data_sync/_data_sync_s.ep.rosidl_typesupport_fastrtps_c.c
-- Up-to-date: /home/vedant/gaitlab_ws/install/data_sync/local/lib/python3.10/dist-packages/data_sync/_data_sync_s.ep.rosidl_typesupport_c.c
-- Up-to-date: /home/vedant/gaitlab_ws/install/data_sync/local/lib/python3.10/dist-packages/data_sync/data_sync_s__rosidl_typesupport_c.cpython-310-x86_64-linux-gnu.so
-- Up-to-date: /home/vedant/gaitlab_ws/install/data_sync/local/lib/python3.10/dist-packages/data_sync/_data_sync_s.ep.rosidl_typesupport_introspection_c.c
Listing '/home/vedant/gaitlab_ws/install/data_sync/local/lib/python3.10/dist-packages/data_sync'...
Compiling '/home/vedant/gaitlab_ws/install/data_sync/local/lib/python3.10/dist-packages/data_sync/__init__.py'...
Listing '/home/vedant/gaitlab_ws/install/data_sync/local/lib/python3.10/dist-packages/data_sync/srv'...
-- Up-to-date: /home/vedant/gaitlab_ws/install/data_sync/local/lib/python3.10/dist-packages/data_sync/data_sync_s__rosidl_typesupport_fastrtps_c.cpython-310-x86_64-linux-gnu.so
-- Up-to-date: /home/vedant/gaitlab_ws/install/data_sync/local/lib/python3.10/dist-packages/data_sync/data_sync_s__rosidl_typesupport_introspection_c.cpython-310-x86_64-linux-gnu.so
-- Up-to-date: /home/vedant/gaitlab_ws/install/data_sync/local/lib/python3.10/dist-packages/data_sync/data_sync_s__rosidl_typesupport_c.cpython-310-x86_64-linux-gnu.so
-- Up-to-date: /home/vedant/gaitlab_ws/install/data_sync/lib/libdata_sync__rosidl_generator_py.so
-- Up-to-date: /home/vedant/gaitlab_ws/install/data_sync/share/data_sync/srv/StartStopDataCollection.idl
-- Up-to-date: /home/vedant/gaitlab_ws/install/data_sync/share/data_sync/srv/StartStopDataCollection.srv
-- Up-to-date: /home/vedant/gaitlab_ws/install/data_sync/share/data_sync/srv/StartStopDataCollection_Request.msg
-- Up-to-date: /home/vedant/gaitlab_ws/install/data_sync/share/data_sync/srv/StartStopDataCollection_Response.msg
-- Up-to-date: /home/vedant/gaitlab_ws/install/data_sync/share/ament_index/resource_index/package_run_dependencies/data_sync
-- Up-to-date: /home/vedant/gaitlab_ws/install/data_sync/share/ament_index/resource_index/parent_prefix_path/data_sync
-- Up-to-date: /home/vedant/gaitlab_ws/install/data_sync/share/data_sync/environment/ament_prefix_path.sh
-- Installing: /home/vedant/gaitlab_ws/install/data_sync/share/data_sync/environment/ament_prefix_path.dsv
-- Up-to-date: /home/vedant/gaitlab_ws/install/data_sync/share/data_sync/environment/path.sh
-- Installing: /home/vedant/gaitlab_ws/install/data_sync/share/data_sync/environment/path.dsv
-- Up-to-date: /home/vedant/gaitlab_ws/install/data_sync/share/data_sync/local_setup.bash
-- Up-to-date: /home/vedant/gaitlab_ws/install/data_sync/share/data_sync/local_setup.sh
-- Up-to-date: /home/vedant/gaitlab_ws/install/data_sync/share/data_sync/local_setup.zsh
-- Installing: /home/vedant/gaitlab_ws/install/data_sync/share/data_sync/local_setup.dsv
-- Installing: /home/vedant/gaitlab_ws/install/data_sync/share/data_sync/package.dsv
-- Up-to-date: /home/vedant/gaitlab_ws/install/data_sync/share/ament_index/resource_index/packages/data_sync
-- Up-to-date: /home/vedant/gaitlab_ws/install/data_sync/share/data_sync/cmake/export_data_sync__rosidl_generator_cExport.cmake
-- Up-to-date: /home/vedant/gaitlab_ws/install/data_sync/share/data_sync/cmake/export_data_sync__rosidl_generator_cExport-noconfig.cmake
-- Up-to-date: /home/vedant/gaitlab_ws/install/data_sync/share/data_sync/cmake/export_data_sync__rosidl_typesupport_fastrtps_cExport.cmake
-- Up-to-date: /home/vedant/gaitlab_ws/install/data_sync/share/data_sync/cmake/export_data_sync__rosidl_typesupport_fastrtps_cExport-noconfig.cmake
-- Up-to-date: /home/vedant/gaitlab_ws/install/data_sync/share/data_sync/cmake/export_data_sync__rosidl_generator_cppExport.cmake
-- Up-to-date: /home/vedant/gaitlab_ws/install/data_sync/share/data_sync/cmake/export_data_sync__rosidl_typesupport_fastrtps_cppExport.cmake
-- Up-to-date: /home/vedant/gaitlab_ws/install/data_sync/share/data_sync/cmake/export_data_sync__rosidl_typesupport_fastrtps_cppExport-noconfig.cmake
-- Up-to-date: /home/vedant/gaitlab_ws/install/data_sync/share/data_sync/cmake/data_sync__rosidl_typesupport_introspection_cExport.cmake
-- Up-to-date: /home/vedant/gaitlab_ws/install/data_sync/share/data_sync/cmake/data_sync__rosidl_typesupport_introspection_cExport-noconfig.cmake
-- Up-to-date: /home/vedant/gaitlab_ws/install/data_sync/share/data_sync/cmake/data_sync__rosidl_typesupport_cExport.cmake
-- Up-to-date: /home/vedant/gaitlab_ws/install/data_sync/share/data_sync/cmake/data_sync__rosidl_typesupport_cExport-noconfig.cmake
-- Up-to-date: /home/vedant/gaitlab_ws/install/data_sync/share/data_sync/cmake/data_sync__rosidl_typesupport_introspection_cppExport.cmake
-- Up-to-date: /home/vedant/gaitlab_ws/install/data_sync/share/data_sync/cmake/data_sync__rosidl_typesupport_introspection_cppExport-noconfig.cmake
-- Up-to-date: /home/vedant/gaitlab_ws/install/data_sync/share/data_sync/cmake/data_sync__rosidl_typesupport_cppExport.cmake
-- Up-to-date: /home/vedant/gaitlab_ws/install/data_sync/share/data_sync/cmake/data_sync__rosidl_typesupport_cppExport-noconfig.cmake
-- Up-to-date: /home/vedant/gaitlab_ws/install/data_sync/share/data_sync/cmake/export_data_sync__rosidl_generator_pyExport.cmake
-- Up-to-date: /home/vedant/gaitlab_ws/install/data_sync/share/data_sync/cmake/export_data_sync__rosidl_generator_pyExport-noconfig.cmake
-- Up-to-date: /home/vedant/gaitlab_ws/install/data_sync/share/data_sync/cmake/rosidl_cmake-extras.cmake
-- Up-to-date: /home/vedant/gaitlab_ws/install/data_sync/share/data_sync/cmake/ament_cmake_export_include_directories-extras.cmake
-- Up-to-date: /home/vedant/gaitlab_ws/install/data_sync/share/data_sync/cmake/ament_cmake_export_libraries-extras.cmake
-- Up-to-date: /home/vedant/gaitlab_ws/install/data_sync/share/data_sync/cmake/ament_cmake_export_targets-extras.cmake
-- Up-to-date: /home/vedant/gaitlab_ws/install/data_sync/share/data_sync/cmake/rosidl_cmake_export_typesupport_targets-extras.cmake
-- Up-to-date: /home/vedant/gaitlab_ws/install/data_sync/share/data_sync/cmake/ament_cmake_export_dependencies-extras.cmake
-- Up-to-date: /home/vedant/gaitlab_ws/install/data_sync/share/data_sync/cmake/rosidl_cmake_export_typesupport_libraries-extras.cmake
-- Up-to-date: /home/vedant/gaitlab_ws/install/data_sync/share/data_sync/cmake/data_syncConfig.cmake
-- Up-to-date: /home/vedant/gaitlab_ws/install/data_sync/share/data_sync/cmake/data_syncConfig-version.cmake
-- Installing: /home/vedant/gaitlab_ws/install/data_sync/share/data_sync/package.xml
