[0.794s] Invoking command in '/home/vedant/gaitlab_ws/src/odrive_control_py': PYTHONPATH=/home/vedant/gaitlab_ws/build/odrive_control_py/prefix_override:/usr/lib/python3/dist-packages/colcon_core/task/python/colcon_distutils_commands:/home/vedant/gaitlab_ws/install/odrive_control_py/lib/python3.10/site-packages:${PYTHONPATH} /usr/bin/python3 -W ignore:setup.py install is deprecated setup.py egg_info --egg-base ../../build/odrive_control_py build --build-base /home/vedant/gaitlab_ws/build/odrive_control_py/build install --record /home/vedant/gaitlab_ws/build/odrive_control_py/install.log --single-version-externally-managed install_data
[1.106s] running egg_info
[1.107s] writing ../../build/odrive_control_py/odrive_control_py.egg-info/PKG-INFO
[1.108s] writing dependency_links to ../../build/odrive_control_py/odrive_control_py.egg-info/dependency_links.txt
[1.109s] writing entry points to ../../build/odrive_control_py/odrive_control_py.egg-info/entry_points.txt
[1.109s] writing requirements to ../../build/odrive_control_py/odrive_control_py.egg-info/requires.txt
[1.109s] writing top-level names to ../../build/odrive_control_py/odrive_control_py.egg-info/top_level.txt
[1.113s] reading manifest file '../../build/odrive_control_py/odrive_control_py.egg-info/SOURCES.txt'
[1.114s] writing manifest file '../../build/odrive_control_py/odrive_control_py.egg-info/SOURCES.txt'
[1.114s] running build
[1.114s] running build_py
[1.115s] running install
[1.115s] running install_lib
[1.117s] running install_data
[1.117s] running install_egg_info
[1.119s] removing '/home/vedant/gaitlab_ws/install/odrive_control_py/lib/python3.10/site-packages/odrive_control_py-0.0.0-py3.10.egg-info' (and everything under it)
[1.120s] Copying ../../build/odrive_control_py/odrive_control_py.egg-info to /home/vedant/gaitlab_ws/install/odrive_control_py/lib/python3.10/site-packages/odrive_control_py-0.0.0-py3.10.egg-info
[1.121s] running install_scripts
[1.150s] Installing odrive_control_node script to /home/vedant/gaitlab_ws/install/odrive_control_py/lib/odrive_control_py
[1.150s] writing list of installed files to '/home/vedant/gaitlab_ws/build/odrive_control_py/install.log'
[1.185s] Invoked command in '/home/vedant/gaitlab_ws/src/odrive_control_py' returned '0': PYTHONPATH=/home/vedant/gaitlab_ws/build/odrive_control_py/prefix_override:/usr/lib/python3/dist-packages/colcon_core/task/python/colcon_distutils_commands:/home/vedant/gaitlab_ws/install/odrive_control_py/lib/python3.10/site-packages:${PYTHONPATH} /usr/bin/python3 -W ignore:setup.py install is deprecated setup.py egg_info --egg-base ../../build/odrive_control_py build --build-base /home/vedant/gaitlab_ws/build/odrive_control_py/build install --record /home/vedant/gaitlab_ws/build/odrive_control_py/install.log --single-version-externally-managed install_data
