[0.014s] Invoking command in '/home/vedant/gaitlab_ws/OdriveCANControl/build/odrive_control_cpp': CMAKE_PREFIX_PATH=/opt/ros/humble /usr/bin/cmake /home/vedant/gaitlab_ws/OdriveCANControl/src/odrive_control_cpp -DCMAKE_INSTALL_PREFIX=/home/vedant/gaitlab_ws/OdriveCANControl/install/odrive_control_cpp
[0.021s] -- Found ament_cmake: 1.3.10 (/opt/ros/humble/share/ament_cmake/cmake)
[0.123s] -- Found rclcpp: 16.0.10 (/opt/ros/humble/share/rclcpp/cmake)
[0.456s] -- Found rosidl_generator_c: 3.1.5 (/opt/ros/humble/share/rosidl_generator_c/cmake)
[0.457s] -- Found rosidl_adapter: 3.1.5 (/opt/ros/humble/share/rosidl_adapter/cmake)
[0.461s] -- Found rosidl_generator_cpp: 3.1.5 (/opt/ros/humble/share/rosidl_generator_cpp/cmake)
[0.467s] -- Using all available rosidl_typesupport_c: rosidl_typesupport_fastrtps_c;rosidl_typesupport_introspection_c
[0.474s] -- Using all available rosidl_typesupport_cpp: rosidl_typesupport_fastrtps_cpp;rosidl_typesupport_introspection_cpp
[0.495s] -- Found rmw_implementation_cmake: 6.1.2 (/opt/ros/humble/share/rmw_implementation_cmake/cmake)
[0.495s] -- Found rmw_fastrtps_cpp: 6.2.7 (/opt/ros/humble/share/rmw_fastrtps_cpp/cmake)
[10.383s] -- Using RMW implementation 'rmw_fastrtps_cpp' as default
[12.488s] [31mCMake Error at CMakeLists.txt:12 (find_package):
[12.488s]   By not providing "Findodrive_can.cmake" in CMAKE_MODULE_PATH this project
[12.488s]   has asked CMake to find a package configuration file provided by
[12.488s]   "odrive_can", but CMake did not find one.
[12.489s] 
[12.489s]   Could not find a package configuration file provided by "odrive_can" with
[12.489s]   any of the following names:
[12.489s] 
[12.489s]     odrive_canConfig.cmake
[12.489s]     odrive_can-config.cmake
[12.489s] 
[12.489s]   Add the installation prefix of "odrive_can" to CMAKE_PREFIX_PATH or set
[12.489s]   "odrive_can_DIR" to a directory containing one of the above files.  If
[12.489s]   "odrive_can" provides a separate development package or SDK, be sure it has
[12.489s]   been installed.
[12.489s] 
[12.489s] [0m
[12.489s] -- Configuring incomplete, errors occurred!
[12.489s] See also "/home/vedant/gaitlab_ws/OdriveCANControl/build/odrive_control_cpp/CMakeFiles/CMakeOutput.log".
[12.493s] Invoked command in '/home/vedant/gaitlab_ws/OdriveCANControl/build/odrive_control_cpp' returned '1': CMAKE_PREFIX_PATH=/opt/ros/humble /usr/bin/cmake /home/vedant/gaitlab_ws/OdriveCANControl/src/odrive_control_cpp -DCMAKE_INSTALL_PREFIX=/home/vedant/gaitlab_ws/OdriveCANControl/install/odrive_control_cpp
