[0.824s] Invoking command in '/home/vedant/gaitlab_ws/src/bag_recorder_nodes_py': PYTHONPATH=/home/vedant/gaitlab_ws/build/bag_recorder_nodes_py/prefix_override:/usr/lib/python3/dist-packages/colcon_core/task/python/colcon_distutils_commands:/home/vedant/gaitlab_ws/install/bag_recorder_nodes_py/lib/python3.10/site-packages:${PYTHONPATH} /usr/bin/python3 -W ignore:setup.py install is deprecated setup.py egg_info --egg-base ../../build/bag_recorder_nodes_py build --build-base /home/vedant/gaitlab_ws/build/bag_recorder_nodes_py/build install --record /home/vedant/gaitlab_ws/build/bag_recorder_nodes_py/install.log --single-version-externally-managed install_data
[1.147s] running egg_info
[1.159s] writing ../../build/bag_recorder_nodes_py/bag_recorder_nodes_py.egg-info/PKG-INFO
[1.159s] writing dependency_links to ../../build/bag_recorder_nodes_py/bag_recorder_nodes_py.egg-info/dependency_links.txt
[1.159s] writing entry points to ../../build/bag_recorder_nodes_py/bag_recorder_nodes_py.egg-info/entry_points.txt
[1.159s] writing requirements to ../../build/bag_recorder_nodes_py/bag_recorder_nodes_py.egg-info/requires.txt
[1.160s] writing top-level names to ../../build/bag_recorder_nodes_py/bag_recorder_nodes_py.egg-info/top_level.txt
[1.162s] reading manifest file '../../build/bag_recorder_nodes_py/bag_recorder_nodes_py.egg-info/SOURCES.txt'
[1.162s] adding license file 'LICENSE'
[1.163s] writing manifest file '../../build/bag_recorder_nodes_py/bag_recorder_nodes_py.egg-info/SOURCES.txt'
[1.164s] running build
[1.164s] running build_py
[1.164s] running install
[1.164s] running install_lib
[1.166s] running install_data
[1.166s] running install_egg_info
[1.169s] removing '/home/vedant/gaitlab_ws/install/bag_recorder_nodes_py/lib/python3.10/site-packages/bag_recorder_nodes_py-0.0.0-py3.10.egg-info' (and everything under it)
[1.169s] Copying ../../build/bag_recorder_nodes_py/bag_recorder_nodes_py.egg-info to /home/vedant/gaitlab_ws/install/bag_recorder_nodes_py/lib/python3.10/site-packages/bag_recorder_nodes_py-0.0.0-py3.10.egg-info
[1.170s] running install_scripts
[1.199s] Installing simple_bag_recorder script to /home/vedant/gaitlab_ws/install/bag_recorder_nodes_py/lib/bag_recorder_nodes_py
[1.199s] writing list of installed files to '/home/vedant/gaitlab_ws/build/bag_recorder_nodes_py/install.log'
[1.236s] Invoked command in '/home/vedant/gaitlab_ws/src/bag_recorder_nodes_py' returned '0': PYTHONPATH=/home/vedant/gaitlab_ws/build/bag_recorder_nodes_py/prefix_override:/usr/lib/python3/dist-packages/colcon_core/task/python/colcon_distutils_commands:/home/vedant/gaitlab_ws/install/bag_recorder_nodes_py/lib/python3.10/site-packages:${PYTHONPATH} /usr/bin/python3 -W ignore:setup.py install is deprecated setup.py egg_info --egg-base ../../build/bag_recorder_nodes_py build --build-base /home/vedant/gaitlab_ws/build/bag_recorder_nodes_py/build install --record /home/vedant/gaitlab_ws/build/bag_recorder_nodes_py/install.log --single-version-externally-managed install_data
