[0.483s] DEBUG:colcon:Command line arguments: ['/usr/bin/colcon', 'build', '--packages-select', 'odrive_control_py']
[0.483s] DEBUG:colcon:Parsed command line arguments: Namespace(log_base=None, log_level=None, verb_name='build', build_base='build', install_base='install', merge_install=False, symlink_install=False, test_result_base=None, continue_on_error=False, executor='parallel', parallel_workers=4, event_handlers=None, ignore_user_meta=False, metas=['./colcon.meta'], base_paths=['.'], packages_ignore=None, packages_ignore_regex=None, paths=None, packages_up_to=None, packages_up_to_regex=None, packages_above=None, packages_above_and_dependencies=None, packages_above_depth=None, packages_select_by_dep=None, packages_skip_by_dep=None, packages_skip_up_to=None, packages_select_build_failed=False, packages_skip_build_finished=False, packages_select_test_failures=False, packages_skip_test_passed=False, packages_select=['odrive_control_py'], packages_skip=None, packages_select_regex=None, packages_skip_regex=None, packages_start=None, packages_end=None, allow_overriding=[], cmake_args=None, cmake_target=None, cmake_target_skip_unavailable=False, cmake_clean_cache=False, cmake_clean_first=False, cmake_force_configure=False, ament_cmake_args=None, catkin_cmake_args=None, catkin_skip_building_tests=False, mixin_files=None, mixin=None, verb_parser=<colcon_mixin.mixin.mixin_argument.MixinArgumentDecorator object at 0xffffa501cf10>, verb_extension=<colcon_core.verb.build.BuildVerb object at 0xffffa51b9e10>, main=<bound method BuildVerb.main of <colcon_core.verb.build.BuildVerb object at 0xffffa51b9e10>>, mixin_verb=('build',))
[1.270s] Level 1:colcon.colcon_core.package_discovery:discover_packages(colcon_meta) check parameters
[1.270s] Level 1:colcon.colcon_core.package_discovery:discover_packages(recursive) check parameters
[1.271s] Level 1:colcon.colcon_core.package_discovery:discover_packages(ignore) check parameters
[1.271s] Level 1:colcon.colcon_core.package_discovery:discover_packages(path) check parameters
[1.271s] Level 1:colcon.colcon_core.package_discovery:discover_packages(colcon_meta) discover
[1.271s] Level 1:colcon.colcon_core.package_discovery:discover_packages(recursive) discover
[1.271s] INFO:colcon.colcon_core.package_discovery:Crawling recursively for packages in '/home/vedant/OdriveCANControl'
[1.272s] Level 1:colcon.colcon_core.package_identification:_identify(.) by extensions ['ignore', 'ignore_ament_install']
[1.272s] Level 1:colcon.colcon_core.package_identification:_identify(.) by extension 'ignore'
[1.273s] Level 1:colcon.colcon_core.package_identification:_identify(.) by extension 'ignore_ament_install'
[1.273s] Level 1:colcon.colcon_core.package_identification:_identify(.) by extensions ['colcon_pkg']
[1.273s] Level 1:colcon.colcon_core.package_identification:_identify(.) by extension 'colcon_pkg'
[1.273s] Level 1:colcon.colcon_core.package_identification:_identify(.) by extensions ['colcon_meta']
[1.273s] Level 1:colcon.colcon_core.package_identification:_identify(.) by extension 'colcon_meta'
[1.274s] Level 1:colcon.colcon_core.package_identification:_identify(.) by extensions ['ros']
[1.274s] Level 1:colcon.colcon_core.package_identification:_identify(.) by extension 'ros'
[1.323s] Level 1:colcon.colcon_core.package_identification:_identify(.) by extensions ['cmake', 'python']
[1.323s] Level 1:colcon.colcon_core.package_identification:_identify(.) by extension 'cmake'
[1.324s] Level 1:colcon.colcon_core.package_identification:_identify(.) by extension 'python'
[1.324s] Level 1:colcon.colcon_core.package_identification:_identify(.) by extensions ['python_setup_py']
[1.324s] Level 1:colcon.colcon_core.package_identification:_identify(.) by extension 'python_setup_py'
[1.325s] Level 1:colcon.colcon_core.package_identification:_identify(build) by extensions ['ignore', 'ignore_ament_install']
[1.325s] Level 1:colcon.colcon_core.package_identification:_identify(build) by extension 'ignore'
[1.326s] Level 1:colcon.colcon_core.package_identification:_identify(build) ignored
[1.327s] Level 1:colcon.colcon_core.package_identification:_identify(install) by extensions ['ignore', 'ignore_ament_install']
[1.327s] Level 1:colcon.colcon_core.package_identification:_identify(install) by extension 'ignore'
[1.328s] Level 1:colcon.colcon_core.package_identification:_identify(install) ignored
[1.329s] Level 1:colcon.colcon_core.package_identification:_identify(log) by extensions ['ignore', 'ignore_ament_install']
[1.329s] Level 1:colcon.colcon_core.package_identification:_identify(log) by extension 'ignore'
[1.329s] Level 1:colcon.colcon_core.package_identification:_identify(log) ignored
[1.330s] Level 1:colcon.colcon_core.package_identification:_identify(src) by extensions ['ignore', 'ignore_ament_install']
[1.330s] Level 1:colcon.colcon_core.package_identification:_identify(src) by extension 'ignore'
[1.331s] Level 1:colcon.colcon_core.package_identification:_identify(src) by extension 'ignore_ament_install'
[1.331s] Level 1:colcon.colcon_core.package_identification:_identify(src) by extensions ['colcon_pkg']
[1.331s] Level 1:colcon.colcon_core.package_identification:_identify(src) by extension 'colcon_pkg'
[1.331s] Level 1:colcon.colcon_core.package_identification:_identify(src) by extensions ['colcon_meta']
[1.331s] Level 1:colcon.colcon_core.package_identification:_identify(src) by extension 'colcon_meta'
[1.332s] Level 1:colcon.colcon_core.package_identification:_identify(src) by extensions ['ros']
[1.332s] Level 1:colcon.colcon_core.package_identification:_identify(src) by extension 'ros'
[1.332s] Level 1:colcon.colcon_core.package_identification:_identify(src) by extensions ['cmake', 'python']
[1.332s] Level 1:colcon.colcon_core.package_identification:_identify(src) by extension 'cmake'
[1.333s] Level 1:colcon.colcon_core.package_identification:_identify(src) by extension 'python'
[1.333s] Level 1:colcon.colcon_core.package_identification:_identify(src) by extensions ['python_setup_py']
[1.333s] Level 1:colcon.colcon_core.package_identification:_identify(src) by extension 'python_setup_py'
[1.333s] Level 1:colcon.colcon_core.package_identification:_identify(src/controller) by extensions ['ignore', 'ignore_ament_install']
[1.334s] Level 1:colcon.colcon_core.package_identification:_identify(src/controller) by extension 'ignore'
[1.334s] Level 1:colcon.colcon_core.package_identification:_identify(src/controller) by extension 'ignore_ament_install'
[1.334s] Level 1:colcon.colcon_core.package_identification:_identify(src/controller) by extensions ['colcon_pkg']
[1.335s] Level 1:colcon.colcon_core.package_identification:_identify(src/controller) by extension 'colcon_pkg'
[1.335s] Level 1:colcon.colcon_core.package_identification:_identify(src/controller) by extensions ['colcon_meta']
[1.335s] Level 1:colcon.colcon_core.package_identification:_identify(src/controller) by extension 'colcon_meta'
[1.335s] Level 1:colcon.colcon_core.package_identification:_identify(src/controller) by extensions ['ros']
[1.335s] Level 1:colcon.colcon_core.package_identification:_identify(src/controller) by extension 'ros'
[1.344s] DEBUG:colcon.colcon_core.package_identification:Package 'src/controller' with type 'ros.ament_python' and name 'controller'
[1.345s] Level 1:colcon.colcon_core.package_identification:_identify(src/data_logging) by extensions ['ignore', 'ignore_ament_install']
[1.346s] Level 1:colcon.colcon_core.package_identification:_identify(src/data_logging) by extension 'ignore'
[1.346s] Level 1:colcon.colcon_core.package_identification:_identify(src/data_logging) by extension 'ignore_ament_install'
[1.347s] Level 1:colcon.colcon_core.package_identification:_identify(src/data_logging) by extensions ['colcon_pkg']
[1.347s] Level 1:colcon.colcon_core.package_identification:_identify(src/data_logging) by extension 'colcon_pkg'
[1.348s] Level 1:colcon.colcon_core.package_identification:_identify(src/data_logging) by extensions ['colcon_meta']
[1.348s] Level 1:colcon.colcon_core.package_identification:_identify(src/data_logging) by extension 'colcon_meta'
[1.348s] Level 1:colcon.colcon_core.package_identification:_identify(src/data_logging) by extensions ['ros']
[1.349s] Level 1:colcon.colcon_core.package_identification:_identify(src/data_logging) by extension 'ros'
[1.351s] DEBUG:colcon.colcon_core.package_identification:Package 'src/data_logging' with type 'ros.ament_python' and name 'data_logging'
[1.352s] Level 1:colcon.colcon_core.package_identification:_identify(src/data_sync) by extensions ['ignore', 'ignore_ament_install']
[1.352s] Level 1:colcon.colcon_core.package_identification:_identify(src/data_sync) by extension 'ignore'
[1.352s] Level 1:colcon.colcon_core.package_identification:_identify(src/data_sync) by extension 'ignore_ament_install'
[1.353s] Level 1:colcon.colcon_core.package_identification:_identify(src/data_sync) by extensions ['colcon_pkg']
[1.353s] Level 1:colcon.colcon_core.package_identification:_identify(src/data_sync) by extension 'colcon_pkg'
[1.353s] Level 1:colcon.colcon_core.package_identification:_identify(src/data_sync) by extensions ['colcon_meta']
[1.353s] Level 1:colcon.colcon_core.package_identification:_identify(src/data_sync) by extension 'colcon_meta'
[1.353s] Level 1:colcon.colcon_core.package_identification:_identify(src/data_sync) by extensions ['ros']
[1.354s] Level 1:colcon.colcon_core.package_identification:_identify(src/data_sync) by extension 'ros'
[1.356s] DEBUG:colcon.colcon_core.package_identification:Package 'src/data_sync' with type 'ros.ament_cmake' and name 'data_sync'
[1.357s] Level 1:colcon.colcon_core.package_identification:_identify(src/encoder) by extensions ['ignore', 'ignore_ament_install']
[1.357s] Level 1:colcon.colcon_core.package_identification:_identify(src/encoder) by extension 'ignore'
[1.358s] Level 1:colcon.colcon_core.package_identification:_identify(src/encoder) by extension 'ignore_ament_install'
[1.358s] Level 1:colcon.colcon_core.package_identification:_identify(src/encoder) by extensions ['colcon_pkg']
[1.358s] Level 1:colcon.colcon_core.package_identification:_identify(src/encoder) by extension 'colcon_pkg'
[1.358s] Level 1:colcon.colcon_core.package_identification:_identify(src/encoder) by extensions ['colcon_meta']
[1.359s] Level 1:colcon.colcon_core.package_identification:_identify(src/encoder) by extension 'colcon_meta'
[1.359s] Level 1:colcon.colcon_core.package_identification:_identify(src/encoder) by extensions ['ros']
[1.359s] Level 1:colcon.colcon_core.package_identification:_identify(src/encoder) by extension 'ros'
[1.362s] DEBUG:colcon.colcon_core.package_identification:Package 'src/encoder' with type 'ros.ament_python' and name 'encoder'
[1.363s] Level 1:colcon.colcon_core.package_identification:_identify(src/odrive_control_py) by extensions ['ignore', 'ignore_ament_install']
[1.364s] Level 1:colcon.colcon_core.package_identification:_identify(src/odrive_control_py) by extension 'ignore'
[1.364s] Level 1:colcon.colcon_core.package_identification:_identify(src/odrive_control_py) by extension 'ignore_ament_install'
[1.364s] Level 1:colcon.colcon_core.package_identification:_identify(src/odrive_control_py) by extensions ['colcon_pkg']
[1.364s] Level 1:colcon.colcon_core.package_identification:_identify(src/odrive_control_py) by extension 'colcon_pkg'
[1.365s] Level 1:colcon.colcon_core.package_identification:_identify(src/odrive_control_py) by extensions ['colcon_meta']
[1.365s] Level 1:colcon.colcon_core.package_identification:_identify(src/odrive_control_py) by extension 'colcon_meta'
[1.365s] Level 1:colcon.colcon_core.package_identification:_identify(src/odrive_control_py) by extensions ['ros']
[1.365s] Level 1:colcon.colcon_core.package_identification:_identify(src/odrive_control_py) by extension 'ros'
[1.368s] DEBUG:colcon.colcon_core.package_identification:Package 'src/odrive_control_py' with type 'ros.ament_python' and name 'odrive_control_py'
[1.368s] Level 1:colcon.colcon_core.package_identification:_identify(src/ros_odrive) by extensions ['ignore', 'ignore_ament_install']
[1.369s] Level 1:colcon.colcon_core.package_identification:_identify(src/ros_odrive) by extension 'ignore'
[1.369s] Level 1:colcon.colcon_core.package_identification:_identify(src/ros_odrive) by extension 'ignore_ament_install'
[1.369s] Level 1:colcon.colcon_core.package_identification:_identify(src/ros_odrive) by extensions ['colcon_pkg']
[1.370s] Level 1:colcon.colcon_core.package_identification:_identify(src/ros_odrive) by extension 'colcon_pkg'
[1.370s] Level 1:colcon.colcon_core.package_identification:_identify(src/ros_odrive) by extensions ['colcon_meta']
[1.370s] Level 1:colcon.colcon_core.package_identification:_identify(src/ros_odrive) by extension 'colcon_meta'
[1.370s] Level 1:colcon.colcon_core.package_identification:_identify(src/ros_odrive) by extensions ['ros']
[1.371s] Level 1:colcon.colcon_core.package_identification:_identify(src/ros_odrive) by extension 'ros'
[1.371s] Level 1:colcon.colcon_core.package_identification:_identify(src/ros_odrive) by extensions ['cmake', 'python']
[1.371s] Level 1:colcon.colcon_core.package_identification:_identify(src/ros_odrive) by extension 'cmake'
[1.371s] Level 1:colcon.colcon_core.package_identification:_identify(src/ros_odrive) by extension 'python'
[1.371s] Level 1:colcon.colcon_core.package_identification:_identify(src/ros_odrive) by extensions ['python_setup_py']
[1.372s] Level 1:colcon.colcon_core.package_identification:_identify(src/ros_odrive) by extension 'python_setup_py'
[1.372s] Level 1:colcon.colcon_core.package_identification:_identify(src/ros_odrive/odrive_base) by extensions ['ignore', 'ignore_ament_install']
[1.373s] Level 1:colcon.colcon_core.package_identification:_identify(src/ros_odrive/odrive_base) by extension 'ignore'
[1.373s] Level 1:colcon.colcon_core.package_identification:_identify(src/ros_odrive/odrive_base) by extension 'ignore_ament_install'
[1.373s] Level 1:colcon.colcon_core.package_identification:_identify(src/ros_odrive/odrive_base) by extensions ['colcon_pkg']
[1.373s] Level 1:colcon.colcon_core.package_identification:_identify(src/ros_odrive/odrive_base) by extension 'colcon_pkg'
[1.373s] Level 1:colcon.colcon_core.package_identification:_identify(src/ros_odrive/odrive_base) by extensions ['colcon_meta']
[1.374s] Level 1:colcon.colcon_core.package_identification:_identify(src/ros_odrive/odrive_base) by extension 'colcon_meta'
[1.374s] Level 1:colcon.colcon_core.package_identification:_identify(src/ros_odrive/odrive_base) by extensions ['ros']
[1.374s] Level 1:colcon.colcon_core.package_identification:_identify(src/ros_odrive/odrive_base) by extension 'ros'
[1.374s] Level 1:colcon.colcon_core.package_identification:_identify(src/ros_odrive/odrive_base) by extensions ['cmake', 'python']
[1.375s] Level 1:colcon.colcon_core.package_identification:_identify(src/ros_odrive/odrive_base) by extension 'cmake'
[1.375s] Level 1:colcon.colcon_core.package_identification:_identify(src/ros_odrive/odrive_base) by extension 'python'
[1.375s] Level 1:colcon.colcon_core.package_identification:_identify(src/ros_odrive/odrive_base) by extensions ['python_setup_py']
[1.375s] Level 1:colcon.colcon_core.package_identification:_identify(src/ros_odrive/odrive_base) by extension 'python_setup_py'
[1.376s] Level 1:colcon.colcon_core.package_identification:_identify(src/ros_odrive/odrive_base/include) by extensions ['ignore', 'ignore_ament_install']
[1.376s] Level 1:colcon.colcon_core.package_identification:_identify(src/ros_odrive/odrive_base/include) by extension 'ignore'
[1.377s] Level 1:colcon.colcon_core.package_identification:_identify(src/ros_odrive/odrive_base/include) by extension 'ignore_ament_install'
[1.377s] Level 1:colcon.colcon_core.package_identification:_identify(src/ros_odrive/odrive_base/include) by extensions ['colcon_pkg']
[1.377s] Level 1:colcon.colcon_core.package_identification:_identify(src/ros_odrive/odrive_base/include) by extension 'colcon_pkg'
[1.378s] Level 1:colcon.colcon_core.package_identification:_identify(src/ros_odrive/odrive_base/include) by extensions ['colcon_meta']
[1.378s] Level 1:colcon.colcon_core.package_identification:_identify(src/ros_odrive/odrive_base/include) by extension 'colcon_meta'
[1.378s] Level 1:colcon.colcon_core.package_identification:_identify(src/ros_odrive/odrive_base/include) by extensions ['ros']
[1.378s] Level 1:colcon.colcon_core.package_identification:_identify(src/ros_odrive/odrive_base/include) by extension 'ros'
[1.379s] Level 1:colcon.colcon_core.package_identification:_identify(src/ros_odrive/odrive_base/include) by extensions ['cmake', 'python']
[1.379s] Level 1:colcon.colcon_core.package_identification:_identify(src/ros_odrive/odrive_base/include) by extension 'cmake'
[1.379s] Level 1:colcon.colcon_core.package_identification:_identify(src/ros_odrive/odrive_base/include) by extension 'python'
[1.379s] Level 1:colcon.colcon_core.package_identification:_identify(src/ros_odrive/odrive_base/include) by extensions ['python_setup_py']
[1.379s] Level 1:colcon.colcon_core.package_identification:_identify(src/ros_odrive/odrive_base/include) by extension 'python_setup_py'
[1.380s] Level 1:colcon.colcon_core.package_identification:_identify(src/ros_odrive/odrive_base/src) by extensions ['ignore', 'ignore_ament_install']
[1.380s] Level 1:colcon.colcon_core.package_identification:_identify(src/ros_odrive/odrive_base/src) by extension 'ignore'
[1.381s] Level 1:colcon.colcon_core.package_identification:_identify(src/ros_odrive/odrive_base/src) by extension 'ignore_ament_install'
[1.381s] Level 1:colcon.colcon_core.package_identification:_identify(src/ros_odrive/odrive_base/src) by extensions ['colcon_pkg']
[1.381s] Level 1:colcon.colcon_core.package_identification:_identify(src/ros_odrive/odrive_base/src) by extension 'colcon_pkg'
[1.381s] Level 1:colcon.colcon_core.package_identification:_identify(src/ros_odrive/odrive_base/src) by extensions ['colcon_meta']
[1.381s] Level 1:colcon.colcon_core.package_identification:_identify(src/ros_odrive/odrive_base/src) by extension 'colcon_meta'
[1.382s] Level 1:colcon.colcon_core.package_identification:_identify(src/ros_odrive/odrive_base/src) by extensions ['ros']
[1.382s] Level 1:colcon.colcon_core.package_identification:_identify(src/ros_odrive/odrive_base/src) by extension 'ros'
[1.382s] Level 1:colcon.colcon_core.package_identification:_identify(src/ros_odrive/odrive_base/src) by extensions ['cmake', 'python']
[1.382s] Level 1:colcon.colcon_core.package_identification:_identify(src/ros_odrive/odrive_base/src) by extension 'cmake'
[1.383s] Level 1:colcon.colcon_core.package_identification:_identify(src/ros_odrive/odrive_base/src) by extension 'python'
[1.383s] Level 1:colcon.colcon_core.package_identification:_identify(src/ros_odrive/odrive_base/src) by extensions ['python_setup_py']
[1.383s] Level 1:colcon.colcon_core.package_identification:_identify(src/ros_odrive/odrive_base/src) by extension 'python_setup_py'
[1.383s] Level 1:colcon.colcon_core.package_identification:_identify(src/ros_odrive/odrive_botwheel_explorer) by extensions ['ignore', 'ignore_ament_install']
[1.384s] Level 1:colcon.colcon_core.package_identification:_identify(src/ros_odrive/odrive_botwheel_explorer) by extension 'ignore'
[1.384s] Level 1:colcon.colcon_core.package_identification:_identify(src/ros_odrive/odrive_botwheel_explorer) by extension 'ignore_ament_install'
[1.384s] Level 1:colcon.colcon_core.package_identification:_identify(src/ros_odrive/odrive_botwheel_explorer) by extensions ['colcon_pkg']
[1.385s] Level 1:colcon.colcon_core.package_identification:_identify(src/ros_odrive/odrive_botwheel_explorer) by extension 'colcon_pkg'
[1.385s] Level 1:colcon.colcon_core.package_identification:_identify(src/ros_odrive/odrive_botwheel_explorer) by extensions ['colcon_meta']
[1.385s] Level 1:colcon.colcon_core.package_identification:_identify(src/ros_odrive/odrive_botwheel_explorer) by extension 'colcon_meta'
[1.385s] Level 1:colcon.colcon_core.package_identification:_identify(src/ros_odrive/odrive_botwheel_explorer) by extensions ['ros']
[1.385s] Level 1:colcon.colcon_core.package_identification:_identify(src/ros_odrive/odrive_botwheel_explorer) by extension 'ros'
[1.388s] DEBUG:colcon.colcon_core.package_identification:Package 'src/ros_odrive/odrive_botwheel_explorer' with type 'ros.ament_cmake' and name 'odrive_botwheel_explorer'
[1.388s] Level 1:colcon.colcon_core.package_identification:_identify(src/ros_odrive/odrive_node) by extensions ['ignore', 'ignore_ament_install']
[1.389s] Level 1:colcon.colcon_core.package_identification:_identify(src/ros_odrive/odrive_node) by extension 'ignore'
[1.389s] Level 1:colcon.colcon_core.package_identification:_identify(src/ros_odrive/odrive_node) by extension 'ignore_ament_install'
[1.390s] Level 1:colcon.colcon_core.package_identification:_identify(src/ros_odrive/odrive_node) by extensions ['colcon_pkg']
[1.390s] Level 1:colcon.colcon_core.package_identification:_identify(src/ros_odrive/odrive_node) by extension 'colcon_pkg'
[1.390s] Level 1:colcon.colcon_core.package_identification:_identify(src/ros_odrive/odrive_node) by extensions ['colcon_meta']
[1.390s] Level 1:colcon.colcon_core.package_identification:_identify(src/ros_odrive/odrive_node) by extension 'colcon_meta'
[1.390s] Level 1:colcon.colcon_core.package_identification:_identify(src/ros_odrive/odrive_node) by extensions ['ros']
[1.390s] Level 1:colcon.colcon_core.package_identification:_identify(src/ros_odrive/odrive_node) by extension 'ros'
[1.393s] DEBUG:colcon.colcon_core.package_identification:Package 'src/ros_odrive/odrive_node' with type 'ros.ament_cmake' and name 'odrive_can'
[1.394s] Level 1:colcon.colcon_core.package_identification:_identify(src/ros_odrive/odrive_ros2_control) by extensions ['ignore', 'ignore_ament_install']
[1.395s] Level 1:colcon.colcon_core.package_identification:_identify(src/ros_odrive/odrive_ros2_control) by extension 'ignore'
[1.395s] Level 1:colcon.colcon_core.package_identification:_identify(src/ros_odrive/odrive_ros2_control) by extension 'ignore_ament_install'
[1.395s] Level 1:colcon.colcon_core.package_identification:_identify(src/ros_odrive/odrive_ros2_control) by extensions ['colcon_pkg']
[1.395s] Level 1:colcon.colcon_core.package_identification:_identify(src/ros_odrive/odrive_ros2_control) by extension 'colcon_pkg'
[1.396s] Level 1:colcon.colcon_core.package_identification:_identify(src/ros_odrive/odrive_ros2_control) by extensions ['colcon_meta']
[1.396s] Level 1:colcon.colcon_core.package_identification:_identify(src/ros_odrive/odrive_ros2_control) by extension 'colcon_meta'
[1.396s] Level 1:colcon.colcon_core.package_identification:_identify(src/ros_odrive/odrive_ros2_control) by extensions ['ros']
[1.397s] Level 1:colcon.colcon_core.package_identification:_identify(src/ros_odrive/odrive_ros2_control) by extension 'ros'
[1.400s] DEBUG:colcon.colcon_core.package_identification:Package 'src/ros_odrive/odrive_ros2_control' with type 'ros.ament_cmake' and name 'odrive_ros2_control'
[1.400s] Level 1:colcon.colcon_core.package_identification:_identify(src/testing) by extensions ['ignore', 'ignore_ament_install']
[1.401s] Level 1:colcon.colcon_core.package_identification:_identify(src/testing) by extension 'ignore'
[1.401s] Level 1:colcon.colcon_core.package_identification:_identify(src/testing) by extension 'ignore_ament_install'
[1.401s] Level 1:colcon.colcon_core.package_identification:_identify(src/testing) by extensions ['colcon_pkg']
[1.401s] Level 1:colcon.colcon_core.package_identification:_identify(src/testing) by extension 'colcon_pkg'
[1.402s] Level 1:colcon.colcon_core.package_identification:_identify(src/testing) by extensions ['colcon_meta']
[1.402s] Level 1:colcon.colcon_core.package_identification:_identify(src/testing) by extension 'colcon_meta'
[1.402s] Level 1:colcon.colcon_core.package_identification:_identify(src/testing) by extensions ['ros']
[1.402s] Level 1:colcon.colcon_core.package_identification:_identify(src/testing) by extension 'ros'
[1.404s] DEBUG:colcon.colcon_core.package_identification:Package 'src/testing' with type 'ros.ament_python' and name 'testing'
[1.405s] Level 1:colcon.colcon_core.package_discovery:discover_packages(recursive) using defaults
[1.405s] Level 1:colcon.colcon_core.package_discovery:discover_packages(ignore) discover
[1.405s] Level 1:colcon.colcon_core.package_discovery:discover_packages(ignore) using defaults
[1.405s] Level 1:colcon.colcon_core.package_discovery:discover_packages(path) discover
[1.405s] Level 1:colcon.colcon_core.package_discovery:discover_packages(path) using defaults
[1.490s] INFO:colcon.colcon_core.package_selection:Skipping not selected package 'controller' in 'src/controller'
[1.491s] INFO:colcon.colcon_core.package_selection:Skipping not selected package 'data_logging' in 'src/data_logging'
[1.491s] INFO:colcon.colcon_core.package_selection:Skipping not selected package 'data_sync' in 'src/data_sync'
[1.491s] INFO:colcon.colcon_core.package_selection:Skipping not selected package 'encoder' in 'src/encoder'
[1.491s] INFO:colcon.colcon_core.package_selection:Skipping not selected package 'odrive_can' in 'src/ros_odrive/odrive_node'
[1.491s] INFO:colcon.colcon_core.package_selection:Skipping not selected package 'odrive_ros2_control' in 'src/ros_odrive/odrive_ros2_control'
[1.491s] INFO:colcon.colcon_core.package_selection:Skipping not selected package 'testing' in 'src/testing'
[1.491s] INFO:colcon.colcon_core.package_selection:Skipping not selected package 'odrive_botwheel_explorer' in 'src/ros_odrive/odrive_botwheel_explorer'
[1.493s] Level 1:colcon.colcon_core.package_discovery:discover_packages(prefix_path) check parameters
[1.494s] Level 1:colcon.colcon_core.package_discovery:discover_packages(prefix_path) discover
[1.504s] DEBUG:colcon.colcon_installed_package_information.package_discovery:Found 6 installed packages in /home/vedant/OdriveCANControl/install
[1.511s] DEBUG:colcon.colcon_installed_package_information.package_discovery:Found 189 installed packages in /opt/ros/humble
[1.560s] Level 1:colcon.colcon_core.package_discovery:discover_packages(prefix_path) using defaults
[1.680s] Level 5:colcon.colcon_core.verb:set package 'odrive_control_py' build argument 'cmake_args' from command line to 'None'
[1.680s] Level 5:colcon.colcon_core.verb:set package 'odrive_control_py' build argument 'cmake_target' from command line to 'None'
[1.680s] Level 5:colcon.colcon_core.verb:set package 'odrive_control_py' build argument 'cmake_target_skip_unavailable' from command line to 'False'
[1.680s] Level 5:colcon.colcon_core.verb:set package 'odrive_control_py' build argument 'cmake_clean_cache' from command line to 'False'
[1.680s] Level 5:colcon.colcon_core.verb:set package 'odrive_control_py' build argument 'cmake_clean_first' from command line to 'False'
[1.681s] Level 5:colcon.colcon_core.verb:set package 'odrive_control_py' build argument 'cmake_force_configure' from command line to 'False'
[1.681s] Level 5:colcon.colcon_core.verb:set package 'odrive_control_py' build argument 'ament_cmake_args' from command line to 'None'
[1.681s] Level 5:colcon.colcon_core.verb:set package 'odrive_control_py' build argument 'catkin_cmake_args' from command line to 'None'
[1.681s] Level 5:colcon.colcon_core.verb:set package 'odrive_control_py' build argument 'catkin_skip_building_tests' from command line to 'False'
[1.681s] DEBUG:colcon.colcon_core.verb:Building package 'odrive_control_py' with the following arguments: {'ament_cmake_args': None, 'build_base': '/home/vedant/OdriveCANControl/build/odrive_control_py', 'catkin_cmake_args': None, 'catkin_skip_building_tests': False, 'cmake_args': None, 'cmake_clean_cache': False, 'cmake_clean_first': False, 'cmake_force_configure': False, 'cmake_target': None, 'cmake_target_skip_unavailable': False, 'install_base': '/home/vedant/OdriveCANControl/install/odrive_control_py', 'merge_install': False, 'path': '/home/vedant/OdriveCANControl/src/odrive_control_py', 'symlink_install': False, 'test_result_base': None}
[1.682s] INFO:colcon.colcon_core.executor:Executing jobs using 'parallel' executor
[1.685s] DEBUG:colcon.colcon_parallel_executor.executor.parallel:run_until_complete
[1.687s] INFO:colcon.colcon_ros.task.ament_python.build:Building ROS package in '/home/vedant/OdriveCANControl/src/odrive_control_py' with build type 'ament_python'
[1.688s] Level 1:colcon.colcon_core.shell:create_environment_hook('odrive_control_py', 'ament_prefix_path')
[1.700s] INFO:colcon.colcon_core.plugin_system:Skipping extension 'colcon_core.shell.bat': Not used on non-Windows systems
[1.701s] INFO:colcon.colcon_core.shell:Creating environment hook '/home/vedant/OdriveCANControl/install/odrive_control_py/share/odrive_control_py/hook/ament_prefix_path.ps1'
[1.705s] INFO:colcon.colcon_core.shell:Creating environment descriptor '/home/vedant/OdriveCANControl/install/odrive_control_py/share/odrive_control_py/hook/ament_prefix_path.dsv'
[1.708s] INFO:colcon.colcon_core.shell:Creating environment hook '/home/vedant/OdriveCANControl/install/odrive_control_py/share/odrive_control_py/hook/ament_prefix_path.sh'
[1.713s] INFO:colcon.colcon_core.shell:Skip shell extension 'powershell' for command environment: Not usable outside of PowerShell
[1.713s] DEBUG:colcon.colcon_core.shell:Skip shell extension 'dsv' for command environment
[2.922s] INFO:colcon.colcon_core.task.python.build:Building Python package in '/home/vedant/OdriveCANControl/src/odrive_control_py'
[2.923s] INFO:colcon.colcon_core.shell:Skip shell extension 'powershell' for command environment: Not usable outside of PowerShell
[2.923s] DEBUG:colcon.colcon_core.shell:Skip shell extension 'dsv' for command environment
[4.475s] DEBUG:colcon.colcon_core.event_handler.log_command:Invoking command in '/home/vedant/OdriveCANControl/src/odrive_control_py': PYTHONPATH=/home/vedant/OdriveCANControl/build/odrive_control_py/prefix_override:/usr/lib/python3/dist-packages/colcon_core/task/python/colcon_distutils_commands:/home/vedant/OdriveCANControl/install/odrive_control_py/lib/python3.10/site-packages:${PYTHONPATH} /usr/bin/python3 -W ignore:setup.py install is deprecated -W ignore:easy_install command is deprecated setup.py egg_info --egg-base ../../build/odrive_control_py build --build-base /home/vedant/OdriveCANControl/build/odrive_control_py/build install --record /home/vedant/OdriveCANControl/build/odrive_control_py/install.log --single-version-externally-managed install_data
[5.862s] DEBUG:colcon.colcon_core.event_handler.log_command:Invoked command in '/home/vedant/OdriveCANControl/src/odrive_control_py' returned '0': PYTHONPATH=/home/vedant/OdriveCANControl/build/odrive_control_py/prefix_override:/usr/lib/python3/dist-packages/colcon_core/task/python/colcon_distutils_commands:/home/vedant/OdriveCANControl/install/odrive_control_py/lib/python3.10/site-packages:${PYTHONPATH} /usr/bin/python3 -W ignore:setup.py install is deprecated -W ignore:easy_install command is deprecated setup.py egg_info --egg-base ../../build/odrive_control_py build --build-base /home/vedant/OdriveCANControl/build/odrive_control_py/build install --record /home/vedant/OdriveCANControl/build/odrive_control_py/install.log --single-version-externally-managed install_data
[5.874s] Level 1:colcon.colcon_core.environment:checking '/home/vedant/OdriveCANControl/install/odrive_control_py' for CMake module files
[5.877s] Level 1:colcon.colcon_core.environment:checking '/home/vedant/OdriveCANControl/install/odrive_control_py' for CMake config files
[5.881s] Level 1:colcon.colcon_core.environment:checking '/home/vedant/OdriveCANControl/install/odrive_control_py/lib'
[5.882s] Level 1:colcon.colcon_core.environment:checking '/home/vedant/OdriveCANControl/install/odrive_control_py/bin'
[5.882s] Level 1:colcon.colcon_core.environment:checking '/home/vedant/OdriveCANControl/install/odrive_control_py/lib/pkgconfig/odrive_control_py.pc'
[5.883s] Level 1:colcon.colcon_core.environment:checking '/home/vedant/OdriveCANControl/install/odrive_control_py/lib/python3.10/site-packages'
[5.883s] Level 1:colcon.colcon_core.shell:create_environment_hook('odrive_control_py', 'pythonpath')
[5.885s] INFO:colcon.colcon_core.shell:Creating environment hook '/home/vedant/OdriveCANControl/install/odrive_control_py/share/odrive_control_py/hook/pythonpath.ps1'
[5.887s] INFO:colcon.colcon_core.shell:Creating environment descriptor '/home/vedant/OdriveCANControl/install/odrive_control_py/share/odrive_control_py/hook/pythonpath.dsv'
[5.889s] INFO:colcon.colcon_core.shell:Creating environment hook '/home/vedant/OdriveCANControl/install/odrive_control_py/share/odrive_control_py/hook/pythonpath.sh'
[5.892s] Level 1:colcon.colcon_core.environment:checking '/home/vedant/OdriveCANControl/install/odrive_control_py/bin'
[5.893s] Level 1:colcon.colcon_core.environment:create_environment_scripts_only(odrive_control_py)
[5.894s] INFO:colcon.colcon_core.shell:Creating package script '/home/vedant/OdriveCANControl/install/odrive_control_py/share/odrive_control_py/package.ps1'
[5.898s] INFO:colcon.colcon_core.shell:Creating package descriptor '/home/vedant/OdriveCANControl/install/odrive_control_py/share/odrive_control_py/package.dsv'
[5.901s] INFO:colcon.colcon_core.shell:Creating package script '/home/vedant/OdriveCANControl/install/odrive_control_py/share/odrive_control_py/package.sh'
[5.904s] INFO:colcon.colcon_core.shell:Creating package script '/home/vedant/OdriveCANControl/install/odrive_control_py/share/odrive_control_py/package.bash'
[5.908s] INFO:colcon.colcon_core.shell:Creating package script '/home/vedant/OdriveCANControl/install/odrive_control_py/share/odrive_control_py/package.zsh'
[5.912s] Level 1:colcon.colcon_core.environment:create_file_with_runtime_dependencies(/home/vedant/OdriveCANControl/install/odrive_control_py/share/colcon-core/packages/odrive_control_py)
[5.914s] DEBUG:colcon.colcon_parallel_executor.executor.parallel:closing loop
[5.915s] DEBUG:colcon.colcon_parallel_executor.executor.parallel:loop closed
[5.916s] DEBUG:colcon.colcon_parallel_executor.executor.parallel:run_until_complete finished with '0'
[5.917s] DEBUG:colcon.colcon_core.event_reactor:joining thread
[5.939s] INFO:colcon.colcon_core.plugin_system:Skipping extension 'colcon_notification.desktop_notification.terminal_notifier': Not used on non-Darwin systems
[5.940s] INFO:colcon.colcon_core.plugin_system:Skipping extension 'colcon_notification.desktop_notification.win32': Not used on non-Windows systems
[5.940s] INFO:colcon.colcon_notification.desktop_notification:Sending desktop notification using 'notify2'
[5.981s] DEBUG:colcon.colcon_core.event_reactor:joined thread
[5.982s] INFO:colcon.colcon_core.shell:Creating prefix script '/home/vedant/OdriveCANControl/install/local_setup.ps1'
[5.986s] INFO:colcon.colcon_core.shell:Creating prefix util module '/home/vedant/OdriveCANControl/install/_local_setup_util_ps1.py'
[5.993s] INFO:colcon.colcon_core.shell:Creating prefix chain script '/home/vedant/OdriveCANControl/install/setup.ps1'
[6.001s] INFO:colcon.colcon_core.shell:Creating prefix script '/home/vedant/OdriveCANControl/install/local_setup.sh'
[6.004s] INFO:colcon.colcon_core.shell:Creating prefix util module '/home/vedant/OdriveCANControl/install/_local_setup_util_sh.py'
[6.007s] INFO:colcon.colcon_core.shell:Creating prefix chain script '/home/vedant/OdriveCANControl/install/setup.sh'
[6.013s] INFO:colcon.colcon_core.shell:Creating prefix script '/home/vedant/OdriveCANControl/install/local_setup.bash'
[6.016s] INFO:colcon.colcon_core.shell:Creating prefix chain script '/home/vedant/OdriveCANControl/install/setup.bash'
[6.021s] INFO:colcon.colcon_core.shell:Creating prefix script '/home/vedant/OdriveCANControl/install/local_setup.zsh'
[6.024s] INFO:colcon.colcon_core.shell:Creating prefix chain script '/home/vedant/OdriveCANControl/install/setup.zsh'
