[7.922s] Invoking command in '/home/vedant/OdriveCANControl/src/data_logging': PYTHONPATH=/home/vedant/OdriveCANControl/build/data_logging/prefix_override:/usr/lib/python3/dist-packages/colcon_core/task/python/colcon_distutils_commands:/home/vedant/OdriveCANControl/install/data_logging/lib/python3.10/site-packages:${PYTHONPATH} /usr/bin/python3 -W ignore:setup.py install is deprecated -W ignore:easy_install command is deprecated setup.py egg_info --egg-base ../../build/data_logging build --build-base /home/vedant/OdriveCANControl/build/data_logging/build install --record /home/vedant/OdriveCANControl/build/data_logging/install.log --single-version-externally-managed install_data
[10.561s] running egg_info
[10.579s] writing ../../build/data_logging/data_logging.egg-info/PKG-INFO
[10.580s] writing dependency_links to ../../build/data_logging/data_logging.egg-info/dependency_links.txt
[10.582s] writing entry points to ../../build/data_logging/data_logging.egg-info/entry_points.txt
[10.583s] writing requirements to ../../build/data_logging/data_logging.egg-info/requires.txt
[10.584s] writing top-level names to ../../build/data_logging/data_logging.egg-info/top_level.txt
[10.584s] reading manifest file '../../build/data_logging/data_logging.egg-info/SOURCES.txt'
[10.588s] writing manifest file '../../build/data_logging/data_logging.egg-info/SOURCES.txt'
[10.589s] running build
[10.592s] running build_py
[10.595s] running install
[10.601s] running install_lib
[10.609s] running install_data
[10.612s] running install_egg_info
[10.615s] removing '/home/vedant/OdriveCANControl/install/data_logging/lib/python3.10/site-packages/data_logging-0.0.0-py3.10.egg-info' (and everything under it)
[10.617s] Copying ../../build/data_logging/data_logging.egg-info to /home/vedant/OdriveCANControl/install/data_logging/lib/python3.10/site-packages/data_logging-0.0.0-py3.10.egg-info
[10.623s] running install_scripts
[10.728s] writing list of installed files to '/home/vedant/OdriveCANControl/build/data_logging/install.log'
[10.937s] Invoked command in '/home/vedant/OdriveCANControl/src/data_logging' returned '0': PYTHONPATH=/home/vedant/OdriveCANControl/build/data_logging/prefix_override:/usr/lib/python3/dist-packages/colcon_core/task/python/colcon_distutils_commands:/home/vedant/OdriveCANControl/install/data_logging/lib/python3.10/site-packages:${PYTHONPATH} /usr/bin/python3 -W ignore:setup.py install is deprecated -W ignore:easy_install command is deprecated setup.py egg_info --egg-base ../../build/data_logging build --build-base /home/vedant/OdriveCANControl/build/data_logging/build install --record /home/vedant/OdriveCANControl/build/data_logging/install.log --single-version-externally-managed install_data
