[3.455s] Invoking command in '/home/vedant/OdriveCANControl/src/controller': CMAKE_PREFIX_PATH=/home/vedant/OdriveCANControl/install/custom_msgs:/home/vedant/OdriveCANControl/install/robot_launch PYTHONPATH=/home/vedant/OdriveCANControl/build/controller/prefix_override:/usr/lib/python3/dist-packages/colcon_core/task/python/colcon_distutils_commands:/home/vedant/OdriveCANControl/install/controller/lib/python3.10/site-packages:${PYTHONPATH} /usr/bin/python3 -W ignore:setup.py install is deprecated -W ignore:easy_install command is deprecated setup.py egg_info --egg-base ../../build/controller build --build-base /home/vedant/OdriveCANControl/build/controller/build install --record /home/vedant/OdriveCANControl/build/controller/install.log --single-version-externally-managed install_data
[4.827s] running egg_info
[4.830s] writing ../../build/controller/controller.egg-info/PKG-INFO
[4.831s] writing dependency_links to ../../build/controller/controller.egg-info/dependency_links.txt
[4.833s] writing entry points to ../../build/controller/controller.egg-info/entry_points.txt
[4.834s] writing requirements to ../../build/controller/controller.egg-info/requires.txt
[4.835s] writing top-level names to ../../build/controller/controller.egg-info/top_level.txt
[4.844s] reading manifest file '../../build/controller/controller.egg-info/SOURCES.txt'
[4.849s] writing manifest file '../../build/controller/controller.egg-info/SOURCES.txt'
[4.850s] running build
[4.850s] running build_py
[4.851s] copying src/controller/impedance_control.py -> /home/vedant/OdriveCANControl/build/controller/build/lib/controller
[4.854s] running install
[4.856s] running install_lib
[4.861s] copying /home/vedant/OdriveCANControl/build/controller/build/lib/controller/impedance_control.py -> /home/vedant/OdriveCANControl/install/controller/lib/python3.10/site-packages/controller
[4.866s] byte-compiling /home/vedant/OdriveCANControl/install/controller/lib/python3.10/site-packages/controller/impedance_control.py to impedance_control.cpython-310.pyc
[4.870s] running install_data
[4.871s] copying config/impedance_params.yaml -> /home/vedant/OdriveCANControl/install/controller/share/controller/config
[4.872s] running install_egg_info
[4.882s] removing '/home/vedant/OdriveCANControl/install/controller/lib/python3.10/site-packages/controller-0.0.0-py3.10.egg-info' (and everything under it)
[4.884s] Copying ../../build/controller/controller.egg-info to /home/vedant/OdriveCANControl/install/controller/lib/python3.10/site-packages/controller-0.0.0-py3.10.egg-info
[4.891s] running install_scripts
[4.985s] Installing Impedance_Control script to /home/vedant/OdriveCANControl/install/controller/lib/controller
[4.987s] Installing friction_compensation_node script to /home/vedant/OdriveCANControl/install/controller/lib/controller
[4.988s] Installing odrive_controller script to /home/vedant/OdriveCANControl/install/controller/lib/controller
[4.990s] writing list of installed files to '/home/vedant/OdriveCANControl/build/controller/install.log'
[5.147s] Invoked command in '/home/vedant/OdriveCANControl/src/controller' returned '0': CMAKE_PREFIX_PATH=/home/vedant/OdriveCANControl/install/custom_msgs:/home/vedant/OdriveCANControl/install/robot_launch PYTHONPATH=/home/vedant/OdriveCANControl/build/controller/prefix_override:/usr/lib/python3/dist-packages/colcon_core/task/python/colcon_distutils_commands:/home/vedant/OdriveCANControl/install/controller/lib/python3.10/site-packages:${PYTHONPATH} /usr/bin/python3 -W ignore:setup.py install is deprecated -W ignore:easy_install command is deprecated setup.py egg_info --egg-base ../../build/controller build --build-base /home/vedant/OdriveCANControl/build/controller/build install --record /home/vedant/OdriveCANControl/build/controller/install.log --single-version-externally-managed install_data
