[2.424s] Invoking command in '/home/vedant/OdriveCANControl/src/odrive_control_py': PYTHONPATH=/home/vedant/OdriveCANControl/build/odrive_control_py/prefix_override:/usr/lib/python3/dist-packages/colcon_core/task/python/colcon_distutils_commands:/home/vedant/OdriveCANControl/install/odrive_control_py/lib/python3.10/site-packages:${PYTHONPATH} /usr/bin/python3 -W ignore:setup.py install is deprecated -W ignore:easy_install command is deprecated setup.py egg_info --egg-base ../../build/odrive_control_py build --build-base /home/vedant/OdriveCANControl/build/odrive_control_py/build install --record /home/vedant/OdriveCANControl/build/odrive_control_py/install.log --single-version-externally-managed install_data
[3.385s] running egg_info
[3.387s] writing ../../build/odrive_control_py/odrive_control_py.egg-info/PKG-INFO
[3.389s] writing dependency_links to ../../build/odrive_control_py/odrive_control_py.egg-info/dependency_links.txt
[3.390s] writing entry points to ../../build/odrive_control_py/odrive_control_py.egg-info/entry_points.txt
[3.391s] writing requirements to ../../build/odrive_control_py/odrive_control_py.egg-info/requires.txt
[3.391s] writing top-level names to ../../build/odrive_control_py/odrive_control_py.egg-info/top_level.txt
[3.399s] reading manifest file '../../build/odrive_control_py/odrive_control_py.egg-info/SOURCES.txt'
[3.404s] writing manifest file '../../build/odrive_control_py/odrive_control_py.egg-info/SOURCES.txt'
[3.404s] running build
[3.405s] running build_py
[3.409s] running install
[3.410s] running install_lib
[3.418s] running install_data
[3.419s] running install_egg_info
[3.426s] removing '/home/vedant/OdriveCANControl/install/odrive_control_py/lib/python3.10/site-packages/odrive_control_py-0.0.0-py3.10.egg-info' (and everything under it)
[3.427s] Copying ../../build/odrive_control_py/odrive_control_py.egg-info to /home/vedant/OdriveCANControl/install/odrive_control_py/lib/python3.10/site-packages/odrive_control_py-0.0.0-py3.10.egg-info
[3.433s] running install_scripts
[3.511s] Installing FCR_node script to /home/vedant/OdriveCANControl/install/odrive_control_py/lib/odrive_control_py
[3.512s] Installing data_recording_node script to /home/vedant/OdriveCANControl/install/odrive_control_py/lib/odrive_control_py
[3.513s] Installing encoder_read_node script to /home/vedant/OdriveCANControl/install/odrive_control_py/lib/odrive_control_py
[3.514s] Installing odrive_control_node script to /home/vedant/OdriveCANControl/install/odrive_control_py/lib/odrive_control_py
[3.516s] writing list of installed files to '/home/vedant/OdriveCANControl/build/odrive_control_py/install.log'
[3.632s] Invoked command in '/home/vedant/OdriveCANControl/src/odrive_control_py' returned '0': PYTHONPATH=/home/vedant/OdriveCANControl/build/odrive_control_py/prefix_override:/usr/lib/python3/dist-packages/colcon_core/task/python/colcon_distutils_commands:/home/vedant/OdriveCANControl/install/odrive_control_py/lib/python3.10/site-packages:${PYTHONPATH} /usr/bin/python3 -W ignore:setup.py install is deprecated -W ignore:easy_install command is deprecated setup.py egg_info --egg-base ../../build/odrive_control_py build --build-base /home/vedant/OdriveCANControl/build/odrive_control_py/build install --record /home/vedant/OdriveCANControl/build/odrive_control_py/install.log --single-version-externally-managed install_data
